<?xml version="1.0" encoding="UTF-8"?>
<testsuite xmlns:xsi="http://www.w3.org/2001/XMLSchema-instance" xsi:noNamespaceSchemaLocation="https://maven.apache.org/surefire/maven-failsafe-plugin/xsd/failsafe-test-report-3.0.xsd" version="3.0" name="Starter.CucumberTestSuite" time="445.005" tests="12" errors="0" skipped="0" failures="0">
  <properties>
    <property name="sun.desktop" value="windows"/>
    <property name="awt.toolkit" value="sun.awt.windows.WToolkit"/>
    <property name="java.specification.version" value="1.8"/>
    <property name="file.encoding.pkg" value="sun.io"/>
    <property name="webdriver.chrome.driver" value="src/test/resources/webdriver/chromedriver.exe"/>
    <property name="sun.cpu.isalist" value="pentium_pro+mmx pentium_pro pentium+mmx pentium i486 i386 i86"/>
    <property name="sun.jnu.encoding" value="Cp1252"/>
    <property name="java.class.path" value="C:\Users\USER\IdeaProjects\Capston_webtesting\target\test-classes;C:\Users\USER\IdeaProjects\Capston_webtesting\target\Capston_webtesting-1.0-SNAPSHOT.jar;C:\Users\USER\.m2\repository\net\serenity-bdd\serenity-core\3.6.21\serenity-core-3.6.21.jar;C:\Users\USER\.m2\repository\net\serenity-bdd\serenity-model\3.6.21\serenity-model-3.6.21.jar;C:\Users\USER\.m2\repository\org\apache\commons\commons-text\1.10.0\commons-text-1.10.0.jar;C:\Users\USER\.m2\repository\commons-net\commons-net\3.9.0\commons-net-3.9.0.jar;C:\Users\USER\.m2\repository\com\google\guava\guava\31.1-jre\guava-31.1-jre.jar;C:\Users\USER\.m2\repository\com\google\guava\failureaccess\1.0.1\failureaccess-1.0.1.jar;C:\Users\USER\.m2\repository\com\google\guava\listenablefuture\9999.0-empty-to-avoid-conflict-with-guava\listenablefuture-9999.0-empty-to-avoid-conflict-with-guava.jar;C:\Users\USER\.m2\repository\com\google\code\findbugs\jsr305\3.0.2\jsr305-3.0.2.jar;C:\Users\USER\.m2\repository\org\checkerframework\checker-qual\3.12.0\checker-qual-3.12.0.jar;C:\Users\USER\.m2\repository\com\google\errorprone\error_prone_annotations\2.11.0\error_prone_annotations-2.11.0.jar;C:\Users\USER\.m2\repository\com\google\j2objc\j2objc-annotations\1.3\j2objc-annotations-1.3.jar;C:\Users\USER\.m2\repository\com\google\inject\guice\5.1.0\guice-5.1.0.jar;C:\Users\USER\.m2\repository\javax\inject\javax.inject\1\javax.inject-1.jar;C:\Users\USER\.m2\repository\aopalliance\aopalliance\1.0\aopalliance-1.0.jar;C:\Users\USER\.m2\repository\org\jsoup\jsoup\1.14.3\jsoup-1.14.3.jar;C:\Users\USER\.m2\repository\com\thoughtworks\xstream\xstream\1.4.20\xstream-1.4.20.jar;C:\Users\USER\.m2\repository\io\github\x-stream\mxparser\1.2.2\mxparser-1.2.2.jar;C:\Users\USER\.m2\repository\xmlpull\xmlpull\1.1.3.1\xmlpull-1.1.3.1.jar;C:\Users\USER\.m2\repository\com\typesafe\config\1.4.2\config-1.4.2.jar;C:\Users\USER\.m2\repository\org\imgscalr\imgscalr-lib\4.2\imgscalr-lib-4.2.jar;C:\Users\USER\.m2\repository\org\awaitility\awaitility\4.2.0\awaitility-4.2.0.jar;C:\Users\USER\.m2\repository\org\freemarker\freemarker\2.3.31\freemarker-2.3.31.jar;C:\Users\USER\.m2\repository\io\github\classgraph\classgraph\4.8.138\classgraph-4.8.138.jar;C:\Users\USER\.m2\repository\net\sourceforge\jexcelapi\jxl\2.6.12\jxl-2.6.12.jar;C:\Users\USER\.m2\repository\net\bytebuddy\byte-buddy-agent\1.14.2\byte-buddy-agent-1.14.2.jar;C:\Users\USER\.m2\repository\org\objenesis\objenesis\3.3\objenesis-3.3.jar;C:\Users\USER\.m2\repository\net\serenity-bdd\serenity-reports\3.6.21\serenity-reports-3.6.21.jar;C:\Users\USER\.m2\repository\net\serenity-bdd\serenity-stats\3.6.21\serenity-stats-3.6.21.jar;C:\Users\USER\.m2\repository\net\serenity-bdd\serenity-reports-configuration\3.6.21\serenity-reports-configuration-3.6.21.jar;C:\Users\USER\.m2\repository\com\vladsch\flexmark\flexmark-all\0.62.2\flexmark-all-0.62.2.jar;C:\Users\USER\.m2\repository\com\vladsch\flexmark\flexmark\0.62.2\flexmark-0.62.2.jar;C:\Users\USER\.m2\repository\com\vladsch\flexmark\flexmark-ext-abbreviation\0.62.2\flexmark-ext-abbreviation-0.62.2.jar;C:\Users\USER\.m2\repository\com\vladsch\flexmark\flexmark-util\0.62.2\flexmark-util-0.62.2.jar;C:\Users\USER\.m2\repository\com\vladsch\flexmark\flexmark-ext-admonition\0.62.2\flexmark-ext-admonition-0.62.2.jar;C:\Users\USER\.m2\repository\com\vladsch\flexmark\flexmark-ext-anchorlink\0.62.2\flexmark-ext-anchorlink-0.62.2.jar;C:\Users\USER\.m2\repository\com\vladsch\flexmark\flexmark-ext-aside\0.62.2\flexmark-ext-aside-0.62.2.jar;C:\Users\USER\.m2\repository\com\vladsch\flexmark\flexmark-ext-attributes\0.62.2\flexmark-ext-attributes-0.62.2.jar;C:\Users\USER\.m2\repository\com\vladsch\flexmark\flexmark-ext-autolink\0.62.2\flexmark-ext-autolink-0.62.2.jar;C:\Users\USER\.m2\repository\org\nibor\autolink\autolink\0.6.0\autolink-0.6.0.jar;C:\Users\USER\.m2\repository\com\vladsch\flexmark\flexmark-ext-definition\0.62.2\flexmark-ext-definition-0.62.2.jar;C:\Users\USER\.m2\repository\com\vladsch\flexmark\flexmark-ext-emoji\0.62.2\flexmark-ext-emoji-0.62.2.jar;C:\Users\USER\.m2\repository\com\vladsch\flexmark\flexmark-ext-enumerated-reference\0.62.2\flexmark-ext-enumerated-reference-0.62.2.jar;C:\Users\USER\.m2\repository\com\vladsch\flexmark\flexmark-ext-escaped-character\0.62.2\flexmark-ext-escaped-character-0.62.2.jar;C:\Users\USER\.m2\repository\com\vladsch\flexmark\flexmark-ext-footnotes\0.62.2\flexmark-ext-footnotes-0.62.2.jar;C:\Users\USER\.m2\repository\com\vladsch\flexmark\flexmark-ext-gfm-issues\0.62.2\flexmark-ext-gfm-issues-0.62.2.jar;C:\Users\USER\.m2\repository\com\vladsch\flexmark\flexmark-ext-gfm-strikethrough\0.62.2\flexmark-ext-gfm-strikethrough-0.62.2.jar;C:\Users\USER\.m2\repository\com\vladsch\flexmark\flexmark-ext-gfm-tasklist\0.62.2\flexmark-ext-gfm-tasklist-0.62.2.jar;C:\Users\USER\.m2\repository\com\vladsch\flexmark\flexmark-ext-gfm-users\0.62.2\flexmark-ext-gfm-users-0.62.2.jar;C:\Users\USER\.m2\repository\com\vladsch\flexmark\flexmark-ext-gitlab\0.62.2\flexmark-ext-gitlab-0.62.2.jar;C:\Users\USER\.m2\repository\com\vladsch\flexmark\flexmark-ext-jekyll-front-matter\0.62.2\flexmark-ext-jekyll-front-matter-0.62.2.jar;C:\Users\USER\.m2\repository\com\vladsch\flexmark\flexmark-ext-jekyll-tag\0.62.2\flexmark-ext-jekyll-tag-0.62.2.jar;C:\Users\USER\.m2\repository\com\vladsch\flexmark\flexmark-ext-media-tags\0.62.2\flexmark-ext-media-tags-0.62.2.jar;C:\Users\USER\.m2\repository\com\vladsch\flexmark\flexmark-ext-macros\0.62.2\flexmark-ext-macros-0.62.2.jar;C:\Users\USER\.m2\repository\com\vladsch\flexmark\flexmark-ext-ins\0.62.2\flexmark-ext-ins-0.62.2.jar;C:\Users\USER\.m2\repository\com\vladsch\flexmark\flexmark-ext-xwiki-macros\0.62.2\flexmark-ext-xwiki-macros-0.62.2.jar;C:\Users\USER\.m2\repository\com\vladsch\flexmark\flexmark-ext-superscript\0.62.2\flexmark-ext-superscript-0.62.2.jar;C:\Users\USER\.m2\repository\com\vladsch\flexmark\flexmark-ext-tables\0.62.2\flexmark-ext-tables-0.62.2.jar;C:\Users\USER\.m2\repository\com\vladsch\flexmark\flexmark-ext-toc\0.62.2\flexmark-ext-toc-0.62.2.jar;C:\Users\USER\.m2\repository\com\vladsch\flexmark\flexmark-ext-typographic\0.62.2\flexmark-ext-typographic-0.62.2.jar;C:\Users\USER\.m2\repository\com\vladsch\flexmark\flexmark-ext-wikilink\0.62.2\flexmark-ext-wikilink-0.62.2.jar;C:\Users\USER\.m2\repository\com\vladsch\flexmark\flexmark-ext-yaml-front-matter\0.62.2\flexmark-ext-yaml-front-matter-0.62.2.jar;C:\Users\USER\.m2\repository\com\vladsch\flexmark\flexmark-ext-youtube-embedded\0.62.2\flexmark-ext-youtube-embedded-0.62.2.jar;C:\Users\USER\.m2\repository\com\vladsch\flexmark\flexmark-html2md-converter\0.62.2\flexmark-html2md-converter-0.62.2.jar;C:\Users\USER\.m2\repository\com\vladsch\flexmark\flexmark-jira-converter\0.62.2\flexmark-jira-converter-0.62.2.jar;C:\Users\USER\.m2\repository\com\vladsch\flexmark\flexmark-pdf-converter\0.62.2\flexmark-pdf-converter-0.62.2.jar;C:\Users\USER\.m2\repository\com\openhtmltopdf\openhtmltopdf-core\1.0.0\openhtmltopdf-core-1.0.0.jar;C:\Users\USER\.m2\repository\com\openhtmltopdf\openhtmltopdf-pdfbox\1.0.0\openhtmltopdf-pdfbox-1.0.0.jar;C:\Users\USER\.m2\repository\org\apache\pdfbox\pdfbox\2.0.16\pdfbox-2.0.16.jar;C:\Users\USER\.m2\repository\org\apache\pdfbox\fontbox\2.0.16\fontbox-2.0.16.jar;C:\Users\USER\.m2\repository\org\apache\pdfbox\xmpbox\2.0.16\xmpbox-2.0.16.jar;C:\Users\USER\.m2\repository\de\rototor\pdfbox\graphics2d\0.24\graphics2d-0.24.jar;C:\Users\USER\.m2\repository\com\openhtmltopdf\openhtmltopdf-rtl-support\1.0.0\openhtmltopdf-rtl-support-1.0.0.jar;C:\Users\USER\.m2\repository\com\openhtmltopdf\openhtmltopdf-jsoup-dom-converter\1.0.0\openhtmltopdf-jsoup-dom-converter-1.0.0.jar;C:\Users\USER\.m2\repository\com\vladsch\flexmark\flexmark-profile-pegdown\0.62.2\flexmark-profile-pegdown-0.62.2.jar;C:\Users\USER\.m2\repository\com\vladsch\flexmark\flexmark-util-ast\0.62.2\flexmark-util-ast-0.62.2.jar;C:\Users\USER\.m2\repository\com\vladsch\flexmark\flexmark-util-builder\0.62.2\flexmark-util-builder-0.62.2.jar;C:\Users\USER\.m2\repository\com\vladsch\flexmark\flexmark-util-collection\0.62.2\flexmark-util-collection-0.62.2.jar;C:\Users\USER\.m2\repository\com\vladsch\flexmark\flexmark-util-data\0.62.2\flexmark-util-data-0.62.2.jar;C:\Users\USER\.m2\repository\com\vladsch\flexmark\flexmark-util-dependency\0.62.2\flexmark-util-dependency-0.62.2.jar;C:\Users\USER\.m2\repository\com\vladsch\flexmark\flexmark-util-format\0.62.2\flexmark-util-format-0.62.2.jar;C:\Users\USER\.m2\repository\com\vladsch\flexmark\flexmark-util-html\0.62.2\flexmark-util-html-0.62.2.jar;C:\Users\USER\.m2\repository\com\vladsch\flexmark\flexmark-util-misc\0.62.2\flexmark-util-misc-0.62.2.jar;C:\Users\USER\.m2\repository\com\vladsch\flexmark\flexmark-util-options\0.62.2\flexmark-util-options-0.62.2.jar;C:\Users\USER\.m2\repository\com\vladsch\flexmark\flexmark-util-sequence\0.62.2\flexmark-util-sequence-0.62.2.jar;C:\Users\USER\.m2\repository\com\vladsch\flexmark\flexmark-util-visitor\0.62.2\flexmark-util-visitor-0.62.2.jar;C:\Users\USER\.m2\repository\com\vladsch\flexmark\flexmark-youtrack-converter\0.62.2\flexmark-youtrack-converter-0.62.2.jar;C:\Users\USER\.m2\repository\com\ibm\icu\icu4j\72.1\icu4j-72.1.jar;C:\Users\USER\.m2\repository\es\nitaur\markdown\txtmark\0.16\txtmark-0.16.jar;C:\Users\USER\.m2\repository\net\serenity-bdd\serenity-report-resources\3.6.21\serenity-report-resources-3.6.21.jar;C:\Users\USER\.m2\repository\com\google\code\gson\gson\2.10.1\gson-2.10.1.jar;C:\Users\USER\.m2\repository\com\fasterxml\jackson\core\jackson-core\2.15.0-rc1\jackson-core-2.15.0-rc1.jar;C:\Users\USER\.m2\repository\com\fasterxml\jackson\core\jackson-databind\2.15.0-rc1\jackson-databind-2.15.0-rc1.jar;C:\Users\USER\.m2\repository\com\fasterxml\jackson\core\jackson-annotations\2.15.0-rc1\jackson-annotations-2.15.0-rc1.jar;C:\Users\USER\.m2\repository\commons-codec\commons-codec\1.15\commons-codec-1.15.jar;C:\Users\USER\.m2\repository\commons-io\commons-io\2.11.0\commons-io-2.11.0.jar;C:\Users\USER\.m2\repository\org\apache\httpcomponents\httpclient\4.5.13\httpclient-4.5.13.jar;C:\Users\USER\.m2\repository\org\apache\httpcomponents\httpcore\4.4.13\httpcore-4.4.13.jar;C:\Users\USER\.m2\repository\commons-logging\commons-logging\1.2\commons-logging-1.2.jar;C:\Users\USER\.m2\repository\org\seleniumhq\selenium\selenium-java\4.8.1\selenium-java-4.8.1.jar;C:\Users\USER\.m2\repository\org\seleniumhq\selenium\selenium-devtools-v108\4.8.1\selenium-devtools-v108-4.8.1.jar;C:\Users\USER\.m2\repository\org\seleniumhq\selenium\selenium-devtools-v109\4.8.1\selenium-devtools-v109-4.8.1.jar;C:\Users\USER\.m2\repository\org\seleniumhq\selenium\selenium-devtools-v110\4.8.1\selenium-devtools-v110-4.8.1.jar;C:\Users\USER\.m2\repository\org\seleniumhq\selenium\selenium-devtools-v85\4.8.1\selenium-devtools-v85-4.8.1.jar;C:\Users\USER\.m2\repository\org\seleniumhq\selenium\selenium-remote-driver\4.8.1\selenium-remote-driver-4.8.1.jar;C:\Users\USER\.m2\repository\com\beust\jcommander\1.82\jcommander-1.82.jar;C:\Users\USER\.m2\repository\io\netty\netty-buffer\4.1.87.Final\netty-buffer-4.1.87.Final.jar;C:\Users\USER\.m2\repository\io\netty\netty-codec-http\4.1.87.Final\netty-codec-http-4.1.87.Final.jar;C:\Users\USER\.m2\repository\io\netty\netty-codec\4.1.87.Final\netty-codec-4.1.87.Final.jar;C:\Users\USER\.m2\repository\io\netty\netty-handler\4.1.87.Final\netty-handler-4.1.87.Final.jar;C:\Users\USER\.m2\repository\io\netty\netty-common\4.1.87.Final\netty-common-4.1.87.Final.jar;C:\Users\USER\.m2\repository\io\netty\netty-transport-classes-epoll\4.1.87.Final\netty-transport-classes-epoll-4.1.87.Final.jar;C:\Users\USER\.m2\repository\io\netty\netty-transport-classes-kqueue\4.1.87.Final\netty-transport-classes-kqueue-4.1.87.Final.jar;C:\Users\USER\.m2\repository\io\netty\netty-transport-native-epoll\4.1.87.Final\netty-transport-native-epoll-4.1.87.Final.jar;C:\Users\USER\.m2\repository\io\netty\netty-transport-native-kqueue\4.1.87.Final\netty-transport-native-kqueue-4.1.87.Final.jar;C:\Users\USER\.m2\repository\io\netty\netty-transport-native-unix-common\4.1.87.Final\netty-transport-native-unix-common-4.1.87.Final.jar;C:\Users\USER\.m2\repository\io\netty\netty-transport\4.1.87.Final\netty-transport-4.1.87.Final.jar;C:\Users\USER\.m2\repository\io\netty\netty-resolver\4.1.87.Final\netty-resolver-4.1.87.Final.jar;C:\Users\USER\.m2\repository\io\opentelemetry\opentelemetry-api\1.22.0\opentelemetry-api-1.22.0.jar;C:\Users\USER\.m2\repository\io\opentelemetry\opentelemetry-context\1.22.0\opentelemetry-context-1.22.0.jar;C:\Users\USER\.m2\repository\io\opentelemetry\opentelemetry-exporter-logging\1.22.0\opentelemetry-exporter-logging-1.22.0.jar;C:\Users\USER\.m2\repository\io\opentelemetry\opentelemetry-sdk-metrics\1.22.0\opentelemetry-sdk-metrics-1.22.0.jar;C:\Users\USER\.m2\repository\io\opentelemetry\opentelemetry-sdk-logs\1.22.0-alpha\opentelemetry-sdk-logs-1.22.0-alpha.jar;C:\Users\USER\.m2\repository\io\opentelemetry\opentelemetry-api-logs\1.22.0-alpha\opentelemetry-api-logs-1.22.0-alpha.jar;C:\Users\USER\.m2\repository\io\opentelemetry\opentelemetry-sdk-common\1.22.0\opentelemetry-sdk-common-1.22.0.jar;C:\Users\USER\.m2\repository\io\opentelemetry\opentelemetry-sdk-extension-autoconfigure-spi\1.22.0\opentelemetry-sdk-extension-autoconfigure-spi-1.22.0.jar;C:\Users\USER\.m2\repository\io\opentelemetry\opentelemetry-sdk-extension-autoconfigure\1.22.0-alpha\opentelemetry-sdk-extension-autoconfigure-1.22.0-alpha.jar;C:\Users\USER\.m2\repository\io\opentelemetry\opentelemetry-sdk-trace\1.22.0\opentelemetry-sdk-trace-1.22.0.jar;C:\Users\USER\.m2\repository\io\opentelemetry\opentelemetry-sdk\1.22.0\opentelemetry-sdk-1.22.0.jar;C:\Users\USER\.m2\repository\io\opentelemetry\opentelemetry-semconv\1.22.0-alpha\opentelemetry-semconv-1.22.0-alpha.jar;C:\Users\USER\.m2\repository\io\ous\jtoml\2.0.0\jtoml-2.0.0.jar;C:\Users\USER\.m2\repository\org\apache\commons\commons-exec\1.3\commons-exec-1.3.jar;C:\Users\USER\.m2\repository\org\asynchttpclient\async-http-client\2.12.3\async-http-client-2.12.3.jar;C:\Users\USER\.m2\repository\org\asynchttpclient\async-http-client-netty-utils\2.12.3\async-http-client-netty-utils-2.12.3.jar;C:\Users\USER\.m2\repository\io\netty\netty-codec-socks\4.1.60.Final\netty-codec-socks-4.1.60.Final.jar;C:\Users\USER\.m2\repository\io\netty\netty-handler-proxy\4.1.60.Final\netty-handler-proxy-4.1.60.Final.jar;C:\Users\USER\.m2\repository\io\netty\netty-transport-native-epoll\4.1.60.Final\netty-transport-native-epoll-4.1.60.Final-linux-x86_64.jar;C:\Users\USER\.m2\repository\io\netty\netty-transport-native-kqueue\4.1.60.Final\netty-transport-native-kqueue-4.1.60.Final-osx-x86_64.jar;C:\Users\USER\.m2\repository\org\reactivestreams\reactive-streams\1.0.3\reactive-streams-1.0.3.jar;C:\Users\USER\.m2\repository\com\typesafe\netty\netty-reactive-streams\2.0.4\netty-reactive-streams-2.0.4.jar;C:\Users\USER\.m2\repository\org\seleniumhq\selenium\selenium-manager\4.8.1\selenium-manager-4.8.1.jar;C:\Users\USER\.m2\repository\org\seleniumhq\selenium\selenium-safari-driver\4.8.1\selenium-safari-driver-4.8.1.jar;C:\Users\USER\.m2\repository\org\seleniumhq\selenium\selenium-api\4.8.1\selenium-api-4.8.1.jar;C:\Users\USER\.m2\repository\org\seleniumhq\selenium\selenium-support\4.8.1\selenium-support-4.8.1.jar;C:\Users\USER\.m2\repository\com\google\auto\service\auto-service-annotations\1.0.1\auto-service-annotations-1.0.1.jar;C:\Users\USER\.m2\repository\com\google\auto\service\auto-service\1.0.1\auto-service-1.0.1.jar;C:\Users\USER\.m2\repository\com\google\auto\auto-common\1.2\auto-common-1.2.jar;C:\Users\USER\.m2\repository\org\seleniumhq\selenium\selenium-json\4.8.1\selenium-json-4.8.1.jar;C:\Users\USER\.m2\repository\org\seleniumhq\selenium\selenium-chrome-driver\4.8.1\selenium-chrome-driver-4.8.1.jar;C:\Users\USER\.m2\repository\org\seleniumhq\selenium\selenium-chromium-driver\4.8.1\selenium-chromium-driver-4.8.1.jar;C:\Users\USER\.m2\repository\org\seleniumhq\selenium\selenium-firefox-driver\4.8.1\selenium-firefox-driver-4.8.1.jar;C:\Users\USER\.m2\repository\org\seleniumhq\selenium\selenium-http\4.8.1\selenium-http-4.8.1.jar;C:\Users\USER\.m2\repository\dev\failsafe\failsafe\3.3.0\failsafe-3.3.0.jar;C:\Users\USER\.m2\repository\org\seleniumhq\selenium\selenium-edge-driver\4.8.1\selenium-edge-driver-4.8.1.jar;C:\Users\USER\.m2\repository\org\seleniumhq\selenium\selenium-ie-driver\4.8.1\selenium-ie-driver-4.8.1.jar;C:\Users\USER\.m2\repository\org\projectlombok\lombok\1.18.20\lombok-1.18.20.jar;C:\Users\USER\.m2\repository\io\appium\java-client\8.3.0\java-client-8.3.0.jar;C:\Users\USER\.m2\repository\commons-validator\commons-validator\1.7\commons-validator-1.7.jar;C:\Users\USER\.m2\repository\commons-digester\commons-digester\2.1\commons-digester-2.1.jar;C:\Users\USER\.m2\repository\org\apache\groovy\groovy\4.0.10\groovy-4.0.10.jar;C:\Users\USER\.m2\repository\net\sf\opencsv\opencsv\2.0\opencsv-2.0.jar;C:\Users\USER\.m2\repository\commons-beanutils\commons-beanutils\1.9.4\commons-beanutils-1.9.4.jar;C:\Users\USER\.m2\repository\org\apache\commons\commons-lang3\3.12.0\commons-lang3-3.12.0.jar;C:\Users\USER\.m2\repository\commons-collections\commons-collections\3.2.2\commons-collections-3.2.2.jar;C:\Users\USER\.m2\repository\org\fluentlenium\fluentlenium-core\0.10.2\fluentlenium-core-0.10.2.jar;C:\Users\USER\.m2\repository\io\github\bonigarcia\webdrivermanager\5.3.0\webdrivermanager-5.3.0.jar;C:\Users\USER\.m2\repository\com\github\docker-java\docker-java\3.2.13\docker-java-3.2.13.jar;C:\Users\USER\.m2\repository\com\github\docker-java\docker-java-core\3.2.13\docker-java-core-3.2.13.jar;C:\Users\USER\.m2\repository\com\github\docker-java\docker-java-api\3.2.13\docker-java-api-3.2.13.jar;C:\Users\USER\.m2\repository\org\apache\commons\commons-compress\1.21\commons-compress-1.21.jar;C:\Users\USER\.m2\repository\org\bouncycastle\bcpkix-jdk15on\1.64\bcpkix-jdk15on-1.64.jar;C:\Users\USER\.m2\repository\org\bouncycastle\bcprov-jdk15on\1.64\bcprov-jdk15on-1.64.jar;C:\Users\USER\.m2\repository\org\slf4j\jcl-over-slf4j\1.7.30\jcl-over-slf4j-1.7.30.jar;C:\Users\USER\.m2\repository\com\github\docker-java\docker-java-transport-httpclient5\3.2.13\docker-java-transport-httpclient5-3.2.13.jar;C:\Users\USER\.m2\repository\com\github\docker-java\docker-java-transport\3.2.13\docker-java-transport-3.2.13.jar;C:\Users\USER\.m2\repository\net\java\dev\jna\jna\5.8.0\jna-5.8.0.jar;C:\Users\USER\.m2\repository\org\brotli\dec\0.1.2\dec-0.1.2.jar;C:\Users\USER\.m2\repository\org\apache\httpcomponents\client5\httpclient5\5.1.3\httpclient5-5.1.3.jar;C:\Users\USER\.m2\repository\org\apache\httpcomponents\core5\httpcore5\5.1.3\httpcore5-5.1.3.jar;C:\Users\USER\.m2\repository\org\apache\httpcomponents\core5\httpcore5-h2\5.1.3\httpcore5-h2-5.1.3.jar;C:\Users\USER\.m2\repository\com\jhlabs\filters\2.0.235\filters-2.0.235.jar;C:\Users\USER\.m2\repository\com\paulhammant\ngwebdriver\1.1.6\ngwebdriver-1.1.6.jar;C:\Users\USER\.m2\repository\joda-time\joda-time\2.12.2\joda-time-2.12.2.jar;C:\Users\USER\.m2\repository\org\hamcrest\hamcrest\2.2\hamcrest-2.2.jar;C:\Users\USER\.m2\repository\com\google\jimfs\jimfs\1.2\jimfs-1.2.jar;C:\Users\USER\.m2\repository\org\mockito\mockito-core\3.3.3\mockito-core-3.3.3.jar;C:\Users\USER\.m2\repository\javax\xml\bind\jaxb-api\2.3.1\jaxb-api-2.3.1.jar;C:\Users\USER\.m2\repository\javax\activation\javax.activation-api\1.2.0\javax.activation-api-1.2.0.jar;C:\Users\USER\.m2\repository\com\sun\xml\bind\jaxb-core\2.3.0.1\jaxb-core-2.3.0.1.jar;C:\Users\USER\.m2\repository\com\sun\xml\bind\jaxb-impl\2.3.3\jaxb-impl-2.3.3.jar;C:\Users\USER\.m2\repository\jakarta\xml\bind\jakarta.xml.bind-api\2.3.3\jakarta.xml.bind-api-2.3.3.jar;C:\Users\USER\.m2\repository\com\sun\activation\jakarta.activation\1.2.2\jakarta.activation-1.2.2.jar;C:\Users\USER\.m2\repository\javax\activation\activation\1.1.1\activation-1.1.1.jar;C:\Users\USER\.m2\repository\net\serenity-bdd\serenity-cucumber\3.6.21\serenity-cucumber-3.6.21.jar;C:\Users\USER\.m2\repository\io\cucumber\cucumber-core\7.11.0\cucumber-core-7.11.0.jar;C:\Users\USER\.m2\repository\io\cucumber\cucumber-gherkin\7.11.0\cucumber-gherkin-7.11.0.jar;C:\Users\USER\.m2\repository\io\cucumber\cucumber-gherkin-messages\7.11.0\cucumber-gherkin-messages-7.11.0.jar;C:\Users\USER\.m2\repository\io\cucumber\gherkin\26.0.3\gherkin-26.0.3.jar;C:\Users\USER\.m2\repository\io\cucumber\messages\21.0.1\messages-21.0.1.jar;C:\Users\USER\.m2\repository\io\cucumber\tag-expressions\5.0.1\tag-expressions-5.0.1.jar;C:\Users\USER\.m2\repository\io\cucumber\cucumber-expressions\16.1.1\cucumber-expressions-16.1.1.jar;C:\Users\USER\.m2\repository\io\cucumber\datatable\7.11.0\datatable-7.11.0.jar;C:\Users\USER\.m2\repository\io\cucumber\cucumber-plugin\7.11.0\cucumber-plugin-7.11.0.jar;C:\Users\USER\.m2\repository\io\cucumber\docstring\7.11.0\docstring-7.11.0.jar;C:\Users\USER\.m2\repository\io\cucumber\html-formatter\20.2.1\html-formatter-20.2.1.jar;C:\Users\USER\.m2\repository\io\cucumber\junit-xml-formatter\0.1.0\junit-xml-formatter-0.1.0.jar;C:\Users\USER\.m2\repository\io\cucumber\ci-environment\9.1.0\ci-environment-9.1.0.jar;C:\Users\USER\.m2\repository\io\cucumber\cucumber-java\7.11.0\cucumber-java-7.11.0.jar;C:\Users\USER\.m2\repository\io\cucumber\cucumber-junit\7.11.0\cucumber-junit-7.11.0.jar;C:\Users\USER\.m2\repository\org\apache\commons\commons-csv\1.5\commons-csv-1.5.jar;C:\Users\USER\.m2\repository\net\serenity-bdd\serenity-screenplay\3.6.21\serenity-screenplay-3.6.21.jar;C:\Users\USER\.m2\repository\net\serenity-bdd\serenity-screenplay-webdriver\3.6.21\serenity-screenplay-webdriver-3.6.21.jar;C:\Users\USER\.m2\repository\net\serenity-bdd\serenity-ensure\3.6.21\serenity-ensure-3.6.21.jar;C:\Users\USER\.m2\repository\net\serenity-bdd\serenity-junit\3.6.21\serenity-junit-3.6.21.jar;C:\Users\USER\.m2\repository\org\jetbrains\kotlin\kotlin-stdlib\1.8.10\kotlin-stdlib-1.8.10.jar;C:\Users\USER\.m2\repository\org\jetbrains\kotlin\kotlin-stdlib-common\1.8.10\kotlin-stdlib-common-1.8.10.jar;C:\Users\USER\.m2\repository\org\jetbrains\annotations\13.0\annotations-13.0.jar;C:\Users\USER\.m2\repository\org\junit\platform\junit-platform-launcher\1.8.2\junit-platform-launcher-1.8.2.jar;C:\Users\USER\.m2\repository\org\junit\platform\junit-platform-engine\1.8.2\junit-platform-engine-1.8.2.jar;C:\Users\USER\.m2\repository\org\opentest4j\opentest4j\1.2.0\opentest4j-1.2.0.jar;C:\Users\USER\.m2\repository\org\junit\platform\junit-platform-commons\1.8.2\junit-platform-commons-1.8.2.jar;C:\Users\USER\.m2\repository\org\apiguardian\apiguardian-api\1.1.2\apiguardian-api-1.1.2.jar;C:\Users\USER\.m2\repository\org\junit\jupiter\junit-jupiter-engine\5.8.2\junit-jupiter-engine-5.8.2.jar;C:\Users\USER\.m2\repository\org\junit\jupiter\junit-jupiter-api\5.8.2\junit-jupiter-api-5.8.2.jar;C:\Users\USER\.m2\repository\org\junit\vintage\junit-vintage-engine\5.8.2\junit-vintage-engine-5.8.2.jar;C:\Users\USER\.m2\repository\junit\junit\4.13.2\junit-4.13.2.jar;C:\Users\USER\.m2\repository\org\hamcrest\hamcrest-core\1.3\hamcrest-core-1.3.jar;C:\Users\USER\.m2\repository\ch\qos\logback\logback-classic\1.2.10\logback-classic-1.2.10.jar;C:\Users\USER\.m2\repository\ch\qos\logback\logback-core\1.2.10\logback-core-1.2.10.jar;C:\Users\USER\.m2\repository\org\slf4j\slf4j-api\1.7.32\slf4j-api-1.7.32.jar;C:\Users\USER\.m2\repository\org\assertj\assertj-core\3.23.1\assertj-core-3.23.1.jar;C:\Users\USER\.m2\repository\net\bytebuddy\byte-buddy\1.12.10\byte-buddy-1.12.10.jar;C:\Users\USER\.m2\repository\com\github\javafaker\javafaker\1.0.2\javafaker-1.0.2.jar;C:\Users\USER\.m2\repository\org\yaml\snakeyaml\1.23\snakeyaml-1.23-android.jar;C:\Users\USER\.m2\repository\com\github\mifmif\generex\1.0.2\generex-1.0.2.jar;C:\Users\USER\.m2\repository\dk\brics\automaton\automaton\1.11-8\automaton-1.11-8.jar;"/>
    <property name="java.vm.vendor" value="Oracle Corporation"/>
    <property name="sun.arch.data.model" value="32"/>
    <property name="user.variant" value=""/>
    <property name="java.vendor.url" value="http://java.oracle.com/"/>
    <property name="user.timezone" value="Asia/Bangkok"/>
    <property name="java.vm.specification.version" value="1.8"/>
    <property name="os.name" value="Windows 8.1"/>
    <property name="user.country" value="US"/>
    <property name="sun.java.launcher" value="SUN_STANDARD"/>
    <property name="sun.boot.library.path" value="C:\Program Files (x86)\Java\jdk1.8.0_31\jre\bin"/>
    <property name="sun.java.command" value="C:\Users\USER\AppData\Local\Temp\surefire6797038650395951636\surefirebooter3120604708680413023.jar C:\Users\USER\AppData\Local\Temp\surefire6797038650395951636 2023-06-25T16-12-10_248-jvmRun1 surefire8722320536029195603tmp surefire_04279337839853210790tmp"/>
    <property name="surefire.test.class.path" value="C:\Users\USER\IdeaProjects\Capston_webtesting\target\test-classes;C:\Users\USER\IdeaProjects\Capston_webtesting\target\Capston_webtesting-1.0-SNAPSHOT.jar;C:\Users\USER\.m2\repository\net\serenity-bdd\serenity-core\3.6.21\serenity-core-3.6.21.jar;C:\Users\USER\.m2\repository\net\serenity-bdd\serenity-model\3.6.21\serenity-model-3.6.21.jar;C:\Users\USER\.m2\repository\org\apache\commons\commons-text\1.10.0\commons-text-1.10.0.jar;C:\Users\USER\.m2\repository\commons-net\commons-net\3.9.0\commons-net-3.9.0.jar;C:\Users\USER\.m2\repository\com\google\guava\guava\31.1-jre\guava-31.1-jre.jar;C:\Users\USER\.m2\repository\com\google\guava\failureaccess\1.0.1\failureaccess-1.0.1.jar;C:\Users\USER\.m2\repository\com\google\guava\listenablefuture\9999.0-empty-to-avoid-conflict-with-guava\listenablefuture-9999.0-empty-to-avoid-conflict-with-guava.jar;C:\Users\USER\.m2\repository\com\google\code\findbugs\jsr305\3.0.2\jsr305-3.0.2.jar;C:\Users\USER\.m2\repository\org\checkerframework\checker-qual\3.12.0\checker-qual-3.12.0.jar;C:\Users\USER\.m2\repository\com\google\errorprone\error_prone_annotations\2.11.0\error_prone_annotations-2.11.0.jar;C:\Users\USER\.m2\repository\com\google\j2objc\j2objc-annotations\1.3\j2objc-annotations-1.3.jar;C:\Users\USER\.m2\repository\com\google\inject\guice\5.1.0\guice-5.1.0.jar;C:\Users\USER\.m2\repository\javax\inject\javax.inject\1\javax.inject-1.jar;C:\Users\USER\.m2\repository\aopalliance\aopalliance\1.0\aopalliance-1.0.jar;C:\Users\USER\.m2\repository\org\jsoup\jsoup\1.14.3\jsoup-1.14.3.jar;C:\Users\USER\.m2\repository\com\thoughtworks\xstream\xstream\1.4.20\xstream-1.4.20.jar;C:\Users\USER\.m2\repository\io\github\x-stream\mxparser\1.2.2\mxparser-1.2.2.jar;C:\Users\USER\.m2\repository\xmlpull\xmlpull\1.1.3.1\xmlpull-1.1.3.1.jar;C:\Users\USER\.m2\repository\com\typesafe\config\1.4.2\config-1.4.2.jar;C:\Users\USER\.m2\repository\org\imgscalr\imgscalr-lib\4.2\imgscalr-lib-4.2.jar;C:\Users\USER\.m2\repository\org\awaitility\awaitility\4.2.0\awaitility-4.2.0.jar;C:\Users\USER\.m2\repository\org\freemarker\freemarker\2.3.31\freemarker-2.3.31.jar;C:\Users\USER\.m2\repository\io\github\classgraph\classgraph\4.8.138\classgraph-4.8.138.jar;C:\Users\USER\.m2\repository\net\sourceforge\jexcelapi\jxl\2.6.12\jxl-2.6.12.jar;C:\Users\USER\.m2\repository\net\bytebuddy\byte-buddy-agent\1.14.2\byte-buddy-agent-1.14.2.jar;C:\Users\USER\.m2\repository\org\objenesis\objenesis\3.3\objenesis-3.3.jar;C:\Users\USER\.m2\repository\net\serenity-bdd\serenity-reports\3.6.21\serenity-reports-3.6.21.jar;C:\Users\USER\.m2\repository\net\serenity-bdd\serenity-stats\3.6.21\serenity-stats-3.6.21.jar;C:\Users\USER\.m2\repository\net\serenity-bdd\serenity-reports-configuration\3.6.21\serenity-reports-configuration-3.6.21.jar;C:\Users\USER\.m2\repository\com\vladsch\flexmark\flexmark-all\0.62.2\flexmark-all-0.62.2.jar;C:\Users\USER\.m2\repository\com\vladsch\flexmark\flexmark\0.62.2\flexmark-0.62.2.jar;C:\Users\USER\.m2\repository\com\vladsch\flexmark\flexmark-ext-abbreviation\0.62.2\flexmark-ext-abbreviation-0.62.2.jar;C:\Users\USER\.m2\repository\com\vladsch\flexmark\flexmark-util\0.62.2\flexmark-util-0.62.2.jar;C:\Users\USER\.m2\repository\com\vladsch\flexmark\flexmark-ext-admonition\0.62.2\flexmark-ext-admonition-0.62.2.jar;C:\Users\USER\.m2\repository\com\vladsch\flexmark\flexmark-ext-anchorlink\0.62.2\flexmark-ext-anchorlink-0.62.2.jar;C:\Users\USER\.m2\repository\com\vladsch\flexmark\flexmark-ext-aside\0.62.2\flexmark-ext-aside-0.62.2.jar;C:\Users\USER\.m2\repository\com\vladsch\flexmark\flexmark-ext-attributes\0.62.2\flexmark-ext-attributes-0.62.2.jar;C:\Users\USER\.m2\repository\com\vladsch\flexmark\flexmark-ext-autolink\0.62.2\flexmark-ext-autolink-0.62.2.jar;C:\Users\USER\.m2\repository\org\nibor\autolink\autolink\0.6.0\autolink-0.6.0.jar;C:\Users\USER\.m2\repository\com\vladsch\flexmark\flexmark-ext-definition\0.62.2\flexmark-ext-definition-0.62.2.jar;C:\Users\USER\.m2\repository\com\vladsch\flexmark\flexmark-ext-emoji\0.62.2\flexmark-ext-emoji-0.62.2.jar;C:\Users\USER\.m2\repository\com\vladsch\flexmark\flexmark-ext-enumerated-reference\0.62.2\flexmark-ext-enumerated-reference-0.62.2.jar;C:\Users\USER\.m2\repository\com\vladsch\flexmark\flexmark-ext-escaped-character\0.62.2\flexmark-ext-escaped-character-0.62.2.jar;C:\Users\USER\.m2\repository\com\vladsch\flexmark\flexmark-ext-footnotes\0.62.2\flexmark-ext-footnotes-0.62.2.jar;C:\Users\USER\.m2\repository\com\vladsch\flexmark\flexmark-ext-gfm-issues\0.62.2\flexmark-ext-gfm-issues-0.62.2.jar;C:\Users\USER\.m2\repository\com\vladsch\flexmark\flexmark-ext-gfm-strikethrough\0.62.2\flexmark-ext-gfm-strikethrough-0.62.2.jar;C:\Users\USER\.m2\repository\com\vladsch\flexmark\flexmark-ext-gfm-tasklist\0.62.2\flexmark-ext-gfm-tasklist-0.62.2.jar;C:\Users\USER\.m2\repository\com\vladsch\flexmark\flexmark-ext-gfm-users\0.62.2\flexmark-ext-gfm-users-0.62.2.jar;C:\Users\USER\.m2\repository\com\vladsch\flexmark\flexmark-ext-gitlab\0.62.2\flexmark-ext-gitlab-0.62.2.jar;C:\Users\USER\.m2\repository\com\vladsch\flexmark\flexmark-ext-jekyll-front-matter\0.62.2\flexmark-ext-jekyll-front-matter-0.62.2.jar;C:\Users\USER\.m2\repository\com\vladsch\flexmark\flexmark-ext-jekyll-tag\0.62.2\flexmark-ext-jekyll-tag-0.62.2.jar;C:\Users\USER\.m2\repository\com\vladsch\flexmark\flexmark-ext-media-tags\0.62.2\flexmark-ext-media-tags-0.62.2.jar;C:\Users\USER\.m2\repository\com\vladsch\flexmark\flexmark-ext-macros\0.62.2\flexmark-ext-macros-0.62.2.jar;C:\Users\USER\.m2\repository\com\vladsch\flexmark\flexmark-ext-ins\0.62.2\flexmark-ext-ins-0.62.2.jar;C:\Users\USER\.m2\repository\com\vladsch\flexmark\flexmark-ext-xwiki-macros\0.62.2\flexmark-ext-xwiki-macros-0.62.2.jar;C:\Users\USER\.m2\repository\com\vladsch\flexmark\flexmark-ext-superscript\0.62.2\flexmark-ext-superscript-0.62.2.jar;C:\Users\USER\.m2\repository\com\vladsch\flexmark\flexmark-ext-tables\0.62.2\flexmark-ext-tables-0.62.2.jar;C:\Users\USER\.m2\repository\com\vladsch\flexmark\flexmark-ext-toc\0.62.2\flexmark-ext-toc-0.62.2.jar;C:\Users\USER\.m2\repository\com\vladsch\flexmark\flexmark-ext-typographic\0.62.2\flexmark-ext-typographic-0.62.2.jar;C:\Users\USER\.m2\repository\com\vladsch\flexmark\flexmark-ext-wikilink\0.62.2\flexmark-ext-wikilink-0.62.2.jar;C:\Users\USER\.m2\repository\com\vladsch\flexmark\flexmark-ext-yaml-front-matter\0.62.2\flexmark-ext-yaml-front-matter-0.62.2.jar;C:\Users\USER\.m2\repository\com\vladsch\flexmark\flexmark-ext-youtube-embedded\0.62.2\flexmark-ext-youtube-embedded-0.62.2.jar;C:\Users\USER\.m2\repository\com\vladsch\flexmark\flexmark-html2md-converter\0.62.2\flexmark-html2md-converter-0.62.2.jar;C:\Users\USER\.m2\repository\com\vladsch\flexmark\flexmark-jira-converter\0.62.2\flexmark-jira-converter-0.62.2.jar;C:\Users\USER\.m2\repository\com\vladsch\flexmark\flexmark-pdf-converter\0.62.2\flexmark-pdf-converter-0.62.2.jar;C:\Users\USER\.m2\repository\com\openhtmltopdf\openhtmltopdf-core\1.0.0\openhtmltopdf-core-1.0.0.jar;C:\Users\USER\.m2\repository\com\openhtmltopdf\openhtmltopdf-pdfbox\1.0.0\openhtmltopdf-pdfbox-1.0.0.jar;C:\Users\USER\.m2\repository\org\apache\pdfbox\pdfbox\2.0.16\pdfbox-2.0.16.jar;C:\Users\USER\.m2\repository\org\apache\pdfbox\fontbox\2.0.16\fontbox-2.0.16.jar;C:\Users\USER\.m2\repository\org\apache\pdfbox\xmpbox\2.0.16\xmpbox-2.0.16.jar;C:\Users\USER\.m2\repository\de\rototor\pdfbox\graphics2d\0.24\graphics2d-0.24.jar;C:\Users\USER\.m2\repository\com\openhtmltopdf\openhtmltopdf-rtl-support\1.0.0\openhtmltopdf-rtl-support-1.0.0.jar;C:\Users\USER\.m2\repository\com\openhtmltopdf\openhtmltopdf-jsoup-dom-converter\1.0.0\openhtmltopdf-jsoup-dom-converter-1.0.0.jar;C:\Users\USER\.m2\repository\com\vladsch\flexmark\flexmark-profile-pegdown\0.62.2\flexmark-profile-pegdown-0.62.2.jar;C:\Users\USER\.m2\repository\com\vladsch\flexmark\flexmark-util-ast\0.62.2\flexmark-util-ast-0.62.2.jar;C:\Users\USER\.m2\repository\com\vladsch\flexmark\flexmark-util-builder\0.62.2\flexmark-util-builder-0.62.2.jar;C:\Users\USER\.m2\repository\com\vladsch\flexmark\flexmark-util-collection\0.62.2\flexmark-util-collection-0.62.2.jar;C:\Users\USER\.m2\repository\com\vladsch\flexmark\flexmark-util-data\0.62.2\flexmark-util-data-0.62.2.jar;C:\Users\USER\.m2\repository\com\vladsch\flexmark\flexmark-util-dependency\0.62.2\flexmark-util-dependency-0.62.2.jar;C:\Users\USER\.m2\repository\com\vladsch\flexmark\flexmark-util-format\0.62.2\flexmark-util-format-0.62.2.jar;C:\Users\USER\.m2\repository\com\vladsch\flexmark\flexmark-util-html\0.62.2\flexmark-util-html-0.62.2.jar;C:\Users\USER\.m2\repository\com\vladsch\flexmark\flexmark-util-misc\0.62.2\flexmark-util-misc-0.62.2.jar;C:\Users\USER\.m2\repository\com\vladsch\flexmark\flexmark-util-options\0.62.2\flexmark-util-options-0.62.2.jar;C:\Users\USER\.m2\repository\com\vladsch\flexmark\flexmark-util-sequence\0.62.2\flexmark-util-sequence-0.62.2.jar;C:\Users\USER\.m2\repository\com\vladsch\flexmark\flexmark-util-visitor\0.62.2\flexmark-util-visitor-0.62.2.jar;C:\Users\USER\.m2\repository\com\vladsch\flexmark\flexmark-youtrack-converter\0.62.2\flexmark-youtrack-converter-0.62.2.jar;C:\Users\USER\.m2\repository\com\ibm\icu\icu4j\72.1\icu4j-72.1.jar;C:\Users\USER\.m2\repository\es\nitaur\markdown\txtmark\0.16\txtmark-0.16.jar;C:\Users\USER\.m2\repository\net\serenity-bdd\serenity-report-resources\3.6.21\serenity-report-resources-3.6.21.jar;C:\Users\USER\.m2\repository\com\google\code\gson\gson\2.10.1\gson-2.10.1.jar;C:\Users\USER\.m2\repository\com\fasterxml\jackson\core\jackson-core\2.15.0-rc1\jackson-core-2.15.0-rc1.jar;C:\Users\USER\.m2\repository\com\fasterxml\jackson\core\jackson-databind\2.15.0-rc1\jackson-databind-2.15.0-rc1.jar;C:\Users\USER\.m2\repository\com\fasterxml\jackson\core\jackson-annotations\2.15.0-rc1\jackson-annotations-2.15.0-rc1.jar;C:\Users\USER\.m2\repository\commons-codec\commons-codec\1.15\commons-codec-1.15.jar;C:\Users\USER\.m2\repository\commons-io\commons-io\2.11.0\commons-io-2.11.0.jar;C:\Users\USER\.m2\repository\org\apache\httpcomponents\httpclient\4.5.13\httpclient-4.5.13.jar;C:\Users\USER\.m2\repository\org\apache\httpcomponents\httpcore\4.4.13\httpcore-4.4.13.jar;C:\Users\USER\.m2\repository\commons-logging\commons-logging\1.2\commons-logging-1.2.jar;C:\Users\USER\.m2\repository\org\seleniumhq\selenium\selenium-java\4.8.1\selenium-java-4.8.1.jar;C:\Users\USER\.m2\repository\org\seleniumhq\selenium\selenium-devtools-v108\4.8.1\selenium-devtools-v108-4.8.1.jar;C:\Users\USER\.m2\repository\org\seleniumhq\selenium\selenium-devtools-v109\4.8.1\selenium-devtools-v109-4.8.1.jar;C:\Users\USER\.m2\repository\org\seleniumhq\selenium\selenium-devtools-v110\4.8.1\selenium-devtools-v110-4.8.1.jar;C:\Users\USER\.m2\repository\org\seleniumhq\selenium\selenium-devtools-v85\4.8.1\selenium-devtools-v85-4.8.1.jar;C:\Users\USER\.m2\repository\org\seleniumhq\selenium\selenium-remote-driver\4.8.1\selenium-remote-driver-4.8.1.jar;C:\Users\USER\.m2\repository\com\beust\jcommander\1.82\jcommander-1.82.jar;C:\Users\USER\.m2\repository\io\netty\netty-buffer\4.1.87.Final\netty-buffer-4.1.87.Final.jar;C:\Users\USER\.m2\repository\io\netty\netty-codec-http\4.1.87.Final\netty-codec-http-4.1.87.Final.jar;C:\Users\USER\.m2\repository\io\netty\netty-codec\4.1.87.Final\netty-codec-4.1.87.Final.jar;C:\Users\USER\.m2\repository\io\netty\netty-handler\4.1.87.Final\netty-handler-4.1.87.Final.jar;C:\Users\USER\.m2\repository\io\netty\netty-common\4.1.87.Final\netty-common-4.1.87.Final.jar;C:\Users\USER\.m2\repository\io\netty\netty-transport-classes-epoll\4.1.87.Final\netty-transport-classes-epoll-4.1.87.Final.jar;C:\Users\USER\.m2\repository\io\netty\netty-transport-classes-kqueue\4.1.87.Final\netty-transport-classes-kqueue-4.1.87.Final.jar;C:\Users\USER\.m2\repository\io\netty\netty-transport-native-epoll\4.1.87.Final\netty-transport-native-epoll-4.1.87.Final.jar;C:\Users\USER\.m2\repository\io\netty\netty-transport-native-kqueue\4.1.87.Final\netty-transport-native-kqueue-4.1.87.Final.jar;C:\Users\USER\.m2\repository\io\netty\netty-transport-native-unix-common\4.1.87.Final\netty-transport-native-unix-common-4.1.87.Final.jar;C:\Users\USER\.m2\repository\io\netty\netty-transport\4.1.87.Final\netty-transport-4.1.87.Final.jar;C:\Users\USER\.m2\repository\io\netty\netty-resolver\4.1.87.Final\netty-resolver-4.1.87.Final.jar;C:\Users\USER\.m2\repository\io\opentelemetry\opentelemetry-api\1.22.0\opentelemetry-api-1.22.0.jar;C:\Users\USER\.m2\repository\io\opentelemetry\opentelemetry-context\1.22.0\opentelemetry-context-1.22.0.jar;C:\Users\USER\.m2\repository\io\opentelemetry\opentelemetry-exporter-logging\1.22.0\opentelemetry-exporter-logging-1.22.0.jar;C:\Users\USER\.m2\repository\io\opentelemetry\opentelemetry-sdk-metrics\1.22.0\opentelemetry-sdk-metrics-1.22.0.jar;C:\Users\USER\.m2\repository\io\opentelemetry\opentelemetry-sdk-logs\1.22.0-alpha\opentelemetry-sdk-logs-1.22.0-alpha.jar;C:\Users\USER\.m2\repository\io\opentelemetry\opentelemetry-api-logs\1.22.0-alpha\opentelemetry-api-logs-1.22.0-alpha.jar;C:\Users\USER\.m2\repository\io\opentelemetry\opentelemetry-sdk-common\1.22.0\opentelemetry-sdk-common-1.22.0.jar;C:\Users\USER\.m2\repository\io\opentelemetry\opentelemetry-sdk-extension-autoconfigure-spi\1.22.0\opentelemetry-sdk-extension-autoconfigure-spi-1.22.0.jar;C:\Users\USER\.m2\repository\io\opentelemetry\opentelemetry-sdk-extension-autoconfigure\1.22.0-alpha\opentelemetry-sdk-extension-autoconfigure-1.22.0-alpha.jar;C:\Users\USER\.m2\repository\io\opentelemetry\opentelemetry-sdk-trace\1.22.0\opentelemetry-sdk-trace-1.22.0.jar;C:\Users\USER\.m2\repository\io\opentelemetry\opentelemetry-sdk\1.22.0\opentelemetry-sdk-1.22.0.jar;C:\Users\USER\.m2\repository\io\opentelemetry\opentelemetry-semconv\1.22.0-alpha\opentelemetry-semconv-1.22.0-alpha.jar;C:\Users\USER\.m2\repository\io\ous\jtoml\2.0.0\jtoml-2.0.0.jar;C:\Users\USER\.m2\repository\org\apache\commons\commons-exec\1.3\commons-exec-1.3.jar;C:\Users\USER\.m2\repository\org\asynchttpclient\async-http-client\2.12.3\async-http-client-2.12.3.jar;C:\Users\USER\.m2\repository\org\asynchttpclient\async-http-client-netty-utils\2.12.3\async-http-client-netty-utils-2.12.3.jar;C:\Users\USER\.m2\repository\io\netty\netty-codec-socks\4.1.60.Final\netty-codec-socks-4.1.60.Final.jar;C:\Users\USER\.m2\repository\io\netty\netty-handler-proxy\4.1.60.Final\netty-handler-proxy-4.1.60.Final.jar;C:\Users\USER\.m2\repository\io\netty\netty-transport-native-epoll\4.1.60.Final\netty-transport-native-epoll-4.1.60.Final-linux-x86_64.jar;C:\Users\USER\.m2\repository\io\netty\netty-transport-native-kqueue\4.1.60.Final\netty-transport-native-kqueue-4.1.60.Final-osx-x86_64.jar;C:\Users\USER\.m2\repository\org\reactivestreams\reactive-streams\1.0.3\reactive-streams-1.0.3.jar;C:\Users\USER\.m2\repository\com\typesafe\netty\netty-reactive-streams\2.0.4\netty-reactive-streams-2.0.4.jar;C:\Users\USER\.m2\repository\org\seleniumhq\selenium\selenium-manager\4.8.1\selenium-manager-4.8.1.jar;C:\Users\USER\.m2\repository\org\seleniumhq\selenium\selenium-safari-driver\4.8.1\selenium-safari-driver-4.8.1.jar;C:\Users\USER\.m2\repository\org\seleniumhq\selenium\selenium-api\4.8.1\selenium-api-4.8.1.jar;C:\Users\USER\.m2\repository\org\seleniumhq\selenium\selenium-support\4.8.1\selenium-support-4.8.1.jar;C:\Users\USER\.m2\repository\com\google\auto\service\auto-service-annotations\1.0.1\auto-service-annotations-1.0.1.jar;C:\Users\USER\.m2\repository\com\google\auto\service\auto-service\1.0.1\auto-service-1.0.1.jar;C:\Users\USER\.m2\repository\com\google\auto\auto-common\1.2\auto-common-1.2.jar;C:\Users\USER\.m2\repository\org\seleniumhq\selenium\selenium-json\4.8.1\selenium-json-4.8.1.jar;C:\Users\USER\.m2\repository\org\seleniumhq\selenium\selenium-chrome-driver\4.8.1\selenium-chrome-driver-4.8.1.jar;C:\Users\USER\.m2\repository\org\seleniumhq\selenium\selenium-chromium-driver\4.8.1\selenium-chromium-driver-4.8.1.jar;C:\Users\USER\.m2\repository\org\seleniumhq\selenium\selenium-firefox-driver\4.8.1\selenium-firefox-driver-4.8.1.jar;C:\Users\USER\.m2\repository\org\seleniumhq\selenium\selenium-http\4.8.1\selenium-http-4.8.1.jar;C:\Users\USER\.m2\repository\dev\failsafe\failsafe\3.3.0\failsafe-3.3.0.jar;C:\Users\USER\.m2\repository\org\seleniumhq\selenium\selenium-edge-driver\4.8.1\selenium-edge-driver-4.8.1.jar;C:\Users\USER\.m2\repository\org\seleniumhq\selenium\selenium-ie-driver\4.8.1\selenium-ie-driver-4.8.1.jar;C:\Users\USER\.m2\repository\org\projectlombok\lombok\1.18.20\lombok-1.18.20.jar;C:\Users\USER\.m2\repository\io\appium\java-client\8.3.0\java-client-8.3.0.jar;C:\Users\USER\.m2\repository\commons-validator\commons-validator\1.7\commons-validator-1.7.jar;C:\Users\USER\.m2\repository\commons-digester\commons-digester\2.1\commons-digester-2.1.jar;C:\Users\USER\.m2\repository\org\apache\groovy\groovy\4.0.10\groovy-4.0.10.jar;C:\Users\USER\.m2\repository\net\sf\opencsv\opencsv\2.0\opencsv-2.0.jar;C:\Users\USER\.m2\repository\commons-beanutils\commons-beanutils\1.9.4\commons-beanutils-1.9.4.jar;C:\Users\USER\.m2\repository\org\apache\commons\commons-lang3\3.12.0\commons-lang3-3.12.0.jar;C:\Users\USER\.m2\repository\commons-collections\commons-collections\3.2.2\commons-collections-3.2.2.jar;C:\Users\USER\.m2\repository\org\fluentlenium\fluentlenium-core\0.10.2\fluentlenium-core-0.10.2.jar;C:\Users\USER\.m2\repository\io\github\bonigarcia\webdrivermanager\5.3.0\webdrivermanager-5.3.0.jar;C:\Users\USER\.m2\repository\com\github\docker-java\docker-java\3.2.13\docker-java-3.2.13.jar;C:\Users\USER\.m2\repository\com\github\docker-java\docker-java-core\3.2.13\docker-java-core-3.2.13.jar;C:\Users\USER\.m2\repository\com\github\docker-java\docker-java-api\3.2.13\docker-java-api-3.2.13.jar;C:\Users\USER\.m2\repository\org\apache\commons\commons-compress\1.21\commons-compress-1.21.jar;C:\Users\USER\.m2\repository\org\bouncycastle\bcpkix-jdk15on\1.64\bcpkix-jdk15on-1.64.jar;C:\Users\USER\.m2\repository\org\bouncycastle\bcprov-jdk15on\1.64\bcprov-jdk15on-1.64.jar;C:\Users\USER\.m2\repository\org\slf4j\jcl-over-slf4j\1.7.30\jcl-over-slf4j-1.7.30.jar;C:\Users\USER\.m2\repository\com\github\docker-java\docker-java-transport-httpclient5\3.2.13\docker-java-transport-httpclient5-3.2.13.jar;C:\Users\USER\.m2\repository\com\github\docker-java\docker-java-transport\3.2.13\docker-java-transport-3.2.13.jar;C:\Users\USER\.m2\repository\net\java\dev\jna\jna\5.8.0\jna-5.8.0.jar;C:\Users\USER\.m2\repository\org\brotli\dec\0.1.2\dec-0.1.2.jar;C:\Users\USER\.m2\repository\org\apache\httpcomponents\client5\httpclient5\5.1.3\httpclient5-5.1.3.jar;C:\Users\USER\.m2\repository\org\apache\httpcomponents\core5\httpcore5\5.1.3\httpcore5-5.1.3.jar;C:\Users\USER\.m2\repository\org\apache\httpcomponents\core5\httpcore5-h2\5.1.3\httpcore5-h2-5.1.3.jar;C:\Users\USER\.m2\repository\com\jhlabs\filters\2.0.235\filters-2.0.235.jar;C:\Users\USER\.m2\repository\com\paulhammant\ngwebdriver\1.1.6\ngwebdriver-1.1.6.jar;C:\Users\USER\.m2\repository\joda-time\joda-time\2.12.2\joda-time-2.12.2.jar;C:\Users\USER\.m2\repository\org\hamcrest\hamcrest\2.2\hamcrest-2.2.jar;C:\Users\USER\.m2\repository\com\google\jimfs\jimfs\1.2\jimfs-1.2.jar;C:\Users\USER\.m2\repository\org\mockito\mockito-core\3.3.3\mockito-core-3.3.3.jar;C:\Users\USER\.m2\repository\javax\xml\bind\jaxb-api\2.3.1\jaxb-api-2.3.1.jar;C:\Users\USER\.m2\repository\javax\activation\javax.activation-api\1.2.0\javax.activation-api-1.2.0.jar;C:\Users\USER\.m2\repository\com\sun\xml\bind\jaxb-core\2.3.0.1\jaxb-core-2.3.0.1.jar;C:\Users\USER\.m2\repository\com\sun\xml\bind\jaxb-impl\2.3.3\jaxb-impl-2.3.3.jar;C:\Users\USER\.m2\repository\jakarta\xml\bind\jakarta.xml.bind-api\2.3.3\jakarta.xml.bind-api-2.3.3.jar;C:\Users\USER\.m2\repository\com\sun\activation\jakarta.activation\1.2.2\jakarta.activation-1.2.2.jar;C:\Users\USER\.m2\repository\javax\activation\activation\1.1.1\activation-1.1.1.jar;C:\Users\USER\.m2\repository\net\serenity-bdd\serenity-cucumber\3.6.21\serenity-cucumber-3.6.21.jar;C:\Users\USER\.m2\repository\io\cucumber\cucumber-core\7.11.0\cucumber-core-7.11.0.jar;C:\Users\USER\.m2\repository\io\cucumber\cucumber-gherkin\7.11.0\cucumber-gherkin-7.11.0.jar;C:\Users\USER\.m2\repository\io\cucumber\cucumber-gherkin-messages\7.11.0\cucumber-gherkin-messages-7.11.0.jar;C:\Users\USER\.m2\repository\io\cucumber\gherkin\26.0.3\gherkin-26.0.3.jar;C:\Users\USER\.m2\repository\io\cucumber\messages\21.0.1\messages-21.0.1.jar;C:\Users\USER\.m2\repository\io\cucumber\tag-expressions\5.0.1\tag-expressions-5.0.1.jar;C:\Users\USER\.m2\repository\io\cucumber\cucumber-expressions\16.1.1\cucumber-expressions-16.1.1.jar;C:\Users\USER\.m2\repository\io\cucumber\datatable\7.11.0\datatable-7.11.0.jar;C:\Users\USER\.m2\repository\io\cucumber\cucumber-plugin\7.11.0\cucumber-plugin-7.11.0.jar;C:\Users\USER\.m2\repository\io\cucumber\docstring\7.11.0\docstring-7.11.0.jar;C:\Users\USER\.m2\repository\io\cucumber\html-formatter\20.2.1\html-formatter-20.2.1.jar;C:\Users\USER\.m2\repository\io\cucumber\junit-xml-formatter\0.1.0\junit-xml-formatter-0.1.0.jar;C:\Users\USER\.m2\repository\io\cucumber\ci-environment\9.1.0\ci-environment-9.1.0.jar;C:\Users\USER\.m2\repository\io\cucumber\cucumber-java\7.11.0\cucumber-java-7.11.0.jar;C:\Users\USER\.m2\repository\io\cucumber\cucumber-junit\7.11.0\cucumber-junit-7.11.0.jar;C:\Users\USER\.m2\repository\org\apache\commons\commons-csv\1.5\commons-csv-1.5.jar;C:\Users\USER\.m2\repository\net\serenity-bdd\serenity-screenplay\3.6.21\serenity-screenplay-3.6.21.jar;C:\Users\USER\.m2\repository\net\serenity-bdd\serenity-screenplay-webdriver\3.6.21\serenity-screenplay-webdriver-3.6.21.jar;C:\Users\USER\.m2\repository\net\serenity-bdd\serenity-ensure\3.6.21\serenity-ensure-3.6.21.jar;C:\Users\USER\.m2\repository\net\serenity-bdd\serenity-junit\3.6.21\serenity-junit-3.6.21.jar;C:\Users\USER\.m2\repository\org\jetbrains\kotlin\kotlin-stdlib\1.8.10\kotlin-stdlib-1.8.10.jar;C:\Users\USER\.m2\repository\org\jetbrains\kotlin\kotlin-stdlib-common\1.8.10\kotlin-stdlib-common-1.8.10.jar;C:\Users\USER\.m2\repository\org\jetbrains\annotations\13.0\annotations-13.0.jar;C:\Users\USER\.m2\repository\org\junit\platform\junit-platform-launcher\1.8.2\junit-platform-launcher-1.8.2.jar;C:\Users\USER\.m2\repository\org\junit\platform\junit-platform-engine\1.8.2\junit-platform-engine-1.8.2.jar;C:\Users\USER\.m2\repository\org\opentest4j\opentest4j\1.2.0\opentest4j-1.2.0.jar;C:\Users\USER\.m2\repository\org\junit\platform\junit-platform-commons\1.8.2\junit-platform-commons-1.8.2.jar;C:\Users\USER\.m2\repository\org\apiguardian\apiguardian-api\1.1.2\apiguardian-api-1.1.2.jar;C:\Users\USER\.m2\repository\org\junit\jupiter\junit-jupiter-engine\5.8.2\junit-jupiter-engine-5.8.2.jar;C:\Users\USER\.m2\repository\org\junit\jupiter\junit-jupiter-api\5.8.2\junit-jupiter-api-5.8.2.jar;C:\Users\USER\.m2\repository\org\junit\vintage\junit-vintage-engine\5.8.2\junit-vintage-engine-5.8.2.jar;C:\Users\USER\.m2\repository\junit\junit\4.13.2\junit-4.13.2.jar;C:\Users\USER\.m2\repository\org\hamcrest\hamcrest-core\1.3\hamcrest-core-1.3.jar;C:\Users\USER\.m2\repository\ch\qos\logback\logback-classic\1.2.10\logback-classic-1.2.10.jar;C:\Users\USER\.m2\repository\ch\qos\logback\logback-core\1.2.10\logback-core-1.2.10.jar;C:\Users\USER\.m2\repository\org\slf4j\slf4j-api\1.7.32\slf4j-api-1.7.32.jar;C:\Users\USER\.m2\repository\org\assertj\assertj-core\3.23.1\assertj-core-3.23.1.jar;C:\Users\USER\.m2\repository\net\bytebuddy\byte-buddy\1.12.10\byte-buddy-1.12.10.jar;C:\Users\USER\.m2\repository\com\github\javafaker\javafaker\1.0.2\javafaker-1.0.2.jar;C:\Users\USER\.m2\repository\org\yaml\snakeyaml\1.23\snakeyaml-1.23-android.jar;C:\Users\USER\.m2\repository\com\github\mifmif\generex\1.0.2\generex-1.0.2.jar;C:\Users\USER\.m2\repository\dk\brics\automaton\automaton\1.11-8\automaton-1.11-8.jar;"/>
    <property name="sun.cpu.endian" value="little"/>
    <property name="user.home" value="C:\Users\USER"/>
    <property name="user.language" value="en"/>
    <property name="java.specification.vendor" value="Oracle Corporation"/>
    <property name="java.home" value="C:\Program Files (x86)\Java\jdk1.8.0_31\jre"/>
    <property name="basedir" value="C:\Users\USER\IdeaProjects\Capston_webtesting"/>
    <property name="file.separator" value="\"/>
    <property name="line.separator" value="&#10;"/>
    <property name="java.vm.specification.vendor" value="Oracle Corporation"/>
    <property name="java.specification.name" value="Java Platform API Specification"/>
    <property name="java.awt.graphicsenv" value="sun.awt.Win32GraphicsEnvironment"/>
    <property name="surefire.real.class.path" value="C:\Users\USER\AppData\Local\Temp\surefire6797038650395951636\surefirebooter3120604708680413023.jar"/>
    <property name="sun.boot.class.path" value="C:\Program Files (x86)\Java\jdk1.8.0_31\jre\lib\resources.jar;C:\Program Files (x86)\Java\jdk1.8.0_31\jre\lib\rt.jar;C:\Program Files (x86)\Java\jdk1.8.0_31\jre\lib\sunrsasign.jar;C:\Program Files (x86)\Java\jdk1.8.0_31\jre\lib\jsse.jar;C:\Program Files (x86)\Java\jdk1.8.0_31\jre\lib\jce.jar;C:\Program Files (x86)\Java\jdk1.8.0_31\jre\lib\charsets.jar;C:\Program Files (x86)\Java\jdk1.8.0_31\jre\lib\jfr.jar;C:\Program Files (x86)\Java\jdk1.8.0_31\jre\classes"/>
    <property name="user.script" value=""/>
    <property name="java.protocol.handler.pkgs" value="com.google.common"/>
    <property name="sun.management.compiler" value="HotSpot Client Compiler"/>
    <property name="java.runtime.version" value="1.8.0_31-b13"/>
    <property name="user.name" value="USER"/>
    <property name="path.separator" value=";"/>
    <property name="os.version" value="6.3"/>
    <property name="java.endorsed.dirs" value="C:\Program Files (x86)\Java\jdk1.8.0_31\jre\lib\endorsed"/>
    <property name="java.runtime.name" value="Java(TM) SE Runtime Environment"/>
    <property name="file.encoding" value="Cp1252"/>
    <property name="webdriver.base.url" value=""/>
    <property name="java.vm.name" value="Java HotSpot(TM) Client VM"/>
    <property name="localRepository" value="C:\Users\USER\.m2\repository"/>
    <property name="java.vendor.url.bug" value="http://bugreport.sun.com/bugreport/"/>
    <property name="java.io.tmpdir" value="C:\Users\USER\AppData\Local\Temp\"/>
    <property name="java.version" value="1.8.0_31"/>
    <property name="user.dir" value="C:\Users\USER\IdeaProjects\Capston_webtesting"/>
    <property name="os.arch" value="x86"/>
    <property name="java.vm.specification.name" value="Java Virtual Machine Specification"/>
    <property name="java.awt.printerjob" value="sun.awt.windows.WPrinterJob"/>
    <property name="sun.os.patch.level" value=""/>
    <property name="java.library.path" value="C:\Program Files (x86)\Java\jdk1.8.0_31\jre\bin;C:\WINDOWS\Sun\Java\bin;C:\WINDOWS\system32;C:\WINDOWS;C:\ProgramData\Oracle\Java\javapath;C:\Program Files (x86)\VMware\VMware Workstation\bin\;C:\Program Files (x86)\Intel\TXE Components\TCS\;C:\Program Files\Intel\TXE Components\TCS\;C:\WINDOWS\system32;C:\WINDOWS;C:\WINDOWS\System32\Wbem;C:\WINDOWS\System32\WindowsPowerShell\v1.0\;C:\Program Files\Intel\TXE Components\DAL\;C:\Program Files (x86)\Intel\TXE Components\DAL\;C:\Program Files\Intel\TXE Components\IPT\;C:\Program Files (x86)\Intel\TXE Components\IPT\;C:\WINDOWS\System32\OpenSSH\;C:\Program Files\Microsoft\Web Platform Installer\;C:\Program Files (x86)\Microsoft ASP.NET\ASP.NET Web Pages\v1.0\;C:\Program Files (x86)\Windows Kits\8.0\Windows Performance Toolkit\;C:\Program Files\Microsoft SQL Server\110\Tools\Binn\;C:\Go\bin;C:\Program Files\Git\cmd;C:\Program Files\apache-maven-3.9.1\bin;C:\Program Files (x86)\Java\jdk1.8.0_31\bin;C:\Program Files\nodejs\;%ANDROID_HOME%\platform-tools;%ANDROID_HOME%\tools;C:\Users\USER\AppData\Local\Microsoft\WindowsApps;C:\Users\USER\go\bin;C:\Users\USER\AppData\Local\Programs\Microsoft VS Code\bin;C:\Program Files\JetBrains\IntelliJ IDEA Community Edition 2022.3.2\bin;;C:\Program Files (x86)\Java\jdk1.8.0_31\bin;C:\Users\USER\AppData\Local\GitHubDesktop\bin;C:\Users\USER\AppData\Roaming\npm;."/>
    <property name="java.vm.info" value="mixed mode"/>
    <property name="java.vendor" value="Oracle Corporation"/>
    <property name="java.vm.version" value="25.31-b07"/>
    <property name="java.ext.dirs" value="C:\Program Files (x86)\Java\jdk1.8.0_31\jre\lib\ext;C:\WINDOWS\Sun\Java\lib\ext"/>
    <property name="sun.io.unicode.encoding" value="UnicodeLittle"/>
    <property name="java.class.version" value="52.0"/>
  </properties>
  <testcase name="As a user, I have successfully added stock credit" classname="Add Stock Credit And Data" time="102.917">
    <system-out><![CDATA[16:12:40.267 [main] DEBUG net.thucydides.core.guice.Injectors - Created injector for module net.thucydides.core.guice.ThucydidesModule
16:12:40.623 [main] DEBUG io.cucumber.core.plugin.SerenityReporter - Running feature from file:///C:/Users/USER/IdeaProjects/Capston_webtesting/src/test/resources/Feature/AddStock.feature
16:12:40.623 [main] WARN io.cucumber.core.plugin.SerenityReporter - Feature from file:///C:/Users/USER/IdeaProjects/Capston_webtesting/src/test/resources/Feature/AddStock.feature is not under the 'features' directory. Requirements report will not be correctly generated!
16:12:40.834 [main] DEBUG net.thucydides.core.guice.Injectors - Created injector for module net.thucydides.core.guice.webdriver.WebDriverModule
16:12:40.853 [main] INFO  - 

-------------------------------------------------------------------------------------
     _______. _______ .______       _______ .__   __.  __  .___________.____    ____ 
    /       ||   ____||   _  \     |   ____||  \ |  | |  | |           |\   \  /   / 
   |   (----`|  |__   |  |_)  |    |  |__   |   \|  | |  | `---|  |----` \   \/   /  
    \   \    |   __|  |      /     |   __|  |  . `  | |  |     |  |       \_    _/   
.----)   |   |  |____ |  |\  \----.|  |____ |  |\   | |  |     |  |         |  |     
|_______/    |_______|| _| `._____||_______||__| \__| |__|     |__|         |__|    
                                                                                     
 News and tutorials at http://www.serenity-bdd.info                                  
 Documentation at https://wakaleo.gitbooks.io/the-serenity-book/content/             
 Join the Serenity Community on Gitter: https://gitter.im/serenity-bdd/serenity-core 
 Serenity BDD Support and Training at http://serenity-bdd.info/#/trainingandsupport  
-------------------------------------------------------------------------------------

16:12:40.857 [main] DEBUG net.thucydides.core.steps.StepEventBus - Test suite started for story net.thucydides.core.model.Story@c74c9a3
16:12:40.858 [main] INFO  - Test Suite Started: Add Stock Credit And Data
16:12:40.872 [main] DEBUG io.cucumber.core.plugin.SerenityReporter - Running feature from file:///C:/Users/USER/IdeaProjects/Capston_webtesting/src/test/resources/Feature/CustomerData.feature
16:12:40.872 [main] WARN io.cucumber.core.plugin.SerenityReporter - Feature from file:///C:/Users/USER/IdeaProjects/Capston_webtesting/src/test/resources/Feature/CustomerData.feature is not under the 'features' directory. Requirements report will not be correctly generated!
16:12:40.875 [main] DEBUG net.thucydides.core.steps.StepEventBus - Test suite started for story net.thucydides.core.model.Story@832221cb
16:12:40.876 [main] INFO  - Test Suite Started: Customer Data Search
16:12:40.876 [main] DEBUG io.cucumber.core.plugin.SerenityReporter - Running feature from file:///C:/Users/USER/IdeaProjects/Capston_webtesting/src/test/resources/Feature/CustomerTransaction.feature
16:12:40.876 [main] WARN io.cucumber.core.plugin.SerenityReporter - Feature from file:///C:/Users/USER/IdeaProjects/Capston_webtesting/src/test/resources/Feature/CustomerTransaction.feature is not under the 'features' directory. Requirements report will not be correctly generated!
16:12:40.878 [main] DEBUG net.thucydides.core.steps.StepEventBus - Test suite started for story net.thucydides.core.model.Story@7500110e
16:12:40.879 [main] INFO  - Test Suite Started: Customer Transaction View
16:12:40.879 [main] DEBUG io.cucumber.core.plugin.SerenityReporter - Running feature from file:///C:/Users/USER/IdeaProjects/Capston_webtesting/src/test/resources/Feature/EditProfile.feature
16:12:40.879 [main] WARN io.cucumber.core.plugin.SerenityReporter - Feature from file:///C:/Users/USER/IdeaProjects/Capston_webtesting/src/test/resources/Feature/EditProfile.feature is not under the 'features' directory. Requirements report will not be correctly generated!
16:12:40.882 [main] DEBUG net.thucydides.core.steps.StepEventBus - Test suite started for story net.thucydides.core.model.Story@713dcfb5
16:12:40.882 [main] INFO  - Test Suite Started: Edit Profile and change password
16:12:40.882 [main] DEBUG io.cucumber.core.plugin.SerenityReporter - Running feature from file:///C:/Users/USER/IdeaProjects/Capston_webtesting/src/test/resources/Feature/SignOut.feature
16:12:40.882 [main] WARN io.cucumber.core.plugin.SerenityReporter - Feature from file:///C:/Users/USER/IdeaProjects/Capston_webtesting/src/test/resources/Feature/SignOut.feature is not under the 'features' directory. Requirements report will not be correctly generated!
16:12:40.886 [main] DEBUG net.thucydides.core.steps.StepEventBus - Test suite started for story net.thucydides.core.model.Story@b1597c24
16:12:40.886 [main] INFO  - Test Suite Started: Sign Out
16:12:40.886 [main] DEBUG io.cucumber.core.plugin.SerenityReporter - Running feature from file:///C:/Users/USER/IdeaProjects/Capston_webtesting/src/test/resources/Feature/Signin.feature
16:12:40.887 [main] WARN io.cucumber.core.plugin.SerenityReporter - Feature from file:///C:/Users/USER/IdeaProjects/Capston_webtesting/src/test/resources/Feature/Signin.feature is not under the 'features' directory. Requirements report will not be correctly generated!
16:12:40.890 [main] DEBUG net.thucydides.core.steps.StepEventBus - Test suite started for story net.thucydides.core.model.Story@5d6a7c13
16:12:40.890 [main] INFO  - Test Suite Started: User be able to sign in
16:12:40.891 [main] DEBUG io.cucumber.core.plugin.SerenityReporter - Running feature from file:///C:/Users/USER/IdeaProjects/Capston_webtesting/src/test/resources/Feature/StockCashout.feature
16:12:40.891 [main] WARN io.cucumber.core.plugin.SerenityReporter - Feature from file:///C:/Users/USER/IdeaProjects/Capston_webtesting/src/test/resources/Feature/StockCashout.feature is not under the 'features' directory. Requirements report will not be correctly generated!
16:12:40.893 [main] DEBUG net.thucydides.core.steps.StepEventBus - Test suite started for story net.thucydides.core.model.Story@28f13c16
16:12:40.893 [main] INFO  - Test Suite Started: Stock Cashout View
16:12:40.894 [main] DEBUG io.cucumber.core.plugin.SerenityReporter - Running feature from file:///C:/Users/USER/IdeaProjects/Capston_webtesting/src/test/resources/Feature/AddStock.feature
16:12:40.894 [main] WARN io.cucumber.core.plugin.SerenityReporter - Feature from file:///C:/Users/USER/IdeaProjects/Capston_webtesting/src/test/resources/Feature/AddStock.feature is not under the 'features' directory. Requirements report will not be correctly generated!
16:12:40.896 [main] DEBUG net.thucydides.core.steps.StepEventBus - Test suite started for story net.thucydides.core.model.Story@c74c9a3
16:12:40.896 [main] INFO  - Test Suite Started: Add Stock Credit And Data

@AddStock
Scenario: As a user, I have successfully added stock credit &amp#27;[90m# src/test/resources/Feature/AddStock.feature:3&amp#27;[0m
16:12:40.997 [main] DEBUG io.cucumber.core.plugin.SerenityReporter - Running feature from file:///C:/Users/USER/IdeaProjects/Capston_webtesting/src/test/resources/Feature/AddStock.feature
16:12:40.997 [main] WARN io.cucumber.core.plugin.SerenityReporter - Feature from file:///C:/Users/USER/IdeaProjects/Capston_webtesting/src/test/resources/Feature/AddStock.feature is not under the 'features' directory. Requirements report will not be correctly generated!
16:12:41.141 [main] INFO  - 
  _____   ___   ___   _____     ___   _____     _     ___   _____   ___   ___  
 |_   _| | __| / __| |_   _|   / __| |_   _|   /_\   | _ \ |_   _| | __| |   \ 
   | |   | _|  \__ \   | |     \__ \   | |    / _ \  |   /   | |   | _|  | |) |
   |_|   |___| |___/   |_|     |___/   |_|   /_/ \_\ |_|_\   |_|   |___| |___/ 

As a user, I have successfully added stock credit(add-stock-credit-and-data;as-a-user--i-have-successfully-added-stock-credit)
--------------------------------------------------------------------------------
16:12:42.067 [main] DEBUG net.thucydides.core.steps.StepInterceptor - STARTING STEP: AddStockCreditSteps.onSignInPage - openPage
16:12:42.181 [main] INFO net.serenitybdd.core.webdriver.driverproviders.ChromeDriverProvider - Starting Chrome driver instance with capabilities:
16:12:42.183 [main] INFO net.serenitybdd.core.webdriver.driverproviders.ChromeDriverProvider - Capabilities {acceptInsecureCerts: false, browserName: chrome, goog:chromeOptions: {args: [remote-allow-origins=*], extensions: []}}
16:12:43.267 [main] DEBUG io.netty.util.internal.logging.InternalLoggerFactory - Using SLF4J as the default logging framework
16:12:43.273 [main] DEBUG io.netty.util.ResourceLeakDetector - -Dio.netty.leakDetection.level: simple
16:12:43.273 [main] DEBUG io.netty.util.ResourceLeakDetector - -Dio.netty.leakDetection.targetRecords: 4
16:12:43.279 [main] DEBUG io.netty.util.ResourceLeakDetectorFactory - Loaded default ResourceLeakDetector: io.netty.util.ResourceLeakDetector@d6447a
16:12:43.312 [main] DEBUG io.netty.util.internal.PlatformDependent0 - -Dio.netty.noUnsafe: false
16:12:43.312 [main] DEBUG io.netty.util.internal.PlatformDependent0 - Java version: 8
16:12:43.313 [main] DEBUG io.netty.util.internal.PlatformDependent0 - sun.misc.Unsafe.theUnsafe: available
16:12:43.314 [main] DEBUG io.netty.util.internal.PlatformDependent0 - sun.misc.Unsafe.copyMemory: available
16:12:43.314 [main] DEBUG io.netty.util.internal.PlatformDependent0 - sun.misc.Unsafe.storeFence: available
16:12:43.315 [main] DEBUG io.netty.util.internal.PlatformDependent0 - java.nio.Buffer.address: available
16:12:43.316 [main] DEBUG io.netty.util.internal.PlatformDependent0 - direct buffer constructor: available
16:12:43.317 [main] DEBUG io.netty.util.internal.PlatformDependent0 - java.nio.Bits.unaligned: available, true
16:12:43.317 [main] DEBUG io.netty.util.internal.PlatformDependent0 - jdk.internal.misc.Unsafe.allocateUninitializedArray(int): unavailable prior to Java9
16:12:43.317 [main] DEBUG io.netty.util.internal.PlatformDependent0 - java.nio.DirectByteBuffer.<init>(long, int): available
16:12:43.317 [main] DEBUG io.netty.util.internal.PlatformDependent - sun.misc.Unsafe: available
16:12:43.318 [main] DEBUG io.netty.util.internal.PlatformDependent - -Dio.netty.tmpdir: C:\Users\USER\AppData\Local\Temp (java.io.tmpdir)
16:12:43.318 [main] DEBUG io.netty.util.internal.PlatformDependent - -Dio.netty.bitMode: 32 (sun.arch.data.model)
16:12:43.318 [main] DEBUG io.netty.util.internal.PlatformDependent - Platform: Windows
16:12:43.320 [main] DEBUG io.netty.util.internal.PlatformDependent - -Dio.netty.maxDirectMemory: 259522560 bytes
16:12:43.320 [main] DEBUG io.netty.util.internal.PlatformDependent - -Dio.netty.uninitializedArrayAllocationThreshold: -1
16:12:43.322 [main] DEBUG io.netty.util.internal.CleanerJava6 - java.nio.ByteBuffer.cleaner(): available
16:12:43.322 [main] DEBUG io.netty.util.internal.PlatformDependent - -Dio.netty.noPreferDirect: false
16:12:43.337 [main] DEBUG io.netty.util.internal.PlatformDependent - org.jctools-core.MpscChunkedArrayQueue: available
16:12:43.363 [main] DEBUG io.netty.util.internal.InternalThreadLocalMap - -Dio.netty.threadLocalMap.stringBuilder.initialSize: 1024
16:12:43.363 [main] DEBUG io.netty.util.internal.InternalThreadLocalMap - -Dio.netty.threadLocalMap.stringBuilder.maxSize: 4096
16:12:45.152 [main] DEBUG io.netty.handler.ssl.JdkSslContext - Default protocols (JDK): [TLSv1.2, TLSv1.1, TLSv1] 
16:12:45.152 [main] DEBUG io.netty.handler.ssl.JdkSslContext - Default cipher suites (JDK): [TLS_ECDHE_ECDSA_WITH_AES_128_GCM_SHA256, TLS_ECDHE_RSA_WITH_AES_128_GCM_SHA256, TLS_ECDHE_RSA_WITH_AES_128_CBC_SHA, TLS_RSA_WITH_AES_128_GCM_SHA256, TLS_RSA_WITH_AES_128_CBC_SHA]
16:12:45.192 [main] DEBUG io.netty.channel.MultithreadEventLoopGroup - -Dio.netty.eventLoopThreads: 8
16:12:45.283 [main] DEBUG io.netty.channel.nio.NioEventLoop - -Dio.netty.noKeySetOptimization: false
16:12:45.283 [main] DEBUG io.netty.channel.nio.NioEventLoop - -Dio.netty.selectorAutoRebuildThreshold: 512
16:12:45.417 [main] DEBUG io.netty.buffer.PooledByteBufAllocator - -Dio.netty.allocator.numHeapArenas: 8
16:12:45.417 [main] DEBUG io.netty.buffer.PooledByteBufAllocator - -Dio.netty.allocator.numDirectArenas: 8
16:12:45.417 [main] DEBUG io.netty.buffer.PooledByteBufAllocator - -Dio.netty.allocator.pageSize: 8192
16:12:45.417 [main] DEBUG io.netty.buffer.PooledByteBufAllocator - -Dio.netty.allocator.maxOrder: 9
16:12:45.417 [main] DEBUG io.netty.buffer.PooledByteBufAllocator - -Dio.netty.allocator.chunkSize: 4194304
16:12:45.417 [main] DEBUG io.netty.buffer.PooledByteBufAllocator - -Dio.netty.allocator.smallCacheSize: 256
16:12:45.417 [main] DEBUG io.netty.buffer.PooledByteBufAllocator - -Dio.netty.allocator.normalCacheSize: 64
16:12:45.417 [main] DEBUG io.netty.buffer.PooledByteBufAllocator - -Dio.netty.allocator.maxCachedBufferCapacity: 32768
16:12:45.417 [main] DEBUG io.netty.buffer.PooledByteBufAllocator - -Dio.netty.allocator.cacheTrimInterval: 8192
16:12:45.417 [main] DEBUG io.netty.buffer.PooledByteBufAllocator - -Dio.netty.allocator.cacheTrimIntervalMillis: 0
16:12:45.417 [main] DEBUG io.netty.buffer.PooledByteBufAllocator - -Dio.netty.allocator.useCacheForAllThreads: false
16:12:45.418 [main] DEBUG io.netty.buffer.PooledByteBufAllocator - -Dio.netty.allocator.maxCachedByteBuffersPerChunk: 1023
16:12:45.518 [main] DEBUG io.netty.buffer.ByteBufUtil - -Dio.netty.allocator.type: pooled
16:12:45.518 [main] DEBUG io.netty.buffer.ByteBufUtil - -Dio.netty.threadLocalDirectBufferSize: 0
16:12:45.518 [main] DEBUG io.netty.buffer.ByteBufUtil - -Dio.netty.maxThreadLocalCharBufferSize: 16384
16:12:47.864 [Forwarding newSession on session null to remote] DEBUG io.netty.channel.DefaultChannelId - -Dio.netty.processId: 13292 (auto-detected)
16:12:47.873 [Forwarding newSession on session null to remote] DEBUG io.netty.util.NetUtil - -Djava.net.preferIPv4Stack: false
16:12:47.873 [Forwarding newSession on session null to remote] DEBUG io.netty.util.NetUtil - -Djava.net.preferIPv6Addresses: false
16:12:48.075 [Forwarding newSession on session null to remote] DEBUG io.netty.util.NetUtilInitializations - Loopback interface: lo (Software Loopback Interface 1, 127.0.0.1)
16:12:48.076 [Forwarding newSession on session null to remote] DEBUG io.netty.util.NetUtil - Failed to get SOMAXCONN from sysctl and file \proc\sys\net\core\somaxconn. Default: 200
16:12:48.092 [Forwarding newSession on session null to remote] DEBUG io.netty.channel.DefaultChannelId - -Dio.netty.machineId: 94:e9:79:ff:fe:ad:69:7d (auto-detected)
16:12:48.288 [AsyncHttpClient-1-2] DEBUG io.netty.buffer.AbstractByteBuf - -Dio.netty.buffer.checkAccessible: true
16:12:48.288 [AsyncHttpClient-1-2] DEBUG io.netty.buffer.AbstractByteBuf - -Dio.netty.buffer.checkBounds: true
16:12:48.288 [AsyncHttpClient-1-2] DEBUG io.netty.util.ResourceLeakDetectorFactory - Loaded default ResourceLeakDetector: io.netty.util.ResourceLeakDetector@1262033
16:12:48.335 [AsyncHttpClient-1-2] DEBUG org.asynchttpclient.netty.channel.NettyConnectListener - Using new Channel '[id: 0x461b50f8, L:/127.0.0.1:14833 - R:localhost/127.0.0.1:41810]' for 'POST' to '/session'
16:12:48.403 [AsyncHttpClient-1-2] DEBUG io.netty.util.Recycler - -Dio.netty.recycler.maxCapacityPerThread: 4096
16:12:48.403 [AsyncHttpClient-1-2] DEBUG io.netty.util.Recycler - -Dio.netty.recycler.ratio: 8
16:12:48.403 [AsyncHttpClient-1-2] DEBUG io.netty.util.Recycler - -Dio.netty.recycler.chunkSize: 32
16:12:48.403 [AsyncHttpClient-1-2] DEBUG io.netty.util.Recycler - -Dio.netty.recycler.blocking: false
16:13:50.065 [AsyncHttpClient-1-2] DEBUG io.netty.handler.codec.compression.Brotli - brotli4j not in the classpath; Brotli support will be unavailable.
16:13:50.065 [AsyncHttpClient-1-2] DEBUG org.asynchttpclient.netty.handler.HttpHandler - 

Request DefaultHttpRequest(decodeResult: success, version: HTTP/1.1)
POST /session HTTP/1.1
User-Agent: selenium/4.8.1 (java windows)
Content-Length: 507
Content-Type: application/json; charset=utf-8
host: localhost:41810
accept: */*

Response DefaultHttpResponse(decodeResult: success, version: HTTP/1.1)
HTTP/1.1 200 OK
Content-Length: 859
Content-Type: application/json; charset=utf-8
cache-control: no-cache

16:13:50.079 [AsyncHttpClient-1-2] DEBUG org.asynchttpclient.netty.channel.ChannelManager - Adding key: http://localhost:41810 for channel [id: 0x461b50f8, L:/127.0.0.1:14833 - R:localhost/127.0.0.1:41810]
16:13:51.144 [AsyncHttpClient-1-1] DEBUG org.asynchttpclient.netty.channel.DefaultChannelPool - Entry count for : http://localhost:41810 : 1
16:13:51.324 [AsyncHttpClient-1-3] DEBUG org.asynchttpclient.netty.channel.NettyConnectListener - Using new Channel '[id: 0x9dd19b89, L:/127.0.0.1:14842 - R:localhost/127.0.0.1:14834]' for 'GET' to '/json/version'
16:13:51.327 [AsyncHttpClient-1-3] DEBUG org.asynchttpclient.netty.handler.HttpHandler - 

Request DefaultFullHttpRequest(decodeResult: success, version: HTTP/1.1, content: EmptyByteBufBE)
GET /json/version HTTP/1.1
User-Agent: selenium/4.8.1 (java windows)
host: localhost:14834
accept: */*

Response DefaultHttpResponse(decodeResult: success, version: HTTP/1.1)
HTTP/1.1 200 OK
Content-Security-Policy: frame-ancestors 'none'
Content-Length: 424
Content-Type: application/json; charset=UTF-8

16:13:51.327 [AsyncHttpClient-1-3] DEBUG org.asynchttpclient.netty.channel.ChannelManager - Adding key: http://localhost:14834 for channel [id: 0x9dd19b89, L:/127.0.0.1:14842 - R:localhost/127.0.0.1:14834]
16:13:51.354 [main] DEBUG io.netty.util.internal.ThreadLocalRandom - -Dio.netty.initialSeedUniquifier: 0x30313fe19dd06932
16:13:51.445 [AsyncHttpClient-1-4] DEBUG org.asynchttpclient.netty.channel.NettyConnectListener - Using new Channel '[id: 0xf0c0542b, L:/127.0.0.1:14843 - R:localhost/127.0.0.1:14834]' for 'GET' to '/devtools/browser/6d78a9f6-d020-4d8a-9c7e-36239e7046ab'
16:13:51.449 [AsyncHttpClient-1-4] DEBUG org.asynchttpclient.netty.handler.WebSocketHandler - 

Request DefaultFullHttpRequest(decodeResult: success, version: HTTP/1.1, content: EmptyByteBufBE)
GET /devtools/browser/6d78a9f6-d020-4d8a-9c7e-36239e7046ab HTTP/1.1
upgrade: websocket
connection: upgrade
sec-websocket-key: DKzDkMhCMIU0vc7sEUJaFA==
sec-websocket-version: 13
origin: http://localhost:14834
host: localhost:14834
accept: */*
user-agent: AHC/2.1

Response DefaultHttpResponse(decodeResult: success, version: HTTP/1.1)
HTTP/1.1 101 WebSocket Protocol Handshake
Upgrade: WebSocket
Connection: Upgrade
Sec-WebSocket-Accept: 9n2X9KInmljbMrCetX0AJQsqZ4I=

16:13:52.244 [AsyncHttpClient-1-1] DEBUG org.asynchttpclient.netty.channel.DefaultChannelPool - Entry count for : http://localhost:41810 : 1
16:13:52.244 [AsyncHttpClient-1-1] DEBUG org.asynchttpclient.netty.channel.DefaultChannelPool - Entry count for : http://localhost:14834 : 1
16:13:52.278 [Forwarding get on session 2ebbd27de7180558fd6a57b072b265cf to remote] DEBUG org.asynchttpclient.netty.request.NettyRequestSender - Using pooled Channel '[id: 0x461b50f8, L:/127.0.0.1:14833 - R:localhost/127.0.0.1:41810]' for 'POST' to 'http://localhost:41810/session/2ebbd27de7180558fd6a57b072b265cf/url'
16:13:52.278 [Forwarding get on session 2ebbd27de7180558fd6a57b072b265cf to remote] DEBUG org.asynchttpclient.netty.request.NettyRequestSender - Using open Channel [id: 0x461b50f8, L:/127.0.0.1:14833 - R:localhost/127.0.0.1:41810] for POST '/session/2ebbd27de7180558fd6a57b072b265cf/url'
16:13:53.343 [AsyncHttpClient-1-1] DEBUG org.asynchttpclient.netty.channel.DefaultChannelPool - Entry count for : http://localhost:14834 : 1
16:13:54.444 [AsyncHttpClient-1-1] DEBUG org.asynchttpclient.netty.channel.DefaultChannelPool - Entry count for : http://localhost:14834 : 1
16:13:55.544 [AsyncHttpClient-1-1] DEBUG org.asynchttpclient.netty.channel.DefaultChannelPool - Entry count for : http://localhost:14834 : 1
16:13:56.643 [AsyncHttpClient-1-1] DEBUG org.asynchttpclient.netty.channel.DefaultChannelPool - Entry count for : http://localhost:14834 : 1
16:13:57.413 [AsyncHttpClient-1-2] DEBUG org.asynchttpclient.netty.handler.HttpHandler - 

Request DefaultHttpRequest(decodeResult: success, version: HTTP/1.1)
POST /session/2ebbd27de7180558fd6a57b072b265cf/url HTTP/1.1
User-Agent: selenium/4.8.1 (java windows)
Content-Length: 82
Content-Type: application/json; charset=utf-8
host: localhost:41810
accept: */*

Response DefaultHttpResponse(decodeResult: success, version: HTTP/1.1)
HTTP/1.1 200 OK
Content-Length: 14
Content-Type: application/json; charset=utf-8
cache-control: no-cache

16:13:57.414 [AsyncHttpClient-1-2] DEBUG org.asynchttpclient.netty.channel.ChannelManager - Adding key: http://localhost:41810 for channel [id: 0x461b50f8, L:/127.0.0.1:14833 - R:localhost/127.0.0.1:41810]
16:13:57.530 [Forwarding setTimeout on session 2ebbd27de7180558fd6a57b072b265cf to remote] DEBUG org.asynchttpclient.netty.request.NettyRequestSender - Using pooled Channel '[id: 0x461b50f8, L:/127.0.0.1:14833 - R:localhost/127.0.0.1:41810]' for 'POST' to 'http://localhost:41810/session/2ebbd27de7180558fd6a57b072b265cf/timeouts'
16:13:57.530 [Forwarding setTimeout on session 2ebbd27de7180558fd6a57b072b265cf to remote] DEBUG org.asynchttpclient.netty.request.NettyRequestSender - Using open Channel [id: 0x461b50f8, L:/127.0.0.1:14833 - R:localhost/127.0.0.1:41810] for POST '/session/2ebbd27de7180558fd6a57b072b265cf/timeouts'
16:13:57.683 [AsyncHttpClient-1-2] DEBUG org.asynchttpclient.netty.handler.HttpHandler - 

Request DefaultHttpRequest(decodeResult: success, version: HTTP/1.1)
POST /session/2ebbd27de7180558fd6a57b072b265cf/timeouts HTTP/1.1
User-Agent: selenium/4.8.1 (java windows)
Content-Length: 22
Content-Type: application/json; charset=utf-8
host: localhost:41810
accept: */*

Response DefaultHttpResponse(decodeResult: success, version: HTTP/1.1)
HTTP/1.1 200 OK
Content-Length: 14
Content-Type: application/json; charset=utf-8
cache-control: no-cache

16:13:57.684 [AsyncHttpClient-1-2] DEBUG org.asynchttpclient.netty.channel.ChannelManager - Adding key: http://localhost:41810 for channel [id: 0x461b50f8, L:/127.0.0.1:14833 - R:localhost/127.0.0.1:41810]
16:13:57.743 [AsyncHttpClient-1-1] DEBUG org.asynchttpclient.netty.channel.DefaultChannelPool - Entry count for : http://localhost:41810 : 1
16:13:57.743 [AsyncHttpClient-1-1] DEBUG org.asynchttpclient.netty.channel.DefaultChannelPool - Entry count for : http://localhost:14834 : 1
16:13:57.853 [main] DEBUG net.serenitybdd.core.photography.Darkroom - Opening darkroom
16:13:58.100 [Darkroom Processing Line] DEBUG net.serenitybdd.core.photography.DarkroomProcessingLine - Darkroom processing line starting up
16:13:58.332 [Forwarding getAlertText on session 2ebbd27de7180558fd6a57b072b265cf to remote] DEBUG org.asynchttpclient.netty.request.NettyRequestSender - Using pooled Channel '[id: 0x461b50f8, L:/127.0.0.1:14833 - R:localhost/127.0.0.1:41810]' for 'GET' to 'http://localhost:41810/session/2ebbd27de7180558fd6a57b072b265cf/alert/text'
16:13:58.332 [Forwarding getAlertText on session 2ebbd27de7180558fd6a57b072b265cf to remote] DEBUG org.asynchttpclient.netty.request.NettyRequestSender - Using open Channel [id: 0x461b50f8, L:/127.0.0.1:14833 - R:localhost/127.0.0.1:41810] for GET '/session/2ebbd27de7180558fd6a57b072b265cf/alert/text'
16:13:58.844 [AsyncHttpClient-1-1] DEBUG org.asynchttpclient.netty.channel.DefaultChannelPool - Entry count for : http://localhost:14834 : 1
16:13:58.923 [AsyncHttpClient-1-2] DEBUG org.asynchttpclient.netty.handler.HttpHandler - 

Request DefaultFullHttpRequest(decodeResult: success, version: HTTP/1.1, content: EmptyByteBufBE)
GET /session/2ebbd27de7180558fd6a57b072b265cf/alert/text HTTP/1.1
User-Agent: selenium/4.8.1 (java windows)
Cache-Control: no-cache
Content-Type: application/json; charset=utf-8
host: localhost:41810
accept: */*

Response DefaultHttpResponse(decodeResult: success, version: HTTP/1.1)
HTTP/1.1 404 Not Found
Content-Length: 807
Content-Type: application/json; charset=utf-8
cache-control: no-cache

16:13:58.924 [AsyncHttpClient-1-2] DEBUG org.asynchttpclient.netty.channel.ChannelManager - Adding key: http://localhost:41810 for channel [id: 0x461b50f8, L:/127.0.0.1:14833 - R:localhost/127.0.0.1:41810]
16:13:59.383 [Forwarding getCurrentUrl on session 2ebbd27de7180558fd6a57b072b265cf to remote] DEBUG org.asynchttpclient.netty.request.NettyRequestSender - Using pooled Channel '[id: 0x461b50f8, L:/127.0.0.1:14833 - R:localhost/127.0.0.1:41810]' for 'GET' to 'http://localhost:41810/session/2ebbd27de7180558fd6a57b072b265cf/url'
16:13:59.384 [Forwarding getCurrentUrl on session 2ebbd27de7180558fd6a57b072b265cf to remote] DEBUG org.asynchttpclient.netty.request.NettyRequestSender - Using open Channel [id: 0x461b50f8, L:/127.0.0.1:14833 - R:localhost/127.0.0.1:41810] for GET '/session/2ebbd27de7180558fd6a57b072b265cf/url'
16:13:59.944 [AsyncHttpClient-1-1] DEBUG org.asynchttpclient.netty.channel.DefaultChannelPool - Entry count for : http://localhost:14834 : 1
16:14:01.033 [AsyncHttpClient-1-2] DEBUG org.asynchttpclient.netty.handler.HttpHandler - 

Request DefaultFullHttpRequest(decodeResult: success, version: HTTP/1.1, content: EmptyByteBufBE)
GET /session/2ebbd27de7180558fd6a57b072b265cf/url HTTP/1.1
User-Agent: selenium/4.8.1 (java windows)
Cache-Control: no-cache
Content-Type: application/json; charset=utf-8
host: localhost:41810
accept: */*

Response DefaultHttpResponse(decodeResult: success, version: HTTP/1.1)
HTTP/1.1 200 OK
Content-Length: 64
Content-Type: application/json; charset=utf-8
cache-control: no-cache

16:14:01.033 [AsyncHttpClient-1-2] DEBUG org.asynchttpclient.netty.channel.ChannelManager - Adding key: http://localhost:41810 for channel [id: 0x461b50f8, L:/127.0.0.1:14833 - R:localhost/127.0.0.1:41810]
16:14:01.037 [Forwarding screenshot on session 2ebbd27de7180558fd6a57b072b265cf to remote] DEBUG org.asynchttpclient.netty.request.NettyRequestSender - Using pooled Channel '[id: 0x461b50f8, L:/127.0.0.1:14833 - R:localhost/127.0.0.1:41810]' for 'GET' to 'http://localhost:41810/session/2ebbd27de7180558fd6a57b072b265cf/screenshot'
16:14:01.037 [Forwarding screenshot on session 2ebbd27de7180558fd6a57b072b265cf to remote] DEBUG org.asynchttpclient.netty.request.NettyRequestSender - Using open Channel [id: 0x461b50f8, L:/127.0.0.1:14833 - R:localhost/127.0.0.1:41810] for GET '/session/2ebbd27de7180558fd6a57b072b265cf/screenshot'
16:14:01.043 [AsyncHttpClient-1-1] DEBUG org.asynchttpclient.netty.channel.DefaultChannelPool - Entry count for : http://localhost:14834 : 1
16:14:01.490 [AsyncHttpClient-1-2] DEBUG org.asynchttpclient.netty.handler.HttpHandler - 

Request DefaultFullHttpRequest(decodeResult: success, version: HTTP/1.1, content: EmptyByteBufBE)
GET /session/2ebbd27de7180558fd6a57b072b265cf/screenshot HTTP/1.1
User-Agent: selenium/4.8.1 (java windows)
Cache-Control: no-cache
Content-Type: application/json; charset=utf-8
host: localhost:41810
accept: */*

Response DefaultHttpResponse(decodeResult: success, version: HTTP/1.1)
HTTP/1.1 200 OK
Content-Length: 125580
Content-Type: application/json; charset=utf-8
cache-control: no-cache

16:14:01.492 [AsyncHttpClient-1-2] DEBUG org.asynchttpclient.netty.channel.ChannelManager - Adding key: http://localhost:41810 for channel [id: 0x461b50f8, L:/127.0.0.1:14833 - R:localhost/127.0.0.1:41810]
16:14:02.143 [AsyncHttpClient-1-1] DEBUG org.asynchttpclient.netty.channel.DefaultChannelPool - Entry count for : http://localhost:41810 : 1
16:14:02.143 [AsyncHttpClient-1-1] DEBUG org.asynchttpclient.netty.channel.DefaultChannelPool - Entry count for : http://localhost:14834 : 1
16:14:02.387 [main] DEBUG net.serenitybdd.core.photography.Darkroom - Send negative for processing for target\site\serenity\ccb94ee3b183862011abf47996db7c6ab1ad97fa806bc5f8198c267c124a2f52.png
16:14:02.387 [Darkroom Processing Line] DEBUG net.serenitybdd.core.photography.DarkroomProcessingLine - Processing screenshot image in /var/screenshots/screenshot-6108644324491140039
16:14:02.387 [Darkroom Processing Line] DEBUG net.serenitybdd.core.photography.DarkroomProcessingLine - Saving screenshot to target\site\serenity\ccb94ee3b183862011abf47996db7c6ab1ad97fa806bc5f8198c267c124a2f52.png
16:14:02.436 [main] DEBUG net.thucydides.core.steps.StepInterceptor - STEP DONE: openPage
  &amp#27;[32mGiven &amp#27;[0m&amp#27;[32mI am on the sign in pagee&amp#27;[0m                           &amp#27;[90m# Starter.Stepdefitions.AddStockCreditSteps.onSignInPage()&amp#27;[0m
16:14:02.458 [Forwarding getAlertText on session 2ebbd27de7180558fd6a57b072b265cf to remote] DEBUG org.asynchttpclient.netty.request.NettyRequestSender - Using pooled Channel '[id: 0x461b50f8, L:/127.0.0.1:14833 - R:localhost/127.0.0.1:41810]' for 'GET' to 'http://localhost:41810/session/2ebbd27de7180558fd6a57b072b265cf/alert/text'
16:14:02.458 [Forwarding getAlertText on session 2ebbd27de7180558fd6a57b072b265cf to remote] DEBUG org.asynchttpclient.netty.request.NettyRequestSender - Using open Channel [id: 0x461b50f8, L:/127.0.0.1:14833 - R:localhost/127.0.0.1:41810] for GET '/session/2ebbd27de7180558fd6a57b072b265cf/alert/text'
16:14:02.460 [AsyncHttpClient-1-2] DEBUG org.asynchttpclient.netty.handler.HttpHandler - 

Request DefaultFullHttpRequest(decodeResult: success, version: HTTP/1.1, content: EmptyByteBufBE)
GET /session/2ebbd27de7180558fd6a57b072b265cf/alert/text HTTP/1.1
User-Agent: selenium/4.8.1 (java windows)
Cache-Control: no-cache
Content-Type: application/json; charset=utf-8
host: localhost:41810
accept: */*

Response DefaultHttpResponse(decodeResult: success, version: HTTP/1.1)
HTTP/1.1 404 Not Found
Content-Length: 807
Content-Type: application/json; charset=utf-8
cache-control: no-cache

16:14:02.460 [AsyncHttpClient-1-2] DEBUG org.asynchttpclient.netty.channel.ChannelManager - Adding key: http://localhost:41810 for channel [id: 0x461b50f8, L:/127.0.0.1:14833 - R:localhost/127.0.0.1:41810]
16:14:02.462 [Forwarding getCurrentUrl on session 2ebbd27de7180558fd6a57b072b265cf to remote] DEBUG org.asynchttpclient.netty.request.NettyRequestSender - Using pooled Channel '[id: 0x461b50f8, L:/127.0.0.1:14833 - R:localhost/127.0.0.1:41810]' for 'GET' to 'http://localhost:41810/session/2ebbd27de7180558fd6a57b072b265cf/url'
16:14:02.463 [Forwarding getCurrentUrl on session 2ebbd27de7180558fd6a57b072b265cf to remote] DEBUG org.asynchttpclient.netty.request.NettyRequestSender - Using open Channel [id: 0x461b50f8, L:/127.0.0.1:14833 - R:localhost/127.0.0.1:41810] for GET '/session/2ebbd27de7180558fd6a57b072b265cf/url'
16:14:02.468 [AsyncHttpClient-1-2] DEBUG org.asynchttpclient.netty.handler.HttpHandler - 

Request DefaultFullHttpRequest(decodeResult: success, version: HTTP/1.1, content: EmptyByteBufBE)
GET /session/2ebbd27de7180558fd6a57b072b265cf/url HTTP/1.1
User-Agent: selenium/4.8.1 (java windows)
Cache-Control: no-cache
Content-Type: application/json; charset=utf-8
host: localhost:41810
accept: */*

Response DefaultHttpResponse(decodeResult: success, version: HTTP/1.1)
HTTP/1.1 200 OK
Content-Length: 64
Content-Type: application/json; charset=utf-8
cache-control: no-cache

16:14:02.468 [AsyncHttpClient-1-2] DEBUG org.asynchttpclient.netty.channel.ChannelManager - Adding key: http://localhost:41810 for channel [id: 0x461b50f8, L:/127.0.0.1:14833 - R:localhost/127.0.0.1:41810]
16:14:02.470 [Forwarding screenshot on session 2ebbd27de7180558fd6a57b072b265cf to remote] DEBUG org.asynchttpclient.netty.request.NettyRequestSender - Using pooled Channel '[id: 0x461b50f8, L:/127.0.0.1:14833 - R:localhost/127.0.0.1:41810]' for 'GET' to 'http://localhost:41810/session/2ebbd27de7180558fd6a57b072b265cf/screenshot'
16:14:02.470 [Forwarding screenshot on session 2ebbd27de7180558fd6a57b072b265cf to remote] DEBUG org.asynchttpclient.netty.request.NettyRequestSender - Using open Channel [id: 0x461b50f8, L:/127.0.0.1:14833 - R:localhost/127.0.0.1:41810] for GET '/session/2ebbd27de7180558fd6a57b072b265cf/screenshot'
16:14:02.571 [AsyncHttpClient-1-2] DEBUG org.asynchttpclient.netty.handler.HttpHandler - 

Request DefaultFullHttpRequest(decodeResult: success, version: HTTP/1.1, content: EmptyByteBufBE)
GET /session/2ebbd27de7180558fd6a57b072b265cf/screenshot HTTP/1.1
User-Agent: selenium/4.8.1 (java windows)
Cache-Control: no-cache
Content-Type: application/json; charset=utf-8
host: localhost:41810
accept: */*

Response DefaultHttpResponse(decodeResult: success, version: HTTP/1.1)
HTTP/1.1 200 OK
Content-Length: 125580
Content-Type: application/json; charset=utf-8
cache-control: no-cache

16:14:02.572 [AsyncHttpClient-1-2] DEBUG org.asynchttpclient.netty.channel.ChannelManager - Adding key: http://localhost:41810 for channel [id: 0x461b50f8, L:/127.0.0.1:14833 - R:localhost/127.0.0.1:41810]
16:14:02.578 [main] DEBUG net.serenitybdd.core.photography.Darkroom - Send negative for processing for target\site\serenity\ccb94ee3b183862011abf47996db7c6ab1ad97fa806bc5f8198c267c124a2f52.png
16:14:02.589 [Forwarding getPageSource on session 2ebbd27de7180558fd6a57b072b265cf to remote] DEBUG org.asynchttpclient.netty.request.NettyRequestSender - Using pooled Channel '[id: 0x461b50f8, L:/127.0.0.1:14833 - R:localhost/127.0.0.1:41810]' for 'POST' to 'http://localhost:41810/session/2ebbd27de7180558fd6a57b072b265cf/execute/sync'
16:14:02.589 [Forwarding getPageSource on session 2ebbd27de7180558fd6a57b072b265cf to remote] DEBUG org.asynchttpclient.netty.request.NettyRequestSender - Using open Channel [id: 0x461b50f8, L:/127.0.0.1:14833 - R:localhost/127.0.0.1:41810] for POST '/session/2ebbd27de7180558fd6a57b072b265cf/execute/sync'
16:14:02.679 [AsyncHttpClient-1-2] DEBUG org.asynchttpclient.netty.handler.HttpHandler - 

Request DefaultHttpRequest(decodeResult: success, version: HTTP/1.1)
POST /session/2ebbd27de7180558fd6a57b072b265cf/execute/sync HTTP/1.1
User-Agent: selenium/4.8.1 (java windows)
Content-Length: 176
Content-Type: application/json; charset=utf-8
host: localhost:41810
accept: */*

Response DefaultHttpResponse(decodeResult: success, version: HTTP/1.1)
HTTP/1.1 200 OK
Content-Length: 5992
Content-Type: application/json; charset=utf-8
cache-control: no-cache

16:14:02.680 [AsyncHttpClient-1-2] DEBUG org.asynchttpclient.netty.channel.ChannelManager - Adding key: http://localhost:41810 for channel [id: 0x461b50f8, L:/127.0.0.1:14833 - R:localhost/127.0.0.1:41810]
16:14:03.244 [AsyncHttpClient-1-1] DEBUG org.asynchttpclient.netty.channel.DefaultChannelPool - Entry count for : http://localhost:41810 : 1
16:14:03.244 [AsyncHttpClient-1-1] DEBUG org.asynchttpclient.netty.channel.DefaultChannelPool - Entry count for : http://localhost:14834 : 1
16:14:03.285 [Forwarding getCurrentUrl on session 2ebbd27de7180558fd6a57b072b265cf to remote] DEBUG org.asynchttpclient.netty.request.NettyRequestSender - Using pooled Channel '[id: 0x461b50f8, L:/127.0.0.1:14833 - R:localhost/127.0.0.1:41810]' for 'GET' to 'http://localhost:41810/session/2ebbd27de7180558fd6a57b072b265cf/url'
16:14:03.285 [Forwarding getCurrentUrl on session 2ebbd27de7180558fd6a57b072b265cf to remote] DEBUG org.asynchttpclient.netty.request.NettyRequestSender - Using open Channel [id: 0x461b50f8, L:/127.0.0.1:14833 - R:localhost/127.0.0.1:41810] for GET '/session/2ebbd27de7180558fd6a57b072b265cf/url'
16:14:03.290 [AsyncHttpClient-1-2] DEBUG org.asynchttpclient.netty.handler.HttpHandler - 

Request DefaultFullHttpRequest(decodeResult: success, version: HTTP/1.1, content: EmptyByteBufBE)
GET /session/2ebbd27de7180558fd6a57b072b265cf/url HTTP/1.1
User-Agent: selenium/4.8.1 (java windows)
Cache-Control: no-cache
Content-Type: application/json; charset=utf-8
host: localhost:41810
accept: */*

Response DefaultHttpResponse(decodeResult: success, version: HTTP/1.1)
HTTP/1.1 200 OK
Content-Length: 64
Content-Type: application/json; charset=utf-8
cache-control: no-cache

16:14:03.290 [AsyncHttpClient-1-2] DEBUG org.asynchttpclient.netty.channel.ChannelManager - Adding key: http://localhost:41810 for channel [id: 0x461b50f8, L:/127.0.0.1:14833 - R:localhost/127.0.0.1:41810]
16:14:03.308 [Forwarding getAlertText on session 2ebbd27de7180558fd6a57b072b265cf to remote] DEBUG org.asynchttpclient.netty.request.NettyRequestSender - Using pooled Channel '[id: 0x461b50f8, L:/127.0.0.1:14833 - R:localhost/127.0.0.1:41810]' for 'GET' to 'http://localhost:41810/session/2ebbd27de7180558fd6a57b072b265cf/alert/text'
16:14:03.308 [Forwarding getAlertText on session 2ebbd27de7180558fd6a57b072b265cf to remote] DEBUG org.asynchttpclient.netty.request.NettyRequestSender - Using open Channel [id: 0x461b50f8, L:/127.0.0.1:14833 - R:localhost/127.0.0.1:41810] for GET '/session/2ebbd27de7180558fd6a57b072b265cf/alert/text'
16:14:03.310 [AsyncHttpClient-1-2] DEBUG org.asynchttpclient.netty.handler.HttpHandler - 

Request DefaultFullHttpRequest(decodeResult: success, version: HTTP/1.1, content: EmptyByteBufBE)
GET /session/2ebbd27de7180558fd6a57b072b265cf/alert/text HTTP/1.1
User-Agent: selenium/4.8.1 (java windows)
Cache-Control: no-cache
Content-Type: application/json; charset=utf-8
host: localhost:41810
accept: */*

Response DefaultHttpResponse(decodeResult: success, version: HTTP/1.1)
HTTP/1.1 404 Not Found
Content-Length: 807
Content-Type: application/json; charset=utf-8
cache-control: no-cache

16:14:03.310 [AsyncHttpClient-1-2] DEBUG org.asynchttpclient.netty.channel.ChannelManager - Adding key: http://localhost:41810 for channel [id: 0x461b50f8, L:/127.0.0.1:14833 - R:localhost/127.0.0.1:41810]
16:14:03.311 [Forwarding getCurrentUrl on session 2ebbd27de7180558fd6a57b072b265cf to remote] DEBUG org.asynchttpclient.netty.request.NettyRequestSender - Using pooled Channel '[id: 0x461b50f8, L:/127.0.0.1:14833 - R:localhost/127.0.0.1:41810]' for 'GET' to 'http://localhost:41810/session/2ebbd27de7180558fd6a57b072b265cf/url'
16:14:03.311 [Forwarding getCurrentUrl on session 2ebbd27de7180558fd6a57b072b265cf to remote] DEBUG org.asynchttpclient.netty.request.NettyRequestSender - Using open Channel [id: 0x461b50f8, L:/127.0.0.1:14833 - R:localhost/127.0.0.1:41810] for GET '/session/2ebbd27de7180558fd6a57b072b265cf/url'
16:14:03.316 [AsyncHttpClient-1-2] DEBUG org.asynchttpclient.netty.handler.HttpHandler - 

Request DefaultFullHttpRequest(decodeResult: success, version: HTTP/1.1, content: EmptyByteBufBE)
GET /session/2ebbd27de7180558fd6a57b072b265cf/url HTTP/1.1
User-Agent: selenium/4.8.1 (java windows)
Cache-Control: no-cache
Content-Type: application/json; charset=utf-8
host: localhost:41810
accept: */*

Response DefaultHttpResponse(decodeResult: success, version: HTTP/1.1)
HTTP/1.1 200 OK
Content-Length: 64
Content-Type: application/json; charset=utf-8
cache-control: no-cache

16:14:03.317 [AsyncHttpClient-1-2] DEBUG org.asynchttpclient.netty.channel.ChannelManager - Adding key: http://localhost:41810 for channel [id: 0x461b50f8, L:/127.0.0.1:14833 - R:localhost/127.0.0.1:41810]
16:14:03.318 [Forwarding screenshot on session 2ebbd27de7180558fd6a57b072b265cf to remote] DEBUG org.asynchttpclient.netty.request.NettyRequestSender - Using pooled Channel '[id: 0x461b50f8, L:/127.0.0.1:14833 - R:localhost/127.0.0.1:41810]' for 'GET' to 'http://localhost:41810/session/2ebbd27de7180558fd6a57b072b265cf/screenshot'
16:14:03.318 [Forwarding screenshot on session 2ebbd27de7180558fd6a57b072b265cf to remote] DEBUG org.asynchttpclient.netty.request.NettyRequestSender - Using open Channel [id: 0x461b50f8, L:/127.0.0.1:14833 - R:localhost/127.0.0.1:41810] for GET '/session/2ebbd27de7180558fd6a57b072b265cf/screenshot'
16:14:03.397 [AsyncHttpClient-1-2] DEBUG org.asynchttpclient.netty.handler.HttpHandler - 

Request DefaultFullHttpRequest(decodeResult: success, version: HTTP/1.1, content: EmptyByteBufBE)
GET /session/2ebbd27de7180558fd6a57b072b265cf/screenshot HTTP/1.1
User-Agent: selenium/4.8.1 (java windows)
Cache-Control: no-cache
Content-Type: application/json; charset=utf-8
host: localhost:41810
accept: */*

Response DefaultHttpResponse(decodeResult: success, version: HTTP/1.1)
HTTP/1.1 200 OK
Content-Length: 125580
Content-Type: application/json; charset=utf-8
cache-control: no-cache

16:14:03.398 [AsyncHttpClient-1-2] DEBUG org.asynchttpclient.netty.channel.ChannelManager - Adding key: http://localhost:41810 for channel [id: 0x461b50f8, L:/127.0.0.1:14833 - R:localhost/127.0.0.1:41810]
16:14:03.403 [main] DEBUG net.serenitybdd.core.photography.Darkroom - Send negative for processing for target\site\serenity\ccb94ee3b183862011abf47996db7c6ab1ad97fa806bc5f8198c267c124a2f52.png
16:14:03.405 [Forwarding getPageSource on session 2ebbd27de7180558fd6a57b072b265cf to remote] DEBUG org.asynchttpclient.netty.request.NettyRequestSender - Using pooled Channel '[id: 0x461b50f8, L:/127.0.0.1:14833 - R:localhost/127.0.0.1:41810]' for 'POST' to 'http://localhost:41810/session/2ebbd27de7180558fd6a57b072b265cf/execute/sync'
16:14:03.405 [Forwarding getPageSource on session 2ebbd27de7180558fd6a57b072b265cf to remote] DEBUG org.asynchttpclient.netty.request.NettyRequestSender - Using open Channel [id: 0x461b50f8, L:/127.0.0.1:14833 - R:localhost/127.0.0.1:41810] for POST '/session/2ebbd27de7180558fd6a57b072b265cf/execute/sync'
16:14:03.412 [AsyncHttpClient-1-2] DEBUG org.asynchttpclient.netty.handler.HttpHandler - 

Request DefaultHttpRequest(decodeResult: success, version: HTTP/1.1)
POST /session/2ebbd27de7180558fd6a57b072b265cf/execute/sync HTTP/1.1
User-Agent: selenium/4.8.1 (java windows)
Content-Length: 176
Content-Type: application/json; charset=utf-8
host: localhost:41810
accept: */*

Response DefaultHttpResponse(decodeResult: success, version: HTTP/1.1)
HTTP/1.1 200 OK
Content-Length: 5992
Content-Type: application/json; charset=utf-8
cache-control: no-cache

16:14:03.412 [AsyncHttpClient-1-2] DEBUG org.asynchttpclient.netty.channel.ChannelManager - Adding key: http://localhost:41810 for channel [id: 0x461b50f8, L:/127.0.0.1:14833 - R:localhost/127.0.0.1:41810]
16:14:03.416 [Forwarding getCurrentUrl on session 2ebbd27de7180558fd6a57b072b265cf to remote] DEBUG org.asynchttpclient.netty.request.NettyRequestSender - Using pooled Channel '[id: 0x461b50f8, L:/127.0.0.1:14833 - R:localhost/127.0.0.1:41810]' for 'GET' to 'http://localhost:41810/session/2ebbd27de7180558fd6a57b072b265cf/url'
16:14:03.416 [Forwarding getCurrentUrl on session 2ebbd27de7180558fd6a57b072b265cf to remote] DEBUG org.asynchttpclient.netty.request.NettyRequestSender - Using open Channel [id: 0x461b50f8, L:/127.0.0.1:14833 - R:localhost/127.0.0.1:41810] for GET '/session/2ebbd27de7180558fd6a57b072b265cf/url'
16:14:03.421 [AsyncHttpClient-1-2] DEBUG org.asynchttpclient.netty.handler.HttpHandler - 

Request DefaultFullHttpRequest(decodeResult: success, version: HTTP/1.1, content: EmptyByteBufBE)
GET /session/2ebbd27de7180558fd6a57b072b265cf/url HTTP/1.1
User-Agent: selenium/4.8.1 (java windows)
Cache-Control: no-cache
Content-Type: application/json; charset=utf-8
host: localhost:41810
accept: */*

Response DefaultHttpResponse(decodeResult: success, version: HTTP/1.1)
HTTP/1.1 200 OK
Content-Length: 64
Content-Type: application/json; charset=utf-8
cache-control: no-cache

16:14:03.422 [AsyncHttpClient-1-2] DEBUG org.asynchttpclient.netty.channel.ChannelManager - Adding key: http://localhost:41810 for channel [id: 0x461b50f8, L:/127.0.0.1:14833 - R:localhost/127.0.0.1:41810]
16:14:03.424 [main] DEBUG net.thucydides.core.steps.StepInterceptor - STARTING STEP: AddStockCreditSteps.inputEmaill - inputEmaill
16:14:03.437 [Forwarding findElement on session 2ebbd27de7180558fd6a57b072b265cf to remote] DEBUG org.asynchttpclient.netty.request.NettyRequestSender - Using pooled Channel '[id: 0x461b50f8, L:/127.0.0.1:14833 - R:localhost/127.0.0.1:41810]' for 'POST' to 'http://localhost:41810/session/2ebbd27de7180558fd6a57b072b265cf/element'
16:14:03.437 [Forwarding findElement on session 2ebbd27de7180558fd6a57b072b265cf to remote] DEBUG org.asynchttpclient.netty.request.NettyRequestSender - Using open Channel [id: 0x461b50f8, L:/127.0.0.1:14833 - R:localhost/127.0.0.1:41810] for POST '/session/2ebbd27de7180558fd6a57b072b265cf/element'
16:14:03.668 [AsyncHttpClient-1-2] DEBUG org.asynchttpclient.netty.handler.HttpHandler - 

Request DefaultHttpRequest(decodeResult: success, version: HTTP/1.1)
POST /session/2ebbd27de7180558fd6a57b072b265cf/element HTTP/1.1
User-Agent: selenium/4.8.1 (java windows)
Content-Length: 67
Content-Type: application/json; charset=utf-8
host: localhost:41810
accept: */*

Response DefaultHttpResponse(decodeResult: success, version: HTTP/1.1)
HTTP/1.1 200 OK
Content-Length: 94
Content-Type: application/json; charset=utf-8
cache-control: no-cache

16:14:03.669 [AsyncHttpClient-1-2] DEBUG org.asynchttpclient.netty.channel.ChannelManager - Adding key: http://localhost:41810 for channel [id: 0x461b50f8, L:/127.0.0.1:14833 - R:localhost/127.0.0.1:41810]
16:14:03.681 [Forwarding clearElement on session 2ebbd27de7180558fd6a57b072b265cf to remote] DEBUG org.asynchttpclient.netty.request.NettyRequestSender - Using pooled Channel '[id: 0x461b50f8, L:/127.0.0.1:14833 - R:localhost/127.0.0.1:41810]' for 'POST' to 'http://localhost:41810/session/2ebbd27de7180558fd6a57b072b265cf/element/7E15B117A47E3D7A8E693A09476F1E2D_element_8/clear'
16:14:03.681 [Forwarding clearElement on session 2ebbd27de7180558fd6a57b072b265cf to remote] DEBUG org.asynchttpclient.netty.request.NettyRequestSender - Using open Channel [id: 0x461b50f8, L:/127.0.0.1:14833 - R:localhost/127.0.0.1:41810] for POST '/session/2ebbd27de7180558fd6a57b072b265cf/element/7E15B117A47E3D7A8E693A09476F1E2D_element_8/clear'
16:14:03.855 [AsyncHttpClient-1-2] DEBUG org.asynchttpclient.netty.handler.HttpHandler - 

Request DefaultHttpRequest(decodeResult: success, version: HTTP/1.1)
POST /session/2ebbd27de7180558fd6a57b072b265cf/element/7E15B117A47E3D7A8E693A09476F1E2D_element_8/clear HTTP/1.1
User-Agent: selenium/4.8.1 (java windows)
Content-Length: 56
Content-Type: application/json; charset=utf-8
host: localhost:41810
accept: */*

Response DefaultHttpResponse(decodeResult: success, version: HTTP/1.1)
HTTP/1.1 200 OK
Content-Length: 14
Content-Type: application/json; charset=utf-8
cache-control: no-cache

16:14:03.856 [AsyncHttpClient-1-2] DEBUG org.asynchttpclient.netty.channel.ChannelManager - Adding key: http://localhost:41810 for channel [id: 0x461b50f8, L:/127.0.0.1:14833 - R:localhost/127.0.0.1:41810]
16:14:03.860 [Forwarding sendKeysToElement on session 2ebbd27de7180558fd6a57b072b265cf to remote] DEBUG org.asynchttpclient.netty.request.NettyRequestSender - Using pooled Channel '[id: 0x461b50f8, L:/127.0.0.1:14833 - R:localhost/127.0.0.1:41810]' for 'POST' to 'http://localhost:41810/session/2ebbd27de7180558fd6a57b072b265cf/element/7E15B117A47E3D7A8E693A09476F1E2D_element_8/value'
16:14:03.860 [Forwarding sendKeysToElement on session 2ebbd27de7180558fd6a57b072b265cf to remote] DEBUG org.asynchttpclient.netty.request.NettyRequestSender - Using open Channel [id: 0x461b50f8, L:/127.0.0.1:14833 - R:localhost/127.0.0.1:41810] for POST '/session/2ebbd27de7180558fd6a57b072b265cf/element/7E15B117A47E3D7A8E693A09476F1E2D_element_8/value'
16:14:04.344 [AsyncHttpClient-1-1] DEBUG org.asynchttpclient.netty.channel.DefaultChannelPool - Entry count for : http://localhost:14834 : 1
16:14:05.454 [AsyncHttpClient-1-1] DEBUG org.asynchttpclient.netty.channel.DefaultChannelPool - Entry count for : http://localhost:14834 : 1
16:14:05.837 [AsyncHttpClient-1-2] DEBUG org.asynchttpclient.netty.handler.HttpHandler - 

Request DefaultHttpRequest(decodeResult: success, version: HTTP/1.1)
POST /session/2ebbd27de7180558fd6a57b072b265cf/element/7E15B117A47E3D7A8E693A09476F1E2D_element_8/value HTTP/1.1
User-Agent: selenium/4.8.1 (java windows)
Content-Length: 257
Content-Type: application/json; charset=utf-8
host: localhost:41810
accept: */*

Response DefaultHttpResponse(decodeResult: success, version: HTTP/1.1)
HTTP/1.1 200 OK
Content-Length: 14
Content-Type: application/json; charset=utf-8
cache-control: no-cache

16:14:05.838 [AsyncHttpClient-1-2] DEBUG org.asynchttpclient.netty.channel.ChannelManager - Adding key: http://localhost:41810 for channel [id: 0x461b50f8, L:/127.0.0.1:14833 - R:localhost/127.0.0.1:41810]
16:14:05.887 [Forwarding getAlertText on session 2ebbd27de7180558fd6a57b072b265cf to remote] DEBUG org.asynchttpclient.netty.request.NettyRequestSender - Using pooled Channel '[id: 0x461b50f8, L:/127.0.0.1:14833 - R:localhost/127.0.0.1:41810]' for 'GET' to 'http://localhost:41810/session/2ebbd27de7180558fd6a57b072b265cf/alert/text'
16:14:05.887 [Forwarding getAlertText on session 2ebbd27de7180558fd6a57b072b265cf to remote] DEBUG org.asynchttpclient.netty.request.NettyRequestSender - Using open Channel [id: 0x461b50f8, L:/127.0.0.1:14833 - R:localhost/127.0.0.1:41810] for GET '/session/2ebbd27de7180558fd6a57b072b265cf/alert/text'
16:14:05.917 [AsyncHttpClient-1-2] DEBUG org.asynchttpclient.netty.handler.HttpHandler - 

Request DefaultFullHttpRequest(decodeResult: success, version: HTTP/1.1, content: EmptyByteBufBE)
GET /session/2ebbd27de7180558fd6a57b072b265cf/alert/text HTTP/1.1
User-Agent: selenium/4.8.1 (java windows)
Cache-Control: no-cache
Content-Type: application/json; charset=utf-8
host: localhost:41810
accept: */*

Response DefaultHttpResponse(decodeResult: success, version: HTTP/1.1)
HTTP/1.1 404 Not Found
Content-Length: 807
Content-Type: application/json; charset=utf-8
cache-control: no-cache

16:14:05.918 [AsyncHttpClient-1-2] DEBUG org.asynchttpclient.netty.channel.ChannelManager - Adding key: http://localhost:41810 for channel [id: 0x461b50f8, L:/127.0.0.1:14833 - R:localhost/127.0.0.1:41810]
16:14:05.924 [Forwarding getCurrentUrl on session 2ebbd27de7180558fd6a57b072b265cf to remote] DEBUG org.asynchttpclient.netty.request.NettyRequestSender - Using pooled Channel '[id: 0x461b50f8, L:/127.0.0.1:14833 - R:localhost/127.0.0.1:41810]' for 'GET' to 'http://localhost:41810/session/2ebbd27de7180558fd6a57b072b265cf/url'
16:14:05.924 [Forwarding getCurrentUrl on session 2ebbd27de7180558fd6a57b072b265cf to remote] DEBUG org.asynchttpclient.netty.request.NettyRequestSender - Using open Channel [id: 0x461b50f8, L:/127.0.0.1:14833 - R:localhost/127.0.0.1:41810] for GET '/session/2ebbd27de7180558fd6a57b072b265cf/url'
16:14:05.950 [AsyncHttpClient-1-2] DEBUG org.asynchttpclient.netty.handler.HttpHandler - 

Request DefaultFullHttpRequest(decodeResult: success, version: HTTP/1.1, content: EmptyByteBufBE)
GET /session/2ebbd27de7180558fd6a57b072b265cf/url HTTP/1.1
User-Agent: selenium/4.8.1 (java windows)
Cache-Control: no-cache
Content-Type: application/json; charset=utf-8
host: localhost:41810
accept: */*

Response DefaultHttpResponse(decodeResult: success, version: HTTP/1.1)
HTTP/1.1 200 OK
Content-Length: 64
Content-Type: application/json; charset=utf-8
cache-control: no-cache

16:14:05.951 [AsyncHttpClient-1-2] DEBUG org.asynchttpclient.netty.channel.ChannelManager - Adding key: http://localhost:41810 for channel [id: 0x461b50f8, L:/127.0.0.1:14833 - R:localhost/127.0.0.1:41810]
16:14:05.956 [Forwarding screenshot on session 2ebbd27de7180558fd6a57b072b265cf to remote] DEBUG org.asynchttpclient.netty.request.NettyRequestSender - Using pooled Channel '[id: 0x461b50f8, L:/127.0.0.1:14833 - R:localhost/127.0.0.1:41810]' for 'GET' to 'http://localhost:41810/session/2ebbd27de7180558fd6a57b072b265cf/screenshot'
16:14:05.956 [Forwarding screenshot on session 2ebbd27de7180558fd6a57b072b265cf to remote] DEBUG org.asynchttpclient.netty.request.NettyRequestSender - Using open Channel [id: 0x461b50f8, L:/127.0.0.1:14833 - R:localhost/127.0.0.1:41810] for GET '/session/2ebbd27de7180558fd6a57b072b265cf/screenshot'
16:14:06.080 [AsyncHttpClient-1-2] DEBUG org.asynchttpclient.netty.handler.HttpHandler - 

Request DefaultFullHttpRequest(decodeResult: success, version: HTTP/1.1, content: EmptyByteBufBE)
GET /session/2ebbd27de7180558fd6a57b072b265cf/screenshot HTTP/1.1
User-Agent: selenium/4.8.1 (java windows)
Cache-Control: no-cache
Content-Type: application/json; charset=utf-8
host: localhost:41810
accept: */*

Response DefaultHttpResponse(decodeResult: success, version: HTTP/1.1)
HTTP/1.1 200 OK
Content-Length: 126860
Content-Type: application/json; charset=utf-8
cache-control: no-cache

16:14:06.081 [AsyncHttpClient-1-2] DEBUG org.asynchttpclient.netty.channel.ChannelManager - Adding key: http://localhost:41810 for channel [id: 0x461b50f8, L:/127.0.0.1:14833 - R:localhost/127.0.0.1:41810]
16:14:06.087 [main] DEBUG net.serenitybdd.core.photography.Darkroom - Send negative for processing for target\site\serenity\8ea53f2fd0462607c1a1f7d4f2d323be033f245facd593f5983c52b2a015fa62.png
16:14:06.087 [Darkroom Processing Line] DEBUG net.serenitybdd.core.photography.DarkroomProcessingLine - Processing screenshot image in /var/screenshots/screenshot-8014277640393320992
16:14:06.087 [Darkroom Processing Line] DEBUG net.serenitybdd.core.photography.DarkroomProcessingLine - Saving screenshot to target\site\serenity\8ea53f2fd0462607c1a1f7d4f2d323be033f245facd593f5983c52b2a015fa62.png
16:14:06.088 [main] DEBUG net.thucydides.core.steps.StepInterceptor - STEP DONE: inputEmaill
  &amp#27;[32mWhen &amp#27;[0m&amp#27;[32mI input emaill&amp#27;[0m                                       &amp#27;[90m# Starter.Stepdefitions.AddStockCreditSteps.inputEmaill()&amp#27;[0m
16:14:06.099 [Forwarding getPageSource on session 2ebbd27de7180558fd6a57b072b265cf to remote] DEBUG org.asynchttpclient.netty.request.NettyRequestSender - Using pooled Channel '[id: 0x461b50f8, L:/127.0.0.1:14833 - R:localhost/127.0.0.1:41810]' for 'POST' to 'http://localhost:41810/session/2ebbd27de7180558fd6a57b072b265cf/execute/sync'
16:14:06.099 [Forwarding getPageSource on session 2ebbd27de7180558fd6a57b072b265cf to remote] DEBUG org.asynchttpclient.netty.request.NettyRequestSender - Using open Channel [id: 0x461b50f8, L:/127.0.0.1:14833 - R:localhost/127.0.0.1:41810] for POST '/session/2ebbd27de7180558fd6a57b072b265cf/execute/sync'
16:14:06.104 [AsyncHttpClient-1-2] DEBUG org.asynchttpclient.netty.handler.HttpHandler - 

Request DefaultHttpRequest(decodeResult: success, version: HTTP/1.1)
POST /session/2ebbd27de7180558fd6a57b072b265cf/execute/sync HTTP/1.1
User-Agent: selenium/4.8.1 (java windows)
Content-Length: 176
Content-Type: application/json; charset=utf-8
host: localhost:41810
accept: */*

Response DefaultHttpResponse(decodeResult: success, version: HTTP/1.1)
HTTP/1.1 200 OK
Content-Length: 6025
Content-Type: application/json; charset=utf-8
cache-control: no-cache

16:14:06.104 [AsyncHttpClient-1-2] DEBUG org.asynchttpclient.netty.channel.ChannelManager - Adding key: http://localhost:41810 for channel [id: 0x461b50f8, L:/127.0.0.1:14833 - R:localhost/127.0.0.1:41810]
16:14:06.107 [Forwarding getCurrentUrl on session 2ebbd27de7180558fd6a57b072b265cf to remote] DEBUG org.asynchttpclient.netty.request.NettyRequestSender - Using pooled Channel '[id: 0x461b50f8, L:/127.0.0.1:14833 - R:localhost/127.0.0.1:41810]' for 'GET' to 'http://localhost:41810/session/2ebbd27de7180558fd6a57b072b265cf/url'
16:14:06.108 [Forwarding getCurrentUrl on session 2ebbd27de7180558fd6a57b072b265cf to remote] DEBUG org.asynchttpclient.netty.request.NettyRequestSender - Using open Channel [id: 0x461b50f8, L:/127.0.0.1:14833 - R:localhost/127.0.0.1:41810] for GET '/session/2ebbd27de7180558fd6a57b072b265cf/url'
16:14:06.112 [AsyncHttpClient-1-2] DEBUG org.asynchttpclient.netty.handler.HttpHandler - 

Request DefaultFullHttpRequest(decodeResult: success, version: HTTP/1.1, content: EmptyByteBufBE)
GET /session/2ebbd27de7180558fd6a57b072b265cf/url HTTP/1.1
User-Agent: selenium/4.8.1 (java windows)
Cache-Control: no-cache
Content-Type: application/json; charset=utf-8
host: localhost:41810
accept: */*

Response DefaultHttpResponse(decodeResult: success, version: HTTP/1.1)
HTTP/1.1 200 OK
Content-Length: 64
Content-Type: application/json; charset=utf-8
cache-control: no-cache

16:14:06.113 [AsyncHttpClient-1-2] DEBUG org.asynchttpclient.netty.channel.ChannelManager - Adding key: http://localhost:41810 for channel [id: 0x461b50f8, L:/127.0.0.1:14833 - R:localhost/127.0.0.1:41810]
16:14:06.126 [Forwarding getPageSource on session 2ebbd27de7180558fd6a57b072b265cf to remote] DEBUG org.asynchttpclient.netty.request.NettyRequestSender - Using pooled Channel '[id: 0x461b50f8, L:/127.0.0.1:14833 - R:localhost/127.0.0.1:41810]' for 'POST' to 'http://localhost:41810/session/2ebbd27de7180558fd6a57b072b265cf/execute/sync'
16:14:06.126 [Forwarding getPageSource on session 2ebbd27de7180558fd6a57b072b265cf to remote] DEBUG org.asynchttpclient.netty.request.NettyRequestSender - Using open Channel [id: 0x461b50f8, L:/127.0.0.1:14833 - R:localhost/127.0.0.1:41810] for POST '/session/2ebbd27de7180558fd6a57b072b265cf/execute/sync'
16:14:06.132 [AsyncHttpClient-1-2] DEBUG org.asynchttpclient.netty.handler.HttpHandler - 

Request DefaultHttpRequest(decodeResult: success, version: HTTP/1.1)
POST /session/2ebbd27de7180558fd6a57b072b265cf/execute/sync HTTP/1.1
User-Agent: selenium/4.8.1 (java windows)
Content-Length: 176
Content-Type: application/json; charset=utf-8
host: localhost:41810
accept: */*

Response DefaultHttpResponse(decodeResult: success, version: HTTP/1.1)
HTTP/1.1 200 OK
Content-Length: 6025
Content-Type: application/json; charset=utf-8
cache-control: no-cache

16:14:06.132 [AsyncHttpClient-1-2] DEBUG org.asynchttpclient.netty.channel.ChannelManager - Adding key: http://localhost:41810 for channel [id: 0x461b50f8, L:/127.0.0.1:14833 - R:localhost/127.0.0.1:41810]
16:14:06.135 [Forwarding getCurrentUrl on session 2ebbd27de7180558fd6a57b072b265cf to remote] DEBUG org.asynchttpclient.netty.request.NettyRequestSender - Using pooled Channel '[id: 0x461b50f8, L:/127.0.0.1:14833 - R:localhost/127.0.0.1:41810]' for 'GET' to 'http://localhost:41810/session/2ebbd27de7180558fd6a57b072b265cf/url'
16:14:06.135 [Forwarding getCurrentUrl on session 2ebbd27de7180558fd6a57b072b265cf to remote] DEBUG org.asynchttpclient.netty.request.NettyRequestSender - Using open Channel [id: 0x461b50f8, L:/127.0.0.1:14833 - R:localhost/127.0.0.1:41810] for GET '/session/2ebbd27de7180558fd6a57b072b265cf/url'
16:14:06.139 [AsyncHttpClient-1-2] DEBUG org.asynchttpclient.netty.handler.HttpHandler - 

Request DefaultFullHttpRequest(decodeResult: success, version: HTTP/1.1, content: EmptyByteBufBE)
GET /session/2ebbd27de7180558fd6a57b072b265cf/url HTTP/1.1
User-Agent: selenium/4.8.1 (java windows)
Cache-Control: no-cache
Content-Type: application/json; charset=utf-8
host: localhost:41810
accept: */*

Response DefaultHttpResponse(decodeResult: success, version: HTTP/1.1)
HTTP/1.1 200 OK
Content-Length: 64
Content-Type: application/json; charset=utf-8
cache-control: no-cache

16:14:06.140 [AsyncHttpClient-1-2] DEBUG org.asynchttpclient.netty.channel.ChannelManager - Adding key: http://localhost:41810 for channel [id: 0x461b50f8, L:/127.0.0.1:14833 - R:localhost/127.0.0.1:41810]
16:14:06.142 [main] DEBUG net.thucydides.core.steps.StepInterceptor - STARTING STEP: AddStockCreditSteps.inputPasswordd - inputPasswordd
16:14:06.145 [Forwarding findElement on session 2ebbd27de7180558fd6a57b072b265cf to remote] DEBUG org.asynchttpclient.netty.request.NettyRequestSender - Using pooled Channel '[id: 0x461b50f8, L:/127.0.0.1:14833 - R:localhost/127.0.0.1:41810]' for 'POST' to 'http://localhost:41810/session/2ebbd27de7180558fd6a57b072b265cf/element'
16:14:06.145 [Forwarding findElement on session 2ebbd27de7180558fd6a57b072b265cf to remote] DEBUG org.asynchttpclient.netty.request.NettyRequestSender - Using open Channel [id: 0x461b50f8, L:/127.0.0.1:14833 - R:localhost/127.0.0.1:41810] for POST '/session/2ebbd27de7180558fd6a57b072b265cf/element'
16:14:06.159 [AsyncHttpClient-1-2] DEBUG org.asynchttpclient.netty.handler.HttpHandler - 

Request DefaultHttpRequest(decodeResult: success, version: HTTP/1.1)
POST /session/2ebbd27de7180558fd6a57b072b265cf/element HTTP/1.1
User-Agent: selenium/4.8.1 (java windows)
Content-Length: 70
Content-Type: application/json; charset=utf-8
host: localhost:41810
accept: */*

Response DefaultHttpResponse(decodeResult: success, version: HTTP/1.1)
HTTP/1.1 200 OK
Content-Length: 95
Content-Type: application/json; charset=utf-8
cache-control: no-cache

16:14:06.159 [AsyncHttpClient-1-2] DEBUG org.asynchttpclient.netty.channel.ChannelManager - Adding key: http://localhost:41810 for channel [id: 0x461b50f8, L:/127.0.0.1:14833 - R:localhost/127.0.0.1:41810]
16:14:06.160 [Forwarding clearElement on session 2ebbd27de7180558fd6a57b072b265cf to remote] DEBUG org.asynchttpclient.netty.request.NettyRequestSender - Using pooled Channel '[id: 0x461b50f8, L:/127.0.0.1:14833 - R:localhost/127.0.0.1:41810]' for 'POST' to 'http://localhost:41810/session/2ebbd27de7180558fd6a57b072b265cf/element/7E15B117A47E3D7A8E693A09476F1E2D_element_11/clear'
16:14:06.160 [Forwarding clearElement on session 2ebbd27de7180558fd6a57b072b265cf to remote] DEBUG org.asynchttpclient.netty.request.NettyRequestSender - Using open Channel [id: 0x461b50f8, L:/127.0.0.1:14833 - R:localhost/127.0.0.1:41810] for POST '/session/2ebbd27de7180558fd6a57b072b265cf/element/7E15B117A47E3D7A8E693A09476F1E2D_element_11/clear'
16:14:06.186 [AsyncHttpClient-1-2] DEBUG org.asynchttpclient.netty.handler.HttpHandler - 

Request DefaultHttpRequest(decodeResult: success, version: HTTP/1.1)
POST /session/2ebbd27de7180558fd6a57b072b265cf/element/7E15B117A47E3D7A8E693A09476F1E2D_element_11/clear HTTP/1.1
User-Agent: selenium/4.8.1 (java windows)
Content-Length: 57
Content-Type: application/json; charset=utf-8
host: localhost:41810
accept: */*

Response DefaultHttpResponse(decodeResult: success, version: HTTP/1.1)
HTTP/1.1 200 OK
Content-Length: 14
Content-Type: application/json; charset=utf-8
cache-control: no-cache

16:14:06.186 [AsyncHttpClient-1-2] DEBUG org.asynchttpclient.netty.channel.ChannelManager - Adding key: http://localhost:41810 for channel [id: 0x461b50f8, L:/127.0.0.1:14833 - R:localhost/127.0.0.1:41810]
16:14:06.188 [Forwarding sendKeysToElement on session 2ebbd27de7180558fd6a57b072b265cf to remote] DEBUG org.asynchttpclient.netty.request.NettyRequestSender - Using pooled Channel '[id: 0x461b50f8, L:/127.0.0.1:14833 - R:localhost/127.0.0.1:41810]' for 'POST' to 'http://localhost:41810/session/2ebbd27de7180558fd6a57b072b265cf/element/7E15B117A47E3D7A8E693A09476F1E2D_element_11/value'
16:14:06.188 [Forwarding sendKeysToElement on session 2ebbd27de7180558fd6a57b072b265cf to remote] DEBUG org.asynchttpclient.netty.request.NettyRequestSender - Using open Channel [id: 0x461b50f8, L:/127.0.0.1:14833 - R:localhost/127.0.0.1:41810] for POST '/session/2ebbd27de7180558fd6a57b072b265cf/element/7E15B117A47E3D7A8E693A09476F1E2D_element_11/value'
16:14:06.463 [AsyncHttpClient-1-2] DEBUG org.asynchttpclient.netty.handler.HttpHandler - 

Request DefaultHttpRequest(decodeResult: success, version: HTTP/1.1)
POST /session/2ebbd27de7180558fd6a57b072b265cf/element/7E15B117A47E3D7A8E693A09476F1E2D_element_11/value HTTP/1.1
User-Agent: selenium/4.8.1 (java windows)
Content-Length: 198
Content-Type: application/json; charset=utf-8
host: localhost:41810
accept: */*

Response DefaultHttpResponse(decodeResult: success, version: HTTP/1.1)
HTTP/1.1 200 OK
Content-Length: 14
Content-Type: application/json; charset=utf-8
cache-control: no-cache

16:14:06.464 [AsyncHttpClient-1-2] DEBUG org.asynchttpclient.netty.channel.ChannelManager - Adding key: http://localhost:41810 for channel [id: 0x461b50f8, L:/127.0.0.1:14833 - R:localhost/127.0.0.1:41810]
16:14:06.478 [Forwarding getAlertText on session 2ebbd27de7180558fd6a57b072b265cf to remote] DEBUG org.asynchttpclient.netty.request.NettyRequestSender - Using pooled Channel '[id: 0x461b50f8, L:/127.0.0.1:14833 - R:localhost/127.0.0.1:41810]' for 'GET' to 'http://localhost:41810/session/2ebbd27de7180558fd6a57b072b265cf/alert/text'
16:14:06.478 [Forwarding getAlertText on session 2ebbd27de7180558fd6a57b072b265cf to remote] DEBUG org.asynchttpclient.netty.request.NettyRequestSender - Using open Channel [id: 0x461b50f8, L:/127.0.0.1:14833 - R:localhost/127.0.0.1:41810] for GET '/session/2ebbd27de7180558fd6a57b072b265cf/alert/text'
16:14:06.481 [AsyncHttpClient-1-2] DEBUG org.asynchttpclient.netty.handler.HttpHandler - 

Request DefaultFullHttpRequest(decodeResult: success, version: HTTP/1.1, content: EmptyByteBufBE)
GET /session/2ebbd27de7180558fd6a57b072b265cf/alert/text HTTP/1.1
User-Agent: selenium/4.8.1 (java windows)
Cache-Control: no-cache
Content-Type: application/json; charset=utf-8
host: localhost:41810
accept: */*

Response DefaultHttpResponse(decodeResult: success, version: HTTP/1.1)
HTTP/1.1 404 Not Found
Content-Length: 807
Content-Type: application/json; charset=utf-8
cache-control: no-cache

16:14:06.481 [AsyncHttpClient-1-2] DEBUG org.asynchttpclient.netty.channel.ChannelManager - Adding key: http://localhost:41810 for channel [id: 0x461b50f8, L:/127.0.0.1:14833 - R:localhost/127.0.0.1:41810]
16:14:06.484 [Forwarding getCurrentUrl on session 2ebbd27de7180558fd6a57b072b265cf to remote] DEBUG org.asynchttpclient.netty.request.NettyRequestSender - Using pooled Channel '[id: 0x461b50f8, L:/127.0.0.1:14833 - R:localhost/127.0.0.1:41810]' for 'GET' to 'http://localhost:41810/session/2ebbd27de7180558fd6a57b072b265cf/url'
16:14:06.484 [Forwarding getCurrentUrl on session 2ebbd27de7180558fd6a57b072b265cf to remote] DEBUG org.asynchttpclient.netty.request.NettyRequestSender - Using open Channel [id: 0x461b50f8, L:/127.0.0.1:14833 - R:localhost/127.0.0.1:41810] for GET '/session/2ebbd27de7180558fd6a57b072b265cf/url'
16:14:06.489 [AsyncHttpClient-1-2] DEBUG org.asynchttpclient.netty.handler.HttpHandler - 

Request DefaultFullHttpRequest(decodeResult: success, version: HTTP/1.1, content: EmptyByteBufBE)
GET /session/2ebbd27de7180558fd6a57b072b265cf/url HTTP/1.1
User-Agent: selenium/4.8.1 (java windows)
Cache-Control: no-cache
Content-Type: application/json; charset=utf-8
host: localhost:41810
accept: */*

Response DefaultHttpResponse(decodeResult: success, version: HTTP/1.1)
HTTP/1.1 200 OK
Content-Length: 64
Content-Type: application/json; charset=utf-8
cache-control: no-cache

16:14:06.490 [AsyncHttpClient-1-2] DEBUG org.asynchttpclient.netty.channel.ChannelManager - Adding key: http://localhost:41810 for channel [id: 0x461b50f8, L:/127.0.0.1:14833 - R:localhost/127.0.0.1:41810]
16:14:06.492 [Forwarding screenshot on session 2ebbd27de7180558fd6a57b072b265cf to remote] DEBUG org.asynchttpclient.netty.request.NettyRequestSender - Using pooled Channel '[id: 0x461b50f8, L:/127.0.0.1:14833 - R:localhost/127.0.0.1:41810]' for 'GET' to 'http://localhost:41810/session/2ebbd27de7180558fd6a57b072b265cf/screenshot'
16:14:06.492 [Forwarding screenshot on session 2ebbd27de7180558fd6a57b072b265cf to remote] DEBUG org.asynchttpclient.netty.request.NettyRequestSender - Using open Channel [id: 0x461b50f8, L:/127.0.0.1:14833 - R:localhost/127.0.0.1:41810] for GET '/session/2ebbd27de7180558fd6a57b072b265cf/screenshot'
16:14:06.543 [AsyncHttpClient-1-1] DEBUG org.asynchttpclient.netty.channel.DefaultChannelPool - Entry count for : http://localhost:14834 : 1
16:14:06.603 [AsyncHttpClient-1-2] DEBUG org.asynchttpclient.netty.handler.HttpHandler - 

Request DefaultFullHttpRequest(decodeResult: success, version: HTTP/1.1, content: EmptyByteBufBE)
GET /session/2ebbd27de7180558fd6a57b072b265cf/screenshot HTTP/1.1
User-Agent: selenium/4.8.1 (java windows)
Cache-Control: no-cache
Content-Type: application/json; charset=utf-8
host: localhost:41810
accept: */*

Response DefaultHttpResponse(decodeResult: success, version: HTTP/1.1)
HTTP/1.1 200 OK
Content-Length: 124768
Content-Type: application/json; charset=utf-8
cache-control: no-cache

16:14:06.604 [AsyncHttpClient-1-2] DEBUG org.asynchttpclient.netty.channel.ChannelManager - Adding key: http://localhost:41810 for channel [id: 0x461b50f8, L:/127.0.0.1:14833 - R:localhost/127.0.0.1:41810]
16:14:06.610 [main] DEBUG net.serenitybdd.core.photography.Darkroom - Send negative for processing for target\site\serenity\a482bc7bd961aca5e94723349c45a43c2640dfe964600ce63e970df6c5797a73.png
16:14:06.611 [main] DEBUG net.thucydides.core.steps.StepInterceptor - STEP DONE: inputPasswordd
16:14:06.611 [Darkroom Processing Line] DEBUG net.serenitybdd.core.photography.DarkroomProcessingLine - Processing screenshot image in /var/screenshots/screenshot-7321962858793723977
  &amp#27;[32mAnd &amp#27;[0m&amp#27;[32mI input passwordd&amp#27;[0m                                     &amp#27;[90m# Starter.Stepdefitions.AddStockCreditSteps.inputPasswordd()&amp#27;[0m
16:14:06.611 [Darkroom Processing Line] DEBUG net.serenitybdd.core.photography.DarkroomProcessingLine - Saving screenshot to target\site\serenity\a482bc7bd961aca5e94723349c45a43c2640dfe964600ce63e970df6c5797a73.png
16:14:06.620 [Forwarding getPageSource on session 2ebbd27de7180558fd6a57b072b265cf to remote] DEBUG org.asynchttpclient.netty.request.NettyRequestSender - Using pooled Channel '[id: 0x461b50f8, L:/127.0.0.1:14833 - R:localhost/127.0.0.1:41810]' for 'POST' to 'http://localhost:41810/session/2ebbd27de7180558fd6a57b072b265cf/execute/sync'
16:14:06.621 [Forwarding getPageSource on session 2ebbd27de7180558fd6a57b072b265cf to remote] DEBUG org.asynchttpclient.netty.request.NettyRequestSender - Using open Channel [id: 0x461b50f8, L:/127.0.0.1:14833 - R:localhost/127.0.0.1:41810] for POST '/session/2ebbd27de7180558fd6a57b072b265cf/execute/sync'
16:14:06.626 [AsyncHttpClient-1-2] DEBUG org.asynchttpclient.netty.handler.HttpHandler - 

Request DefaultHttpRequest(decodeResult: success, version: HTTP/1.1)
POST /session/2ebbd27de7180558fd6a57b072b265cf/execute/sync HTTP/1.1
User-Agent: selenium/4.8.1 (java windows)
Content-Length: 176
Content-Type: application/json; charset=utf-8
host: localhost:41810
accept: */*

Response DefaultHttpResponse(decodeResult: success, version: HTTP/1.1)
HTTP/1.1 200 OK
Content-Length: 6036
Content-Type: application/json; charset=utf-8
cache-control: no-cache

16:14:06.627 [AsyncHttpClient-1-2] DEBUG org.asynchttpclient.netty.channel.ChannelManager - Adding key: http://localhost:41810 for channel [id: 0x461b50f8, L:/127.0.0.1:14833 - R:localhost/127.0.0.1:41810]
16:14:06.634 [Forwarding getCurrentUrl on session 2ebbd27de7180558fd6a57b072b265cf to remote] DEBUG org.asynchttpclient.netty.request.NettyRequestSender - Using pooled Channel '[id: 0x461b50f8, L:/127.0.0.1:14833 - R:localhost/127.0.0.1:41810]' for 'GET' to 'http://localhost:41810/session/2ebbd27de7180558fd6a57b072b265cf/url'
16:14:06.635 [Forwarding getCurrentUrl on session 2ebbd27de7180558fd6a57b072b265cf to remote] DEBUG org.asynchttpclient.netty.request.NettyRequestSender - Using open Channel [id: 0x461b50f8, L:/127.0.0.1:14833 - R:localhost/127.0.0.1:41810] for GET '/session/2ebbd27de7180558fd6a57b072b265cf/url'
16:14:06.640 [AsyncHttpClient-1-2] DEBUG org.asynchttpclient.netty.handler.HttpHandler - 

Request DefaultFullHttpRequest(decodeResult: success, version: HTTP/1.1, content: EmptyByteBufBE)
GET /session/2ebbd27de7180558fd6a57b072b265cf/url HTTP/1.1
User-Agent: selenium/4.8.1 (java windows)
Cache-Control: no-cache
Content-Type: application/json; charset=utf-8
host: localhost:41810
accept: */*

Response DefaultHttpResponse(decodeResult: success, version: HTTP/1.1)
HTTP/1.1 200 OK
Content-Length: 64
Content-Type: application/json; charset=utf-8
cache-control: no-cache

16:14:06.641 [AsyncHttpClient-1-2] DEBUG org.asynchttpclient.netty.channel.ChannelManager - Adding key: http://localhost:41810 for channel [id: 0x461b50f8, L:/127.0.0.1:14833 - R:localhost/127.0.0.1:41810]
16:14:06.654 [Forwarding getPageSource on session 2ebbd27de7180558fd6a57b072b265cf to remote] DEBUG org.asynchttpclient.netty.request.NettyRequestSender - Using pooled Channel '[id: 0x461b50f8, L:/127.0.0.1:14833 - R:localhost/127.0.0.1:41810]' for 'POST' to 'http://localhost:41810/session/2ebbd27de7180558fd6a57b072b265cf/execute/sync'
16:14:06.654 [Forwarding getPageSource on session 2ebbd27de7180558fd6a57b072b265cf to remote] DEBUG org.asynchttpclient.netty.request.NettyRequestSender - Using open Channel [id: 0x461b50f8, L:/127.0.0.1:14833 - R:localhost/127.0.0.1:41810] for POST '/session/2ebbd27de7180558fd6a57b072b265cf/execute/sync'
16:14:06.659 [AsyncHttpClient-1-2] DEBUG org.asynchttpclient.netty.handler.HttpHandler - 

Request DefaultHttpRequest(decodeResult: success, version: HTTP/1.1)
POST /session/2ebbd27de7180558fd6a57b072b265cf/execute/sync HTTP/1.1
User-Agent: selenium/4.8.1 (java windows)
Content-Length: 176
Content-Type: application/json; charset=utf-8
host: localhost:41810
accept: */*

Response DefaultHttpResponse(decodeResult: success, version: HTTP/1.1)
HTTP/1.1 200 OK
Content-Length: 6036
Content-Type: application/json; charset=utf-8
cache-control: no-cache

16:14:06.660 [AsyncHttpClient-1-2] DEBUG org.asynchttpclient.netty.channel.ChannelManager - Adding key: http://localhost:41810 for channel [id: 0x461b50f8, L:/127.0.0.1:14833 - R:localhost/127.0.0.1:41810]
16:14:06.663 [Forwarding getCurrentUrl on session 2ebbd27de7180558fd6a57b072b265cf to remote] DEBUG org.asynchttpclient.netty.request.NettyRequestSender - Using pooled Channel '[id: 0x461b50f8, L:/127.0.0.1:14833 - R:localhost/127.0.0.1:41810]' for 'GET' to 'http://localhost:41810/session/2ebbd27de7180558fd6a57b072b265cf/url'
16:14:06.664 [Forwarding getCurrentUrl on session 2ebbd27de7180558fd6a57b072b265cf to remote] DEBUG org.asynchttpclient.netty.request.NettyRequestSender - Using open Channel [id: 0x461b50f8, L:/127.0.0.1:14833 - R:localhost/127.0.0.1:41810] for GET '/session/2ebbd27de7180558fd6a57b072b265cf/url'
16:14:06.668 [AsyncHttpClient-1-2] DEBUG org.asynchttpclient.netty.handler.HttpHandler - 

Request DefaultFullHttpRequest(decodeResult: success, version: HTTP/1.1, content: EmptyByteBufBE)
GET /session/2ebbd27de7180558fd6a57b072b265cf/url HTTP/1.1
User-Agent: selenium/4.8.1 (java windows)
Cache-Control: no-cache
Content-Type: application/json; charset=utf-8
host: localhost:41810
accept: */*

Response DefaultHttpResponse(decodeResult: success, version: HTTP/1.1)
HTTP/1.1 200 OK
Content-Length: 64
Content-Type: application/json; charset=utf-8
cache-control: no-cache

16:14:06.669 [AsyncHttpClient-1-2] DEBUG org.asynchttpclient.netty.channel.ChannelManager - Adding key: http://localhost:41810 for channel [id: 0x461b50f8, L:/127.0.0.1:14833 - R:localhost/127.0.0.1:41810]
16:14:06.670 [main] DEBUG net.thucydides.core.steps.StepInterceptor - STARTING STEP: AddStockCreditSteps.clickSignIn - clickLoginButtonn
16:14:06.697 [Forwarding findElement on session 2ebbd27de7180558fd6a57b072b265cf to remote] DEBUG org.asynchttpclient.netty.request.NettyRequestSender - Using pooled Channel '[id: 0x461b50f8, L:/127.0.0.1:14833 - R:localhost/127.0.0.1:41810]' for 'POST' to 'http://localhost:41810/session/2ebbd27de7180558fd6a57b072b265cf/element'
16:14:06.697 [Forwarding findElement on session 2ebbd27de7180558fd6a57b072b265cf to remote] DEBUG org.asynchttpclient.netty.request.NettyRequestSender - Using open Channel [id: 0x461b50f8, L:/127.0.0.1:14833 - R:localhost/127.0.0.1:41810] for POST '/session/2ebbd27de7180558fd6a57b072b265cf/element'
16:14:06.711 [AsyncHttpClient-1-2] DEBUG org.asynchttpclient.netty.handler.HttpHandler - 

Request DefaultHttpRequest(decodeResult: success, version: HTTP/1.1)
POST /session/2ebbd27de7180558fd6a57b072b265cf/element HTTP/1.1
User-Agent: selenium/4.8.1 (java windows)
Content-Length: 69
Content-Type: application/json; charset=utf-8
host: localhost:41810
accept: */*

Response DefaultHttpResponse(decodeResult: success, version: HTTP/1.1)
HTTP/1.1 200 OK
Content-Length: 95
Content-Type: application/json; charset=utf-8
cache-control: no-cache

16:14:06.711 [AsyncHttpClient-1-2] DEBUG org.asynchttpclient.netty.channel.ChannelManager - Adding key: http://localhost:41810 for channel [id: 0x461b50f8, L:/127.0.0.1:14833 - R:localhost/127.0.0.1:41810]
16:14:06.713 [Forwarding getElementTagName on session 2ebbd27de7180558fd6a57b072b265cf to remote] DEBUG org.asynchttpclient.netty.request.NettyRequestSender - Using pooled Channel '[id: 0x461b50f8, L:/127.0.0.1:14833 - R:localhost/127.0.0.1:41810]' for 'GET' to 'http://localhost:41810/session/2ebbd27de7180558fd6a57b072b265cf/element/7E15B117A47E3D7A8E693A09476F1E2D_element_14/name'
16:14:06.713 [Forwarding getElementTagName on session 2ebbd27de7180558fd6a57b072b265cf to remote] DEBUG org.asynchttpclient.netty.request.NettyRequestSender - Using open Channel [id: 0x461b50f8, L:/127.0.0.1:14833 - R:localhost/127.0.0.1:41810] for GET '/session/2ebbd27de7180558fd6a57b072b265cf/element/7E15B117A47E3D7A8E693A09476F1E2D_element_14/name'
16:14:06.719 [AsyncHttpClient-1-2] DEBUG org.asynchttpclient.netty.handler.HttpHandler - 

Request DefaultFullHttpRequest(decodeResult: success, version: HTTP/1.1, content: EmptyByteBufBE)
GET /session/2ebbd27de7180558fd6a57b072b265cf/element/7E15B117A47E3D7A8E693A09476F1E2D_element_14/name HTTP/1.1
User-Agent: selenium/4.8.1 (java windows)
Cache-Control: no-cache
Content-Type: application/json; charset=utf-8
host: localhost:41810
accept: */*

Response DefaultHttpResponse(decodeResult: success, version: HTTP/1.1)
HTTP/1.1 200 OK
Content-Length: 18
Content-Type: application/json; charset=utf-8
cache-control: no-cache

16:14:06.719 [AsyncHttpClient-1-2] DEBUG org.asynchttpclient.netty.channel.ChannelManager - Adding key: http://localhost:41810 for channel [id: 0x461b50f8, L:/127.0.0.1:14833 - R:localhost/127.0.0.1:41810]
16:14:06.721 [Forwarding getElementTagName on session 2ebbd27de7180558fd6a57b072b265cf to remote] DEBUG org.asynchttpclient.netty.request.NettyRequestSender - Using pooled Channel '[id: 0x461b50f8, L:/127.0.0.1:14833 - R:localhost/127.0.0.1:41810]' for 'GET' to 'http://localhost:41810/session/2ebbd27de7180558fd6a57b072b265cf/element/7E15B117A47E3D7A8E693A09476F1E2D_element_14/name'
16:14:06.721 [Forwarding getElementTagName on session 2ebbd27de7180558fd6a57b072b265cf to remote] DEBUG org.asynchttpclient.netty.request.NettyRequestSender - Using open Channel [id: 0x461b50f8, L:/127.0.0.1:14833 - R:localhost/127.0.0.1:41810] for GET '/session/2ebbd27de7180558fd6a57b072b265cf/element/7E15B117A47E3D7A8E693A09476F1E2D_element_14/name'
16:14:06.726 [AsyncHttpClient-1-2] DEBUG org.asynchttpclient.netty.handler.HttpHandler - 

Request DefaultFullHttpRequest(decodeResult: success, version: HTTP/1.1, content: EmptyByteBufBE)
GET /session/2ebbd27de7180558fd6a57b072b265cf/element/7E15B117A47E3D7A8E693A09476F1E2D_element_14/name HTTP/1.1
User-Agent: selenium/4.8.1 (java windows)
Cache-Control: no-cache
Content-Type: application/json; charset=utf-8
host: localhost:41810
accept: */*

Response DefaultHttpResponse(decodeResult: success, version: HTTP/1.1)
HTTP/1.1 200 OK
Content-Length: 18
Content-Type: application/json; charset=utf-8
cache-control: no-cache

16:14:06.726 [AsyncHttpClient-1-2] DEBUG org.asynchttpclient.netty.channel.ChannelManager - Adding key: http://localhost:41810 for channel [id: 0x461b50f8, L:/127.0.0.1:14833 - R:localhost/127.0.0.1:41810]
16:14:06.733 [Forwarding isElementEnabled on session 2ebbd27de7180558fd6a57b072b265cf to remote] DEBUG org.asynchttpclient.netty.request.NettyRequestSender - Using pooled Channel '[id: 0x461b50f8, L:/127.0.0.1:14833 - R:localhost/127.0.0.1:41810]' for 'GET' to 'http://localhost:41810/session/2ebbd27de7180558fd6a57b072b265cf/element/7E15B117A47E3D7A8E693A09476F1E2D_element_14/enabled'
16:14:06.733 [Forwarding isElementEnabled on session 2ebbd27de7180558fd6a57b072b265cf to remote] DEBUG org.asynchttpclient.netty.request.NettyRequestSender - Using open Channel [id: 0x461b50f8, L:/127.0.0.1:14833 - R:localhost/127.0.0.1:41810] for GET '/session/2ebbd27de7180558fd6a57b072b265cf/element/7E15B117A47E3D7A8E693A09476F1E2D_element_14/enabled'
16:14:06.742 [AsyncHttpClient-1-2] DEBUG org.asynchttpclient.netty.handler.HttpHandler - 

Request DefaultFullHttpRequest(decodeResult: success, version: HTTP/1.1, content: EmptyByteBufBE)
GET /session/2ebbd27de7180558fd6a57b072b265cf/element/7E15B117A47E3D7A8E693A09476F1E2D_element_14/enabled HTTP/1.1
User-Agent: selenium/4.8.1 (java windows)
Cache-Control: no-cache
Content-Type: application/json; charset=utf-8
host: localhost:41810
accept: */*

Response DefaultHttpResponse(decodeResult: success, version: HTTP/1.1)
HTTP/1.1 200 OK
Content-Length: 14
Content-Type: application/json; charset=utf-8
cache-control: no-cache

16:14:06.743 [AsyncHttpClient-1-2] DEBUG org.asynchttpclient.netty.channel.ChannelManager - Adding key: http://localhost:41810 for channel [id: 0x461b50f8, L:/127.0.0.1:14833 - R:localhost/127.0.0.1:41810]
16:14:06.745 [Forwarding isElementEnabled on session 2ebbd27de7180558fd6a57b072b265cf to remote] DEBUG org.asynchttpclient.netty.request.NettyRequestSender - Using pooled Channel '[id: 0x461b50f8, L:/127.0.0.1:14833 - R:localhost/127.0.0.1:41810]' for 'GET' to 'http://localhost:41810/session/2ebbd27de7180558fd6a57b072b265cf/element/7E15B117A47E3D7A8E693A09476F1E2D_element_14/enabled'
16:14:06.745 [Forwarding isElementEnabled on session 2ebbd27de7180558fd6a57b072b265cf to remote] DEBUG org.asynchttpclient.netty.request.NettyRequestSender - Using open Channel [id: 0x461b50f8, L:/127.0.0.1:14833 - R:localhost/127.0.0.1:41810] for GET '/session/2ebbd27de7180558fd6a57b072b265cf/element/7E15B117A47E3D7A8E693A09476F1E2D_element_14/enabled'
16:14:06.752 [AsyncHttpClient-1-2] DEBUG org.asynchttpclient.netty.handler.HttpHandler - 

Request DefaultFullHttpRequest(decodeResult: success, version: HTTP/1.1, content: EmptyByteBufBE)
GET /session/2ebbd27de7180558fd6a57b072b265cf/element/7E15B117A47E3D7A8E693A09476F1E2D_element_14/enabled HTTP/1.1
User-Agent: selenium/4.8.1 (java windows)
Cache-Control: no-cache
Content-Type: application/json; charset=utf-8
host: localhost:41810
accept: */*

Response DefaultHttpResponse(decodeResult: success, version: HTTP/1.1)
HTTP/1.1 200 OK
Content-Length: 14
Content-Type: application/json; charset=utf-8
cache-control: no-cache

16:14:06.752 [AsyncHttpClient-1-2] DEBUG org.asynchttpclient.netty.channel.ChannelManager - Adding key: http://localhost:41810 for channel [id: 0x461b50f8, L:/127.0.0.1:14833 - R:localhost/127.0.0.1:41810]
16:14:06.755 [Forwarding findElement on session 2ebbd27de7180558fd6a57b072b265cf to remote] DEBUG org.asynchttpclient.netty.request.NettyRequestSender - Using pooled Channel '[id: 0x461b50f8, L:/127.0.0.1:14833 - R:localhost/127.0.0.1:41810]' for 'POST' to 'http://localhost:41810/session/2ebbd27de7180558fd6a57b072b265cf/element'
16:14:06.755 [Forwarding findElement on session 2ebbd27de7180558fd6a57b072b265cf to remote] DEBUG org.asynchttpclient.netty.request.NettyRequestSender - Using open Channel [id: 0x461b50f8, L:/127.0.0.1:14833 - R:localhost/127.0.0.1:41810] for POST '/session/2ebbd27de7180558fd6a57b072b265cf/element'
16:14:06.763 [AsyncHttpClient-1-2] DEBUG org.asynchttpclient.netty.handler.HttpHandler - 

Request DefaultHttpRequest(decodeResult: success, version: HTTP/1.1)
POST /session/2ebbd27de7180558fd6a57b072b265cf/element HTTP/1.1
User-Agent: selenium/4.8.1 (java windows)
Content-Length: 69
Content-Type: application/json; charset=utf-8
host: localhost:41810
accept: */*

Response DefaultHttpResponse(decodeResult: success, version: HTTP/1.1)
HTTP/1.1 200 OK
Content-Length: 95
Content-Type: application/json; charset=utf-8
cache-control: no-cache

16:14:06.764 [AsyncHttpClient-1-2] DEBUG org.asynchttpclient.netty.channel.ChannelManager - Adding key: http://localhost:41810 for channel [id: 0x461b50f8, L:/127.0.0.1:14833 - R:localhost/127.0.0.1:41810]
16:14:06.765 [Forwarding clickElement on session 2ebbd27de7180558fd6a57b072b265cf to remote] DEBUG org.asynchttpclient.netty.request.NettyRequestSender - Using pooled Channel '[id: 0x461b50f8, L:/127.0.0.1:14833 - R:localhost/127.0.0.1:41810]' for 'POST' to 'http://localhost:41810/session/2ebbd27de7180558fd6a57b072b265cf/element/7E15B117A47E3D7A8E693A09476F1E2D_element_14/click'
16:14:06.765 [Forwarding clickElement on session 2ebbd27de7180558fd6a57b072b265cf to remote] DEBUG org.asynchttpclient.netty.request.NettyRequestSender - Using open Channel [id: 0x461b50f8, L:/127.0.0.1:14833 - R:localhost/127.0.0.1:41810] for POST '/session/2ebbd27de7180558fd6a57b072b265cf/element/7E15B117A47E3D7A8E693A09476F1E2D_element_14/click'
16:14:07.098 [AsyncHttpClient-1-2] DEBUG org.asynchttpclient.netty.handler.HttpHandler - 

Request DefaultHttpRequest(decodeResult: success, version: HTTP/1.1)
POST /session/2ebbd27de7180558fd6a57b072b265cf/element/7E15B117A47E3D7A8E693A09476F1E2D_element_14/click HTTP/1.1
User-Agent: selenium/4.8.1 (java windows)
Content-Length: 57
Content-Type: application/json; charset=utf-8
host: localhost:41810
accept: */*

Response DefaultHttpResponse(decodeResult: success, version: HTTP/1.1)
HTTP/1.1 200 OK
Content-Length: 14
Content-Type: application/json; charset=utf-8
cache-control: no-cache

16:14:07.098 [AsyncHttpClient-1-2] DEBUG org.asynchttpclient.netty.channel.ChannelManager - Adding key: http://localhost:41810 for channel [id: 0x461b50f8, L:/127.0.0.1:14833 - R:localhost/127.0.0.1:41810]
16:14:07.116 [Forwarding getAlertText on session 2ebbd27de7180558fd6a57b072b265cf to remote] DEBUG org.asynchttpclient.netty.request.NettyRequestSender - Using pooled Channel '[id: 0x461b50f8, L:/127.0.0.1:14833 - R:localhost/127.0.0.1:41810]' for 'GET' to 'http://localhost:41810/session/2ebbd27de7180558fd6a57b072b265cf/alert/text'
16:14:07.116 [Forwarding getAlertText on session 2ebbd27de7180558fd6a57b072b265cf to remote] DEBUG org.asynchttpclient.netty.request.NettyRequestSender - Using open Channel [id: 0x461b50f8, L:/127.0.0.1:14833 - R:localhost/127.0.0.1:41810] for GET '/session/2ebbd27de7180558fd6a57b072b265cf/alert/text'
16:14:07.126 [AsyncHttpClient-1-2] DEBUG org.asynchttpclient.netty.handler.HttpHandler - 

Request DefaultFullHttpRequest(decodeResult: success, version: HTTP/1.1, content: EmptyByteBufBE)
GET /session/2ebbd27de7180558fd6a57b072b265cf/alert/text HTTP/1.1
User-Agent: selenium/4.8.1 (java windows)
Cache-Control: no-cache
Content-Type: application/json; charset=utf-8
host: localhost:41810
accept: */*

Response DefaultHttpResponse(decodeResult: success, version: HTTP/1.1)
HTTP/1.1 404 Not Found
Content-Length: 807
Content-Type: application/json; charset=utf-8
cache-control: no-cache

16:14:07.127 [AsyncHttpClient-1-2] DEBUG org.asynchttpclient.netty.channel.ChannelManager - Adding key: http://localhost:41810 for channel [id: 0x461b50f8, L:/127.0.0.1:14833 - R:localhost/127.0.0.1:41810]
16:14:07.129 [Forwarding getCurrentUrl on session 2ebbd27de7180558fd6a57b072b265cf to remote] DEBUG org.asynchttpclient.netty.request.NettyRequestSender - Using pooled Channel '[id: 0x461b50f8, L:/127.0.0.1:14833 - R:localhost/127.0.0.1:41810]' for 'GET' to 'http://localhost:41810/session/2ebbd27de7180558fd6a57b072b265cf/url'
16:14:07.129 [Forwarding getCurrentUrl on session 2ebbd27de7180558fd6a57b072b265cf to remote] DEBUG org.asynchttpclient.netty.request.NettyRequestSender - Using open Channel [id: 0x461b50f8, L:/127.0.0.1:14833 - R:localhost/127.0.0.1:41810] for GET '/session/2ebbd27de7180558fd6a57b072b265cf/url'
16:14:07.133 [AsyncHttpClient-1-2] DEBUG org.asynchttpclient.netty.handler.HttpHandler - 

Request DefaultFullHttpRequest(decodeResult: success, version: HTTP/1.1, content: EmptyByteBufBE)
GET /session/2ebbd27de7180558fd6a57b072b265cf/url HTTP/1.1
User-Agent: selenium/4.8.1 (java windows)
Cache-Control: no-cache
Content-Type: application/json; charset=utf-8
host: localhost:41810
accept: */*

Response DefaultHttpResponse(decodeResult: success, version: HTTP/1.1)
HTTP/1.1 200 OK
Content-Length: 64
Content-Type: application/json; charset=utf-8
cache-control: no-cache

16:14:07.134 [AsyncHttpClient-1-2] DEBUG org.asynchttpclient.netty.channel.ChannelManager - Adding key: http://localhost:41810 for channel [id: 0x461b50f8, L:/127.0.0.1:14833 - R:localhost/127.0.0.1:41810]
16:14:07.135 [Forwarding screenshot on session 2ebbd27de7180558fd6a57b072b265cf to remote] DEBUG org.asynchttpclient.netty.request.NettyRequestSender - Using pooled Channel '[id: 0x461b50f8, L:/127.0.0.1:14833 - R:localhost/127.0.0.1:41810]' for 'GET' to 'http://localhost:41810/session/2ebbd27de7180558fd6a57b072b265cf/screenshot'
16:14:07.135 [Forwarding screenshot on session 2ebbd27de7180558fd6a57b072b265cf to remote] DEBUG org.asynchttpclient.netty.request.NettyRequestSender - Using open Channel [id: 0x461b50f8, L:/127.0.0.1:14833 - R:localhost/127.0.0.1:41810] for GET '/session/2ebbd27de7180558fd6a57b072b265cf/screenshot'
16:14:07.292 [AsyncHttpClient-1-2] DEBUG org.asynchttpclient.netty.handler.HttpHandler - 

Request DefaultFullHttpRequest(decodeResult: success, version: HTTP/1.1, content: EmptyByteBufBE)
GET /session/2ebbd27de7180558fd6a57b072b265cf/screenshot HTTP/1.1
User-Agent: selenium/4.8.1 (java windows)
Cache-Control: no-cache
Content-Type: application/json; charset=utf-8
host: localhost:41810
accept: */*

Response DefaultHttpResponse(decodeResult: success, version: HTTP/1.1)
HTTP/1.1 200 OK
Content-Length: 124660
Content-Type: application/json; charset=utf-8
cache-control: no-cache

16:14:07.294 [AsyncHttpClient-1-2] DEBUG org.asynchttpclient.netty.channel.ChannelManager - Adding key: http://localhost:41810 for channel [id: 0x461b50f8, L:/127.0.0.1:14833 - R:localhost/127.0.0.1:41810]
16:14:07.308 [main] DEBUG net.serenitybdd.core.photography.Darkroom - Send negative for processing for target\site\serenity\45769caa4a95890d19bf63de93ea61375ab3948e42f0bcdc5c8c16034218fef7.png
16:14:07.309 [Darkroom Processing Line] DEBUG net.serenitybdd.core.photography.DarkroomProcessingLine - Processing screenshot image in /var/screenshots/screenshot-576041052076532270
16:14:07.309 [main] DEBUG net.thucydides.core.steps.StepInterceptor - STEP DONE: clickLoginButtonn
16:14:07.309 [Darkroom Processing Line] DEBUG net.serenitybdd.core.photography.DarkroomProcessingLine - Saving screenshot to target\site\serenity\45769caa4a95890d19bf63de93ea61375ab3948e42f0bcdc5c8c16034218fef7.png
  &amp#27;[32mAnd &amp#27;[0m&amp#27;[32mI click sign inn&amp#27;[0m                                      &amp#27;[90m# Starter.Stepdefitions.AddStockCreditSteps.clickSignIn()&amp#27;[0m
16:14:07.326 [Forwarding getPageSource on session 2ebbd27de7180558fd6a57b072b265cf to remote] DEBUG org.asynchttpclient.netty.request.NettyRequestSender - Using pooled Channel '[id: 0x461b50f8, L:/127.0.0.1:14833 - R:localhost/127.0.0.1:41810]' for 'POST' to 'http://localhost:41810/session/2ebbd27de7180558fd6a57b072b265cf/execute/sync'
16:14:07.326 [Forwarding getPageSource on session 2ebbd27de7180558fd6a57b072b265cf to remote] DEBUG org.asynchttpclient.netty.request.NettyRequestSender - Using open Channel [id: 0x461b50f8, L:/127.0.0.1:14833 - R:localhost/127.0.0.1:41810] for POST '/session/2ebbd27de7180558fd6a57b072b265cf/execute/sync'
16:14:07.332 [AsyncHttpClient-1-2] DEBUG org.asynchttpclient.netty.handler.HttpHandler - 

Request DefaultHttpRequest(decodeResult: success, version: HTTP/1.1)
POST /session/2ebbd27de7180558fd6a57b072b265cf/execute/sync HTTP/1.1
User-Agent: selenium/4.8.1 (java windows)
Content-Length: 176
Content-Type: application/json; charset=utf-8
host: localhost:41810
accept: */*

Response DefaultHttpResponse(decodeResult: success, version: HTTP/1.1)
HTTP/1.1 200 OK
Content-Length: 6020
Content-Type: application/json; charset=utf-8
cache-control: no-cache

16:14:07.332 [AsyncHttpClient-1-2] DEBUG org.asynchttpclient.netty.channel.ChannelManager - Adding key: http://localhost:41810 for channel [id: 0x461b50f8, L:/127.0.0.1:14833 - R:localhost/127.0.0.1:41810]
16:14:07.336 [Forwarding getCurrentUrl on session 2ebbd27de7180558fd6a57b072b265cf to remote] DEBUG org.asynchttpclient.netty.request.NettyRequestSender - Using pooled Channel '[id: 0x461b50f8, L:/127.0.0.1:14833 - R:localhost/127.0.0.1:41810]' for 'GET' to 'http://localhost:41810/session/2ebbd27de7180558fd6a57b072b265cf/url'
16:14:07.337 [Forwarding getCurrentUrl on session 2ebbd27de7180558fd6a57b072b265cf to remote] DEBUG org.asynchttpclient.netty.request.NettyRequestSender - Using open Channel [id: 0x461b50f8, L:/127.0.0.1:14833 - R:localhost/127.0.0.1:41810] for GET '/session/2ebbd27de7180558fd6a57b072b265cf/url'
16:14:07.342 [AsyncHttpClient-1-2] DEBUG org.asynchttpclient.netty.handler.HttpHandler - 

Request DefaultFullHttpRequest(decodeResult: success, version: HTTP/1.1, content: EmptyByteBufBE)
GET /session/2ebbd27de7180558fd6a57b072b265cf/url HTTP/1.1
User-Agent: selenium/4.8.1 (java windows)
Cache-Control: no-cache
Content-Type: application/json; charset=utf-8
host: localhost:41810
accept: */*

Response DefaultHttpResponse(decodeResult: success, version: HTTP/1.1)
HTTP/1.1 200 OK
Content-Length: 64
Content-Type: application/json; charset=utf-8
cache-control: no-cache

16:14:07.342 [AsyncHttpClient-1-2] DEBUG org.asynchttpclient.netty.channel.ChannelManager - Adding key: http://localhost:41810 for channel [id: 0x461b50f8, L:/127.0.0.1:14833 - R:localhost/127.0.0.1:41810]
16:14:07.380 [Forwarding getAlertText on session 2ebbd27de7180558fd6a57b072b265cf to remote] DEBUG org.asynchttpclient.netty.request.NettyRequestSender - Using pooled Channel '[id: 0x461b50f8, L:/127.0.0.1:14833 - R:localhost/127.0.0.1:41810]' for 'GET' to 'http://localhost:41810/session/2ebbd27de7180558fd6a57b072b265cf/alert/text'
16:14:07.380 [Forwarding getAlertText on session 2ebbd27de7180558fd6a57b072b265cf to remote] DEBUG org.asynchttpclient.netty.request.NettyRequestSender - Using open Channel [id: 0x461b50f8, L:/127.0.0.1:14833 - R:localhost/127.0.0.1:41810] for GET '/session/2ebbd27de7180558fd6a57b072b265cf/alert/text'
16:14:07.381 [AsyncHttpClient-1-2] DEBUG org.asynchttpclient.netty.handler.HttpHandler - 

Request DefaultFullHttpRequest(decodeResult: success, version: HTTP/1.1, content: EmptyByteBufBE)
GET /session/2ebbd27de7180558fd6a57b072b265cf/alert/text HTTP/1.1
User-Agent: selenium/4.8.1 (java windows)
Cache-Control: no-cache
Content-Type: application/json; charset=utf-8
host: localhost:41810
accept: */*

Response DefaultHttpResponse(decodeResult: success, version: HTTP/1.1)
HTTP/1.1 404 Not Found
Content-Length: 807
Content-Type: application/json; charset=utf-8
cache-control: no-cache

16:14:07.382 [AsyncHttpClient-1-2] DEBUG org.asynchttpclient.netty.channel.ChannelManager - Adding key: http://localhost:41810 for channel [id: 0x461b50f8, L:/127.0.0.1:14833 - R:localhost/127.0.0.1:41810]
16:14:07.384 [Forwarding getCurrentUrl on session 2ebbd27de7180558fd6a57b072b265cf to remote] DEBUG org.asynchttpclient.netty.request.NettyRequestSender - Using pooled Channel '[id: 0x461b50f8, L:/127.0.0.1:14833 - R:localhost/127.0.0.1:41810]' for 'GET' to 'http://localhost:41810/session/2ebbd27de7180558fd6a57b072b265cf/url'
16:14:07.384 [Forwarding getCurrentUrl on session 2ebbd27de7180558fd6a57b072b265cf to remote] DEBUG org.asynchttpclient.netty.request.NettyRequestSender - Using open Channel [id: 0x461b50f8, L:/127.0.0.1:14833 - R:localhost/127.0.0.1:41810] for GET '/session/2ebbd27de7180558fd6a57b072b265cf/url'
16:14:07.389 [AsyncHttpClient-1-2] DEBUG org.asynchttpclient.netty.handler.HttpHandler - 

Request DefaultFullHttpRequest(decodeResult: success, version: HTTP/1.1, content: EmptyByteBufBE)
GET /session/2ebbd27de7180558fd6a57b072b265cf/url HTTP/1.1
User-Agent: selenium/4.8.1 (java windows)
Cache-Control: no-cache
Content-Type: application/json; charset=utf-8
host: localhost:41810
accept: */*

Response DefaultHttpResponse(decodeResult: success, version: HTTP/1.1)
HTTP/1.1 200 OK
Content-Length: 64
Content-Type: application/json; charset=utf-8
cache-control: no-cache

16:14:07.389 [AsyncHttpClient-1-2] DEBUG org.asynchttpclient.netty.channel.ChannelManager - Adding key: http://localhost:41810 for channel [id: 0x461b50f8, L:/127.0.0.1:14833 - R:localhost/127.0.0.1:41810]
16:14:07.390 [Forwarding screenshot on session 2ebbd27de7180558fd6a57b072b265cf to remote] DEBUG org.asynchttpclient.netty.request.NettyRequestSender - Using pooled Channel '[id: 0x461b50f8, L:/127.0.0.1:14833 - R:localhost/127.0.0.1:41810]' for 'GET' to 'http://localhost:41810/session/2ebbd27de7180558fd6a57b072b265cf/screenshot'
16:14:07.390 [Forwarding screenshot on session 2ebbd27de7180558fd6a57b072b265cf to remote] DEBUG org.asynchttpclient.netty.request.NettyRequestSender - Using open Channel [id: 0x461b50f8, L:/127.0.0.1:14833 - R:localhost/127.0.0.1:41810] for GET '/session/2ebbd27de7180558fd6a57b072b265cf/screenshot'
16:14:07.487 [AsyncHttpClient-1-2] DEBUG org.asynchttpclient.netty.handler.HttpHandler - 

Request DefaultFullHttpRequest(decodeResult: success, version: HTTP/1.1, content: EmptyByteBufBE)
GET /session/2ebbd27de7180558fd6a57b072b265cf/screenshot HTTP/1.1
User-Agent: selenium/4.8.1 (java windows)
Cache-Control: no-cache
Content-Type: application/json; charset=utf-8
host: localhost:41810
accept: */*

Response DefaultHttpResponse(decodeResult: success, version: HTTP/1.1)
HTTP/1.1 200 OK
Content-Length: 124468
Content-Type: application/json; charset=utf-8
cache-control: no-cache

16:14:07.489 [AsyncHttpClient-1-2] DEBUG org.asynchttpclient.netty.channel.ChannelManager - Adding key: http://localhost:41810 for channel [id: 0x461b50f8, L:/127.0.0.1:14833 - R:localhost/127.0.0.1:41810]
16:14:07.494 [main] DEBUG net.serenitybdd.core.photography.Darkroom - Send negative for processing for target\site\serenity\be0d26d0770e372f4b56fd17a8dd591b44e99d42b11b87380a4f81488627665e.png
16:14:07.494 [Darkroom Processing Line] DEBUG net.serenitybdd.core.photography.DarkroomProcessingLine - Processing screenshot image in /var/screenshots/screenshot-6079576567890192286
16:14:07.495 [Darkroom Processing Line] DEBUG net.serenitybdd.core.photography.DarkroomProcessingLine - Saving screenshot to target\site\serenity\be0d26d0770e372f4b56fd17a8dd591b44e99d42b11b87380a4f81488627665e.png
16:14:07.496 [Forwarding getPageSource on session 2ebbd27de7180558fd6a57b072b265cf to remote] DEBUG org.asynchttpclient.netty.request.NettyRequestSender - Using pooled Channel '[id: 0x461b50f8, L:/127.0.0.1:14833 - R:localhost/127.0.0.1:41810]' for 'POST' to 'http://localhost:41810/session/2ebbd27de7180558fd6a57b072b265cf/execute/sync'
16:14:07.496 [Forwarding getPageSource on session 2ebbd27de7180558fd6a57b072b265cf to remote] DEBUG org.asynchttpclient.netty.request.NettyRequestSender - Using open Channel [id: 0x461b50f8, L:/127.0.0.1:14833 - R:localhost/127.0.0.1:41810] for POST '/session/2ebbd27de7180558fd6a57b072b265cf/execute/sync'
16:14:07.501 [AsyncHttpClient-1-2] DEBUG org.asynchttpclient.netty.handler.HttpHandler - 

Request DefaultHttpRequest(decodeResult: success, version: HTTP/1.1)
POST /session/2ebbd27de7180558fd6a57b072b265cf/execute/sync HTTP/1.1
User-Agent: selenium/4.8.1 (java windows)
Content-Length: 176
Content-Type: application/json; charset=utf-8
host: localhost:41810
accept: */*

Response DefaultHttpResponse(decodeResult: success, version: HTTP/1.1)
HTTP/1.1 200 OK
Content-Length: 6020
Content-Type: application/json; charset=utf-8
cache-control: no-cache

16:14:07.502 [AsyncHttpClient-1-2] DEBUG org.asynchttpclient.netty.channel.ChannelManager - Adding key: http://localhost:41810 for channel [id: 0x461b50f8, L:/127.0.0.1:14833 - R:localhost/127.0.0.1:41810]
16:14:07.507 [Forwarding getCurrentUrl on session 2ebbd27de7180558fd6a57b072b265cf to remote] DEBUG org.asynchttpclient.netty.request.NettyRequestSender - Using pooled Channel '[id: 0x461b50f8, L:/127.0.0.1:14833 - R:localhost/127.0.0.1:41810]' for 'GET' to 'http://localhost:41810/session/2ebbd27de7180558fd6a57b072b265cf/url'
16:14:07.507 [Forwarding getCurrentUrl on session 2ebbd27de7180558fd6a57b072b265cf to remote] DEBUG org.asynchttpclient.netty.request.NettyRequestSender - Using open Channel [id: 0x461b50f8, L:/127.0.0.1:14833 - R:localhost/127.0.0.1:41810] for GET '/session/2ebbd27de7180558fd6a57b072b265cf/url'
16:14:07.511 [AsyncHttpClient-1-2] DEBUG org.asynchttpclient.netty.handler.HttpHandler - 

Request DefaultFullHttpRequest(decodeResult: success, version: HTTP/1.1, content: EmptyByteBufBE)
GET /session/2ebbd27de7180558fd6a57b072b265cf/url HTTP/1.1
User-Agent: selenium/4.8.1 (java windows)
Cache-Control: no-cache
Content-Type: application/json; charset=utf-8
host: localhost:41810
accept: */*

Response DefaultHttpResponse(decodeResult: success, version: HTTP/1.1)
HTTP/1.1 200 OK
Content-Length: 64
Content-Type: application/json; charset=utf-8
cache-control: no-cache

16:14:07.511 [AsyncHttpClient-1-2] DEBUG org.asynchttpclient.netty.channel.ChannelManager - Adding key: http://localhost:41810 for channel [id: 0x461b50f8, L:/127.0.0.1:14833 - R:localhost/127.0.0.1:41810]
16:14:07.550 [main] DEBUG net.thucydides.core.steps.StepInterceptor - STARTING STEP: AddStockCreditSteps.CreditData - ClickAddStock
16:14:07.554 [Forwarding findElement on session 2ebbd27de7180558fd6a57b072b265cf to remote] DEBUG org.asynchttpclient.netty.request.NettyRequestSender - Using pooled Channel '[id: 0x461b50f8, L:/127.0.0.1:14833 - R:localhost/127.0.0.1:41810]' for 'POST' to 'http://localhost:41810/session/2ebbd27de7180558fd6a57b072b265cf/element'
16:14:07.554 [Forwarding findElement on session 2ebbd27de7180558fd6a57b072b265cf to remote] DEBUG org.asynchttpclient.netty.request.NettyRequestSender - Using open Channel [id: 0x461b50f8, L:/127.0.0.1:14833 - R:localhost/127.0.0.1:41810] for POST '/session/2ebbd27de7180558fd6a57b072b265cf/element'
16:14:07.644 [AsyncHttpClient-1-1] DEBUG org.asynchttpclient.netty.channel.DefaultChannelPool - Entry count for : http://localhost:14834 : 1
16:14:08.744 [AsyncHttpClient-1-1] DEBUG org.asynchttpclient.netty.channel.DefaultChannelPool - Entry count for : http://localhost:14834 : 1
16:14:08.848 [AsyncHttpClient-1-2] DEBUG org.asynchttpclient.netty.handler.HttpHandler - 

Request DefaultHttpRequest(decodeResult: success, version: HTTP/1.1)
POST /session/2ebbd27de7180558fd6a57b072b265cf/element HTTP/1.1
User-Agent: selenium/4.8.1 (java windows)
Content-Length: 80
Content-Type: application/json; charset=utf-8
host: localhost:41810
accept: */*

Response DefaultHttpResponse(decodeResult: success, version: HTTP/1.1)
HTTP/1.1 200 OK
Content-Length: 95
Content-Type: application/json; charset=utf-8
cache-control: no-cache

16:14:08.848 [AsyncHttpClient-1-2] DEBUG org.asynchttpclient.netty.channel.ChannelManager - Adding key: http://localhost:41810 for channel [id: 0x461b50f8, L:/127.0.0.1:14833 - R:localhost/127.0.0.1:41810]
16:14:08.850 [Forwarding getElementTagName on session 2ebbd27de7180558fd6a57b072b265cf to remote] DEBUG org.asynchttpclient.netty.request.NettyRequestSender - Using pooled Channel '[id: 0x461b50f8, L:/127.0.0.1:14833 - R:localhost/127.0.0.1:41810]' for 'GET' to 'http://localhost:41810/session/2ebbd27de7180558fd6a57b072b265cf/element/7E15B117A47E3D7A8E693A09476F1E2D_element_39/name'
16:14:08.850 [Forwarding getElementTagName on session 2ebbd27de7180558fd6a57b072b265cf to remote] DEBUG org.asynchttpclient.netty.request.NettyRequestSender - Using open Channel [id: 0x461b50f8, L:/127.0.0.1:14833 - R:localhost/127.0.0.1:41810] for GET '/session/2ebbd27de7180558fd6a57b072b265cf/element/7E15B117A47E3D7A8E693A09476F1E2D_element_39/name'
16:14:08.887 [AsyncHttpClient-1-2] DEBUG org.asynchttpclient.netty.handler.HttpHandler - 

Request DefaultFullHttpRequest(decodeResult: success, version: HTTP/1.1, content: EmptyByteBufBE)
GET /session/2ebbd27de7180558fd6a57b072b265cf/element/7E15B117A47E3D7A8E693A09476F1E2D_element_39/name HTTP/1.1
User-Agent: selenium/4.8.1 (java windows)
Cache-Control: no-cache
Content-Type: application/json; charset=utf-8
host: localhost:41810
accept: */*

Response DefaultHttpResponse(decodeResult: success, version: HTTP/1.1)
HTTP/1.1 200 OK
Content-Length: 13
Content-Type: application/json; charset=utf-8
cache-control: no-cache

16:14:08.888 [AsyncHttpClient-1-2] DEBUG org.asynchttpclient.netty.channel.ChannelManager - Adding key: http://localhost:41810 for channel [id: 0x461b50f8, L:/127.0.0.1:14833 - R:localhost/127.0.0.1:41810]
16:14:08.890 [Forwarding getElementTagName on session 2ebbd27de7180558fd6a57b072b265cf to remote] DEBUG org.asynchttpclient.netty.request.NettyRequestSender - Using pooled Channel '[id: 0x461b50f8, L:/127.0.0.1:14833 - R:localhost/127.0.0.1:41810]' for 'GET' to 'http://localhost:41810/session/2ebbd27de7180558fd6a57b072b265cf/element/7E15B117A47E3D7A8E693A09476F1E2D_element_39/name'
16:14:08.891 [Forwarding getElementTagName on session 2ebbd27de7180558fd6a57b072b265cf to remote] DEBUG org.asynchttpclient.netty.request.NettyRequestSender - Using open Channel [id: 0x461b50f8, L:/127.0.0.1:14833 - R:localhost/127.0.0.1:41810] for GET '/session/2ebbd27de7180558fd6a57b072b265cf/element/7E15B117A47E3D7A8E693A09476F1E2D_element_39/name'
16:14:08.913 [AsyncHttpClient-1-2] DEBUG org.asynchttpclient.netty.handler.HttpHandler - 

Request DefaultFullHttpRequest(decodeResult: success, version: HTTP/1.1, content: EmptyByteBufBE)
GET /session/2ebbd27de7180558fd6a57b072b265cf/element/7E15B117A47E3D7A8E693A09476F1E2D_element_39/name HTTP/1.1
User-Agent: selenium/4.8.1 (java windows)
Cache-Control: no-cache
Content-Type: application/json; charset=utf-8
host: localhost:41810
accept: */*

Response DefaultHttpResponse(decodeResult: success, version: HTTP/1.1)
HTTP/1.1 200 OK
Content-Length: 13
Content-Type: application/json; charset=utf-8
cache-control: no-cache

16:14:08.913 [AsyncHttpClient-1-2] DEBUG org.asynchttpclient.netty.channel.ChannelManager - Adding key: http://localhost:41810 for channel [id: 0x461b50f8, L:/127.0.0.1:14833 - R:localhost/127.0.0.1:41810]
16:14:08.915 [Forwarding findElement on session 2ebbd27de7180558fd6a57b072b265cf to remote] DEBUG org.asynchttpclient.netty.request.NettyRequestSender - Using pooled Channel '[id: 0x461b50f8, L:/127.0.0.1:14833 - R:localhost/127.0.0.1:41810]' for 'POST' to 'http://localhost:41810/session/2ebbd27de7180558fd6a57b072b265cf/element'
16:14:08.915 [Forwarding findElement on session 2ebbd27de7180558fd6a57b072b265cf to remote] DEBUG org.asynchttpclient.netty.request.NettyRequestSender - Using open Channel [id: 0x461b50f8, L:/127.0.0.1:14833 - R:localhost/127.0.0.1:41810] for POST '/session/2ebbd27de7180558fd6a57b072b265cf/element'
16:14:08.924 [AsyncHttpClient-1-2] DEBUG org.asynchttpclient.netty.handler.HttpHandler - 

Request DefaultHttpRequest(decodeResult: success, version: HTTP/1.1)
POST /session/2ebbd27de7180558fd6a57b072b265cf/element HTTP/1.1
User-Agent: selenium/4.8.1 (java windows)
Content-Length: 80
Content-Type: application/json; charset=utf-8
host: localhost:41810
accept: */*

Response DefaultHttpResponse(decodeResult: success, version: HTTP/1.1)
HTTP/1.1 200 OK
Content-Length: 95
Content-Type: application/json; charset=utf-8
cache-control: no-cache

16:14:08.924 [AsyncHttpClient-1-2] DEBUG org.asynchttpclient.netty.channel.ChannelManager - Adding key: http://localhost:41810 for channel [id: 0x461b50f8, L:/127.0.0.1:14833 - R:localhost/127.0.0.1:41810]
16:14:08.926 [Forwarding clickElement on session 2ebbd27de7180558fd6a57b072b265cf to remote] DEBUG org.asynchttpclient.netty.request.NettyRequestSender - Using pooled Channel '[id: 0x461b50f8, L:/127.0.0.1:14833 - R:localhost/127.0.0.1:41810]' for 'POST' to 'http://localhost:41810/session/2ebbd27de7180558fd6a57b072b265cf/element/7E15B117A47E3D7A8E693A09476F1E2D_element_39/click'
16:14:08.926 [Forwarding clickElement on session 2ebbd27de7180558fd6a57b072b265cf to remote] DEBUG org.asynchttpclient.netty.request.NettyRequestSender - Using open Channel [id: 0x461b50f8, L:/127.0.0.1:14833 - R:localhost/127.0.0.1:41810] for POST '/session/2ebbd27de7180558fd6a57b072b265cf/element/7E15B117A47E3D7A8E693A09476F1E2D_element_39/click'
16:14:09.844 [AsyncHttpClient-1-1] DEBUG org.asynchttpclient.netty.channel.DefaultChannelPool - Entry count for : http://localhost:14834 : 1
16:14:10.459 [AsyncHttpClient-1-2] DEBUG org.asynchttpclient.netty.handler.HttpHandler - 

Request DefaultHttpRequest(decodeResult: success, version: HTTP/1.1)
POST /session/2ebbd27de7180558fd6a57b072b265cf/element/7E15B117A47E3D7A8E693A09476F1E2D_element_39/click HTTP/1.1
User-Agent: selenium/4.8.1 (java windows)
Content-Length: 57
Content-Type: application/json; charset=utf-8
host: localhost:41810
accept: */*

Response DefaultHttpResponse(decodeResult: success, version: HTTP/1.1)
HTTP/1.1 200 OK
Content-Length: 14
Content-Type: application/json; charset=utf-8
cache-control: no-cache

16:14:10.460 [AsyncHttpClient-1-2] DEBUG org.asynchttpclient.netty.channel.ChannelManager - Adding key: http://localhost:41810 for channel [id: 0x461b50f8, L:/127.0.0.1:14833 - R:localhost/127.0.0.1:41810]
16:14:10.471 [Forwarding getAlertText on session 2ebbd27de7180558fd6a57b072b265cf to remote] DEBUG org.asynchttpclient.netty.request.NettyRequestSender - Using pooled Channel '[id: 0x461b50f8, L:/127.0.0.1:14833 - R:localhost/127.0.0.1:41810]' for 'GET' to 'http://localhost:41810/session/2ebbd27de7180558fd6a57b072b265cf/alert/text'
16:14:10.471 [Forwarding getAlertText on session 2ebbd27de7180558fd6a57b072b265cf to remote] DEBUG org.asynchttpclient.netty.request.NettyRequestSender - Using open Channel [id: 0x461b50f8, L:/127.0.0.1:14833 - R:localhost/127.0.0.1:41810] for GET '/session/2ebbd27de7180558fd6a57b072b265cf/alert/text'
16:14:10.473 [AsyncHttpClient-1-2] DEBUG org.asynchttpclient.netty.handler.HttpHandler - 

Request DefaultFullHttpRequest(decodeResult: success, version: HTTP/1.1, content: EmptyByteBufBE)
GET /session/2ebbd27de7180558fd6a57b072b265cf/alert/text HTTP/1.1
User-Agent: selenium/4.8.1 (java windows)
Cache-Control: no-cache
Content-Type: application/json; charset=utf-8
host: localhost:41810
accept: */*

Response DefaultHttpResponse(decodeResult: success, version: HTTP/1.1)
HTTP/1.1 404 Not Found
Content-Length: 807
Content-Type: application/json; charset=utf-8
cache-control: no-cache

16:14:10.474 [AsyncHttpClient-1-2] DEBUG org.asynchttpclient.netty.channel.ChannelManager - Adding key: http://localhost:41810 for channel [id: 0x461b50f8, L:/127.0.0.1:14833 - R:localhost/127.0.0.1:41810]
16:14:10.476 [Forwarding getCurrentUrl on session 2ebbd27de7180558fd6a57b072b265cf to remote] DEBUG org.asynchttpclient.netty.request.NettyRequestSender - Using pooled Channel '[id: 0x461b50f8, L:/127.0.0.1:14833 - R:localhost/127.0.0.1:41810]' for 'GET' to 'http://localhost:41810/session/2ebbd27de7180558fd6a57b072b265cf/url'
16:14:10.476 [Forwarding getCurrentUrl on session 2ebbd27de7180558fd6a57b072b265cf to remote] DEBUG org.asynchttpclient.netty.request.NettyRequestSender - Using open Channel [id: 0x461b50f8, L:/127.0.0.1:14833 - R:localhost/127.0.0.1:41810] for GET '/session/2ebbd27de7180558fd6a57b072b265cf/url'
16:14:10.480 [AsyncHttpClient-1-2] DEBUG org.asynchttpclient.netty.handler.HttpHandler - 

Request DefaultFullHttpRequest(decodeResult: success, version: HTTP/1.1, content: EmptyByteBufBE)
GET /session/2ebbd27de7180558fd6a57b072b265cf/url HTTP/1.1
User-Agent: selenium/4.8.1 (java windows)
Cache-Control: no-cache
Content-Type: application/json; charset=utf-8
host: localhost:41810
accept: */*

Response DefaultHttpResponse(decodeResult: success, version: HTTP/1.1)
HTTP/1.1 200 OK
Content-Length: 64
Content-Type: application/json; charset=utf-8
cache-control: no-cache

16:14:10.480 [AsyncHttpClient-1-2] DEBUG org.asynchttpclient.netty.channel.ChannelManager - Adding key: http://localhost:41810 for channel [id: 0x461b50f8, L:/127.0.0.1:14833 - R:localhost/127.0.0.1:41810]
16:14:10.482 [Forwarding screenshot on session 2ebbd27de7180558fd6a57b072b265cf to remote] DEBUG org.asynchttpclient.netty.request.NettyRequestSender - Using pooled Channel '[id: 0x461b50f8, L:/127.0.0.1:14833 - R:localhost/127.0.0.1:41810]' for 'GET' to 'http://localhost:41810/session/2ebbd27de7180558fd6a57b072b265cf/screenshot'
16:14:10.482 [Forwarding screenshot on session 2ebbd27de7180558fd6a57b072b265cf to remote] DEBUG org.asynchttpclient.netty.request.NettyRequestSender - Using open Channel [id: 0x461b50f8, L:/127.0.0.1:14833 - R:localhost/127.0.0.1:41810] for GET '/session/2ebbd27de7180558fd6a57b072b265cf/screenshot'
16:14:10.590 [AsyncHttpClient-1-2] DEBUG org.asynchttpclient.netty.handler.HttpHandler - 

Request DefaultFullHttpRequest(decodeResult: success, version: HTTP/1.1, content: EmptyByteBufBE)
GET /session/2ebbd27de7180558fd6a57b072b265cf/screenshot HTTP/1.1
User-Agent: selenium/4.8.1 (java windows)
Cache-Control: no-cache
Content-Type: application/json; charset=utf-8
host: localhost:41810
accept: */*

Response DefaultHttpResponse(decodeResult: success, version: HTTP/1.1)
HTTP/1.1 200 OK
Content-Length: 98956
Content-Type: application/json; charset=utf-8
cache-control: no-cache

16:14:10.591 [AsyncHttpClient-1-2] DEBUG org.asynchttpclient.netty.channel.ChannelManager - Adding key: http://localhost:41810 for channel [id: 0x461b50f8, L:/127.0.0.1:14833 - R:localhost/127.0.0.1:41810]
16:14:10.596 [main] DEBUG net.serenitybdd.core.photography.Darkroom - Send negative for processing for target\site\serenity\fdd9a91f72a6e9f916845fcaa200585b56a1d4b19fb4531bb79814c37c901742.png
16:14:10.597 [main] DEBUG net.thucydides.core.steps.StepInterceptor - STEP DONE: ClickAddStock
16:14:10.597 [Darkroom Processing Line] DEBUG net.serenitybdd.core.photography.DarkroomProcessingLine - Processing screenshot image in /var/screenshots/screenshot-4390442963570702205
  &amp#27;[32mAnd &amp#27;[0m&amp#27;[32mI Click stock Credit&amp#27;[0m                                  &amp#27;[90m# Starter.Stepdefitions.AddStockCreditSteps.CreditData()&amp#27;[0m
16:14:10.597 [Darkroom Processing Line] DEBUG net.serenitybdd.core.photography.DarkroomProcessingLine - Saving screenshot to target\site\serenity\fdd9a91f72a6e9f916845fcaa200585b56a1d4b19fb4531bb79814c37c901742.png
16:14:10.608 [Forwarding getPageSource on session 2ebbd27de7180558fd6a57b072b265cf to remote] DEBUG org.asynchttpclient.netty.request.NettyRequestSender - Using pooled Channel '[id: 0x461b50f8, L:/127.0.0.1:14833 - R:localhost/127.0.0.1:41810]' for 'POST' to 'http://localhost:41810/session/2ebbd27de7180558fd6a57b072b265cf/execute/sync'
16:14:10.608 [Forwarding getPageSource on session 2ebbd27de7180558fd6a57b072b265cf to remote] DEBUG org.asynchttpclient.netty.request.NettyRequestSender - Using open Channel [id: 0x461b50f8, L:/127.0.0.1:14833 - R:localhost/127.0.0.1:41810] for POST '/session/2ebbd27de7180558fd6a57b072b265cf/execute/sync'
16:14:10.692 [AsyncHttpClient-1-2] DEBUG org.asynchttpclient.netty.handler.HttpHandler - 

Request DefaultHttpRequest(decodeResult: success, version: HTTP/1.1)
POST /session/2ebbd27de7180558fd6a57b072b265cf/execute/sync HTTP/1.1
User-Agent: selenium/4.8.1 (java windows)
Content-Length: 176
Content-Type: application/json; charset=utf-8
host: localhost:41810
accept: */*

Response DefaultHttpResponse(decodeResult: success, version: HTTP/1.1)
HTTP/1.1 200 OK
Content-Length: 9533
Content-Type: application/json; charset=utf-8
cache-control: no-cache

16:14:10.692 [AsyncHttpClient-1-2] DEBUG org.asynchttpclient.netty.channel.ChannelManager - Adding key: http://localhost:41810 for channel [id: 0x461b50f8, L:/127.0.0.1:14833 - R:localhost/127.0.0.1:41810]
16:14:10.704 [Forwarding getCurrentUrl on session 2ebbd27de7180558fd6a57b072b265cf to remote] DEBUG org.asynchttpclient.netty.request.NettyRequestSender - Using pooled Channel '[id: 0x461b50f8, L:/127.0.0.1:14833 - R:localhost/127.0.0.1:41810]' for 'GET' to 'http://localhost:41810/session/2ebbd27de7180558fd6a57b072b265cf/url'
16:14:10.704 [Forwarding getCurrentUrl on session 2ebbd27de7180558fd6a57b072b265cf to remote] DEBUG org.asynchttpclient.netty.request.NettyRequestSender - Using open Channel [id: 0x461b50f8, L:/127.0.0.1:14833 - R:localhost/127.0.0.1:41810] for GET '/session/2ebbd27de7180558fd6a57b072b265cf/url'
16:14:10.709 [AsyncHttpClient-1-2] DEBUG org.asynchttpclient.netty.handler.HttpHandler - 

Request DefaultFullHttpRequest(decodeResult: success, version: HTTP/1.1, content: EmptyByteBufBE)
GET /session/2ebbd27de7180558fd6a57b072b265cf/url HTTP/1.1
User-Agent: selenium/4.8.1 (java windows)
Cache-Control: no-cache
Content-Type: application/json; charset=utf-8
host: localhost:41810
accept: */*

Response DefaultHttpResponse(decodeResult: success, version: HTTP/1.1)
HTTP/1.1 200 OK
Content-Length: 64
Content-Type: application/json; charset=utf-8
cache-control: no-cache

16:14:10.710 [AsyncHttpClient-1-2] DEBUG org.asynchttpclient.netty.channel.ChannelManager - Adding key: http://localhost:41810 for channel [id: 0x461b50f8, L:/127.0.0.1:14833 - R:localhost/127.0.0.1:41810]
16:14:10.742 [Forwarding getAlertText on session 2ebbd27de7180558fd6a57b072b265cf to remote] DEBUG org.asynchttpclient.netty.request.NettyRequestSender - Using pooled Channel '[id: 0x461b50f8, L:/127.0.0.1:14833 - R:localhost/127.0.0.1:41810]' for 'GET' to 'http://localhost:41810/session/2ebbd27de7180558fd6a57b072b265cf/alert/text'
16:14:10.742 [Forwarding getAlertText on session 2ebbd27de7180558fd6a57b072b265cf to remote] DEBUG org.asynchttpclient.netty.request.NettyRequestSender - Using open Channel [id: 0x461b50f8, L:/127.0.0.1:14833 - R:localhost/127.0.0.1:41810] for GET '/session/2ebbd27de7180558fd6a57b072b265cf/alert/text'
16:14:10.744 [AsyncHttpClient-1-2] DEBUG org.asynchttpclient.netty.handler.HttpHandler - 

Request DefaultFullHttpRequest(decodeResult: success, version: HTTP/1.1, content: EmptyByteBufBE)
GET /session/2ebbd27de7180558fd6a57b072b265cf/alert/text HTTP/1.1
User-Agent: selenium/4.8.1 (java windows)
Cache-Control: no-cache
Content-Type: application/json; charset=utf-8
host: localhost:41810
accept: */*

Response DefaultHttpResponse(decodeResult: success, version: HTTP/1.1)
HTTP/1.1 404 Not Found
Content-Length: 807
Content-Type: application/json; charset=utf-8
cache-control: no-cache

16:14:10.744 [AsyncHttpClient-1-2] DEBUG org.asynchttpclient.netty.channel.ChannelManager - Adding key: http://localhost:41810 for channel [id: 0x461b50f8, L:/127.0.0.1:14833 - R:localhost/127.0.0.1:41810]
16:14:10.746 [Forwarding getCurrentUrl on session 2ebbd27de7180558fd6a57b072b265cf to remote] DEBUG org.asynchttpclient.netty.request.NettyRequestSender - Using pooled Channel '[id: 0x461b50f8, L:/127.0.0.1:14833 - R:localhost/127.0.0.1:41810]' for 'GET' to 'http://localhost:41810/session/2ebbd27de7180558fd6a57b072b265cf/url'
16:14:10.746 [Forwarding getCurrentUrl on session 2ebbd27de7180558fd6a57b072b265cf to remote] DEBUG org.asynchttpclient.netty.request.NettyRequestSender - Using open Channel [id: 0x461b50f8, L:/127.0.0.1:14833 - R:localhost/127.0.0.1:41810] for GET '/session/2ebbd27de7180558fd6a57b072b265cf/url'
16:14:10.751 [AsyncHttpClient-1-2] DEBUG org.asynchttpclient.netty.handler.HttpHandler - 

Request DefaultFullHttpRequest(decodeResult: success, version: HTTP/1.1, content: EmptyByteBufBE)
GET /session/2ebbd27de7180558fd6a57b072b265cf/url HTTP/1.1
User-Agent: selenium/4.8.1 (java windows)
Cache-Control: no-cache
Content-Type: application/json; charset=utf-8
host: localhost:41810
accept: */*

Response DefaultHttpResponse(decodeResult: success, version: HTTP/1.1)
HTTP/1.1 200 OK
Content-Length: 64
Content-Type: application/json; charset=utf-8
cache-control: no-cache

16:14:10.751 [AsyncHttpClient-1-2] DEBUG org.asynchttpclient.netty.channel.ChannelManager - Adding key: http://localhost:41810 for channel [id: 0x461b50f8, L:/127.0.0.1:14833 - R:localhost/127.0.0.1:41810]
16:14:10.752 [Forwarding screenshot on session 2ebbd27de7180558fd6a57b072b265cf to remote] DEBUG org.asynchttpclient.netty.request.NettyRequestSender - Using pooled Channel '[id: 0x461b50f8, L:/127.0.0.1:14833 - R:localhost/127.0.0.1:41810]' for 'GET' to 'http://localhost:41810/session/2ebbd27de7180558fd6a57b072b265cf/screenshot'
16:14:10.752 [Forwarding screenshot on session 2ebbd27de7180558fd6a57b072b265cf to remote] DEBUG org.asynchttpclient.netty.request.NettyRequestSender - Using open Channel [id: 0x461b50f8, L:/127.0.0.1:14833 - R:localhost/127.0.0.1:41810] for GET '/session/2ebbd27de7180558fd6a57b072b265cf/screenshot'
16:14:10.858 [AsyncHttpClient-1-2] DEBUG org.asynchttpclient.netty.handler.HttpHandler - 

Request DefaultFullHttpRequest(decodeResult: success, version: HTTP/1.1, content: EmptyByteBufBE)
GET /session/2ebbd27de7180558fd6a57b072b265cf/screenshot HTTP/1.1
User-Agent: selenium/4.8.1 (java windows)
Cache-Control: no-cache
Content-Type: application/json; charset=utf-8
host: localhost:41810
accept: */*

Response DefaultHttpResponse(decodeResult: success, version: HTTP/1.1)
HTTP/1.1 200 OK
Content-Length: 102732
Content-Type: application/json; charset=utf-8
cache-control: no-cache

16:14:10.859 [AsyncHttpClient-1-2] DEBUG org.asynchttpclient.netty.channel.ChannelManager - Adding key: http://localhost:41810 for channel [id: 0x461b50f8, L:/127.0.0.1:14833 - R:localhost/127.0.0.1:41810]
16:14:10.864 [main] DEBUG net.serenitybdd.core.photography.Darkroom - Send negative for processing for target\site\serenity\f6b2709490aeab09497e2210b5c8f257748cf860e0c5bc8dd29e94f3ef068079.png
16:14:10.864 [Darkroom Processing Line] DEBUG net.serenitybdd.core.photography.DarkroomProcessingLine - Processing screenshot image in /var/screenshots/screenshot-8799143655908744385
16:14:10.864 [Darkroom Processing Line] DEBUG net.serenitybdd.core.photography.DarkroomProcessingLine - Saving screenshot to target\site\serenity\f6b2709490aeab09497e2210b5c8f257748cf860e0c5bc8dd29e94f3ef068079.png
16:14:10.866 [Forwarding getPageSource on session 2ebbd27de7180558fd6a57b072b265cf to remote] DEBUG org.asynchttpclient.netty.request.NettyRequestSender - Using pooled Channel '[id: 0x461b50f8, L:/127.0.0.1:14833 - R:localhost/127.0.0.1:41810]' for 'POST' to 'http://localhost:41810/session/2ebbd27de7180558fd6a57b072b265cf/execute/sync'
16:14:10.867 [Forwarding getPageSource on session 2ebbd27de7180558fd6a57b072b265cf to remote] DEBUG org.asynchttpclient.netty.request.NettyRequestSender - Using open Channel [id: 0x461b50f8, L:/127.0.0.1:14833 - R:localhost/127.0.0.1:41810] for POST '/session/2ebbd27de7180558fd6a57b072b265cf/execute/sync'
16:14:10.873 [AsyncHttpClient-1-2] DEBUG org.asynchttpclient.netty.handler.HttpHandler - 

Request DefaultHttpRequest(decodeResult: success, version: HTTP/1.1)
POST /session/2ebbd27de7180558fd6a57b072b265cf/execute/sync HTTP/1.1
User-Agent: selenium/4.8.1 (java windows)
Content-Length: 176
Content-Type: application/json; charset=utf-8
host: localhost:41810
accept: */*

Response DefaultHttpResponse(decodeResult: success, version: HTTP/1.1)
HTTP/1.1 200 OK
Content-Length: 9533
Content-Type: application/json; charset=utf-8
cache-control: no-cache

16:14:10.874 [AsyncHttpClient-1-2] DEBUG org.asynchttpclient.netty.channel.ChannelManager - Adding key: http://localhost:41810 for channel [id: 0x461b50f8, L:/127.0.0.1:14833 - R:localhost/127.0.0.1:41810]
16:14:10.877 [Forwarding getCurrentUrl on session 2ebbd27de7180558fd6a57b072b265cf to remote] DEBUG org.asynchttpclient.netty.request.NettyRequestSender - Using pooled Channel '[id: 0x461b50f8, L:/127.0.0.1:14833 - R:localhost/127.0.0.1:41810]' for 'GET' to 'http://localhost:41810/session/2ebbd27de7180558fd6a57b072b265cf/url'
16:14:10.878 [Forwarding getCurrentUrl on session 2ebbd27de7180558fd6a57b072b265cf to remote] DEBUG org.asynchttpclient.netty.request.NettyRequestSender - Using open Channel [id: 0x461b50f8, L:/127.0.0.1:14833 - R:localhost/127.0.0.1:41810] for GET '/session/2ebbd27de7180558fd6a57b072b265cf/url'
16:14:10.882 [AsyncHttpClient-1-2] DEBUG org.asynchttpclient.netty.handler.HttpHandler - 

Request DefaultFullHttpRequest(decodeResult: success, version: HTTP/1.1, content: EmptyByteBufBE)
GET /session/2ebbd27de7180558fd6a57b072b265cf/url HTTP/1.1
User-Agent: selenium/4.8.1 (java windows)
Cache-Control: no-cache
Content-Type: application/json; charset=utf-8
host: localhost:41810
accept: */*

Response DefaultHttpResponse(decodeResult: success, version: HTTP/1.1)
HTTP/1.1 200 OK
Content-Length: 64
Content-Type: application/json; charset=utf-8
cache-control: no-cache

16:14:10.882 [AsyncHttpClient-1-2] DEBUG org.asynchttpclient.netty.channel.ChannelManager - Adding key: http://localhost:41810 for channel [id: 0x461b50f8, L:/127.0.0.1:14833 - R:localhost/127.0.0.1:41810]
16:14:10.884 [main] DEBUG net.thucydides.core.steps.StepInterceptor - STARTING STEP: AddStockCreditSteps.ClickAddStockCredit - ClickAddCredit
16:14:10.888 [Forwarding findElement on session 2ebbd27de7180558fd6a57b072b265cf to remote] DEBUG org.asynchttpclient.netty.request.NettyRequestSender - Using pooled Channel '[id: 0x461b50f8, L:/127.0.0.1:14833 - R:localhost/127.0.0.1:41810]' for 'POST' to 'http://localhost:41810/session/2ebbd27de7180558fd6a57b072b265cf/element'
16:14:10.888 [Forwarding findElement on session 2ebbd27de7180558fd6a57b072b265cf to remote] DEBUG org.asynchttpclient.netty.request.NettyRequestSender - Using open Channel [id: 0x461b50f8, L:/127.0.0.1:14833 - R:localhost/127.0.0.1:41810] for POST '/session/2ebbd27de7180558fd6a57b072b265cf/element'
16:14:10.900 [AsyncHttpClient-1-2] DEBUG org.asynchttpclient.netty.handler.HttpHandler - 

Request DefaultHttpRequest(decodeResult: success, version: HTTP/1.1)
POST /session/2ebbd27de7180558fd6a57b072b265cf/element HTTP/1.1
User-Agent: selenium/4.8.1 (java windows)
Content-Length: 88
Content-Type: application/json; charset=utf-8
host: localhost:41810
accept: */*

Response DefaultHttpResponse(decodeResult: success, version: HTTP/1.1)
HTTP/1.1 200 OK
Content-Length: 95
Content-Type: application/json; charset=utf-8
cache-control: no-cache

16:14:10.901 [AsyncHttpClient-1-2] DEBUG org.asynchttpclient.netty.channel.ChannelManager - Adding key: http://localhost:41810 for channel [id: 0x461b50f8, L:/127.0.0.1:14833 - R:localhost/127.0.0.1:41810]
16:14:10.902 [Forwarding getElementTagName on session 2ebbd27de7180558fd6a57b072b265cf to remote] DEBUG org.asynchttpclient.netty.request.NettyRequestSender - Using pooled Channel '[id: 0x461b50f8, L:/127.0.0.1:14833 - R:localhost/127.0.0.1:41810]' for 'GET' to 'http://localhost:41810/session/2ebbd27de7180558fd6a57b072b265cf/element/7E15B117A47E3D7A8E693A09476F1E2D_element_54/name'
16:14:10.903 [Forwarding getElementTagName on session 2ebbd27de7180558fd6a57b072b265cf to remote] DEBUG org.asynchttpclient.netty.request.NettyRequestSender - Using open Channel [id: 0x461b50f8, L:/127.0.0.1:14833 - R:localhost/127.0.0.1:41810] for GET '/session/2ebbd27de7180558fd6a57b072b265cf/element/7E15B117A47E3D7A8E693A09476F1E2D_element_54/name'
16:14:10.907 [AsyncHttpClient-1-2] DEBUG org.asynchttpclient.netty.handler.HttpHandler - 

Request DefaultFullHttpRequest(decodeResult: success, version: HTTP/1.1, content: EmptyByteBufBE)
GET /session/2ebbd27de7180558fd6a57b072b265cf/element/7E15B117A47E3D7A8E693A09476F1E2D_element_54/name HTTP/1.1
User-Agent: selenium/4.8.1 (java windows)
Cache-Control: no-cache
Content-Type: application/json; charset=utf-8
host: localhost:41810
accept: */*

Response DefaultHttpResponse(decodeResult: success, version: HTTP/1.1)
HTTP/1.1 200 OK
Content-Length: 18
Content-Type: application/json; charset=utf-8
cache-control: no-cache

16:14:10.908 [AsyncHttpClient-1-2] DEBUG org.asynchttpclient.netty.channel.ChannelManager - Adding key: http://localhost:41810 for channel [id: 0x461b50f8, L:/127.0.0.1:14833 - R:localhost/127.0.0.1:41810]
16:14:10.909 [Forwarding getElementTagName on session 2ebbd27de7180558fd6a57b072b265cf to remote] DEBUG org.asynchttpclient.netty.request.NettyRequestSender - Using pooled Channel '[id: 0x461b50f8, L:/127.0.0.1:14833 - R:localhost/127.0.0.1:41810]' for 'GET' to 'http://localhost:41810/session/2ebbd27de7180558fd6a57b072b265cf/element/7E15B117A47E3D7A8E693A09476F1E2D_element_54/name'
16:14:10.909 [Forwarding getElementTagName on session 2ebbd27de7180558fd6a57b072b265cf to remote] DEBUG org.asynchttpclient.netty.request.NettyRequestSender - Using open Channel [id: 0x461b50f8, L:/127.0.0.1:14833 - R:localhost/127.0.0.1:41810] for GET '/session/2ebbd27de7180558fd6a57b072b265cf/element/7E15B117A47E3D7A8E693A09476F1E2D_element_54/name'
16:14:10.913 [AsyncHttpClient-1-2] DEBUG org.asynchttpclient.netty.handler.HttpHandler - 

Request DefaultFullHttpRequest(decodeResult: success, version: HTTP/1.1, content: EmptyByteBufBE)
GET /session/2ebbd27de7180558fd6a57b072b265cf/element/7E15B117A47E3D7A8E693A09476F1E2D_element_54/name HTTP/1.1
User-Agent: selenium/4.8.1 (java windows)
Cache-Control: no-cache
Content-Type: application/json; charset=utf-8
host: localhost:41810
accept: */*

Response DefaultHttpResponse(decodeResult: success, version: HTTP/1.1)
HTTP/1.1 200 OK
Content-Length: 18
Content-Type: application/json; charset=utf-8
cache-control: no-cache

16:14:10.913 [AsyncHttpClient-1-2] DEBUG org.asynchttpclient.netty.channel.ChannelManager - Adding key: http://localhost:41810 for channel [id: 0x461b50f8, L:/127.0.0.1:14833 - R:localhost/127.0.0.1:41810]
16:14:10.918 [Forwarding isElementEnabled on session 2ebbd27de7180558fd6a57b072b265cf to remote] DEBUG org.asynchttpclient.netty.request.NettyRequestSender - Using pooled Channel '[id: 0x461b50f8, L:/127.0.0.1:14833 - R:localhost/127.0.0.1:41810]' for 'GET' to 'http://localhost:41810/session/2ebbd27de7180558fd6a57b072b265cf/element/7E15B117A47E3D7A8E693A09476F1E2D_element_54/enabled'
16:14:10.918 [Forwarding isElementEnabled on session 2ebbd27de7180558fd6a57b072b265cf to remote] DEBUG org.asynchttpclient.netty.request.NettyRequestSender - Using open Channel [id: 0x461b50f8, L:/127.0.0.1:14833 - R:localhost/127.0.0.1:41810] for GET '/session/2ebbd27de7180558fd6a57b072b265cf/element/7E15B117A47E3D7A8E693A09476F1E2D_element_54/enabled'
16:14:10.926 [AsyncHttpClient-1-2] DEBUG org.asynchttpclient.netty.handler.HttpHandler - 

Request DefaultFullHttpRequest(decodeResult: success, version: HTTP/1.1, content: EmptyByteBufBE)
GET /session/2ebbd27de7180558fd6a57b072b265cf/element/7E15B117A47E3D7A8E693A09476F1E2D_element_54/enabled HTTP/1.1
User-Agent: selenium/4.8.1 (java windows)
Cache-Control: no-cache
Content-Type: application/json; charset=utf-8
host: localhost:41810
accept: */*

Response DefaultHttpResponse(decodeResult: success, version: HTTP/1.1)
HTTP/1.1 200 OK
Content-Length: 14
Content-Type: application/json; charset=utf-8
cache-control: no-cache

16:14:10.926 [AsyncHttpClient-1-2] DEBUG org.asynchttpclient.netty.channel.ChannelManager - Adding key: http://localhost:41810 for channel [id: 0x461b50f8, L:/127.0.0.1:14833 - R:localhost/127.0.0.1:41810]
16:14:10.928 [Forwarding isElementEnabled on session 2ebbd27de7180558fd6a57b072b265cf to remote] DEBUG org.asynchttpclient.netty.request.NettyRequestSender - Using pooled Channel '[id: 0x461b50f8, L:/127.0.0.1:14833 - R:localhost/127.0.0.1:41810]' for 'GET' to 'http://localhost:41810/session/2ebbd27de7180558fd6a57b072b265cf/element/7E15B117A47E3D7A8E693A09476F1E2D_element_54/enabled'
16:14:10.928 [Forwarding isElementEnabled on session 2ebbd27de7180558fd6a57b072b265cf to remote] DEBUG org.asynchttpclient.netty.request.NettyRequestSender - Using open Channel [id: 0x461b50f8, L:/127.0.0.1:14833 - R:localhost/127.0.0.1:41810] for GET '/session/2ebbd27de7180558fd6a57b072b265cf/element/7E15B117A47E3D7A8E693A09476F1E2D_element_54/enabled'
16:14:10.936 [AsyncHttpClient-1-2] DEBUG org.asynchttpclient.netty.handler.HttpHandler - 

Request DefaultFullHttpRequest(decodeResult: success, version: HTTP/1.1, content: EmptyByteBufBE)
GET /session/2ebbd27de7180558fd6a57b072b265cf/element/7E15B117A47E3D7A8E693A09476F1E2D_element_54/enabled HTTP/1.1
User-Agent: selenium/4.8.1 (java windows)
Cache-Control: no-cache
Content-Type: application/json; charset=utf-8
host: localhost:41810
accept: */*

Response DefaultHttpResponse(decodeResult: success, version: HTTP/1.1)
HTTP/1.1 200 OK
Content-Length: 14
Content-Type: application/json; charset=utf-8
cache-control: no-cache

16:14:10.936 [AsyncHttpClient-1-2] DEBUG org.asynchttpclient.netty.channel.ChannelManager - Adding key: http://localhost:41810 for channel [id: 0x461b50f8, L:/127.0.0.1:14833 - R:localhost/127.0.0.1:41810]
16:14:10.938 [Forwarding findElement on session 2ebbd27de7180558fd6a57b072b265cf to remote] DEBUG org.asynchttpclient.netty.request.NettyRequestSender - Using pooled Channel '[id: 0x461b50f8, L:/127.0.0.1:14833 - R:localhost/127.0.0.1:41810]' for 'POST' to 'http://localhost:41810/session/2ebbd27de7180558fd6a57b072b265cf/element'
16:14:10.938 [Forwarding findElement on session 2ebbd27de7180558fd6a57b072b265cf to remote] DEBUG org.asynchttpclient.netty.request.NettyRequestSender - Using open Channel [id: 0x461b50f8, L:/127.0.0.1:14833 - R:localhost/127.0.0.1:41810] for POST '/session/2ebbd27de7180558fd6a57b072b265cf/element'
16:14:10.943 [AsyncHttpClient-1-1] DEBUG org.asynchttpclient.netty.channel.DefaultChannelPool - Entry count for : http://localhost:14834 : 1
16:14:10.947 [AsyncHttpClient-1-2] DEBUG org.asynchttpclient.netty.handler.HttpHandler - 

Request DefaultHttpRequest(decodeResult: success, version: HTTP/1.1)
POST /session/2ebbd27de7180558fd6a57b072b265cf/element HTTP/1.1
User-Agent: selenium/4.8.1 (java windows)
Content-Length: 88
Content-Type: application/json; charset=utf-8
host: localhost:41810
accept: */*

Response DefaultHttpResponse(decodeResult: success, version: HTTP/1.1)
HTTP/1.1 200 OK
Content-Length: 95
Content-Type: application/json; charset=utf-8
cache-control: no-cache

16:14:10.947 [AsyncHttpClient-1-2] DEBUG org.asynchttpclient.netty.channel.ChannelManager - Adding key: http://localhost:41810 for channel [id: 0x461b50f8, L:/127.0.0.1:14833 - R:localhost/127.0.0.1:41810]
16:14:10.950 [Forwarding clickElement on session 2ebbd27de7180558fd6a57b072b265cf to remote] DEBUG org.asynchttpclient.netty.request.NettyRequestSender - Using pooled Channel '[id: 0x461b50f8, L:/127.0.0.1:14833 - R:localhost/127.0.0.1:41810]' for 'POST' to 'http://localhost:41810/session/2ebbd27de7180558fd6a57b072b265cf/element/7E15B117A47E3D7A8E693A09476F1E2D_element_54/click'
16:14:10.950 [Forwarding clickElement on session 2ebbd27de7180558fd6a57b072b265cf to remote] DEBUG org.asynchttpclient.netty.request.NettyRequestSender - Using open Channel [id: 0x461b50f8, L:/127.0.0.1:14833 - R:localhost/127.0.0.1:41810] for POST '/session/2ebbd27de7180558fd6a57b072b265cf/element/7E15B117A47E3D7A8E693A09476F1E2D_element_54/click'
16:14:11.801 [AsyncHttpClient-1-2] DEBUG org.asynchttpclient.netty.handler.HttpHandler - 

Request DefaultHttpRequest(decodeResult: success, version: HTTP/1.1)
POST /session/2ebbd27de7180558fd6a57b072b265cf/element/7E15B117A47E3D7A8E693A09476F1E2D_element_54/click HTTP/1.1
User-Agent: selenium/4.8.1 (java windows)
Content-Length: 57
Content-Type: application/json; charset=utf-8
host: localhost:41810
accept: */*

Response DefaultHttpResponse(decodeResult: success, version: HTTP/1.1)
HTTP/1.1 200 OK
Content-Length: 14
Content-Type: application/json; charset=utf-8
cache-control: no-cache

16:14:11.802 [AsyncHttpClient-1-2] DEBUG org.asynchttpclient.netty.channel.ChannelManager - Adding key: http://localhost:41810 for channel [id: 0x461b50f8, L:/127.0.0.1:14833 - R:localhost/127.0.0.1:41810]
16:14:11.815 [Forwarding getAlertText on session 2ebbd27de7180558fd6a57b072b265cf to remote] DEBUG org.asynchttpclient.netty.request.NettyRequestSender - Using pooled Channel '[id: 0x461b50f8, L:/127.0.0.1:14833 - R:localhost/127.0.0.1:41810]' for 'GET' to 'http://localhost:41810/session/2ebbd27de7180558fd6a57b072b265cf/alert/text'
16:14:11.816 [Forwarding getAlertText on session 2ebbd27de7180558fd6a57b072b265cf to remote] DEBUG org.asynchttpclient.netty.request.NettyRequestSender - Using open Channel [id: 0x461b50f8, L:/127.0.0.1:14833 - R:localhost/127.0.0.1:41810] for GET '/session/2ebbd27de7180558fd6a57b072b265cf/alert/text'
16:14:12.023 [AsyncHttpClient-1-2] DEBUG org.asynchttpclient.netty.handler.HttpHandler - 

Request DefaultFullHttpRequest(decodeResult: success, version: HTTP/1.1, content: EmptyByteBufBE)
GET /session/2ebbd27de7180558fd6a57b072b265cf/alert/text HTTP/1.1
User-Agent: selenium/4.8.1 (java windows)
Cache-Control: no-cache
Content-Type: application/json; charset=utf-8
host: localhost:41810
accept: */*

Response DefaultHttpResponse(decodeResult: success, version: HTTP/1.1)
HTTP/1.1 404 Not Found
Content-Length: 807
Content-Type: application/json; charset=utf-8
cache-control: no-cache

16:14:12.023 [AsyncHttpClient-1-2] DEBUG org.asynchttpclient.netty.channel.ChannelManager - Adding key: http://localhost:41810 for channel [id: 0x461b50f8, L:/127.0.0.1:14833 - R:localhost/127.0.0.1:41810]
16:14:12.026 [Forwarding getCurrentUrl on session 2ebbd27de7180558fd6a57b072b265cf to remote] DEBUG org.asynchttpclient.netty.request.NettyRequestSender - Using pooled Channel '[id: 0x461b50f8, L:/127.0.0.1:14833 - R:localhost/127.0.0.1:41810]' for 'GET' to 'http://localhost:41810/session/2ebbd27de7180558fd6a57b072b265cf/url'
16:14:12.026 [Forwarding getCurrentUrl on session 2ebbd27de7180558fd6a57b072b265cf to remote] DEBUG org.asynchttpclient.netty.request.NettyRequestSender - Using open Channel [id: 0x461b50f8, L:/127.0.0.1:14833 - R:localhost/127.0.0.1:41810] for GET '/session/2ebbd27de7180558fd6a57b072b265cf/url'
16:14:12.043 [AsyncHttpClient-1-1] DEBUG org.asynchttpclient.netty.channel.DefaultChannelPool - Entry count for : http://localhost:14834 : 1
16:14:12.817 [AsyncHttpClient-1-2] DEBUG org.asynchttpclient.netty.handler.HttpHandler - 

Request DefaultFullHttpRequest(decodeResult: success, version: HTTP/1.1, content: EmptyByteBufBE)
GET /session/2ebbd27de7180558fd6a57b072b265cf/url HTTP/1.1
User-Agent: selenium/4.8.1 (java windows)
Cache-Control: no-cache
Content-Type: application/json; charset=utf-8
host: localhost:41810
accept: */*

Response DefaultHttpResponse(decodeResult: success, version: HTTP/1.1)
HTTP/1.1 200 OK
Content-Length: 68
Content-Type: application/json; charset=utf-8
cache-control: no-cache

16:14:12.818 [AsyncHttpClient-1-2] DEBUG org.asynchttpclient.netty.channel.ChannelManager - Adding key: http://localhost:41810 for channel [id: 0x461b50f8, L:/127.0.0.1:14833 - R:localhost/127.0.0.1:41810]
16:14:12.820 [Forwarding screenshot on session 2ebbd27de7180558fd6a57b072b265cf to remote] DEBUG org.asynchttpclient.netty.request.NettyRequestSender - Using pooled Channel '[id: 0x461b50f8, L:/127.0.0.1:14833 - R:localhost/127.0.0.1:41810]' for 'GET' to 'http://localhost:41810/session/2ebbd27de7180558fd6a57b072b265cf/screenshot'
16:14:12.820 [Forwarding screenshot on session 2ebbd27de7180558fd6a57b072b265cf to remote] DEBUG org.asynchttpclient.netty.request.NettyRequestSender - Using open Channel [id: 0x461b50f8, L:/127.0.0.1:14833 - R:localhost/127.0.0.1:41810] for GET '/session/2ebbd27de7180558fd6a57b072b265cf/screenshot'
16:14:13.144 [AsyncHttpClient-1-1] DEBUG org.asynchttpclient.netty.channel.DefaultChannelPool - Entry count for : http://localhost:14834 : 1
16:14:13.946 [AsyncHttpClient-1-2] DEBUG org.asynchttpclient.netty.handler.HttpHandler - 

Request DefaultFullHttpRequest(decodeResult: success, version: HTTP/1.1, content: EmptyByteBufBE)
GET /session/2ebbd27de7180558fd6a57b072b265cf/screenshot HTTP/1.1
User-Agent: selenium/4.8.1 (java windows)
Cache-Control: no-cache
Content-Type: application/json; charset=utf-8
host: localhost:41810
accept: */*

Response DefaultHttpResponse(decodeResult: success, version: HTTP/1.1)
HTTP/1.1 200 OK
Content-Length: 38896
Content-Type: application/json; charset=utf-8
cache-control: no-cache

16:14:13.947 [AsyncHttpClient-1-2] DEBUG org.asynchttpclient.netty.channel.ChannelManager - Adding key: http://localhost:41810 for channel [id: 0x461b50f8, L:/127.0.0.1:14833 - R:localhost/127.0.0.1:41810]
16:14:13.949 [main] DEBUG net.serenitybdd.core.photography.Darkroom - Send negative for processing for target\site\serenity\f7f0ac742717eaca4d18f5dc10084da2fbb20e3ffb9b0eabc91d7e53f383d224.png
16:14:13.949 [main] DEBUG net.thucydides.core.steps.StepInterceptor - STEP DONE: ClickAddCredit
16:14:13.949 [Darkroom Processing Line] DEBUG net.serenitybdd.core.photography.DarkroomProcessingLine - Processing screenshot image in /var/screenshots/screenshot-4689277957782625836
  &amp#27;[32mThen &amp#27;[0m&amp#27;[32mI click add stock credit&amp#27;[0m                             &amp#27;[90m# Starter.Stepdefitions.AddStockCreditSteps.ClickAddStockCredit()&amp#27;[0m
16:14:13.950 [Darkroom Processing Line] DEBUG net.serenitybdd.core.photography.DarkroomProcessingLine - Saving screenshot to target\site\serenity\f7f0ac742717eaca4d18f5dc10084da2fbb20e3ffb9b0eabc91d7e53f383d224.png
16:14:13.959 [main] INFO  - 
  _____   ___   ___   _____     ___     _     ___   ___   ___   ___  
 |_   _| | __| / __| |_   _|   | _ \   /_\   / __| / __| | __| |   \ 
   | |   | _|  \__ \   | |     |  _/  / _ \  \__ \ \__ \ | _|  | |) |
   |_|   |___| |___/   |_|     |_|   /_/ \_\ |___/ |___/ |___| |___/ 

As a user, I have successfully added stock credit
----------------------------------------------------------------------
16:14:14.225 [Driver Command Executor] DEBUG org.asynchttpclient.netty.request.NettyRequestSender - Using pooled Channel '[id: 0x461b50f8, L:/127.0.0.1:14833 - R:localhost/127.0.0.1:41810]' for 'DELETE' to 'http://localhost:41810/session/2ebbd27de7180558fd6a57b072b265cf'
16:14:14.225 [Driver Command Executor] DEBUG org.asynchttpclient.netty.request.NettyRequestSender - Using open Channel [id: 0x461b50f8, L:/127.0.0.1:14833 - R:localhost/127.0.0.1:41810] for DELETE '/session/2ebbd27de7180558fd6a57b072b265cf'
16:14:14.243 [AsyncHttpClient-1-1] DEBUG org.asynchttpclient.netty.channel.DefaultChannelPool - Entry count for : http://localhost:14834 : 1
16:14:14.347 [AsyncHttpClient-1-4] DEBUG org.asynchttpclient.netty.handler.WebSocketHandler - Channel Closed: [id: 0xf0c0542b, L:/127.0.0.1:14843 ! R:localhost/127.0.0.1:14834] with attribute NettyResponseFuture{currentRetry=0,
	isDone=1,
	isCancelled=0,
	asyncHandler=org.asynchttpclient.ws.WebSocketUpgradeHandler@13d14bc,
	nettyRequest=org.asynchttpclient.netty.request.NettyRequest@801da1,
	future=java.util.concurrent.CompletableFuture@3aa460[Completed normally],
	uri=ws://localhost:14834/devtools/browser/6d78a9f6-d020-4d8a-9c7e-36239e7046ab,
	keepAlive=true,
	redirectCount=0,
	timeoutsHolder=null,
	inAuth=0,
	touch=1687684431499}
16:14:14.348 [AsyncHttpClient-1-4] DEBUG org.asynchttpclient.netty.channel.ChannelManager - Closing Channel [id: 0xf0c0542b, L:/127.0.0.1:14843 ! R:localhost/127.0.0.1:14834] 
16:14:15.344 [AsyncHttpClient-1-1] DEBUG org.asynchttpclient.netty.channel.DefaultChannelPool - Entry count for : http://localhost:14834 : 1
16:14:16.444 [AsyncHttpClient-1-1] DEBUG org.asynchttpclient.netty.channel.DefaultChannelPool - Entry count for : http://localhost:14834 : 1
16:14:17.544 [AsyncHttpClient-1-1] DEBUG org.asynchttpclient.netty.channel.DefaultChannelPool - Entry count for : http://localhost:14834 : 1
16:14:18.644 [AsyncHttpClient-1-1] DEBUG org.asynchttpclient.netty.channel.DefaultChannelPool - Entry count for : http://localhost:14834 : 1
16:14:19.743 [AsyncHttpClient-1-1] DEBUG org.asynchttpclient.netty.channel.DefaultChannelPool - Entry count for : http://localhost:14834 : 1
16:14:20.844 [AsyncHttpClient-1-1] DEBUG org.asynchttpclient.netty.channel.DefaultChannelPool - Entry count for : http://localhost:14834 : 1
16:14:21.944 [AsyncHttpClient-1-1] DEBUG org.asynchttpclient.netty.channel.DefaultChannelPool - Entry count for : http://localhost:14834 : 1
16:14:22.838 [AsyncHttpClient-1-3] DEBUG org.asynchttpclient.netty.handler.HttpHandler - Unexpected I/O exception on channel [id: 0x9dd19b89, L:/127.0.0.1:14842 - R:localhost/127.0.0.1:14834]
java.io.IOException: An existing connection was forcibly closed by the remote host
	at sun.nio.ch.SocketDispatcher.read0(Native Method)
	at sun.nio.ch.SocketDispatcher.read(SocketDispatcher.java:43)
	at sun.nio.ch.IOUtil.readIntoNativeBuffer(IOUtil.java:223)
	at sun.nio.ch.IOUtil.read(IOUtil.java:192)
	at sun.nio.ch.SocketChannelImpl.read(SocketChannelImpl.java:379)
	at io.netty.buffer.PooledByteBuf.setBytes(PooledByteBuf.java:259)
	at io.netty.buffer.AbstractByteBuf.writeBytes(AbstractByteBuf.java:1132)
	at io.netty.channel.socket.nio.NioSocketChannel.doReadBytes(NioSocketChannel.java:357)
	at io.netty.channel.nio.AbstractNioByteChannel$NioByteUnsafe.read(AbstractNioByteChannel.java:151)
	at io.netty.channel.nio.NioEventLoop.processSelectedKey(NioEventLoop.java:788)
	at io.netty.channel.nio.NioEventLoop.processSelectedKeysOptimized(NioEventLoop.java:724)
	at io.netty.channel.nio.NioEventLoop.processSelectedKeys(NioEventLoop.java:650)
	at io.netty.channel.nio.NioEventLoop.run(NioEventLoop.java:562)
	at io.netty.util.concurrent.SingleThreadEventExecutor$4.run(SingleThreadEventExecutor.java:997)
	at io.netty.util.internal.ThreadExecutorMap$2.run(ThreadExecutorMap.java:74)
	at io.netty.util.concurrent.FastThreadLocalRunnable.run(FastThreadLocalRunnable.java:30)
	at java.lang.Thread.run(Thread.java:745)
16:14:22.839 [AsyncHttpClient-1-3] DEBUG org.asynchttpclient.netty.channel.ChannelManager - Closing Channel [id: 0x9dd19b89, L:/127.0.0.1:14842 - R:localhost/127.0.0.1:14834] 
16:14:22.841 [AsyncHttpClient-1-3] DEBUG org.asynchttpclient.netty.handler.HttpHandler - Channel Closed: [id: 0x9dd19b89, L:/127.0.0.1:14842 ! R:localhost/127.0.0.1:14834] with attribute DISCARD
16:14:23.043 [AsyncHttpClient-1-1] DEBUG org.asynchttpclient.netty.channel.DefaultChannelPool - Entry count for : http://localhost:14834 : 1
16:14:23.043 [AsyncHttpClient-1-1] DEBUG org.asynchttpclient.netty.channel.DefaultChannelPool - Adding Candidate expired Channel [id: 0x9dd19b89, L:/127.0.0.1:14842 ! R:localhost/127.0.0.1:14834] isIdleTimeoutExpired=false isRemotelyClosed=true isTtlExpired=false
16:14:23.053 [AsyncHttpClient-1-1] DEBUG org.asynchttpclient.netty.channel.DefaultChannelPool - Closing Idle Channel [id: 0x9dd19b89, L:/127.0.0.1:14842 ! R:localhost/127.0.0.1:14834]
16:14:23.054 [AsyncHttpClient-1-1] DEBUG org.asynchttpclient.netty.channel.DefaultChannelPool - Closed 1 connections out of 1 in 11 ms
16:14:23.115 [AsyncHttpClient-1-2] DEBUG org.asynchttpclient.netty.handler.HttpHandler - 

Request DefaultFullHttpRequest(decodeResult: success, version: HTTP/1.1, content: EmptyByteBufBE)
DELETE /session/2ebbd27de7180558fd6a57b072b265cf HTTP/1.1
User-Agent: selenium/4.8.1 (java windows)
Content-Type: application/json; charset=utf-8
host: localhost:41810
accept: */*

Response DefaultHttpResponse(decodeResult: success, version: HTTP/1.1)
HTTP/1.1 200 OK
Content-Length: 14
Content-Type: application/json; charset=utf-8
cache-control: no-cache

16:14:23.115 [AsyncHttpClient-1-2] DEBUG org.asynchttpclient.netty.channel.ChannelManager - Adding key: http://localhost:41810 for channel [id: 0x461b50f8, L:/127.0.0.1:14833 - R:localhost/127.0.0.1:41810]
16:14:23.242 [AsyncHttpClient-1-2] DEBUG org.asynchttpclient.netty.handler.HttpHandler - Channel Closed: [id: 0x461b50f8, L:/127.0.0.1:14833 ! R:localhost/127.0.0.1:41810] with attribute DISCARD
]]></system-out>
    <system-err><![CDATA[Starting ChromeDriver 114.0.5735.90 (386bc09e8f4f2e025eddae123f36f6263096ae49-refs/branch-heads/5735@{#1052}) on port 41810
Only local connections are allowed.
Please see https://chromedriver.chromium.org/security-considerations for suggestions on keeping ChromeDriver safe.
ChromeDriver was started successfully.
Jun 25, 2023 4:13:51 PM org.openqa.selenium.devtools.CdpVersionFinder findNearestMatch
WARNING: Unable to find an exact match for CDP version 114, so returning the closest version found: 110
]]></system-err>
  </testcase>
  <testcase name="As a user, I have successfully added stock data" classname="Add Stock Credit And Data" time="20.197">
    <system-out><![CDATA[
Scenario: As a user, I have successfully added stock data &amp#27;[90m# src/test/resources/Feature/AddStock.feature:11&amp#27;[0m
16:14:23.834 [main] DEBUG io.cucumber.core.plugin.SerenityReporter - Running feature from file:///C:/Users/USER/IdeaProjects/Capston_webtesting/src/test/resources/Feature/AddStock.feature
16:14:23.835 [main] WARN io.cucumber.core.plugin.SerenityReporter - Feature from file:///C:/Users/USER/IdeaProjects/Capston_webtesting/src/test/resources/Feature/AddStock.feature is not under the 'features' directory. Requirements report will not be correctly generated!
16:14:23.836 [main] INFO  - 
  _____   ___   ___   _____     ___   _____     _     ___   _____   ___   ___  
 |_   _| | __| / __| |_   _|   / __| |_   _|   /_\   | _ \ |_   _| | __| |   \ 
   | |   | _|  \__ \   | |     \__ \   | |    / _ \  |   /   | |   | _|  | |) |
   |_|   |___| |___/   |_|     |___/   |_|   /_/ \_\ |_|_\   |_|   |___| |___/ 

As a user, I have successfully added stock data(add-stock-credit-and-data;as-a-user--i-have-successfully-added-stock-data)
--------------------------------------------------------------------------------
16:14:23.851 [main] DEBUG net.thucydides.core.steps.StepInterceptor - STARTING STEP: AddStockDataSteps.onnSignInPage - openPage
16:14:23.906 [main] INFO net.serenitybdd.core.webdriver.driverproviders.ChromeDriverProvider - Starting Chrome driver instance with capabilities:
16:14:23.906 [main] INFO net.serenitybdd.core.webdriver.driverproviders.ChromeDriverProvider - Capabilities {acceptInsecureCerts: false, browserName: chrome, goog:chromeOptions: {args: [remote-allow-origins=*], extensions: []}}
16:14:24.146 [AsyncHttpClient-1-1] DEBUG org.asynchttpclient.netty.channel.DefaultChannelPool - Entry count for : http://localhost:41810 : 1
16:14:24.146 [AsyncHttpClient-1-1] DEBUG org.asynchttpclient.netty.channel.DefaultChannelPool - Adding Candidate expired Channel [id: 0x461b50f8, L:/127.0.0.1:14833 ! R:localhost/127.0.0.1:41810] isIdleTimeoutExpired=false isRemotelyClosed=true isTtlExpired=false
16:14:24.147 [AsyncHttpClient-1-1] DEBUG org.asynchttpclient.netty.channel.DefaultChannelPool - Closing Idle Channel [id: 0x461b50f8, L:/127.0.0.1:14833 ! R:localhost/127.0.0.1:41810]
16:14:24.147 [AsyncHttpClient-1-1] DEBUG org.asynchttpclient.netty.channel.DefaultChannelPool - Closed 1 connections out of 1 in 1 ms
16:14:24.993 [AsyncHttpClient-1-5] DEBUG org.asynchttpclient.netty.channel.NettyConnectListener - Using new Channel '[id: 0x87669b37, L:/127.0.0.1:14860 - R:localhost/127.0.0.1:16074]' for 'POST' to '/session'
16:14:28.662 [AsyncHttpClient-1-5] DEBUG org.asynchttpclient.netty.handler.HttpHandler - 

Request DefaultHttpRequest(decodeResult: success, version: HTTP/1.1)
POST /session HTTP/1.1
User-Agent: selenium/4.8.1 (java windows)
Content-Length: 507
Content-Type: application/json; charset=utf-8
host: localhost:16074
accept: */*

Response DefaultHttpResponse(decodeResult: success, version: HTTP/1.1)
HTTP/1.1 200 OK
Content-Length: 859
Content-Type: application/json; charset=utf-8
cache-control: no-cache

16:14:28.662 [AsyncHttpClient-1-5] DEBUG org.asynchttpclient.netty.channel.ChannelManager - Adding key: http://localhost:16074 for channel [id: 0x87669b37, L:/127.0.0.1:14860 - R:localhost/127.0.0.1:16074]
16:14:28.676 [AsyncHttpClient-1-6] DEBUG org.asynchttpclient.netty.channel.NettyConnectListener - Using new Channel '[id: 0xa9015d7f, L:/127.0.0.1:14866 - R:localhost/127.0.0.1:14861]' for 'GET' to '/json/version'
16:14:28.685 [AsyncHttpClient-1-6] DEBUG org.asynchttpclient.netty.handler.HttpHandler - 

Request DefaultFullHttpRequest(decodeResult: success, version: HTTP/1.1, content: EmptyByteBufBE)
GET /json/version HTTP/1.1
User-Agent: selenium/4.8.1 (java windows)
host: localhost:14861
accept: */*

Response DefaultHttpResponse(decodeResult: success, version: HTTP/1.1)
HTTP/1.1 200 OK
Content-Security-Policy: frame-ancestors 'none'
Content-Length: 424
Content-Type: application/json; charset=UTF-8

16:14:28.686 [AsyncHttpClient-1-6] DEBUG org.asynchttpclient.netty.channel.ChannelManager - Adding key: http://localhost:14861 for channel [id: 0xa9015d7f, L:/127.0.0.1:14866 - R:localhost/127.0.0.1:14861]
16:14:28.690 [AsyncHttpClient-1-7] DEBUG org.asynchttpclient.netty.channel.NettyConnectListener - Using new Channel '[id: 0xfe366b97, L:/127.0.0.1:14867 - R:localhost/127.0.0.1:14861]' for 'GET' to '/devtools/browser/c92ce482-d455-428b-8c73-eab8901170b2'
16:14:28.691 [AsyncHttpClient-1-7] DEBUG org.asynchttpclient.netty.handler.WebSocketHandler - 

Request DefaultFullHttpRequest(decodeResult: success, version: HTTP/1.1, content: EmptyByteBufBE)
GET /devtools/browser/c92ce482-d455-428b-8c73-eab8901170b2 HTTP/1.1
upgrade: websocket
connection: upgrade
sec-websocket-key: bbwhKy6Nl5QAzWNiVt9ryg==
sec-websocket-version: 13
origin: http://localhost:14861
host: localhost:14861
accept: */*
user-agent: AHC/2.1

Response DefaultHttpResponse(decodeResult: success, version: HTTP/1.1)
HTTP/1.1 101 WebSocket Protocol Handshake
Upgrade: WebSocket
Connection: Upgrade
Sec-WebSocket-Accept: 4YG9RC2W7VrAmS1fBxtKk0D0WCE=

16:14:28.700 [Forwarding get on session be6d6fa11ddbafa2597a8b5aa6b9c6c4 to remote] DEBUG org.asynchttpclient.netty.request.NettyRequestSender - Using pooled Channel '[id: 0x87669b37, L:/127.0.0.1:14860 - R:localhost/127.0.0.1:16074]' for 'POST' to 'http://localhost:16074/session/be6d6fa11ddbafa2597a8b5aa6b9c6c4/url'
16:14:28.700 [Forwarding get on session be6d6fa11ddbafa2597a8b5aa6b9c6c4 to remote] DEBUG org.asynchttpclient.netty.request.NettyRequestSender - Using open Channel [id: 0x87669b37, L:/127.0.0.1:14860 - R:localhost/127.0.0.1:16074] for POST '/session/be6d6fa11ddbafa2597a8b5aa6b9c6c4/url'
16:14:29.650 [AsyncHttpClient-1-1] DEBUG org.asynchttpclient.netty.channel.DefaultChannelPool - Entry count for : http://localhost:14861 : 1
16:14:30.743 [AsyncHttpClient-1-1] DEBUG org.asynchttpclient.netty.channel.DefaultChannelPool - Entry count for : http://localhost:14861 : 1
16:14:31.843 [AsyncHttpClient-1-1] DEBUG org.asynchttpclient.netty.channel.DefaultChannelPool - Entry count for : http://localhost:14861 : 1
16:14:32.944 [AsyncHttpClient-1-1] DEBUG org.asynchttpclient.netty.channel.DefaultChannelPool - Entry count for : http://localhost:14861 : 1
16:14:34.044 [AsyncHttpClient-1-1] DEBUG org.asynchttpclient.netty.channel.DefaultChannelPool - Entry count for : http://localhost:14861 : 1
16:14:35.143 [AsyncHttpClient-1-1] DEBUG org.asynchttpclient.netty.channel.DefaultChannelPool - Entry count for : http://localhost:14861 : 1
16:14:36.047 [AsyncHttpClient-1-5] DEBUG org.asynchttpclient.netty.handler.HttpHandler - 

Request DefaultHttpRequest(decodeResult: success, version: HTTP/1.1)
POST /session/be6d6fa11ddbafa2597a8b5aa6b9c6c4/url HTTP/1.1
User-Agent: selenium/4.8.1 (java windows)
Content-Length: 82
Content-Type: application/json; charset=utf-8
host: localhost:16074
accept: */*

Response DefaultHttpResponse(decodeResult: success, version: HTTP/1.1)
HTTP/1.1 200 OK
Content-Length: 14
Content-Type: application/json; charset=utf-8
cache-control: no-cache

16:14:36.048 [AsyncHttpClient-1-5] DEBUG org.asynchttpclient.netty.channel.ChannelManager - Adding key: http://localhost:16074 for channel [id: 0x87669b37, L:/127.0.0.1:14860 - R:localhost/127.0.0.1:16074]
16:14:36.052 [Forwarding setTimeout on session be6d6fa11ddbafa2597a8b5aa6b9c6c4 to remote] DEBUG org.asynchttpclient.netty.request.NettyRequestSender - Using pooled Channel '[id: 0x87669b37, L:/127.0.0.1:14860 - R:localhost/127.0.0.1:16074]' for 'POST' to 'http://localhost:16074/session/be6d6fa11ddbafa2597a8b5aa6b9c6c4/timeouts'
16:14:36.052 [Forwarding setTimeout on session be6d6fa11ddbafa2597a8b5aa6b9c6c4 to remote] DEBUG org.asynchttpclient.netty.request.NettyRequestSender - Using open Channel [id: 0x87669b37, L:/127.0.0.1:14860 - R:localhost/127.0.0.1:16074] for POST '/session/be6d6fa11ddbafa2597a8b5aa6b9c6c4/timeouts'
16:14:36.053 [AsyncHttpClient-1-5] DEBUG org.asynchttpclient.netty.handler.HttpHandler - 

Request DefaultHttpRequest(decodeResult: success, version: HTTP/1.1)
POST /session/be6d6fa11ddbafa2597a8b5aa6b9c6c4/timeouts HTTP/1.1
User-Agent: selenium/4.8.1 (java windows)
Content-Length: 22
Content-Type: application/json; charset=utf-8
host: localhost:16074
accept: */*

Response DefaultHttpResponse(decodeResult: success, version: HTTP/1.1)
HTTP/1.1 200 OK
Content-Length: 14
Content-Type: application/json; charset=utf-8
cache-control: no-cache

16:14:36.053 [AsyncHttpClient-1-5] DEBUG org.asynchttpclient.netty.channel.ChannelManager - Adding key: http://localhost:16074 for channel [id: 0x87669b37, L:/127.0.0.1:14860 - R:localhost/127.0.0.1:16074]
16:14:36.071 [Forwarding getAlertText on session be6d6fa11ddbafa2597a8b5aa6b9c6c4 to remote] DEBUG org.asynchttpclient.netty.request.NettyRequestSender - Using pooled Channel '[id: 0x87669b37, L:/127.0.0.1:14860 - R:localhost/127.0.0.1:16074]' for 'GET' to 'http://localhost:16074/session/be6d6fa11ddbafa2597a8b5aa6b9c6c4/alert/text'
16:14:36.072 [Forwarding getAlertText on session be6d6fa11ddbafa2597a8b5aa6b9c6c4 to remote] DEBUG org.asynchttpclient.netty.request.NettyRequestSender - Using open Channel [id: 0x87669b37, L:/127.0.0.1:14860 - R:localhost/127.0.0.1:16074] for GET '/session/be6d6fa11ddbafa2597a8b5aa6b9c6c4/alert/text'
16:14:36.075 [AsyncHttpClient-1-5] DEBUG org.asynchttpclient.netty.handler.HttpHandler - 

Request DefaultFullHttpRequest(decodeResult: success, version: HTTP/1.1, content: EmptyByteBufBE)
GET /session/be6d6fa11ddbafa2597a8b5aa6b9c6c4/alert/text HTTP/1.1
User-Agent: selenium/4.8.1 (java windows)
Cache-Control: no-cache
Content-Type: application/json; charset=utf-8
host: localhost:16074
accept: */*

Response DefaultHttpResponse(decodeResult: success, version: HTTP/1.1)
HTTP/1.1 404 Not Found
Content-Length: 807
Content-Type: application/json; charset=utf-8
cache-control: no-cache

16:14:36.075 [AsyncHttpClient-1-5] DEBUG org.asynchttpclient.netty.channel.ChannelManager - Adding key: http://localhost:16074 for channel [id: 0x87669b37, L:/127.0.0.1:14860 - R:localhost/127.0.0.1:16074]
16:14:36.078 [Forwarding getCurrentUrl on session be6d6fa11ddbafa2597a8b5aa6b9c6c4 to remote] DEBUG org.asynchttpclient.netty.request.NettyRequestSender - Using pooled Channel '[id: 0x87669b37, L:/127.0.0.1:14860 - R:localhost/127.0.0.1:16074]' for 'GET' to 'http://localhost:16074/session/be6d6fa11ddbafa2597a8b5aa6b9c6c4/url'
16:14:36.078 [Forwarding getCurrentUrl on session be6d6fa11ddbafa2597a8b5aa6b9c6c4 to remote] DEBUG org.asynchttpclient.netty.request.NettyRequestSender - Using open Channel [id: 0x87669b37, L:/127.0.0.1:14860 - R:localhost/127.0.0.1:16074] for GET '/session/be6d6fa11ddbafa2597a8b5aa6b9c6c4/url'
16:14:36.086 [AsyncHttpClient-1-5] DEBUG org.asynchttpclient.netty.handler.HttpHandler - 

Request DefaultFullHttpRequest(decodeResult: success, version: HTTP/1.1, content: EmptyByteBufBE)
GET /session/be6d6fa11ddbafa2597a8b5aa6b9c6c4/url HTTP/1.1
User-Agent: selenium/4.8.1 (java windows)
Cache-Control: no-cache
Content-Type: application/json; charset=utf-8
host: localhost:16074
accept: */*

Response DefaultHttpResponse(decodeResult: success, version: HTTP/1.1)
HTTP/1.1 200 OK
Content-Length: 64
Content-Type: application/json; charset=utf-8
cache-control: no-cache

16:14:36.086 [AsyncHttpClient-1-5] DEBUG org.asynchttpclient.netty.channel.ChannelManager - Adding key: http://localhost:16074 for channel [id: 0x87669b37, L:/127.0.0.1:14860 - R:localhost/127.0.0.1:16074]
16:14:36.087 [Forwarding screenshot on session be6d6fa11ddbafa2597a8b5aa6b9c6c4 to remote] DEBUG org.asynchttpclient.netty.request.NettyRequestSender - Using pooled Channel '[id: 0x87669b37, L:/127.0.0.1:14860 - R:localhost/127.0.0.1:16074]' for 'GET' to 'http://localhost:16074/session/be6d6fa11ddbafa2597a8b5aa6b9c6c4/screenshot'
16:14:36.087 [Forwarding screenshot on session be6d6fa11ddbafa2597a8b5aa6b9c6c4 to remote] DEBUG org.asynchttpclient.netty.request.NettyRequestSender - Using open Channel [id: 0x87669b37, L:/127.0.0.1:14860 - R:localhost/127.0.0.1:16074] for GET '/session/be6d6fa11ddbafa2597a8b5aa6b9c6c4/screenshot'
16:14:36.242 [AsyncHttpClient-1-1] DEBUG org.asynchttpclient.netty.channel.DefaultChannelPool - Entry count for : http://localhost:14861 : 1
16:14:37.344 [AsyncHttpClient-1-1] DEBUG org.asynchttpclient.netty.channel.DefaultChannelPool - Entry count for : http://localhost:14861 : 1
16:14:38.443 [AsyncHttpClient-1-1] DEBUG org.asynchttpclient.netty.channel.DefaultChannelPool - Entry count for : http://localhost:14861 : 1
16:14:38.779 [AsyncHttpClient-1-5] DEBUG org.asynchttpclient.netty.handler.HttpHandler - 

Request DefaultFullHttpRequest(decodeResult: success, version: HTTP/1.1, content: EmptyByteBufBE)
GET /session/be6d6fa11ddbafa2597a8b5aa6b9c6c4/screenshot HTTP/1.1
User-Agent: selenium/4.8.1 (java windows)
Cache-Control: no-cache
Content-Type: application/json; charset=utf-8
host: localhost:16074
accept: */*

Response DefaultHttpResponse(decodeResult: success, version: HTTP/1.1)
HTTP/1.1 200 OK
Content-Length: 117684
Content-Type: application/json; charset=utf-8
cache-control: no-cache

16:14:38.781 [AsyncHttpClient-1-5] DEBUG org.asynchttpclient.netty.channel.ChannelManager - Adding key: http://localhost:16074 for channel [id: 0x87669b37, L:/127.0.0.1:14860 - R:localhost/127.0.0.1:16074]
16:14:38.789 [main] DEBUG net.serenitybdd.core.photography.Darkroom - Send negative for processing for target\site\serenity\5271af833f0df7b27752c2edc61a3bd125452b86dc26b1185d7a95f24df95dfa.png
16:14:38.790 [main] DEBUG net.thucydides.core.steps.StepInterceptor - STEP DONE: openPage
16:14:38.790 [Darkroom Processing Line] DEBUG net.serenitybdd.core.photography.DarkroomProcessingLine - Processing screenshot image in /var/screenshots/screenshot-192338303515149199
16:14:38.790 [Darkroom Processing Line] DEBUG net.serenitybdd.core.photography.DarkroomProcessingLine - Saving screenshot to target\site\serenity\5271af833f0df7b27752c2edc61a3bd125452b86dc26b1185d7a95f24df95dfa.png
  &amp#27;[32mGiven &amp#27;[0m&amp#27;[32mI am onn the sign in pagee&amp#27;[0m                        &amp#27;[90m# Starter.Stepdefitions.AddStockDataSteps.onnSignInPage()&amp#27;[0m
16:14:38.800 [Forwarding getPageSource on session be6d6fa11ddbafa2597a8b5aa6b9c6c4 to remote] DEBUG org.asynchttpclient.netty.request.NettyRequestSender - Using pooled Channel '[id: 0x87669b37, L:/127.0.0.1:14860 - R:localhost/127.0.0.1:16074]' for 'POST' to 'http://localhost:16074/session/be6d6fa11ddbafa2597a8b5aa6b9c6c4/execute/sync'
16:14:38.800 [Forwarding getPageSource on session be6d6fa11ddbafa2597a8b5aa6b9c6c4 to remote] DEBUG org.asynchttpclient.netty.request.NettyRequestSender - Using open Channel [id: 0x87669b37, L:/127.0.0.1:14860 - R:localhost/127.0.0.1:16074] for POST '/session/be6d6fa11ddbafa2597a8b5aa6b9c6c4/execute/sync'
16:14:38.808 [AsyncHttpClient-1-5] DEBUG org.asynchttpclient.netty.handler.HttpHandler - 

Request DefaultHttpRequest(decodeResult: success, version: HTTP/1.1)
POST /session/be6d6fa11ddbafa2597a8b5aa6b9c6c4/execute/sync HTTP/1.1
User-Agent: selenium/4.8.1 (java windows)
Content-Length: 176
Content-Type: application/json; charset=utf-8
host: localhost:16074
accept: */*

Response DefaultHttpResponse(decodeResult: success, version: HTTP/1.1)
HTTP/1.1 200 OK
Content-Length: 5992
Content-Type: application/json; charset=utf-8
cache-control: no-cache

16:14:38.808 [AsyncHttpClient-1-5] DEBUG org.asynchttpclient.netty.channel.ChannelManager - Adding key: http://localhost:16074 for channel [id: 0x87669b37, L:/127.0.0.1:14860 - R:localhost/127.0.0.1:16074]
16:14:38.811 [Forwarding getCurrentUrl on session be6d6fa11ddbafa2597a8b5aa6b9c6c4 to remote] DEBUG org.asynchttpclient.netty.request.NettyRequestSender - Using pooled Channel '[id: 0x87669b37, L:/127.0.0.1:14860 - R:localhost/127.0.0.1:16074]' for 'GET' to 'http://localhost:16074/session/be6d6fa11ddbafa2597a8b5aa6b9c6c4/url'
16:14:38.811 [Forwarding getCurrentUrl on session be6d6fa11ddbafa2597a8b5aa6b9c6c4 to remote] DEBUG org.asynchttpclient.netty.request.NettyRequestSender - Using open Channel [id: 0x87669b37, L:/127.0.0.1:14860 - R:localhost/127.0.0.1:16074] for GET '/session/be6d6fa11ddbafa2597a8b5aa6b9c6c4/url'
16:14:38.816 [AsyncHttpClient-1-5] DEBUG org.asynchttpclient.netty.handler.HttpHandler - 

Request DefaultFullHttpRequest(decodeResult: success, version: HTTP/1.1, content: EmptyByteBufBE)
GET /session/be6d6fa11ddbafa2597a8b5aa6b9c6c4/url HTTP/1.1
User-Agent: selenium/4.8.1 (java windows)
Cache-Control: no-cache
Content-Type: application/json; charset=utf-8
host: localhost:16074
accept: */*

Response DefaultHttpResponse(decodeResult: success, version: HTTP/1.1)
HTTP/1.1 200 OK
Content-Length: 64
Content-Type: application/json; charset=utf-8
cache-control: no-cache

16:14:38.816 [AsyncHttpClient-1-5] DEBUG org.asynchttpclient.netty.channel.ChannelManager - Adding key: http://localhost:16074 for channel [id: 0x87669b37, L:/127.0.0.1:14860 - R:localhost/127.0.0.1:16074]
16:14:38.829 [Forwarding getPageSource on session be6d6fa11ddbafa2597a8b5aa6b9c6c4 to remote] DEBUG org.asynchttpclient.netty.request.NettyRequestSender - Using pooled Channel '[id: 0x87669b37, L:/127.0.0.1:14860 - R:localhost/127.0.0.1:16074]' for 'POST' to 'http://localhost:16074/session/be6d6fa11ddbafa2597a8b5aa6b9c6c4/execute/sync'
16:14:38.829 [Forwarding getPageSource on session be6d6fa11ddbafa2597a8b5aa6b9c6c4 to remote] DEBUG org.asynchttpclient.netty.request.NettyRequestSender - Using open Channel [id: 0x87669b37, L:/127.0.0.1:14860 - R:localhost/127.0.0.1:16074] for POST '/session/be6d6fa11ddbafa2597a8b5aa6b9c6c4/execute/sync'
16:14:38.835 [AsyncHttpClient-1-5] DEBUG org.asynchttpclient.netty.handler.HttpHandler - 

Request DefaultHttpRequest(decodeResult: success, version: HTTP/1.1)
POST /session/be6d6fa11ddbafa2597a8b5aa6b9c6c4/execute/sync HTTP/1.1
User-Agent: selenium/4.8.1 (java windows)
Content-Length: 176
Content-Type: application/json; charset=utf-8
host: localhost:16074
accept: */*

Response DefaultHttpResponse(decodeResult: success, version: HTTP/1.1)
HTTP/1.1 200 OK
Content-Length: 5992
Content-Type: application/json; charset=utf-8
cache-control: no-cache

16:14:38.835 [AsyncHttpClient-1-5] DEBUG org.asynchttpclient.netty.channel.ChannelManager - Adding key: http://localhost:16074 for channel [id: 0x87669b37, L:/127.0.0.1:14860 - R:localhost/127.0.0.1:16074]
16:14:38.838 [Forwarding getCurrentUrl on session be6d6fa11ddbafa2597a8b5aa6b9c6c4 to remote] DEBUG org.asynchttpclient.netty.request.NettyRequestSender - Using pooled Channel '[id: 0x87669b37, L:/127.0.0.1:14860 - R:localhost/127.0.0.1:16074]' for 'GET' to 'http://localhost:16074/session/be6d6fa11ddbafa2597a8b5aa6b9c6c4/url'
16:14:38.838 [Forwarding getCurrentUrl on session be6d6fa11ddbafa2597a8b5aa6b9c6c4 to remote] DEBUG org.asynchttpclient.netty.request.NettyRequestSender - Using open Channel [id: 0x87669b37, L:/127.0.0.1:14860 - R:localhost/127.0.0.1:16074] for GET '/session/be6d6fa11ddbafa2597a8b5aa6b9c6c4/url'
16:14:38.844 [AsyncHttpClient-1-5] DEBUG org.asynchttpclient.netty.handler.HttpHandler - 

Request DefaultFullHttpRequest(decodeResult: success, version: HTTP/1.1, content: EmptyByteBufBE)
GET /session/be6d6fa11ddbafa2597a8b5aa6b9c6c4/url HTTP/1.1
User-Agent: selenium/4.8.1 (java windows)
Cache-Control: no-cache
Content-Type: application/json; charset=utf-8
host: localhost:16074
accept: */*

Response DefaultHttpResponse(decodeResult: success, version: HTTP/1.1)
HTTP/1.1 200 OK
Content-Length: 64
Content-Type: application/json; charset=utf-8
cache-control: no-cache

16:14:38.844 [AsyncHttpClient-1-5] DEBUG org.asynchttpclient.netty.channel.ChannelManager - Adding key: http://localhost:16074 for channel [id: 0x87669b37, L:/127.0.0.1:14860 - R:localhost/127.0.0.1:16074]
16:14:38.846 [main] DEBUG net.thucydides.core.steps.StepInterceptor - STARTING STEP: AddStockDataSteps.inputtEmaill - inputEmaill
16:14:38.849 [Forwarding findElement on session be6d6fa11ddbafa2597a8b5aa6b9c6c4 to remote] DEBUG org.asynchttpclient.netty.request.NettyRequestSender - Using pooled Channel '[id: 0x87669b37, L:/127.0.0.1:14860 - R:localhost/127.0.0.1:16074]' for 'POST' to 'http://localhost:16074/session/be6d6fa11ddbafa2597a8b5aa6b9c6c4/element'
16:14:38.849 [Forwarding findElement on session be6d6fa11ddbafa2597a8b5aa6b9c6c4 to remote] DEBUG org.asynchttpclient.netty.request.NettyRequestSender - Using open Channel [id: 0x87669b37, L:/127.0.0.1:14860 - R:localhost/127.0.0.1:16074] for POST '/session/be6d6fa11ddbafa2597a8b5aa6b9c6c4/element'
16:14:38.862 [AsyncHttpClient-1-5] DEBUG org.asynchttpclient.netty.handler.HttpHandler - 

Request DefaultHttpRequest(decodeResult: success, version: HTTP/1.1)
POST /session/be6d6fa11ddbafa2597a8b5aa6b9c6c4/element HTTP/1.1
User-Agent: selenium/4.8.1 (java windows)
Content-Length: 67
Content-Type: application/json; charset=utf-8
host: localhost:16074
accept: */*

Response DefaultHttpResponse(decodeResult: success, version: HTTP/1.1)
HTTP/1.1 200 OK
Content-Length: 94
Content-Type: application/json; charset=utf-8
cache-control: no-cache

16:14:38.862 [AsyncHttpClient-1-5] DEBUG org.asynchttpclient.netty.channel.ChannelManager - Adding key: http://localhost:16074 for channel [id: 0x87669b37, L:/127.0.0.1:14860 - R:localhost/127.0.0.1:16074]
16:14:38.863 [Forwarding clearElement on session be6d6fa11ddbafa2597a8b5aa6b9c6c4 to remote] DEBUG org.asynchttpclient.netty.request.NettyRequestSender - Using pooled Channel '[id: 0x87669b37, L:/127.0.0.1:14860 - R:localhost/127.0.0.1:16074]' for 'POST' to 'http://localhost:16074/session/be6d6fa11ddbafa2597a8b5aa6b9c6c4/element/06E4B9F8C8DA22288F06FEFCBE3CF888_element_7/clear'
16:14:38.863 [Forwarding clearElement on session be6d6fa11ddbafa2597a8b5aa6b9c6c4 to remote] DEBUG org.asynchttpclient.netty.request.NettyRequestSender - Using open Channel [id: 0x87669b37, L:/127.0.0.1:14860 - R:localhost/127.0.0.1:16074] for POST '/session/be6d6fa11ddbafa2597a8b5aa6b9c6c4/element/06E4B9F8C8DA22288F06FEFCBE3CF888_element_7/clear'
16:14:38.900 [AsyncHttpClient-1-5] DEBUG org.asynchttpclient.netty.handler.HttpHandler - 

Request DefaultHttpRequest(decodeResult: success, version: HTTP/1.1)
POST /session/be6d6fa11ddbafa2597a8b5aa6b9c6c4/element/06E4B9F8C8DA22288F06FEFCBE3CF888_element_7/clear HTTP/1.1
User-Agent: selenium/4.8.1 (java windows)
Content-Length: 56
Content-Type: application/json; charset=utf-8
host: localhost:16074
accept: */*

Response DefaultHttpResponse(decodeResult: success, version: HTTP/1.1)
HTTP/1.1 200 OK
Content-Length: 14
Content-Type: application/json; charset=utf-8
cache-control: no-cache

16:14:38.900 [AsyncHttpClient-1-5] DEBUG org.asynchttpclient.netty.channel.ChannelManager - Adding key: http://localhost:16074 for channel [id: 0x87669b37, L:/127.0.0.1:14860 - R:localhost/127.0.0.1:16074]
16:14:38.902 [Forwarding sendKeysToElement on session be6d6fa11ddbafa2597a8b5aa6b9c6c4 to remote] DEBUG org.asynchttpclient.netty.request.NettyRequestSender - Using pooled Channel '[id: 0x87669b37, L:/127.0.0.1:14860 - R:localhost/127.0.0.1:16074]' for 'POST' to 'http://localhost:16074/session/be6d6fa11ddbafa2597a8b5aa6b9c6c4/element/06E4B9F8C8DA22288F06FEFCBE3CF888_element_7/value'
16:14:38.902 [Forwarding sendKeysToElement on session be6d6fa11ddbafa2597a8b5aa6b9c6c4 to remote] DEBUG org.asynchttpclient.netty.request.NettyRequestSender - Using open Channel [id: 0x87669b37, L:/127.0.0.1:14860 - R:localhost/127.0.0.1:16074] for POST '/session/be6d6fa11ddbafa2597a8b5aa6b9c6c4/element/06E4B9F8C8DA22288F06FEFCBE3CF888_element_7/value'
16:14:39.172 [AsyncHttpClient-1-5] DEBUG org.asynchttpclient.netty.handler.HttpHandler - 

Request DefaultHttpRequest(decodeResult: success, version: HTTP/1.1)
POST /session/be6d6fa11ddbafa2597a8b5aa6b9c6c4/element/06E4B9F8C8DA22288F06FEFCBE3CF888_element_7/value HTTP/1.1
User-Agent: selenium/4.8.1 (java windows)
Content-Length: 257
Content-Type: application/json; charset=utf-8
host: localhost:16074
accept: */*

Response DefaultHttpResponse(decodeResult: success, version: HTTP/1.1)
HTTP/1.1 200 OK
Content-Length: 14
Content-Type: application/json; charset=utf-8
cache-control: no-cache

16:14:39.172 [AsyncHttpClient-1-5] DEBUG org.asynchttpclient.netty.channel.ChannelManager - Adding key: http://localhost:16074 for channel [id: 0x87669b37, L:/127.0.0.1:14860 - R:localhost/127.0.0.1:16074]
16:14:39.181 [Forwarding getAlertText on session be6d6fa11ddbafa2597a8b5aa6b9c6c4 to remote] DEBUG org.asynchttpclient.netty.request.NettyRequestSender - Using pooled Channel '[id: 0x87669b37, L:/127.0.0.1:14860 - R:localhost/127.0.0.1:16074]' for 'GET' to 'http://localhost:16074/session/be6d6fa11ddbafa2597a8b5aa6b9c6c4/alert/text'
16:14:39.181 [Forwarding getAlertText on session be6d6fa11ddbafa2597a8b5aa6b9c6c4 to remote] DEBUG org.asynchttpclient.netty.request.NettyRequestSender - Using open Channel [id: 0x87669b37, L:/127.0.0.1:14860 - R:localhost/127.0.0.1:16074] for GET '/session/be6d6fa11ddbafa2597a8b5aa6b9c6c4/alert/text'
16:14:39.182 [AsyncHttpClient-1-5] DEBUG org.asynchttpclient.netty.handler.HttpHandler - 

Request DefaultFullHttpRequest(decodeResult: success, version: HTTP/1.1, content: EmptyByteBufBE)
GET /session/be6d6fa11ddbafa2597a8b5aa6b9c6c4/alert/text HTTP/1.1
User-Agent: selenium/4.8.1 (java windows)
Cache-Control: no-cache
Content-Type: application/json; charset=utf-8
host: localhost:16074
accept: */*

Response DefaultHttpResponse(decodeResult: success, version: HTTP/1.1)
HTTP/1.1 404 Not Found
Content-Length: 807
Content-Type: application/json; charset=utf-8
cache-control: no-cache

16:14:39.182 [AsyncHttpClient-1-5] DEBUG org.asynchttpclient.netty.channel.ChannelManager - Adding key: http://localhost:16074 for channel [id: 0x87669b37, L:/127.0.0.1:14860 - R:localhost/127.0.0.1:16074]
16:14:39.183 [Forwarding getCurrentUrl on session be6d6fa11ddbafa2597a8b5aa6b9c6c4 to remote] DEBUG org.asynchttpclient.netty.request.NettyRequestSender - Using pooled Channel '[id: 0x87669b37, L:/127.0.0.1:14860 - R:localhost/127.0.0.1:16074]' for 'GET' to 'http://localhost:16074/session/be6d6fa11ddbafa2597a8b5aa6b9c6c4/url'
16:14:39.184 [Forwarding getCurrentUrl on session be6d6fa11ddbafa2597a8b5aa6b9c6c4 to remote] DEBUG org.asynchttpclient.netty.request.NettyRequestSender - Using open Channel [id: 0x87669b37, L:/127.0.0.1:14860 - R:localhost/127.0.0.1:16074] for GET '/session/be6d6fa11ddbafa2597a8b5aa6b9c6c4/url'
16:14:39.188 [AsyncHttpClient-1-5] DEBUG org.asynchttpclient.netty.handler.HttpHandler - 

Request DefaultFullHttpRequest(decodeResult: success, version: HTTP/1.1, content: EmptyByteBufBE)
GET /session/be6d6fa11ddbafa2597a8b5aa6b9c6c4/url HTTP/1.1
User-Agent: selenium/4.8.1 (java windows)
Cache-Control: no-cache
Content-Type: application/json; charset=utf-8
host: localhost:16074
accept: */*

Response DefaultHttpResponse(decodeResult: success, version: HTTP/1.1)
HTTP/1.1 200 OK
Content-Length: 64
Content-Type: application/json; charset=utf-8
cache-control: no-cache

16:14:39.188 [AsyncHttpClient-1-5] DEBUG org.asynchttpclient.netty.channel.ChannelManager - Adding key: http://localhost:16074 for channel [id: 0x87669b37, L:/127.0.0.1:14860 - R:localhost/127.0.0.1:16074]
16:14:39.189 [Forwarding screenshot on session be6d6fa11ddbafa2597a8b5aa6b9c6c4 to remote] DEBUG org.asynchttpclient.netty.request.NettyRequestSender - Using pooled Channel '[id: 0x87669b37, L:/127.0.0.1:14860 - R:localhost/127.0.0.1:16074]' for 'GET' to 'http://localhost:16074/session/be6d6fa11ddbafa2597a8b5aa6b9c6c4/screenshot'
16:14:39.189 [Forwarding screenshot on session be6d6fa11ddbafa2597a8b5aa6b9c6c4 to remote] DEBUG org.asynchttpclient.netty.request.NettyRequestSender - Using open Channel [id: 0x87669b37, L:/127.0.0.1:14860 - R:localhost/127.0.0.1:16074] for GET '/session/be6d6fa11ddbafa2597a8b5aa6b9c6c4/screenshot'
16:14:39.331 [AsyncHttpClient-1-5] DEBUG org.asynchttpclient.netty.handler.HttpHandler - 

Request DefaultFullHttpRequest(decodeResult: success, version: HTTP/1.1, content: EmptyByteBufBE)
GET /session/be6d6fa11ddbafa2597a8b5aa6b9c6c4/screenshot HTTP/1.1
User-Agent: selenium/4.8.1 (java windows)
Cache-Control: no-cache
Content-Type: application/json; charset=utf-8
host: localhost:16074
accept: */*

Response DefaultHttpResponse(decodeResult: success, version: HTTP/1.1)
HTTP/1.1 200 OK
Content-Length: 126860
Content-Type: application/json; charset=utf-8
cache-control: no-cache

16:14:39.332 [AsyncHttpClient-1-5] DEBUG org.asynchttpclient.netty.channel.ChannelManager - Adding key: http://localhost:16074 for channel [id: 0x87669b37, L:/127.0.0.1:14860 - R:localhost/127.0.0.1:16074]
16:14:39.338 [main] DEBUG net.serenitybdd.core.photography.Darkroom - Send negative for processing for target\site\serenity\8ea53f2fd0462607c1a1f7d4f2d323be033f245facd593f5983c52b2a015fa62.png
16:14:39.338 [main] DEBUG net.thucydides.core.steps.StepInterceptor - STEP DONE: inputEmaill
  &amp#27;[32mWhen &amp#27;[0m&amp#27;[32mI inputt emaill&amp#27;[0m                                    &amp#27;[90m# Starter.Stepdefitions.AddStockDataSteps.inputtEmaill()&amp#27;[0m
16:14:39.347 [Forwarding getPageSource on session be6d6fa11ddbafa2597a8b5aa6b9c6c4 to remote] DEBUG org.asynchttpclient.netty.request.NettyRequestSender - Using pooled Channel '[id: 0x87669b37, L:/127.0.0.1:14860 - R:localhost/127.0.0.1:16074]' for 'POST' to 'http://localhost:16074/session/be6d6fa11ddbafa2597a8b5aa6b9c6c4/execute/sync'
16:14:39.347 [Forwarding getPageSource on session be6d6fa11ddbafa2597a8b5aa6b9c6c4 to remote] DEBUG org.asynchttpclient.netty.request.NettyRequestSender - Using open Channel [id: 0x87669b37, L:/127.0.0.1:14860 - R:localhost/127.0.0.1:16074] for POST '/session/be6d6fa11ddbafa2597a8b5aa6b9c6c4/execute/sync'
16:14:39.352 [AsyncHttpClient-1-5] DEBUG org.asynchttpclient.netty.handler.HttpHandler - 

Request DefaultHttpRequest(decodeResult: success, version: HTTP/1.1)
POST /session/be6d6fa11ddbafa2597a8b5aa6b9c6c4/execute/sync HTTP/1.1
User-Agent: selenium/4.8.1 (java windows)
Content-Length: 176
Content-Type: application/json; charset=utf-8
host: localhost:16074
accept: */*

Response DefaultHttpResponse(decodeResult: success, version: HTTP/1.1)
HTTP/1.1 200 OK
Content-Length: 6025
Content-Type: application/json; charset=utf-8
cache-control: no-cache

16:14:39.353 [AsyncHttpClient-1-5] DEBUG org.asynchttpclient.netty.channel.ChannelManager - Adding key: http://localhost:16074 for channel [id: 0x87669b37, L:/127.0.0.1:14860 - R:localhost/127.0.0.1:16074]
16:14:39.360 [Forwarding getCurrentUrl on session be6d6fa11ddbafa2597a8b5aa6b9c6c4 to remote] DEBUG org.asynchttpclient.netty.request.NettyRequestSender - Using pooled Channel '[id: 0x87669b37, L:/127.0.0.1:14860 - R:localhost/127.0.0.1:16074]' for 'GET' to 'http://localhost:16074/session/be6d6fa11ddbafa2597a8b5aa6b9c6c4/url'
16:14:39.360 [Forwarding getCurrentUrl on session be6d6fa11ddbafa2597a8b5aa6b9c6c4 to remote] DEBUG org.asynchttpclient.netty.request.NettyRequestSender - Using open Channel [id: 0x87669b37, L:/127.0.0.1:14860 - R:localhost/127.0.0.1:16074] for GET '/session/be6d6fa11ddbafa2597a8b5aa6b9c6c4/url'
16:14:39.364 [AsyncHttpClient-1-5] DEBUG org.asynchttpclient.netty.handler.HttpHandler - 

Request DefaultFullHttpRequest(decodeResult: success, version: HTTP/1.1, content: EmptyByteBufBE)
GET /session/be6d6fa11ddbafa2597a8b5aa6b9c6c4/url HTTP/1.1
User-Agent: selenium/4.8.1 (java windows)
Cache-Control: no-cache
Content-Type: application/json; charset=utf-8
host: localhost:16074
accept: */*

Response DefaultHttpResponse(decodeResult: success, version: HTTP/1.1)
HTTP/1.1 200 OK
Content-Length: 64
Content-Type: application/json; charset=utf-8
cache-control: no-cache

16:14:39.365 [AsyncHttpClient-1-5] DEBUG org.asynchttpclient.netty.channel.ChannelManager - Adding key: http://localhost:16074 for channel [id: 0x87669b37, L:/127.0.0.1:14860 - R:localhost/127.0.0.1:16074]
16:14:39.379 [Forwarding getPageSource on session be6d6fa11ddbafa2597a8b5aa6b9c6c4 to remote] DEBUG org.asynchttpclient.netty.request.NettyRequestSender - Using pooled Channel '[id: 0x87669b37, L:/127.0.0.1:14860 - R:localhost/127.0.0.1:16074]' for 'POST' to 'http://localhost:16074/session/be6d6fa11ddbafa2597a8b5aa6b9c6c4/execute/sync'
16:14:39.379 [Forwarding getPageSource on session be6d6fa11ddbafa2597a8b5aa6b9c6c4 to remote] DEBUG org.asynchttpclient.netty.request.NettyRequestSender - Using open Channel [id: 0x87669b37, L:/127.0.0.1:14860 - R:localhost/127.0.0.1:16074] for POST '/session/be6d6fa11ddbafa2597a8b5aa6b9c6c4/execute/sync'
16:14:39.385 [AsyncHttpClient-1-5] DEBUG org.asynchttpclient.netty.handler.HttpHandler - 

Request DefaultHttpRequest(decodeResult: success, version: HTTP/1.1)
POST /session/be6d6fa11ddbafa2597a8b5aa6b9c6c4/execute/sync HTTP/1.1
User-Agent: selenium/4.8.1 (java windows)
Content-Length: 176
Content-Type: application/json; charset=utf-8
host: localhost:16074
accept: */*

Response DefaultHttpResponse(decodeResult: success, version: HTTP/1.1)
HTTP/1.1 200 OK
Content-Length: 6025
Content-Type: application/json; charset=utf-8
cache-control: no-cache

16:14:39.385 [AsyncHttpClient-1-5] DEBUG org.asynchttpclient.netty.channel.ChannelManager - Adding key: http://localhost:16074 for channel [id: 0x87669b37, L:/127.0.0.1:14860 - R:localhost/127.0.0.1:16074]
16:14:39.389 [Forwarding getCurrentUrl on session be6d6fa11ddbafa2597a8b5aa6b9c6c4 to remote] DEBUG org.asynchttpclient.netty.request.NettyRequestSender - Using pooled Channel '[id: 0x87669b37, L:/127.0.0.1:14860 - R:localhost/127.0.0.1:16074]' for 'GET' to 'http://localhost:16074/session/be6d6fa11ddbafa2597a8b5aa6b9c6c4/url'
16:14:39.389 [Forwarding getCurrentUrl on session be6d6fa11ddbafa2597a8b5aa6b9c6c4 to remote] DEBUG org.asynchttpclient.netty.request.NettyRequestSender - Using open Channel [id: 0x87669b37, L:/127.0.0.1:14860 - R:localhost/127.0.0.1:16074] for GET '/session/be6d6fa11ddbafa2597a8b5aa6b9c6c4/url'
16:14:39.394 [AsyncHttpClient-1-5] DEBUG org.asynchttpclient.netty.handler.HttpHandler - 

Request DefaultFullHttpRequest(decodeResult: success, version: HTTP/1.1, content: EmptyByteBufBE)
GET /session/be6d6fa11ddbafa2597a8b5aa6b9c6c4/url HTTP/1.1
User-Agent: selenium/4.8.1 (java windows)
Cache-Control: no-cache
Content-Type: application/json; charset=utf-8
host: localhost:16074
accept: */*

Response DefaultHttpResponse(decodeResult: success, version: HTTP/1.1)
HTTP/1.1 200 OK
Content-Length: 64
Content-Type: application/json; charset=utf-8
cache-control: no-cache

16:14:39.394 [AsyncHttpClient-1-5] DEBUG org.asynchttpclient.netty.channel.ChannelManager - Adding key: http://localhost:16074 for channel [id: 0x87669b37, L:/127.0.0.1:14860 - R:localhost/127.0.0.1:16074]
16:14:39.397 [main] DEBUG net.thucydides.core.steps.StepInterceptor - STARTING STEP: AddStockDataSteps.inputtPasswordd - inputPasswordd
16:14:39.399 [Forwarding findElement on session be6d6fa11ddbafa2597a8b5aa6b9c6c4 to remote] DEBUG org.asynchttpclient.netty.request.NettyRequestSender - Using pooled Channel '[id: 0x87669b37, L:/127.0.0.1:14860 - R:localhost/127.0.0.1:16074]' for 'POST' to 'http://localhost:16074/session/be6d6fa11ddbafa2597a8b5aa6b9c6c4/element'
16:14:39.399 [Forwarding findElement on session be6d6fa11ddbafa2597a8b5aa6b9c6c4 to remote] DEBUG org.asynchttpclient.netty.request.NettyRequestSender - Using open Channel [id: 0x87669b37, L:/127.0.0.1:14860 - R:localhost/127.0.0.1:16074] for POST '/session/be6d6fa11ddbafa2597a8b5aa6b9c6c4/element'
16:14:39.412 [AsyncHttpClient-1-5] DEBUG org.asynchttpclient.netty.handler.HttpHandler - 

Request DefaultHttpRequest(decodeResult: success, version: HTTP/1.1)
POST /session/be6d6fa11ddbafa2597a8b5aa6b9c6c4/element HTTP/1.1
User-Agent: selenium/4.8.1 (java windows)
Content-Length: 70
Content-Type: application/json; charset=utf-8
host: localhost:16074
accept: */*

Response DefaultHttpResponse(decodeResult: success, version: HTTP/1.1)
HTTP/1.1 200 OK
Content-Length: 95
Content-Type: application/json; charset=utf-8
cache-control: no-cache

16:14:39.413 [AsyncHttpClient-1-5] DEBUG org.asynchttpclient.netty.channel.ChannelManager - Adding key: http://localhost:16074 for channel [id: 0x87669b37, L:/127.0.0.1:14860 - R:localhost/127.0.0.1:16074]
16:14:39.414 [Forwarding clearElement on session be6d6fa11ddbafa2597a8b5aa6b9c6c4 to remote] DEBUG org.asynchttpclient.netty.request.NettyRequestSender - Using pooled Channel '[id: 0x87669b37, L:/127.0.0.1:14860 - R:localhost/127.0.0.1:16074]' for 'POST' to 'http://localhost:16074/session/be6d6fa11ddbafa2597a8b5aa6b9c6c4/element/06E4B9F8C8DA22288F06FEFCBE3CF888_element_10/clear'
16:14:39.414 [Forwarding clearElement on session be6d6fa11ddbafa2597a8b5aa6b9c6c4 to remote] DEBUG org.asynchttpclient.netty.request.NettyRequestSender - Using open Channel [id: 0x87669b37, L:/127.0.0.1:14860 - R:localhost/127.0.0.1:16074] for POST '/session/be6d6fa11ddbafa2597a8b5aa6b9c6c4/element/06E4B9F8C8DA22288F06FEFCBE3CF888_element_10/clear'
16:14:39.439 [AsyncHttpClient-1-5] DEBUG org.asynchttpclient.netty.handler.HttpHandler - 

Request DefaultHttpRequest(decodeResult: success, version: HTTP/1.1)
POST /session/be6d6fa11ddbafa2597a8b5aa6b9c6c4/element/06E4B9F8C8DA22288F06FEFCBE3CF888_element_10/clear HTTP/1.1
User-Agent: selenium/4.8.1 (java windows)
Content-Length: 57
Content-Type: application/json; charset=utf-8
host: localhost:16074
accept: */*

Response DefaultHttpResponse(decodeResult: success, version: HTTP/1.1)
HTTP/1.1 200 OK
Content-Length: 14
Content-Type: application/json; charset=utf-8
cache-control: no-cache

16:14:39.439 [AsyncHttpClient-1-5] DEBUG org.asynchttpclient.netty.channel.ChannelManager - Adding key: http://localhost:16074 for channel [id: 0x87669b37, L:/127.0.0.1:14860 - R:localhost/127.0.0.1:16074]
16:14:39.441 [Forwarding sendKeysToElement on session be6d6fa11ddbafa2597a8b5aa6b9c6c4 to remote] DEBUG org.asynchttpclient.netty.request.NettyRequestSender - Using pooled Channel '[id: 0x87669b37, L:/127.0.0.1:14860 - R:localhost/127.0.0.1:16074]' for 'POST' to 'http://localhost:16074/session/be6d6fa11ddbafa2597a8b5aa6b9c6c4/element/06E4B9F8C8DA22288F06FEFCBE3CF888_element_10/value'
16:14:39.441 [Forwarding sendKeysToElement on session be6d6fa11ddbafa2597a8b5aa6b9c6c4 to remote] DEBUG org.asynchttpclient.netty.request.NettyRequestSender - Using open Channel [id: 0x87669b37, L:/127.0.0.1:14860 - R:localhost/127.0.0.1:16074] for POST '/session/be6d6fa11ddbafa2597a8b5aa6b9c6c4/element/06E4B9F8C8DA22288F06FEFCBE3CF888_element_10/value'
16:14:39.543 [AsyncHttpClient-1-1] DEBUG org.asynchttpclient.netty.channel.DefaultChannelPool - Entry count for : http://localhost:14861 : 1
16:14:39.617 [AsyncHttpClient-1-5] DEBUG org.asynchttpclient.netty.handler.HttpHandler - 

Request DefaultHttpRequest(decodeResult: success, version: HTTP/1.1)
POST /session/be6d6fa11ddbafa2597a8b5aa6b9c6c4/element/06E4B9F8C8DA22288F06FEFCBE3CF888_element_10/value HTTP/1.1
User-Agent: selenium/4.8.1 (java windows)
Content-Length: 198
Content-Type: application/json; charset=utf-8
host: localhost:16074
accept: */*

Response DefaultHttpResponse(decodeResult: success, version: HTTP/1.1)
HTTP/1.1 200 OK
Content-Length: 14
Content-Type: application/json; charset=utf-8
cache-control: no-cache

16:14:39.617 [AsyncHttpClient-1-5] DEBUG org.asynchttpclient.netty.channel.ChannelManager - Adding key: http://localhost:16074 for channel [id: 0x87669b37, L:/127.0.0.1:14860 - R:localhost/127.0.0.1:16074]
16:14:39.628 [Forwarding getAlertText on session be6d6fa11ddbafa2597a8b5aa6b9c6c4 to remote] DEBUG org.asynchttpclient.netty.request.NettyRequestSender - Using pooled Channel '[id: 0x87669b37, L:/127.0.0.1:14860 - R:localhost/127.0.0.1:16074]' for 'GET' to 'http://localhost:16074/session/be6d6fa11ddbafa2597a8b5aa6b9c6c4/alert/text'
16:14:39.628 [Forwarding getAlertText on session be6d6fa11ddbafa2597a8b5aa6b9c6c4 to remote] DEBUG org.asynchttpclient.netty.request.NettyRequestSender - Using open Channel [id: 0x87669b37, L:/127.0.0.1:14860 - R:localhost/127.0.0.1:16074] for GET '/session/be6d6fa11ddbafa2597a8b5aa6b9c6c4/alert/text'
16:14:39.629 [AsyncHttpClient-1-5] DEBUG org.asynchttpclient.netty.handler.HttpHandler - 

Request DefaultFullHttpRequest(decodeResult: success, version: HTTP/1.1, content: EmptyByteBufBE)
GET /session/be6d6fa11ddbafa2597a8b5aa6b9c6c4/alert/text HTTP/1.1
User-Agent: selenium/4.8.1 (java windows)
Cache-Control: no-cache
Content-Type: application/json; charset=utf-8
host: localhost:16074
accept: */*

Response DefaultHttpResponse(decodeResult: success, version: HTTP/1.1)
HTTP/1.1 404 Not Found
Content-Length: 807
Content-Type: application/json; charset=utf-8
cache-control: no-cache

16:14:39.630 [AsyncHttpClient-1-5] DEBUG org.asynchttpclient.netty.channel.ChannelManager - Adding key: http://localhost:16074 for channel [id: 0x87669b37, L:/127.0.0.1:14860 - R:localhost/127.0.0.1:16074]
16:14:39.631 [Forwarding getCurrentUrl on session be6d6fa11ddbafa2597a8b5aa6b9c6c4 to remote] DEBUG org.asynchttpclient.netty.request.NettyRequestSender - Using pooled Channel '[id: 0x87669b37, L:/127.0.0.1:14860 - R:localhost/127.0.0.1:16074]' for 'GET' to 'http://localhost:16074/session/be6d6fa11ddbafa2597a8b5aa6b9c6c4/url'
16:14:39.631 [Forwarding getCurrentUrl on session be6d6fa11ddbafa2597a8b5aa6b9c6c4 to remote] DEBUG org.asynchttpclient.netty.request.NettyRequestSender - Using open Channel [id: 0x87669b37, L:/127.0.0.1:14860 - R:localhost/127.0.0.1:16074] for GET '/session/be6d6fa11ddbafa2597a8b5aa6b9c6c4/url'
16:14:39.635 [AsyncHttpClient-1-5] DEBUG org.asynchttpclient.netty.handler.HttpHandler - 

Request DefaultFullHttpRequest(decodeResult: success, version: HTTP/1.1, content: EmptyByteBufBE)
GET /session/be6d6fa11ddbafa2597a8b5aa6b9c6c4/url HTTP/1.1
User-Agent: selenium/4.8.1 (java windows)
Cache-Control: no-cache
Content-Type: application/json; charset=utf-8
host: localhost:16074
accept: */*

Response DefaultHttpResponse(decodeResult: success, version: HTTP/1.1)
HTTP/1.1 200 OK
Content-Length: 64
Content-Type: application/json; charset=utf-8
cache-control: no-cache

16:14:39.635 [AsyncHttpClient-1-5] DEBUG org.asynchttpclient.netty.channel.ChannelManager - Adding key: http://localhost:16074 for channel [id: 0x87669b37, L:/127.0.0.1:14860 - R:localhost/127.0.0.1:16074]
16:14:39.637 [Forwarding screenshot on session be6d6fa11ddbafa2597a8b5aa6b9c6c4 to remote] DEBUG org.asynchttpclient.netty.request.NettyRequestSender - Using pooled Channel '[id: 0x87669b37, L:/127.0.0.1:14860 - R:localhost/127.0.0.1:16074]' for 'GET' to 'http://localhost:16074/session/be6d6fa11ddbafa2597a8b5aa6b9c6c4/screenshot'
16:14:39.637 [Forwarding screenshot on session be6d6fa11ddbafa2597a8b5aa6b9c6c4 to remote] DEBUG org.asynchttpclient.netty.request.NettyRequestSender - Using open Channel [id: 0x87669b37, L:/127.0.0.1:14860 - R:localhost/127.0.0.1:16074] for GET '/session/be6d6fa11ddbafa2597a8b5aa6b9c6c4/screenshot'
16:14:39.754 [AsyncHttpClient-1-5] DEBUG org.asynchttpclient.netty.handler.HttpHandler - 

Request DefaultFullHttpRequest(decodeResult: success, version: HTTP/1.1, content: EmptyByteBufBE)
GET /session/be6d6fa11ddbafa2597a8b5aa6b9c6c4/screenshot HTTP/1.1
User-Agent: selenium/4.8.1 (java windows)
Cache-Control: no-cache
Content-Type: application/json; charset=utf-8
host: localhost:16074
accept: */*

Response DefaultHttpResponse(decodeResult: success, version: HTTP/1.1)
HTTP/1.1 200 OK
Content-Length: 124768
Content-Type: application/json; charset=utf-8
cache-control: no-cache

16:14:39.755 [AsyncHttpClient-1-5] DEBUG org.asynchttpclient.netty.channel.ChannelManager - Adding key: http://localhost:16074 for channel [id: 0x87669b37, L:/127.0.0.1:14860 - R:localhost/127.0.0.1:16074]
16:14:39.760 [main] DEBUG net.serenitybdd.core.photography.Darkroom - Send negative for processing for target\site\serenity\a482bc7bd961aca5e94723349c45a43c2640dfe964600ce63e970df6c5797a73.png
16:14:39.761 [main] DEBUG net.thucydides.core.steps.StepInterceptor - STEP DONE: inputPasswordd
  &amp#27;[32mAnd &amp#27;[0m&amp#27;[32mI inputt passwordd&amp#27;[0m                                  &amp#27;[90m# Starter.Stepdefitions.AddStockDataSteps.inputtPasswordd()&amp#27;[0m
16:14:39.771 [Forwarding getPageSource on session be6d6fa11ddbafa2597a8b5aa6b9c6c4 to remote] DEBUG org.asynchttpclient.netty.request.NettyRequestSender - Using pooled Channel '[id: 0x87669b37, L:/127.0.0.1:14860 - R:localhost/127.0.0.1:16074]' for 'POST' to 'http://localhost:16074/session/be6d6fa11ddbafa2597a8b5aa6b9c6c4/execute/sync'
16:14:39.772 [Forwarding getPageSource on session be6d6fa11ddbafa2597a8b5aa6b9c6c4 to remote] DEBUG org.asynchttpclient.netty.request.NettyRequestSender - Using open Channel [id: 0x87669b37, L:/127.0.0.1:14860 - R:localhost/127.0.0.1:16074] for POST '/session/be6d6fa11ddbafa2597a8b5aa6b9c6c4/execute/sync'
16:14:39.776 [AsyncHttpClient-1-5] DEBUG org.asynchttpclient.netty.handler.HttpHandler - 

Request DefaultHttpRequest(decodeResult: success, version: HTTP/1.1)
POST /session/be6d6fa11ddbafa2597a8b5aa6b9c6c4/execute/sync HTTP/1.1
User-Agent: selenium/4.8.1 (java windows)
Content-Length: 176
Content-Type: application/json; charset=utf-8
host: localhost:16074
accept: */*

Response DefaultHttpResponse(decodeResult: success, version: HTTP/1.1)
HTTP/1.1 200 OK
Content-Length: 6036
Content-Type: application/json; charset=utf-8
cache-control: no-cache

16:14:39.776 [AsyncHttpClient-1-5] DEBUG org.asynchttpclient.netty.channel.ChannelManager - Adding key: http://localhost:16074 for channel [id: 0x87669b37, L:/127.0.0.1:14860 - R:localhost/127.0.0.1:16074]
16:14:39.778 [Forwarding getCurrentUrl on session be6d6fa11ddbafa2597a8b5aa6b9c6c4 to remote] DEBUG org.asynchttpclient.netty.request.NettyRequestSender - Using pooled Channel '[id: 0x87669b37, L:/127.0.0.1:14860 - R:localhost/127.0.0.1:16074]' for 'GET' to 'http://localhost:16074/session/be6d6fa11ddbafa2597a8b5aa6b9c6c4/url'
16:14:39.778 [Forwarding getCurrentUrl on session be6d6fa11ddbafa2597a8b5aa6b9c6c4 to remote] DEBUG org.asynchttpclient.netty.request.NettyRequestSender - Using open Channel [id: 0x87669b37, L:/127.0.0.1:14860 - R:localhost/127.0.0.1:16074] for GET '/session/be6d6fa11ddbafa2597a8b5aa6b9c6c4/url'
16:14:39.782 [AsyncHttpClient-1-5] DEBUG org.asynchttpclient.netty.handler.HttpHandler - 

Request DefaultFullHttpRequest(decodeResult: success, version: HTTP/1.1, content: EmptyByteBufBE)
GET /session/be6d6fa11ddbafa2597a8b5aa6b9c6c4/url HTTP/1.1
User-Agent: selenium/4.8.1 (java windows)
Cache-Control: no-cache
Content-Type: application/json; charset=utf-8
host: localhost:16074
accept: */*

Response DefaultHttpResponse(decodeResult: success, version: HTTP/1.1)
HTTP/1.1 200 OK
Content-Length: 64
Content-Type: application/json; charset=utf-8
cache-control: no-cache

16:14:39.782 [AsyncHttpClient-1-5] DEBUG org.asynchttpclient.netty.channel.ChannelManager - Adding key: http://localhost:16074 for channel [id: 0x87669b37, L:/127.0.0.1:14860 - R:localhost/127.0.0.1:16074]
16:14:39.791 [Forwarding getPageSource on session be6d6fa11ddbafa2597a8b5aa6b9c6c4 to remote] DEBUG org.asynchttpclient.netty.request.NettyRequestSender - Using pooled Channel '[id: 0x87669b37, L:/127.0.0.1:14860 - R:localhost/127.0.0.1:16074]' for 'POST' to 'http://localhost:16074/session/be6d6fa11ddbafa2597a8b5aa6b9c6c4/execute/sync'
16:14:39.791 [Forwarding getPageSource on session be6d6fa11ddbafa2597a8b5aa6b9c6c4 to remote] DEBUG org.asynchttpclient.netty.request.NettyRequestSender - Using open Channel [id: 0x87669b37, L:/127.0.0.1:14860 - R:localhost/127.0.0.1:16074] for POST '/session/be6d6fa11ddbafa2597a8b5aa6b9c6c4/execute/sync'
16:14:39.796 [AsyncHttpClient-1-5] DEBUG org.asynchttpclient.netty.handler.HttpHandler - 

Request DefaultHttpRequest(decodeResult: success, version: HTTP/1.1)
POST /session/be6d6fa11ddbafa2597a8b5aa6b9c6c4/execute/sync HTTP/1.1
User-Agent: selenium/4.8.1 (java windows)
Content-Length: 176
Content-Type: application/json; charset=utf-8
host: localhost:16074
accept: */*

Response DefaultHttpResponse(decodeResult: success, version: HTTP/1.1)
HTTP/1.1 200 OK
Content-Length: 6036
Content-Type: application/json; charset=utf-8
cache-control: no-cache

16:14:39.796 [AsyncHttpClient-1-5] DEBUG org.asynchttpclient.netty.channel.ChannelManager - Adding key: http://localhost:16074 for channel [id: 0x87669b37, L:/127.0.0.1:14860 - R:localhost/127.0.0.1:16074]
16:14:39.798 [Forwarding getCurrentUrl on session be6d6fa11ddbafa2597a8b5aa6b9c6c4 to remote] DEBUG org.asynchttpclient.netty.request.NettyRequestSender - Using pooled Channel '[id: 0x87669b37, L:/127.0.0.1:14860 - R:localhost/127.0.0.1:16074]' for 'GET' to 'http://localhost:16074/session/be6d6fa11ddbafa2597a8b5aa6b9c6c4/url'
16:14:39.798 [Forwarding getCurrentUrl on session be6d6fa11ddbafa2597a8b5aa6b9c6c4 to remote] DEBUG org.asynchttpclient.netty.request.NettyRequestSender - Using open Channel [id: 0x87669b37, L:/127.0.0.1:14860 - R:localhost/127.0.0.1:16074] for GET '/session/be6d6fa11ddbafa2597a8b5aa6b9c6c4/url'
16:14:39.802 [AsyncHttpClient-1-5] DEBUG org.asynchttpclient.netty.handler.HttpHandler - 

Request DefaultFullHttpRequest(decodeResult: success, version: HTTP/1.1, content: EmptyByteBufBE)
GET /session/be6d6fa11ddbafa2597a8b5aa6b9c6c4/url HTTP/1.1
User-Agent: selenium/4.8.1 (java windows)
Cache-Control: no-cache
Content-Type: application/json; charset=utf-8
host: localhost:16074
accept: */*

Response DefaultHttpResponse(decodeResult: success, version: HTTP/1.1)
HTTP/1.1 200 OK
Content-Length: 64
Content-Type: application/json; charset=utf-8
cache-control: no-cache

16:14:39.802 [AsyncHttpClient-1-5] DEBUG org.asynchttpclient.netty.channel.ChannelManager - Adding key: http://localhost:16074 for channel [id: 0x87669b37, L:/127.0.0.1:14860 - R:localhost/127.0.0.1:16074]
16:14:39.804 [main] DEBUG net.thucydides.core.steps.StepInterceptor - STARTING STEP: AddStockDataSteps.clickSignInn - clickLoginButtonn
16:14:39.808 [Forwarding findElement on session be6d6fa11ddbafa2597a8b5aa6b9c6c4 to remote] DEBUG org.asynchttpclient.netty.request.NettyRequestSender - Using pooled Channel '[id: 0x87669b37, L:/127.0.0.1:14860 - R:localhost/127.0.0.1:16074]' for 'POST' to 'http://localhost:16074/session/be6d6fa11ddbafa2597a8b5aa6b9c6c4/element'
16:14:39.808 [Forwarding findElement on session be6d6fa11ddbafa2597a8b5aa6b9c6c4 to remote] DEBUG org.asynchttpclient.netty.request.NettyRequestSender - Using open Channel [id: 0x87669b37, L:/127.0.0.1:14860 - R:localhost/127.0.0.1:16074] for POST '/session/be6d6fa11ddbafa2597a8b5aa6b9c6c4/element'
16:14:39.819 [AsyncHttpClient-1-5] DEBUG org.asynchttpclient.netty.handler.HttpHandler - 

Request DefaultHttpRequest(decodeResult: success, version: HTTP/1.1)
POST /session/be6d6fa11ddbafa2597a8b5aa6b9c6c4/element HTTP/1.1
User-Agent: selenium/4.8.1 (java windows)
Content-Length: 69
Content-Type: application/json; charset=utf-8
host: localhost:16074
accept: */*

Response DefaultHttpResponse(decodeResult: success, version: HTTP/1.1)
HTTP/1.1 200 OK
Content-Length: 95
Content-Type: application/json; charset=utf-8
cache-control: no-cache

16:14:39.820 [AsyncHttpClient-1-5] DEBUG org.asynchttpclient.netty.channel.ChannelManager - Adding key: http://localhost:16074 for channel [id: 0x87669b37, L:/127.0.0.1:14860 - R:localhost/127.0.0.1:16074]
16:14:39.821 [Forwarding getElementTagName on session be6d6fa11ddbafa2597a8b5aa6b9c6c4 to remote] DEBUG org.asynchttpclient.netty.request.NettyRequestSender - Using pooled Channel '[id: 0x87669b37, L:/127.0.0.1:14860 - R:localhost/127.0.0.1:16074]' for 'GET' to 'http://localhost:16074/session/be6d6fa11ddbafa2597a8b5aa6b9c6c4/element/06E4B9F8C8DA22288F06FEFCBE3CF888_element_14/name'
16:14:39.821 [Forwarding getElementTagName on session be6d6fa11ddbafa2597a8b5aa6b9c6c4 to remote] DEBUG org.asynchttpclient.netty.request.NettyRequestSender - Using open Channel [id: 0x87669b37, L:/127.0.0.1:14860 - R:localhost/127.0.0.1:16074] for GET '/session/be6d6fa11ddbafa2597a8b5aa6b9c6c4/element/06E4B9F8C8DA22288F06FEFCBE3CF888_element_14/name'
16:14:39.826 [AsyncHttpClient-1-5] DEBUG org.asynchttpclient.netty.handler.HttpHandler - 

Request DefaultFullHttpRequest(decodeResult: success, version: HTTP/1.1, content: EmptyByteBufBE)
GET /session/be6d6fa11ddbafa2597a8b5aa6b9c6c4/element/06E4B9F8C8DA22288F06FEFCBE3CF888_element_14/name HTTP/1.1
User-Agent: selenium/4.8.1 (java windows)
Cache-Control: no-cache
Content-Type: application/json; charset=utf-8
host: localhost:16074
accept: */*

Response DefaultHttpResponse(decodeResult: success, version: HTTP/1.1)
HTTP/1.1 200 OK
Content-Length: 18
Content-Type: application/json; charset=utf-8
cache-control: no-cache

16:14:39.826 [AsyncHttpClient-1-5] DEBUG org.asynchttpclient.netty.channel.ChannelManager - Adding key: http://localhost:16074 for channel [id: 0x87669b37, L:/127.0.0.1:14860 - R:localhost/127.0.0.1:16074]
16:14:39.827 [Forwarding getElementTagName on session be6d6fa11ddbafa2597a8b5aa6b9c6c4 to remote] DEBUG org.asynchttpclient.netty.request.NettyRequestSender - Using pooled Channel '[id: 0x87669b37, L:/127.0.0.1:14860 - R:localhost/127.0.0.1:16074]' for 'GET' to 'http://localhost:16074/session/be6d6fa11ddbafa2597a8b5aa6b9c6c4/element/06E4B9F8C8DA22288F06FEFCBE3CF888_element_14/name'
16:14:39.827 [Forwarding getElementTagName on session be6d6fa11ddbafa2597a8b5aa6b9c6c4 to remote] DEBUG org.asynchttpclient.netty.request.NettyRequestSender - Using open Channel [id: 0x87669b37, L:/127.0.0.1:14860 - R:localhost/127.0.0.1:16074] for GET '/session/be6d6fa11ddbafa2597a8b5aa6b9c6c4/element/06E4B9F8C8DA22288F06FEFCBE3CF888_element_14/name'
16:14:39.831 [AsyncHttpClient-1-5] DEBUG org.asynchttpclient.netty.handler.HttpHandler - 

Request DefaultFullHttpRequest(decodeResult: success, version: HTTP/1.1, content: EmptyByteBufBE)
GET /session/be6d6fa11ddbafa2597a8b5aa6b9c6c4/element/06E4B9F8C8DA22288F06FEFCBE3CF888_element_14/name HTTP/1.1
User-Agent: selenium/4.8.1 (java windows)
Cache-Control: no-cache
Content-Type: application/json; charset=utf-8
host: localhost:16074
accept: */*

Response DefaultHttpResponse(decodeResult: success, version: HTTP/1.1)
HTTP/1.1 200 OK
Content-Length: 18
Content-Type: application/json; charset=utf-8
cache-control: no-cache

16:14:39.832 [AsyncHttpClient-1-5] DEBUG org.asynchttpclient.netty.channel.ChannelManager - Adding key: http://localhost:16074 for channel [id: 0x87669b37, L:/127.0.0.1:14860 - R:localhost/127.0.0.1:16074]
16:14:39.834 [Forwarding isElementEnabled on session be6d6fa11ddbafa2597a8b5aa6b9c6c4 to remote] DEBUG org.asynchttpclient.netty.request.NettyRequestSender - Using pooled Channel '[id: 0x87669b37, L:/127.0.0.1:14860 - R:localhost/127.0.0.1:16074]' for 'GET' to 'http://localhost:16074/session/be6d6fa11ddbafa2597a8b5aa6b9c6c4/element/06E4B9F8C8DA22288F06FEFCBE3CF888_element_14/enabled'
16:14:39.834 [Forwarding isElementEnabled on session be6d6fa11ddbafa2597a8b5aa6b9c6c4 to remote] DEBUG org.asynchttpclient.netty.request.NettyRequestSender - Using open Channel [id: 0x87669b37, L:/127.0.0.1:14860 - R:localhost/127.0.0.1:16074] for GET '/session/be6d6fa11ddbafa2597a8b5aa6b9c6c4/element/06E4B9F8C8DA22288F06FEFCBE3CF888_element_14/enabled'
16:14:39.840 [AsyncHttpClient-1-5] DEBUG org.asynchttpclient.netty.handler.HttpHandler - 

Request DefaultFullHttpRequest(decodeResult: success, version: HTTP/1.1, content: EmptyByteBufBE)
GET /session/be6d6fa11ddbafa2597a8b5aa6b9c6c4/element/06E4B9F8C8DA22288F06FEFCBE3CF888_element_14/enabled HTTP/1.1
User-Agent: selenium/4.8.1 (java windows)
Cache-Control: no-cache
Content-Type: application/json; charset=utf-8
host: localhost:16074
accept: */*

Response DefaultHttpResponse(decodeResult: success, version: HTTP/1.1)
HTTP/1.1 200 OK
Content-Length: 14
Content-Type: application/json; charset=utf-8
cache-control: no-cache

16:14:39.841 [AsyncHttpClient-1-5] DEBUG org.asynchttpclient.netty.channel.ChannelManager - Adding key: http://localhost:16074 for channel [id: 0x87669b37, L:/127.0.0.1:14860 - R:localhost/127.0.0.1:16074]
16:14:39.842 [Forwarding isElementEnabled on session be6d6fa11ddbafa2597a8b5aa6b9c6c4 to remote] DEBUG org.asynchttpclient.netty.request.NettyRequestSender - Using pooled Channel '[id: 0x87669b37, L:/127.0.0.1:14860 - R:localhost/127.0.0.1:16074]' for 'GET' to 'http://localhost:16074/session/be6d6fa11ddbafa2597a8b5aa6b9c6c4/element/06E4B9F8C8DA22288F06FEFCBE3CF888_element_14/enabled'
16:14:39.842 [Forwarding isElementEnabled on session be6d6fa11ddbafa2597a8b5aa6b9c6c4 to remote] DEBUG org.asynchttpclient.netty.request.NettyRequestSender - Using open Channel [id: 0x87669b37, L:/127.0.0.1:14860 - R:localhost/127.0.0.1:16074] for GET '/session/be6d6fa11ddbafa2597a8b5aa6b9c6c4/element/06E4B9F8C8DA22288F06FEFCBE3CF888_element_14/enabled'
16:14:39.848 [AsyncHttpClient-1-5] DEBUG org.asynchttpclient.netty.handler.HttpHandler - 

Request DefaultFullHttpRequest(decodeResult: success, version: HTTP/1.1, content: EmptyByteBufBE)
GET /session/be6d6fa11ddbafa2597a8b5aa6b9c6c4/element/06E4B9F8C8DA22288F06FEFCBE3CF888_element_14/enabled HTTP/1.1
User-Agent: selenium/4.8.1 (java windows)
Cache-Control: no-cache
Content-Type: application/json; charset=utf-8
host: localhost:16074
accept: */*

Response DefaultHttpResponse(decodeResult: success, version: HTTP/1.1)
HTTP/1.1 200 OK
Content-Length: 14
Content-Type: application/json; charset=utf-8
cache-control: no-cache

16:14:39.848 [AsyncHttpClient-1-5] DEBUG org.asynchttpclient.netty.channel.ChannelManager - Adding key: http://localhost:16074 for channel [id: 0x87669b37, L:/127.0.0.1:14860 - R:localhost/127.0.0.1:16074]
16:14:39.850 [Forwarding findElement on session be6d6fa11ddbafa2597a8b5aa6b9c6c4 to remote] DEBUG org.asynchttpclient.netty.request.NettyRequestSender - Using pooled Channel '[id: 0x87669b37, L:/127.0.0.1:14860 - R:localhost/127.0.0.1:16074]' for 'POST' to 'http://localhost:16074/session/be6d6fa11ddbafa2597a8b5aa6b9c6c4/element'
16:14:39.850 [Forwarding findElement on session be6d6fa11ddbafa2597a8b5aa6b9c6c4 to remote] DEBUG org.asynchttpclient.netty.request.NettyRequestSender - Using open Channel [id: 0x87669b37, L:/127.0.0.1:14860 - R:localhost/127.0.0.1:16074] for POST '/session/be6d6fa11ddbafa2597a8b5aa6b9c6c4/element'
16:14:39.856 [AsyncHttpClient-1-5] DEBUG org.asynchttpclient.netty.handler.HttpHandler - 

Request DefaultHttpRequest(decodeResult: success, version: HTTP/1.1)
POST /session/be6d6fa11ddbafa2597a8b5aa6b9c6c4/element HTTP/1.1
User-Agent: selenium/4.8.1 (java windows)
Content-Length: 69
Content-Type: application/json; charset=utf-8
host: localhost:16074
accept: */*

Response DefaultHttpResponse(decodeResult: success, version: HTTP/1.1)
HTTP/1.1 200 OK
Content-Length: 95
Content-Type: application/json; charset=utf-8
cache-control: no-cache

16:14:39.856 [AsyncHttpClient-1-5] DEBUG org.asynchttpclient.netty.channel.ChannelManager - Adding key: http://localhost:16074 for channel [id: 0x87669b37, L:/127.0.0.1:14860 - R:localhost/127.0.0.1:16074]
16:14:39.857 [Forwarding clickElement on session be6d6fa11ddbafa2597a8b5aa6b9c6c4 to remote] DEBUG org.asynchttpclient.netty.request.NettyRequestSender - Using pooled Channel '[id: 0x87669b37, L:/127.0.0.1:14860 - R:localhost/127.0.0.1:16074]' for 'POST' to 'http://localhost:16074/session/be6d6fa11ddbafa2597a8b5aa6b9c6c4/element/06E4B9F8C8DA22288F06FEFCBE3CF888_element_14/click'
16:14:39.857 [Forwarding clickElement on session be6d6fa11ddbafa2597a8b5aa6b9c6c4 to remote] DEBUG org.asynchttpclient.netty.request.NettyRequestSender - Using open Channel [id: 0x87669b37, L:/127.0.0.1:14860 - R:localhost/127.0.0.1:16074] for POST '/session/be6d6fa11ddbafa2597a8b5aa6b9c6c4/element/06E4B9F8C8DA22288F06FEFCBE3CF888_element_14/click'
16:14:39.915 [AsyncHttpClient-1-5] DEBUG org.asynchttpclient.netty.handler.HttpHandler - 

Request DefaultHttpRequest(decodeResult: success, version: HTTP/1.1)
POST /session/be6d6fa11ddbafa2597a8b5aa6b9c6c4/element/06E4B9F8C8DA22288F06FEFCBE3CF888_element_14/click HTTP/1.1
User-Agent: selenium/4.8.1 (java windows)
Content-Length: 57
Content-Type: application/json; charset=utf-8
host: localhost:16074
accept: */*

Response DefaultHttpResponse(decodeResult: success, version: HTTP/1.1)
HTTP/1.1 200 OK
Content-Length: 14
Content-Type: application/json; charset=utf-8
cache-control: no-cache

16:14:39.915 [AsyncHttpClient-1-5] DEBUG org.asynchttpclient.netty.channel.ChannelManager - Adding key: http://localhost:16074 for channel [id: 0x87669b37, L:/127.0.0.1:14860 - R:localhost/127.0.0.1:16074]
16:14:39.928 [Forwarding getAlertText on session be6d6fa11ddbafa2597a8b5aa6b9c6c4 to remote] DEBUG org.asynchttpclient.netty.request.NettyRequestSender - Using pooled Channel '[id: 0x87669b37, L:/127.0.0.1:14860 - R:localhost/127.0.0.1:16074]' for 'GET' to 'http://localhost:16074/session/be6d6fa11ddbafa2597a8b5aa6b9c6c4/alert/text'
16:14:39.929 [Forwarding getAlertText on session be6d6fa11ddbafa2597a8b5aa6b9c6c4 to remote] DEBUG org.asynchttpclient.netty.request.NettyRequestSender - Using open Channel [id: 0x87669b37, L:/127.0.0.1:14860 - R:localhost/127.0.0.1:16074] for GET '/session/be6d6fa11ddbafa2597a8b5aa6b9c6c4/alert/text'
16:14:39.930 [AsyncHttpClient-1-5] DEBUG org.asynchttpclient.netty.handler.HttpHandler - 

Request DefaultFullHttpRequest(decodeResult: success, version: HTTP/1.1, content: EmptyByteBufBE)
GET /session/be6d6fa11ddbafa2597a8b5aa6b9c6c4/alert/text HTTP/1.1
User-Agent: selenium/4.8.1 (java windows)
Cache-Control: no-cache
Content-Type: application/json; charset=utf-8
host: localhost:16074
accept: */*

Response DefaultHttpResponse(decodeResult: success, version: HTTP/1.1)
HTTP/1.1 404 Not Found
Content-Length: 807
Content-Type: application/json; charset=utf-8
cache-control: no-cache

16:14:39.930 [AsyncHttpClient-1-5] DEBUG org.asynchttpclient.netty.channel.ChannelManager - Adding key: http://localhost:16074 for channel [id: 0x87669b37, L:/127.0.0.1:14860 - R:localhost/127.0.0.1:16074]
16:14:39.931 [Forwarding getCurrentUrl on session be6d6fa11ddbafa2597a8b5aa6b9c6c4 to remote] DEBUG org.asynchttpclient.netty.request.NettyRequestSender - Using pooled Channel '[id: 0x87669b37, L:/127.0.0.1:14860 - R:localhost/127.0.0.1:16074]' for 'GET' to 'http://localhost:16074/session/be6d6fa11ddbafa2597a8b5aa6b9c6c4/url'
16:14:39.932 [Forwarding getCurrentUrl on session be6d6fa11ddbafa2597a8b5aa6b9c6c4 to remote] DEBUG org.asynchttpclient.netty.request.NettyRequestSender - Using open Channel [id: 0x87669b37, L:/127.0.0.1:14860 - R:localhost/127.0.0.1:16074] for GET '/session/be6d6fa11ddbafa2597a8b5aa6b9c6c4/url'
16:14:39.937 [AsyncHttpClient-1-5] DEBUG org.asynchttpclient.netty.handler.HttpHandler - 

Request DefaultFullHttpRequest(decodeResult: success, version: HTTP/1.1, content: EmptyByteBufBE)
GET /session/be6d6fa11ddbafa2597a8b5aa6b9c6c4/url HTTP/1.1
User-Agent: selenium/4.8.1 (java windows)
Cache-Control: no-cache
Content-Type: application/json; charset=utf-8
host: localhost:16074
accept: */*

Response DefaultHttpResponse(decodeResult: success, version: HTTP/1.1)
HTTP/1.1 200 OK
Content-Length: 64
Content-Type: application/json; charset=utf-8
cache-control: no-cache

16:14:39.938 [AsyncHttpClient-1-5] DEBUG org.asynchttpclient.netty.channel.ChannelManager - Adding key: http://localhost:16074 for channel [id: 0x87669b37, L:/127.0.0.1:14860 - R:localhost/127.0.0.1:16074]
16:14:39.939 [Forwarding screenshot on session be6d6fa11ddbafa2597a8b5aa6b9c6c4 to remote] DEBUG org.asynchttpclient.netty.request.NettyRequestSender - Using pooled Channel '[id: 0x87669b37, L:/127.0.0.1:14860 - R:localhost/127.0.0.1:16074]' for 'GET' to 'http://localhost:16074/session/be6d6fa11ddbafa2597a8b5aa6b9c6c4/screenshot'
16:14:39.939 [Forwarding screenshot on session be6d6fa11ddbafa2597a8b5aa6b9c6c4 to remote] DEBUG org.asynchttpclient.netty.request.NettyRequestSender - Using open Channel [id: 0x87669b37, L:/127.0.0.1:14860 - R:localhost/127.0.0.1:16074] for GET '/session/be6d6fa11ddbafa2597a8b5aa6b9c6c4/screenshot'
16:14:40.088 [AsyncHttpClient-1-5] DEBUG org.asynchttpclient.netty.handler.HttpHandler - 

Request DefaultFullHttpRequest(decodeResult: success, version: HTTP/1.1, content: EmptyByteBufBE)
GET /session/be6d6fa11ddbafa2597a8b5aa6b9c6c4/screenshot HTTP/1.1
User-Agent: selenium/4.8.1 (java windows)
Cache-Control: no-cache
Content-Type: application/json; charset=utf-8
host: localhost:16074
accept: */*

Response DefaultHttpResponse(decodeResult: success, version: HTTP/1.1)
HTTP/1.1 200 OK
Content-Length: 124664
Content-Type: application/json; charset=utf-8
cache-control: no-cache

16:14:40.092 [AsyncHttpClient-1-5] DEBUG org.asynchttpclient.netty.channel.ChannelManager - Adding key: http://localhost:16074 for channel [id: 0x87669b37, L:/127.0.0.1:14860 - R:localhost/127.0.0.1:16074]
16:14:40.098 [main] DEBUG net.serenitybdd.core.photography.Darkroom - Send negative for processing for target\site\serenity\cfe47779a674b4273ad42709d7031df0a5a4b27b900a2d15654e25ea25e7b616.png
16:14:40.098 [main] DEBUG net.thucydides.core.steps.StepInterceptor - STEP DONE: clickLoginButtonn
  &amp#27;[32mAnd &amp#27;[0m&amp#27;[32mI click sign innn&amp#27;[0m                                   &amp#27;[90m# Starter.Stepdefitions.AddStockDataSteps.clickSignInn()&amp#27;[0m
16:14:40.099 [Darkroom Processing Line] DEBUG net.serenitybdd.core.photography.DarkroomProcessingLine - Processing screenshot image in /var/screenshots/screenshot-4442201963427412044
16:14:40.099 [Darkroom Processing Line] DEBUG net.serenitybdd.core.photography.DarkroomProcessingLine - Saving screenshot to target\site\serenity\cfe47779a674b4273ad42709d7031df0a5a4b27b900a2d15654e25ea25e7b616.png
16:14:40.116 [Forwarding getPageSource on session be6d6fa11ddbafa2597a8b5aa6b9c6c4 to remote] DEBUG org.asynchttpclient.netty.request.NettyRequestSender - Using pooled Channel '[id: 0x87669b37, L:/127.0.0.1:14860 - R:localhost/127.0.0.1:16074]' for 'POST' to 'http://localhost:16074/session/be6d6fa11ddbafa2597a8b5aa6b9c6c4/execute/sync'
16:14:40.116 [Forwarding getPageSource on session be6d6fa11ddbafa2597a8b5aa6b9c6c4 to remote] DEBUG org.asynchttpclient.netty.request.NettyRequestSender - Using open Channel [id: 0x87669b37, L:/127.0.0.1:14860 - R:localhost/127.0.0.1:16074] for POST '/session/be6d6fa11ddbafa2597a8b5aa6b9c6c4/execute/sync'
16:14:40.123 [AsyncHttpClient-1-5] DEBUG org.asynchttpclient.netty.handler.HttpHandler - 

Request DefaultHttpRequest(decodeResult: success, version: HTTP/1.1)
POST /session/be6d6fa11ddbafa2597a8b5aa6b9c6c4/execute/sync HTTP/1.1
User-Agent: selenium/4.8.1 (java windows)
Content-Length: 176
Content-Type: application/json; charset=utf-8
host: localhost:16074
accept: */*

Response DefaultHttpResponse(decodeResult: success, version: HTTP/1.1)
HTTP/1.1 200 OK
Content-Length: 6020
Content-Type: application/json; charset=utf-8
cache-control: no-cache

16:14:40.124 [AsyncHttpClient-1-5] DEBUG org.asynchttpclient.netty.channel.ChannelManager - Adding key: http://localhost:16074 for channel [id: 0x87669b37, L:/127.0.0.1:14860 - R:localhost/127.0.0.1:16074]
16:14:40.126 [Forwarding getCurrentUrl on session be6d6fa11ddbafa2597a8b5aa6b9c6c4 to remote] DEBUG org.asynchttpclient.netty.request.NettyRequestSender - Using pooled Channel '[id: 0x87669b37, L:/127.0.0.1:14860 - R:localhost/127.0.0.1:16074]' for 'GET' to 'http://localhost:16074/session/be6d6fa11ddbafa2597a8b5aa6b9c6c4/url'
16:14:40.126 [Forwarding getCurrentUrl on session be6d6fa11ddbafa2597a8b5aa6b9c6c4 to remote] DEBUG org.asynchttpclient.netty.request.NettyRequestSender - Using open Channel [id: 0x87669b37, L:/127.0.0.1:14860 - R:localhost/127.0.0.1:16074] for GET '/session/be6d6fa11ddbafa2597a8b5aa6b9c6c4/url'
16:14:40.131 [AsyncHttpClient-1-5] DEBUG org.asynchttpclient.netty.handler.HttpHandler - 

Request DefaultFullHttpRequest(decodeResult: success, version: HTTP/1.1, content: EmptyByteBufBE)
GET /session/be6d6fa11ddbafa2597a8b5aa6b9c6c4/url HTTP/1.1
User-Agent: selenium/4.8.1 (java windows)
Cache-Control: no-cache
Content-Type: application/json; charset=utf-8
host: localhost:16074
accept: */*

Response DefaultHttpResponse(decodeResult: success, version: HTTP/1.1)
HTTP/1.1 200 OK
Content-Length: 64
Content-Type: application/json; charset=utf-8
cache-control: no-cache

16:14:40.132 [AsyncHttpClient-1-5] DEBUG org.asynchttpclient.netty.channel.ChannelManager - Adding key: http://localhost:16074 for channel [id: 0x87669b37, L:/127.0.0.1:14860 - R:localhost/127.0.0.1:16074]
16:14:40.211 [Forwarding getAlertText on session be6d6fa11ddbafa2597a8b5aa6b9c6c4 to remote] DEBUG org.asynchttpclient.netty.request.NettyRequestSender - Using pooled Channel '[id: 0x87669b37, L:/127.0.0.1:14860 - R:localhost/127.0.0.1:16074]' for 'GET' to 'http://localhost:16074/session/be6d6fa11ddbafa2597a8b5aa6b9c6c4/alert/text'
16:14:40.211 [Forwarding getAlertText on session be6d6fa11ddbafa2597a8b5aa6b9c6c4 to remote] DEBUG org.asynchttpclient.netty.request.NettyRequestSender - Using open Channel [id: 0x87669b37, L:/127.0.0.1:14860 - R:localhost/127.0.0.1:16074] for GET '/session/be6d6fa11ddbafa2597a8b5aa6b9c6c4/alert/text'
16:14:40.261 [AsyncHttpClient-1-5] DEBUG org.asynchttpclient.netty.handler.HttpHandler - 

Request DefaultFullHttpRequest(decodeResult: success, version: HTTP/1.1, content: EmptyByteBufBE)
GET /session/be6d6fa11ddbafa2597a8b5aa6b9c6c4/alert/text HTTP/1.1
User-Agent: selenium/4.8.1 (java windows)
Cache-Control: no-cache
Content-Type: application/json; charset=utf-8
host: localhost:16074
accept: */*

Response DefaultHttpResponse(decodeResult: success, version: HTTP/1.1)
HTTP/1.1 404 Not Found
Content-Length: 807
Content-Type: application/json; charset=utf-8
cache-control: no-cache

16:14:40.262 [AsyncHttpClient-1-5] DEBUG org.asynchttpclient.netty.channel.ChannelManager - Adding key: http://localhost:16074 for channel [id: 0x87669b37, L:/127.0.0.1:14860 - R:localhost/127.0.0.1:16074]
16:14:40.263 [Forwarding getCurrentUrl on session be6d6fa11ddbafa2597a8b5aa6b9c6c4 to remote] DEBUG org.asynchttpclient.netty.request.NettyRequestSender - Using pooled Channel '[id: 0x87669b37, L:/127.0.0.1:14860 - R:localhost/127.0.0.1:16074]' for 'GET' to 'http://localhost:16074/session/be6d6fa11ddbafa2597a8b5aa6b9c6c4/url'
16:14:40.263 [Forwarding getCurrentUrl on session be6d6fa11ddbafa2597a8b5aa6b9c6c4 to remote] DEBUG org.asynchttpclient.netty.request.NettyRequestSender - Using open Channel [id: 0x87669b37, L:/127.0.0.1:14860 - R:localhost/127.0.0.1:16074] for GET '/session/be6d6fa11ddbafa2597a8b5aa6b9c6c4/url'
16:14:40.267 [AsyncHttpClient-1-5] DEBUG org.asynchttpclient.netty.handler.HttpHandler - 

Request DefaultFullHttpRequest(decodeResult: success, version: HTTP/1.1, content: EmptyByteBufBE)
GET /session/be6d6fa11ddbafa2597a8b5aa6b9c6c4/url HTTP/1.1
User-Agent: selenium/4.8.1 (java windows)
Cache-Control: no-cache
Content-Type: application/json; charset=utf-8
host: localhost:16074
accept: */*

Response DefaultHttpResponse(decodeResult: success, version: HTTP/1.1)
HTTP/1.1 200 OK
Content-Length: 67
Content-Type: application/json; charset=utf-8
cache-control: no-cache

16:14:40.268 [AsyncHttpClient-1-5] DEBUG org.asynchttpclient.netty.channel.ChannelManager - Adding key: http://localhost:16074 for channel [id: 0x87669b37, L:/127.0.0.1:14860 - R:localhost/127.0.0.1:16074]
16:14:40.271 [Forwarding screenshot on session be6d6fa11ddbafa2597a8b5aa6b9c6c4 to remote] DEBUG org.asynchttpclient.netty.request.NettyRequestSender - Using pooled Channel '[id: 0x87669b37, L:/127.0.0.1:14860 - R:localhost/127.0.0.1:16074]' for 'GET' to 'http://localhost:16074/session/be6d6fa11ddbafa2597a8b5aa6b9c6c4/screenshot'
16:14:40.271 [Forwarding screenshot on session be6d6fa11ddbafa2597a8b5aa6b9c6c4 to remote] DEBUG org.asynchttpclient.netty.request.NettyRequestSender - Using open Channel [id: 0x87669b37, L:/127.0.0.1:14860 - R:localhost/127.0.0.1:16074] for GET '/session/be6d6fa11ddbafa2597a8b5aa6b9c6c4/screenshot'
16:14:40.474 [AsyncHttpClient-1-5] DEBUG org.asynchttpclient.netty.handler.HttpHandler - 

Request DefaultFullHttpRequest(decodeResult: success, version: HTTP/1.1, content: EmptyByteBufBE)
GET /session/be6d6fa11ddbafa2597a8b5aa6b9c6c4/screenshot HTTP/1.1
User-Agent: selenium/4.8.1 (java windows)
Cache-Control: no-cache
Content-Type: application/json; charset=utf-8
host: localhost:16074
accept: */*

Response DefaultHttpResponse(decodeResult: success, version: HTTP/1.1)
HTTP/1.1 200 OK
Content-Length: 115528
Content-Type: application/json; charset=utf-8
cache-control: no-cache

16:14:40.475 [AsyncHttpClient-1-5] DEBUG org.asynchttpclient.netty.channel.ChannelManager - Adding key: http://localhost:16074 for channel [id: 0x87669b37, L:/127.0.0.1:14860 - R:localhost/127.0.0.1:16074]
16:14:40.482 [main] DEBUG net.serenitybdd.core.photography.Darkroom - Send negative for processing for target\site\serenity\7ce3bcdfefd7ec4ead0c0de5118be4daed137e72c0dfa9a645b503bd358ebc89.png
16:14:40.483 [Darkroom Processing Line] DEBUG net.serenitybdd.core.photography.DarkroomProcessingLine - Processing screenshot image in /var/screenshots/screenshot-6965697432373417069
16:14:40.483 [Darkroom Processing Line] DEBUG net.serenitybdd.core.photography.DarkroomProcessingLine - Saving screenshot to target\site\serenity\7ce3bcdfefd7ec4ead0c0de5118be4daed137e72c0dfa9a645b503bd358ebc89.png
16:14:40.485 [Forwarding getPageSource on session be6d6fa11ddbafa2597a8b5aa6b9c6c4 to remote] DEBUG org.asynchttpclient.netty.request.NettyRequestSender - Using pooled Channel '[id: 0x87669b37, L:/127.0.0.1:14860 - R:localhost/127.0.0.1:16074]' for 'POST' to 'http://localhost:16074/session/be6d6fa11ddbafa2597a8b5aa6b9c6c4/execute/sync'
16:14:40.485 [Forwarding getPageSource on session be6d6fa11ddbafa2597a8b5aa6b9c6c4 to remote] DEBUG org.asynchttpclient.netty.request.NettyRequestSender - Using open Channel [id: 0x87669b37, L:/127.0.0.1:14860 - R:localhost/127.0.0.1:16074] for POST '/session/be6d6fa11ddbafa2597a8b5aa6b9c6c4/execute/sync'
16:14:40.499 [AsyncHttpClient-1-5] DEBUG org.asynchttpclient.netty.handler.HttpHandler - 

Request DefaultHttpRequest(decodeResult: success, version: HTTP/1.1)
POST /session/be6d6fa11ddbafa2597a8b5aa6b9c6c4/execute/sync HTTP/1.1
User-Agent: selenium/4.8.1 (java windows)
Content-Length: 176
Content-Type: application/json; charset=utf-8
host: localhost:16074
accept: */*

Response DefaultHttpResponse(decodeResult: success, version: HTTP/1.1)
HTTP/1.1 200 OK
Content-Length: 11782
Content-Type: application/json; charset=utf-8
cache-control: no-cache

16:14:40.500 [AsyncHttpClient-1-5] DEBUG org.asynchttpclient.netty.channel.ChannelManager - Adding key: http://localhost:16074 for channel [id: 0x87669b37, L:/127.0.0.1:14860 - R:localhost/127.0.0.1:16074]
16:14:40.506 [Forwarding getCurrentUrl on session be6d6fa11ddbafa2597a8b5aa6b9c6c4 to remote] DEBUG org.asynchttpclient.netty.request.NettyRequestSender - Using pooled Channel '[id: 0x87669b37, L:/127.0.0.1:14860 - R:localhost/127.0.0.1:16074]' for 'GET' to 'http://localhost:16074/session/be6d6fa11ddbafa2597a8b5aa6b9c6c4/url'
16:14:40.506 [Forwarding getCurrentUrl on session be6d6fa11ddbafa2597a8b5aa6b9c6c4 to remote] DEBUG org.asynchttpclient.netty.request.NettyRequestSender - Using open Channel [id: 0x87669b37, L:/127.0.0.1:14860 - R:localhost/127.0.0.1:16074] for GET '/session/be6d6fa11ddbafa2597a8b5aa6b9c6c4/url'
16:14:40.511 [AsyncHttpClient-1-5] DEBUG org.asynchttpclient.netty.handler.HttpHandler - 

Request DefaultFullHttpRequest(decodeResult: success, version: HTTP/1.1, content: EmptyByteBufBE)
GET /session/be6d6fa11ddbafa2597a8b5aa6b9c6c4/url HTTP/1.1
User-Agent: selenium/4.8.1 (java windows)
Cache-Control: no-cache
Content-Type: application/json; charset=utf-8
host: localhost:16074
accept: */*

Response DefaultHttpResponse(decodeResult: success, version: HTTP/1.1)
HTTP/1.1 200 OK
Content-Length: 67
Content-Type: application/json; charset=utf-8
cache-control: no-cache

16:14:40.511 [AsyncHttpClient-1-5] DEBUG org.asynchttpclient.netty.channel.ChannelManager - Adding key: http://localhost:16074 for channel [id: 0x87669b37, L:/127.0.0.1:14860 - R:localhost/127.0.0.1:16074]
16:14:40.513 [main] DEBUG net.thucydides.core.steps.StepInterceptor - STARTING STEP: AddStockDataSteps.CreditData - ClickAddStock
16:14:40.521 [Forwarding findElement on session be6d6fa11ddbafa2597a8b5aa6b9c6c4 to remote] DEBUG org.asynchttpclient.netty.request.NettyRequestSender - Using pooled Channel '[id: 0x87669b37, L:/127.0.0.1:14860 - R:localhost/127.0.0.1:16074]' for 'POST' to 'http://localhost:16074/session/be6d6fa11ddbafa2597a8b5aa6b9c6c4/element'
16:14:40.522 [Forwarding findElement on session be6d6fa11ddbafa2597a8b5aa6b9c6c4 to remote] DEBUG org.asynchttpclient.netty.request.NettyRequestSender - Using open Channel [id: 0x87669b37, L:/127.0.0.1:14860 - R:localhost/127.0.0.1:16074] for POST '/session/be6d6fa11ddbafa2597a8b5aa6b9c6c4/element'
16:14:40.544 [AsyncHttpClient-1-5] DEBUG org.asynchttpclient.netty.handler.HttpHandler - 

Request DefaultHttpRequest(decodeResult: success, version: HTTP/1.1)
POST /session/be6d6fa11ddbafa2597a8b5aa6b9c6c4/element HTTP/1.1
User-Agent: selenium/4.8.1 (java windows)
Content-Length: 80
Content-Type: application/json; charset=utf-8
host: localhost:16074
accept: */*

Response DefaultHttpResponse(decodeResult: success, version: HTTP/1.1)
HTTP/1.1 200 OK
Content-Length: 95
Content-Type: application/json; charset=utf-8
cache-control: no-cache

16:14:40.544 [AsyncHttpClient-1-5] DEBUG org.asynchttpclient.netty.channel.ChannelManager - Adding key: http://localhost:16074 for channel [id: 0x87669b37, L:/127.0.0.1:14860 - R:localhost/127.0.0.1:16074]
16:14:40.545 [Forwarding getElementTagName on session be6d6fa11ddbafa2597a8b5aa6b9c6c4 to remote] DEBUG org.asynchttpclient.netty.request.NettyRequestSender - Using pooled Channel '[id: 0x87669b37, L:/127.0.0.1:14860 - R:localhost/127.0.0.1:16074]' for 'GET' to 'http://localhost:16074/session/be6d6fa11ddbafa2597a8b5aa6b9c6c4/element/06E4B9F8C8DA22288F06FEFCBE3CF888_element_50/name'
16:14:40.546 [Forwarding getElementTagName on session be6d6fa11ddbafa2597a8b5aa6b9c6c4 to remote] DEBUG org.asynchttpclient.netty.request.NettyRequestSender - Using open Channel [id: 0x87669b37, L:/127.0.0.1:14860 - R:localhost/127.0.0.1:16074] for GET '/session/be6d6fa11ddbafa2597a8b5aa6b9c6c4/element/06E4B9F8C8DA22288F06FEFCBE3CF888_element_50/name'
16:14:40.553 [AsyncHttpClient-1-5] DEBUG org.asynchttpclient.netty.handler.HttpHandler - 

Request DefaultFullHttpRequest(decodeResult: success, version: HTTP/1.1, content: EmptyByteBufBE)
GET /session/be6d6fa11ddbafa2597a8b5aa6b9c6c4/element/06E4B9F8C8DA22288F06FEFCBE3CF888_element_50/name HTTP/1.1
User-Agent: selenium/4.8.1 (java windows)
Cache-Control: no-cache
Content-Type: application/json; charset=utf-8
host: localhost:16074
accept: */*

Response DefaultHttpResponse(decodeResult: success, version: HTTP/1.1)
HTTP/1.1 200 OK
Content-Length: 13
Content-Type: application/json; charset=utf-8
cache-control: no-cache

16:14:40.553 [AsyncHttpClient-1-5] DEBUG org.asynchttpclient.netty.channel.ChannelManager - Adding key: http://localhost:16074 for channel [id: 0x87669b37, L:/127.0.0.1:14860 - R:localhost/127.0.0.1:16074]
16:14:40.555 [Forwarding getElementTagName on session be6d6fa11ddbafa2597a8b5aa6b9c6c4 to remote] DEBUG org.asynchttpclient.netty.request.NettyRequestSender - Using pooled Channel '[id: 0x87669b37, L:/127.0.0.1:14860 - R:localhost/127.0.0.1:16074]' for 'GET' to 'http://localhost:16074/session/be6d6fa11ddbafa2597a8b5aa6b9c6c4/element/06E4B9F8C8DA22288F06FEFCBE3CF888_element_50/name'
16:14:40.555 [Forwarding getElementTagName on session be6d6fa11ddbafa2597a8b5aa6b9c6c4 to remote] DEBUG org.asynchttpclient.netty.request.NettyRequestSender - Using open Channel [id: 0x87669b37, L:/127.0.0.1:14860 - R:localhost/127.0.0.1:16074] for GET '/session/be6d6fa11ddbafa2597a8b5aa6b9c6c4/element/06E4B9F8C8DA22288F06FEFCBE3CF888_element_50/name'
16:14:40.562 [AsyncHttpClient-1-5] DEBUG org.asynchttpclient.netty.handler.HttpHandler - 

Request DefaultFullHttpRequest(decodeResult: success, version: HTTP/1.1, content: EmptyByteBufBE)
GET /session/be6d6fa11ddbafa2597a8b5aa6b9c6c4/element/06E4B9F8C8DA22288F06FEFCBE3CF888_element_50/name HTTP/1.1
User-Agent: selenium/4.8.1 (java windows)
Cache-Control: no-cache
Content-Type: application/json; charset=utf-8
host: localhost:16074
accept: */*

Response DefaultHttpResponse(decodeResult: success, version: HTTP/1.1)
HTTP/1.1 200 OK
Content-Length: 13
Content-Type: application/json; charset=utf-8
cache-control: no-cache

16:14:40.562 [AsyncHttpClient-1-5] DEBUG org.asynchttpclient.netty.channel.ChannelManager - Adding key: http://localhost:16074 for channel [id: 0x87669b37, L:/127.0.0.1:14860 - R:localhost/127.0.0.1:16074]
16:14:40.566 [Forwarding findElement on session be6d6fa11ddbafa2597a8b5aa6b9c6c4 to remote] DEBUG org.asynchttpclient.netty.request.NettyRequestSender - Using pooled Channel '[id: 0x87669b37, L:/127.0.0.1:14860 - R:localhost/127.0.0.1:16074]' for 'POST' to 'http://localhost:16074/session/be6d6fa11ddbafa2597a8b5aa6b9c6c4/element'
16:14:40.567 [Forwarding findElement on session be6d6fa11ddbafa2597a8b5aa6b9c6c4 to remote] DEBUG org.asynchttpclient.netty.request.NettyRequestSender - Using open Channel [id: 0x87669b37, L:/127.0.0.1:14860 - R:localhost/127.0.0.1:16074] for POST '/session/be6d6fa11ddbafa2597a8b5aa6b9c6c4/element'
16:14:40.580 [AsyncHttpClient-1-5] DEBUG org.asynchttpclient.netty.handler.HttpHandler - 

Request DefaultHttpRequest(decodeResult: success, version: HTTP/1.1)
POST /session/be6d6fa11ddbafa2597a8b5aa6b9c6c4/element HTTP/1.1
User-Agent: selenium/4.8.1 (java windows)
Content-Length: 80
Content-Type: application/json; charset=utf-8
host: localhost:16074
accept: */*

Response DefaultHttpResponse(decodeResult: success, version: HTTP/1.1)
HTTP/1.1 200 OK
Content-Length: 95
Content-Type: application/json; charset=utf-8
cache-control: no-cache

16:14:40.580 [AsyncHttpClient-1-5] DEBUG org.asynchttpclient.netty.channel.ChannelManager - Adding key: http://localhost:16074 for channel [id: 0x87669b37, L:/127.0.0.1:14860 - R:localhost/127.0.0.1:16074]
16:14:40.583 [Forwarding clickElement on session be6d6fa11ddbafa2597a8b5aa6b9c6c4 to remote] DEBUG org.asynchttpclient.netty.request.NettyRequestSender - Using pooled Channel '[id: 0x87669b37, L:/127.0.0.1:14860 - R:localhost/127.0.0.1:16074]' for 'POST' to 'http://localhost:16074/session/be6d6fa11ddbafa2597a8b5aa6b9c6c4/element/06E4B9F8C8DA22288F06FEFCBE3CF888_element_50/click'
16:14:40.583 [Forwarding clickElement on session be6d6fa11ddbafa2597a8b5aa6b9c6c4 to remote] DEBUG org.asynchttpclient.netty.request.NettyRequestSender - Using open Channel [id: 0x87669b37, L:/127.0.0.1:14860 - R:localhost/127.0.0.1:16074] for POST '/session/be6d6fa11ddbafa2597a8b5aa6b9c6c4/element/06E4B9F8C8DA22288F06FEFCBE3CF888_element_50/click'
16:14:40.644 [AsyncHttpClient-1-1] DEBUG org.asynchttpclient.netty.channel.DefaultChannelPool - Entry count for : http://localhost:14861 : 1
16:14:40.741 [AsyncHttpClient-1-5] DEBUG org.asynchttpclient.netty.handler.HttpHandler - 

Request DefaultHttpRequest(decodeResult: success, version: HTTP/1.1)
POST /session/be6d6fa11ddbafa2597a8b5aa6b9c6c4/element/06E4B9F8C8DA22288F06FEFCBE3CF888_element_50/click HTTP/1.1
User-Agent: selenium/4.8.1 (java windows)
Content-Length: 57
Content-Type: application/json; charset=utf-8
host: localhost:16074
accept: */*

Response DefaultHttpResponse(decodeResult: success, version: HTTP/1.1)
HTTP/1.1 200 OK
Content-Length: 14
Content-Type: application/json; charset=utf-8
cache-control: no-cache

16:14:40.741 [AsyncHttpClient-1-5] DEBUG org.asynchttpclient.netty.channel.ChannelManager - Adding key: http://localhost:16074 for channel [id: 0x87669b37, L:/127.0.0.1:14860 - R:localhost/127.0.0.1:16074]
16:14:40.757 [Forwarding getAlertText on session be6d6fa11ddbafa2597a8b5aa6b9c6c4 to remote] DEBUG org.asynchttpclient.netty.request.NettyRequestSender - Using pooled Channel '[id: 0x87669b37, L:/127.0.0.1:14860 - R:localhost/127.0.0.1:16074]' for 'GET' to 'http://localhost:16074/session/be6d6fa11ddbafa2597a8b5aa6b9c6c4/alert/text'
16:14:40.758 [Forwarding getAlertText on session be6d6fa11ddbafa2597a8b5aa6b9c6c4 to remote] DEBUG org.asynchttpclient.netty.request.NettyRequestSender - Using open Channel [id: 0x87669b37, L:/127.0.0.1:14860 - R:localhost/127.0.0.1:16074] for GET '/session/be6d6fa11ddbafa2597a8b5aa6b9c6c4/alert/text'
16:14:40.771 [AsyncHttpClient-1-5] DEBUG org.asynchttpclient.netty.handler.HttpHandler - 

Request DefaultFullHttpRequest(decodeResult: success, version: HTTP/1.1, content: EmptyByteBufBE)
GET /session/be6d6fa11ddbafa2597a8b5aa6b9c6c4/alert/text HTTP/1.1
User-Agent: selenium/4.8.1 (java windows)
Cache-Control: no-cache
Content-Type: application/json; charset=utf-8
host: localhost:16074
accept: */*

Response DefaultHttpResponse(decodeResult: success, version: HTTP/1.1)
HTTP/1.1 404 Not Found
Content-Length: 807
Content-Type: application/json; charset=utf-8
cache-control: no-cache

16:14:40.772 [AsyncHttpClient-1-5] DEBUG org.asynchttpclient.netty.channel.ChannelManager - Adding key: http://localhost:16074 for channel [id: 0x87669b37, L:/127.0.0.1:14860 - R:localhost/127.0.0.1:16074]
16:14:40.774 [Forwarding getCurrentUrl on session be6d6fa11ddbafa2597a8b5aa6b9c6c4 to remote] DEBUG org.asynchttpclient.netty.request.NettyRequestSender - Using pooled Channel '[id: 0x87669b37, L:/127.0.0.1:14860 - R:localhost/127.0.0.1:16074]' for 'GET' to 'http://localhost:16074/session/be6d6fa11ddbafa2597a8b5aa6b9c6c4/url'
16:14:40.774 [Forwarding getCurrentUrl on session be6d6fa11ddbafa2597a8b5aa6b9c6c4 to remote] DEBUG org.asynchttpclient.netty.request.NettyRequestSender - Using open Channel [id: 0x87669b37, L:/127.0.0.1:14860 - R:localhost/127.0.0.1:16074] for GET '/session/be6d6fa11ddbafa2597a8b5aa6b9c6c4/url'
16:14:40.782 [AsyncHttpClient-1-5] DEBUG org.asynchttpclient.netty.handler.HttpHandler - 

Request DefaultFullHttpRequest(decodeResult: success, version: HTTP/1.1, content: EmptyByteBufBE)
GET /session/be6d6fa11ddbafa2597a8b5aa6b9c6c4/url HTTP/1.1
User-Agent: selenium/4.8.1 (java windows)
Cache-Control: no-cache
Content-Type: application/json; charset=utf-8
host: localhost:16074
accept: */*

Response DefaultHttpResponse(decodeResult: success, version: HTTP/1.1)
HTTP/1.1 200 OK
Content-Length: 64
Content-Type: application/json; charset=utf-8
cache-control: no-cache

16:14:40.783 [AsyncHttpClient-1-5] DEBUG org.asynchttpclient.netty.channel.ChannelManager - Adding key: http://localhost:16074 for channel [id: 0x87669b37, L:/127.0.0.1:14860 - R:localhost/127.0.0.1:16074]
16:14:40.784 [Forwarding screenshot on session be6d6fa11ddbafa2597a8b5aa6b9c6c4 to remote] DEBUG org.asynchttpclient.netty.request.NettyRequestSender - Using pooled Channel '[id: 0x87669b37, L:/127.0.0.1:14860 - R:localhost/127.0.0.1:16074]' for 'GET' to 'http://localhost:16074/session/be6d6fa11ddbafa2597a8b5aa6b9c6c4/screenshot'
16:14:40.785 [Forwarding screenshot on session be6d6fa11ddbafa2597a8b5aa6b9c6c4 to remote] DEBUG org.asynchttpclient.netty.request.NettyRequestSender - Using open Channel [id: 0x87669b37, L:/127.0.0.1:14860 - R:localhost/127.0.0.1:16074] for GET '/session/be6d6fa11ddbafa2597a8b5aa6b9c6c4/screenshot'
16:14:41.386 [AsyncHttpClient-1-5] DEBUG org.asynchttpclient.netty.handler.HttpHandler - 

Request DefaultFullHttpRequest(decodeResult: success, version: HTTP/1.1, content: EmptyByteBufBE)
GET /session/be6d6fa11ddbafa2597a8b5aa6b9c6c4/screenshot HTTP/1.1
User-Agent: selenium/4.8.1 (java windows)
Cache-Control: no-cache
Content-Type: application/json; charset=utf-8
host: localhost:16074
accept: */*

Response DefaultHttpResponse(decodeResult: success, version: HTTP/1.1)
HTTP/1.1 200 OK
Content-Length: 102732
Content-Type: application/json; charset=utf-8
cache-control: no-cache

16:14:41.387 [AsyncHttpClient-1-5] DEBUG org.asynchttpclient.netty.channel.ChannelManager - Adding key: http://localhost:16074 for channel [id: 0x87669b37, L:/127.0.0.1:14860 - R:localhost/127.0.0.1:16074]
16:14:41.392 [main] DEBUG net.serenitybdd.core.photography.Darkroom - Send negative for processing for target\site\serenity\f6b2709490aeab09497e2210b5c8f257748cf860e0c5bc8dd29e94f3ef068079.png
16:14:41.392 [main] DEBUG net.thucydides.core.steps.StepInterceptor - STEP DONE: ClickAddStock
  &amp#27;[32mAnd &amp#27;[0m&amp#27;[32mI Click stock Data&amp#27;[0m                                  &amp#27;[90m# Starter.Stepdefitions.AddStockDataSteps.CreditData()&amp#27;[0m
16:14:41.402 [Forwarding getPageSource on session be6d6fa11ddbafa2597a8b5aa6b9c6c4 to remote] DEBUG org.asynchttpclient.netty.request.NettyRequestSender - Using pooled Channel '[id: 0x87669b37, L:/127.0.0.1:14860 - R:localhost/127.0.0.1:16074]' for 'POST' to 'http://localhost:16074/session/be6d6fa11ddbafa2597a8b5aa6b9c6c4/execute/sync'
16:14:41.402 [Forwarding getPageSource on session be6d6fa11ddbafa2597a8b5aa6b9c6c4 to remote] DEBUG org.asynchttpclient.netty.request.NettyRequestSender - Using open Channel [id: 0x87669b37, L:/127.0.0.1:14860 - R:localhost/127.0.0.1:16074] for POST '/session/be6d6fa11ddbafa2597a8b5aa6b9c6c4/execute/sync'
16:14:41.408 [AsyncHttpClient-1-5] DEBUG org.asynchttpclient.netty.handler.HttpHandler - 

Request DefaultHttpRequest(decodeResult: success, version: HTTP/1.1)
POST /session/be6d6fa11ddbafa2597a8b5aa6b9c6c4/execute/sync HTTP/1.1
User-Agent: selenium/4.8.1 (java windows)
Content-Length: 176
Content-Type: application/json; charset=utf-8
host: localhost:16074
accept: */*

Response DefaultHttpResponse(decodeResult: success, version: HTTP/1.1)
HTTP/1.1 200 OK
Content-Length: 9533
Content-Type: application/json; charset=utf-8
cache-control: no-cache

16:14:41.408 [AsyncHttpClient-1-5] DEBUG org.asynchttpclient.netty.channel.ChannelManager - Adding key: http://localhost:16074 for channel [id: 0x87669b37, L:/127.0.0.1:14860 - R:localhost/127.0.0.1:16074]
16:14:41.411 [Forwarding getCurrentUrl on session be6d6fa11ddbafa2597a8b5aa6b9c6c4 to remote] DEBUG org.asynchttpclient.netty.request.NettyRequestSender - Using pooled Channel '[id: 0x87669b37, L:/127.0.0.1:14860 - R:localhost/127.0.0.1:16074]' for 'GET' to 'http://localhost:16074/session/be6d6fa11ddbafa2597a8b5aa6b9c6c4/url'
16:14:41.411 [Forwarding getCurrentUrl on session be6d6fa11ddbafa2597a8b5aa6b9c6c4 to remote] DEBUG org.asynchttpclient.netty.request.NettyRequestSender - Using open Channel [id: 0x87669b37, L:/127.0.0.1:14860 - R:localhost/127.0.0.1:16074] for GET '/session/be6d6fa11ddbafa2597a8b5aa6b9c6c4/url'
16:14:41.415 [AsyncHttpClient-1-5] DEBUG org.asynchttpclient.netty.handler.HttpHandler - 

Request DefaultFullHttpRequest(decodeResult: success, version: HTTP/1.1, content: EmptyByteBufBE)
GET /session/be6d6fa11ddbafa2597a8b5aa6b9c6c4/url HTTP/1.1
User-Agent: selenium/4.8.1 (java windows)
Cache-Control: no-cache
Content-Type: application/json; charset=utf-8
host: localhost:16074
accept: */*

Response DefaultHttpResponse(decodeResult: success, version: HTTP/1.1)
HTTP/1.1 200 OK
Content-Length: 64
Content-Type: application/json; charset=utf-8
cache-control: no-cache

16:14:41.416 [AsyncHttpClient-1-5] DEBUG org.asynchttpclient.netty.channel.ChannelManager - Adding key: http://localhost:16074 for channel [id: 0x87669b37, L:/127.0.0.1:14860 - R:localhost/127.0.0.1:16074]
16:14:41.425 [Forwarding getPageSource on session be6d6fa11ddbafa2597a8b5aa6b9c6c4 to remote] DEBUG org.asynchttpclient.netty.request.NettyRequestSender - Using pooled Channel '[id: 0x87669b37, L:/127.0.0.1:14860 - R:localhost/127.0.0.1:16074]' for 'POST' to 'http://localhost:16074/session/be6d6fa11ddbafa2597a8b5aa6b9c6c4/execute/sync'
16:14:41.425 [Forwarding getPageSource on session be6d6fa11ddbafa2597a8b5aa6b9c6c4 to remote] DEBUG org.asynchttpclient.netty.request.NettyRequestSender - Using open Channel [id: 0x87669b37, L:/127.0.0.1:14860 - R:localhost/127.0.0.1:16074] for POST '/session/be6d6fa11ddbafa2597a8b5aa6b9c6c4/execute/sync'
16:14:41.431 [AsyncHttpClient-1-5] DEBUG org.asynchttpclient.netty.handler.HttpHandler - 

Request DefaultHttpRequest(decodeResult: success, version: HTTP/1.1)
POST /session/be6d6fa11ddbafa2597a8b5aa6b9c6c4/execute/sync HTTP/1.1
User-Agent: selenium/4.8.1 (java windows)
Content-Length: 176
Content-Type: application/json; charset=utf-8
host: localhost:16074
accept: */*

Response DefaultHttpResponse(decodeResult: success, version: HTTP/1.1)
HTTP/1.1 200 OK
Content-Length: 9533
Content-Type: application/json; charset=utf-8
cache-control: no-cache

16:14:41.431 [AsyncHttpClient-1-5] DEBUG org.asynchttpclient.netty.channel.ChannelManager - Adding key: http://localhost:16074 for channel [id: 0x87669b37, L:/127.0.0.1:14860 - R:localhost/127.0.0.1:16074]
16:14:41.434 [Forwarding getCurrentUrl on session be6d6fa11ddbafa2597a8b5aa6b9c6c4 to remote] DEBUG org.asynchttpclient.netty.request.NettyRequestSender - Using pooled Channel '[id: 0x87669b37, L:/127.0.0.1:14860 - R:localhost/127.0.0.1:16074]' for 'GET' to 'http://localhost:16074/session/be6d6fa11ddbafa2597a8b5aa6b9c6c4/url'
16:14:41.434 [Forwarding getCurrentUrl on session be6d6fa11ddbafa2597a8b5aa6b9c6c4 to remote] DEBUG org.asynchttpclient.netty.request.NettyRequestSender - Using open Channel [id: 0x87669b37, L:/127.0.0.1:14860 - R:localhost/127.0.0.1:16074] for GET '/session/be6d6fa11ddbafa2597a8b5aa6b9c6c4/url'
16:14:41.438 [AsyncHttpClient-1-5] DEBUG org.asynchttpclient.netty.handler.HttpHandler - 

Request DefaultFullHttpRequest(decodeResult: success, version: HTTP/1.1, content: EmptyByteBufBE)
GET /session/be6d6fa11ddbafa2597a8b5aa6b9c6c4/url HTTP/1.1
User-Agent: selenium/4.8.1 (java windows)
Cache-Control: no-cache
Content-Type: application/json; charset=utf-8
host: localhost:16074
accept: */*

Response DefaultHttpResponse(decodeResult: success, version: HTTP/1.1)
HTTP/1.1 200 OK
Content-Length: 64
Content-Type: application/json; charset=utf-8
cache-control: no-cache

16:14:41.438 [AsyncHttpClient-1-5] DEBUG org.asynchttpclient.netty.channel.ChannelManager - Adding key: http://localhost:16074 for channel [id: 0x87669b37, L:/127.0.0.1:14860 - R:localhost/127.0.0.1:16074]
16:14:41.440 [main] DEBUG net.thucydides.core.steps.StepInterceptor - STARTING STEP: AddStockDataSteps.ClickAddStockCredit - ClickAddCredit
16:14:41.444 [Forwarding findElement on session be6d6fa11ddbafa2597a8b5aa6b9c6c4 to remote] DEBUG org.asynchttpclient.netty.request.NettyRequestSender - Using pooled Channel '[id: 0x87669b37, L:/127.0.0.1:14860 - R:localhost/127.0.0.1:16074]' for 'POST' to 'http://localhost:16074/session/be6d6fa11ddbafa2597a8b5aa6b9c6c4/element'
16:14:41.444 [Forwarding findElement on session be6d6fa11ddbafa2597a8b5aa6b9c6c4 to remote] DEBUG org.asynchttpclient.netty.request.NettyRequestSender - Using open Channel [id: 0x87669b37, L:/127.0.0.1:14860 - R:localhost/127.0.0.1:16074] for POST '/session/be6d6fa11ddbafa2597a8b5aa6b9c6c4/element'
16:14:41.456 [AsyncHttpClient-1-5] DEBUG org.asynchttpclient.netty.handler.HttpHandler - 

Request DefaultHttpRequest(decodeResult: success, version: HTTP/1.1)
POST /session/be6d6fa11ddbafa2597a8b5aa6b9c6c4/element HTTP/1.1
User-Agent: selenium/4.8.1 (java windows)
Content-Length: 88
Content-Type: application/json; charset=utf-8
host: localhost:16074
accept: */*

Response DefaultHttpResponse(decodeResult: success, version: HTTP/1.1)
HTTP/1.1 200 OK
Content-Length: 95
Content-Type: application/json; charset=utf-8
cache-control: no-cache

16:14:41.457 [AsyncHttpClient-1-5] DEBUG org.asynchttpclient.netty.channel.ChannelManager - Adding key: http://localhost:16074 for channel [id: 0x87669b37, L:/127.0.0.1:14860 - R:localhost/127.0.0.1:16074]
16:14:41.458 [Forwarding getElementTagName on session be6d6fa11ddbafa2597a8b5aa6b9c6c4 to remote] DEBUG org.asynchttpclient.netty.request.NettyRequestSender - Using pooled Channel '[id: 0x87669b37, L:/127.0.0.1:14860 - R:localhost/127.0.0.1:16074]' for 'GET' to 'http://localhost:16074/session/be6d6fa11ddbafa2597a8b5aa6b9c6c4/element/06E4B9F8C8DA22288F06FEFCBE3CF888_element_64/name'
16:14:41.458 [Forwarding getElementTagName on session be6d6fa11ddbafa2597a8b5aa6b9c6c4 to remote] DEBUG org.asynchttpclient.netty.request.NettyRequestSender - Using open Channel [id: 0x87669b37, L:/127.0.0.1:14860 - R:localhost/127.0.0.1:16074] for GET '/session/be6d6fa11ddbafa2597a8b5aa6b9c6c4/element/06E4B9F8C8DA22288F06FEFCBE3CF888_element_64/name'
16:14:41.463 [AsyncHttpClient-1-5] DEBUG org.asynchttpclient.netty.handler.HttpHandler - 

Request DefaultFullHttpRequest(decodeResult: success, version: HTTP/1.1, content: EmptyByteBufBE)
GET /session/be6d6fa11ddbafa2597a8b5aa6b9c6c4/element/06E4B9F8C8DA22288F06FEFCBE3CF888_element_64/name HTTP/1.1
User-Agent: selenium/4.8.1 (java windows)
Cache-Control: no-cache
Content-Type: application/json; charset=utf-8
host: localhost:16074
accept: */*

Response DefaultHttpResponse(decodeResult: success, version: HTTP/1.1)
HTTP/1.1 200 OK
Content-Length: 18
Content-Type: application/json; charset=utf-8
cache-control: no-cache

16:14:41.464 [AsyncHttpClient-1-5] DEBUG org.asynchttpclient.netty.channel.ChannelManager - Adding key: http://localhost:16074 for channel [id: 0x87669b37, L:/127.0.0.1:14860 - R:localhost/127.0.0.1:16074]
16:14:41.466 [Forwarding getElementTagName on session be6d6fa11ddbafa2597a8b5aa6b9c6c4 to remote] DEBUG org.asynchttpclient.netty.request.NettyRequestSender - Using pooled Channel '[id: 0x87669b37, L:/127.0.0.1:14860 - R:localhost/127.0.0.1:16074]' for 'GET' to 'http://localhost:16074/session/be6d6fa11ddbafa2597a8b5aa6b9c6c4/element/06E4B9F8C8DA22288F06FEFCBE3CF888_element_64/name'
16:14:41.466 [Forwarding getElementTagName on session be6d6fa11ddbafa2597a8b5aa6b9c6c4 to remote] DEBUG org.asynchttpclient.netty.request.NettyRequestSender - Using open Channel [id: 0x87669b37, L:/127.0.0.1:14860 - R:localhost/127.0.0.1:16074] for GET '/session/be6d6fa11ddbafa2597a8b5aa6b9c6c4/element/06E4B9F8C8DA22288F06FEFCBE3CF888_element_64/name'
16:14:41.471 [AsyncHttpClient-1-5] DEBUG org.asynchttpclient.netty.handler.HttpHandler - 

Request DefaultFullHttpRequest(decodeResult: success, version: HTTP/1.1, content: EmptyByteBufBE)
GET /session/be6d6fa11ddbafa2597a8b5aa6b9c6c4/element/06E4B9F8C8DA22288F06FEFCBE3CF888_element_64/name HTTP/1.1
User-Agent: selenium/4.8.1 (java windows)
Cache-Control: no-cache
Content-Type: application/json; charset=utf-8
host: localhost:16074
accept: */*

Response DefaultHttpResponse(decodeResult: success, version: HTTP/1.1)
HTTP/1.1 200 OK
Content-Length: 18
Content-Type: application/json; charset=utf-8
cache-control: no-cache

16:14:41.471 [AsyncHttpClient-1-5] DEBUG org.asynchttpclient.netty.channel.ChannelManager - Adding key: http://localhost:16074 for channel [id: 0x87669b37, L:/127.0.0.1:14860 - R:localhost/127.0.0.1:16074]
16:14:41.475 [Forwarding isElementEnabled on session be6d6fa11ddbafa2597a8b5aa6b9c6c4 to remote] DEBUG org.asynchttpclient.netty.request.NettyRequestSender - Using pooled Channel '[id: 0x87669b37, L:/127.0.0.1:14860 - R:localhost/127.0.0.1:16074]' for 'GET' to 'http://localhost:16074/session/be6d6fa11ddbafa2597a8b5aa6b9c6c4/element/06E4B9F8C8DA22288F06FEFCBE3CF888_element_64/enabled'
16:14:41.475 [Forwarding isElementEnabled on session be6d6fa11ddbafa2597a8b5aa6b9c6c4 to remote] DEBUG org.asynchttpclient.netty.request.NettyRequestSender - Using open Channel [id: 0x87669b37, L:/127.0.0.1:14860 - R:localhost/127.0.0.1:16074] for GET '/session/be6d6fa11ddbafa2597a8b5aa6b9c6c4/element/06E4B9F8C8DA22288F06FEFCBE3CF888_element_64/enabled'
16:14:41.482 [AsyncHttpClient-1-5] DEBUG org.asynchttpclient.netty.handler.HttpHandler - 

Request DefaultFullHttpRequest(decodeResult: success, version: HTTP/1.1, content: EmptyByteBufBE)
GET /session/be6d6fa11ddbafa2597a8b5aa6b9c6c4/element/06E4B9F8C8DA22288F06FEFCBE3CF888_element_64/enabled HTTP/1.1
User-Agent: selenium/4.8.1 (java windows)
Cache-Control: no-cache
Content-Type: application/json; charset=utf-8
host: localhost:16074
accept: */*

Response DefaultHttpResponse(decodeResult: success, version: HTTP/1.1)
HTTP/1.1 200 OK
Content-Length: 14
Content-Type: application/json; charset=utf-8
cache-control: no-cache

16:14:41.482 [AsyncHttpClient-1-5] DEBUG org.asynchttpclient.netty.channel.ChannelManager - Adding key: http://localhost:16074 for channel [id: 0x87669b37, L:/127.0.0.1:14860 - R:localhost/127.0.0.1:16074]
16:14:41.483 [Forwarding isElementEnabled on session be6d6fa11ddbafa2597a8b5aa6b9c6c4 to remote] DEBUG org.asynchttpclient.netty.request.NettyRequestSender - Using pooled Channel '[id: 0x87669b37, L:/127.0.0.1:14860 - R:localhost/127.0.0.1:16074]' for 'GET' to 'http://localhost:16074/session/be6d6fa11ddbafa2597a8b5aa6b9c6c4/element/06E4B9F8C8DA22288F06FEFCBE3CF888_element_64/enabled'
16:14:41.483 [Forwarding isElementEnabled on session be6d6fa11ddbafa2597a8b5aa6b9c6c4 to remote] DEBUG org.asynchttpclient.netty.request.NettyRequestSender - Using open Channel [id: 0x87669b37, L:/127.0.0.1:14860 - R:localhost/127.0.0.1:16074] for GET '/session/be6d6fa11ddbafa2597a8b5aa6b9c6c4/element/06E4B9F8C8DA22288F06FEFCBE3CF888_element_64/enabled'
16:14:41.490 [AsyncHttpClient-1-5] DEBUG org.asynchttpclient.netty.handler.HttpHandler - 

Request DefaultFullHttpRequest(decodeResult: success, version: HTTP/1.1, content: EmptyByteBufBE)
GET /session/be6d6fa11ddbafa2597a8b5aa6b9c6c4/element/06E4B9F8C8DA22288F06FEFCBE3CF888_element_64/enabled HTTP/1.1
User-Agent: selenium/4.8.1 (java windows)
Cache-Control: no-cache
Content-Type: application/json; charset=utf-8
host: localhost:16074
accept: */*

Response DefaultHttpResponse(decodeResult: success, version: HTTP/1.1)
HTTP/1.1 200 OK
Content-Length: 14
Content-Type: application/json; charset=utf-8
cache-control: no-cache

16:14:41.490 [AsyncHttpClient-1-5] DEBUG org.asynchttpclient.netty.channel.ChannelManager - Adding key: http://localhost:16074 for channel [id: 0x87669b37, L:/127.0.0.1:14860 - R:localhost/127.0.0.1:16074]
16:14:41.493 [Forwarding findElement on session be6d6fa11ddbafa2597a8b5aa6b9c6c4 to remote] DEBUG org.asynchttpclient.netty.request.NettyRequestSender - Using pooled Channel '[id: 0x87669b37, L:/127.0.0.1:14860 - R:localhost/127.0.0.1:16074]' for 'POST' to 'http://localhost:16074/session/be6d6fa11ddbafa2597a8b5aa6b9c6c4/element'
16:14:41.493 [Forwarding findElement on session be6d6fa11ddbafa2597a8b5aa6b9c6c4 to remote] DEBUG org.asynchttpclient.netty.request.NettyRequestSender - Using open Channel [id: 0x87669b37, L:/127.0.0.1:14860 - R:localhost/127.0.0.1:16074] for POST '/session/be6d6fa11ddbafa2597a8b5aa6b9c6c4/element'
16:14:41.502 [AsyncHttpClient-1-5] DEBUG org.asynchttpclient.netty.handler.HttpHandler - 

Request DefaultHttpRequest(decodeResult: success, version: HTTP/1.1)
POST /session/be6d6fa11ddbafa2597a8b5aa6b9c6c4/element HTTP/1.1
User-Agent: selenium/4.8.1 (java windows)
Content-Length: 88
Content-Type: application/json; charset=utf-8
host: localhost:16074
accept: */*

Response DefaultHttpResponse(decodeResult: success, version: HTTP/1.1)
HTTP/1.1 200 OK
Content-Length: 95
Content-Type: application/json; charset=utf-8
cache-control: no-cache

16:14:41.502 [AsyncHttpClient-1-5] DEBUG org.asynchttpclient.netty.channel.ChannelManager - Adding key: http://localhost:16074 for channel [id: 0x87669b37, L:/127.0.0.1:14860 - R:localhost/127.0.0.1:16074]
16:14:41.503 [Forwarding clickElement on session be6d6fa11ddbafa2597a8b5aa6b9c6c4 to remote] DEBUG org.asynchttpclient.netty.request.NettyRequestSender - Using pooled Channel '[id: 0x87669b37, L:/127.0.0.1:14860 - R:localhost/127.0.0.1:16074]' for 'POST' to 'http://localhost:16074/session/be6d6fa11ddbafa2597a8b5aa6b9c6c4/element/06E4B9F8C8DA22288F06FEFCBE3CF888_element_64/click'
16:14:41.504 [Forwarding clickElement on session be6d6fa11ddbafa2597a8b5aa6b9c6c4 to remote] DEBUG org.asynchttpclient.netty.request.NettyRequestSender - Using open Channel [id: 0x87669b37, L:/127.0.0.1:14860 - R:localhost/127.0.0.1:16074] for POST '/session/be6d6fa11ddbafa2597a8b5aa6b9c6c4/element/06E4B9F8C8DA22288F06FEFCBE3CF888_element_64/click'
16:14:41.743 [AsyncHttpClient-1-1] DEBUG org.asynchttpclient.netty.channel.DefaultChannelPool - Entry count for : http://localhost:14861 : 1
16:14:41.752 [AsyncHttpClient-1-5] DEBUG org.asynchttpclient.netty.handler.HttpHandler - 

Request DefaultHttpRequest(decodeResult: success, version: HTTP/1.1)
POST /session/be6d6fa11ddbafa2597a8b5aa6b9c6c4/element/06E4B9F8C8DA22288F06FEFCBE3CF888_element_64/click HTTP/1.1
User-Agent: selenium/4.8.1 (java windows)
Content-Length: 57
Content-Type: application/json; charset=utf-8
host: localhost:16074
accept: */*

Response DefaultHttpResponse(decodeResult: success, version: HTTP/1.1)
HTTP/1.1 200 OK
Content-Length: 14
Content-Type: application/json; charset=utf-8
cache-control: no-cache

16:14:41.753 [AsyncHttpClient-1-5] DEBUG org.asynchttpclient.netty.channel.ChannelManager - Adding key: http://localhost:16074 for channel [id: 0x87669b37, L:/127.0.0.1:14860 - R:localhost/127.0.0.1:16074]
16:14:41.773 [Forwarding getAlertText on session be6d6fa11ddbafa2597a8b5aa6b9c6c4 to remote] DEBUG org.asynchttpclient.netty.request.NettyRequestSender - Using pooled Channel '[id: 0x87669b37, L:/127.0.0.1:14860 - R:localhost/127.0.0.1:16074]' for 'GET' to 'http://localhost:16074/session/be6d6fa11ddbafa2597a8b5aa6b9c6c4/alert/text'
16:14:41.774 [Forwarding getAlertText on session be6d6fa11ddbafa2597a8b5aa6b9c6c4 to remote] DEBUG org.asynchttpclient.netty.request.NettyRequestSender - Using open Channel [id: 0x87669b37, L:/127.0.0.1:14860 - R:localhost/127.0.0.1:16074] for GET '/session/be6d6fa11ddbafa2597a8b5aa6b9c6c4/alert/text'
16:14:41.840 [AsyncHttpClient-1-5] DEBUG org.asynchttpclient.netty.handler.HttpHandler - 

Request DefaultFullHttpRequest(decodeResult: success, version: HTTP/1.1, content: EmptyByteBufBE)
GET /session/be6d6fa11ddbafa2597a8b5aa6b9c6c4/alert/text HTTP/1.1
User-Agent: selenium/4.8.1 (java windows)
Cache-Control: no-cache
Content-Type: application/json; charset=utf-8
host: localhost:16074
accept: */*

Response DefaultHttpResponse(decodeResult: success, version: HTTP/1.1)
HTTP/1.1 404 Not Found
Content-Length: 807
Content-Type: application/json; charset=utf-8
cache-control: no-cache

16:14:41.841 [AsyncHttpClient-1-5] DEBUG org.asynchttpclient.netty.channel.ChannelManager - Adding key: http://localhost:16074 for channel [id: 0x87669b37, L:/127.0.0.1:14860 - R:localhost/127.0.0.1:16074]
16:14:41.843 [Forwarding getCurrentUrl on session be6d6fa11ddbafa2597a8b5aa6b9c6c4 to remote] DEBUG org.asynchttpclient.netty.request.NettyRequestSender - Using pooled Channel '[id: 0x87669b37, L:/127.0.0.1:14860 - R:localhost/127.0.0.1:16074]' for 'GET' to 'http://localhost:16074/session/be6d6fa11ddbafa2597a8b5aa6b9c6c4/url'
16:14:41.843 [Forwarding getCurrentUrl on session be6d6fa11ddbafa2597a8b5aa6b9c6c4 to remote] DEBUG org.asynchttpclient.netty.request.NettyRequestSender - Using open Channel [id: 0x87669b37, L:/127.0.0.1:14860 - R:localhost/127.0.0.1:16074] for GET '/session/be6d6fa11ddbafa2597a8b5aa6b9c6c4/url'
16:14:41.964 [AsyncHttpClient-1-5] DEBUG org.asynchttpclient.netty.handler.HttpHandler - 

Request DefaultFullHttpRequest(decodeResult: success, version: HTTP/1.1, content: EmptyByteBufBE)
GET /session/be6d6fa11ddbafa2597a8b5aa6b9c6c4/url HTTP/1.1
User-Agent: selenium/4.8.1 (java windows)
Cache-Control: no-cache
Content-Type: application/json; charset=utf-8
host: localhost:16074
accept: */*

Response DefaultHttpResponse(decodeResult: success, version: HTTP/1.1)
HTTP/1.1 200 OK
Content-Length: 68
Content-Type: application/json; charset=utf-8
cache-control: no-cache

16:14:41.965 [AsyncHttpClient-1-5] DEBUG org.asynchttpclient.netty.channel.ChannelManager - Adding key: http://localhost:16074 for channel [id: 0x87669b37, L:/127.0.0.1:14860 - R:localhost/127.0.0.1:16074]
16:14:41.965 [Forwarding screenshot on session be6d6fa11ddbafa2597a8b5aa6b9c6c4 to remote] DEBUG org.asynchttpclient.netty.request.NettyRequestSender - Using pooled Channel '[id: 0x87669b37, L:/127.0.0.1:14860 - R:localhost/127.0.0.1:16074]' for 'GET' to 'http://localhost:16074/session/be6d6fa11ddbafa2597a8b5aa6b9c6c4/screenshot'
16:14:41.965 [Forwarding screenshot on session be6d6fa11ddbafa2597a8b5aa6b9c6c4 to remote] DEBUG org.asynchttpclient.netty.request.NettyRequestSender - Using open Channel [id: 0x87669b37, L:/127.0.0.1:14860 - R:localhost/127.0.0.1:16074] for GET '/session/be6d6fa11ddbafa2597a8b5aa6b9c6c4/screenshot'
16:14:42.046 [AsyncHttpClient-1-5] DEBUG org.asynchttpclient.netty.handler.HttpHandler - 

Request DefaultFullHttpRequest(decodeResult: success, version: HTTP/1.1, content: EmptyByteBufBE)
GET /session/be6d6fa11ddbafa2597a8b5aa6b9c6c4/screenshot HTTP/1.1
User-Agent: selenium/4.8.1 (java windows)
Cache-Control: no-cache
Content-Type: application/json; charset=utf-8
host: localhost:16074
accept: */*

Response DefaultHttpResponse(decodeResult: success, version: HTTP/1.1)
HTTP/1.1 200 OK
Content-Length: 38896
Content-Type: application/json; charset=utf-8
cache-control: no-cache

16:14:42.047 [AsyncHttpClient-1-5] DEBUG org.asynchttpclient.netty.channel.ChannelManager - Adding key: http://localhost:16074 for channel [id: 0x87669b37, L:/127.0.0.1:14860 - R:localhost/127.0.0.1:16074]
16:14:42.049 [main] DEBUG net.serenitybdd.core.photography.Darkroom - Send negative for processing for target\site\serenity\f7f0ac742717eaca4d18f5dc10084da2fbb20e3ffb9b0eabc91d7e53f383d224.png
16:14:42.050 [main] DEBUG net.thucydides.core.steps.StepInterceptor - STEP DONE: ClickAddCredit
  &amp#27;[32mThen &amp#27;[0m&amp#27;[32mI click add stock data&amp#27;[0m                             &amp#27;[90m# Starter.Stepdefitions.AddStockDataSteps.ClickAddStockCredit()&amp#27;[0m
16:14:42.056 [main] INFO  - 
  _____   ___   ___   _____     ___     _     ___   ___   ___   ___  
 |_   _| | __| / __| |_   _|   | _ \   /_\   / __| / __| | __| |   \ 
   | |   | _|  \__ \   | |     |  _/  / _ \  \__ \ \__ \ | _|  | |) |
   |_|   |___| |___/   |_|     |_|   /_/ \_\ |___/ |___/ |___| |___/ 

As a user, I have successfully added stock data
----------------------------------------------------------------------
16:14:42.057 [Driver Command Executor] DEBUG org.asynchttpclient.netty.request.NettyRequestSender - Using pooled Channel '[id: 0x87669b37, L:/127.0.0.1:14860 - R:localhost/127.0.0.1:16074]' for 'DELETE' to 'http://localhost:16074/session/be6d6fa11ddbafa2597a8b5aa6b9c6c4'
16:14:42.057 [AsyncHttpClient-1-7] DEBUG org.asynchttpclient.netty.handler.WebSocketHandler - Channel Closed: [id: 0xfe366b97, L:/127.0.0.1:14867 ! R:localhost/127.0.0.1:14861] with attribute NettyResponseFuture{currentRetry=0,
	isDone=1,
	isCancelled=0,
	asyncHandler=org.asynchttpclient.ws.WebSocketUpgradeHandler@13b96ff,
	nettyRequest=org.asynchttpclient.netty.request.NettyRequest@390bbc,
	future=java.util.concurrent.CompletableFuture@1aba31[Completed normally],
	uri=ws://localhost:14861/devtools/browser/c92ce482-d455-428b-8c73-eab8901170b2,
	keepAlive=true,
	redirectCount=0,
	timeoutsHolder=null,
	inAuth=0,
	touch=1687684468692}
16:14:42.057 [Driver Command Executor] DEBUG org.asynchttpclient.netty.request.NettyRequestSender - Using open Channel [id: 0x87669b37, L:/127.0.0.1:14860 - R:localhost/127.0.0.1:16074] for DELETE '/session/be6d6fa11ddbafa2597a8b5aa6b9c6c4'
16:14:42.058 [AsyncHttpClient-1-7] DEBUG org.asynchttpclient.netty.channel.ChannelManager - Closing Channel [id: 0xfe366b97, L:/127.0.0.1:14867 ! R:localhost/127.0.0.1:14861] 
16:14:42.844 [AsyncHttpClient-1-1] DEBUG org.asynchttpclient.netty.channel.DefaultChannelPool - Entry count for : http://localhost:14861 : 1
16:14:43.039 [AsyncHttpClient-1-6] DEBUG org.asynchttpclient.netty.handler.HttpHandler - Unexpected I/O exception on channel [id: 0xa9015d7f, L:/127.0.0.1:14866 - R:localhost/127.0.0.1:14861]
java.io.IOException: An existing connection was forcibly closed by the remote host
	at sun.nio.ch.SocketDispatcher.read0(Native Method)
	at sun.nio.ch.SocketDispatcher.read(SocketDispatcher.java:43)
	at sun.nio.ch.IOUtil.readIntoNativeBuffer(IOUtil.java:223)
	at sun.nio.ch.IOUtil.read(IOUtil.java:192)
	at sun.nio.ch.SocketChannelImpl.read(SocketChannelImpl.java:379)
	at io.netty.buffer.PooledByteBuf.setBytes(PooledByteBuf.java:259)
	at io.netty.buffer.AbstractByteBuf.writeBytes(AbstractByteBuf.java:1132)
	at io.netty.channel.socket.nio.NioSocketChannel.doReadBytes(NioSocketChannel.java:357)
	at io.netty.channel.nio.AbstractNioByteChannel$NioByteUnsafe.read(AbstractNioByteChannel.java:151)
	at io.netty.channel.nio.NioEventLoop.processSelectedKey(NioEventLoop.java:788)
	at io.netty.channel.nio.NioEventLoop.processSelectedKeysOptimized(NioEventLoop.java:724)
	at io.netty.channel.nio.NioEventLoop.processSelectedKeys(NioEventLoop.java:650)
	at io.netty.channel.nio.NioEventLoop.run(NioEventLoop.java:562)
	at io.netty.util.concurrent.SingleThreadEventExecutor$4.run(SingleThreadEventExecutor.java:997)
	at io.netty.util.internal.ThreadExecutorMap$2.run(ThreadExecutorMap.java:74)
	at io.netty.util.concurrent.FastThreadLocalRunnable.run(FastThreadLocalRunnable.java:30)
	at java.lang.Thread.run(Thread.java:745)
16:14:43.039 [AsyncHttpClient-1-6] DEBUG org.asynchttpclient.netty.channel.ChannelManager - Closing Channel [id: 0xa9015d7f, L:/127.0.0.1:14866 - R:localhost/127.0.0.1:14861] 
16:14:43.040 [AsyncHttpClient-1-6] DEBUG org.asynchttpclient.netty.handler.HttpHandler - Channel Closed: [id: 0xa9015d7f, L:/127.0.0.1:14866 ! R:localhost/127.0.0.1:14861] with attribute DISCARD
16:14:43.463 [AsyncHttpClient-1-5] DEBUG org.asynchttpclient.netty.handler.HttpHandler - 

Request DefaultFullHttpRequest(decodeResult: success, version: HTTP/1.1, content: EmptyByteBufBE)
DELETE /session/be6d6fa11ddbafa2597a8b5aa6b9c6c4 HTTP/1.1
User-Agent: selenium/4.8.1 (java windows)
Content-Type: application/json; charset=utf-8
host: localhost:16074
accept: */*

Response DefaultHttpResponse(decodeResult: success, version: HTTP/1.1)
HTTP/1.1 200 OK
Content-Length: 14
Content-Type: application/json; charset=utf-8
cache-control: no-cache

16:14:43.463 [AsyncHttpClient-1-5] DEBUG org.asynchttpclient.netty.channel.ChannelManager - Adding key: http://localhost:16074 for channel [id: 0x87669b37, L:/127.0.0.1:14860 - R:localhost/127.0.0.1:16074]
16:14:43.501 [AsyncHttpClient-1-5] DEBUG org.asynchttpclient.netty.handler.HttpHandler - Channel Closed: [id: 0x87669b37, L:/127.0.0.1:14860 ! R:localhost/127.0.0.1:16074] with attribute DISCARD
16:14:43.943 [AsyncHttpClient-1-1] DEBUG org.asynchttpclient.netty.channel.DefaultChannelPool - Entry count for : http://localhost:16074 : 1
16:14:43.943 [AsyncHttpClient-1-1] DEBUG org.asynchttpclient.netty.channel.DefaultChannelPool - Entry count for : http://localhost:14861 : 1
16:14:43.943 [AsyncHttpClient-1-1] DEBUG org.asynchttpclient.netty.channel.DefaultChannelPool - Adding Candidate expired Channel [id: 0x87669b37, L:/127.0.0.1:14860 ! R:localhost/127.0.0.1:16074] isIdleTimeoutExpired=false isRemotelyClosed=true isTtlExpired=false
16:14:43.943 [AsyncHttpClient-1-1] DEBUG org.asynchttpclient.netty.channel.DefaultChannelPool - Closing Idle Channel [id: 0x87669b37, L:/127.0.0.1:14860 ! R:localhost/127.0.0.1:16074]
16:14:43.943 [AsyncHttpClient-1-1] DEBUG org.asynchttpclient.netty.channel.DefaultChannelPool - Adding Candidate expired Channel [id: 0xa9015d7f, L:/127.0.0.1:14866 ! R:localhost/127.0.0.1:14861] isIdleTimeoutExpired=false isRemotelyClosed=true isTtlExpired=false
16:14:43.943 [AsyncHttpClient-1-1] DEBUG org.asynchttpclient.netty.channel.DefaultChannelPool - Closing Idle Channel [id: 0xa9015d7f, L:/127.0.0.1:14866 ! R:localhost/127.0.0.1:14861]
16:14:43.943 [AsyncHttpClient-1-1] DEBUG org.asynchttpclient.netty.channel.DefaultChannelPool - Closed 2 connections out of 2 in 0 ms
]]></system-out>
    <system-err><![CDATA[Starting ChromeDriver 114.0.5735.90 (386bc09e8f4f2e025eddae123f36f6263096ae49-refs/branch-heads/5735@{#1052}) on port 16074
Only local connections are allowed.
Please see https://chromedriver.chromium.org/security-considerations for suggestions on keeping ChromeDriver safe.
ChromeDriver was started successfully.
Jun 25, 2023 4:14:28 PM org.openqa.selenium.devtools.CdpVersionFinder findNearestMatch
WARNING: Unable to find an exact match for CDP version 114, so returning the closest version found: 110
]]></system-err>
  </testcase>
  <testcase name="As a user, I have successfully searched the customer data" classname="Customer Data Search" time="17.503">
    <system-out><![CDATA[16:14:44.017 [main] DEBUG io.cucumber.core.plugin.SerenityReporter - Running feature from file:///C:/Users/USER/IdeaProjects/Capston_webtesting/src/test/resources/Feature/CustomerData.feature
16:14:44.017 [main] WARN io.cucumber.core.plugin.SerenityReporter - Feature from file:///C:/Users/USER/IdeaProjects/Capston_webtesting/src/test/resources/Feature/CustomerData.feature is not under the 'features' directory. Requirements report will not be correctly generated!
16:14:44.023 [main] DEBUG net.thucydides.core.steps.StepEventBus - Test suite started for story net.thucydides.core.model.Story@832221cb
16:14:44.024 [main] INFO  - Test Suite Started: Customer Data Search

@CustomerData
Scenario: As a user, I have successfully searched the customer data &amp#27;[90m# src/test/resources/Feature/CustomerData.feature:3&amp#27;[0m
16:14:44.040 [main] DEBUG io.cucumber.core.plugin.SerenityReporter - Running feature from file:///C:/Users/USER/IdeaProjects/Capston_webtesting/src/test/resources/Feature/CustomerData.feature
16:14:44.040 [main] WARN io.cucumber.core.plugin.SerenityReporter - Feature from file:///C:/Users/USER/IdeaProjects/Capston_webtesting/src/test/resources/Feature/CustomerData.feature is not under the 'features' directory. Requirements report will not be correctly generated!
16:14:44.042 [main] INFO  - 
  _____   ___   ___   _____     ___   _____     _     ___   _____   ___   ___  
 |_   _| | __| / __| |_   _|   / __| |_   _|   /_\   | _ \ |_   _| | __| |   \ 
   | |   | _|  \__ \   | |     \__ \   | |    / _ \  |   /   | |   | _|  | |) |
   |_|   |___| |___/   |_|     |___/   |_|   /_/ \_\ |_|_\   |_|   |___| |___/ 

As a user, I have successfully searched the customer data(customer-data-search;as-a-user--i-have-successfully-searched-the-customer-data)
--------------------------------------------------------------------------------
16:14:44.161 [main] DEBUG net.thucydides.core.steps.StepInterceptor - STARTING STEP: CustomerDataSteps.onnSignInPage - openPage
16:14:44.220 [main] INFO net.serenitybdd.core.webdriver.driverproviders.ChromeDriverProvider - Starting Chrome driver instance with capabilities:
16:14:44.221 [main] INFO net.serenitybdd.core.webdriver.driverproviders.ChromeDriverProvider - Capabilities {acceptInsecureCerts: false, browserName: chrome, goog:chromeOptions: {args: [remote-allow-origins=*], extensions: []}}
16:14:44.815 [AsyncHttpClient-1-8] DEBUG org.asynchttpclient.netty.channel.NettyConnectListener - Using new Channel '[id: 0x9248f1a4, L:/127.0.0.1:14881 - R:localhost/127.0.0.1:17818]' for 'POST' to '/session'
16:14:48.917 [AsyncHttpClient-1-8] DEBUG org.asynchttpclient.netty.handler.HttpHandler - 

Request DefaultHttpRequest(decodeResult: success, version: HTTP/1.1)
POST /session HTTP/1.1
User-Agent: selenium/4.8.1 (java windows)
Content-Length: 507
Content-Type: application/json; charset=utf-8
host: localhost:17818
accept: */*

Response DefaultHttpResponse(decodeResult: success, version: HTTP/1.1)
HTTP/1.1 200 OK
Content-Length: 860
Content-Type: application/json; charset=utf-8
cache-control: no-cache

16:14:48.918 [AsyncHttpClient-1-8] DEBUG org.asynchttpclient.netty.channel.ChannelManager - Adding key: http://localhost:17818 for channel [id: 0x9248f1a4, L:/127.0.0.1:14881 - R:localhost/127.0.0.1:17818]
16:14:48.929 [AsyncHttpClient-1-9] DEBUG org.asynchttpclient.netty.channel.NettyConnectListener - Using new Channel '[id: 0x2eeba165, L:/127.0.0.1:14888 - R:localhost/127.0.0.1:14882]' for 'GET' to '/json/version'
16:14:48.930 [AsyncHttpClient-1-9] DEBUG org.asynchttpclient.netty.handler.HttpHandler - 

Request DefaultFullHttpRequest(decodeResult: success, version: HTTP/1.1, content: EmptyByteBufBE)
GET /json/version HTTP/1.1
User-Agent: selenium/4.8.1 (java windows)
host: localhost:14882
accept: */*

Response DefaultHttpResponse(decodeResult: success, version: HTTP/1.1)
HTTP/1.1 200 OK
Content-Security-Policy: frame-ancestors 'none'
Content-Length: 424
Content-Type: application/json; charset=UTF-8

16:14:48.931 [AsyncHttpClient-1-9] DEBUG org.asynchttpclient.netty.channel.ChannelManager - Adding key: http://localhost:14882 for channel [id: 0x2eeba165, L:/127.0.0.1:14888 - R:localhost/127.0.0.1:14882]
16:14:48.933 [AsyncHttpClient-1-2] DEBUG org.asynchttpclient.netty.channel.NettyConnectListener - Using new Channel '[id: 0xa3bd6aaa, L:/127.0.0.1:14889 - R:localhost/127.0.0.1:14882]' for 'GET' to '/devtools/browser/e05112d7-fc25-44e9-963a-d028103ca421'
16:14:48.934 [AsyncHttpClient-1-2] DEBUG org.asynchttpclient.netty.handler.WebSocketHandler - 

Request DefaultFullHttpRequest(decodeResult: success, version: HTTP/1.1, content: EmptyByteBufBE)
GET /devtools/browser/e05112d7-fc25-44e9-963a-d028103ca421 HTTP/1.1
upgrade: websocket
connection: upgrade
sec-websocket-key: 3xYmi6C6asyry9x5EHN9Gg==
sec-websocket-version: 13
origin: http://localhost:14882
host: localhost:14882
accept: */*
user-agent: AHC/2.1

Response DefaultHttpResponse(decodeResult: success, version: HTTP/1.1)
HTTP/1.1 101 WebSocket Protocol Handshake
Upgrade: WebSocket
Connection: Upgrade
Sec-WebSocket-Accept: oxOvO+KiG+Gmk95hIpjYifYHyCU=

16:14:48.943 [Forwarding get on session bb617855090722603f0199aec8d63644 to remote] DEBUG org.asynchttpclient.netty.request.NettyRequestSender - Using pooled Channel '[id: 0x9248f1a4, L:/127.0.0.1:14881 - R:localhost/127.0.0.1:17818]' for 'POST' to 'http://localhost:17818/session/bb617855090722603f0199aec8d63644/url'
16:14:48.943 [Forwarding get on session bb617855090722603f0199aec8d63644 to remote] DEBUG org.asynchttpclient.netty.request.NettyRequestSender - Using open Channel [id: 0x9248f1a4, L:/127.0.0.1:14881 - R:localhost/127.0.0.1:17818] for POST '/session/bb617855090722603f0199aec8d63644/url'
16:14:49.444 [AsyncHttpClient-1-1] DEBUG org.asynchttpclient.netty.channel.DefaultChannelPool - Entry count for : http://localhost:14882 : 1
16:14:50.544 [AsyncHttpClient-1-1] DEBUG org.asynchttpclient.netty.channel.DefaultChannelPool - Entry count for : http://localhost:14882 : 1
16:14:51.644 [AsyncHttpClient-1-1] DEBUG org.asynchttpclient.netty.channel.DefaultChannelPool - Entry count for : http://localhost:14882 : 1
16:14:52.744 [AsyncHttpClient-1-1] DEBUG org.asynchttpclient.netty.channel.DefaultChannelPool - Entry count for : http://localhost:14882 : 1
16:14:53.731 [AsyncHttpClient-1-8] DEBUG org.asynchttpclient.netty.handler.HttpHandler - 

Request DefaultHttpRequest(decodeResult: success, version: HTTP/1.1)
POST /session/bb617855090722603f0199aec8d63644/url HTTP/1.1
User-Agent: selenium/4.8.1 (java windows)
Content-Length: 82
Content-Type: application/json; charset=utf-8
host: localhost:17818
accept: */*

Response DefaultHttpResponse(decodeResult: success, version: HTTP/1.1)
HTTP/1.1 200 OK
Content-Length: 14
Content-Type: application/json; charset=utf-8
cache-control: no-cache

16:14:53.731 [AsyncHttpClient-1-8] DEBUG org.asynchttpclient.netty.channel.ChannelManager - Adding key: http://localhost:17818 for channel [id: 0x9248f1a4, L:/127.0.0.1:14881 - R:localhost/127.0.0.1:17818]
16:14:53.735 [Forwarding setTimeout on session bb617855090722603f0199aec8d63644 to remote] DEBUG org.asynchttpclient.netty.request.NettyRequestSender - Using pooled Channel '[id: 0x9248f1a4, L:/127.0.0.1:14881 - R:localhost/127.0.0.1:17818]' for 'POST' to 'http://localhost:17818/session/bb617855090722603f0199aec8d63644/timeouts'
16:14:53.735 [Forwarding setTimeout on session bb617855090722603f0199aec8d63644 to remote] DEBUG org.asynchttpclient.netty.request.NettyRequestSender - Using open Channel [id: 0x9248f1a4, L:/127.0.0.1:14881 - R:localhost/127.0.0.1:17818] for POST '/session/bb617855090722603f0199aec8d63644/timeouts'
16:14:53.737 [AsyncHttpClient-1-8] DEBUG org.asynchttpclient.netty.handler.HttpHandler - 

Request DefaultHttpRequest(decodeResult: success, version: HTTP/1.1)
POST /session/bb617855090722603f0199aec8d63644/timeouts HTTP/1.1
User-Agent: selenium/4.8.1 (java windows)
Content-Length: 22
Content-Type: application/json; charset=utf-8
host: localhost:17818
accept: */*

Response DefaultHttpResponse(decodeResult: success, version: HTTP/1.1)
HTTP/1.1 200 OK
Content-Length: 14
Content-Type: application/json; charset=utf-8
cache-control: no-cache

16:14:53.737 [AsyncHttpClient-1-8] DEBUG org.asynchttpclient.netty.channel.ChannelManager - Adding key: http://localhost:17818 for channel [id: 0x9248f1a4, L:/127.0.0.1:14881 - R:localhost/127.0.0.1:17818]
16:14:53.753 [main] DEBUG net.serenitybdd.core.photography.Darkroom - Opening darkroom
16:14:53.757 [Darkroom Processing Line] DEBUG net.serenitybdd.core.photography.DarkroomProcessingLine - Darkroom processing line starting up
16:14:53.759 [Forwarding getAlertText on session bb617855090722603f0199aec8d63644 to remote] DEBUG org.asynchttpclient.netty.request.NettyRequestSender - Using pooled Channel '[id: 0x9248f1a4, L:/127.0.0.1:14881 - R:localhost/127.0.0.1:17818]' for 'GET' to 'http://localhost:17818/session/bb617855090722603f0199aec8d63644/alert/text'
16:14:53.759 [Forwarding getAlertText on session bb617855090722603f0199aec8d63644 to remote] DEBUG org.asynchttpclient.netty.request.NettyRequestSender - Using open Channel [id: 0x9248f1a4, L:/127.0.0.1:14881 - R:localhost/127.0.0.1:17818] for GET '/session/bb617855090722603f0199aec8d63644/alert/text'
16:14:53.761 [AsyncHttpClient-1-8] DEBUG org.asynchttpclient.netty.handler.HttpHandler - 

Request DefaultFullHttpRequest(decodeResult: success, version: HTTP/1.1, content: EmptyByteBufBE)
GET /session/bb617855090722603f0199aec8d63644/alert/text HTTP/1.1
User-Agent: selenium/4.8.1 (java windows)
Cache-Control: no-cache
Content-Type: application/json; charset=utf-8
host: localhost:17818
accept: */*

Response DefaultHttpResponse(decodeResult: success, version: HTTP/1.1)
HTTP/1.1 404 Not Found
Content-Length: 807
Content-Type: application/json; charset=utf-8
cache-control: no-cache

16:14:53.761 [AsyncHttpClient-1-8] DEBUG org.asynchttpclient.netty.channel.ChannelManager - Adding key: http://localhost:17818 for channel [id: 0x9248f1a4, L:/127.0.0.1:14881 - R:localhost/127.0.0.1:17818]
16:14:53.764 [Forwarding getCurrentUrl on session bb617855090722603f0199aec8d63644 to remote] DEBUG org.asynchttpclient.netty.request.NettyRequestSender - Using pooled Channel '[id: 0x9248f1a4, L:/127.0.0.1:14881 - R:localhost/127.0.0.1:17818]' for 'GET' to 'http://localhost:17818/session/bb617855090722603f0199aec8d63644/url'
16:14:53.765 [Forwarding getCurrentUrl on session bb617855090722603f0199aec8d63644 to remote] DEBUG org.asynchttpclient.netty.request.NettyRequestSender - Using open Channel [id: 0x9248f1a4, L:/127.0.0.1:14881 - R:localhost/127.0.0.1:17818] for GET '/session/bb617855090722603f0199aec8d63644/url'
16:14:53.774 [AsyncHttpClient-1-8] DEBUG org.asynchttpclient.netty.handler.HttpHandler - 

Request DefaultFullHttpRequest(decodeResult: success, version: HTTP/1.1, content: EmptyByteBufBE)
GET /session/bb617855090722603f0199aec8d63644/url HTTP/1.1
User-Agent: selenium/4.8.1 (java windows)
Cache-Control: no-cache
Content-Type: application/json; charset=utf-8
host: localhost:17818
accept: */*

Response DefaultHttpResponse(decodeResult: success, version: HTTP/1.1)
HTTP/1.1 200 OK
Content-Length: 64
Content-Type: application/json; charset=utf-8
cache-control: no-cache

16:14:53.775 [AsyncHttpClient-1-8] DEBUG org.asynchttpclient.netty.channel.ChannelManager - Adding key: http://localhost:17818 for channel [id: 0x9248f1a4, L:/127.0.0.1:14881 - R:localhost/127.0.0.1:17818]
16:14:53.776 [Forwarding screenshot on session bb617855090722603f0199aec8d63644 to remote] DEBUG org.asynchttpclient.netty.request.NettyRequestSender - Using pooled Channel '[id: 0x9248f1a4, L:/127.0.0.1:14881 - R:localhost/127.0.0.1:17818]' for 'GET' to 'http://localhost:17818/session/bb617855090722603f0199aec8d63644/screenshot'
16:14:53.776 [Forwarding screenshot on session bb617855090722603f0199aec8d63644 to remote] DEBUG org.asynchttpclient.netty.request.NettyRequestSender - Using open Channel [id: 0x9248f1a4, L:/127.0.0.1:14881 - R:localhost/127.0.0.1:17818] for GET '/session/bb617855090722603f0199aec8d63644/screenshot'
16:14:53.843 [AsyncHttpClient-1-1] DEBUG org.asynchttpclient.netty.channel.DefaultChannelPool - Entry count for : http://localhost:14882 : 1
16:14:54.943 [AsyncHttpClient-1-1] DEBUG org.asynchttpclient.netty.channel.DefaultChannelPool - Entry count for : http://localhost:14882 : 1
16:14:55.690 [AsyncHttpClient-1-8] DEBUG org.asynchttpclient.netty.handler.HttpHandler - 

Request DefaultFullHttpRequest(decodeResult: success, version: HTTP/1.1, content: EmptyByteBufBE)
GET /session/bb617855090722603f0199aec8d63644/screenshot HTTP/1.1
User-Agent: selenium/4.8.1 (java windows)
Cache-Control: no-cache
Content-Type: application/json; charset=utf-8
host: localhost:17818
accept: */*

Response DefaultHttpResponse(decodeResult: success, version: HTTP/1.1)
HTTP/1.1 200 OK
Content-Length: 46940
Content-Type: application/json; charset=utf-8
cache-control: no-cache

16:14:55.692 [AsyncHttpClient-1-8] DEBUG org.asynchttpclient.netty.channel.ChannelManager - Adding key: http://localhost:17818 for channel [id: 0x9248f1a4, L:/127.0.0.1:14881 - R:localhost/127.0.0.1:17818]
16:14:55.756 [main] DEBUG net.serenitybdd.core.photography.Darkroom - Send negative for processing for target\site\serenity\b276c4c5569dbdc991b227431bed16b6d8e89de34f7e00b4fcfdc739991c907c.png
16:14:55.756 [Darkroom Processing Line] DEBUG net.serenitybdd.core.photography.DarkroomProcessingLine - Processing screenshot image in /var/screenshots/screenshot-2174080931408053701
16:14:55.757 [Darkroom Processing Line] DEBUG net.serenitybdd.core.photography.DarkroomProcessingLine - Saving screenshot to target\site\serenity\b276c4c5569dbdc991b227431bed16b6d8e89de34f7e00b4fcfdc739991c907c.png
16:14:55.757 [main] DEBUG net.thucydides.core.steps.StepInterceptor - STEP DONE: openPage
  &amp#27;[32mGiven &amp#27;[0m&amp#27;[32mI am on the sign in pageee&amp#27;[0m                                  &amp#27;[90m# Starter.Stepdefitions.CustomerDataSteps.onnSignInPage()&amp#27;[0m
16:14:55.773 [Forwarding getPageSource on session bb617855090722603f0199aec8d63644 to remote] DEBUG org.asynchttpclient.netty.request.NettyRequestSender - Using pooled Channel '[id: 0x9248f1a4, L:/127.0.0.1:14881 - R:localhost/127.0.0.1:17818]' for 'POST' to 'http://localhost:17818/session/bb617855090722603f0199aec8d63644/execute/sync'
16:14:55.773 [Forwarding getPageSource on session bb617855090722603f0199aec8d63644 to remote] DEBUG org.asynchttpclient.netty.request.NettyRequestSender - Using open Channel [id: 0x9248f1a4, L:/127.0.0.1:14881 - R:localhost/127.0.0.1:17818] for POST '/session/bb617855090722603f0199aec8d63644/execute/sync'
16:14:55.780 [AsyncHttpClient-1-8] DEBUG org.asynchttpclient.netty.handler.HttpHandler - 

Request DefaultHttpRequest(decodeResult: success, version: HTTP/1.1)
POST /session/bb617855090722603f0199aec8d63644/execute/sync HTTP/1.1
User-Agent: selenium/4.8.1 (java windows)
Content-Length: 176
Content-Type: application/json; charset=utf-8
host: localhost:17818
accept: */*

Response DefaultHttpResponse(decodeResult: success, version: HTTP/1.1)
HTTP/1.1 200 OK
Content-Length: 5992
Content-Type: application/json; charset=utf-8
cache-control: no-cache

16:14:55.780 [AsyncHttpClient-1-8] DEBUG org.asynchttpclient.netty.channel.ChannelManager - Adding key: http://localhost:17818 for channel [id: 0x9248f1a4, L:/127.0.0.1:14881 - R:localhost/127.0.0.1:17818]
16:14:55.783 [Forwarding getCurrentUrl on session bb617855090722603f0199aec8d63644 to remote] DEBUG org.asynchttpclient.netty.request.NettyRequestSender - Using pooled Channel '[id: 0x9248f1a4, L:/127.0.0.1:14881 - R:localhost/127.0.0.1:17818]' for 'GET' to 'http://localhost:17818/session/bb617855090722603f0199aec8d63644/url'
16:14:55.783 [Forwarding getCurrentUrl on session bb617855090722603f0199aec8d63644 to remote] DEBUG org.asynchttpclient.netty.request.NettyRequestSender - Using open Channel [id: 0x9248f1a4, L:/127.0.0.1:14881 - R:localhost/127.0.0.1:17818] for GET '/session/bb617855090722603f0199aec8d63644/url'
16:14:55.787 [AsyncHttpClient-1-8] DEBUG org.asynchttpclient.netty.handler.HttpHandler - 

Request DefaultFullHttpRequest(decodeResult: success, version: HTTP/1.1, content: EmptyByteBufBE)
GET /session/bb617855090722603f0199aec8d63644/url HTTP/1.1
User-Agent: selenium/4.8.1 (java windows)
Cache-Control: no-cache
Content-Type: application/json; charset=utf-8
host: localhost:17818
accept: */*

Response DefaultHttpResponse(decodeResult: success, version: HTTP/1.1)
HTTP/1.1 200 OK
Content-Length: 64
Content-Type: application/json; charset=utf-8
cache-control: no-cache

16:14:55.787 [AsyncHttpClient-1-8] DEBUG org.asynchttpclient.netty.channel.ChannelManager - Adding key: http://localhost:17818 for channel [id: 0x9248f1a4, L:/127.0.0.1:14881 - R:localhost/127.0.0.1:17818]
16:14:55.798 [Forwarding getPageSource on session bb617855090722603f0199aec8d63644 to remote] DEBUG org.asynchttpclient.netty.request.NettyRequestSender - Using pooled Channel '[id: 0x9248f1a4, L:/127.0.0.1:14881 - R:localhost/127.0.0.1:17818]' for 'POST' to 'http://localhost:17818/session/bb617855090722603f0199aec8d63644/execute/sync'
16:14:55.798 [Forwarding getPageSource on session bb617855090722603f0199aec8d63644 to remote] DEBUG org.asynchttpclient.netty.request.NettyRequestSender - Using open Channel [id: 0x9248f1a4, L:/127.0.0.1:14881 - R:localhost/127.0.0.1:17818] for POST '/session/bb617855090722603f0199aec8d63644/execute/sync'
16:14:55.803 [AsyncHttpClient-1-8] DEBUG org.asynchttpclient.netty.handler.HttpHandler - 

Request DefaultHttpRequest(decodeResult: success, version: HTTP/1.1)
POST /session/bb617855090722603f0199aec8d63644/execute/sync HTTP/1.1
User-Agent: selenium/4.8.1 (java windows)
Content-Length: 176
Content-Type: application/json; charset=utf-8
host: localhost:17818
accept: */*

Response DefaultHttpResponse(decodeResult: success, version: HTTP/1.1)
HTTP/1.1 200 OK
Content-Length: 5992
Content-Type: application/json; charset=utf-8
cache-control: no-cache

16:14:55.803 [AsyncHttpClient-1-8] DEBUG org.asynchttpclient.netty.channel.ChannelManager - Adding key: http://localhost:17818 for channel [id: 0x9248f1a4, L:/127.0.0.1:14881 - R:localhost/127.0.0.1:17818]
16:14:55.805 [Forwarding getCurrentUrl on session bb617855090722603f0199aec8d63644 to remote] DEBUG org.asynchttpclient.netty.request.NettyRequestSender - Using pooled Channel '[id: 0x9248f1a4, L:/127.0.0.1:14881 - R:localhost/127.0.0.1:17818]' for 'GET' to 'http://localhost:17818/session/bb617855090722603f0199aec8d63644/url'
16:14:55.805 [Forwarding getCurrentUrl on session bb617855090722603f0199aec8d63644 to remote] DEBUG org.asynchttpclient.netty.request.NettyRequestSender - Using open Channel [id: 0x9248f1a4, L:/127.0.0.1:14881 - R:localhost/127.0.0.1:17818] for GET '/session/bb617855090722603f0199aec8d63644/url'
16:14:55.808 [AsyncHttpClient-1-8] DEBUG org.asynchttpclient.netty.handler.HttpHandler - 

Request DefaultFullHttpRequest(decodeResult: success, version: HTTP/1.1, content: EmptyByteBufBE)
GET /session/bb617855090722603f0199aec8d63644/url HTTP/1.1
User-Agent: selenium/4.8.1 (java windows)
Cache-Control: no-cache
Content-Type: application/json; charset=utf-8
host: localhost:17818
accept: */*

Response DefaultHttpResponse(decodeResult: success, version: HTTP/1.1)
HTTP/1.1 200 OK
Content-Length: 64
Content-Type: application/json; charset=utf-8
cache-control: no-cache

16:14:55.809 [AsyncHttpClient-1-8] DEBUG org.asynchttpclient.netty.channel.ChannelManager - Adding key: http://localhost:17818 for channel [id: 0x9248f1a4, L:/127.0.0.1:14881 - R:localhost/127.0.0.1:17818]
16:14:55.810 [main] DEBUG net.thucydides.core.steps.StepInterceptor - STARTING STEP: CustomerDataSteps.inputEmailll - inputEmailll
16:14:55.813 [Forwarding findElement on session bb617855090722603f0199aec8d63644 to remote] DEBUG org.asynchttpclient.netty.request.NettyRequestSender - Using pooled Channel '[id: 0x9248f1a4, L:/127.0.0.1:14881 - R:localhost/127.0.0.1:17818]' for 'POST' to 'http://localhost:17818/session/bb617855090722603f0199aec8d63644/element'
16:14:55.813 [Forwarding findElement on session bb617855090722603f0199aec8d63644 to remote] DEBUG org.asynchttpclient.netty.request.NettyRequestSender - Using open Channel [id: 0x9248f1a4, L:/127.0.0.1:14881 - R:localhost/127.0.0.1:17818] for POST '/session/bb617855090722603f0199aec8d63644/element'
16:14:55.826 [AsyncHttpClient-1-8] DEBUG org.asynchttpclient.netty.handler.HttpHandler - 

Request DefaultHttpRequest(decodeResult: success, version: HTTP/1.1)
POST /session/bb617855090722603f0199aec8d63644/element HTTP/1.1
User-Agent: selenium/4.8.1 (java windows)
Content-Length: 67
Content-Type: application/json; charset=utf-8
host: localhost:17818
accept: */*

Response DefaultHttpResponse(decodeResult: success, version: HTTP/1.1)
HTTP/1.1 200 OK
Content-Length: 94
Content-Type: application/json; charset=utf-8
cache-control: no-cache

16:14:55.827 [AsyncHttpClient-1-8] DEBUG org.asynchttpclient.netty.channel.ChannelManager - Adding key: http://localhost:17818 for channel [id: 0x9248f1a4, L:/127.0.0.1:14881 - R:localhost/127.0.0.1:17818]
16:14:55.828 [Forwarding clearElement on session bb617855090722603f0199aec8d63644 to remote] DEBUG org.asynchttpclient.netty.request.NettyRequestSender - Using pooled Channel '[id: 0x9248f1a4, L:/127.0.0.1:14881 - R:localhost/127.0.0.1:17818]' for 'POST' to 'http://localhost:17818/session/bb617855090722603f0199aec8d63644/element/9256C07519030621744EAF30F8247F63_element_7/clear'
16:14:55.828 [Forwarding clearElement on session bb617855090722603f0199aec8d63644 to remote] DEBUG org.asynchttpclient.netty.request.NettyRequestSender - Using open Channel [id: 0x9248f1a4, L:/127.0.0.1:14881 - R:localhost/127.0.0.1:17818] for POST '/session/bb617855090722603f0199aec8d63644/element/9256C07519030621744EAF30F8247F63_element_7/clear'
16:14:55.865 [AsyncHttpClient-1-8] DEBUG org.asynchttpclient.netty.handler.HttpHandler - 

Request DefaultHttpRequest(decodeResult: success, version: HTTP/1.1)
POST /session/bb617855090722603f0199aec8d63644/element/9256C07519030621744EAF30F8247F63_element_7/clear HTTP/1.1
User-Agent: selenium/4.8.1 (java windows)
Content-Length: 56
Content-Type: application/json; charset=utf-8
host: localhost:17818
accept: */*

Response DefaultHttpResponse(decodeResult: success, version: HTTP/1.1)
HTTP/1.1 200 OK
Content-Length: 14
Content-Type: application/json; charset=utf-8
cache-control: no-cache

16:14:55.865 [AsyncHttpClient-1-8] DEBUG org.asynchttpclient.netty.channel.ChannelManager - Adding key: http://localhost:17818 for channel [id: 0x9248f1a4, L:/127.0.0.1:14881 - R:localhost/127.0.0.1:17818]
16:14:55.867 [Forwarding sendKeysToElement on session bb617855090722603f0199aec8d63644 to remote] DEBUG org.asynchttpclient.netty.request.NettyRequestSender - Using pooled Channel '[id: 0x9248f1a4, L:/127.0.0.1:14881 - R:localhost/127.0.0.1:17818]' for 'POST' to 'http://localhost:17818/session/bb617855090722603f0199aec8d63644/element/9256C07519030621744EAF30F8247F63_element_7/value'
16:14:55.867 [Forwarding sendKeysToElement on session bb617855090722603f0199aec8d63644 to remote] DEBUG org.asynchttpclient.netty.request.NettyRequestSender - Using open Channel [id: 0x9248f1a4, L:/127.0.0.1:14881 - R:localhost/127.0.0.1:17818] for POST '/session/bb617855090722603f0199aec8d63644/element/9256C07519030621744EAF30F8247F63_element_7/value'
16:14:56.043 [AsyncHttpClient-1-1] DEBUG org.asynchttpclient.netty.channel.DefaultChannelPool - Entry count for : http://localhost:14882 : 1
16:14:56.113 [AsyncHttpClient-1-8] DEBUG org.asynchttpclient.netty.handler.HttpHandler - 

Request DefaultHttpRequest(decodeResult: success, version: HTTP/1.1)
POST /session/bb617855090722603f0199aec8d63644/element/9256C07519030621744EAF30F8247F63_element_7/value HTTP/1.1
User-Agent: selenium/4.8.1 (java windows)
Content-Length: 257
Content-Type: application/json; charset=utf-8
host: localhost:17818
accept: */*

Response DefaultHttpResponse(decodeResult: success, version: HTTP/1.1)
HTTP/1.1 200 OK
Content-Length: 14
Content-Type: application/json; charset=utf-8
cache-control: no-cache

16:14:56.113 [AsyncHttpClient-1-8] DEBUG org.asynchttpclient.netty.channel.ChannelManager - Adding key: http://localhost:17818 for channel [id: 0x9248f1a4, L:/127.0.0.1:14881 - R:localhost/127.0.0.1:17818]
16:14:56.128 [Forwarding getAlertText on session bb617855090722603f0199aec8d63644 to remote] DEBUG org.asynchttpclient.netty.request.NettyRequestSender - Using pooled Channel '[id: 0x9248f1a4, L:/127.0.0.1:14881 - R:localhost/127.0.0.1:17818]' for 'GET' to 'http://localhost:17818/session/bb617855090722603f0199aec8d63644/alert/text'
16:14:56.128 [Forwarding getAlertText on session bb617855090722603f0199aec8d63644 to remote] DEBUG org.asynchttpclient.netty.request.NettyRequestSender - Using open Channel [id: 0x9248f1a4, L:/127.0.0.1:14881 - R:localhost/127.0.0.1:17818] for GET '/session/bb617855090722603f0199aec8d63644/alert/text'
16:14:56.129 [AsyncHttpClient-1-8] DEBUG org.asynchttpclient.netty.handler.HttpHandler - 

Request DefaultFullHttpRequest(decodeResult: success, version: HTTP/1.1, content: EmptyByteBufBE)
GET /session/bb617855090722603f0199aec8d63644/alert/text HTTP/1.1
User-Agent: selenium/4.8.1 (java windows)
Cache-Control: no-cache
Content-Type: application/json; charset=utf-8
host: localhost:17818
accept: */*

Response DefaultHttpResponse(decodeResult: success, version: HTTP/1.1)
HTTP/1.1 404 Not Found
Content-Length: 807
Content-Type: application/json; charset=utf-8
cache-control: no-cache

16:14:56.129 [AsyncHttpClient-1-8] DEBUG org.asynchttpclient.netty.channel.ChannelManager - Adding key: http://localhost:17818 for channel [id: 0x9248f1a4, L:/127.0.0.1:14881 - R:localhost/127.0.0.1:17818]
16:14:56.131 [Forwarding getCurrentUrl on session bb617855090722603f0199aec8d63644 to remote] DEBUG org.asynchttpclient.netty.request.NettyRequestSender - Using pooled Channel '[id: 0x9248f1a4, L:/127.0.0.1:14881 - R:localhost/127.0.0.1:17818]' for 'GET' to 'http://localhost:17818/session/bb617855090722603f0199aec8d63644/url'
16:14:56.131 [Forwarding getCurrentUrl on session bb617855090722603f0199aec8d63644 to remote] DEBUG org.asynchttpclient.netty.request.NettyRequestSender - Using open Channel [id: 0x9248f1a4, L:/127.0.0.1:14881 - R:localhost/127.0.0.1:17818] for GET '/session/bb617855090722603f0199aec8d63644/url'
16:14:56.134 [AsyncHttpClient-1-8] DEBUG org.asynchttpclient.netty.handler.HttpHandler - 

Request DefaultFullHttpRequest(decodeResult: success, version: HTTP/1.1, content: EmptyByteBufBE)
GET /session/bb617855090722603f0199aec8d63644/url HTTP/1.1
User-Agent: selenium/4.8.1 (java windows)
Cache-Control: no-cache
Content-Type: application/json; charset=utf-8
host: localhost:17818
accept: */*

Response DefaultHttpResponse(decodeResult: success, version: HTTP/1.1)
HTTP/1.1 200 OK
Content-Length: 64
Content-Type: application/json; charset=utf-8
cache-control: no-cache

16:14:56.134 [AsyncHttpClient-1-8] DEBUG org.asynchttpclient.netty.channel.ChannelManager - Adding key: http://localhost:17818 for channel [id: 0x9248f1a4, L:/127.0.0.1:14881 - R:localhost/127.0.0.1:17818]
16:14:56.135 [Forwarding screenshot on session bb617855090722603f0199aec8d63644 to remote] DEBUG org.asynchttpclient.netty.request.NettyRequestSender - Using pooled Channel '[id: 0x9248f1a4, L:/127.0.0.1:14881 - R:localhost/127.0.0.1:17818]' for 'GET' to 'http://localhost:17818/session/bb617855090722603f0199aec8d63644/screenshot'
16:14:56.135 [Forwarding screenshot on session bb617855090722603f0199aec8d63644 to remote] DEBUG org.asynchttpclient.netty.request.NettyRequestSender - Using open Channel [id: 0x9248f1a4, L:/127.0.0.1:14881 - R:localhost/127.0.0.1:17818] for GET '/session/bb617855090722603f0199aec8d63644/screenshot'
16:14:56.278 [AsyncHttpClient-1-8] DEBUG org.asynchttpclient.netty.handler.HttpHandler - 

Request DefaultFullHttpRequest(decodeResult: success, version: HTTP/1.1, content: EmptyByteBufBE)
GET /session/bb617855090722603f0199aec8d63644/screenshot HTTP/1.1
User-Agent: selenium/4.8.1 (java windows)
Cache-Control: no-cache
Content-Type: application/json; charset=utf-8
host: localhost:17818
accept: */*

Response DefaultHttpResponse(decodeResult: success, version: HTTP/1.1)
HTTP/1.1 200 OK
Content-Length: 126860
Content-Type: application/json; charset=utf-8
cache-control: no-cache

16:14:56.279 [AsyncHttpClient-1-8] DEBUG org.asynchttpclient.netty.channel.ChannelManager - Adding key: http://localhost:17818 for channel [id: 0x9248f1a4, L:/127.0.0.1:14881 - R:localhost/127.0.0.1:17818]
16:14:56.285 [main] DEBUG net.serenitybdd.core.photography.Darkroom - Send negative for processing for target\site\serenity\8ea53f2fd0462607c1a1f7d4f2d323be033f245facd593f5983c52b2a015fa62.png
16:14:56.285 [main] DEBUG net.thucydides.core.steps.StepInterceptor - STEP DONE: inputEmailll
  &amp#27;[32mWhen &amp#27;[0m&amp#27;[32mI inputtt emaill&amp#27;[0m                                             &amp#27;[90m# Starter.Stepdefitions.CustomerDataSteps.inputEmailll()&amp#27;[0m
16:14:56.295 [Forwarding getPageSource on session bb617855090722603f0199aec8d63644 to remote] DEBUG org.asynchttpclient.netty.request.NettyRequestSender - Using pooled Channel '[id: 0x9248f1a4, L:/127.0.0.1:14881 - R:localhost/127.0.0.1:17818]' for 'POST' to 'http://localhost:17818/session/bb617855090722603f0199aec8d63644/execute/sync'
16:14:56.295 [Forwarding getPageSource on session bb617855090722603f0199aec8d63644 to remote] DEBUG org.asynchttpclient.netty.request.NettyRequestSender - Using open Channel [id: 0x9248f1a4, L:/127.0.0.1:14881 - R:localhost/127.0.0.1:17818] for POST '/session/bb617855090722603f0199aec8d63644/execute/sync'
16:14:56.300 [AsyncHttpClient-1-8] DEBUG org.asynchttpclient.netty.handler.HttpHandler - 

Request DefaultHttpRequest(decodeResult: success, version: HTTP/1.1)
POST /session/bb617855090722603f0199aec8d63644/execute/sync HTTP/1.1
User-Agent: selenium/4.8.1 (java windows)
Content-Length: 176
Content-Type: application/json; charset=utf-8
host: localhost:17818
accept: */*

Response DefaultHttpResponse(decodeResult: success, version: HTTP/1.1)
HTTP/1.1 200 OK
Content-Length: 6025
Content-Type: application/json; charset=utf-8
cache-control: no-cache

16:14:56.300 [AsyncHttpClient-1-8] DEBUG org.asynchttpclient.netty.channel.ChannelManager - Adding key: http://localhost:17818 for channel [id: 0x9248f1a4, L:/127.0.0.1:14881 - R:localhost/127.0.0.1:17818]
16:14:56.302 [Forwarding getCurrentUrl on session bb617855090722603f0199aec8d63644 to remote] DEBUG org.asynchttpclient.netty.request.NettyRequestSender - Using pooled Channel '[id: 0x9248f1a4, L:/127.0.0.1:14881 - R:localhost/127.0.0.1:17818]' for 'GET' to 'http://localhost:17818/session/bb617855090722603f0199aec8d63644/url'
16:14:56.302 [Forwarding getCurrentUrl on session bb617855090722603f0199aec8d63644 to remote] DEBUG org.asynchttpclient.netty.request.NettyRequestSender - Using open Channel [id: 0x9248f1a4, L:/127.0.0.1:14881 - R:localhost/127.0.0.1:17818] for GET '/session/bb617855090722603f0199aec8d63644/url'
16:14:56.308 [AsyncHttpClient-1-8] DEBUG org.asynchttpclient.netty.handler.HttpHandler - 

Request DefaultFullHttpRequest(decodeResult: success, version: HTTP/1.1, content: EmptyByteBufBE)
GET /session/bb617855090722603f0199aec8d63644/url HTTP/1.1
User-Agent: selenium/4.8.1 (java windows)
Cache-Control: no-cache
Content-Type: application/json; charset=utf-8
host: localhost:17818
accept: */*

Response DefaultHttpResponse(decodeResult: success, version: HTTP/1.1)
HTTP/1.1 200 OK
Content-Length: 64
Content-Type: application/json; charset=utf-8
cache-control: no-cache

16:14:56.308 [AsyncHttpClient-1-8] DEBUG org.asynchttpclient.netty.channel.ChannelManager - Adding key: http://localhost:17818 for channel [id: 0x9248f1a4, L:/127.0.0.1:14881 - R:localhost/127.0.0.1:17818]
16:14:56.319 [Forwarding getPageSource on session bb617855090722603f0199aec8d63644 to remote] DEBUG org.asynchttpclient.netty.request.NettyRequestSender - Using pooled Channel '[id: 0x9248f1a4, L:/127.0.0.1:14881 - R:localhost/127.0.0.1:17818]' for 'POST' to 'http://localhost:17818/session/bb617855090722603f0199aec8d63644/execute/sync'
16:14:56.319 [Forwarding getPageSource on session bb617855090722603f0199aec8d63644 to remote] DEBUG org.asynchttpclient.netty.request.NettyRequestSender - Using open Channel [id: 0x9248f1a4, L:/127.0.0.1:14881 - R:localhost/127.0.0.1:17818] for POST '/session/bb617855090722603f0199aec8d63644/execute/sync'
16:14:56.329 [AsyncHttpClient-1-8] DEBUG org.asynchttpclient.netty.handler.HttpHandler - 

Request DefaultHttpRequest(decodeResult: success, version: HTTP/1.1)
POST /session/bb617855090722603f0199aec8d63644/execute/sync HTTP/1.1
User-Agent: selenium/4.8.1 (java windows)
Content-Length: 176
Content-Type: application/json; charset=utf-8
host: localhost:17818
accept: */*

Response DefaultHttpResponse(decodeResult: success, version: HTTP/1.1)
HTTP/1.1 200 OK
Content-Length: 6025
Content-Type: application/json; charset=utf-8
cache-control: no-cache

16:14:56.329 [AsyncHttpClient-1-8] DEBUG org.asynchttpclient.netty.channel.ChannelManager - Adding key: http://localhost:17818 for channel [id: 0x9248f1a4, L:/127.0.0.1:14881 - R:localhost/127.0.0.1:17818]
16:14:56.332 [Forwarding getCurrentUrl on session bb617855090722603f0199aec8d63644 to remote] DEBUG org.asynchttpclient.netty.request.NettyRequestSender - Using pooled Channel '[id: 0x9248f1a4, L:/127.0.0.1:14881 - R:localhost/127.0.0.1:17818]' for 'GET' to 'http://localhost:17818/session/bb617855090722603f0199aec8d63644/url'
16:14:56.332 [Forwarding getCurrentUrl on session bb617855090722603f0199aec8d63644 to remote] DEBUG org.asynchttpclient.netty.request.NettyRequestSender - Using open Channel [id: 0x9248f1a4, L:/127.0.0.1:14881 - R:localhost/127.0.0.1:17818] for GET '/session/bb617855090722603f0199aec8d63644/url'
16:14:56.337 [AsyncHttpClient-1-8] DEBUG org.asynchttpclient.netty.handler.HttpHandler - 

Request DefaultFullHttpRequest(decodeResult: success, version: HTTP/1.1, content: EmptyByteBufBE)
GET /session/bb617855090722603f0199aec8d63644/url HTTP/1.1
User-Agent: selenium/4.8.1 (java windows)
Cache-Control: no-cache
Content-Type: application/json; charset=utf-8
host: localhost:17818
accept: */*

Response DefaultHttpResponse(decodeResult: success, version: HTTP/1.1)
HTTP/1.1 200 OK
Content-Length: 64
Content-Type: application/json; charset=utf-8
cache-control: no-cache

16:14:56.337 [AsyncHttpClient-1-8] DEBUG org.asynchttpclient.netty.channel.ChannelManager - Adding key: http://localhost:17818 for channel [id: 0x9248f1a4, L:/127.0.0.1:14881 - R:localhost/127.0.0.1:17818]
16:14:56.340 [main] DEBUG net.thucydides.core.steps.StepInterceptor - STARTING STEP: CustomerDataSteps.inputPassworddd - inputPassworddd
16:14:56.343 [Forwarding findElement on session bb617855090722603f0199aec8d63644 to remote] DEBUG org.asynchttpclient.netty.request.NettyRequestSender - Using pooled Channel '[id: 0x9248f1a4, L:/127.0.0.1:14881 - R:localhost/127.0.0.1:17818]' for 'POST' to 'http://localhost:17818/session/bb617855090722603f0199aec8d63644/element'
16:14:56.343 [Forwarding findElement on session bb617855090722603f0199aec8d63644 to remote] DEBUG org.asynchttpclient.netty.request.NettyRequestSender - Using open Channel [id: 0x9248f1a4, L:/127.0.0.1:14881 - R:localhost/127.0.0.1:17818] for POST '/session/bb617855090722603f0199aec8d63644/element'
16:14:56.355 [AsyncHttpClient-1-8] DEBUG org.asynchttpclient.netty.handler.HttpHandler - 

Request DefaultHttpRequest(decodeResult: success, version: HTTP/1.1)
POST /session/bb617855090722603f0199aec8d63644/element HTTP/1.1
User-Agent: selenium/4.8.1 (java windows)
Content-Length: 70
Content-Type: application/json; charset=utf-8
host: localhost:17818
accept: */*

Response DefaultHttpResponse(decodeResult: success, version: HTTP/1.1)
HTTP/1.1 200 OK
Content-Length: 95
Content-Type: application/json; charset=utf-8
cache-control: no-cache

16:14:56.355 [AsyncHttpClient-1-8] DEBUG org.asynchttpclient.netty.channel.ChannelManager - Adding key: http://localhost:17818 for channel [id: 0x9248f1a4, L:/127.0.0.1:14881 - R:localhost/127.0.0.1:17818]
16:14:56.356 [Forwarding clearElement on session bb617855090722603f0199aec8d63644 to remote] DEBUG org.asynchttpclient.netty.request.NettyRequestSender - Using pooled Channel '[id: 0x9248f1a4, L:/127.0.0.1:14881 - R:localhost/127.0.0.1:17818]' for 'POST' to 'http://localhost:17818/session/bb617855090722603f0199aec8d63644/element/9256C07519030621744EAF30F8247F63_element_10/clear'
16:14:56.356 [Forwarding clearElement on session bb617855090722603f0199aec8d63644 to remote] DEBUG org.asynchttpclient.netty.request.NettyRequestSender - Using open Channel [id: 0x9248f1a4, L:/127.0.0.1:14881 - R:localhost/127.0.0.1:17818] for POST '/session/bb617855090722603f0199aec8d63644/element/9256C07519030621744EAF30F8247F63_element_10/clear'
16:14:56.387 [AsyncHttpClient-1-8] DEBUG org.asynchttpclient.netty.handler.HttpHandler - 

Request DefaultHttpRequest(decodeResult: success, version: HTTP/1.1)
POST /session/bb617855090722603f0199aec8d63644/element/9256C07519030621744EAF30F8247F63_element_10/clear HTTP/1.1
User-Agent: selenium/4.8.1 (java windows)
Content-Length: 57
Content-Type: application/json; charset=utf-8
host: localhost:17818
accept: */*

Response DefaultHttpResponse(decodeResult: success, version: HTTP/1.1)
HTTP/1.1 200 OK
Content-Length: 14
Content-Type: application/json; charset=utf-8
cache-control: no-cache

16:14:56.387 [AsyncHttpClient-1-8] DEBUG org.asynchttpclient.netty.channel.ChannelManager - Adding key: http://localhost:17818 for channel [id: 0x9248f1a4, L:/127.0.0.1:14881 - R:localhost/127.0.0.1:17818]
16:14:56.391 [Forwarding sendKeysToElement on session bb617855090722603f0199aec8d63644 to remote] DEBUG org.asynchttpclient.netty.request.NettyRequestSender - Using pooled Channel '[id: 0x9248f1a4, L:/127.0.0.1:14881 - R:localhost/127.0.0.1:17818]' for 'POST' to 'http://localhost:17818/session/bb617855090722603f0199aec8d63644/element/9256C07519030621744EAF30F8247F63_element_10/value'
16:14:56.391 [Forwarding sendKeysToElement on session bb617855090722603f0199aec8d63644 to remote] DEBUG org.asynchttpclient.netty.request.NettyRequestSender - Using open Channel [id: 0x9248f1a4, L:/127.0.0.1:14881 - R:localhost/127.0.0.1:17818] for POST '/session/bb617855090722603f0199aec8d63644/element/9256C07519030621744EAF30F8247F63_element_10/value'
16:14:56.580 [AsyncHttpClient-1-8] DEBUG org.asynchttpclient.netty.handler.HttpHandler - 

Request DefaultHttpRequest(decodeResult: success, version: HTTP/1.1)
POST /session/bb617855090722603f0199aec8d63644/element/9256C07519030621744EAF30F8247F63_element_10/value HTTP/1.1
User-Agent: selenium/4.8.1 (java windows)
Content-Length: 198
Content-Type: application/json; charset=utf-8
host: localhost:17818
accept: */*

Response DefaultHttpResponse(decodeResult: success, version: HTTP/1.1)
HTTP/1.1 200 OK
Content-Length: 14
Content-Type: application/json; charset=utf-8
cache-control: no-cache

16:14:56.580 [AsyncHttpClient-1-8] DEBUG org.asynchttpclient.netty.channel.ChannelManager - Adding key: http://localhost:17818 for channel [id: 0x9248f1a4, L:/127.0.0.1:14881 - R:localhost/127.0.0.1:17818]
16:14:56.587 [Forwarding getAlertText on session bb617855090722603f0199aec8d63644 to remote] DEBUG org.asynchttpclient.netty.request.NettyRequestSender - Using pooled Channel '[id: 0x9248f1a4, L:/127.0.0.1:14881 - R:localhost/127.0.0.1:17818]' for 'GET' to 'http://localhost:17818/session/bb617855090722603f0199aec8d63644/alert/text'
16:14:56.587 [Forwarding getAlertText on session bb617855090722603f0199aec8d63644 to remote] DEBUG org.asynchttpclient.netty.request.NettyRequestSender - Using open Channel [id: 0x9248f1a4, L:/127.0.0.1:14881 - R:localhost/127.0.0.1:17818] for GET '/session/bb617855090722603f0199aec8d63644/alert/text'
16:14:56.588 [AsyncHttpClient-1-8] DEBUG org.asynchttpclient.netty.handler.HttpHandler - 

Request DefaultFullHttpRequest(decodeResult: success, version: HTTP/1.1, content: EmptyByteBufBE)
GET /session/bb617855090722603f0199aec8d63644/alert/text HTTP/1.1
User-Agent: selenium/4.8.1 (java windows)
Cache-Control: no-cache
Content-Type: application/json; charset=utf-8
host: localhost:17818
accept: */*

Response DefaultHttpResponse(decodeResult: success, version: HTTP/1.1)
HTTP/1.1 404 Not Found
Content-Length: 807
Content-Type: application/json; charset=utf-8
cache-control: no-cache

16:14:56.588 [AsyncHttpClient-1-8] DEBUG org.asynchttpclient.netty.channel.ChannelManager - Adding key: http://localhost:17818 for channel [id: 0x9248f1a4, L:/127.0.0.1:14881 - R:localhost/127.0.0.1:17818]
16:14:56.589 [Forwarding getCurrentUrl on session bb617855090722603f0199aec8d63644 to remote] DEBUG org.asynchttpclient.netty.request.NettyRequestSender - Using pooled Channel '[id: 0x9248f1a4, L:/127.0.0.1:14881 - R:localhost/127.0.0.1:17818]' for 'GET' to 'http://localhost:17818/session/bb617855090722603f0199aec8d63644/url'
16:14:56.589 [Forwarding getCurrentUrl on session bb617855090722603f0199aec8d63644 to remote] DEBUG org.asynchttpclient.netty.request.NettyRequestSender - Using open Channel [id: 0x9248f1a4, L:/127.0.0.1:14881 - R:localhost/127.0.0.1:17818] for GET '/session/bb617855090722603f0199aec8d63644/url'
16:14:56.595 [AsyncHttpClient-1-8] DEBUG org.asynchttpclient.netty.handler.HttpHandler - 

Request DefaultFullHttpRequest(decodeResult: success, version: HTTP/1.1, content: EmptyByteBufBE)
GET /session/bb617855090722603f0199aec8d63644/url HTTP/1.1
User-Agent: selenium/4.8.1 (java windows)
Cache-Control: no-cache
Content-Type: application/json; charset=utf-8
host: localhost:17818
accept: */*

Response DefaultHttpResponse(decodeResult: success, version: HTTP/1.1)
HTTP/1.1 200 OK
Content-Length: 64
Content-Type: application/json; charset=utf-8
cache-control: no-cache

16:14:56.595 [AsyncHttpClient-1-8] DEBUG org.asynchttpclient.netty.channel.ChannelManager - Adding key: http://localhost:17818 for channel [id: 0x9248f1a4, L:/127.0.0.1:14881 - R:localhost/127.0.0.1:17818]
16:14:56.596 [Forwarding screenshot on session bb617855090722603f0199aec8d63644 to remote] DEBUG org.asynchttpclient.netty.request.NettyRequestSender - Using pooled Channel '[id: 0x9248f1a4, L:/127.0.0.1:14881 - R:localhost/127.0.0.1:17818]' for 'GET' to 'http://localhost:17818/session/bb617855090722603f0199aec8d63644/screenshot'
16:14:56.596 [Forwarding screenshot on session bb617855090722603f0199aec8d63644 to remote] DEBUG org.asynchttpclient.netty.request.NettyRequestSender - Using open Channel [id: 0x9248f1a4, L:/127.0.0.1:14881 - R:localhost/127.0.0.1:17818] for GET '/session/bb617855090722603f0199aec8d63644/screenshot'
16:14:56.747 [AsyncHttpClient-1-8] DEBUG org.asynchttpclient.netty.handler.HttpHandler - 

Request DefaultFullHttpRequest(decodeResult: success, version: HTTP/1.1, content: EmptyByteBufBE)
GET /session/bb617855090722603f0199aec8d63644/screenshot HTTP/1.1
User-Agent: selenium/4.8.1 (java windows)
Cache-Control: no-cache
Content-Type: application/json; charset=utf-8
host: localhost:17818
accept: */*

Response DefaultHttpResponse(decodeResult: success, version: HTTP/1.1)
HTTP/1.1 200 OK
Content-Length: 124768
Content-Type: application/json; charset=utf-8
cache-control: no-cache

16:14:56.748 [AsyncHttpClient-1-8] DEBUG org.asynchttpclient.netty.channel.ChannelManager - Adding key: http://localhost:17818 for channel [id: 0x9248f1a4, L:/127.0.0.1:14881 - R:localhost/127.0.0.1:17818]
16:14:56.754 [main] DEBUG net.serenitybdd.core.photography.Darkroom - Send negative for processing for target\site\serenity\a482bc7bd961aca5e94723349c45a43c2640dfe964600ce63e970df6c5797a73.png
16:14:56.754 [main] DEBUG net.thucydides.core.steps.StepInterceptor - STEP DONE: inputPassworddd
  &amp#27;[32mAnd &amp#27;[0m&amp#27;[32mI input passworddd&amp#27;[0m                                            &amp#27;[90m# Starter.Stepdefitions.CustomerDataSteps.inputPassworddd()&amp#27;[0m
16:14:56.765 [Forwarding getPageSource on session bb617855090722603f0199aec8d63644 to remote] DEBUG org.asynchttpclient.netty.request.NettyRequestSender - Using pooled Channel '[id: 0x9248f1a4, L:/127.0.0.1:14881 - R:localhost/127.0.0.1:17818]' for 'POST' to 'http://localhost:17818/session/bb617855090722603f0199aec8d63644/execute/sync'
16:14:56.765 [Forwarding getPageSource on session bb617855090722603f0199aec8d63644 to remote] DEBUG org.asynchttpclient.netty.request.NettyRequestSender - Using open Channel [id: 0x9248f1a4, L:/127.0.0.1:14881 - R:localhost/127.0.0.1:17818] for POST '/session/bb617855090722603f0199aec8d63644/execute/sync'
16:14:56.770 [AsyncHttpClient-1-8] DEBUG org.asynchttpclient.netty.handler.HttpHandler - 

Request DefaultHttpRequest(decodeResult: success, version: HTTP/1.1)
POST /session/bb617855090722603f0199aec8d63644/execute/sync HTTP/1.1
User-Agent: selenium/4.8.1 (java windows)
Content-Length: 176
Content-Type: application/json; charset=utf-8
host: localhost:17818
accept: */*

Response DefaultHttpResponse(decodeResult: success, version: HTTP/1.1)
HTTP/1.1 200 OK
Content-Length: 6036
Content-Type: application/json; charset=utf-8
cache-control: no-cache

16:14:56.770 [AsyncHttpClient-1-8] DEBUG org.asynchttpclient.netty.channel.ChannelManager - Adding key: http://localhost:17818 for channel [id: 0x9248f1a4, L:/127.0.0.1:14881 - R:localhost/127.0.0.1:17818]
16:14:56.772 [Forwarding getCurrentUrl on session bb617855090722603f0199aec8d63644 to remote] DEBUG org.asynchttpclient.netty.request.NettyRequestSender - Using pooled Channel '[id: 0x9248f1a4, L:/127.0.0.1:14881 - R:localhost/127.0.0.1:17818]' for 'GET' to 'http://localhost:17818/session/bb617855090722603f0199aec8d63644/url'
16:14:56.772 [Forwarding getCurrentUrl on session bb617855090722603f0199aec8d63644 to remote] DEBUG org.asynchttpclient.netty.request.NettyRequestSender - Using open Channel [id: 0x9248f1a4, L:/127.0.0.1:14881 - R:localhost/127.0.0.1:17818] for GET '/session/bb617855090722603f0199aec8d63644/url'
16:14:56.776 [AsyncHttpClient-1-8] DEBUG org.asynchttpclient.netty.handler.HttpHandler - 

Request DefaultFullHttpRequest(decodeResult: success, version: HTTP/1.1, content: EmptyByteBufBE)
GET /session/bb617855090722603f0199aec8d63644/url HTTP/1.1
User-Agent: selenium/4.8.1 (java windows)
Cache-Control: no-cache
Content-Type: application/json; charset=utf-8
host: localhost:17818
accept: */*

Response DefaultHttpResponse(decodeResult: success, version: HTTP/1.1)
HTTP/1.1 200 OK
Content-Length: 64
Content-Type: application/json; charset=utf-8
cache-control: no-cache

16:14:56.776 [AsyncHttpClient-1-8] DEBUG org.asynchttpclient.netty.channel.ChannelManager - Adding key: http://localhost:17818 for channel [id: 0x9248f1a4, L:/127.0.0.1:14881 - R:localhost/127.0.0.1:17818]
16:14:56.790 [Forwarding getPageSource on session bb617855090722603f0199aec8d63644 to remote] DEBUG org.asynchttpclient.netty.request.NettyRequestSender - Using pooled Channel '[id: 0x9248f1a4, L:/127.0.0.1:14881 - R:localhost/127.0.0.1:17818]' for 'POST' to 'http://localhost:17818/session/bb617855090722603f0199aec8d63644/execute/sync'
16:14:56.790 [Forwarding getPageSource on session bb617855090722603f0199aec8d63644 to remote] DEBUG org.asynchttpclient.netty.request.NettyRequestSender - Using open Channel [id: 0x9248f1a4, L:/127.0.0.1:14881 - R:localhost/127.0.0.1:17818] for POST '/session/bb617855090722603f0199aec8d63644/execute/sync'
16:14:56.796 [AsyncHttpClient-1-8] DEBUG org.asynchttpclient.netty.handler.HttpHandler - 

Request DefaultHttpRequest(decodeResult: success, version: HTTP/1.1)
POST /session/bb617855090722603f0199aec8d63644/execute/sync HTTP/1.1
User-Agent: selenium/4.8.1 (java windows)
Content-Length: 176
Content-Type: application/json; charset=utf-8
host: localhost:17818
accept: */*

Response DefaultHttpResponse(decodeResult: success, version: HTTP/1.1)
HTTP/1.1 200 OK
Content-Length: 6036
Content-Type: application/json; charset=utf-8
cache-control: no-cache

16:14:56.796 [AsyncHttpClient-1-8] DEBUG org.asynchttpclient.netty.channel.ChannelManager - Adding key: http://localhost:17818 for channel [id: 0x9248f1a4, L:/127.0.0.1:14881 - R:localhost/127.0.0.1:17818]
16:14:56.799 [Forwarding getCurrentUrl on session bb617855090722603f0199aec8d63644 to remote] DEBUG org.asynchttpclient.netty.request.NettyRequestSender - Using pooled Channel '[id: 0x9248f1a4, L:/127.0.0.1:14881 - R:localhost/127.0.0.1:17818]' for 'GET' to 'http://localhost:17818/session/bb617855090722603f0199aec8d63644/url'
16:14:56.799 [Forwarding getCurrentUrl on session bb617855090722603f0199aec8d63644 to remote] DEBUG org.asynchttpclient.netty.request.NettyRequestSender - Using open Channel [id: 0x9248f1a4, L:/127.0.0.1:14881 - R:localhost/127.0.0.1:17818] for GET '/session/bb617855090722603f0199aec8d63644/url'
16:14:56.803 [AsyncHttpClient-1-8] DEBUG org.asynchttpclient.netty.handler.HttpHandler - 

Request DefaultFullHttpRequest(decodeResult: success, version: HTTP/1.1, content: EmptyByteBufBE)
GET /session/bb617855090722603f0199aec8d63644/url HTTP/1.1
User-Agent: selenium/4.8.1 (java windows)
Cache-Control: no-cache
Content-Type: application/json; charset=utf-8
host: localhost:17818
accept: */*

Response DefaultHttpResponse(decodeResult: success, version: HTTP/1.1)
HTTP/1.1 200 OK
Content-Length: 64
Content-Type: application/json; charset=utf-8
cache-control: no-cache

16:14:56.803 [AsyncHttpClient-1-8] DEBUG org.asynchttpclient.netty.channel.ChannelManager - Adding key: http://localhost:17818 for channel [id: 0x9248f1a4, L:/127.0.0.1:14881 - R:localhost/127.0.0.1:17818]
16:14:56.805 [main] DEBUG net.thucydides.core.steps.StepInterceptor - STARTING STEP: CustomerDataSteps.clickSignInButtonnn - clickSignInButtonnn
16:14:56.809 [Forwarding findElement on session bb617855090722603f0199aec8d63644 to remote] DEBUG org.asynchttpclient.netty.request.NettyRequestSender - Using pooled Channel '[id: 0x9248f1a4, L:/127.0.0.1:14881 - R:localhost/127.0.0.1:17818]' for 'POST' to 'http://localhost:17818/session/bb617855090722603f0199aec8d63644/element'
16:14:56.809 [Forwarding findElement on session bb617855090722603f0199aec8d63644 to remote] DEBUG org.asynchttpclient.netty.request.NettyRequestSender - Using open Channel [id: 0x9248f1a4, L:/127.0.0.1:14881 - R:localhost/127.0.0.1:17818] for POST '/session/bb617855090722603f0199aec8d63644/element'
16:14:56.820 [AsyncHttpClient-1-8] DEBUG org.asynchttpclient.netty.handler.HttpHandler - 

Request DefaultHttpRequest(decodeResult: success, version: HTTP/1.1)
POST /session/bb617855090722603f0199aec8d63644/element HTTP/1.1
User-Agent: selenium/4.8.1 (java windows)
Content-Length: 69
Content-Type: application/json; charset=utf-8
host: localhost:17818
accept: */*

Response DefaultHttpResponse(decodeResult: success, version: HTTP/1.1)
HTTP/1.1 200 OK
Content-Length: 95
Content-Type: application/json; charset=utf-8
cache-control: no-cache

16:14:56.820 [AsyncHttpClient-1-8] DEBUG org.asynchttpclient.netty.channel.ChannelManager - Adding key: http://localhost:17818 for channel [id: 0x9248f1a4, L:/127.0.0.1:14881 - R:localhost/127.0.0.1:17818]
16:14:56.821 [Forwarding getElementTagName on session bb617855090722603f0199aec8d63644 to remote] DEBUG org.asynchttpclient.netty.request.NettyRequestSender - Using pooled Channel '[id: 0x9248f1a4, L:/127.0.0.1:14881 - R:localhost/127.0.0.1:17818]' for 'GET' to 'http://localhost:17818/session/bb617855090722603f0199aec8d63644/element/9256C07519030621744EAF30F8247F63_element_14/name'
16:14:56.821 [Forwarding getElementTagName on session bb617855090722603f0199aec8d63644 to remote] DEBUG org.asynchttpclient.netty.request.NettyRequestSender - Using open Channel [id: 0x9248f1a4, L:/127.0.0.1:14881 - R:localhost/127.0.0.1:17818] for GET '/session/bb617855090722603f0199aec8d63644/element/9256C07519030621744EAF30F8247F63_element_14/name'
16:14:56.826 [AsyncHttpClient-1-8] DEBUG org.asynchttpclient.netty.handler.HttpHandler - 

Request DefaultFullHttpRequest(decodeResult: success, version: HTTP/1.1, content: EmptyByteBufBE)
GET /session/bb617855090722603f0199aec8d63644/element/9256C07519030621744EAF30F8247F63_element_14/name HTTP/1.1
User-Agent: selenium/4.8.1 (java windows)
Cache-Control: no-cache
Content-Type: application/json; charset=utf-8
host: localhost:17818
accept: */*

Response DefaultHttpResponse(decodeResult: success, version: HTTP/1.1)
HTTP/1.1 200 OK
Content-Length: 18
Content-Type: application/json; charset=utf-8
cache-control: no-cache

16:14:56.827 [AsyncHttpClient-1-8] DEBUG org.asynchttpclient.netty.channel.ChannelManager - Adding key: http://localhost:17818 for channel [id: 0x9248f1a4, L:/127.0.0.1:14881 - R:localhost/127.0.0.1:17818]
16:14:56.828 [Forwarding getElementTagName on session bb617855090722603f0199aec8d63644 to remote] DEBUG org.asynchttpclient.netty.request.NettyRequestSender - Using pooled Channel '[id: 0x9248f1a4, L:/127.0.0.1:14881 - R:localhost/127.0.0.1:17818]' for 'GET' to 'http://localhost:17818/session/bb617855090722603f0199aec8d63644/element/9256C07519030621744EAF30F8247F63_element_14/name'
16:14:56.828 [Forwarding getElementTagName on session bb617855090722603f0199aec8d63644 to remote] DEBUG org.asynchttpclient.netty.request.NettyRequestSender - Using open Channel [id: 0x9248f1a4, L:/127.0.0.1:14881 - R:localhost/127.0.0.1:17818] for GET '/session/bb617855090722603f0199aec8d63644/element/9256C07519030621744EAF30F8247F63_element_14/name'
16:14:56.833 [AsyncHttpClient-1-8] DEBUG org.asynchttpclient.netty.handler.HttpHandler - 

Request DefaultFullHttpRequest(decodeResult: success, version: HTTP/1.1, content: EmptyByteBufBE)
GET /session/bb617855090722603f0199aec8d63644/element/9256C07519030621744EAF30F8247F63_element_14/name HTTP/1.1
User-Agent: selenium/4.8.1 (java windows)
Cache-Control: no-cache
Content-Type: application/json; charset=utf-8
host: localhost:17818
accept: */*

Response DefaultHttpResponse(decodeResult: success, version: HTTP/1.1)
HTTP/1.1 200 OK
Content-Length: 18
Content-Type: application/json; charset=utf-8
cache-control: no-cache

16:14:56.833 [AsyncHttpClient-1-8] DEBUG org.asynchttpclient.netty.channel.ChannelManager - Adding key: http://localhost:17818 for channel [id: 0x9248f1a4, L:/127.0.0.1:14881 - R:localhost/127.0.0.1:17818]
16:14:56.837 [Forwarding isElementEnabled on session bb617855090722603f0199aec8d63644 to remote] DEBUG org.asynchttpclient.netty.request.NettyRequestSender - Using pooled Channel '[id: 0x9248f1a4, L:/127.0.0.1:14881 - R:localhost/127.0.0.1:17818]' for 'GET' to 'http://localhost:17818/session/bb617855090722603f0199aec8d63644/element/9256C07519030621744EAF30F8247F63_element_14/enabled'
16:14:56.838 [Forwarding isElementEnabled on session bb617855090722603f0199aec8d63644 to remote] DEBUG org.asynchttpclient.netty.request.NettyRequestSender - Using open Channel [id: 0x9248f1a4, L:/127.0.0.1:14881 - R:localhost/127.0.0.1:17818] for GET '/session/bb617855090722603f0199aec8d63644/element/9256C07519030621744EAF30F8247F63_element_14/enabled'
16:14:56.844 [AsyncHttpClient-1-8] DEBUG org.asynchttpclient.netty.handler.HttpHandler - 

Request DefaultFullHttpRequest(decodeResult: success, version: HTTP/1.1, content: EmptyByteBufBE)
GET /session/bb617855090722603f0199aec8d63644/element/9256C07519030621744EAF30F8247F63_element_14/enabled HTTP/1.1
User-Agent: selenium/4.8.1 (java windows)
Cache-Control: no-cache
Content-Type: application/json; charset=utf-8
host: localhost:17818
accept: */*

Response DefaultHttpResponse(decodeResult: success, version: HTTP/1.1)
HTTP/1.1 200 OK
Content-Length: 14
Content-Type: application/json; charset=utf-8
cache-control: no-cache

16:14:56.844 [AsyncHttpClient-1-8] DEBUG org.asynchttpclient.netty.channel.ChannelManager - Adding key: http://localhost:17818 for channel [id: 0x9248f1a4, L:/127.0.0.1:14881 - R:localhost/127.0.0.1:17818]
16:14:56.846 [Forwarding isElementEnabled on session bb617855090722603f0199aec8d63644 to remote] DEBUG org.asynchttpclient.netty.request.NettyRequestSender - Using pooled Channel '[id: 0x9248f1a4, L:/127.0.0.1:14881 - R:localhost/127.0.0.1:17818]' for 'GET' to 'http://localhost:17818/session/bb617855090722603f0199aec8d63644/element/9256C07519030621744EAF30F8247F63_element_14/enabled'
16:14:56.846 [Forwarding isElementEnabled on session bb617855090722603f0199aec8d63644 to remote] DEBUG org.asynchttpclient.netty.request.NettyRequestSender - Using open Channel [id: 0x9248f1a4, L:/127.0.0.1:14881 - R:localhost/127.0.0.1:17818] for GET '/session/bb617855090722603f0199aec8d63644/element/9256C07519030621744EAF30F8247F63_element_14/enabled'
16:14:56.851 [AsyncHttpClient-1-8] DEBUG org.asynchttpclient.netty.handler.HttpHandler - 

Request DefaultFullHttpRequest(decodeResult: success, version: HTTP/1.1, content: EmptyByteBufBE)
GET /session/bb617855090722603f0199aec8d63644/element/9256C07519030621744EAF30F8247F63_element_14/enabled HTTP/1.1
User-Agent: selenium/4.8.1 (java windows)
Cache-Control: no-cache
Content-Type: application/json; charset=utf-8
host: localhost:17818
accept: */*

Response DefaultHttpResponse(decodeResult: success, version: HTTP/1.1)
HTTP/1.1 200 OK
Content-Length: 14
Content-Type: application/json; charset=utf-8
cache-control: no-cache

16:14:56.851 [AsyncHttpClient-1-8] DEBUG org.asynchttpclient.netty.channel.ChannelManager - Adding key: http://localhost:17818 for channel [id: 0x9248f1a4, L:/127.0.0.1:14881 - R:localhost/127.0.0.1:17818]
16:14:56.854 [Forwarding findElement on session bb617855090722603f0199aec8d63644 to remote] DEBUG org.asynchttpclient.netty.request.NettyRequestSender - Using pooled Channel '[id: 0x9248f1a4, L:/127.0.0.1:14881 - R:localhost/127.0.0.1:17818]' for 'POST' to 'http://localhost:17818/session/bb617855090722603f0199aec8d63644/element'
16:14:56.854 [Forwarding findElement on session bb617855090722603f0199aec8d63644 to remote] DEBUG org.asynchttpclient.netty.request.NettyRequestSender - Using open Channel [id: 0x9248f1a4, L:/127.0.0.1:14881 - R:localhost/127.0.0.1:17818] for POST '/session/bb617855090722603f0199aec8d63644/element'
16:14:56.861 [AsyncHttpClient-1-8] DEBUG org.asynchttpclient.netty.handler.HttpHandler - 

Request DefaultHttpRequest(decodeResult: success, version: HTTP/1.1)
POST /session/bb617855090722603f0199aec8d63644/element HTTP/1.1
User-Agent: selenium/4.8.1 (java windows)
Content-Length: 69
Content-Type: application/json; charset=utf-8
host: localhost:17818
accept: */*

Response DefaultHttpResponse(decodeResult: success, version: HTTP/1.1)
HTTP/1.1 200 OK
Content-Length: 95
Content-Type: application/json; charset=utf-8
cache-control: no-cache

16:14:56.862 [AsyncHttpClient-1-8] DEBUG org.asynchttpclient.netty.channel.ChannelManager - Adding key: http://localhost:17818 for channel [id: 0x9248f1a4, L:/127.0.0.1:14881 - R:localhost/127.0.0.1:17818]
16:14:56.863 [Forwarding clickElement on session bb617855090722603f0199aec8d63644 to remote] DEBUG org.asynchttpclient.netty.request.NettyRequestSender - Using pooled Channel '[id: 0x9248f1a4, L:/127.0.0.1:14881 - R:localhost/127.0.0.1:17818]' for 'POST' to 'http://localhost:17818/session/bb617855090722603f0199aec8d63644/element/9256C07519030621744EAF30F8247F63_element_14/click'
16:14:56.863 [Forwarding clickElement on session bb617855090722603f0199aec8d63644 to remote] DEBUG org.asynchttpclient.netty.request.NettyRequestSender - Using open Channel [id: 0x9248f1a4, L:/127.0.0.1:14881 - R:localhost/127.0.0.1:17818] for POST '/session/bb617855090722603f0199aec8d63644/element/9256C07519030621744EAF30F8247F63_element_14/click'
16:14:56.923 [AsyncHttpClient-1-8] DEBUG org.asynchttpclient.netty.handler.HttpHandler - 

Request DefaultHttpRequest(decodeResult: success, version: HTTP/1.1)
POST /session/bb617855090722603f0199aec8d63644/element/9256C07519030621744EAF30F8247F63_element_14/click HTTP/1.1
User-Agent: selenium/4.8.1 (java windows)
Content-Length: 57
Content-Type: application/json; charset=utf-8
host: localhost:17818
accept: */*

Response DefaultHttpResponse(decodeResult: success, version: HTTP/1.1)
HTTP/1.1 200 OK
Content-Length: 14
Content-Type: application/json; charset=utf-8
cache-control: no-cache

16:14:56.923 [AsyncHttpClient-1-8] DEBUG org.asynchttpclient.netty.channel.ChannelManager - Adding key: http://localhost:17818 for channel [id: 0x9248f1a4, L:/127.0.0.1:14881 - R:localhost/127.0.0.1:17818]
16:14:56.933 [Forwarding getAlertText on session bb617855090722603f0199aec8d63644 to remote] DEBUG org.asynchttpclient.netty.request.NettyRequestSender - Using pooled Channel '[id: 0x9248f1a4, L:/127.0.0.1:14881 - R:localhost/127.0.0.1:17818]' for 'GET' to 'http://localhost:17818/session/bb617855090722603f0199aec8d63644/alert/text'
16:14:56.933 [Forwarding getAlertText on session bb617855090722603f0199aec8d63644 to remote] DEBUG org.asynchttpclient.netty.request.NettyRequestSender - Using open Channel [id: 0x9248f1a4, L:/127.0.0.1:14881 - R:localhost/127.0.0.1:17818] for GET '/session/bb617855090722603f0199aec8d63644/alert/text'
16:14:56.935 [AsyncHttpClient-1-8] DEBUG org.asynchttpclient.netty.handler.HttpHandler - 

Request DefaultFullHttpRequest(decodeResult: success, version: HTTP/1.1, content: EmptyByteBufBE)
GET /session/bb617855090722603f0199aec8d63644/alert/text HTTP/1.1
User-Agent: selenium/4.8.1 (java windows)
Cache-Control: no-cache
Content-Type: application/json; charset=utf-8
host: localhost:17818
accept: */*

Response DefaultHttpResponse(decodeResult: success, version: HTTP/1.1)
HTTP/1.1 404 Not Found
Content-Length: 807
Content-Type: application/json; charset=utf-8
cache-control: no-cache

16:14:56.935 [AsyncHttpClient-1-8] DEBUG org.asynchttpclient.netty.channel.ChannelManager - Adding key: http://localhost:17818 for channel [id: 0x9248f1a4, L:/127.0.0.1:14881 - R:localhost/127.0.0.1:17818]
16:14:56.936 [Forwarding getCurrentUrl on session bb617855090722603f0199aec8d63644 to remote] DEBUG org.asynchttpclient.netty.request.NettyRequestSender - Using pooled Channel '[id: 0x9248f1a4, L:/127.0.0.1:14881 - R:localhost/127.0.0.1:17818]' for 'GET' to 'http://localhost:17818/session/bb617855090722603f0199aec8d63644/url'
16:14:56.936 [Forwarding getCurrentUrl on session bb617855090722603f0199aec8d63644 to remote] DEBUG org.asynchttpclient.netty.request.NettyRequestSender - Using open Channel [id: 0x9248f1a4, L:/127.0.0.1:14881 - R:localhost/127.0.0.1:17818] for GET '/session/bb617855090722603f0199aec8d63644/url'
16:14:56.939 [AsyncHttpClient-1-8] DEBUG org.asynchttpclient.netty.handler.HttpHandler - 

Request DefaultFullHttpRequest(decodeResult: success, version: HTTP/1.1, content: EmptyByteBufBE)
GET /session/bb617855090722603f0199aec8d63644/url HTTP/1.1
User-Agent: selenium/4.8.1 (java windows)
Cache-Control: no-cache
Content-Type: application/json; charset=utf-8
host: localhost:17818
accept: */*

Response DefaultHttpResponse(decodeResult: success, version: HTTP/1.1)
HTTP/1.1 200 OK
Content-Length: 64
Content-Type: application/json; charset=utf-8
cache-control: no-cache

16:14:56.940 [AsyncHttpClient-1-8] DEBUG org.asynchttpclient.netty.channel.ChannelManager - Adding key: http://localhost:17818 for channel [id: 0x9248f1a4, L:/127.0.0.1:14881 - R:localhost/127.0.0.1:17818]
16:14:56.941 [Forwarding screenshot on session bb617855090722603f0199aec8d63644 to remote] DEBUG org.asynchttpclient.netty.request.NettyRequestSender - Using pooled Channel '[id: 0x9248f1a4, L:/127.0.0.1:14881 - R:localhost/127.0.0.1:17818]' for 'GET' to 'http://localhost:17818/session/bb617855090722603f0199aec8d63644/screenshot'
16:14:56.942 [Forwarding screenshot on session bb617855090722603f0199aec8d63644 to remote] DEBUG org.asynchttpclient.netty.request.NettyRequestSender - Using open Channel [id: 0x9248f1a4, L:/127.0.0.1:14881 - R:localhost/127.0.0.1:17818] for GET '/session/bb617855090722603f0199aec8d63644/screenshot'
16:14:57.065 [AsyncHttpClient-1-8] DEBUG org.asynchttpclient.netty.handler.HttpHandler - 

Request DefaultFullHttpRequest(decodeResult: success, version: HTTP/1.1, content: EmptyByteBufBE)
GET /session/bb617855090722603f0199aec8d63644/screenshot HTTP/1.1
User-Agent: selenium/4.8.1 (java windows)
Cache-Control: no-cache
Content-Type: application/json; charset=utf-8
host: localhost:17818
accept: */*

Response DefaultHttpResponse(decodeResult: success, version: HTTP/1.1)
HTTP/1.1 200 OK
Content-Length: 124664
Content-Type: application/json; charset=utf-8
cache-control: no-cache

16:14:57.066 [AsyncHttpClient-1-8] DEBUG org.asynchttpclient.netty.channel.ChannelManager - Adding key: http://localhost:17818 for channel [id: 0x9248f1a4, L:/127.0.0.1:14881 - R:localhost/127.0.0.1:17818]
16:14:57.072 [main] DEBUG net.serenitybdd.core.photography.Darkroom - Send negative for processing for target\site\serenity\cfe47779a674b4273ad42709d7031df0a5a4b27b900a2d15654e25ea25e7b616.png
16:14:57.072 [main] DEBUG net.thucydides.core.steps.StepInterceptor - STEP DONE: clickSignInButtonnn
  &amp#27;[32mAnd &amp#27;[0m&amp#27;[32mI clickk sign inn&amp#27;[0m                                             &amp#27;[90m# Starter.Stepdefitions.CustomerDataSteps.clickSignInButtonnn()&amp#27;[0m
16:14:57.085 [Forwarding getPageSource on session bb617855090722603f0199aec8d63644 to remote] DEBUG org.asynchttpclient.netty.request.NettyRequestSender - Using pooled Channel '[id: 0x9248f1a4, L:/127.0.0.1:14881 - R:localhost/127.0.0.1:17818]' for 'POST' to 'http://localhost:17818/session/bb617855090722603f0199aec8d63644/execute/sync'
16:14:57.086 [Forwarding getPageSource on session bb617855090722603f0199aec8d63644 to remote] DEBUG org.asynchttpclient.netty.request.NettyRequestSender - Using open Channel [id: 0x9248f1a4, L:/127.0.0.1:14881 - R:localhost/127.0.0.1:17818] for POST '/session/bb617855090722603f0199aec8d63644/execute/sync'
16:14:57.090 [AsyncHttpClient-1-8] DEBUG org.asynchttpclient.netty.handler.HttpHandler - 

Request DefaultHttpRequest(decodeResult: success, version: HTTP/1.1)
POST /session/bb617855090722603f0199aec8d63644/execute/sync HTTP/1.1
User-Agent: selenium/4.8.1 (java windows)
Content-Length: 176
Content-Type: application/json; charset=utf-8
host: localhost:17818
accept: */*

Response DefaultHttpResponse(decodeResult: success, version: HTTP/1.1)
HTTP/1.1 200 OK
Content-Length: 6020
Content-Type: application/json; charset=utf-8
cache-control: no-cache

16:14:57.091 [AsyncHttpClient-1-8] DEBUG org.asynchttpclient.netty.channel.ChannelManager - Adding key: http://localhost:17818 for channel [id: 0x9248f1a4, L:/127.0.0.1:14881 - R:localhost/127.0.0.1:17818]
16:14:57.095 [Forwarding getCurrentUrl on session bb617855090722603f0199aec8d63644 to remote] DEBUG org.asynchttpclient.netty.request.NettyRequestSender - Using pooled Channel '[id: 0x9248f1a4, L:/127.0.0.1:14881 - R:localhost/127.0.0.1:17818]' for 'GET' to 'http://localhost:17818/session/bb617855090722603f0199aec8d63644/url'
16:14:57.095 [Forwarding getCurrentUrl on session bb617855090722603f0199aec8d63644 to remote] DEBUG org.asynchttpclient.netty.request.NettyRequestSender - Using open Channel [id: 0x9248f1a4, L:/127.0.0.1:14881 - R:localhost/127.0.0.1:17818] for GET '/session/bb617855090722603f0199aec8d63644/url'
16:14:57.100 [AsyncHttpClient-1-8] DEBUG org.asynchttpclient.netty.handler.HttpHandler - 

Request DefaultFullHttpRequest(decodeResult: success, version: HTTP/1.1, content: EmptyByteBufBE)
GET /session/bb617855090722603f0199aec8d63644/url HTTP/1.1
User-Agent: selenium/4.8.1 (java windows)
Cache-Control: no-cache
Content-Type: application/json; charset=utf-8
host: localhost:17818
accept: */*

Response DefaultHttpResponse(decodeResult: success, version: HTTP/1.1)
HTTP/1.1 200 OK
Content-Length: 64
Content-Type: application/json; charset=utf-8
cache-control: no-cache

16:14:57.101 [AsyncHttpClient-1-8] DEBUG org.asynchttpclient.netty.channel.ChannelManager - Adding key: http://localhost:17818 for channel [id: 0x9248f1a4, L:/127.0.0.1:14881 - R:localhost/127.0.0.1:17818]
16:14:57.113 [Forwarding getPageSource on session bb617855090722603f0199aec8d63644 to remote] DEBUG org.asynchttpclient.netty.request.NettyRequestSender - Using pooled Channel '[id: 0x9248f1a4, L:/127.0.0.1:14881 - R:localhost/127.0.0.1:17818]' for 'POST' to 'http://localhost:17818/session/bb617855090722603f0199aec8d63644/execute/sync'
16:14:57.113 [Forwarding getPageSource on session bb617855090722603f0199aec8d63644 to remote] DEBUG org.asynchttpclient.netty.request.NettyRequestSender - Using open Channel [id: 0x9248f1a4, L:/127.0.0.1:14881 - R:localhost/127.0.0.1:17818] for POST '/session/bb617855090722603f0199aec8d63644/execute/sync'
16:14:57.119 [AsyncHttpClient-1-8] DEBUG org.asynchttpclient.netty.handler.HttpHandler - 

Request DefaultHttpRequest(decodeResult: success, version: HTTP/1.1)
POST /session/bb617855090722603f0199aec8d63644/execute/sync HTTP/1.1
User-Agent: selenium/4.8.1 (java windows)
Content-Length: 176
Content-Type: application/json; charset=utf-8
host: localhost:17818
accept: */*

Response DefaultHttpResponse(decodeResult: success, version: HTTP/1.1)
HTTP/1.1 200 OK
Content-Length: 6020
Content-Type: application/json; charset=utf-8
cache-control: no-cache

16:14:57.119 [AsyncHttpClient-1-8] DEBUG org.asynchttpclient.netty.channel.ChannelManager - Adding key: http://localhost:17818 for channel [id: 0x9248f1a4, L:/127.0.0.1:14881 - R:localhost/127.0.0.1:17818]
16:14:57.121 [Forwarding getCurrentUrl on session bb617855090722603f0199aec8d63644 to remote] DEBUG org.asynchttpclient.netty.request.NettyRequestSender - Using pooled Channel '[id: 0x9248f1a4, L:/127.0.0.1:14881 - R:localhost/127.0.0.1:17818]' for 'GET' to 'http://localhost:17818/session/bb617855090722603f0199aec8d63644/url'
16:14:57.121 [Forwarding getCurrentUrl on session bb617855090722603f0199aec8d63644 to remote] DEBUG org.asynchttpclient.netty.request.NettyRequestSender - Using open Channel [id: 0x9248f1a4, L:/127.0.0.1:14881 - R:localhost/127.0.0.1:17818] for GET '/session/bb617855090722603f0199aec8d63644/url'
16:14:57.126 [AsyncHttpClient-1-8] DEBUG org.asynchttpclient.netty.handler.HttpHandler - 

Request DefaultFullHttpRequest(decodeResult: success, version: HTTP/1.1, content: EmptyByteBufBE)
GET /session/bb617855090722603f0199aec8d63644/url HTTP/1.1
User-Agent: selenium/4.8.1 (java windows)
Cache-Control: no-cache
Content-Type: application/json; charset=utf-8
host: localhost:17818
accept: */*

Response DefaultHttpResponse(decodeResult: success, version: HTTP/1.1)
HTTP/1.1 200 OK
Content-Length: 64
Content-Type: application/json; charset=utf-8
cache-control: no-cache

16:14:57.126 [AsyncHttpClient-1-8] DEBUG org.asynchttpclient.netty.channel.ChannelManager - Adding key: http://localhost:17818 for channel [id: 0x9248f1a4, L:/127.0.0.1:14881 - R:localhost/127.0.0.1:17818]
16:14:57.128 [main] DEBUG net.thucydides.core.steps.StepInterceptor - STARTING STEP: CustomerDataSteps.ClickCustomerData - ClickCustomerData
16:14:57.132 [Forwarding findElement on session bb617855090722603f0199aec8d63644 to remote] DEBUG org.asynchttpclient.netty.request.NettyRequestSender - Using pooled Channel '[id: 0x9248f1a4, L:/127.0.0.1:14881 - R:localhost/127.0.0.1:17818]' for 'POST' to 'http://localhost:17818/session/bb617855090722603f0199aec8d63644/element'
16:14:57.132 [Forwarding findElement on session bb617855090722603f0199aec8d63644 to remote] DEBUG org.asynchttpclient.netty.request.NettyRequestSender - Using open Channel [id: 0x9248f1a4, L:/127.0.0.1:14881 - R:localhost/127.0.0.1:17818] for POST '/session/bb617855090722603f0199aec8d63644/element'
16:14:57.144 [AsyncHttpClient-1-1] DEBUG org.asynchttpclient.netty.channel.DefaultChannelPool - Entry count for : http://localhost:14882 : 1
16:14:57.215 [AsyncHttpClient-1-8] DEBUG org.asynchttpclient.netty.handler.HttpHandler - 

Request DefaultHttpRequest(decodeResult: success, version: HTTP/1.1)
POST /session/bb617855090722603f0199aec8d63644/element HTTP/1.1
User-Agent: selenium/4.8.1 (java windows)
Content-Length: 86
Content-Type: application/json; charset=utf-8
host: localhost:17818
accept: */*

Response DefaultHttpResponse(decodeResult: success, version: HTTP/1.1)
HTTP/1.1 200 OK
Content-Length: 95
Content-Type: application/json; charset=utf-8
cache-control: no-cache

16:14:57.215 [AsyncHttpClient-1-8] DEBUG org.asynchttpclient.netty.channel.ChannelManager - Adding key: http://localhost:17818 for channel [id: 0x9248f1a4, L:/127.0.0.1:14881 - R:localhost/127.0.0.1:17818]
16:14:57.217 [Forwarding getElementTagName on session bb617855090722603f0199aec8d63644 to remote] DEBUG org.asynchttpclient.netty.request.NettyRequestSender - Using pooled Channel '[id: 0x9248f1a4, L:/127.0.0.1:14881 - R:localhost/127.0.0.1:17818]' for 'GET' to 'http://localhost:17818/session/bb617855090722603f0199aec8d63644/element/9256C07519030621744EAF30F8247F63_element_29/name'
16:14:57.217 [Forwarding getElementTagName on session bb617855090722603f0199aec8d63644 to remote] DEBUG org.asynchttpclient.netty.request.NettyRequestSender - Using open Channel [id: 0x9248f1a4, L:/127.0.0.1:14881 - R:localhost/127.0.0.1:17818] for GET '/session/bb617855090722603f0199aec8d63644/element/9256C07519030621744EAF30F8247F63_element_29/name'
16:14:57.223 [AsyncHttpClient-1-8] DEBUG org.asynchttpclient.netty.handler.HttpHandler - 

Request DefaultFullHttpRequest(decodeResult: success, version: HTTP/1.1, content: EmptyByteBufBE)
GET /session/bb617855090722603f0199aec8d63644/element/9256C07519030621744EAF30F8247F63_element_29/name HTTP/1.1
User-Agent: selenium/4.8.1 (java windows)
Cache-Control: no-cache
Content-Type: application/json; charset=utf-8
host: localhost:17818
accept: */*

Response DefaultHttpResponse(decodeResult: success, version: HTTP/1.1)
HTTP/1.1 200 OK
Content-Length: 13
Content-Type: application/json; charset=utf-8
cache-control: no-cache

16:14:57.224 [AsyncHttpClient-1-8] DEBUG org.asynchttpclient.netty.channel.ChannelManager - Adding key: http://localhost:17818 for channel [id: 0x9248f1a4, L:/127.0.0.1:14881 - R:localhost/127.0.0.1:17818]
16:14:57.225 [Forwarding getElementTagName on session bb617855090722603f0199aec8d63644 to remote] DEBUG org.asynchttpclient.netty.request.NettyRequestSender - Using pooled Channel '[id: 0x9248f1a4, L:/127.0.0.1:14881 - R:localhost/127.0.0.1:17818]' for 'GET' to 'http://localhost:17818/session/bb617855090722603f0199aec8d63644/element/9256C07519030621744EAF30F8247F63_element_29/name'
16:14:57.226 [Forwarding getElementTagName on session bb617855090722603f0199aec8d63644 to remote] DEBUG org.asynchttpclient.netty.request.NettyRequestSender - Using open Channel [id: 0x9248f1a4, L:/127.0.0.1:14881 - R:localhost/127.0.0.1:17818] for GET '/session/bb617855090722603f0199aec8d63644/element/9256C07519030621744EAF30F8247F63_element_29/name'
16:14:57.232 [AsyncHttpClient-1-8] DEBUG org.asynchttpclient.netty.handler.HttpHandler - 

Request DefaultFullHttpRequest(decodeResult: success, version: HTTP/1.1, content: EmptyByteBufBE)
GET /session/bb617855090722603f0199aec8d63644/element/9256C07519030621744EAF30F8247F63_element_29/name HTTP/1.1
User-Agent: selenium/4.8.1 (java windows)
Cache-Control: no-cache
Content-Type: application/json; charset=utf-8
host: localhost:17818
accept: */*

Response DefaultHttpResponse(decodeResult: success, version: HTTP/1.1)
HTTP/1.1 200 OK
Content-Length: 13
Content-Type: application/json; charset=utf-8
cache-control: no-cache

16:14:57.233 [AsyncHttpClient-1-8] DEBUG org.asynchttpclient.netty.channel.ChannelManager - Adding key: http://localhost:17818 for channel [id: 0x9248f1a4, L:/127.0.0.1:14881 - R:localhost/127.0.0.1:17818]
16:14:57.236 [Forwarding findElement on session bb617855090722603f0199aec8d63644 to remote] DEBUG org.asynchttpclient.netty.request.NettyRequestSender - Using pooled Channel '[id: 0x9248f1a4, L:/127.0.0.1:14881 - R:localhost/127.0.0.1:17818]' for 'POST' to 'http://localhost:17818/session/bb617855090722603f0199aec8d63644/element'
16:14:57.236 [Forwarding findElement on session bb617855090722603f0199aec8d63644 to remote] DEBUG org.asynchttpclient.netty.request.NettyRequestSender - Using open Channel [id: 0x9248f1a4, L:/127.0.0.1:14881 - R:localhost/127.0.0.1:17818] for POST '/session/bb617855090722603f0199aec8d63644/element'
16:14:57.243 [AsyncHttpClient-1-8] DEBUG org.asynchttpclient.netty.handler.HttpHandler - 

Request DefaultHttpRequest(decodeResult: success, version: HTTP/1.1)
POST /session/bb617855090722603f0199aec8d63644/element HTTP/1.1
User-Agent: selenium/4.8.1 (java windows)
Content-Length: 86
Content-Type: application/json; charset=utf-8
host: localhost:17818
accept: */*

Response DefaultHttpResponse(decodeResult: success, version: HTTP/1.1)
HTTP/1.1 200 OK
Content-Length: 95
Content-Type: application/json; charset=utf-8
cache-control: no-cache

16:14:57.243 [AsyncHttpClient-1-8] DEBUG org.asynchttpclient.netty.channel.ChannelManager - Adding key: http://localhost:17818 for channel [id: 0x9248f1a4, L:/127.0.0.1:14881 - R:localhost/127.0.0.1:17818]
16:14:57.244 [Forwarding clickElement on session bb617855090722603f0199aec8d63644 to remote] DEBUG org.asynchttpclient.netty.request.NettyRequestSender - Using pooled Channel '[id: 0x9248f1a4, L:/127.0.0.1:14881 - R:localhost/127.0.0.1:17818]' for 'POST' to 'http://localhost:17818/session/bb617855090722603f0199aec8d63644/element/9256C07519030621744EAF30F8247F63_element_29/click'
16:14:57.244 [Forwarding clickElement on session bb617855090722603f0199aec8d63644 to remote] DEBUG org.asynchttpclient.netty.request.NettyRequestSender - Using open Channel [id: 0x9248f1a4, L:/127.0.0.1:14881 - R:localhost/127.0.0.1:17818] for POST '/session/bb617855090722603f0199aec8d63644/element/9256C07519030621744EAF30F8247F63_element_29/click'
16:14:57.361 [AsyncHttpClient-1-8] DEBUG org.asynchttpclient.netty.handler.HttpHandler - 

Request DefaultHttpRequest(decodeResult: success, version: HTTP/1.1)
POST /session/bb617855090722603f0199aec8d63644/element/9256C07519030621744EAF30F8247F63_element_29/click HTTP/1.1
User-Agent: selenium/4.8.1 (java windows)
Content-Length: 57
Content-Type: application/json; charset=utf-8
host: localhost:17818
accept: */*

Response DefaultHttpResponse(decodeResult: success, version: HTTP/1.1)
HTTP/1.1 200 OK
Content-Length: 14
Content-Type: application/json; charset=utf-8
cache-control: no-cache

16:14:57.362 [AsyncHttpClient-1-8] DEBUG org.asynchttpclient.netty.channel.ChannelManager - Adding key: http://localhost:17818 for channel [id: 0x9248f1a4, L:/127.0.0.1:14881 - R:localhost/127.0.0.1:17818]
16:14:57.375 [Forwarding getAlertText on session bb617855090722603f0199aec8d63644 to remote] DEBUG org.asynchttpclient.netty.request.NettyRequestSender - Using pooled Channel '[id: 0x9248f1a4, L:/127.0.0.1:14881 - R:localhost/127.0.0.1:17818]' for 'GET' to 'http://localhost:17818/session/bb617855090722603f0199aec8d63644/alert/text'
16:14:57.375 [Forwarding getAlertText on session bb617855090722603f0199aec8d63644 to remote] DEBUG org.asynchttpclient.netty.request.NettyRequestSender - Using open Channel [id: 0x9248f1a4, L:/127.0.0.1:14881 - R:localhost/127.0.0.1:17818] for GET '/session/bb617855090722603f0199aec8d63644/alert/text'
16:14:57.377 [AsyncHttpClient-1-8] DEBUG org.asynchttpclient.netty.handler.HttpHandler - 

Request DefaultFullHttpRequest(decodeResult: success, version: HTTP/1.1, content: EmptyByteBufBE)
GET /session/bb617855090722603f0199aec8d63644/alert/text HTTP/1.1
User-Agent: selenium/4.8.1 (java windows)
Cache-Control: no-cache
Content-Type: application/json; charset=utf-8
host: localhost:17818
accept: */*

Response DefaultHttpResponse(decodeResult: success, version: HTTP/1.1)
HTTP/1.1 404 Not Found
Content-Length: 807
Content-Type: application/json; charset=utf-8
cache-control: no-cache

16:14:57.378 [AsyncHttpClient-1-8] DEBUG org.asynchttpclient.netty.channel.ChannelManager - Adding key: http://localhost:17818 for channel [id: 0x9248f1a4, L:/127.0.0.1:14881 - R:localhost/127.0.0.1:17818]
16:14:57.379 [Forwarding getCurrentUrl on session bb617855090722603f0199aec8d63644 to remote] DEBUG org.asynchttpclient.netty.request.NettyRequestSender - Using pooled Channel '[id: 0x9248f1a4, L:/127.0.0.1:14881 - R:localhost/127.0.0.1:17818]' for 'GET' to 'http://localhost:17818/session/bb617855090722603f0199aec8d63644/url'
16:14:57.379 [Forwarding getCurrentUrl on session bb617855090722603f0199aec8d63644 to remote] DEBUG org.asynchttpclient.netty.request.NettyRequestSender - Using open Channel [id: 0x9248f1a4, L:/127.0.0.1:14881 - R:localhost/127.0.0.1:17818] for GET '/session/bb617855090722603f0199aec8d63644/url'
16:14:57.385 [AsyncHttpClient-1-8] DEBUG org.asynchttpclient.netty.handler.HttpHandler - 

Request DefaultFullHttpRequest(decodeResult: success, version: HTTP/1.1, content: EmptyByteBufBE)
GET /session/bb617855090722603f0199aec8d63644/url HTTP/1.1
User-Agent: selenium/4.8.1 (java windows)
Cache-Control: no-cache
Content-Type: application/json; charset=utf-8
host: localhost:17818
accept: */*

Response DefaultHttpResponse(decodeResult: success, version: HTTP/1.1)
HTTP/1.1 200 OK
Content-Length: 67
Content-Type: application/json; charset=utf-8
cache-control: no-cache

16:14:57.385 [AsyncHttpClient-1-8] DEBUG org.asynchttpclient.netty.channel.ChannelManager - Adding key: http://localhost:17818 for channel [id: 0x9248f1a4, L:/127.0.0.1:14881 - R:localhost/127.0.0.1:17818]
16:14:57.386 [Forwarding screenshot on session bb617855090722603f0199aec8d63644 to remote] DEBUG org.asynchttpclient.netty.request.NettyRequestSender - Using pooled Channel '[id: 0x9248f1a4, L:/127.0.0.1:14881 - R:localhost/127.0.0.1:17818]' for 'GET' to 'http://localhost:17818/session/bb617855090722603f0199aec8d63644/screenshot'
16:14:57.386 [Forwarding screenshot on session bb617855090722603f0199aec8d63644 to remote] DEBUG org.asynchttpclient.netty.request.NettyRequestSender - Using open Channel [id: 0x9248f1a4, L:/127.0.0.1:14881 - R:localhost/127.0.0.1:17818] for GET '/session/bb617855090722603f0199aec8d63644/screenshot'
16:14:57.541 [AsyncHttpClient-1-8] DEBUG org.asynchttpclient.netty.handler.HttpHandler - 

Request DefaultFullHttpRequest(decodeResult: success, version: HTTP/1.1, content: EmptyByteBufBE)
GET /session/bb617855090722603f0199aec8d63644/screenshot HTTP/1.1
User-Agent: selenium/4.8.1 (java windows)
Cache-Control: no-cache
Content-Type: application/json; charset=utf-8
host: localhost:17818
accept: */*

Response DefaultHttpResponse(decodeResult: success, version: HTTP/1.1)
HTTP/1.1 200 OK
Content-Length: 49052
Content-Type: application/json; charset=utf-8
cache-control: no-cache

16:14:57.542 [AsyncHttpClient-1-8] DEBUG org.asynchttpclient.netty.channel.ChannelManager - Adding key: http://localhost:17818 for channel [id: 0x9248f1a4, L:/127.0.0.1:14881 - R:localhost/127.0.0.1:17818]
16:14:57.544 [main] DEBUG net.serenitybdd.core.photography.Darkroom - Send negative for processing for target\site\serenity\48c49ff3c581033488fea6297269f3172600f1a174900634e8304eb64bb6eeee.png
16:14:57.545 [main] DEBUG net.thucydides.core.steps.StepInterceptor - STEP DONE: ClickCustomerData
16:14:57.545 [Darkroom Processing Line] DEBUG net.serenitybdd.core.photography.DarkroomProcessingLine - Processing screenshot image in /var/screenshots/screenshot-8778889092037258227
16:14:57.545 [Darkroom Processing Line] DEBUG net.serenitybdd.core.photography.DarkroomProcessingLine - Saving screenshot to target\site\serenity\48c49ff3c581033488fea6297269f3172600f1a174900634e8304eb64bb6eeee.png
  &amp#27;[32mAnd &amp#27;[0m&amp#27;[32mI click customer data&amp#27;[0m                                         &amp#27;[90m# Starter.Stepdefitions.CustomerDataSteps.ClickCustomerData()&amp#27;[0m
16:14:57.556 [Forwarding getPageSource on session bb617855090722603f0199aec8d63644 to remote] DEBUG org.asynchttpclient.netty.request.NettyRequestSender - Using pooled Channel '[id: 0x9248f1a4, L:/127.0.0.1:14881 - R:localhost/127.0.0.1:17818]' for 'POST' to 'http://localhost:17818/session/bb617855090722603f0199aec8d63644/execute/sync'
16:14:57.556 [Forwarding getPageSource on session bb617855090722603f0199aec8d63644 to remote] DEBUG org.asynchttpclient.netty.request.NettyRequestSender - Using open Channel [id: 0x9248f1a4, L:/127.0.0.1:14881 - R:localhost/127.0.0.1:17818] for POST '/session/bb617855090722603f0199aec8d63644/execute/sync'
16:14:57.561 [AsyncHttpClient-1-8] DEBUG org.asynchttpclient.netty.handler.HttpHandler - 

Request DefaultHttpRequest(decodeResult: success, version: HTTP/1.1)
POST /session/bb617855090722603f0199aec8d63644/execute/sync HTTP/1.1
User-Agent: selenium/4.8.1 (java windows)
Content-Length: 176
Content-Type: application/json; charset=utf-8
host: localhost:17818
accept: */*

Response DefaultHttpResponse(decodeResult: success, version: HTTP/1.1)
HTTP/1.1 200 OK
Content-Length: 9161
Content-Type: application/json; charset=utf-8
cache-control: no-cache

16:14:57.562 [AsyncHttpClient-1-8] DEBUG org.asynchttpclient.netty.channel.ChannelManager - Adding key: http://localhost:17818 for channel [id: 0x9248f1a4, L:/127.0.0.1:14881 - R:localhost/127.0.0.1:17818]
16:14:57.564 [Forwarding getCurrentUrl on session bb617855090722603f0199aec8d63644 to remote] DEBUG org.asynchttpclient.netty.request.NettyRequestSender - Using pooled Channel '[id: 0x9248f1a4, L:/127.0.0.1:14881 - R:localhost/127.0.0.1:17818]' for 'GET' to 'http://localhost:17818/session/bb617855090722603f0199aec8d63644/url'
16:14:57.564 [Forwarding getCurrentUrl on session bb617855090722603f0199aec8d63644 to remote] DEBUG org.asynchttpclient.netty.request.NettyRequestSender - Using open Channel [id: 0x9248f1a4, L:/127.0.0.1:14881 - R:localhost/127.0.0.1:17818] for GET '/session/bb617855090722603f0199aec8d63644/url'
16:14:57.568 [AsyncHttpClient-1-8] DEBUG org.asynchttpclient.netty.handler.HttpHandler - 

Request DefaultFullHttpRequest(decodeResult: success, version: HTTP/1.1, content: EmptyByteBufBE)
GET /session/bb617855090722603f0199aec8d63644/url HTTP/1.1
User-Agent: selenium/4.8.1 (java windows)
Cache-Control: no-cache
Content-Type: application/json; charset=utf-8
host: localhost:17818
accept: */*

Response DefaultHttpResponse(decodeResult: success, version: HTTP/1.1)
HTTP/1.1 200 OK
Content-Length: 67
Content-Type: application/json; charset=utf-8
cache-control: no-cache

16:14:57.568 [AsyncHttpClient-1-8] DEBUG org.asynchttpclient.netty.channel.ChannelManager - Adding key: http://localhost:17818 for channel [id: 0x9248f1a4, L:/127.0.0.1:14881 - R:localhost/127.0.0.1:17818]
16:14:57.578 [Forwarding getPageSource on session bb617855090722603f0199aec8d63644 to remote] DEBUG org.asynchttpclient.netty.request.NettyRequestSender - Using pooled Channel '[id: 0x9248f1a4, L:/127.0.0.1:14881 - R:localhost/127.0.0.1:17818]' for 'POST' to 'http://localhost:17818/session/bb617855090722603f0199aec8d63644/execute/sync'
16:14:57.578 [Forwarding getPageSource on session bb617855090722603f0199aec8d63644 to remote] DEBUG org.asynchttpclient.netty.request.NettyRequestSender - Using open Channel [id: 0x9248f1a4, L:/127.0.0.1:14881 - R:localhost/127.0.0.1:17818] for POST '/session/bb617855090722603f0199aec8d63644/execute/sync'
16:14:57.584 [AsyncHttpClient-1-8] DEBUG org.asynchttpclient.netty.handler.HttpHandler - 

Request DefaultHttpRequest(decodeResult: success, version: HTTP/1.1)
POST /session/bb617855090722603f0199aec8d63644/execute/sync HTTP/1.1
User-Agent: selenium/4.8.1 (java windows)
Content-Length: 176
Content-Type: application/json; charset=utf-8
host: localhost:17818
accept: */*

Response DefaultHttpResponse(decodeResult: success, version: HTTP/1.1)
HTTP/1.1 200 OK
Content-Length: 9161
Content-Type: application/json; charset=utf-8
cache-control: no-cache

16:14:57.584 [AsyncHttpClient-1-8] DEBUG org.asynchttpclient.netty.channel.ChannelManager - Adding key: http://localhost:17818 for channel [id: 0x9248f1a4, L:/127.0.0.1:14881 - R:localhost/127.0.0.1:17818]
16:14:57.588 [Forwarding getCurrentUrl on session bb617855090722603f0199aec8d63644 to remote] DEBUG org.asynchttpclient.netty.request.NettyRequestSender - Using pooled Channel '[id: 0x9248f1a4, L:/127.0.0.1:14881 - R:localhost/127.0.0.1:17818]' for 'GET' to 'http://localhost:17818/session/bb617855090722603f0199aec8d63644/url'
16:14:57.588 [Forwarding getCurrentUrl on session bb617855090722603f0199aec8d63644 to remote] DEBUG org.asynchttpclient.netty.request.NettyRequestSender - Using open Channel [id: 0x9248f1a4, L:/127.0.0.1:14881 - R:localhost/127.0.0.1:17818] for GET '/session/bb617855090722603f0199aec8d63644/url'
16:14:57.592 [AsyncHttpClient-1-8] DEBUG org.asynchttpclient.netty.handler.HttpHandler - 

Request DefaultFullHttpRequest(decodeResult: success, version: HTTP/1.1, content: EmptyByteBufBE)
GET /session/bb617855090722603f0199aec8d63644/url HTTP/1.1
User-Agent: selenium/4.8.1 (java windows)
Cache-Control: no-cache
Content-Type: application/json; charset=utf-8
host: localhost:17818
accept: */*

Response DefaultHttpResponse(decodeResult: success, version: HTTP/1.1)
HTTP/1.1 200 OK
Content-Length: 67
Content-Type: application/json; charset=utf-8
cache-control: no-cache

16:14:57.593 [AsyncHttpClient-1-8] DEBUG org.asynchttpclient.netty.channel.ChannelManager - Adding key: http://localhost:17818 for channel [id: 0x9248f1a4, L:/127.0.0.1:14881 - R:localhost/127.0.0.1:17818]
16:14:57.595 [main] DEBUG net.thucydides.core.steps.StepInterceptor - STARTING STEP: CustomerDataSteps.ClickSearchCustomer - ClickSearchCustomer
16:14:57.597 [Forwarding findElement on session bb617855090722603f0199aec8d63644 to remote] DEBUG org.asynchttpclient.netty.request.NettyRequestSender - Using pooled Channel '[id: 0x9248f1a4, L:/127.0.0.1:14881 - R:localhost/127.0.0.1:17818]' for 'POST' to 'http://localhost:17818/session/bb617855090722603f0199aec8d63644/element'
16:14:57.597 [Forwarding findElement on session bb617855090722603f0199aec8d63644 to remote] DEBUG org.asynchttpclient.netty.request.NettyRequestSender - Using open Channel [id: 0x9248f1a4, L:/127.0.0.1:14881 - R:localhost/127.0.0.1:17818] for POST '/session/bb617855090722603f0199aec8d63644/element'
16:14:57.611 [AsyncHttpClient-1-8] DEBUG org.asynchttpclient.netty.handler.HttpHandler - 

Request DefaultHttpRequest(decodeResult: success, version: HTTP/1.1)
POST /session/bb617855090722603f0199aec8d63644/element HTTP/1.1
User-Agent: selenium/4.8.1 (java windows)
Content-Length: 81
Content-Type: application/json; charset=utf-8
host: localhost:17818
accept: */*

Response DefaultHttpResponse(decodeResult: success, version: HTTP/1.1)
HTTP/1.1 200 OK
Content-Length: 95
Content-Type: application/json; charset=utf-8
cache-control: no-cache

16:14:57.611 [AsyncHttpClient-1-8] DEBUG org.asynchttpclient.netty.channel.ChannelManager - Adding key: http://localhost:17818 for channel [id: 0x9248f1a4, L:/127.0.0.1:14881 - R:localhost/127.0.0.1:17818]
16:14:57.612 [Forwarding clearElement on session bb617855090722603f0199aec8d63644 to remote] DEBUG org.asynchttpclient.netty.request.NettyRequestSender - Using pooled Channel '[id: 0x9248f1a4, L:/127.0.0.1:14881 - R:localhost/127.0.0.1:17818]' for 'POST' to 'http://localhost:17818/session/bb617855090722603f0199aec8d63644/element/9256C07519030621744EAF30F8247F63_element_30/clear'
16:14:57.612 [Forwarding clearElement on session bb617855090722603f0199aec8d63644 to remote] DEBUG org.asynchttpclient.netty.request.NettyRequestSender - Using open Channel [id: 0x9248f1a4, L:/127.0.0.1:14881 - R:localhost/127.0.0.1:17818] for POST '/session/bb617855090722603f0199aec8d63644/element/9256C07519030621744EAF30F8247F63_element_30/clear'
16:14:57.635 [AsyncHttpClient-1-8] DEBUG org.asynchttpclient.netty.handler.HttpHandler - 

Request DefaultHttpRequest(decodeResult: success, version: HTTP/1.1)
POST /session/bb617855090722603f0199aec8d63644/element/9256C07519030621744EAF30F8247F63_element_30/clear HTTP/1.1
User-Agent: selenium/4.8.1 (java windows)
Content-Length: 57
Content-Type: application/json; charset=utf-8
host: localhost:17818
accept: */*

Response DefaultHttpResponse(decodeResult: success, version: HTTP/1.1)
HTTP/1.1 200 OK
Content-Length: 14
Content-Type: application/json; charset=utf-8
cache-control: no-cache

16:14:57.635 [AsyncHttpClient-1-8] DEBUG org.asynchttpclient.netty.channel.ChannelManager - Adding key: http://localhost:17818 for channel [id: 0x9248f1a4, L:/127.0.0.1:14881 - R:localhost/127.0.0.1:17818]
16:14:57.637 [Forwarding sendKeysToElement on session bb617855090722603f0199aec8d63644 to remote] DEBUG org.asynchttpclient.netty.request.NettyRequestSender - Using pooled Channel '[id: 0x9248f1a4, L:/127.0.0.1:14881 - R:localhost/127.0.0.1:17818]' for 'POST' to 'http://localhost:17818/session/bb617855090722603f0199aec8d63644/element/9256C07519030621744EAF30F8247F63_element_30/value'
16:14:57.637 [Forwarding sendKeysToElement on session bb617855090722603f0199aec8d63644 to remote] DEBUG org.asynchttpclient.netty.request.NettyRequestSender - Using open Channel [id: 0x9248f1a4, L:/127.0.0.1:14881 - R:localhost/127.0.0.1:17818] for POST '/session/bb617855090722603f0199aec8d63644/element/9256C07519030621744EAF30F8247F63_element_30/value'
16:14:58.244 [AsyncHttpClient-1-1] DEBUG org.asynchttpclient.netty.channel.DefaultChannelPool - Entry count for : http://localhost:14882 : 1
16:14:58.769 [AsyncHttpClient-1-8] DEBUG org.asynchttpclient.netty.handler.HttpHandler - 

Request DefaultHttpRequest(decodeResult: success, version: HTTP/1.1)
POST /session/bb617855090722603f0199aec8d63644/element/9256C07519030621744EAF30F8247F63_element_30/value HTTP/1.1
User-Agent: selenium/4.8.1 (java windows)
Content-Length: 168
Content-Type: application/json; charset=utf-8
host: localhost:17818
accept: */*

Response DefaultHttpResponse(decodeResult: success, version: HTTP/1.1)
HTTP/1.1 200 OK
Content-Length: 14
Content-Type: application/json; charset=utf-8
cache-control: no-cache

16:14:58.769 [AsyncHttpClient-1-8] DEBUG org.asynchttpclient.netty.channel.ChannelManager - Adding key: http://localhost:17818 for channel [id: 0x9248f1a4, L:/127.0.0.1:14881 - R:localhost/127.0.0.1:17818]
16:14:58.785 [Forwarding getAlertText on session bb617855090722603f0199aec8d63644 to remote] DEBUG org.asynchttpclient.netty.request.NettyRequestSender - Using pooled Channel '[id: 0x9248f1a4, L:/127.0.0.1:14881 - R:localhost/127.0.0.1:17818]' for 'GET' to 'http://localhost:17818/session/bb617855090722603f0199aec8d63644/alert/text'
16:14:58.785 [Forwarding getAlertText on session bb617855090722603f0199aec8d63644 to remote] DEBUG org.asynchttpclient.netty.request.NettyRequestSender - Using open Channel [id: 0x9248f1a4, L:/127.0.0.1:14881 - R:localhost/127.0.0.1:17818] for GET '/session/bb617855090722603f0199aec8d63644/alert/text'
16:14:58.786 [AsyncHttpClient-1-8] DEBUG org.asynchttpclient.netty.handler.HttpHandler - 

Request DefaultFullHttpRequest(decodeResult: success, version: HTTP/1.1, content: EmptyByteBufBE)
GET /session/bb617855090722603f0199aec8d63644/alert/text HTTP/1.1
User-Agent: selenium/4.8.1 (java windows)
Cache-Control: no-cache
Content-Type: application/json; charset=utf-8
host: localhost:17818
accept: */*

Response DefaultHttpResponse(decodeResult: success, version: HTTP/1.1)
HTTP/1.1 404 Not Found
Content-Length: 807
Content-Type: application/json; charset=utf-8
cache-control: no-cache

16:14:58.787 [AsyncHttpClient-1-8] DEBUG org.asynchttpclient.netty.channel.ChannelManager - Adding key: http://localhost:17818 for channel [id: 0x9248f1a4, L:/127.0.0.1:14881 - R:localhost/127.0.0.1:17818]
16:14:58.787 [Forwarding getCurrentUrl on session bb617855090722603f0199aec8d63644 to remote] DEBUG org.asynchttpclient.netty.request.NettyRequestSender - Using pooled Channel '[id: 0x9248f1a4, L:/127.0.0.1:14881 - R:localhost/127.0.0.1:17818]' for 'GET' to 'http://localhost:17818/session/bb617855090722603f0199aec8d63644/url'
16:14:58.787 [Forwarding getCurrentUrl on session bb617855090722603f0199aec8d63644 to remote] DEBUG org.asynchttpclient.netty.request.NettyRequestSender - Using open Channel [id: 0x9248f1a4, L:/127.0.0.1:14881 - R:localhost/127.0.0.1:17818] for GET '/session/bb617855090722603f0199aec8d63644/url'
16:14:58.791 [AsyncHttpClient-1-8] DEBUG org.asynchttpclient.netty.handler.HttpHandler - 

Request DefaultFullHttpRequest(decodeResult: success, version: HTTP/1.1, content: EmptyByteBufBE)
GET /session/bb617855090722603f0199aec8d63644/url HTTP/1.1
User-Agent: selenium/4.8.1 (java windows)
Cache-Control: no-cache
Content-Type: application/json; charset=utf-8
host: localhost:17818
accept: */*

Response DefaultHttpResponse(decodeResult: success, version: HTTP/1.1)
HTTP/1.1 200 OK
Content-Length: 67
Content-Type: application/json; charset=utf-8
cache-control: no-cache

16:14:58.792 [AsyncHttpClient-1-8] DEBUG org.asynchttpclient.netty.channel.ChannelManager - Adding key: http://localhost:17818 for channel [id: 0x9248f1a4, L:/127.0.0.1:14881 - R:localhost/127.0.0.1:17818]
16:14:58.794 [Forwarding screenshot on session bb617855090722603f0199aec8d63644 to remote] DEBUG org.asynchttpclient.netty.request.NettyRequestSender - Using pooled Channel '[id: 0x9248f1a4, L:/127.0.0.1:14881 - R:localhost/127.0.0.1:17818]' for 'GET' to 'http://localhost:17818/session/bb617855090722603f0199aec8d63644/screenshot'
16:14:58.794 [Forwarding screenshot on session bb617855090722603f0199aec8d63644 to remote] DEBUG org.asynchttpclient.netty.request.NettyRequestSender - Using open Channel [id: 0x9248f1a4, L:/127.0.0.1:14881 - R:localhost/127.0.0.1:17818] for GET '/session/bb617855090722603f0199aec8d63644/screenshot'
16:14:58.977 [AsyncHttpClient-1-8] DEBUG org.asynchttpclient.netty.handler.HttpHandler - 

Request DefaultFullHttpRequest(decodeResult: success, version: HTTP/1.1, content: EmptyByteBufBE)
GET /session/bb617855090722603f0199aec8d63644/screenshot HTTP/1.1
User-Agent: selenium/4.8.1 (java windows)
Cache-Control: no-cache
Content-Type: application/json; charset=utf-8
host: localhost:17818
accept: */*

Response DefaultHttpResponse(decodeResult: success, version: HTTP/1.1)
HTTP/1.1 200 OK
Content-Length: 122584
Content-Type: application/json; charset=utf-8
cache-control: no-cache

16:14:58.978 [AsyncHttpClient-1-8] DEBUG org.asynchttpclient.netty.channel.ChannelManager - Adding key: http://localhost:17818 for channel [id: 0x9248f1a4, L:/127.0.0.1:14881 - R:localhost/127.0.0.1:17818]
16:14:58.985 [main] DEBUG net.serenitybdd.core.photography.Darkroom - Send negative for processing for target\site\serenity\3cab217749314966bc2f97f65702148adcf80c30981e5120384be1f82746ad67.png
16:14:58.985 [main] DEBUG net.thucydides.core.steps.StepInterceptor - STEP DONE: ClickSearchCustomer
16:14:58.985 [Darkroom Processing Line] DEBUG net.serenitybdd.core.photography.DarkroomProcessingLine - Processing screenshot image in /var/screenshots/screenshot-9064730264925150387
16:14:58.985 [Darkroom Processing Line] DEBUG net.serenitybdd.core.photography.DarkroomProcessingLine - Saving screenshot to target\site\serenity\3cab217749314966bc2f97f65702148adcf80c30981e5120384be1f82746ad67.png
  &amp#27;[32mThen &amp#27;[0m&amp#27;[32mI click search customer&amp#27;[0m                                      &amp#27;[90m# Starter.Stepdefitions.CustomerDataSteps.ClickSearchCustomer()&amp#27;[0m
16:14:58.991 [main] INFO  - 
  _____   ___   ___   _____     ___     _     ___   ___   ___   ___  
 |_   _| | __| / __| |_   _|   | _ \   /_\   / __| / __| | __| |   \ 
   | |   | _|  \__ \   | |     |  _/  / _ \  \__ \ \__ \ | _|  | |) |
   |_|   |___| |___/   |_|     |_|   /_/ \_\ |___/ |___/ |___| |___/ 

As a user, I have successfully searched the customer data
----------------------------------------------------------------------
16:14:58.992 [AsyncHttpClient-1-2] DEBUG org.asynchttpclient.netty.handler.WebSocketHandler - Channel Closed: [id: 0xa3bd6aaa, L:/127.0.0.1:14889 ! R:localhost/127.0.0.1:14882] with attribute NettyResponseFuture{currentRetry=0,
	isDone=1,
	isCancelled=0,
	asyncHandler=org.asynchttpclient.ws.WebSocketUpgradeHandler@af8a3f,
	nettyRequest=org.asynchttpclient.netty.request.NettyRequest@1d816c4,
	future=java.util.concurrent.CompletableFuture@3374b6[Completed normally],
	uri=ws://localhost:14882/devtools/browser/e05112d7-fc25-44e9-963a-d028103ca421,
	keepAlive=true,
	redirectCount=0,
	timeoutsHolder=null,
	inAuth=0,
	touch=1687684488935}
16:14:58.992 [AsyncHttpClient-1-2] DEBUG org.asynchttpclient.netty.channel.ChannelManager - Closing Channel [id: 0xa3bd6aaa, L:/127.0.0.1:14889 ! R:localhost/127.0.0.1:14882] 
16:14:58.992 [Driver Command Executor] DEBUG org.asynchttpclient.netty.request.NettyRequestSender - Using pooled Channel '[id: 0x9248f1a4, L:/127.0.0.1:14881 - R:localhost/127.0.0.1:17818]' for 'DELETE' to 'http://localhost:17818/session/bb617855090722603f0199aec8d63644'
16:14:58.993 [Driver Command Executor] DEBUG org.asynchttpclient.netty.request.NettyRequestSender - Using open Channel [id: 0x9248f1a4, L:/127.0.0.1:14881 - R:localhost/127.0.0.1:17818] for DELETE '/session/bb617855090722603f0199aec8d63644'
16:14:59.344 [AsyncHttpClient-1-1] DEBUG org.asynchttpclient.netty.channel.DefaultChannelPool - Entry count for : http://localhost:14882 : 1
16:15:00.443 [AsyncHttpClient-1-1] DEBUG org.asynchttpclient.netty.channel.DefaultChannelPool - Entry count for : http://localhost:14882 : 1
16:15:00.604 [AsyncHttpClient-1-9] DEBUG org.asynchttpclient.netty.handler.HttpHandler - Unexpected I/O exception on channel [id: 0x2eeba165, L:/127.0.0.1:14888 - R:localhost/127.0.0.1:14882]
java.io.IOException: An existing connection was forcibly closed by the remote host
	at sun.nio.ch.SocketDispatcher.read0(Native Method)
	at sun.nio.ch.SocketDispatcher.read(SocketDispatcher.java:43)
	at sun.nio.ch.IOUtil.readIntoNativeBuffer(IOUtil.java:223)
	at sun.nio.ch.IOUtil.read(IOUtil.java:192)
	at sun.nio.ch.SocketChannelImpl.read(SocketChannelImpl.java:379)
	at io.netty.buffer.PooledByteBuf.setBytes(PooledByteBuf.java:259)
	at io.netty.buffer.AbstractByteBuf.writeBytes(AbstractByteBuf.java:1132)
	at io.netty.channel.socket.nio.NioSocketChannel.doReadBytes(NioSocketChannel.java:357)
	at io.netty.channel.nio.AbstractNioByteChannel$NioByteUnsafe.read(AbstractNioByteChannel.java:151)
	at io.netty.channel.nio.NioEventLoop.processSelectedKey(NioEventLoop.java:788)
	at io.netty.channel.nio.NioEventLoop.processSelectedKeysOptimized(NioEventLoop.java:724)
	at io.netty.channel.nio.NioEventLoop.processSelectedKeys(NioEventLoop.java:650)
	at io.netty.channel.nio.NioEventLoop.run(NioEventLoop.java:562)
	at io.netty.util.concurrent.SingleThreadEventExecutor$4.run(SingleThreadEventExecutor.java:997)
	at io.netty.util.internal.ThreadExecutorMap$2.run(ThreadExecutorMap.java:74)
	at io.netty.util.concurrent.FastThreadLocalRunnable.run(FastThreadLocalRunnable.java:30)
	at java.lang.Thread.run(Thread.java:745)
16:15:00.604 [AsyncHttpClient-1-9] DEBUG org.asynchttpclient.netty.channel.ChannelManager - Closing Channel [id: 0x2eeba165, L:/127.0.0.1:14888 - R:localhost/127.0.0.1:14882] 
16:15:00.604 [AsyncHttpClient-1-9] DEBUG org.asynchttpclient.netty.handler.HttpHandler - Channel Closed: [id: 0x2eeba165, L:/127.0.0.1:14888 ! R:localhost/127.0.0.1:14882] with attribute DISCARD
16:15:00.784 [AsyncHttpClient-1-8] DEBUG org.asynchttpclient.netty.handler.HttpHandler - 

Request DefaultFullHttpRequest(decodeResult: success, version: HTTP/1.1, content: EmptyByteBufBE)
DELETE /session/bb617855090722603f0199aec8d63644 HTTP/1.1
User-Agent: selenium/4.8.1 (java windows)
Content-Type: application/json; charset=utf-8
host: localhost:17818
accept: */*

Response DefaultHttpResponse(decodeResult: success, version: HTTP/1.1)
HTTP/1.1 200 OK
Content-Length: 14
Content-Type: application/json; charset=utf-8
cache-control: no-cache

16:15:00.784 [AsyncHttpClient-1-8] DEBUG org.asynchttpclient.netty.channel.ChannelManager - Adding key: http://localhost:17818 for channel [id: 0x9248f1a4, L:/127.0.0.1:14881 - R:localhost/127.0.0.1:17818]
16:15:01.018 [AsyncHttpClient-1-8] DEBUG org.asynchttpclient.netty.handler.HttpHandler - Channel Closed: [id: 0x9248f1a4, L:/127.0.0.1:14881 ! R:localhost/127.0.0.1:17818] with attribute DISCARD
]]></system-out>
    <system-err><![CDATA[Starting ChromeDriver 114.0.5735.90 (386bc09e8f4f2e025eddae123f36f6263096ae49-refs/branch-heads/5735@{#1052}) on port 17818
Only local connections are allowed.
Please see https://chromedriver.chromium.org/security-considerations for suggestions on keeping ChromeDriver safe.
ChromeDriver was started successfully.
Jun 25, 2023 4:14:48 PM org.openqa.selenium.devtools.CdpVersionFinder findNearestMatch
WARNING: Unable to find an exact match for CDP version 114, so returning the closest version found: 110
]]></system-err>
  </testcase>
  <testcase name="As a user, I have successfully view the customer transaction" classname="Customer Transaction View" time="21.633">
    <system-out><![CDATA[16:15:01.530 [main] DEBUG io.cucumber.core.plugin.SerenityReporter - Running feature from file:///C:/Users/USER/IdeaProjects/Capston_webtesting/src/test/resources/Feature/CustomerTransaction.feature
16:15:01.531 [main] WARN io.cucumber.core.plugin.SerenityReporter - Feature from file:///C:/Users/USER/IdeaProjects/Capston_webtesting/src/test/resources/Feature/CustomerTransaction.feature is not under the 'features' directory. Requirements report will not be correctly generated!
16:15:01.534 [main] DEBUG net.thucydides.core.steps.StepEventBus - Test suite started for story net.thucydides.core.model.Story@7500110e
16:15:01.534 [main] INFO  - Test Suite Started: Customer Transaction View
16:15:01.543 [AsyncHttpClient-1-1] DEBUG org.asynchttpclient.netty.channel.DefaultChannelPool - Entry count for : http://localhost:17818 : 1
16:15:01.543 [AsyncHttpClient-1-1] DEBUG org.asynchttpclient.netty.channel.DefaultChannelPool - Entry count for : http://localhost:14882 : 1
16:15:01.543 [AsyncHttpClient-1-1] DEBUG org.asynchttpclient.netty.channel.DefaultChannelPool - Adding Candidate expired Channel [id: 0x9248f1a4, L:/127.0.0.1:14881 ! R:localhost/127.0.0.1:17818] isIdleTimeoutExpired=false isRemotelyClosed=true isTtlExpired=false
16:15:01.543 [AsyncHttpClient-1-1] DEBUG org.asynchttpclient.netty.channel.DefaultChannelPool - Closing Idle Channel [id: 0x9248f1a4, L:/127.0.0.1:14881 ! R:localhost/127.0.0.1:17818]
16:15:01.543 [AsyncHttpClient-1-1] DEBUG org.asynchttpclient.netty.channel.DefaultChannelPool - Adding Candidate expired Channel [id: 0x2eeba165, L:/127.0.0.1:14888 ! R:localhost/127.0.0.1:14882] isIdleTimeoutExpired=false isRemotelyClosed=true isTtlExpired=false
16:15:01.543 [AsyncHttpClient-1-1] DEBUG org.asynchttpclient.netty.channel.DefaultChannelPool - Closing Idle Channel [id: 0x2eeba165, L:/127.0.0.1:14888 ! R:localhost/127.0.0.1:14882]
16:15:01.543 [AsyncHttpClient-1-1] DEBUG org.asynchttpclient.netty.channel.DefaultChannelPool - Closed 2 connections out of 2 in 0 ms

@CustomerTransaction
Scenario: As a user, I have successfully view the customer transaction &amp#27;[90m# src/test/resources/Feature/CustomerTransaction.feature:3&amp#27;[0m
16:15:01.550 [main] DEBUG io.cucumber.core.plugin.SerenityReporter - Running feature from file:///C:/Users/USER/IdeaProjects/Capston_webtesting/src/test/resources/Feature/CustomerTransaction.feature
16:15:01.550 [main] WARN io.cucumber.core.plugin.SerenityReporter - Feature from file:///C:/Users/USER/IdeaProjects/Capston_webtesting/src/test/resources/Feature/CustomerTransaction.feature is not under the 'features' directory. Requirements report will not be correctly generated!
16:15:01.553 [main] INFO  - 
  _____   ___   ___   _____     ___   _____     _     ___   _____   ___   ___  
 |_   _| | __| / __| |_   _|   / __| |_   _|   /_\   | _ \ |_   _| | __| |   \ 
   | |   | _|  \__ \   | |     \__ \   | |    / _ \  |   /   | |   | _|  | |) |
   |_|   |___| |___/   |_|     |___/   |_|   /_/ \_\ |_|_\   |_|   |___| |___/ 

As a user, I have successfully view the customer transaction(customer-transaction-view;as-a-user--i-have-successfully-view-the-customer-transaction)
--------------------------------------------------------------------------------
16:15:01.701 [main] DEBUG net.thucydides.core.steps.StepInterceptor - STARTING STEP: CustomerTransactionSteps.onnSignInPage - openPage
16:15:01.763 [main] INFO net.serenitybdd.core.webdriver.driverproviders.ChromeDriverProvider - Starting Chrome driver instance with capabilities:
16:15:01.763 [main] INFO net.serenitybdd.core.webdriver.driverproviders.ChromeDriverProvider - Capabilities {acceptInsecureCerts: false, browserName: chrome, goog:chromeOptions: {args: [remote-allow-origins=*], extensions: []}}
16:15:02.344 [AsyncHttpClient-1-3] DEBUG org.asynchttpclient.netty.channel.NettyConnectListener - Using new Channel '[id: 0xad7b2598, L:/127.0.0.1:14903 - R:localhost/127.0.0.1:40658]' for 'POST' to '/session'
16:15:04.475 [AsyncHttpClient-1-3] DEBUG org.asynchttpclient.netty.handler.HttpHandler - 

Request DefaultHttpRequest(decodeResult: success, version: HTTP/1.1)
POST /session HTTP/1.1
User-Agent: selenium/4.8.1 (java windows)
Content-Length: 507
Content-Type: application/json; charset=utf-8
host: localhost:40658
accept: */*

Response DefaultHttpResponse(decodeResult: success, version: HTTP/1.1)
HTTP/1.1 200 OK
Content-Length: 860
Content-Type: application/json; charset=utf-8
cache-control: no-cache

16:15:04.475 [AsyncHttpClient-1-3] DEBUG org.asynchttpclient.netty.channel.ChannelManager - Adding key: http://localhost:40658 for channel [id: 0xad7b2598, L:/127.0.0.1:14903 - R:localhost/127.0.0.1:40658]
16:15:04.499 [AsyncHttpClient-1-4] DEBUG org.asynchttpclient.netty.channel.NettyConnectListener - Using new Channel '[id: 0xc5707462, L:/127.0.0.1:14910 - R:localhost/127.0.0.1:14904]' for 'GET' to '/json/version'
16:15:04.500 [AsyncHttpClient-1-4] DEBUG org.asynchttpclient.netty.handler.HttpHandler - 

Request DefaultFullHttpRequest(decodeResult: success, version: HTTP/1.1, content: EmptyByteBufBE)
GET /json/version HTTP/1.1
User-Agent: selenium/4.8.1 (java windows)
host: localhost:14904
accept: */*

Response DefaultHttpResponse(decodeResult: success, version: HTTP/1.1)
HTTP/1.1 200 OK
Content-Security-Policy: frame-ancestors 'none'
Content-Length: 424
Content-Type: application/json; charset=UTF-8

16:15:04.500 [AsyncHttpClient-1-4] DEBUG org.asynchttpclient.netty.channel.ChannelManager - Adding key: http://localhost:14904 for channel [id: 0xc5707462, L:/127.0.0.1:14910 - R:localhost/127.0.0.1:14904]
16:15:04.503 [AsyncHttpClient-1-5] DEBUG org.asynchttpclient.netty.channel.NettyConnectListener - Using new Channel '[id: 0xd7086fbf, L:/127.0.0.1:14911 - R:localhost/127.0.0.1:14904]' for 'GET' to '/devtools/browser/7b1e68fd-6cbb-4be2-a283-57ce001750fb'
16:15:04.504 [AsyncHttpClient-1-5] DEBUG org.asynchttpclient.netty.handler.WebSocketHandler - 

Request DefaultFullHttpRequest(decodeResult: success, version: HTTP/1.1, content: EmptyByteBufBE)
GET /devtools/browser/7b1e68fd-6cbb-4be2-a283-57ce001750fb HTTP/1.1
upgrade: websocket
connection: upgrade
sec-websocket-key: MO2EcH3AZWnPNukyWqmYPA==
sec-websocket-version: 13
origin: http://localhost:14904
host: localhost:14904
accept: */*
user-agent: AHC/2.1

Response DefaultHttpResponse(decodeResult: success, version: HTTP/1.1)
HTTP/1.1 101 WebSocket Protocol Handshake
Upgrade: WebSocket
Connection: Upgrade
Sec-WebSocket-Accept: 6/VgcWQPgmKqU0eaYO/SUnw0+tA=

16:15:04.513 [Forwarding get on session 1fdee5ed5865b3d710c44c813b61e7ce to remote] DEBUG org.asynchttpclient.netty.request.NettyRequestSender - Using pooled Channel '[id: 0xad7b2598, L:/127.0.0.1:14903 - R:localhost/127.0.0.1:40658]' for 'POST' to 'http://localhost:40658/session/1fdee5ed5865b3d710c44c813b61e7ce/url'
16:15:04.513 [Forwarding get on session 1fdee5ed5865b3d710c44c813b61e7ce to remote] DEBUG org.asynchttpclient.netty.request.NettyRequestSender - Using open Channel [id: 0xad7b2598, L:/127.0.0.1:14903 - R:localhost/127.0.0.1:40658] for POST '/session/1fdee5ed5865b3d710c44c813b61e7ce/url'
16:15:04.844 [AsyncHttpClient-1-1] DEBUG org.asynchttpclient.netty.channel.DefaultChannelPool - Entry count for : http://localhost:14904 : 1
16:15:05.943 [AsyncHttpClient-1-1] DEBUG org.asynchttpclient.netty.channel.DefaultChannelPool - Entry count for : http://localhost:14904 : 1
16:15:07.044 [AsyncHttpClient-1-1] DEBUG org.asynchttpclient.netty.channel.DefaultChannelPool - Entry count for : http://localhost:14904 : 1
16:15:08.144 [AsyncHttpClient-1-1] DEBUG org.asynchttpclient.netty.channel.DefaultChannelPool - Entry count for : http://localhost:14904 : 1
16:15:09.243 [AsyncHttpClient-1-1] DEBUG org.asynchttpclient.netty.channel.DefaultChannelPool - Entry count for : http://localhost:14904 : 1
16:15:10.343 [AsyncHttpClient-1-1] DEBUG org.asynchttpclient.netty.channel.DefaultChannelPool - Entry count for : http://localhost:14904 : 1
16:15:11.444 [AsyncHttpClient-1-1] DEBUG org.asynchttpclient.netty.channel.DefaultChannelPool - Entry count for : http://localhost:14904 : 1
16:15:12.543 [AsyncHttpClient-1-1] DEBUG org.asynchttpclient.netty.channel.DefaultChannelPool - Entry count for : http://localhost:14904 : 1
16:15:12.737 [AsyncHttpClient-1-3] DEBUG org.asynchttpclient.netty.handler.HttpHandler - 

Request DefaultHttpRequest(decodeResult: success, version: HTTP/1.1)
POST /session/1fdee5ed5865b3d710c44c813b61e7ce/url HTTP/1.1
User-Agent: selenium/4.8.1 (java windows)
Content-Length: 82
Content-Type: application/json; charset=utf-8
host: localhost:40658
accept: */*

Response DefaultHttpResponse(decodeResult: success, version: HTTP/1.1)
HTTP/1.1 200 OK
Content-Length: 14
Content-Type: application/json; charset=utf-8
cache-control: no-cache

16:15:12.738 [AsyncHttpClient-1-3] DEBUG org.asynchttpclient.netty.channel.ChannelManager - Adding key: http://localhost:40658 for channel [id: 0xad7b2598, L:/127.0.0.1:14903 - R:localhost/127.0.0.1:40658]
16:15:12.741 [Forwarding setTimeout on session 1fdee5ed5865b3d710c44c813b61e7ce to remote] DEBUG org.asynchttpclient.netty.request.NettyRequestSender - Using pooled Channel '[id: 0xad7b2598, L:/127.0.0.1:14903 - R:localhost/127.0.0.1:40658]' for 'POST' to 'http://localhost:40658/session/1fdee5ed5865b3d710c44c813b61e7ce/timeouts'
16:15:12.741 [Forwarding setTimeout on session 1fdee5ed5865b3d710c44c813b61e7ce to remote] DEBUG org.asynchttpclient.netty.request.NettyRequestSender - Using open Channel [id: 0xad7b2598, L:/127.0.0.1:14903 - R:localhost/127.0.0.1:40658] for POST '/session/1fdee5ed5865b3d710c44c813b61e7ce/timeouts'
16:15:12.743 [AsyncHttpClient-1-3] DEBUG org.asynchttpclient.netty.handler.HttpHandler - 

Request DefaultHttpRequest(decodeResult: success, version: HTTP/1.1)
POST /session/1fdee5ed5865b3d710c44c813b61e7ce/timeouts HTTP/1.1
User-Agent: selenium/4.8.1 (java windows)
Content-Length: 22
Content-Type: application/json; charset=utf-8
host: localhost:40658
accept: */*

Response DefaultHttpResponse(decodeResult: success, version: HTTP/1.1)
HTTP/1.1 200 OK
Content-Length: 14
Content-Type: application/json; charset=utf-8
cache-control: no-cache

16:15:12.743 [AsyncHttpClient-1-3] DEBUG org.asynchttpclient.netty.channel.ChannelManager - Adding key: http://localhost:40658 for channel [id: 0xad7b2598, L:/127.0.0.1:14903 - R:localhost/127.0.0.1:40658]
16:15:12.758 [main] DEBUG net.serenitybdd.core.photography.Darkroom - Opening darkroom
16:15:12.759 [Darkroom Processing Line] DEBUG net.serenitybdd.core.photography.DarkroomProcessingLine - Darkroom processing line starting up
16:15:12.762 [Forwarding getAlertText on session 1fdee5ed5865b3d710c44c813b61e7ce to remote] DEBUG org.asynchttpclient.netty.request.NettyRequestSender - Using pooled Channel '[id: 0xad7b2598, L:/127.0.0.1:14903 - R:localhost/127.0.0.1:40658]' for 'GET' to 'http://localhost:40658/session/1fdee5ed5865b3d710c44c813b61e7ce/alert/text'
16:15:12.762 [Forwarding getAlertText on session 1fdee5ed5865b3d710c44c813b61e7ce to remote] DEBUG org.asynchttpclient.netty.request.NettyRequestSender - Using open Channel [id: 0xad7b2598, L:/127.0.0.1:14903 - R:localhost/127.0.0.1:40658] for GET '/session/1fdee5ed5865b3d710c44c813b61e7ce/alert/text'
16:15:13.644 [AsyncHttpClient-1-1] DEBUG org.asynchttpclient.netty.channel.DefaultChannelPool - Entry count for : http://localhost:14904 : 1
16:15:14.744 [AsyncHttpClient-1-1] DEBUG org.asynchttpclient.netty.channel.DefaultChannelPool - Entry count for : http://localhost:14904 : 1
16:15:15.844 [AsyncHttpClient-1-1] DEBUG org.asynchttpclient.netty.channel.DefaultChannelPool - Entry count for : http://localhost:14904 : 1
16:15:16.943 [AsyncHttpClient-1-1] DEBUG org.asynchttpclient.netty.channel.DefaultChannelPool - Entry count for : http://localhost:14904 : 1
16:15:17.527 [AsyncHttpClient-1-3] DEBUG org.asynchttpclient.netty.handler.HttpHandler - 

Request DefaultFullHttpRequest(decodeResult: success, version: HTTP/1.1, content: EmptyByteBufBE)
GET /session/1fdee5ed5865b3d710c44c813b61e7ce/alert/text HTTP/1.1
User-Agent: selenium/4.8.1 (java windows)
Cache-Control: no-cache
Content-Type: application/json; charset=utf-8
host: localhost:40658
accept: */*

Response DefaultHttpResponse(decodeResult: success, version: HTTP/1.1)
HTTP/1.1 404 Not Found
Content-Length: 807
Content-Type: application/json; charset=utf-8
cache-control: no-cache

16:15:17.527 [AsyncHttpClient-1-3] DEBUG org.asynchttpclient.netty.channel.ChannelManager - Adding key: http://localhost:40658 for channel [id: 0xad7b2598, L:/127.0.0.1:14903 - R:localhost/127.0.0.1:40658]
16:15:17.533 [Forwarding getCurrentUrl on session 1fdee5ed5865b3d710c44c813b61e7ce to remote] DEBUG org.asynchttpclient.netty.request.NettyRequestSender - Using pooled Channel '[id: 0xad7b2598, L:/127.0.0.1:14903 - R:localhost/127.0.0.1:40658]' for 'GET' to 'http://localhost:40658/session/1fdee5ed5865b3d710c44c813b61e7ce/url'
16:15:17.533 [Forwarding getCurrentUrl on session 1fdee5ed5865b3d710c44c813b61e7ce to remote] DEBUG org.asynchttpclient.netty.request.NettyRequestSender - Using open Channel [id: 0xad7b2598, L:/127.0.0.1:14903 - R:localhost/127.0.0.1:40658] for GET '/session/1fdee5ed5865b3d710c44c813b61e7ce/url'
16:15:17.554 [AsyncHttpClient-1-3] DEBUG org.asynchttpclient.netty.handler.HttpHandler - 

Request DefaultFullHttpRequest(decodeResult: success, version: HTTP/1.1, content: EmptyByteBufBE)
GET /session/1fdee5ed5865b3d710c44c813b61e7ce/url HTTP/1.1
User-Agent: selenium/4.8.1 (java windows)
Cache-Control: no-cache
Content-Type: application/json; charset=utf-8
host: localhost:40658
accept: */*

Response DefaultHttpResponse(decodeResult: success, version: HTTP/1.1)
HTTP/1.1 200 OK
Content-Length: 64
Content-Type: application/json; charset=utf-8
cache-control: no-cache

16:15:17.554 [AsyncHttpClient-1-3] DEBUG org.asynchttpclient.netty.channel.ChannelManager - Adding key: http://localhost:40658 for channel [id: 0xad7b2598, L:/127.0.0.1:14903 - R:localhost/127.0.0.1:40658]
16:15:17.556 [Forwarding screenshot on session 1fdee5ed5865b3d710c44c813b61e7ce to remote] DEBUG org.asynchttpclient.netty.request.NettyRequestSender - Using pooled Channel '[id: 0xad7b2598, L:/127.0.0.1:14903 - R:localhost/127.0.0.1:40658]' for 'GET' to 'http://localhost:40658/session/1fdee5ed5865b3d710c44c813b61e7ce/screenshot'
16:15:17.556 [Forwarding screenshot on session 1fdee5ed5865b3d710c44c813b61e7ce to remote] DEBUG org.asynchttpclient.netty.request.NettyRequestSender - Using open Channel [id: 0xad7b2598, L:/127.0.0.1:14903 - R:localhost/127.0.0.1:40658] for GET '/session/1fdee5ed5865b3d710c44c813b61e7ce/screenshot'
16:15:17.649 [AsyncHttpClient-1-3] DEBUG org.asynchttpclient.netty.handler.HttpHandler - 

Request DefaultFullHttpRequest(decodeResult: success, version: HTTP/1.1, content: EmptyByteBufBE)
GET /session/1fdee5ed5865b3d710c44c813b61e7ce/screenshot HTTP/1.1
User-Agent: selenium/4.8.1 (java windows)
Cache-Control: no-cache
Content-Type: application/json; charset=utf-8
host: localhost:40658
accept: */*

Response DefaultHttpResponse(decodeResult: success, version: HTTP/1.1)
HTTP/1.1 200 OK
Content-Length: 125580
Content-Type: application/json; charset=utf-8
cache-control: no-cache

16:15:17.650 [AsyncHttpClient-1-3] DEBUG org.asynchttpclient.netty.channel.ChannelManager - Adding key: http://localhost:40658 for channel [id: 0xad7b2598, L:/127.0.0.1:14903 - R:localhost/127.0.0.1:40658]
16:15:17.661 [main] DEBUG net.serenitybdd.core.photography.Darkroom - Send negative for processing for target\site\serenity\ccb94ee3b183862011abf47996db7c6ab1ad97fa806bc5f8198c267c124a2f52.png
16:15:17.662 [main] DEBUG net.thucydides.core.steps.StepInterceptor - STEP DONE: openPage
  &amp#27;[32mGiven &amp#27;[0m&amp#27;[32mI am on the sign in pageeee&amp#27;[0m                                    &amp#27;[90m# Starter.Stepdefitions.CustomerTransactionSteps.onnSignInPage()&amp#27;[0m
16:15:17.671 [Forwarding getPageSource on session 1fdee5ed5865b3d710c44c813b61e7ce to remote] DEBUG org.asynchttpclient.netty.request.NettyRequestSender - Using pooled Channel '[id: 0xad7b2598, L:/127.0.0.1:14903 - R:localhost/127.0.0.1:40658]' for 'POST' to 'http://localhost:40658/session/1fdee5ed5865b3d710c44c813b61e7ce/execute/sync'
16:15:17.671 [Forwarding getPageSource on session 1fdee5ed5865b3d710c44c813b61e7ce to remote] DEBUG org.asynchttpclient.netty.request.NettyRequestSender - Using open Channel [id: 0xad7b2598, L:/127.0.0.1:14903 - R:localhost/127.0.0.1:40658] for POST '/session/1fdee5ed5865b3d710c44c813b61e7ce/execute/sync'
16:15:17.678 [AsyncHttpClient-1-3] DEBUG org.asynchttpclient.netty.handler.HttpHandler - 

Request DefaultHttpRequest(decodeResult: success, version: HTTP/1.1)
POST /session/1fdee5ed5865b3d710c44c813b61e7ce/execute/sync HTTP/1.1
User-Agent: selenium/4.8.1 (java windows)
Content-Length: 176
Content-Type: application/json; charset=utf-8
host: localhost:40658
accept: */*

Response DefaultHttpResponse(decodeResult: success, version: HTTP/1.1)
HTTP/1.1 200 OK
Content-Length: 5992
Content-Type: application/json; charset=utf-8
cache-control: no-cache

16:15:17.678 [AsyncHttpClient-1-3] DEBUG org.asynchttpclient.netty.channel.ChannelManager - Adding key: http://localhost:40658 for channel [id: 0xad7b2598, L:/127.0.0.1:14903 - R:localhost/127.0.0.1:40658]
16:15:17.680 [Forwarding getCurrentUrl on session 1fdee5ed5865b3d710c44c813b61e7ce to remote] DEBUG org.asynchttpclient.netty.request.NettyRequestSender - Using pooled Channel '[id: 0xad7b2598, L:/127.0.0.1:14903 - R:localhost/127.0.0.1:40658]' for 'GET' to 'http://localhost:40658/session/1fdee5ed5865b3d710c44c813b61e7ce/url'
16:15:17.680 [Forwarding getCurrentUrl on session 1fdee5ed5865b3d710c44c813b61e7ce to remote] DEBUG org.asynchttpclient.netty.request.NettyRequestSender - Using open Channel [id: 0xad7b2598, L:/127.0.0.1:14903 - R:localhost/127.0.0.1:40658] for GET '/session/1fdee5ed5865b3d710c44c813b61e7ce/url'
16:15:17.684 [AsyncHttpClient-1-3] DEBUG org.asynchttpclient.netty.handler.HttpHandler - 

Request DefaultFullHttpRequest(decodeResult: success, version: HTTP/1.1, content: EmptyByteBufBE)
GET /session/1fdee5ed5865b3d710c44c813b61e7ce/url HTTP/1.1
User-Agent: selenium/4.8.1 (java windows)
Cache-Control: no-cache
Content-Type: application/json; charset=utf-8
host: localhost:40658
accept: */*

Response DefaultHttpResponse(decodeResult: success, version: HTTP/1.1)
HTTP/1.1 200 OK
Content-Length: 64
Content-Type: application/json; charset=utf-8
cache-control: no-cache

16:15:17.684 [AsyncHttpClient-1-3] DEBUG org.asynchttpclient.netty.channel.ChannelManager - Adding key: http://localhost:40658 for channel [id: 0xad7b2598, L:/127.0.0.1:14903 - R:localhost/127.0.0.1:40658]
16:15:17.692 [Forwarding getPageSource on session 1fdee5ed5865b3d710c44c813b61e7ce to remote] DEBUG org.asynchttpclient.netty.request.NettyRequestSender - Using pooled Channel '[id: 0xad7b2598, L:/127.0.0.1:14903 - R:localhost/127.0.0.1:40658]' for 'POST' to 'http://localhost:40658/session/1fdee5ed5865b3d710c44c813b61e7ce/execute/sync'
16:15:17.692 [Forwarding getPageSource on session 1fdee5ed5865b3d710c44c813b61e7ce to remote] DEBUG org.asynchttpclient.netty.request.NettyRequestSender - Using open Channel [id: 0xad7b2598, L:/127.0.0.1:14903 - R:localhost/127.0.0.1:40658] for POST '/session/1fdee5ed5865b3d710c44c813b61e7ce/execute/sync'
16:15:17.698 [AsyncHttpClient-1-3] DEBUG org.asynchttpclient.netty.handler.HttpHandler - 

Request DefaultHttpRequest(decodeResult: success, version: HTTP/1.1)
POST /session/1fdee5ed5865b3d710c44c813b61e7ce/execute/sync HTTP/1.1
User-Agent: selenium/4.8.1 (java windows)
Content-Length: 176
Content-Type: application/json; charset=utf-8
host: localhost:40658
accept: */*

Response DefaultHttpResponse(decodeResult: success, version: HTTP/1.1)
HTTP/1.1 200 OK
Content-Length: 5992
Content-Type: application/json; charset=utf-8
cache-control: no-cache

16:15:17.698 [AsyncHttpClient-1-3] DEBUG org.asynchttpclient.netty.channel.ChannelManager - Adding key: http://localhost:40658 for channel [id: 0xad7b2598, L:/127.0.0.1:14903 - R:localhost/127.0.0.1:40658]
16:15:17.699 [Forwarding getCurrentUrl on session 1fdee5ed5865b3d710c44c813b61e7ce to remote] DEBUG org.asynchttpclient.netty.request.NettyRequestSender - Using pooled Channel '[id: 0xad7b2598, L:/127.0.0.1:14903 - R:localhost/127.0.0.1:40658]' for 'GET' to 'http://localhost:40658/session/1fdee5ed5865b3d710c44c813b61e7ce/url'
16:15:17.699 [Forwarding getCurrentUrl on session 1fdee5ed5865b3d710c44c813b61e7ce to remote] DEBUG org.asynchttpclient.netty.request.NettyRequestSender - Using open Channel [id: 0xad7b2598, L:/127.0.0.1:14903 - R:localhost/127.0.0.1:40658] for GET '/session/1fdee5ed5865b3d710c44c813b61e7ce/url'
16:15:17.703 [AsyncHttpClient-1-3] DEBUG org.asynchttpclient.netty.handler.HttpHandler - 

Request DefaultFullHttpRequest(decodeResult: success, version: HTTP/1.1, content: EmptyByteBufBE)
GET /session/1fdee5ed5865b3d710c44c813b61e7ce/url HTTP/1.1
User-Agent: selenium/4.8.1 (java windows)
Cache-Control: no-cache
Content-Type: application/json; charset=utf-8
host: localhost:40658
accept: */*

Response DefaultHttpResponse(decodeResult: success, version: HTTP/1.1)
HTTP/1.1 200 OK
Content-Length: 64
Content-Type: application/json; charset=utf-8
cache-control: no-cache

16:15:17.703 [AsyncHttpClient-1-3] DEBUG org.asynchttpclient.netty.channel.ChannelManager - Adding key: http://localhost:40658 for channel [id: 0xad7b2598, L:/127.0.0.1:14903 - R:localhost/127.0.0.1:40658]
16:15:17.705 [main] DEBUG net.thucydides.core.steps.StepInterceptor - STARTING STEP: CustomerTransactionSteps.inputtEmailll - inputtEmailll
16:15:17.708 [Forwarding findElement on session 1fdee5ed5865b3d710c44c813b61e7ce to remote] DEBUG org.asynchttpclient.netty.request.NettyRequestSender - Using pooled Channel '[id: 0xad7b2598, L:/127.0.0.1:14903 - R:localhost/127.0.0.1:40658]' for 'POST' to 'http://localhost:40658/session/1fdee5ed5865b3d710c44c813b61e7ce/element'
16:15:17.708 [Forwarding findElement on session 1fdee5ed5865b3d710c44c813b61e7ce to remote] DEBUG org.asynchttpclient.netty.request.NettyRequestSender - Using open Channel [id: 0xad7b2598, L:/127.0.0.1:14903 - R:localhost/127.0.0.1:40658] for POST '/session/1fdee5ed5865b3d710c44c813b61e7ce/element'
16:15:17.722 [AsyncHttpClient-1-3] DEBUG org.asynchttpclient.netty.handler.HttpHandler - 

Request DefaultHttpRequest(decodeResult: success, version: HTTP/1.1)
POST /session/1fdee5ed5865b3d710c44c813b61e7ce/element HTTP/1.1
User-Agent: selenium/4.8.1 (java windows)
Content-Length: 67
Content-Type: application/json; charset=utf-8
host: localhost:40658
accept: */*

Response DefaultHttpResponse(decodeResult: success, version: HTTP/1.1)
HTTP/1.1 200 OK
Content-Length: 95
Content-Type: application/json; charset=utf-8
cache-control: no-cache

16:15:17.722 [AsyncHttpClient-1-3] DEBUG org.asynchttpclient.netty.channel.ChannelManager - Adding key: http://localhost:40658 for channel [id: 0xad7b2598, L:/127.0.0.1:14903 - R:localhost/127.0.0.1:40658]
16:15:17.723 [Forwarding clearElement on session 1fdee5ed5865b3d710c44c813b61e7ce to remote] DEBUG org.asynchttpclient.netty.request.NettyRequestSender - Using pooled Channel '[id: 0xad7b2598, L:/127.0.0.1:14903 - R:localhost/127.0.0.1:40658]' for 'POST' to 'http://localhost:40658/session/1fdee5ed5865b3d710c44c813b61e7ce/element/80E0DB6959A41AD192A1741D45D24EA8_element_10/clear'
16:15:17.723 [Forwarding clearElement on session 1fdee5ed5865b3d710c44c813b61e7ce to remote] DEBUG org.asynchttpclient.netty.request.NettyRequestSender - Using open Channel [id: 0xad7b2598, L:/127.0.0.1:14903 - R:localhost/127.0.0.1:40658] for POST '/session/1fdee5ed5865b3d710c44c813b61e7ce/element/80E0DB6959A41AD192A1741D45D24EA8_element_10/clear'
16:15:17.765 [AsyncHttpClient-1-3] DEBUG org.asynchttpclient.netty.handler.HttpHandler - 

Request DefaultHttpRequest(decodeResult: success, version: HTTP/1.1)
POST /session/1fdee5ed5865b3d710c44c813b61e7ce/element/80E0DB6959A41AD192A1741D45D24EA8_element_10/clear HTTP/1.1
User-Agent: selenium/4.8.1 (java windows)
Content-Length: 57
Content-Type: application/json; charset=utf-8
host: localhost:40658
accept: */*

Response DefaultHttpResponse(decodeResult: success, version: HTTP/1.1)
HTTP/1.1 200 OK
Content-Length: 14
Content-Type: application/json; charset=utf-8
cache-control: no-cache

16:15:17.765 [AsyncHttpClient-1-3] DEBUG org.asynchttpclient.netty.channel.ChannelManager - Adding key: http://localhost:40658 for channel [id: 0xad7b2598, L:/127.0.0.1:14903 - R:localhost/127.0.0.1:40658]
16:15:17.767 [Forwarding sendKeysToElement on session 1fdee5ed5865b3d710c44c813b61e7ce to remote] DEBUG org.asynchttpclient.netty.request.NettyRequestSender - Using pooled Channel '[id: 0xad7b2598, L:/127.0.0.1:14903 - R:localhost/127.0.0.1:40658]' for 'POST' to 'http://localhost:40658/session/1fdee5ed5865b3d710c44c813b61e7ce/element/80E0DB6959A41AD192A1741D45D24EA8_element_10/value'
16:15:17.767 [Forwarding sendKeysToElement on session 1fdee5ed5865b3d710c44c813b61e7ce to remote] DEBUG org.asynchttpclient.netty.request.NettyRequestSender - Using open Channel [id: 0xad7b2598, L:/127.0.0.1:14903 - R:localhost/127.0.0.1:40658] for POST '/session/1fdee5ed5865b3d710c44c813b61e7ce/element/80E0DB6959A41AD192A1741D45D24EA8_element_10/value'
16:15:18.008 [AsyncHttpClient-1-3] DEBUG org.asynchttpclient.netty.handler.HttpHandler - 

Request DefaultHttpRequest(decodeResult: success, version: HTTP/1.1)
POST /session/1fdee5ed5865b3d710c44c813b61e7ce/element/80E0DB6959A41AD192A1741D45D24EA8_element_10/value HTTP/1.1
User-Agent: selenium/4.8.1 (java windows)
Content-Length: 258
Content-Type: application/json; charset=utf-8
host: localhost:40658
accept: */*

Response DefaultHttpResponse(decodeResult: success, version: HTTP/1.1)
HTTP/1.1 200 OK
Content-Length: 14
Content-Type: application/json; charset=utf-8
cache-control: no-cache

16:15:18.008 [AsyncHttpClient-1-3] DEBUG org.asynchttpclient.netty.channel.ChannelManager - Adding key: http://localhost:40658 for channel [id: 0xad7b2598, L:/127.0.0.1:14903 - R:localhost/127.0.0.1:40658]
16:15:18.023 [Forwarding getAlertText on session 1fdee5ed5865b3d710c44c813b61e7ce to remote] DEBUG org.asynchttpclient.netty.request.NettyRequestSender - Using pooled Channel '[id: 0xad7b2598, L:/127.0.0.1:14903 - R:localhost/127.0.0.1:40658]' for 'GET' to 'http://localhost:40658/session/1fdee5ed5865b3d710c44c813b61e7ce/alert/text'
16:15:18.023 [Forwarding getAlertText on session 1fdee5ed5865b3d710c44c813b61e7ce to remote] DEBUG org.asynchttpclient.netty.request.NettyRequestSender - Using open Channel [id: 0xad7b2598, L:/127.0.0.1:14903 - R:localhost/127.0.0.1:40658] for GET '/session/1fdee5ed5865b3d710c44c813b61e7ce/alert/text'
16:15:18.024 [AsyncHttpClient-1-3] DEBUG org.asynchttpclient.netty.handler.HttpHandler - 

Request DefaultFullHttpRequest(decodeResult: success, version: HTTP/1.1, content: EmptyByteBufBE)
GET /session/1fdee5ed5865b3d710c44c813b61e7ce/alert/text HTTP/1.1
User-Agent: selenium/4.8.1 (java windows)
Cache-Control: no-cache
Content-Type: application/json; charset=utf-8
host: localhost:40658
accept: */*

Response DefaultHttpResponse(decodeResult: success, version: HTTP/1.1)
HTTP/1.1 404 Not Found
Content-Length: 807
Content-Type: application/json; charset=utf-8
cache-control: no-cache

16:15:18.024 [AsyncHttpClient-1-3] DEBUG org.asynchttpclient.netty.channel.ChannelManager - Adding key: http://localhost:40658 for channel [id: 0xad7b2598, L:/127.0.0.1:14903 - R:localhost/127.0.0.1:40658]
16:15:18.025 [Forwarding getCurrentUrl on session 1fdee5ed5865b3d710c44c813b61e7ce to remote] DEBUG org.asynchttpclient.netty.request.NettyRequestSender - Using pooled Channel '[id: 0xad7b2598, L:/127.0.0.1:14903 - R:localhost/127.0.0.1:40658]' for 'GET' to 'http://localhost:40658/session/1fdee5ed5865b3d710c44c813b61e7ce/url'
16:15:18.025 [Forwarding getCurrentUrl on session 1fdee5ed5865b3d710c44c813b61e7ce to remote] DEBUG org.asynchttpclient.netty.request.NettyRequestSender - Using open Channel [id: 0xad7b2598, L:/127.0.0.1:14903 - R:localhost/127.0.0.1:40658] for GET '/session/1fdee5ed5865b3d710c44c813b61e7ce/url'
16:15:18.029 [AsyncHttpClient-1-3] DEBUG org.asynchttpclient.netty.handler.HttpHandler - 

Request DefaultFullHttpRequest(decodeResult: success, version: HTTP/1.1, content: EmptyByteBufBE)
GET /session/1fdee5ed5865b3d710c44c813b61e7ce/url HTTP/1.1
User-Agent: selenium/4.8.1 (java windows)
Cache-Control: no-cache
Content-Type: application/json; charset=utf-8
host: localhost:40658
accept: */*

Response DefaultHttpResponse(decodeResult: success, version: HTTP/1.1)
HTTP/1.1 200 OK
Content-Length: 64
Content-Type: application/json; charset=utf-8
cache-control: no-cache

16:15:18.029 [AsyncHttpClient-1-3] DEBUG org.asynchttpclient.netty.channel.ChannelManager - Adding key: http://localhost:40658 for channel [id: 0xad7b2598, L:/127.0.0.1:14903 - R:localhost/127.0.0.1:40658]
16:15:18.029 [Forwarding screenshot on session 1fdee5ed5865b3d710c44c813b61e7ce to remote] DEBUG org.asynchttpclient.netty.request.NettyRequestSender - Using pooled Channel '[id: 0xad7b2598, L:/127.0.0.1:14903 - R:localhost/127.0.0.1:40658]' for 'GET' to 'http://localhost:40658/session/1fdee5ed5865b3d710c44c813b61e7ce/screenshot'
16:15:18.030 [Forwarding screenshot on session 1fdee5ed5865b3d710c44c813b61e7ce to remote] DEBUG org.asynchttpclient.netty.request.NettyRequestSender - Using open Channel [id: 0xad7b2598, L:/127.0.0.1:14903 - R:localhost/127.0.0.1:40658] for GET '/session/1fdee5ed5865b3d710c44c813b61e7ce/screenshot'
16:15:18.045 [AsyncHttpClient-1-1] DEBUG org.asynchttpclient.netty.channel.DefaultChannelPool - Entry count for : http://localhost:14904 : 1
16:15:18.187 [AsyncHttpClient-1-3] DEBUG org.asynchttpclient.netty.handler.HttpHandler - 

Request DefaultFullHttpRequest(decodeResult: success, version: HTTP/1.1, content: EmptyByteBufBE)
GET /session/1fdee5ed5865b3d710c44c813b61e7ce/screenshot HTTP/1.1
User-Agent: selenium/4.8.1 (java windows)
Cache-Control: no-cache
Content-Type: application/json; charset=utf-8
host: localhost:40658
accept: */*

Response DefaultHttpResponse(decodeResult: success, version: HTTP/1.1)
HTTP/1.1 200 OK
Content-Length: 126860
Content-Type: application/json; charset=utf-8
cache-control: no-cache

16:15:18.187 [AsyncHttpClient-1-3] DEBUG org.asynchttpclient.netty.channel.ChannelManager - Adding key: http://localhost:40658 for channel [id: 0xad7b2598, L:/127.0.0.1:14903 - R:localhost/127.0.0.1:40658]
16:15:18.193 [main] DEBUG net.serenitybdd.core.photography.Darkroom - Send negative for processing for target\site\serenity\8ea53f2fd0462607c1a1f7d4f2d323be033f245facd593f5983c52b2a015fa62.png
16:15:18.194 [main] DEBUG net.thucydides.core.steps.StepInterceptor - STEP DONE: inputtEmailll
  &amp#27;[32mWhen &amp#27;[0m&amp#27;[32mI inputttt emaill&amp#27;[0m                                               &amp#27;[90m# Starter.Stepdefitions.CustomerTransactionSteps.inputtEmailll()&amp#27;[0m
16:15:18.209 [Forwarding getPageSource on session 1fdee5ed5865b3d710c44c813b61e7ce to remote] DEBUG org.asynchttpclient.netty.request.NettyRequestSender - Using pooled Channel '[id: 0xad7b2598, L:/127.0.0.1:14903 - R:localhost/127.0.0.1:40658]' for 'POST' to 'http://localhost:40658/session/1fdee5ed5865b3d710c44c813b61e7ce/execute/sync'
16:15:18.209 [Forwarding getPageSource on session 1fdee5ed5865b3d710c44c813b61e7ce to remote] DEBUG org.asynchttpclient.netty.request.NettyRequestSender - Using open Channel [id: 0xad7b2598, L:/127.0.0.1:14903 - R:localhost/127.0.0.1:40658] for POST '/session/1fdee5ed5865b3d710c44c813b61e7ce/execute/sync'
16:15:18.218 [AsyncHttpClient-1-3] DEBUG org.asynchttpclient.netty.handler.HttpHandler - 

Request DefaultHttpRequest(decodeResult: success, version: HTTP/1.1)
POST /session/1fdee5ed5865b3d710c44c813b61e7ce/execute/sync HTTP/1.1
User-Agent: selenium/4.8.1 (java windows)
Content-Length: 176
Content-Type: application/json; charset=utf-8
host: localhost:40658
accept: */*

Response DefaultHttpResponse(decodeResult: success, version: HTTP/1.1)
HTTP/1.1 200 OK
Content-Length: 6025
Content-Type: application/json; charset=utf-8
cache-control: no-cache

16:15:18.218 [AsyncHttpClient-1-3] DEBUG org.asynchttpclient.netty.channel.ChannelManager - Adding key: http://localhost:40658 for channel [id: 0xad7b2598, L:/127.0.0.1:14903 - R:localhost/127.0.0.1:40658]
16:15:18.220 [Forwarding getCurrentUrl on session 1fdee5ed5865b3d710c44c813b61e7ce to remote] DEBUG org.asynchttpclient.netty.request.NettyRequestSender - Using pooled Channel '[id: 0xad7b2598, L:/127.0.0.1:14903 - R:localhost/127.0.0.1:40658]' for 'GET' to 'http://localhost:40658/session/1fdee5ed5865b3d710c44c813b61e7ce/url'
16:15:18.220 [Forwarding getCurrentUrl on session 1fdee5ed5865b3d710c44c813b61e7ce to remote] DEBUG org.asynchttpclient.netty.request.NettyRequestSender - Using open Channel [id: 0xad7b2598, L:/127.0.0.1:14903 - R:localhost/127.0.0.1:40658] for GET '/session/1fdee5ed5865b3d710c44c813b61e7ce/url'
16:15:18.224 [AsyncHttpClient-1-3] DEBUG org.asynchttpclient.netty.handler.HttpHandler - 

Request DefaultFullHttpRequest(decodeResult: success, version: HTTP/1.1, content: EmptyByteBufBE)
GET /session/1fdee5ed5865b3d710c44c813b61e7ce/url HTTP/1.1
User-Agent: selenium/4.8.1 (java windows)
Cache-Control: no-cache
Content-Type: application/json; charset=utf-8
host: localhost:40658
accept: */*

Response DefaultHttpResponse(decodeResult: success, version: HTTP/1.1)
HTTP/1.1 200 OK
Content-Length: 64
Content-Type: application/json; charset=utf-8
cache-control: no-cache

16:15:18.224 [AsyncHttpClient-1-3] DEBUG org.asynchttpclient.netty.channel.ChannelManager - Adding key: http://localhost:40658 for channel [id: 0xad7b2598, L:/127.0.0.1:14903 - R:localhost/127.0.0.1:40658]
16:15:18.238 [Forwarding getPageSource on session 1fdee5ed5865b3d710c44c813b61e7ce to remote] DEBUG org.asynchttpclient.netty.request.NettyRequestSender - Using pooled Channel '[id: 0xad7b2598, L:/127.0.0.1:14903 - R:localhost/127.0.0.1:40658]' for 'POST' to 'http://localhost:40658/session/1fdee5ed5865b3d710c44c813b61e7ce/execute/sync'
16:15:18.238 [Forwarding getPageSource on session 1fdee5ed5865b3d710c44c813b61e7ce to remote] DEBUG org.asynchttpclient.netty.request.NettyRequestSender - Using open Channel [id: 0xad7b2598, L:/127.0.0.1:14903 - R:localhost/127.0.0.1:40658] for POST '/session/1fdee5ed5865b3d710c44c813b61e7ce/execute/sync'
16:15:18.244 [AsyncHttpClient-1-3] DEBUG org.asynchttpclient.netty.handler.HttpHandler - 

Request DefaultHttpRequest(decodeResult: success, version: HTTP/1.1)
POST /session/1fdee5ed5865b3d710c44c813b61e7ce/execute/sync HTTP/1.1
User-Agent: selenium/4.8.1 (java windows)
Content-Length: 176
Content-Type: application/json; charset=utf-8
host: localhost:40658
accept: */*

Response DefaultHttpResponse(decodeResult: success, version: HTTP/1.1)
HTTP/1.1 200 OK
Content-Length: 6025
Content-Type: application/json; charset=utf-8
cache-control: no-cache

16:15:18.244 [AsyncHttpClient-1-3] DEBUG org.asynchttpclient.netty.channel.ChannelManager - Adding key: http://localhost:40658 for channel [id: 0xad7b2598, L:/127.0.0.1:14903 - R:localhost/127.0.0.1:40658]
16:15:18.250 [Forwarding getCurrentUrl on session 1fdee5ed5865b3d710c44c813b61e7ce to remote] DEBUG org.asynchttpclient.netty.request.NettyRequestSender - Using pooled Channel '[id: 0xad7b2598, L:/127.0.0.1:14903 - R:localhost/127.0.0.1:40658]' for 'GET' to 'http://localhost:40658/session/1fdee5ed5865b3d710c44c813b61e7ce/url'
16:15:18.250 [Forwarding getCurrentUrl on session 1fdee5ed5865b3d710c44c813b61e7ce to remote] DEBUG org.asynchttpclient.netty.request.NettyRequestSender - Using open Channel [id: 0xad7b2598, L:/127.0.0.1:14903 - R:localhost/127.0.0.1:40658] for GET '/session/1fdee5ed5865b3d710c44c813b61e7ce/url'
16:15:18.256 [AsyncHttpClient-1-3] DEBUG org.asynchttpclient.netty.handler.HttpHandler - 

Request DefaultFullHttpRequest(decodeResult: success, version: HTTP/1.1, content: EmptyByteBufBE)
GET /session/1fdee5ed5865b3d710c44c813b61e7ce/url HTTP/1.1
User-Agent: selenium/4.8.1 (java windows)
Cache-Control: no-cache
Content-Type: application/json; charset=utf-8
host: localhost:40658
accept: */*

Response DefaultHttpResponse(decodeResult: success, version: HTTP/1.1)
HTTP/1.1 200 OK
Content-Length: 64
Content-Type: application/json; charset=utf-8
cache-control: no-cache

16:15:18.256 [AsyncHttpClient-1-3] DEBUG org.asynchttpclient.netty.channel.ChannelManager - Adding key: http://localhost:40658 for channel [id: 0xad7b2598, L:/127.0.0.1:14903 - R:localhost/127.0.0.1:40658]
16:15:18.258 [main] DEBUG net.thucydides.core.steps.StepInterceptor - STARTING STEP: CustomerTransactionSteps.inputtPassworddd - inputtPassworddd
16:15:18.261 [Forwarding findElement on session 1fdee5ed5865b3d710c44c813b61e7ce to remote] DEBUG org.asynchttpclient.netty.request.NettyRequestSender - Using pooled Channel '[id: 0xad7b2598, L:/127.0.0.1:14903 - R:localhost/127.0.0.1:40658]' for 'POST' to 'http://localhost:40658/session/1fdee5ed5865b3d710c44c813b61e7ce/element'
16:15:18.261 [Forwarding findElement on session 1fdee5ed5865b3d710c44c813b61e7ce to remote] DEBUG org.asynchttpclient.netty.request.NettyRequestSender - Using open Channel [id: 0xad7b2598, L:/127.0.0.1:14903 - R:localhost/127.0.0.1:40658] for POST '/session/1fdee5ed5865b3d710c44c813b61e7ce/element'
16:15:18.285 [AsyncHttpClient-1-3] DEBUG org.asynchttpclient.netty.handler.HttpHandler - 

Request DefaultHttpRequest(decodeResult: success, version: HTTP/1.1)
POST /session/1fdee5ed5865b3d710c44c813b61e7ce/element HTTP/1.1
User-Agent: selenium/4.8.1 (java windows)
Content-Length: 70
Content-Type: application/json; charset=utf-8
host: localhost:40658
accept: */*

Response DefaultHttpResponse(decodeResult: success, version: HTTP/1.1)
HTTP/1.1 200 OK
Content-Length: 95
Content-Type: application/json; charset=utf-8
cache-control: no-cache

16:15:18.285 [AsyncHttpClient-1-3] DEBUG org.asynchttpclient.netty.channel.ChannelManager - Adding key: http://localhost:40658 for channel [id: 0xad7b2598, L:/127.0.0.1:14903 - R:localhost/127.0.0.1:40658]
16:15:18.286 [Forwarding clearElement on session 1fdee5ed5865b3d710c44c813b61e7ce to remote] DEBUG org.asynchttpclient.netty.request.NettyRequestSender - Using pooled Channel '[id: 0xad7b2598, L:/127.0.0.1:14903 - R:localhost/127.0.0.1:40658]' for 'POST' to 'http://localhost:40658/session/1fdee5ed5865b3d710c44c813b61e7ce/element/80E0DB6959A41AD192A1741D45D24EA8_element_13/clear'
16:15:18.286 [Forwarding clearElement on session 1fdee5ed5865b3d710c44c813b61e7ce to remote] DEBUG org.asynchttpclient.netty.request.NettyRequestSender - Using open Channel [id: 0xad7b2598, L:/127.0.0.1:14903 - R:localhost/127.0.0.1:40658] for POST '/session/1fdee5ed5865b3d710c44c813b61e7ce/element/80E0DB6959A41AD192A1741D45D24EA8_element_13/clear'
16:15:18.315 [AsyncHttpClient-1-3] DEBUG org.asynchttpclient.netty.handler.HttpHandler - 

Request DefaultHttpRequest(decodeResult: success, version: HTTP/1.1)
POST /session/1fdee5ed5865b3d710c44c813b61e7ce/element/80E0DB6959A41AD192A1741D45D24EA8_element_13/clear HTTP/1.1
User-Agent: selenium/4.8.1 (java windows)
Content-Length: 57
Content-Type: application/json; charset=utf-8
host: localhost:40658
accept: */*

Response DefaultHttpResponse(decodeResult: success, version: HTTP/1.1)
HTTP/1.1 200 OK
Content-Length: 14
Content-Type: application/json; charset=utf-8
cache-control: no-cache

16:15:18.316 [AsyncHttpClient-1-3] DEBUG org.asynchttpclient.netty.channel.ChannelManager - Adding key: http://localhost:40658 for channel [id: 0xad7b2598, L:/127.0.0.1:14903 - R:localhost/127.0.0.1:40658]
16:15:18.317 [Forwarding sendKeysToElement on session 1fdee5ed5865b3d710c44c813b61e7ce to remote] DEBUG org.asynchttpclient.netty.request.NettyRequestSender - Using pooled Channel '[id: 0xad7b2598, L:/127.0.0.1:14903 - R:localhost/127.0.0.1:40658]' for 'POST' to 'http://localhost:40658/session/1fdee5ed5865b3d710c44c813b61e7ce/element/80E0DB6959A41AD192A1741D45D24EA8_element_13/value'
16:15:18.318 [Forwarding sendKeysToElement on session 1fdee5ed5865b3d710c44c813b61e7ce to remote] DEBUG org.asynchttpclient.netty.request.NettyRequestSender - Using open Channel [id: 0xad7b2598, L:/127.0.0.1:14903 - R:localhost/127.0.0.1:40658] for POST '/session/1fdee5ed5865b3d710c44c813b61e7ce/element/80E0DB6959A41AD192A1741D45D24EA8_element_13/value'
16:15:18.507 [AsyncHttpClient-1-3] DEBUG org.asynchttpclient.netty.handler.HttpHandler - 

Request DefaultHttpRequest(decodeResult: success, version: HTTP/1.1)
POST /session/1fdee5ed5865b3d710c44c813b61e7ce/element/80E0DB6959A41AD192A1741D45D24EA8_element_13/value HTTP/1.1
User-Agent: selenium/4.8.1 (java windows)
Content-Length: 198
Content-Type: application/json; charset=utf-8
host: localhost:40658
accept: */*

Response DefaultHttpResponse(decodeResult: success, version: HTTP/1.1)
HTTP/1.1 200 OK
Content-Length: 14
Content-Type: application/json; charset=utf-8
cache-control: no-cache

16:15:18.507 [AsyncHttpClient-1-3] DEBUG org.asynchttpclient.netty.channel.ChannelManager - Adding key: http://localhost:40658 for channel [id: 0xad7b2598, L:/127.0.0.1:14903 - R:localhost/127.0.0.1:40658]
16:15:18.514 [Forwarding getAlertText on session 1fdee5ed5865b3d710c44c813b61e7ce to remote] DEBUG org.asynchttpclient.netty.request.NettyRequestSender - Using pooled Channel '[id: 0xad7b2598, L:/127.0.0.1:14903 - R:localhost/127.0.0.1:40658]' for 'GET' to 'http://localhost:40658/session/1fdee5ed5865b3d710c44c813b61e7ce/alert/text'
16:15:18.514 [Forwarding getAlertText on session 1fdee5ed5865b3d710c44c813b61e7ce to remote] DEBUG org.asynchttpclient.netty.request.NettyRequestSender - Using open Channel [id: 0xad7b2598, L:/127.0.0.1:14903 - R:localhost/127.0.0.1:40658] for GET '/session/1fdee5ed5865b3d710c44c813b61e7ce/alert/text'
16:15:18.517 [AsyncHttpClient-1-3] DEBUG org.asynchttpclient.netty.handler.HttpHandler - 

Request DefaultFullHttpRequest(decodeResult: success, version: HTTP/1.1, content: EmptyByteBufBE)
GET /session/1fdee5ed5865b3d710c44c813b61e7ce/alert/text HTTP/1.1
User-Agent: selenium/4.8.1 (java windows)
Cache-Control: no-cache
Content-Type: application/json; charset=utf-8
host: localhost:40658
accept: */*

Response DefaultHttpResponse(decodeResult: success, version: HTTP/1.1)
HTTP/1.1 404 Not Found
Content-Length: 807
Content-Type: application/json; charset=utf-8
cache-control: no-cache

16:15:18.517 [AsyncHttpClient-1-3] DEBUG org.asynchttpclient.netty.channel.ChannelManager - Adding key: http://localhost:40658 for channel [id: 0xad7b2598, L:/127.0.0.1:14903 - R:localhost/127.0.0.1:40658]
16:15:18.518 [Forwarding getCurrentUrl on session 1fdee5ed5865b3d710c44c813b61e7ce to remote] DEBUG org.asynchttpclient.netty.request.NettyRequestSender - Using pooled Channel '[id: 0xad7b2598, L:/127.0.0.1:14903 - R:localhost/127.0.0.1:40658]' for 'GET' to 'http://localhost:40658/session/1fdee5ed5865b3d710c44c813b61e7ce/url'
16:15:18.518 [Forwarding getCurrentUrl on session 1fdee5ed5865b3d710c44c813b61e7ce to remote] DEBUG org.asynchttpclient.netty.request.NettyRequestSender - Using open Channel [id: 0xad7b2598, L:/127.0.0.1:14903 - R:localhost/127.0.0.1:40658] for GET '/session/1fdee5ed5865b3d710c44c813b61e7ce/url'
16:15:18.521 [AsyncHttpClient-1-3] DEBUG org.asynchttpclient.netty.handler.HttpHandler - 

Request DefaultFullHttpRequest(decodeResult: success, version: HTTP/1.1, content: EmptyByteBufBE)
GET /session/1fdee5ed5865b3d710c44c813b61e7ce/url HTTP/1.1
User-Agent: selenium/4.8.1 (java windows)
Cache-Control: no-cache
Content-Type: application/json; charset=utf-8
host: localhost:40658
accept: */*

Response DefaultHttpResponse(decodeResult: success, version: HTTP/1.1)
HTTP/1.1 200 OK
Content-Length: 64
Content-Type: application/json; charset=utf-8
cache-control: no-cache

16:15:18.522 [AsyncHttpClient-1-3] DEBUG org.asynchttpclient.netty.channel.ChannelManager - Adding key: http://localhost:40658 for channel [id: 0xad7b2598, L:/127.0.0.1:14903 - R:localhost/127.0.0.1:40658]
16:15:18.522 [Forwarding screenshot on session 1fdee5ed5865b3d710c44c813b61e7ce to remote] DEBUG org.asynchttpclient.netty.request.NettyRequestSender - Using pooled Channel '[id: 0xad7b2598, L:/127.0.0.1:14903 - R:localhost/127.0.0.1:40658]' for 'GET' to 'http://localhost:40658/session/1fdee5ed5865b3d710c44c813b61e7ce/screenshot'
16:15:18.522 [Forwarding screenshot on session 1fdee5ed5865b3d710c44c813b61e7ce to remote] DEBUG org.asynchttpclient.netty.request.NettyRequestSender - Using open Channel [id: 0xad7b2598, L:/127.0.0.1:14903 - R:localhost/127.0.0.1:40658] for GET '/session/1fdee5ed5865b3d710c44c813b61e7ce/screenshot'
16:15:18.692 [AsyncHttpClient-1-3] DEBUG org.asynchttpclient.netty.handler.HttpHandler - 

Request DefaultFullHttpRequest(decodeResult: success, version: HTTP/1.1, content: EmptyByteBufBE)
GET /session/1fdee5ed5865b3d710c44c813b61e7ce/screenshot HTTP/1.1
User-Agent: selenium/4.8.1 (java windows)
Cache-Control: no-cache
Content-Type: application/json; charset=utf-8
host: localhost:40658
accept: */*

Response DefaultHttpResponse(decodeResult: success, version: HTTP/1.1)
HTTP/1.1 200 OK
Content-Length: 124768
Content-Type: application/json; charset=utf-8
cache-control: no-cache

16:15:18.692 [AsyncHttpClient-1-3] DEBUG org.asynchttpclient.netty.channel.ChannelManager - Adding key: http://localhost:40658 for channel [id: 0xad7b2598, L:/127.0.0.1:14903 - R:localhost/127.0.0.1:40658]
16:15:18.700 [main] DEBUG net.serenitybdd.core.photography.Darkroom - Send negative for processing for target\site\serenity\a482bc7bd961aca5e94723349c45a43c2640dfe964600ce63e970df6c5797a73.png
16:15:18.700 [main] DEBUG net.thucydides.core.steps.StepInterceptor - STEP DONE: inputtPassworddd
  &amp#27;[32mAnd &amp#27;[0m&amp#27;[32mI inputtt passworddd&amp#27;[0m                                             &amp#27;[90m# Starter.Stepdefitions.CustomerTransactionSteps.inputtPassworddd()&amp#27;[0m
16:15:18.709 [Forwarding getPageSource on session 1fdee5ed5865b3d710c44c813b61e7ce to remote] DEBUG org.asynchttpclient.netty.request.NettyRequestSender - Using pooled Channel '[id: 0xad7b2598, L:/127.0.0.1:14903 - R:localhost/127.0.0.1:40658]' for 'POST' to 'http://localhost:40658/session/1fdee5ed5865b3d710c44c813b61e7ce/execute/sync'
16:15:18.709 [Forwarding getPageSource on session 1fdee5ed5865b3d710c44c813b61e7ce to remote] DEBUG org.asynchttpclient.netty.request.NettyRequestSender - Using open Channel [id: 0xad7b2598, L:/127.0.0.1:14903 - R:localhost/127.0.0.1:40658] for POST '/session/1fdee5ed5865b3d710c44c813b61e7ce/execute/sync'
16:15:18.714 [AsyncHttpClient-1-3] DEBUG org.asynchttpclient.netty.handler.HttpHandler - 

Request DefaultHttpRequest(decodeResult: success, version: HTTP/1.1)
POST /session/1fdee5ed5865b3d710c44c813b61e7ce/execute/sync HTTP/1.1
User-Agent: selenium/4.8.1 (java windows)
Content-Length: 176
Content-Type: application/json; charset=utf-8
host: localhost:40658
accept: */*

Response DefaultHttpResponse(decodeResult: success, version: HTTP/1.1)
HTTP/1.1 200 OK
Content-Length: 6036
Content-Type: application/json; charset=utf-8
cache-control: no-cache

16:15:18.714 [AsyncHttpClient-1-3] DEBUG org.asynchttpclient.netty.channel.ChannelManager - Adding key: http://localhost:40658 for channel [id: 0xad7b2598, L:/127.0.0.1:14903 - R:localhost/127.0.0.1:40658]
16:15:18.716 [Forwarding getCurrentUrl on session 1fdee5ed5865b3d710c44c813b61e7ce to remote] DEBUG org.asynchttpclient.netty.request.NettyRequestSender - Using pooled Channel '[id: 0xad7b2598, L:/127.0.0.1:14903 - R:localhost/127.0.0.1:40658]' for 'GET' to 'http://localhost:40658/session/1fdee5ed5865b3d710c44c813b61e7ce/url'
16:15:18.717 [Forwarding getCurrentUrl on session 1fdee5ed5865b3d710c44c813b61e7ce to remote] DEBUG org.asynchttpclient.netty.request.NettyRequestSender - Using open Channel [id: 0xad7b2598, L:/127.0.0.1:14903 - R:localhost/127.0.0.1:40658] for GET '/session/1fdee5ed5865b3d710c44c813b61e7ce/url'
16:15:18.721 [AsyncHttpClient-1-3] DEBUG org.asynchttpclient.netty.handler.HttpHandler - 

Request DefaultFullHttpRequest(decodeResult: success, version: HTTP/1.1, content: EmptyByteBufBE)
GET /session/1fdee5ed5865b3d710c44c813b61e7ce/url HTTP/1.1
User-Agent: selenium/4.8.1 (java windows)
Cache-Control: no-cache
Content-Type: application/json; charset=utf-8
host: localhost:40658
accept: */*

Response DefaultHttpResponse(decodeResult: success, version: HTTP/1.1)
HTTP/1.1 200 OK
Content-Length: 64
Content-Type: application/json; charset=utf-8
cache-control: no-cache

16:15:18.721 [AsyncHttpClient-1-3] DEBUG org.asynchttpclient.netty.channel.ChannelManager - Adding key: http://localhost:40658 for channel [id: 0xad7b2598, L:/127.0.0.1:14903 - R:localhost/127.0.0.1:40658]
16:15:18.730 [Forwarding getPageSource on session 1fdee5ed5865b3d710c44c813b61e7ce to remote] DEBUG org.asynchttpclient.netty.request.NettyRequestSender - Using pooled Channel '[id: 0xad7b2598, L:/127.0.0.1:14903 - R:localhost/127.0.0.1:40658]' for 'POST' to 'http://localhost:40658/session/1fdee5ed5865b3d710c44c813b61e7ce/execute/sync'
16:15:18.730 [Forwarding getPageSource on session 1fdee5ed5865b3d710c44c813b61e7ce to remote] DEBUG org.asynchttpclient.netty.request.NettyRequestSender - Using open Channel [id: 0xad7b2598, L:/127.0.0.1:14903 - R:localhost/127.0.0.1:40658] for POST '/session/1fdee5ed5865b3d710c44c813b61e7ce/execute/sync'
16:15:18.735 [AsyncHttpClient-1-3] DEBUG org.asynchttpclient.netty.handler.HttpHandler - 

Request DefaultHttpRequest(decodeResult: success, version: HTTP/1.1)
POST /session/1fdee5ed5865b3d710c44c813b61e7ce/execute/sync HTTP/1.1
User-Agent: selenium/4.8.1 (java windows)
Content-Length: 176
Content-Type: application/json; charset=utf-8
host: localhost:40658
accept: */*

Response DefaultHttpResponse(decodeResult: success, version: HTTP/1.1)
HTTP/1.1 200 OK
Content-Length: 6036
Content-Type: application/json; charset=utf-8
cache-control: no-cache

16:15:18.735 [AsyncHttpClient-1-3] DEBUG org.asynchttpclient.netty.channel.ChannelManager - Adding key: http://localhost:40658 for channel [id: 0xad7b2598, L:/127.0.0.1:14903 - R:localhost/127.0.0.1:40658]
16:15:18.737 [Forwarding getCurrentUrl on session 1fdee5ed5865b3d710c44c813b61e7ce to remote] DEBUG org.asynchttpclient.netty.request.NettyRequestSender - Using pooled Channel '[id: 0xad7b2598, L:/127.0.0.1:14903 - R:localhost/127.0.0.1:40658]' for 'GET' to 'http://localhost:40658/session/1fdee5ed5865b3d710c44c813b61e7ce/url'
16:15:18.737 [Forwarding getCurrentUrl on session 1fdee5ed5865b3d710c44c813b61e7ce to remote] DEBUG org.asynchttpclient.netty.request.NettyRequestSender - Using open Channel [id: 0xad7b2598, L:/127.0.0.1:14903 - R:localhost/127.0.0.1:40658] for GET '/session/1fdee5ed5865b3d710c44c813b61e7ce/url'
16:15:18.741 [AsyncHttpClient-1-3] DEBUG org.asynchttpclient.netty.handler.HttpHandler - 

Request DefaultFullHttpRequest(decodeResult: success, version: HTTP/1.1, content: EmptyByteBufBE)
GET /session/1fdee5ed5865b3d710c44c813b61e7ce/url HTTP/1.1
User-Agent: selenium/4.8.1 (java windows)
Cache-Control: no-cache
Content-Type: application/json; charset=utf-8
host: localhost:40658
accept: */*

Response DefaultHttpResponse(decodeResult: success, version: HTTP/1.1)
HTTP/1.1 200 OK
Content-Length: 64
Content-Type: application/json; charset=utf-8
cache-control: no-cache

16:15:18.741 [AsyncHttpClient-1-3] DEBUG org.asynchttpclient.netty.channel.ChannelManager - Adding key: http://localhost:40658 for channel [id: 0xad7b2598, L:/127.0.0.1:14903 - R:localhost/127.0.0.1:40658]
16:15:18.743 [main] DEBUG net.thucydides.core.steps.StepInterceptor - STARTING STEP: CustomerTransactionSteps.clickkSignInButtonnn - clickkSignInButtonnn
16:15:18.747 [Forwarding findElement on session 1fdee5ed5865b3d710c44c813b61e7ce to remote] DEBUG org.asynchttpclient.netty.request.NettyRequestSender - Using pooled Channel '[id: 0xad7b2598, L:/127.0.0.1:14903 - R:localhost/127.0.0.1:40658]' for 'POST' to 'http://localhost:40658/session/1fdee5ed5865b3d710c44c813b61e7ce/element'
16:15:18.747 [Forwarding findElement on session 1fdee5ed5865b3d710c44c813b61e7ce to remote] DEBUG org.asynchttpclient.netty.request.NettyRequestSender - Using open Channel [id: 0xad7b2598, L:/127.0.0.1:14903 - R:localhost/127.0.0.1:40658] for POST '/session/1fdee5ed5865b3d710c44c813b61e7ce/element'
16:15:18.758 [AsyncHttpClient-1-3] DEBUG org.asynchttpclient.netty.handler.HttpHandler - 

Request DefaultHttpRequest(decodeResult: success, version: HTTP/1.1)
POST /session/1fdee5ed5865b3d710c44c813b61e7ce/element HTTP/1.1
User-Agent: selenium/4.8.1 (java windows)
Content-Length: 69
Content-Type: application/json; charset=utf-8
host: localhost:40658
accept: */*

Response DefaultHttpResponse(decodeResult: success, version: HTTP/1.1)
HTTP/1.1 200 OK
Content-Length: 95
Content-Type: application/json; charset=utf-8
cache-control: no-cache

16:15:18.758 [AsyncHttpClient-1-3] DEBUG org.asynchttpclient.netty.channel.ChannelManager - Adding key: http://localhost:40658 for channel [id: 0xad7b2598, L:/127.0.0.1:14903 - R:localhost/127.0.0.1:40658]
16:15:18.760 [Forwarding getElementTagName on session 1fdee5ed5865b3d710c44c813b61e7ce to remote] DEBUG org.asynchttpclient.netty.request.NettyRequestSender - Using pooled Channel '[id: 0xad7b2598, L:/127.0.0.1:14903 - R:localhost/127.0.0.1:40658]' for 'GET' to 'http://localhost:40658/session/1fdee5ed5865b3d710c44c813b61e7ce/element/80E0DB6959A41AD192A1741D45D24EA8_element_18/name'
16:15:18.760 [Forwarding getElementTagName on session 1fdee5ed5865b3d710c44c813b61e7ce to remote] DEBUG org.asynchttpclient.netty.request.NettyRequestSender - Using open Channel [id: 0xad7b2598, L:/127.0.0.1:14903 - R:localhost/127.0.0.1:40658] for GET '/session/1fdee5ed5865b3d710c44c813b61e7ce/element/80E0DB6959A41AD192A1741D45D24EA8_element_18/name'
16:15:18.764 [AsyncHttpClient-1-3] DEBUG org.asynchttpclient.netty.handler.HttpHandler - 

Request DefaultFullHttpRequest(decodeResult: success, version: HTTP/1.1, content: EmptyByteBufBE)
GET /session/1fdee5ed5865b3d710c44c813b61e7ce/element/80E0DB6959A41AD192A1741D45D24EA8_element_18/name HTTP/1.1
User-Agent: selenium/4.8.1 (java windows)
Cache-Control: no-cache
Content-Type: application/json; charset=utf-8
host: localhost:40658
accept: */*

Response DefaultHttpResponse(decodeResult: success, version: HTTP/1.1)
HTTP/1.1 200 OK
Content-Length: 18
Content-Type: application/json; charset=utf-8
cache-control: no-cache

16:15:18.765 [AsyncHttpClient-1-3] DEBUG org.asynchttpclient.netty.channel.ChannelManager - Adding key: http://localhost:40658 for channel [id: 0xad7b2598, L:/127.0.0.1:14903 - R:localhost/127.0.0.1:40658]
16:15:18.766 [Forwarding getElementTagName on session 1fdee5ed5865b3d710c44c813b61e7ce to remote] DEBUG org.asynchttpclient.netty.request.NettyRequestSender - Using pooled Channel '[id: 0xad7b2598, L:/127.0.0.1:14903 - R:localhost/127.0.0.1:40658]' for 'GET' to 'http://localhost:40658/session/1fdee5ed5865b3d710c44c813b61e7ce/element/80E0DB6959A41AD192A1741D45D24EA8_element_18/name'
16:15:18.766 [Forwarding getElementTagName on session 1fdee5ed5865b3d710c44c813b61e7ce to remote] DEBUG org.asynchttpclient.netty.request.NettyRequestSender - Using open Channel [id: 0xad7b2598, L:/127.0.0.1:14903 - R:localhost/127.0.0.1:40658] for GET '/session/1fdee5ed5865b3d710c44c813b61e7ce/element/80E0DB6959A41AD192A1741D45D24EA8_element_18/name'
16:15:18.769 [AsyncHttpClient-1-3] DEBUG org.asynchttpclient.netty.handler.HttpHandler - 

Request DefaultFullHttpRequest(decodeResult: success, version: HTTP/1.1, content: EmptyByteBufBE)
GET /session/1fdee5ed5865b3d710c44c813b61e7ce/element/80E0DB6959A41AD192A1741D45D24EA8_element_18/name HTTP/1.1
User-Agent: selenium/4.8.1 (java windows)
Cache-Control: no-cache
Content-Type: application/json; charset=utf-8
host: localhost:40658
accept: */*

Response DefaultHttpResponse(decodeResult: success, version: HTTP/1.1)
HTTP/1.1 200 OK
Content-Length: 18
Content-Type: application/json; charset=utf-8
cache-control: no-cache

16:15:18.770 [AsyncHttpClient-1-3] DEBUG org.asynchttpclient.netty.channel.ChannelManager - Adding key: http://localhost:40658 for channel [id: 0xad7b2598, L:/127.0.0.1:14903 - R:localhost/127.0.0.1:40658]
16:15:18.772 [Forwarding isElementEnabled on session 1fdee5ed5865b3d710c44c813b61e7ce to remote] DEBUG org.asynchttpclient.netty.request.NettyRequestSender - Using pooled Channel '[id: 0xad7b2598, L:/127.0.0.1:14903 - R:localhost/127.0.0.1:40658]' for 'GET' to 'http://localhost:40658/session/1fdee5ed5865b3d710c44c813b61e7ce/element/80E0DB6959A41AD192A1741D45D24EA8_element_18/enabled'
16:15:18.772 [Forwarding isElementEnabled on session 1fdee5ed5865b3d710c44c813b61e7ce to remote] DEBUG org.asynchttpclient.netty.request.NettyRequestSender - Using open Channel [id: 0xad7b2598, L:/127.0.0.1:14903 - R:localhost/127.0.0.1:40658] for GET '/session/1fdee5ed5865b3d710c44c813b61e7ce/element/80E0DB6959A41AD192A1741D45D24EA8_element_18/enabled'
16:15:18.778 [AsyncHttpClient-1-3] DEBUG org.asynchttpclient.netty.handler.HttpHandler - 

Request DefaultFullHttpRequest(decodeResult: success, version: HTTP/1.1, content: EmptyByteBufBE)
GET /session/1fdee5ed5865b3d710c44c813b61e7ce/element/80E0DB6959A41AD192A1741D45D24EA8_element_18/enabled HTTP/1.1
User-Agent: selenium/4.8.1 (java windows)
Cache-Control: no-cache
Content-Type: application/json; charset=utf-8
host: localhost:40658
accept: */*

Response DefaultHttpResponse(decodeResult: success, version: HTTP/1.1)
HTTP/1.1 200 OK
Content-Length: 14
Content-Type: application/json; charset=utf-8
cache-control: no-cache

16:15:18.778 [AsyncHttpClient-1-3] DEBUG org.asynchttpclient.netty.channel.ChannelManager - Adding key: http://localhost:40658 for channel [id: 0xad7b2598, L:/127.0.0.1:14903 - R:localhost/127.0.0.1:40658]
16:15:18.780 [Forwarding isElementEnabled on session 1fdee5ed5865b3d710c44c813b61e7ce to remote] DEBUG org.asynchttpclient.netty.request.NettyRequestSender - Using pooled Channel '[id: 0xad7b2598, L:/127.0.0.1:14903 - R:localhost/127.0.0.1:40658]' for 'GET' to 'http://localhost:40658/session/1fdee5ed5865b3d710c44c813b61e7ce/element/80E0DB6959A41AD192A1741D45D24EA8_element_18/enabled'
16:15:18.780 [Forwarding isElementEnabled on session 1fdee5ed5865b3d710c44c813b61e7ce to remote] DEBUG org.asynchttpclient.netty.request.NettyRequestSender - Using open Channel [id: 0xad7b2598, L:/127.0.0.1:14903 - R:localhost/127.0.0.1:40658] for GET '/session/1fdee5ed5865b3d710c44c813b61e7ce/element/80E0DB6959A41AD192A1741D45D24EA8_element_18/enabled'
16:15:18.786 [AsyncHttpClient-1-3] DEBUG org.asynchttpclient.netty.handler.HttpHandler - 

Request DefaultFullHttpRequest(decodeResult: success, version: HTTP/1.1, content: EmptyByteBufBE)
GET /session/1fdee5ed5865b3d710c44c813b61e7ce/element/80E0DB6959A41AD192A1741D45D24EA8_element_18/enabled HTTP/1.1
User-Agent: selenium/4.8.1 (java windows)
Cache-Control: no-cache
Content-Type: application/json; charset=utf-8
host: localhost:40658
accept: */*

Response DefaultHttpResponse(decodeResult: success, version: HTTP/1.1)
HTTP/1.1 200 OK
Content-Length: 14
Content-Type: application/json; charset=utf-8
cache-control: no-cache

16:15:18.786 [AsyncHttpClient-1-3] DEBUG org.asynchttpclient.netty.channel.ChannelManager - Adding key: http://localhost:40658 for channel [id: 0xad7b2598, L:/127.0.0.1:14903 - R:localhost/127.0.0.1:40658]
16:15:18.788 [Forwarding findElement on session 1fdee5ed5865b3d710c44c813b61e7ce to remote] DEBUG org.asynchttpclient.netty.request.NettyRequestSender - Using pooled Channel '[id: 0xad7b2598, L:/127.0.0.1:14903 - R:localhost/127.0.0.1:40658]' for 'POST' to 'http://localhost:40658/session/1fdee5ed5865b3d710c44c813b61e7ce/element'
16:15:18.788 [Forwarding findElement on session 1fdee5ed5865b3d710c44c813b61e7ce to remote] DEBUG org.asynchttpclient.netty.request.NettyRequestSender - Using open Channel [id: 0xad7b2598, L:/127.0.0.1:14903 - R:localhost/127.0.0.1:40658] for POST '/session/1fdee5ed5865b3d710c44c813b61e7ce/element'
16:15:18.795 [AsyncHttpClient-1-3] DEBUG org.asynchttpclient.netty.handler.HttpHandler - 

Request DefaultHttpRequest(decodeResult: success, version: HTTP/1.1)
POST /session/1fdee5ed5865b3d710c44c813b61e7ce/element HTTP/1.1
User-Agent: selenium/4.8.1 (java windows)
Content-Length: 69
Content-Type: application/json; charset=utf-8
host: localhost:40658
accept: */*

Response DefaultHttpResponse(decodeResult: success, version: HTTP/1.1)
HTTP/1.1 200 OK
Content-Length: 95
Content-Type: application/json; charset=utf-8
cache-control: no-cache

16:15:18.795 [AsyncHttpClient-1-3] DEBUG org.asynchttpclient.netty.channel.ChannelManager - Adding key: http://localhost:40658 for channel [id: 0xad7b2598, L:/127.0.0.1:14903 - R:localhost/127.0.0.1:40658]
16:15:18.796 [Forwarding clickElement on session 1fdee5ed5865b3d710c44c813b61e7ce to remote] DEBUG org.asynchttpclient.netty.request.NettyRequestSender - Using pooled Channel '[id: 0xad7b2598, L:/127.0.0.1:14903 - R:localhost/127.0.0.1:40658]' for 'POST' to 'http://localhost:40658/session/1fdee5ed5865b3d710c44c813b61e7ce/element/80E0DB6959A41AD192A1741D45D24EA8_element_18/click'
16:15:18.796 [Forwarding clickElement on session 1fdee5ed5865b3d710c44c813b61e7ce to remote] DEBUG org.asynchttpclient.netty.request.NettyRequestSender - Using open Channel [id: 0xad7b2598, L:/127.0.0.1:14903 - R:localhost/127.0.0.1:40658] for POST '/session/1fdee5ed5865b3d710c44c813b61e7ce/element/80E0DB6959A41AD192A1741D45D24EA8_element_18/click'
16:15:18.852 [AsyncHttpClient-1-3] DEBUG org.asynchttpclient.netty.handler.HttpHandler - 

Request DefaultHttpRequest(decodeResult: success, version: HTTP/1.1)
POST /session/1fdee5ed5865b3d710c44c813b61e7ce/element/80E0DB6959A41AD192A1741D45D24EA8_element_18/click HTTP/1.1
User-Agent: selenium/4.8.1 (java windows)
Content-Length: 57
Content-Type: application/json; charset=utf-8
host: localhost:40658
accept: */*

Response DefaultHttpResponse(decodeResult: success, version: HTTP/1.1)
HTTP/1.1 200 OK
Content-Length: 14
Content-Type: application/json; charset=utf-8
cache-control: no-cache

16:15:18.852 [AsyncHttpClient-1-3] DEBUG org.asynchttpclient.netty.channel.ChannelManager - Adding key: http://localhost:40658 for channel [id: 0xad7b2598, L:/127.0.0.1:14903 - R:localhost/127.0.0.1:40658]
16:15:18.861 [Forwarding getAlertText on session 1fdee5ed5865b3d710c44c813b61e7ce to remote] DEBUG org.asynchttpclient.netty.request.NettyRequestSender - Using pooled Channel '[id: 0xad7b2598, L:/127.0.0.1:14903 - R:localhost/127.0.0.1:40658]' for 'GET' to 'http://localhost:40658/session/1fdee5ed5865b3d710c44c813b61e7ce/alert/text'
16:15:18.862 [Forwarding getAlertText on session 1fdee5ed5865b3d710c44c813b61e7ce to remote] DEBUG org.asynchttpclient.netty.request.NettyRequestSender - Using open Channel [id: 0xad7b2598, L:/127.0.0.1:14903 - R:localhost/127.0.0.1:40658] for GET '/session/1fdee5ed5865b3d710c44c813b61e7ce/alert/text'
16:15:18.864 [AsyncHttpClient-1-3] DEBUG org.asynchttpclient.netty.handler.HttpHandler - 

Request DefaultFullHttpRequest(decodeResult: success, version: HTTP/1.1, content: EmptyByteBufBE)
GET /session/1fdee5ed5865b3d710c44c813b61e7ce/alert/text HTTP/1.1
User-Agent: selenium/4.8.1 (java windows)
Cache-Control: no-cache
Content-Type: application/json; charset=utf-8
host: localhost:40658
accept: */*

Response DefaultHttpResponse(decodeResult: success, version: HTTP/1.1)
HTTP/1.1 404 Not Found
Content-Length: 807
Content-Type: application/json; charset=utf-8
cache-control: no-cache

16:15:18.868 [AsyncHttpClient-1-3] DEBUG org.asynchttpclient.netty.channel.ChannelManager - Adding key: http://localhost:40658 for channel [id: 0xad7b2598, L:/127.0.0.1:14903 - R:localhost/127.0.0.1:40658]
16:15:18.869 [Forwarding getCurrentUrl on session 1fdee5ed5865b3d710c44c813b61e7ce to remote] DEBUG org.asynchttpclient.netty.request.NettyRequestSender - Using pooled Channel '[id: 0xad7b2598, L:/127.0.0.1:14903 - R:localhost/127.0.0.1:40658]' for 'GET' to 'http://localhost:40658/session/1fdee5ed5865b3d710c44c813b61e7ce/url'
16:15:18.869 [Forwarding getCurrentUrl on session 1fdee5ed5865b3d710c44c813b61e7ce to remote] DEBUG org.asynchttpclient.netty.request.NettyRequestSender - Using open Channel [id: 0xad7b2598, L:/127.0.0.1:14903 - R:localhost/127.0.0.1:40658] for GET '/session/1fdee5ed5865b3d710c44c813b61e7ce/url'
16:15:18.873 [AsyncHttpClient-1-3] DEBUG org.asynchttpclient.netty.handler.HttpHandler - 

Request DefaultFullHttpRequest(decodeResult: success, version: HTTP/1.1, content: EmptyByteBufBE)
GET /session/1fdee5ed5865b3d710c44c813b61e7ce/url HTTP/1.1
User-Agent: selenium/4.8.1 (java windows)
Cache-Control: no-cache
Content-Type: application/json; charset=utf-8
host: localhost:40658
accept: */*

Response DefaultHttpResponse(decodeResult: success, version: HTTP/1.1)
HTTP/1.1 200 OK
Content-Length: 64
Content-Type: application/json; charset=utf-8
cache-control: no-cache

16:15:18.873 [AsyncHttpClient-1-3] DEBUG org.asynchttpclient.netty.channel.ChannelManager - Adding key: http://localhost:40658 for channel [id: 0xad7b2598, L:/127.0.0.1:14903 - R:localhost/127.0.0.1:40658]
16:15:18.874 [Forwarding screenshot on session 1fdee5ed5865b3d710c44c813b61e7ce to remote] DEBUG org.asynchttpclient.netty.request.NettyRequestSender - Using pooled Channel '[id: 0xad7b2598, L:/127.0.0.1:14903 - R:localhost/127.0.0.1:40658]' for 'GET' to 'http://localhost:40658/session/1fdee5ed5865b3d710c44c813b61e7ce/screenshot'
16:15:18.874 [Forwarding screenshot on session 1fdee5ed5865b3d710c44c813b61e7ce to remote] DEBUG org.asynchttpclient.netty.request.NettyRequestSender - Using open Channel [id: 0xad7b2598, L:/127.0.0.1:14903 - R:localhost/127.0.0.1:40658] for GET '/session/1fdee5ed5865b3d710c44c813b61e7ce/screenshot'
16:15:19.002 [AsyncHttpClient-1-3] DEBUG org.asynchttpclient.netty.handler.HttpHandler - 

Request DefaultFullHttpRequest(decodeResult: success, version: HTTP/1.1, content: EmptyByteBufBE)
GET /session/1fdee5ed5865b3d710c44c813b61e7ce/screenshot HTTP/1.1
User-Agent: selenium/4.8.1 (java windows)
Cache-Control: no-cache
Content-Type: application/json; charset=utf-8
host: localhost:40658
accept: */*

Response DefaultHttpResponse(decodeResult: success, version: HTTP/1.1)
HTTP/1.1 200 OK
Content-Length: 124660
Content-Type: application/json; charset=utf-8
cache-control: no-cache

16:15:19.003 [AsyncHttpClient-1-3] DEBUG org.asynchttpclient.netty.channel.ChannelManager - Adding key: http://localhost:40658 for channel [id: 0xad7b2598, L:/127.0.0.1:14903 - R:localhost/127.0.0.1:40658]
16:15:19.010 [main] DEBUG net.serenitybdd.core.photography.Darkroom - Send negative for processing for target\site\serenity\9f635038e83f9082bd072916054d4e39f4a83a9e39c2e4346878f830416aadba.png
16:15:19.010 [main] DEBUG net.thucydides.core.steps.StepInterceptor - STEP DONE: clickkSignInButtonnn
16:15:19.010 [Darkroom Processing Line] DEBUG net.serenitybdd.core.photography.DarkroomProcessingLine - Processing screenshot image in /var/screenshots/screenshot-7730518671262307760
  &amp#27;[32mAnd &amp#27;[0m&amp#27;[32mI clickk sign innn&amp#27;[0m                                               &amp#27;[90m# Starter.Stepdefitions.CustomerTransactionSteps.clickkSignInButtonnn()&amp#27;[0m
16:15:19.011 [Darkroom Processing Line] DEBUG net.serenitybdd.core.photography.DarkroomProcessingLine - Saving screenshot to target\site\serenity\9f635038e83f9082bd072916054d4e39f4a83a9e39c2e4346878f830416aadba.png
16:15:19.027 [Forwarding getPageSource on session 1fdee5ed5865b3d710c44c813b61e7ce to remote] DEBUG org.asynchttpclient.netty.request.NettyRequestSender - Using pooled Channel '[id: 0xad7b2598, L:/127.0.0.1:14903 - R:localhost/127.0.0.1:40658]' for 'POST' to 'http://localhost:40658/session/1fdee5ed5865b3d710c44c813b61e7ce/execute/sync'
16:15:19.028 [Forwarding getPageSource on session 1fdee5ed5865b3d710c44c813b61e7ce to remote] DEBUG org.asynchttpclient.netty.request.NettyRequestSender - Using open Channel [id: 0xad7b2598, L:/127.0.0.1:14903 - R:localhost/127.0.0.1:40658] for POST '/session/1fdee5ed5865b3d710c44c813b61e7ce/execute/sync'
16:15:19.035 [AsyncHttpClient-1-3] DEBUG org.asynchttpclient.netty.handler.HttpHandler - 

Request DefaultHttpRequest(decodeResult: success, version: HTTP/1.1)
POST /session/1fdee5ed5865b3d710c44c813b61e7ce/execute/sync HTTP/1.1
User-Agent: selenium/4.8.1 (java windows)
Content-Length: 176
Content-Type: application/json; charset=utf-8
host: localhost:40658
accept: */*

Response DefaultHttpResponse(decodeResult: success, version: HTTP/1.1)
HTTP/1.1 200 OK
Content-Length: 6020
Content-Type: application/json; charset=utf-8
cache-control: no-cache

16:15:19.035 [AsyncHttpClient-1-3] DEBUG org.asynchttpclient.netty.channel.ChannelManager - Adding key: http://localhost:40658 for channel [id: 0xad7b2598, L:/127.0.0.1:14903 - R:localhost/127.0.0.1:40658]
16:15:19.036 [Forwarding getCurrentUrl on session 1fdee5ed5865b3d710c44c813b61e7ce to remote] DEBUG org.asynchttpclient.netty.request.NettyRequestSender - Using pooled Channel '[id: 0xad7b2598, L:/127.0.0.1:14903 - R:localhost/127.0.0.1:40658]' for 'GET' to 'http://localhost:40658/session/1fdee5ed5865b3d710c44c813b61e7ce/url'
16:15:19.036 [Forwarding getCurrentUrl on session 1fdee5ed5865b3d710c44c813b61e7ce to remote] DEBUG org.asynchttpclient.netty.request.NettyRequestSender - Using open Channel [id: 0xad7b2598, L:/127.0.0.1:14903 - R:localhost/127.0.0.1:40658] for GET '/session/1fdee5ed5865b3d710c44c813b61e7ce/url'
16:15:19.041 [AsyncHttpClient-1-3] DEBUG org.asynchttpclient.netty.handler.HttpHandler - 

Request DefaultFullHttpRequest(decodeResult: success, version: HTTP/1.1, content: EmptyByteBufBE)
GET /session/1fdee5ed5865b3d710c44c813b61e7ce/url HTTP/1.1
User-Agent: selenium/4.8.1 (java windows)
Cache-Control: no-cache
Content-Type: application/json; charset=utf-8
host: localhost:40658
accept: */*

Response DefaultHttpResponse(decodeResult: success, version: HTTP/1.1)
HTTP/1.1 200 OK
Content-Length: 64
Content-Type: application/json; charset=utf-8
cache-control: no-cache

16:15:19.041 [AsyncHttpClient-1-3] DEBUG org.asynchttpclient.netty.channel.ChannelManager - Adding key: http://localhost:40658 for channel [id: 0xad7b2598, L:/127.0.0.1:14903 - R:localhost/127.0.0.1:40658]
16:15:19.145 [AsyncHttpClient-1-1] DEBUG org.asynchttpclient.netty.channel.DefaultChannelPool - Entry count for : http://localhost:40658 : 1
16:15:19.146 [AsyncHttpClient-1-1] DEBUG org.asynchttpclient.netty.channel.DefaultChannelPool - Entry count for : http://localhost:14904 : 1
16:15:19.224 [Forwarding getAlertText on session 1fdee5ed5865b3d710c44c813b61e7ce to remote] DEBUG org.asynchttpclient.netty.request.NettyRequestSender - Using pooled Channel '[id: 0xad7b2598, L:/127.0.0.1:14903 - R:localhost/127.0.0.1:40658]' for 'GET' to 'http://localhost:40658/session/1fdee5ed5865b3d710c44c813b61e7ce/alert/text'
16:15:19.224 [Forwarding getAlertText on session 1fdee5ed5865b3d710c44c813b61e7ce to remote] DEBUG org.asynchttpclient.netty.request.NettyRequestSender - Using open Channel [id: 0xad7b2598, L:/127.0.0.1:14903 - R:localhost/127.0.0.1:40658] for GET '/session/1fdee5ed5865b3d710c44c813b61e7ce/alert/text'
16:15:19.226 [AsyncHttpClient-1-3] DEBUG org.asynchttpclient.netty.handler.HttpHandler - 

Request DefaultFullHttpRequest(decodeResult: success, version: HTTP/1.1, content: EmptyByteBufBE)
GET /session/1fdee5ed5865b3d710c44c813b61e7ce/alert/text HTTP/1.1
User-Agent: selenium/4.8.1 (java windows)
Cache-Control: no-cache
Content-Type: application/json; charset=utf-8
host: localhost:40658
accept: */*

Response DefaultHttpResponse(decodeResult: success, version: HTTP/1.1)
HTTP/1.1 404 Not Found
Content-Length: 807
Content-Type: application/json; charset=utf-8
cache-control: no-cache

16:15:19.226 [AsyncHttpClient-1-3] DEBUG org.asynchttpclient.netty.channel.ChannelManager - Adding key: http://localhost:40658 for channel [id: 0xad7b2598, L:/127.0.0.1:14903 - R:localhost/127.0.0.1:40658]
16:15:19.227 [Forwarding getCurrentUrl on session 1fdee5ed5865b3d710c44c813b61e7ce to remote] DEBUG org.asynchttpclient.netty.request.NettyRequestSender - Using pooled Channel '[id: 0xad7b2598, L:/127.0.0.1:14903 - R:localhost/127.0.0.1:40658]' for 'GET' to 'http://localhost:40658/session/1fdee5ed5865b3d710c44c813b61e7ce/url'
16:15:19.227 [Forwarding getCurrentUrl on session 1fdee5ed5865b3d710c44c813b61e7ce to remote] DEBUG org.asynchttpclient.netty.request.NettyRequestSender - Using open Channel [id: 0xad7b2598, L:/127.0.0.1:14903 - R:localhost/127.0.0.1:40658] for GET '/session/1fdee5ed5865b3d710c44c813b61e7ce/url'
16:15:19.230 [AsyncHttpClient-1-3] DEBUG org.asynchttpclient.netty.handler.HttpHandler - 

Request DefaultFullHttpRequest(decodeResult: success, version: HTTP/1.1, content: EmptyByteBufBE)
GET /session/1fdee5ed5865b3d710c44c813b61e7ce/url HTTP/1.1
User-Agent: selenium/4.8.1 (java windows)
Cache-Control: no-cache
Content-Type: application/json; charset=utf-8
host: localhost:40658
accept: */*

Response DefaultHttpResponse(decodeResult: success, version: HTTP/1.1)
HTTP/1.1 200 OK
Content-Length: 67
Content-Type: application/json; charset=utf-8
cache-control: no-cache

16:15:19.231 [AsyncHttpClient-1-3] DEBUG org.asynchttpclient.netty.channel.ChannelManager - Adding key: http://localhost:40658 for channel [id: 0xad7b2598, L:/127.0.0.1:14903 - R:localhost/127.0.0.1:40658]
16:15:19.231 [Forwarding screenshot on session 1fdee5ed5865b3d710c44c813b61e7ce to remote] DEBUG org.asynchttpclient.netty.request.NettyRequestSender - Using pooled Channel '[id: 0xad7b2598, L:/127.0.0.1:14903 - R:localhost/127.0.0.1:40658]' for 'GET' to 'http://localhost:40658/session/1fdee5ed5865b3d710c44c813b61e7ce/screenshot'
16:15:19.231 [Forwarding screenshot on session 1fdee5ed5865b3d710c44c813b61e7ce to remote] DEBUG org.asynchttpclient.netty.request.NettyRequestSender - Using open Channel [id: 0xad7b2598, L:/127.0.0.1:14903 - R:localhost/127.0.0.1:40658] for GET '/session/1fdee5ed5865b3d710c44c813b61e7ce/screenshot'
16:15:19.586 [AsyncHttpClient-1-3] DEBUG org.asynchttpclient.netty.handler.HttpHandler - 

Request DefaultFullHttpRequest(decodeResult: success, version: HTTP/1.1, content: EmptyByteBufBE)
GET /session/1fdee5ed5865b3d710c44c813b61e7ce/screenshot HTTP/1.1
User-Agent: selenium/4.8.1 (java windows)
Cache-Control: no-cache
Content-Type: application/json; charset=utf-8
host: localhost:40658
accept: */*

Response DefaultHttpResponse(decodeResult: success, version: HTTP/1.1)
HTTP/1.1 200 OK
Content-Length: 63384
Content-Type: application/json; charset=utf-8
cache-control: no-cache

16:15:19.587 [AsyncHttpClient-1-3] DEBUG org.asynchttpclient.netty.channel.ChannelManager - Adding key: http://localhost:40658 for channel [id: 0xad7b2598, L:/127.0.0.1:14903 - R:localhost/127.0.0.1:40658]
16:15:19.591 [main] DEBUG net.serenitybdd.core.photography.Darkroom - Send negative for processing for target\site\serenity\d3052df51dc6c999797c7685cc9c8cfe0d61d3b347645cc18f792f2ca3c90b23.png
16:15:19.591 [Darkroom Processing Line] DEBUG net.serenitybdd.core.photography.DarkroomProcessingLine - Processing screenshot image in /var/screenshots/screenshot-6960654648917148803
16:15:19.591 [Darkroom Processing Line] DEBUG net.serenitybdd.core.photography.DarkroomProcessingLine - Saving screenshot to target\site\serenity\d3052df51dc6c999797c7685cc9c8cfe0d61d3b347645cc18f792f2ca3c90b23.png
16:15:19.593 [Forwarding getPageSource on session 1fdee5ed5865b3d710c44c813b61e7ce to remote] DEBUG org.asynchttpclient.netty.request.NettyRequestSender - Using pooled Channel '[id: 0xad7b2598, L:/127.0.0.1:14903 - R:localhost/127.0.0.1:40658]' for 'POST' to 'http://localhost:40658/session/1fdee5ed5865b3d710c44c813b61e7ce/execute/sync'
16:15:19.594 [Forwarding getPageSource on session 1fdee5ed5865b3d710c44c813b61e7ce to remote] DEBUG org.asynchttpclient.netty.request.NettyRequestSender - Using open Channel [id: 0xad7b2598, L:/127.0.0.1:14903 - R:localhost/127.0.0.1:40658] for POST '/session/1fdee5ed5865b3d710c44c813b61e7ce/execute/sync'
16:15:19.603 [AsyncHttpClient-1-3] DEBUG org.asynchttpclient.netty.handler.HttpHandler - 

Request DefaultHttpRequest(decodeResult: success, version: HTTP/1.1)
POST /session/1fdee5ed5865b3d710c44c813b61e7ce/execute/sync HTTP/1.1
User-Agent: selenium/4.8.1 (java windows)
Content-Length: 176
Content-Type: application/json; charset=utf-8
host: localhost:40658
accept: */*

Response DefaultHttpResponse(decodeResult: success, version: HTTP/1.1)
HTTP/1.1 200 OK
Content-Length: 6720
Content-Type: application/json; charset=utf-8
cache-control: no-cache

16:15:19.603 [AsyncHttpClient-1-3] DEBUG org.asynchttpclient.netty.channel.ChannelManager - Adding key: http://localhost:40658 for channel [id: 0xad7b2598, L:/127.0.0.1:14903 - R:localhost/127.0.0.1:40658]
16:15:19.605 [Forwarding getCurrentUrl on session 1fdee5ed5865b3d710c44c813b61e7ce to remote] DEBUG org.asynchttpclient.netty.request.NettyRequestSender - Using pooled Channel '[id: 0xad7b2598, L:/127.0.0.1:14903 - R:localhost/127.0.0.1:40658]' for 'GET' to 'http://localhost:40658/session/1fdee5ed5865b3d710c44c813b61e7ce/url'
16:15:19.605 [Forwarding getCurrentUrl on session 1fdee5ed5865b3d710c44c813b61e7ce to remote] DEBUG org.asynchttpclient.netty.request.NettyRequestSender - Using open Channel [id: 0xad7b2598, L:/127.0.0.1:14903 - R:localhost/127.0.0.1:40658] for GET '/session/1fdee5ed5865b3d710c44c813b61e7ce/url'
16:15:19.608 [AsyncHttpClient-1-3] DEBUG org.asynchttpclient.netty.handler.HttpHandler - 

Request DefaultFullHttpRequest(decodeResult: success, version: HTTP/1.1, content: EmptyByteBufBE)
GET /session/1fdee5ed5865b3d710c44c813b61e7ce/url HTTP/1.1
User-Agent: selenium/4.8.1 (java windows)
Cache-Control: no-cache
Content-Type: application/json; charset=utf-8
host: localhost:40658
accept: */*

Response DefaultHttpResponse(decodeResult: success, version: HTTP/1.1)
HTTP/1.1 200 OK
Content-Length: 67
Content-Type: application/json; charset=utf-8
cache-control: no-cache

16:15:19.608 [AsyncHttpClient-1-3] DEBUG org.asynchttpclient.netty.channel.ChannelManager - Adding key: http://localhost:40658 for channel [id: 0xad7b2598, L:/127.0.0.1:14903 - R:localhost/127.0.0.1:40658]
16:15:19.610 [main] DEBUG net.thucydides.core.steps.StepInterceptor - STARTING STEP: CustomerTransactionSteps.ClickCashout - ClickCashout
16:15:19.614 [Forwarding findElement on session 1fdee5ed5865b3d710c44c813b61e7ce to remote] DEBUG org.asynchttpclient.netty.request.NettyRequestSender - Using pooled Channel '[id: 0xad7b2598, L:/127.0.0.1:14903 - R:localhost/127.0.0.1:40658]' for 'POST' to 'http://localhost:40658/session/1fdee5ed5865b3d710c44c813b61e7ce/element'
16:15:19.614 [Forwarding findElement on session 1fdee5ed5865b3d710c44c813b61e7ce to remote] DEBUG org.asynchttpclient.netty.request.NettyRequestSender - Using open Channel [id: 0xad7b2598, L:/127.0.0.1:14903 - R:localhost/127.0.0.1:40658] for POST '/session/1fdee5ed5865b3d710c44c813b61e7ce/element'
16:15:19.625 [AsyncHttpClient-1-3] DEBUG org.asynchttpclient.netty.handler.HttpHandler - 

Request DefaultHttpRequest(decodeResult: success, version: HTTP/1.1)
POST /session/1fdee5ed5865b3d710c44c813b61e7ce/element HTTP/1.1
User-Agent: selenium/4.8.1 (java windows)
Content-Length: 93
Content-Type: application/json; charset=utf-8
host: localhost:40658
accept: */*

Response DefaultHttpResponse(decodeResult: success, version: HTTP/1.1)
HTTP/1.1 200 OK
Content-Length: 95
Content-Type: application/json; charset=utf-8
cache-control: no-cache

16:15:19.625 [AsyncHttpClient-1-3] DEBUG org.asynchttpclient.netty.channel.ChannelManager - Adding key: http://localhost:40658 for channel [id: 0xad7b2598, L:/127.0.0.1:14903 - R:localhost/127.0.0.1:40658]
16:15:19.626 [Forwarding getElementTagName on session 1fdee5ed5865b3d710c44c813b61e7ce to remote] DEBUG org.asynchttpclient.netty.request.NettyRequestSender - Using pooled Channel '[id: 0xad7b2598, L:/127.0.0.1:14903 - R:localhost/127.0.0.1:40658]' for 'GET' to 'http://localhost:40658/session/1fdee5ed5865b3d710c44c813b61e7ce/element/80E0DB6959A41AD192A1741D45D24EA8_element_34/name'
16:15:19.626 [Forwarding getElementTagName on session 1fdee5ed5865b3d710c44c813b61e7ce to remote] DEBUG org.asynchttpclient.netty.request.NettyRequestSender - Using open Channel [id: 0xad7b2598, L:/127.0.0.1:14903 - R:localhost/127.0.0.1:40658] for GET '/session/1fdee5ed5865b3d710c44c813b61e7ce/element/80E0DB6959A41AD192A1741D45D24EA8_element_34/name'
16:15:19.630 [AsyncHttpClient-1-3] DEBUG org.asynchttpclient.netty.handler.HttpHandler - 

Request DefaultFullHttpRequest(decodeResult: success, version: HTTP/1.1, content: EmptyByteBufBE)
GET /session/1fdee5ed5865b3d710c44c813b61e7ce/element/80E0DB6959A41AD192A1741D45D24EA8_element_34/name HTTP/1.1
User-Agent: selenium/4.8.1 (java windows)
Cache-Control: no-cache
Content-Type: application/json; charset=utf-8
host: localhost:40658
accept: */*

Response DefaultHttpResponse(decodeResult: success, version: HTTP/1.1)
HTTP/1.1 200 OK
Content-Length: 13
Content-Type: application/json; charset=utf-8
cache-control: no-cache

16:15:19.630 [AsyncHttpClient-1-3] DEBUG org.asynchttpclient.netty.channel.ChannelManager - Adding key: http://localhost:40658 for channel [id: 0xad7b2598, L:/127.0.0.1:14903 - R:localhost/127.0.0.1:40658]
16:15:19.632 [Forwarding getElementTagName on session 1fdee5ed5865b3d710c44c813b61e7ce to remote] DEBUG org.asynchttpclient.netty.request.NettyRequestSender - Using pooled Channel '[id: 0xad7b2598, L:/127.0.0.1:14903 - R:localhost/127.0.0.1:40658]' for 'GET' to 'http://localhost:40658/session/1fdee5ed5865b3d710c44c813b61e7ce/element/80E0DB6959A41AD192A1741D45D24EA8_element_34/name'
16:15:19.632 [Forwarding getElementTagName on session 1fdee5ed5865b3d710c44c813b61e7ce to remote] DEBUG org.asynchttpclient.netty.request.NettyRequestSender - Using open Channel [id: 0xad7b2598, L:/127.0.0.1:14903 - R:localhost/127.0.0.1:40658] for GET '/session/1fdee5ed5865b3d710c44c813b61e7ce/element/80E0DB6959A41AD192A1741D45D24EA8_element_34/name'
16:15:19.636 [AsyncHttpClient-1-3] DEBUG org.asynchttpclient.netty.handler.HttpHandler - 

Request DefaultFullHttpRequest(decodeResult: success, version: HTTP/1.1, content: EmptyByteBufBE)
GET /session/1fdee5ed5865b3d710c44c813b61e7ce/element/80E0DB6959A41AD192A1741D45D24EA8_element_34/name HTTP/1.1
User-Agent: selenium/4.8.1 (java windows)
Cache-Control: no-cache
Content-Type: application/json; charset=utf-8
host: localhost:40658
accept: */*

Response DefaultHttpResponse(decodeResult: success, version: HTTP/1.1)
HTTP/1.1 200 OK
Content-Length: 13
Content-Type: application/json; charset=utf-8
cache-control: no-cache

16:15:19.636 [AsyncHttpClient-1-3] DEBUG org.asynchttpclient.netty.channel.ChannelManager - Adding key: http://localhost:40658 for channel [id: 0xad7b2598, L:/127.0.0.1:14903 - R:localhost/127.0.0.1:40658]
16:15:19.638 [Forwarding findElement on session 1fdee5ed5865b3d710c44c813b61e7ce to remote] DEBUG org.asynchttpclient.netty.request.NettyRequestSender - Using pooled Channel '[id: 0xad7b2598, L:/127.0.0.1:14903 - R:localhost/127.0.0.1:40658]' for 'POST' to 'http://localhost:40658/session/1fdee5ed5865b3d710c44c813b61e7ce/element'
16:15:19.638 [Forwarding findElement on session 1fdee5ed5865b3d710c44c813b61e7ce to remote] DEBUG org.asynchttpclient.netty.request.NettyRequestSender - Using open Channel [id: 0xad7b2598, L:/127.0.0.1:14903 - R:localhost/127.0.0.1:40658] for POST '/session/1fdee5ed5865b3d710c44c813b61e7ce/element'
16:15:19.645 [AsyncHttpClient-1-3] DEBUG org.asynchttpclient.netty.handler.HttpHandler - 

Request DefaultHttpRequest(decodeResult: success, version: HTTP/1.1)
POST /session/1fdee5ed5865b3d710c44c813b61e7ce/element HTTP/1.1
User-Agent: selenium/4.8.1 (java windows)
Content-Length: 93
Content-Type: application/json; charset=utf-8
host: localhost:40658
accept: */*

Response DefaultHttpResponse(decodeResult: success, version: HTTP/1.1)
HTTP/1.1 200 OK
Content-Length: 95
Content-Type: application/json; charset=utf-8
cache-control: no-cache

16:15:19.645 [AsyncHttpClient-1-3] DEBUG org.asynchttpclient.netty.channel.ChannelManager - Adding key: http://localhost:40658 for channel [id: 0xad7b2598, L:/127.0.0.1:14903 - R:localhost/127.0.0.1:40658]
16:15:19.646 [Forwarding clickElement on session 1fdee5ed5865b3d710c44c813b61e7ce to remote] DEBUG org.asynchttpclient.netty.request.NettyRequestSender - Using pooled Channel '[id: 0xad7b2598, L:/127.0.0.1:14903 - R:localhost/127.0.0.1:40658]' for 'POST' to 'http://localhost:40658/session/1fdee5ed5865b3d710c44c813b61e7ce/element/80E0DB6959A41AD192A1741D45D24EA8_element_34/click'
16:15:19.646 [Forwarding clickElement on session 1fdee5ed5865b3d710c44c813b61e7ce to remote] DEBUG org.asynchttpclient.netty.request.NettyRequestSender - Using open Channel [id: 0xad7b2598, L:/127.0.0.1:14903 - R:localhost/127.0.0.1:40658] for POST '/session/1fdee5ed5865b3d710c44c813b61e7ce/element/80E0DB6959A41AD192A1741D45D24EA8_element_34/click'
16:15:19.714 [AsyncHttpClient-1-3] DEBUG org.asynchttpclient.netty.handler.HttpHandler - 

Request DefaultHttpRequest(decodeResult: success, version: HTTP/1.1)
POST /session/1fdee5ed5865b3d710c44c813b61e7ce/element/80E0DB6959A41AD192A1741D45D24EA8_element_34/click HTTP/1.1
User-Agent: selenium/4.8.1 (java windows)
Content-Length: 57
Content-Type: application/json; charset=utf-8
host: localhost:40658
accept: */*

Response DefaultHttpResponse(decodeResult: success, version: HTTP/1.1)
HTTP/1.1 200 OK
Content-Length: 14
Content-Type: application/json; charset=utf-8
cache-control: no-cache

16:15:19.715 [AsyncHttpClient-1-3] DEBUG org.asynchttpclient.netty.channel.ChannelManager - Adding key: http://localhost:40658 for channel [id: 0xad7b2598, L:/127.0.0.1:14903 - R:localhost/127.0.0.1:40658]
16:15:19.723 [Forwarding getAlertText on session 1fdee5ed5865b3d710c44c813b61e7ce to remote] DEBUG org.asynchttpclient.netty.request.NettyRequestSender - Using pooled Channel '[id: 0xad7b2598, L:/127.0.0.1:14903 - R:localhost/127.0.0.1:40658]' for 'GET' to 'http://localhost:40658/session/1fdee5ed5865b3d710c44c813b61e7ce/alert/text'
16:15:19.723 [Forwarding getAlertText on session 1fdee5ed5865b3d710c44c813b61e7ce to remote] DEBUG org.asynchttpclient.netty.request.NettyRequestSender - Using open Channel [id: 0xad7b2598, L:/127.0.0.1:14903 - R:localhost/127.0.0.1:40658] for GET '/session/1fdee5ed5865b3d710c44c813b61e7ce/alert/text'
16:15:19.724 [AsyncHttpClient-1-3] DEBUG org.asynchttpclient.netty.handler.HttpHandler - 

Request DefaultFullHttpRequest(decodeResult: success, version: HTTP/1.1, content: EmptyByteBufBE)
GET /session/1fdee5ed5865b3d710c44c813b61e7ce/alert/text HTTP/1.1
User-Agent: selenium/4.8.1 (java windows)
Cache-Control: no-cache
Content-Type: application/json; charset=utf-8
host: localhost:40658
accept: */*

Response DefaultHttpResponse(decodeResult: success, version: HTTP/1.1)
HTTP/1.1 404 Not Found
Content-Length: 807
Content-Type: application/json; charset=utf-8
cache-control: no-cache

16:15:19.724 [AsyncHttpClient-1-3] DEBUG org.asynchttpclient.netty.channel.ChannelManager - Adding key: http://localhost:40658 for channel [id: 0xad7b2598, L:/127.0.0.1:14903 - R:localhost/127.0.0.1:40658]
16:15:19.725 [Forwarding getCurrentUrl on session 1fdee5ed5865b3d710c44c813b61e7ce to remote] DEBUG org.asynchttpclient.netty.request.NettyRequestSender - Using pooled Channel '[id: 0xad7b2598, L:/127.0.0.1:14903 - R:localhost/127.0.0.1:40658]' for 'GET' to 'http://localhost:40658/session/1fdee5ed5865b3d710c44c813b61e7ce/url'
16:15:19.725 [Forwarding getCurrentUrl on session 1fdee5ed5865b3d710c44c813b61e7ce to remote] DEBUG org.asynchttpclient.netty.request.NettyRequestSender - Using open Channel [id: 0xad7b2598, L:/127.0.0.1:14903 - R:localhost/127.0.0.1:40658] for GET '/session/1fdee5ed5865b3d710c44c813b61e7ce/url'
16:15:19.729 [AsyncHttpClient-1-3] DEBUG org.asynchttpclient.netty.handler.HttpHandler - 

Request DefaultFullHttpRequest(decodeResult: success, version: HTTP/1.1, content: EmptyByteBufBE)
GET /session/1fdee5ed5865b3d710c44c813b61e7ce/url HTTP/1.1
User-Agent: selenium/4.8.1 (java windows)
Cache-Control: no-cache
Content-Type: application/json; charset=utf-8
host: localhost:40658
accept: */*

Response DefaultHttpResponse(decodeResult: success, version: HTTP/1.1)
HTTP/1.1 200 OK
Content-Length: 70
Content-Type: application/json; charset=utf-8
cache-control: no-cache

16:15:19.729 [AsyncHttpClient-1-3] DEBUG org.asynchttpclient.netty.channel.ChannelManager - Adding key: http://localhost:40658 for channel [id: 0xad7b2598, L:/127.0.0.1:14903 - R:localhost/127.0.0.1:40658]
16:15:19.730 [Forwarding screenshot on session 1fdee5ed5865b3d710c44c813b61e7ce to remote] DEBUG org.asynchttpclient.netty.request.NettyRequestSender - Using pooled Channel '[id: 0xad7b2598, L:/127.0.0.1:14903 - R:localhost/127.0.0.1:40658]' for 'GET' to 'http://localhost:40658/session/1fdee5ed5865b3d710c44c813b61e7ce/screenshot'
16:15:19.730 [Forwarding screenshot on session 1fdee5ed5865b3d710c44c813b61e7ce to remote] DEBUG org.asynchttpclient.netty.request.NettyRequestSender - Using open Channel [id: 0xad7b2598, L:/127.0.0.1:14903 - R:localhost/127.0.0.1:40658] for GET '/session/1fdee5ed5865b3d710c44c813b61e7ce/screenshot'
16:15:20.058 [AsyncHttpClient-1-3] DEBUG org.asynchttpclient.netty.handler.HttpHandler - 

Request DefaultFullHttpRequest(decodeResult: success, version: HTTP/1.1, content: EmptyByteBufBE)
GET /session/1fdee5ed5865b3d710c44c813b61e7ce/screenshot HTTP/1.1
User-Agent: selenium/4.8.1 (java windows)
Cache-Control: no-cache
Content-Type: application/json; charset=utf-8
host: localhost:40658
accept: */*

Response DefaultHttpResponse(decodeResult: success, version: HTTP/1.1)
HTTP/1.1 200 OK
Content-Length: 96656
Content-Type: application/json; charset=utf-8
cache-control: no-cache

16:15:20.058 [AsyncHttpClient-1-3] DEBUG org.asynchttpclient.netty.channel.ChannelManager - Adding key: http://localhost:40658 for channel [id: 0xad7b2598, L:/127.0.0.1:14903 - R:localhost/127.0.0.1:40658]
16:15:20.065 [main] DEBUG net.serenitybdd.core.photography.Darkroom - Send negative for processing for target\site\serenity\6f2a8003f3841c5899751a8bad2618839f10f3644b6fa3351977eaee1f1dffa4.png
16:15:20.065 [main] DEBUG net.thucydides.core.steps.StepInterceptor - STEP DONE: ClickCashout
  &amp#27;[32mAnd &amp#27;[0m&amp#27;[32mI click customer transaction&amp#27;[0m                                     &amp#27;[90m# Starter.Stepdefitions.CustomerTransactionSteps.ClickCashout()&amp#27;[0m
16:15:20.065 [Darkroom Processing Line] DEBUG net.serenitybdd.core.photography.DarkroomProcessingLine - Processing screenshot image in /var/screenshots/screenshot-2095634370036730851
16:15:20.065 [Darkroom Processing Line] DEBUG net.serenitybdd.core.photography.DarkroomProcessingLine - Saving screenshot to target\site\serenity\6f2a8003f3841c5899751a8bad2618839f10f3644b6fa3351977eaee1f1dffa4.png
16:15:20.074 [Forwarding getPageSource on session 1fdee5ed5865b3d710c44c813b61e7ce to remote] DEBUG org.asynchttpclient.netty.request.NettyRequestSender - Using pooled Channel '[id: 0xad7b2598, L:/127.0.0.1:14903 - R:localhost/127.0.0.1:40658]' for 'POST' to 'http://localhost:40658/session/1fdee5ed5865b3d710c44c813b61e7ce/execute/sync'
16:15:20.074 [Forwarding getPageSource on session 1fdee5ed5865b3d710c44c813b61e7ce to remote] DEBUG org.asynchttpclient.netty.request.NettyRequestSender - Using open Channel [id: 0xad7b2598, L:/127.0.0.1:14903 - R:localhost/127.0.0.1:40658] for POST '/session/1fdee5ed5865b3d710c44c813b61e7ce/execute/sync'
16:15:20.080 [AsyncHttpClient-1-3] DEBUG org.asynchttpclient.netty.handler.HttpHandler - 

Request DefaultHttpRequest(decodeResult: success, version: HTTP/1.1)
POST /session/1fdee5ed5865b3d710c44c813b61e7ce/execute/sync HTTP/1.1
User-Agent: selenium/4.8.1 (java windows)
Content-Length: 176
Content-Type: application/json; charset=utf-8
host: localhost:40658
accept: */*

Response DefaultHttpResponse(decodeResult: success, version: HTTP/1.1)
HTTP/1.1 200 OK
Content-Length: 5759
Content-Type: application/json; charset=utf-8
cache-control: no-cache

16:15:20.080 [AsyncHttpClient-1-3] DEBUG org.asynchttpclient.netty.channel.ChannelManager - Adding key: http://localhost:40658 for channel [id: 0xad7b2598, L:/127.0.0.1:14903 - R:localhost/127.0.0.1:40658]
16:15:20.082 [Forwarding getCurrentUrl on session 1fdee5ed5865b3d710c44c813b61e7ce to remote] DEBUG org.asynchttpclient.netty.request.NettyRequestSender - Using pooled Channel '[id: 0xad7b2598, L:/127.0.0.1:14903 - R:localhost/127.0.0.1:40658]' for 'GET' to 'http://localhost:40658/session/1fdee5ed5865b3d710c44c813b61e7ce/url'
16:15:20.082 [Forwarding getCurrentUrl on session 1fdee5ed5865b3d710c44c813b61e7ce to remote] DEBUG org.asynchttpclient.netty.request.NettyRequestSender - Using open Channel [id: 0xad7b2598, L:/127.0.0.1:14903 - R:localhost/127.0.0.1:40658] for GET '/session/1fdee5ed5865b3d710c44c813b61e7ce/url'
16:15:20.086 [AsyncHttpClient-1-3] DEBUG org.asynchttpclient.netty.handler.HttpHandler - 

Request DefaultFullHttpRequest(decodeResult: success, version: HTTP/1.1, content: EmptyByteBufBE)
GET /session/1fdee5ed5865b3d710c44c813b61e7ce/url HTTP/1.1
User-Agent: selenium/4.8.1 (java windows)
Cache-Control: no-cache
Content-Type: application/json; charset=utf-8
host: localhost:40658
accept: */*

Response DefaultHttpResponse(decodeResult: success, version: HTTP/1.1)
HTTP/1.1 200 OK
Content-Length: 70
Content-Type: application/json; charset=utf-8
cache-control: no-cache

16:15:20.086 [AsyncHttpClient-1-3] DEBUG org.asynchttpclient.netty.channel.ChannelManager - Adding key: http://localhost:40658 for channel [id: 0xad7b2598, L:/127.0.0.1:14903 - R:localhost/127.0.0.1:40658]
16:15:20.095 [Forwarding getPageSource on session 1fdee5ed5865b3d710c44c813b61e7ce to remote] DEBUG org.asynchttpclient.netty.request.NettyRequestSender - Using pooled Channel '[id: 0xad7b2598, L:/127.0.0.1:14903 - R:localhost/127.0.0.1:40658]' for 'POST' to 'http://localhost:40658/session/1fdee5ed5865b3d710c44c813b61e7ce/execute/sync'
16:15:20.095 [Forwarding getPageSource on session 1fdee5ed5865b3d710c44c813b61e7ce to remote] DEBUG org.asynchttpclient.netty.request.NettyRequestSender - Using open Channel [id: 0xad7b2598, L:/127.0.0.1:14903 - R:localhost/127.0.0.1:40658] for POST '/session/1fdee5ed5865b3d710c44c813b61e7ce/execute/sync'
16:15:20.100 [AsyncHttpClient-1-3] DEBUG org.asynchttpclient.netty.handler.HttpHandler - 

Request DefaultHttpRequest(decodeResult: success, version: HTTP/1.1)
POST /session/1fdee5ed5865b3d710c44c813b61e7ce/execute/sync HTTP/1.1
User-Agent: selenium/4.8.1 (java windows)
Content-Length: 176
Content-Type: application/json; charset=utf-8
host: localhost:40658
accept: */*

Response DefaultHttpResponse(decodeResult: success, version: HTTP/1.1)
HTTP/1.1 200 OK
Content-Length: 5759
Content-Type: application/json; charset=utf-8
cache-control: no-cache

16:15:20.100 [AsyncHttpClient-1-3] DEBUG org.asynchttpclient.netty.channel.ChannelManager - Adding key: http://localhost:40658 for channel [id: 0xad7b2598, L:/127.0.0.1:14903 - R:localhost/127.0.0.1:40658]
16:15:20.102 [Forwarding getCurrentUrl on session 1fdee5ed5865b3d710c44c813b61e7ce to remote] DEBUG org.asynchttpclient.netty.request.NettyRequestSender - Using pooled Channel '[id: 0xad7b2598, L:/127.0.0.1:14903 - R:localhost/127.0.0.1:40658]' for 'GET' to 'http://localhost:40658/session/1fdee5ed5865b3d710c44c813b61e7ce/url'
16:15:20.102 [Forwarding getCurrentUrl on session 1fdee5ed5865b3d710c44c813b61e7ce to remote] DEBUG org.asynchttpclient.netty.request.NettyRequestSender - Using open Channel [id: 0xad7b2598, L:/127.0.0.1:14903 - R:localhost/127.0.0.1:40658] for GET '/session/1fdee5ed5865b3d710c44c813b61e7ce/url'
16:15:20.106 [AsyncHttpClient-1-3] DEBUG org.asynchttpclient.netty.handler.HttpHandler - 

Request DefaultFullHttpRequest(decodeResult: success, version: HTTP/1.1, content: EmptyByteBufBE)
GET /session/1fdee5ed5865b3d710c44c813b61e7ce/url HTTP/1.1
User-Agent: selenium/4.8.1 (java windows)
Cache-Control: no-cache
Content-Type: application/json; charset=utf-8
host: localhost:40658
accept: */*

Response DefaultHttpResponse(decodeResult: success, version: HTTP/1.1)
HTTP/1.1 200 OK
Content-Length: 70
Content-Type: application/json; charset=utf-8
cache-control: no-cache

16:15:20.106 [AsyncHttpClient-1-3] DEBUG org.asynchttpclient.netty.channel.ChannelManager - Adding key: http://localhost:40658 for channel [id: 0xad7b2598, L:/127.0.0.1:14903 - R:localhost/127.0.0.1:40658]
16:15:20.107 [main] DEBUG net.thucydides.core.steps.StepInterceptor - STARTING STEP: CustomerTransactionSteps.ClickViewCustomerTransaction - ClickViewCustomerTransaction
16:15:20.111 [Forwarding findElement on session 1fdee5ed5865b3d710c44c813b61e7ce to remote] DEBUG org.asynchttpclient.netty.request.NettyRequestSender - Using pooled Channel '[id: 0xad7b2598, L:/127.0.0.1:14903 - R:localhost/127.0.0.1:40658]' for 'POST' to 'http://localhost:40658/session/1fdee5ed5865b3d710c44c813b61e7ce/element'
16:15:20.111 [Forwarding findElement on session 1fdee5ed5865b3d710c44c813b61e7ce to remote] DEBUG org.asynchttpclient.netty.request.NettyRequestSender - Using open Channel [id: 0xad7b2598, L:/127.0.0.1:14903 - R:localhost/127.0.0.1:40658] for POST '/session/1fdee5ed5865b3d710c44c813b61e7ce/element'
16:15:20.119 [AsyncHttpClient-1-3] DEBUG org.asynchttpclient.netty.handler.HttpHandler - 

Request DefaultHttpRequest(decodeResult: success, version: HTTP/1.1)
POST /session/1fdee5ed5865b3d710c44c813b61e7ce/element HTTP/1.1
User-Agent: selenium/4.8.1 (java windows)
Content-Length: 93
Content-Type: application/json; charset=utf-8
host: localhost:40658
accept: */*

Response DefaultHttpResponse(decodeResult: success, version: HTTP/1.1)
HTTP/1.1 200 OK
Content-Length: 95
Content-Type: application/json; charset=utf-8
cache-control: no-cache

16:15:20.120 [AsyncHttpClient-1-3] DEBUG org.asynchttpclient.netty.channel.ChannelManager - Adding key: http://localhost:40658 for channel [id: 0xad7b2598, L:/127.0.0.1:14903 - R:localhost/127.0.0.1:40658]
16:15:20.121 [Forwarding getElementTagName on session 1fdee5ed5865b3d710c44c813b61e7ce to remote] DEBUG org.asynchttpclient.netty.request.NettyRequestSender - Using pooled Channel '[id: 0xad7b2598, L:/127.0.0.1:14903 - R:localhost/127.0.0.1:40658]' for 'GET' to 'http://localhost:40658/session/1fdee5ed5865b3d710c44c813b61e7ce/element/80E0DB6959A41AD192A1741D45D24EA8_element_37/name'
16:15:20.121 [Forwarding getElementTagName on session 1fdee5ed5865b3d710c44c813b61e7ce to remote] DEBUG org.asynchttpclient.netty.request.NettyRequestSender - Using open Channel [id: 0xad7b2598, L:/127.0.0.1:14903 - R:localhost/127.0.0.1:40658] for GET '/session/1fdee5ed5865b3d710c44c813b61e7ce/element/80E0DB6959A41AD192A1741D45D24EA8_element_37/name'
16:15:20.126 [AsyncHttpClient-1-3] DEBUG org.asynchttpclient.netty.handler.HttpHandler - 

Request DefaultFullHttpRequest(decodeResult: success, version: HTTP/1.1, content: EmptyByteBufBE)
GET /session/1fdee5ed5865b3d710c44c813b61e7ce/element/80E0DB6959A41AD192A1741D45D24EA8_element_37/name HTTP/1.1
User-Agent: selenium/4.8.1 (java windows)
Cache-Control: no-cache
Content-Type: application/json; charset=utf-8
host: localhost:40658
accept: */*

Response DefaultHttpResponse(decodeResult: success, version: HTTP/1.1)
HTTP/1.1 200 OK
Content-Length: 13
Content-Type: application/json; charset=utf-8
cache-control: no-cache

16:15:20.126 [AsyncHttpClient-1-3] DEBUG org.asynchttpclient.netty.channel.ChannelManager - Adding key: http://localhost:40658 for channel [id: 0xad7b2598, L:/127.0.0.1:14903 - R:localhost/127.0.0.1:40658]
16:15:20.127 [Forwarding getElementTagName on session 1fdee5ed5865b3d710c44c813b61e7ce to remote] DEBUG org.asynchttpclient.netty.request.NettyRequestSender - Using pooled Channel '[id: 0xad7b2598, L:/127.0.0.1:14903 - R:localhost/127.0.0.1:40658]' for 'GET' to 'http://localhost:40658/session/1fdee5ed5865b3d710c44c813b61e7ce/element/80E0DB6959A41AD192A1741D45D24EA8_element_37/name'
16:15:20.127 [Forwarding getElementTagName on session 1fdee5ed5865b3d710c44c813b61e7ce to remote] DEBUG org.asynchttpclient.netty.request.NettyRequestSender - Using open Channel [id: 0xad7b2598, L:/127.0.0.1:14903 - R:localhost/127.0.0.1:40658] for GET '/session/1fdee5ed5865b3d710c44c813b61e7ce/element/80E0DB6959A41AD192A1741D45D24EA8_element_37/name'
16:15:20.131 [AsyncHttpClient-1-3] DEBUG org.asynchttpclient.netty.handler.HttpHandler - 

Request DefaultFullHttpRequest(decodeResult: success, version: HTTP/1.1, content: EmptyByteBufBE)
GET /session/1fdee5ed5865b3d710c44c813b61e7ce/element/80E0DB6959A41AD192A1741D45D24EA8_element_37/name HTTP/1.1
User-Agent: selenium/4.8.1 (java windows)
Cache-Control: no-cache
Content-Type: application/json; charset=utf-8
host: localhost:40658
accept: */*

Response DefaultHttpResponse(decodeResult: success, version: HTTP/1.1)
HTTP/1.1 200 OK
Content-Length: 13
Content-Type: application/json; charset=utf-8
cache-control: no-cache

16:15:20.131 [AsyncHttpClient-1-3] DEBUG org.asynchttpclient.netty.channel.ChannelManager - Adding key: http://localhost:40658 for channel [id: 0xad7b2598, L:/127.0.0.1:14903 - R:localhost/127.0.0.1:40658]
16:15:20.133 [Forwarding findElement on session 1fdee5ed5865b3d710c44c813b61e7ce to remote] DEBUG org.asynchttpclient.netty.request.NettyRequestSender - Using pooled Channel '[id: 0xad7b2598, L:/127.0.0.1:14903 - R:localhost/127.0.0.1:40658]' for 'POST' to 'http://localhost:40658/session/1fdee5ed5865b3d710c44c813b61e7ce/element'
16:15:20.133 [Forwarding findElement on session 1fdee5ed5865b3d710c44c813b61e7ce to remote] DEBUG org.asynchttpclient.netty.request.NettyRequestSender - Using open Channel [id: 0xad7b2598, L:/127.0.0.1:14903 - R:localhost/127.0.0.1:40658] for POST '/session/1fdee5ed5865b3d710c44c813b61e7ce/element'
16:15:20.141 [AsyncHttpClient-1-3] DEBUG org.asynchttpclient.netty.handler.HttpHandler - 

Request DefaultHttpRequest(decodeResult: success, version: HTTP/1.1)
POST /session/1fdee5ed5865b3d710c44c813b61e7ce/element HTTP/1.1
User-Agent: selenium/4.8.1 (java windows)
Content-Length: 93
Content-Type: application/json; charset=utf-8
host: localhost:40658
accept: */*

Response DefaultHttpResponse(decodeResult: success, version: HTTP/1.1)
HTTP/1.1 200 OK
Content-Length: 95
Content-Type: application/json; charset=utf-8
cache-control: no-cache

16:15:20.141 [AsyncHttpClient-1-3] DEBUG org.asynchttpclient.netty.channel.ChannelManager - Adding key: http://localhost:40658 for channel [id: 0xad7b2598, L:/127.0.0.1:14903 - R:localhost/127.0.0.1:40658]
16:15:20.142 [Forwarding clickElement on session 1fdee5ed5865b3d710c44c813b61e7ce to remote] DEBUG org.asynchttpclient.netty.request.NettyRequestSender - Using pooled Channel '[id: 0xad7b2598, L:/127.0.0.1:14903 - R:localhost/127.0.0.1:40658]' for 'POST' to 'http://localhost:40658/session/1fdee5ed5865b3d710c44c813b61e7ce/element/80E0DB6959A41AD192A1741D45D24EA8_element_37/click'
16:15:20.142 [Forwarding clickElement on session 1fdee5ed5865b3d710c44c813b61e7ce to remote] DEBUG org.asynchttpclient.netty.request.NettyRequestSender - Using open Channel [id: 0xad7b2598, L:/127.0.0.1:14903 - R:localhost/127.0.0.1:40658] for POST '/session/1fdee5ed5865b3d710c44c813b61e7ce/element/80E0DB6959A41AD192A1741D45D24EA8_element_37/click'
16:15:20.182 [AsyncHttpClient-1-3] DEBUG org.asynchttpclient.netty.handler.HttpHandler - 

Request DefaultHttpRequest(decodeResult: success, version: HTTP/1.1)
POST /session/1fdee5ed5865b3d710c44c813b61e7ce/element/80E0DB6959A41AD192A1741D45D24EA8_element_37/click HTTP/1.1
User-Agent: selenium/4.8.1 (java windows)
Content-Length: 57
Content-Type: application/json; charset=utf-8
host: localhost:40658
accept: */*

Response DefaultHttpResponse(decodeResult: success, version: HTTP/1.1)
HTTP/1.1 200 OK
Content-Length: 14
Content-Type: application/json; charset=utf-8
cache-control: no-cache

16:15:20.182 [AsyncHttpClient-1-3] DEBUG org.asynchttpclient.netty.channel.ChannelManager - Adding key: http://localhost:40658 for channel [id: 0xad7b2598, L:/127.0.0.1:14903 - R:localhost/127.0.0.1:40658]
16:15:20.189 [Forwarding getAlertText on session 1fdee5ed5865b3d710c44c813b61e7ce to remote] DEBUG org.asynchttpclient.netty.request.NettyRequestSender - Using pooled Channel '[id: 0xad7b2598, L:/127.0.0.1:14903 - R:localhost/127.0.0.1:40658]' for 'GET' to 'http://localhost:40658/session/1fdee5ed5865b3d710c44c813b61e7ce/alert/text'
16:15:20.189 [Forwarding getAlertText on session 1fdee5ed5865b3d710c44c813b61e7ce to remote] DEBUG org.asynchttpclient.netty.request.NettyRequestSender - Using open Channel [id: 0xad7b2598, L:/127.0.0.1:14903 - R:localhost/127.0.0.1:40658] for GET '/session/1fdee5ed5865b3d710c44c813b61e7ce/alert/text'
16:15:20.191 [AsyncHttpClient-1-3] DEBUG org.asynchttpclient.netty.handler.HttpHandler - 

Request DefaultFullHttpRequest(decodeResult: success, version: HTTP/1.1, content: EmptyByteBufBE)
GET /session/1fdee5ed5865b3d710c44c813b61e7ce/alert/text HTTP/1.1
User-Agent: selenium/4.8.1 (java windows)
Cache-Control: no-cache
Content-Type: application/json; charset=utf-8
host: localhost:40658
accept: */*

Response DefaultHttpResponse(decodeResult: success, version: HTTP/1.1)
HTTP/1.1 404 Not Found
Content-Length: 807
Content-Type: application/json; charset=utf-8
cache-control: no-cache

16:15:20.191 [AsyncHttpClient-1-3] DEBUG org.asynchttpclient.netty.channel.ChannelManager - Adding key: http://localhost:40658 for channel [id: 0xad7b2598, L:/127.0.0.1:14903 - R:localhost/127.0.0.1:40658]
16:15:20.192 [Forwarding getCurrentUrl on session 1fdee5ed5865b3d710c44c813b61e7ce to remote] DEBUG org.asynchttpclient.netty.request.NettyRequestSender - Using pooled Channel '[id: 0xad7b2598, L:/127.0.0.1:14903 - R:localhost/127.0.0.1:40658]' for 'GET' to 'http://localhost:40658/session/1fdee5ed5865b3d710c44c813b61e7ce/url'
16:15:20.193 [Forwarding getCurrentUrl on session 1fdee5ed5865b3d710c44c813b61e7ce to remote] DEBUG org.asynchttpclient.netty.request.NettyRequestSender - Using open Channel [id: 0xad7b2598, L:/127.0.0.1:14903 - R:localhost/127.0.0.1:40658] for GET '/session/1fdee5ed5865b3d710c44c813b61e7ce/url'
16:15:20.197 [AsyncHttpClient-1-3] DEBUG org.asynchttpclient.netty.handler.HttpHandler - 

Request DefaultFullHttpRequest(decodeResult: success, version: HTTP/1.1, content: EmptyByteBufBE)
GET /session/1fdee5ed5865b3d710c44c813b61e7ce/url HTTP/1.1
User-Agent: selenium/4.8.1 (java windows)
Cache-Control: no-cache
Content-Type: application/json; charset=utf-8
host: localhost:40658
accept: */*

Response DefaultHttpResponse(decodeResult: success, version: HTTP/1.1)
HTTP/1.1 200 OK
Content-Length: 70
Content-Type: application/json; charset=utf-8
cache-control: no-cache

16:15:20.197 [AsyncHttpClient-1-3] DEBUG org.asynchttpclient.netty.channel.ChannelManager - Adding key: http://localhost:40658 for channel [id: 0xad7b2598, L:/127.0.0.1:14903 - R:localhost/127.0.0.1:40658]
16:15:20.198 [Forwarding screenshot on session 1fdee5ed5865b3d710c44c813b61e7ce to remote] DEBUG org.asynchttpclient.netty.request.NettyRequestSender - Using pooled Channel '[id: 0xad7b2598, L:/127.0.0.1:14903 - R:localhost/127.0.0.1:40658]' for 'GET' to 'http://localhost:40658/session/1fdee5ed5865b3d710c44c813b61e7ce/screenshot'
16:15:20.198 [Forwarding screenshot on session 1fdee5ed5865b3d710c44c813b61e7ce to remote] DEBUG org.asynchttpclient.netty.request.NettyRequestSender - Using open Channel [id: 0xad7b2598, L:/127.0.0.1:14903 - R:localhost/127.0.0.1:40658] for GET '/session/1fdee5ed5865b3d710c44c813b61e7ce/screenshot'
16:15:20.244 [AsyncHttpClient-1-1] DEBUG org.asynchttpclient.netty.channel.DefaultChannelPool - Entry count for : http://localhost:14904 : 1
16:15:20.299 [AsyncHttpClient-1-3] DEBUG org.asynchttpclient.netty.handler.HttpHandler - 

Request DefaultFullHttpRequest(decodeResult: success, version: HTTP/1.1, content: EmptyByteBufBE)
GET /session/1fdee5ed5865b3d710c44c813b61e7ce/screenshot HTTP/1.1
User-Agent: selenium/4.8.1 (java windows)
Cache-Control: no-cache
Content-Type: application/json; charset=utf-8
host: localhost:40658
accept: */*

Response DefaultHttpResponse(decodeResult: success, version: HTTP/1.1)
HTTP/1.1 200 OK
Content-Length: 96656
Content-Type: application/json; charset=utf-8
cache-control: no-cache

16:15:20.300 [AsyncHttpClient-1-3] DEBUG org.asynchttpclient.netty.channel.ChannelManager - Adding key: http://localhost:40658 for channel [id: 0xad7b2598, L:/127.0.0.1:14903 - R:localhost/127.0.0.1:40658]
16:15:20.304 [main] DEBUG net.serenitybdd.core.photography.Darkroom - Send negative for processing for target\site\serenity\6f2a8003f3841c5899751a8bad2618839f10f3644b6fa3351977eaee1f1dffa4.png
16:15:20.305 [main] DEBUG net.thucydides.core.steps.StepInterceptor - STEP DONE: ClickViewCustomerTransaction
  &amp#27;[32mThen &amp#27;[0m&amp#27;[32mI see the customer transaction history&amp#27;[0m                          &amp#27;[90m# Starter.Stepdefitions.CustomerTransactionSteps.ClickViewCustomerTransaction()&amp#27;[0m
16:15:20.310 [main] INFO  - 
  _____   ___   ___   _____     ___     _     ___   ___   ___   ___  
 |_   _| | __| / __| |_   _|   | _ \   /_\   / __| / __| | __| |   \ 
   | |   | _|  \__ \   | |     |  _/  / _ \  \__ \ \__ \ | _|  | |) |
   |_|   |___| |___/   |_|     |_|   /_/ \_\ |___/ |___/ |___| |___/ 

As a user, I have successfully view the customer transaction
----------------------------------------------------------------------
16:15:20.311 [AsyncHttpClient-1-5] DEBUG org.asynchttpclient.netty.handler.WebSocketHandler - Channel Closed: [id: 0xd7086fbf, L:/127.0.0.1:14911 ! R:localhost/127.0.0.1:14904] with attribute NettyResponseFuture{currentRetry=0,
	isDone=1,
	isCancelled=0,
	asyncHandler=org.asynchttpclient.ws.WebSocketUpgradeHandler@1c5f398,
	nettyRequest=org.asynchttpclient.netty.request.NettyRequest@3a4514,
	future=java.util.concurrent.CompletableFuture@73673a[Completed normally],
	uri=ws://localhost:14904/devtools/browser/7b1e68fd-6cbb-4be2-a283-57ce001750fb,
	keepAlive=true,
	redirectCount=0,
	timeoutsHolder=null,
	inAuth=0,
	touch=1687684504505}
16:15:20.311 [Driver Command Executor] DEBUG org.asynchttpclient.netty.request.NettyRequestSender - Using pooled Channel '[id: 0xad7b2598, L:/127.0.0.1:14903 - R:localhost/127.0.0.1:40658]' for 'DELETE' to 'http://localhost:40658/session/1fdee5ed5865b3d710c44c813b61e7ce'
16:15:20.311 [AsyncHttpClient-1-5] DEBUG org.asynchttpclient.netty.channel.ChannelManager - Closing Channel [id: 0xd7086fbf, L:/127.0.0.1:14911 ! R:localhost/127.0.0.1:14904] 
16:15:20.311 [Driver Command Executor] DEBUG org.asynchttpclient.netty.request.NettyRequestSender - Using open Channel [id: 0xad7b2598, L:/127.0.0.1:14903 - R:localhost/127.0.0.1:40658] for DELETE '/session/1fdee5ed5865b3d710c44c813b61e7ce'
16:15:21.343 [AsyncHttpClient-1-1] DEBUG org.asynchttpclient.netty.channel.DefaultChannelPool - Entry count for : http://localhost:14904 : 1
16:15:22.279 [AsyncHttpClient-1-4] DEBUG org.asynchttpclient.netty.handler.HttpHandler - Unexpected I/O exception on channel [id: 0xc5707462, L:/127.0.0.1:14910 - R:localhost/127.0.0.1:14904]
java.io.IOException: An existing connection was forcibly closed by the remote host
	at sun.nio.ch.SocketDispatcher.read0(Native Method)
	at sun.nio.ch.SocketDispatcher.read(SocketDispatcher.java:43)
	at sun.nio.ch.IOUtil.readIntoNativeBuffer(IOUtil.java:223)
	at sun.nio.ch.IOUtil.read(IOUtil.java:192)
	at sun.nio.ch.SocketChannelImpl.read(SocketChannelImpl.java:379)
	at io.netty.buffer.PooledByteBuf.setBytes(PooledByteBuf.java:259)
	at io.netty.buffer.AbstractByteBuf.writeBytes(AbstractByteBuf.java:1132)
	at io.netty.channel.socket.nio.NioSocketChannel.doReadBytes(NioSocketChannel.java:357)
	at io.netty.channel.nio.AbstractNioByteChannel$NioByteUnsafe.read(AbstractNioByteChannel.java:151)
	at io.netty.channel.nio.NioEventLoop.processSelectedKey(NioEventLoop.java:788)
	at io.netty.channel.nio.NioEventLoop.processSelectedKeysOptimized(NioEventLoop.java:724)
	at io.netty.channel.nio.NioEventLoop.processSelectedKeys(NioEventLoop.java:650)
	at io.netty.channel.nio.NioEventLoop.run(NioEventLoop.java:562)
	at io.netty.util.concurrent.SingleThreadEventExecutor$4.run(SingleThreadEventExecutor.java:997)
	at io.netty.util.internal.ThreadExecutorMap$2.run(ThreadExecutorMap.java:74)
	at io.netty.util.concurrent.FastThreadLocalRunnable.run(FastThreadLocalRunnable.java:30)
	at java.lang.Thread.run(Thread.java:745)
16:15:22.279 [AsyncHttpClient-1-4] DEBUG org.asynchttpclient.netty.channel.ChannelManager - Closing Channel [id: 0xc5707462, L:/127.0.0.1:14910 - R:localhost/127.0.0.1:14904] 
16:15:22.280 [AsyncHttpClient-1-4] DEBUG org.asynchttpclient.netty.handler.HttpHandler - Channel Closed: [id: 0xc5707462, L:/127.0.0.1:14910 ! R:localhost/127.0.0.1:14904] with attribute DISCARD
16:15:22.443 [AsyncHttpClient-1-1] DEBUG org.asynchttpclient.netty.channel.DefaultChannelPool - Entry count for : http://localhost:14904 : 1
16:15:22.443 [AsyncHttpClient-1-1] DEBUG org.asynchttpclient.netty.channel.DefaultChannelPool - Adding Candidate expired Channel [id: 0xc5707462, L:/127.0.0.1:14910 ! R:localhost/127.0.0.1:14904] isIdleTimeoutExpired=false isRemotelyClosed=true isTtlExpired=false
16:15:22.443 [AsyncHttpClient-1-1] DEBUG org.asynchttpclient.netty.channel.DefaultChannelPool - Closing Idle Channel [id: 0xc5707462, L:/127.0.0.1:14910 ! R:localhost/127.0.0.1:14904]
16:15:22.443 [AsyncHttpClient-1-1] DEBUG org.asynchttpclient.netty.channel.DefaultChannelPool - Closed 1 connections out of 1 in 0 ms
16:15:22.616 [AsyncHttpClient-1-3] DEBUG org.asynchttpclient.netty.handler.HttpHandler - 

Request DefaultFullHttpRequest(decodeResult: success, version: HTTP/1.1, content: EmptyByteBufBE)
DELETE /session/1fdee5ed5865b3d710c44c813b61e7ce HTTP/1.1
User-Agent: selenium/4.8.1 (java windows)
Content-Type: application/json; charset=utf-8
host: localhost:40658
accept: */*

Response DefaultHttpResponse(decodeResult: success, version: HTTP/1.1)
HTTP/1.1 200 OK
Content-Length: 14
Content-Type: application/json; charset=utf-8
cache-control: no-cache

16:15:22.616 [AsyncHttpClient-1-3] DEBUG org.asynchttpclient.netty.channel.ChannelManager - Adding key: http://localhost:40658 for channel [id: 0xad7b2598, L:/127.0.0.1:14903 - R:localhost/127.0.0.1:40658]
16:15:22.653 [AsyncHttpClient-1-3] DEBUG org.asynchttpclient.netty.handler.HttpHandler - Channel Closed: [id: 0xad7b2598, L:/127.0.0.1:14903 ! R:localhost/127.0.0.1:40658] with attribute DISCARD
]]></system-out>
    <system-err><![CDATA[Starting ChromeDriver 114.0.5735.90 (386bc09e8f4f2e025eddae123f36f6263096ae49-refs/branch-heads/5735@{#1052}) on port 40658
Only local connections are allowed.
Please see https://chromedriver.chromium.org/security-considerations for suggestions on keeping ChromeDriver safe.
ChromeDriver was started successfully.
Jun 25, 2023 4:15:04 PM org.openqa.selenium.devtools.CdpVersionFinder findNearestMatch
WARNING: Unable to find an exact match for CDP version 114, so returning the closest version found: 110
]]></system-err>
  </testcase>
  <testcase name="As a user, I have successfully changed profile" classname="Edit Profile and change password" time="21.811">
    <system-out><![CDATA[16:15:23.169 [main] DEBUG io.cucumber.core.plugin.SerenityReporter - Running feature from file:///C:/Users/USER/IdeaProjects/Capston_webtesting/src/test/resources/Feature/EditProfile.feature
16:15:23.169 [main] WARN io.cucumber.core.plugin.SerenityReporter - Feature from file:///C:/Users/USER/IdeaProjects/Capston_webtesting/src/test/resources/Feature/EditProfile.feature is not under the 'features' directory. Requirements report will not be correctly generated!
16:15:23.180 [main] DEBUG net.thucydides.core.steps.StepEventBus - Test suite started for story net.thucydides.core.model.Story@713dcfb5
16:15:23.180 [main] INFO  - Test Suite Started: Edit Profile and change password

@Editprofile
Scenario: As a user, I have successfully changed profile &amp#27;[90m# src/test/resources/Feature/EditProfile.feature:3&amp#27;[0m
16:15:23.191 [main] DEBUG io.cucumber.core.plugin.SerenityReporter - Running feature from file:///C:/Users/USER/IdeaProjects/Capston_webtesting/src/test/resources/Feature/EditProfile.feature
16:15:23.191 [main] WARN io.cucumber.core.plugin.SerenityReporter - Feature from file:///C:/Users/USER/IdeaProjects/Capston_webtesting/src/test/resources/Feature/EditProfile.feature is not under the 'features' directory. Requirements report will not be correctly generated!
16:15:23.194 [main] INFO  - 
  _____   ___   ___   _____     ___   _____     _     ___   _____   ___   ___  
 |_   _| | __| / __| |_   _|   / __| |_   _|   /_\   | _ \ |_   _| | __| |   \ 
   | |   | _|  \__ \   | |     \__ \   | |    / _ \  |   /   | |   | _|  | |) |
   |_|   |___| |___/   |_|     |___/   |_|   /_/ \_\ |_|_\   |_|   |___| |___/ 

As a user, I have successfully changed profile(edit-profile-and-change-password;as-a-user--i-have-successfully-changed-profile)
--------------------------------------------------------------------------------
16:15:23.284 [main] DEBUG net.thucydides.core.steps.StepInterceptor - STARTING STEP: EditProfileSteps.onLoginPage - openPage
16:15:23.362 [main] INFO net.serenitybdd.core.webdriver.driverproviders.ChromeDriverProvider - Starting Chrome driver instance with capabilities:
16:15:23.362 [main] INFO net.serenitybdd.core.webdriver.driverproviders.ChromeDriverProvider - Capabilities {acceptInsecureCerts: false, browserName: chrome, goog:chromeOptions: {args: [remote-allow-origins=*], extensions: []}}
16:15:23.431 [AsyncHttpClient-1-6] DEBUG org.asynchttpclient.netty.channel.NettyConnectListener - Using new Channel '[id: 0x2aab7377, L:/127.0.0.1:14924 - R:localhost/127.0.0.1:1300]' for 'POST' to '/session'
16:15:23.544 [AsyncHttpClient-1-1] DEBUG org.asynchttpclient.netty.channel.DefaultChannelPool - Entry count for : http://localhost:40658 : 1
16:15:23.544 [AsyncHttpClient-1-1] DEBUG org.asynchttpclient.netty.channel.DefaultChannelPool - Adding Candidate expired Channel [id: 0xad7b2598, L:/127.0.0.1:14903 ! R:localhost/127.0.0.1:40658] isIdleTimeoutExpired=false isRemotelyClosed=true isTtlExpired=false
16:15:23.544 [AsyncHttpClient-1-1] DEBUG org.asynchttpclient.netty.channel.DefaultChannelPool - Closing Idle Channel [id: 0xad7b2598, L:/127.0.0.1:14903 ! R:localhost/127.0.0.1:40658]
16:15:23.544 [AsyncHttpClient-1-1] DEBUG org.asynchttpclient.netty.channel.DefaultChannelPool - Closed 1 connections out of 1 in 0 ms
16:15:25.807 [AsyncHttpClient-1-6] DEBUG org.asynchttpclient.netty.handler.HttpHandler - 

Request DefaultHttpRequest(decodeResult: success, version: HTTP/1.1)
POST /session HTTP/1.1
User-Agent: selenium/4.8.1 (java windows)
Content-Length: 507
Content-Type: application/json; charset=utf-8
host: localhost:1300
accept: */*

Response DefaultHttpResponse(decodeResult: success, version: HTTP/1.1)
HTTP/1.1 200 OK
Content-Length: 859
Content-Type: application/json; charset=utf-8
cache-control: no-cache

16:15:25.807 [AsyncHttpClient-1-6] DEBUG org.asynchttpclient.netty.channel.ChannelManager - Adding key: http://localhost:1300 for channel [id: 0x2aab7377, L:/127.0.0.1:14924 - R:localhost/127.0.0.1:1300]
16:15:25.813 [AsyncHttpClient-1-7] DEBUG org.asynchttpclient.netty.channel.NettyConnectListener - Using new Channel '[id: 0xeb963840, L:/127.0.0.1:14930 - R:localhost/127.0.0.1:14925]' for 'GET' to '/json/version'
16:15:25.814 [AsyncHttpClient-1-7] DEBUG org.asynchttpclient.netty.handler.HttpHandler - 

Request DefaultFullHttpRequest(decodeResult: success, version: HTTP/1.1, content: EmptyByteBufBE)
GET /json/version HTTP/1.1
User-Agent: selenium/4.8.1 (java windows)
host: localhost:14925
accept: */*

Response DefaultHttpResponse(decodeResult: success, version: HTTP/1.1)
HTTP/1.1 200 OK
Content-Security-Policy: frame-ancestors 'none'
Content-Length: 424
Content-Type: application/json; charset=UTF-8

16:15:25.814 [AsyncHttpClient-1-7] DEBUG org.asynchttpclient.netty.channel.ChannelManager - Adding key: http://localhost:14925 for channel [id: 0xeb963840, L:/127.0.0.1:14930 - R:localhost/127.0.0.1:14925]
16:15:25.816 [AsyncHttpClient-1-8] DEBUG org.asynchttpclient.netty.channel.NettyConnectListener - Using new Channel '[id: 0x5b23e993, L:/127.0.0.1:14931 - R:localhost/127.0.0.1:14925]' for 'GET' to '/devtools/browser/49d76e7f-f4fc-4d71-af31-7c496d5a0107'
16:15:25.817 [AsyncHttpClient-1-8] DEBUG org.asynchttpclient.netty.handler.WebSocketHandler - 

Request DefaultFullHttpRequest(decodeResult: success, version: HTTP/1.1, content: EmptyByteBufBE)
GET /devtools/browser/49d76e7f-f4fc-4d71-af31-7c496d5a0107 HTTP/1.1
upgrade: websocket
connection: upgrade
sec-websocket-key: z5uiA/GLvxizy1ROqGCw3g==
sec-websocket-version: 13
origin: http://localhost:14925
host: localhost:14925
accept: */*
user-agent: AHC/2.1

Response DefaultHttpResponse(decodeResult: success, version: HTTP/1.1)
HTTP/1.1 101 WebSocket Protocol Handshake
Upgrade: WebSocket
Connection: Upgrade
Sec-WebSocket-Accept: YRzDWZY58i8p23uuVHQqm3Dmltw=

16:15:25.821 [Forwarding get on session 5560da57ec5b45349a8275ad12de0746 to remote] DEBUG org.asynchttpclient.netty.request.NettyRequestSender - Using pooled Channel '[id: 0x2aab7377, L:/127.0.0.1:14924 - R:localhost/127.0.0.1:1300]' for 'POST' to 'http://localhost:1300/session/5560da57ec5b45349a8275ad12de0746/url'
16:15:25.821 [Forwarding get on session 5560da57ec5b45349a8275ad12de0746 to remote] DEBUG org.asynchttpclient.netty.request.NettyRequestSender - Using open Channel [id: 0x2aab7377, L:/127.0.0.1:14924 - R:localhost/127.0.0.1:1300] for POST '/session/5560da57ec5b45349a8275ad12de0746/url'
16:15:26.843 [AsyncHttpClient-1-1] DEBUG org.asynchttpclient.netty.channel.DefaultChannelPool - Entry count for : http://localhost:14925 : 1
16:15:27.943 [AsyncHttpClient-1-1] DEBUG org.asynchttpclient.netty.channel.DefaultChannelPool - Entry count for : http://localhost:14925 : 1
16:15:29.044 [AsyncHttpClient-1-1] DEBUG org.asynchttpclient.netty.channel.DefaultChannelPool - Entry count for : http://localhost:14925 : 1
16:15:30.143 [AsyncHttpClient-1-1] DEBUG org.asynchttpclient.netty.channel.DefaultChannelPool - Entry count for : http://localhost:14925 : 1
16:15:31.244 [AsyncHttpClient-1-1] DEBUG org.asynchttpclient.netty.channel.DefaultChannelPool - Entry count for : http://localhost:14925 : 1
16:15:31.740 [AsyncHttpClient-1-6] DEBUG org.asynchttpclient.netty.handler.HttpHandler - 

Request DefaultHttpRequest(decodeResult: success, version: HTTP/1.1)
POST /session/5560da57ec5b45349a8275ad12de0746/url HTTP/1.1
User-Agent: selenium/4.8.1 (java windows)
Content-Length: 82
Content-Type: application/json; charset=utf-8
host: localhost:1300
accept: */*

Response DefaultHttpResponse(decodeResult: success, version: HTTP/1.1)
HTTP/1.1 200 OK
Content-Length: 14
Content-Type: application/json; charset=utf-8
cache-control: no-cache

16:15:31.740 [AsyncHttpClient-1-6] DEBUG org.asynchttpclient.netty.channel.ChannelManager - Adding key: http://localhost:1300 for channel [id: 0x2aab7377, L:/127.0.0.1:14924 - R:localhost/127.0.0.1:1300]
16:15:31.743 [Forwarding setTimeout on session 5560da57ec5b45349a8275ad12de0746 to remote] DEBUG org.asynchttpclient.netty.request.NettyRequestSender - Using pooled Channel '[id: 0x2aab7377, L:/127.0.0.1:14924 - R:localhost/127.0.0.1:1300]' for 'POST' to 'http://localhost:1300/session/5560da57ec5b45349a8275ad12de0746/timeouts'
16:15:31.743 [Forwarding setTimeout on session 5560da57ec5b45349a8275ad12de0746 to remote] DEBUG org.asynchttpclient.netty.request.NettyRequestSender - Using open Channel [id: 0x2aab7377, L:/127.0.0.1:14924 - R:localhost/127.0.0.1:1300] for POST '/session/5560da57ec5b45349a8275ad12de0746/timeouts'
16:15:31.745 [AsyncHttpClient-1-6] DEBUG org.asynchttpclient.netty.handler.HttpHandler - 

Request DefaultHttpRequest(decodeResult: success, version: HTTP/1.1)
POST /session/5560da57ec5b45349a8275ad12de0746/timeouts HTTP/1.1
User-Agent: selenium/4.8.1 (java windows)
Content-Length: 22
Content-Type: application/json; charset=utf-8
host: localhost:1300
accept: */*

Response DefaultHttpResponse(decodeResult: success, version: HTTP/1.1)
HTTP/1.1 200 OK
Content-Length: 14
Content-Type: application/json; charset=utf-8
cache-control: no-cache

16:15:31.745 [AsyncHttpClient-1-6] DEBUG org.asynchttpclient.netty.channel.ChannelManager - Adding key: http://localhost:1300 for channel [id: 0x2aab7377, L:/127.0.0.1:14924 - R:localhost/127.0.0.1:1300]
16:15:31.758 [main] DEBUG net.serenitybdd.core.photography.Darkroom - Opening darkroom
16:15:31.762 [Forwarding getAlertText on session 5560da57ec5b45349a8275ad12de0746 to remote] DEBUG org.asynchttpclient.netty.request.NettyRequestSender - Using pooled Channel '[id: 0x2aab7377, L:/127.0.0.1:14924 - R:localhost/127.0.0.1:1300]' for 'GET' to 'http://localhost:1300/session/5560da57ec5b45349a8275ad12de0746/alert/text'
16:15:31.763 [Forwarding getAlertText on session 5560da57ec5b45349a8275ad12de0746 to remote] DEBUG org.asynchttpclient.netty.request.NettyRequestSender - Using open Channel [id: 0x2aab7377, L:/127.0.0.1:14924 - R:localhost/127.0.0.1:1300] for GET '/session/5560da57ec5b45349a8275ad12de0746/alert/text'
16:15:31.771 [AsyncHttpClient-1-6] DEBUG org.asynchttpclient.netty.handler.HttpHandler - 

Request DefaultFullHttpRequest(decodeResult: success, version: HTTP/1.1, content: EmptyByteBufBE)
GET /session/5560da57ec5b45349a8275ad12de0746/alert/text HTTP/1.1
User-Agent: selenium/4.8.1 (java windows)
Cache-Control: no-cache
Content-Type: application/json; charset=utf-8
host: localhost:1300
accept: */*

Response DefaultHttpResponse(decodeResult: success, version: HTTP/1.1)
HTTP/1.1 404 Not Found
Content-Length: 807
Content-Type: application/json; charset=utf-8
cache-control: no-cache

16:15:31.771 [AsyncHttpClient-1-6] DEBUG org.asynchttpclient.netty.channel.ChannelManager - Adding key: http://localhost:1300 for channel [id: 0x2aab7377, L:/127.0.0.1:14924 - R:localhost/127.0.0.1:1300]
16:15:31.773 [Forwarding getCurrentUrl on session 5560da57ec5b45349a8275ad12de0746 to remote] DEBUG org.asynchttpclient.netty.request.NettyRequestSender - Using pooled Channel '[id: 0x2aab7377, L:/127.0.0.1:14924 - R:localhost/127.0.0.1:1300]' for 'GET' to 'http://localhost:1300/session/5560da57ec5b45349a8275ad12de0746/url'
16:15:31.773 [Forwarding getCurrentUrl on session 5560da57ec5b45349a8275ad12de0746 to remote] DEBUG org.asynchttpclient.netty.request.NettyRequestSender - Using open Channel [id: 0x2aab7377, L:/127.0.0.1:14924 - R:localhost/127.0.0.1:1300] for GET '/session/5560da57ec5b45349a8275ad12de0746/url'
16:15:31.774 [Darkroom Processing Line] DEBUG net.serenitybdd.core.photography.DarkroomProcessingLine - Darkroom processing line starting up
16:15:31.781 [AsyncHttpClient-1-6] DEBUG org.asynchttpclient.netty.handler.HttpHandler - 

Request DefaultFullHttpRequest(decodeResult: success, version: HTTP/1.1, content: EmptyByteBufBE)
GET /session/5560da57ec5b45349a8275ad12de0746/url HTTP/1.1
User-Agent: selenium/4.8.1 (java windows)
Cache-Control: no-cache
Content-Type: application/json; charset=utf-8
host: localhost:1300
accept: */*

Response DefaultHttpResponse(decodeResult: success, version: HTTP/1.1)
HTTP/1.1 200 OK
Content-Length: 64
Content-Type: application/json; charset=utf-8
cache-control: no-cache

16:15:31.781 [AsyncHttpClient-1-6] DEBUG org.asynchttpclient.netty.channel.ChannelManager - Adding key: http://localhost:1300 for channel [id: 0x2aab7377, L:/127.0.0.1:14924 - R:localhost/127.0.0.1:1300]
16:15:31.782 [Forwarding screenshot on session 5560da57ec5b45349a8275ad12de0746 to remote] DEBUG org.asynchttpclient.netty.request.NettyRequestSender - Using pooled Channel '[id: 0x2aab7377, L:/127.0.0.1:14924 - R:localhost/127.0.0.1:1300]' for 'GET' to 'http://localhost:1300/session/5560da57ec5b45349a8275ad12de0746/screenshot'
16:15:31.782 [Forwarding screenshot on session 5560da57ec5b45349a8275ad12de0746 to remote] DEBUG org.asynchttpclient.netty.request.NettyRequestSender - Using open Channel [id: 0x2aab7377, L:/127.0.0.1:14924 - R:localhost/127.0.0.1:1300] for GET '/session/5560da57ec5b45349a8275ad12de0746/screenshot'
16:15:32.344 [AsyncHttpClient-1-1] DEBUG org.asynchttpclient.netty.channel.DefaultChannelPool - Entry count for : http://localhost:14925 : 1
16:15:33.444 [AsyncHttpClient-1-1] DEBUG org.asynchttpclient.netty.channel.DefaultChannelPool - Entry count for : http://localhost:14925 : 1
16:15:33.723 [AsyncHttpClient-1-6] DEBUG org.asynchttpclient.netty.handler.HttpHandler - 

Request DefaultFullHttpRequest(decodeResult: success, version: HTTP/1.1, content: EmptyByteBufBE)
GET /session/5560da57ec5b45349a8275ad12de0746/screenshot HTTP/1.1
User-Agent: selenium/4.8.1 (java windows)
Cache-Control: no-cache
Content-Type: application/json; charset=utf-8
host: localhost:1300
accept: */*

Response DefaultHttpResponse(decodeResult: success, version: HTTP/1.1)
HTTP/1.1 200 OK
Content-Length: 39052
Content-Type: application/json; charset=utf-8
cache-control: no-cache

16:15:33.724 [AsyncHttpClient-1-6] DEBUG org.asynchttpclient.netty.channel.ChannelManager - Adding key: http://localhost:1300 for channel [id: 0x2aab7377, L:/127.0.0.1:14924 - R:localhost/127.0.0.1:1300]
16:15:33.727 [main] DEBUG net.serenitybdd.core.photography.Darkroom - Send negative for processing for target\site\serenity\fdb08619e26b432e5813bfc5e29c881311fe7ce04a9dcc95292dfa61c5fc5ddb.png
16:15:33.728 [main] DEBUG net.thucydides.core.steps.StepInterceptor - STEP DONE: openPage
16:15:33.728 [Darkroom Processing Line] DEBUG net.serenitybdd.core.photography.DarkroomProcessingLine - Processing screenshot image in /var/screenshots/screenshot-2853633193023028953
  &amp#27;[32mGiven &amp#27;[0m&amp#27;[32mI am onn the sign in page&amp#27;[0m                        &amp#27;[90m# Starter.Stepdefitions.EditProfileSteps.onLoginPage()&amp#27;[0m
16:15:33.728 [Darkroom Processing Line] DEBUG net.serenitybdd.core.photography.DarkroomProcessingLine - Saving screenshot to target\site\serenity\fdb08619e26b432e5813bfc5e29c881311fe7ce04a9dcc95292dfa61c5fc5ddb.png
16:15:33.743 [Forwarding getPageSource on session 5560da57ec5b45349a8275ad12de0746 to remote] DEBUG org.asynchttpclient.netty.request.NettyRequestSender - Using pooled Channel '[id: 0x2aab7377, L:/127.0.0.1:14924 - R:localhost/127.0.0.1:1300]' for 'POST' to 'http://localhost:1300/session/5560da57ec5b45349a8275ad12de0746/execute/sync'
16:15:33.743 [Forwarding getPageSource on session 5560da57ec5b45349a8275ad12de0746 to remote] DEBUG org.asynchttpclient.netty.request.NettyRequestSender - Using open Channel [id: 0x2aab7377, L:/127.0.0.1:14924 - R:localhost/127.0.0.1:1300] for POST '/session/5560da57ec5b45349a8275ad12de0746/execute/sync'
16:15:33.751 [AsyncHttpClient-1-6] DEBUG org.asynchttpclient.netty.handler.HttpHandler - 

Request DefaultHttpRequest(decodeResult: success, version: HTTP/1.1)
POST /session/5560da57ec5b45349a8275ad12de0746/execute/sync HTTP/1.1
User-Agent: selenium/4.8.1 (java windows)
Content-Length: 176
Content-Type: application/json; charset=utf-8
host: localhost:1300
accept: */*

Response DefaultHttpResponse(decodeResult: success, version: HTTP/1.1)
HTTP/1.1 200 OK
Content-Length: 5992
Content-Type: application/json; charset=utf-8
cache-control: no-cache

16:15:33.751 [AsyncHttpClient-1-6] DEBUG org.asynchttpclient.netty.channel.ChannelManager - Adding key: http://localhost:1300 for channel [id: 0x2aab7377, L:/127.0.0.1:14924 - R:localhost/127.0.0.1:1300]
16:15:33.753 [Forwarding getCurrentUrl on session 5560da57ec5b45349a8275ad12de0746 to remote] DEBUG org.asynchttpclient.netty.request.NettyRequestSender - Using pooled Channel '[id: 0x2aab7377, L:/127.0.0.1:14924 - R:localhost/127.0.0.1:1300]' for 'GET' to 'http://localhost:1300/session/5560da57ec5b45349a8275ad12de0746/url'
16:15:33.753 [Forwarding getCurrentUrl on session 5560da57ec5b45349a8275ad12de0746 to remote] DEBUG org.asynchttpclient.netty.request.NettyRequestSender - Using open Channel [id: 0x2aab7377, L:/127.0.0.1:14924 - R:localhost/127.0.0.1:1300] for GET '/session/5560da57ec5b45349a8275ad12de0746/url'
16:15:33.758 [AsyncHttpClient-1-6] DEBUG org.asynchttpclient.netty.handler.HttpHandler - 

Request DefaultFullHttpRequest(decodeResult: success, version: HTTP/1.1, content: EmptyByteBufBE)
GET /session/5560da57ec5b45349a8275ad12de0746/url HTTP/1.1
User-Agent: selenium/4.8.1 (java windows)
Cache-Control: no-cache
Content-Type: application/json; charset=utf-8
host: localhost:1300
accept: */*

Response DefaultHttpResponse(decodeResult: success, version: HTTP/1.1)
HTTP/1.1 200 OK
Content-Length: 64
Content-Type: application/json; charset=utf-8
cache-control: no-cache

16:15:33.758 [AsyncHttpClient-1-6] DEBUG org.asynchttpclient.netty.channel.ChannelManager - Adding key: http://localhost:1300 for channel [id: 0x2aab7377, L:/127.0.0.1:14924 - R:localhost/127.0.0.1:1300]
16:15:33.776 [Forwarding getPageSource on session 5560da57ec5b45349a8275ad12de0746 to remote] DEBUG org.asynchttpclient.netty.request.NettyRequestSender - Using pooled Channel '[id: 0x2aab7377, L:/127.0.0.1:14924 - R:localhost/127.0.0.1:1300]' for 'POST' to 'http://localhost:1300/session/5560da57ec5b45349a8275ad12de0746/execute/sync'
16:15:33.776 [Forwarding getPageSource on session 5560da57ec5b45349a8275ad12de0746 to remote] DEBUG org.asynchttpclient.netty.request.NettyRequestSender - Using open Channel [id: 0x2aab7377, L:/127.0.0.1:14924 - R:localhost/127.0.0.1:1300] for POST '/session/5560da57ec5b45349a8275ad12de0746/execute/sync'
16:15:33.781 [AsyncHttpClient-1-6] DEBUG org.asynchttpclient.netty.handler.HttpHandler - 

Request DefaultHttpRequest(decodeResult: success, version: HTTP/1.1)
POST /session/5560da57ec5b45349a8275ad12de0746/execute/sync HTTP/1.1
User-Agent: selenium/4.8.1 (java windows)
Content-Length: 176
Content-Type: application/json; charset=utf-8
host: localhost:1300
accept: */*

Response DefaultHttpResponse(decodeResult: success, version: HTTP/1.1)
HTTP/1.1 200 OK
Content-Length: 5992
Content-Type: application/json; charset=utf-8
cache-control: no-cache

16:15:33.781 [AsyncHttpClient-1-6] DEBUG org.asynchttpclient.netty.channel.ChannelManager - Adding key: http://localhost:1300 for channel [id: 0x2aab7377, L:/127.0.0.1:14924 - R:localhost/127.0.0.1:1300]
16:15:33.782 [Forwarding getCurrentUrl on session 5560da57ec5b45349a8275ad12de0746 to remote] DEBUG org.asynchttpclient.netty.request.NettyRequestSender - Using pooled Channel '[id: 0x2aab7377, L:/127.0.0.1:14924 - R:localhost/127.0.0.1:1300]' for 'GET' to 'http://localhost:1300/session/5560da57ec5b45349a8275ad12de0746/url'
16:15:33.782 [Forwarding getCurrentUrl on session 5560da57ec5b45349a8275ad12de0746 to remote] DEBUG org.asynchttpclient.netty.request.NettyRequestSender - Using open Channel [id: 0x2aab7377, L:/127.0.0.1:14924 - R:localhost/127.0.0.1:1300] for GET '/session/5560da57ec5b45349a8275ad12de0746/url'
16:15:33.788 [AsyncHttpClient-1-6] DEBUG org.asynchttpclient.netty.handler.HttpHandler - 

Request DefaultFullHttpRequest(decodeResult: success, version: HTTP/1.1, content: EmptyByteBufBE)
GET /session/5560da57ec5b45349a8275ad12de0746/url HTTP/1.1
User-Agent: selenium/4.8.1 (java windows)
Cache-Control: no-cache
Content-Type: application/json; charset=utf-8
host: localhost:1300
accept: */*

Response DefaultHttpResponse(decodeResult: success, version: HTTP/1.1)
HTTP/1.1 200 OK
Content-Length: 64
Content-Type: application/json; charset=utf-8
cache-control: no-cache

16:15:33.788 [AsyncHttpClient-1-6] DEBUG org.asynchttpclient.netty.channel.ChannelManager - Adding key: http://localhost:1300 for channel [id: 0x2aab7377, L:/127.0.0.1:14924 - R:localhost/127.0.0.1:1300]
16:15:33.790 [main] DEBUG net.thucydides.core.steps.StepInterceptor - STARTING STEP: EditProfileSteps.inputEmail - inputEmail
16:15:33.794 [Forwarding findElement on session 5560da57ec5b45349a8275ad12de0746 to remote] DEBUG org.asynchttpclient.netty.request.NettyRequestSender - Using pooled Channel '[id: 0x2aab7377, L:/127.0.0.1:14924 - R:localhost/127.0.0.1:1300]' for 'POST' to 'http://localhost:1300/session/5560da57ec5b45349a8275ad12de0746/element'
16:15:33.794 [Forwarding findElement on session 5560da57ec5b45349a8275ad12de0746 to remote] DEBUG org.asynchttpclient.netty.request.NettyRequestSender - Using open Channel [id: 0x2aab7377, L:/127.0.0.1:14924 - R:localhost/127.0.0.1:1300] for POST '/session/5560da57ec5b45349a8275ad12de0746/element'
16:15:33.809 [AsyncHttpClient-1-6] DEBUG org.asynchttpclient.netty.handler.HttpHandler - 

Request DefaultHttpRequest(decodeResult: success, version: HTTP/1.1)
POST /session/5560da57ec5b45349a8275ad12de0746/element HTTP/1.1
User-Agent: selenium/4.8.1 (java windows)
Content-Length: 67
Content-Type: application/json; charset=utf-8
host: localhost:1300
accept: */*

Response DefaultHttpResponse(decodeResult: success, version: HTTP/1.1)
HTTP/1.1 200 OK
Content-Length: 94
Content-Type: application/json; charset=utf-8
cache-control: no-cache

16:15:33.809 [AsyncHttpClient-1-6] DEBUG org.asynchttpclient.netty.channel.ChannelManager - Adding key: http://localhost:1300 for channel [id: 0x2aab7377, L:/127.0.0.1:14924 - R:localhost/127.0.0.1:1300]
16:15:33.810 [Forwarding clearElement on session 5560da57ec5b45349a8275ad12de0746 to remote] DEBUG org.asynchttpclient.netty.request.NettyRequestSender - Using pooled Channel '[id: 0x2aab7377, L:/127.0.0.1:14924 - R:localhost/127.0.0.1:1300]' for 'POST' to 'http://localhost:1300/session/5560da57ec5b45349a8275ad12de0746/element/0697D2FE3B1F313E9BC0F0D59C36162C_element_7/clear'
16:15:33.810 [Forwarding clearElement on session 5560da57ec5b45349a8275ad12de0746 to remote] DEBUG org.asynchttpclient.netty.request.NettyRequestSender - Using open Channel [id: 0x2aab7377, L:/127.0.0.1:14924 - R:localhost/127.0.0.1:1300] for POST '/session/5560da57ec5b45349a8275ad12de0746/element/0697D2FE3B1F313E9BC0F0D59C36162C_element_7/clear'
16:15:33.847 [AsyncHttpClient-1-6] DEBUG org.asynchttpclient.netty.handler.HttpHandler - 

Request DefaultHttpRequest(decodeResult: success, version: HTTP/1.1)
POST /session/5560da57ec5b45349a8275ad12de0746/element/0697D2FE3B1F313E9BC0F0D59C36162C_element_7/clear HTTP/1.1
User-Agent: selenium/4.8.1 (java windows)
Content-Length: 56
Content-Type: application/json; charset=utf-8
host: localhost:1300
accept: */*

Response DefaultHttpResponse(decodeResult: success, version: HTTP/1.1)
HTTP/1.1 200 OK
Content-Length: 14
Content-Type: application/json; charset=utf-8
cache-control: no-cache

16:15:33.847 [AsyncHttpClient-1-6] DEBUG org.asynchttpclient.netty.channel.ChannelManager - Adding key: http://localhost:1300 for channel [id: 0x2aab7377, L:/127.0.0.1:14924 - R:localhost/127.0.0.1:1300]
16:15:33.850 [Forwarding sendKeysToElement on session 5560da57ec5b45349a8275ad12de0746 to remote] DEBUG org.asynchttpclient.netty.request.NettyRequestSender - Using pooled Channel '[id: 0x2aab7377, L:/127.0.0.1:14924 - R:localhost/127.0.0.1:1300]' for 'POST' to 'http://localhost:1300/session/5560da57ec5b45349a8275ad12de0746/element/0697D2FE3B1F313E9BC0F0D59C36162C_element_7/value'
16:15:33.850 [Forwarding sendKeysToElement on session 5560da57ec5b45349a8275ad12de0746 to remote] DEBUG org.asynchttpclient.netty.request.NettyRequestSender - Using open Channel [id: 0x2aab7377, L:/127.0.0.1:14924 - R:localhost/127.0.0.1:1300] for POST '/session/5560da57ec5b45349a8275ad12de0746/element/0697D2FE3B1F313E9BC0F0D59C36162C_element_7/value'
16:15:34.090 [AsyncHttpClient-1-6] DEBUG org.asynchttpclient.netty.handler.HttpHandler - 

Request DefaultHttpRequest(decodeResult: success, version: HTTP/1.1)
POST /session/5560da57ec5b45349a8275ad12de0746/element/0697D2FE3B1F313E9BC0F0D59C36162C_element_7/value HTTP/1.1
User-Agent: selenium/4.8.1 (java windows)
Content-Length: 257
Content-Type: application/json; charset=utf-8
host: localhost:1300
accept: */*

Response DefaultHttpResponse(decodeResult: success, version: HTTP/1.1)
HTTP/1.1 200 OK
Content-Length: 14
Content-Type: application/json; charset=utf-8
cache-control: no-cache

16:15:34.091 [AsyncHttpClient-1-6] DEBUG org.asynchttpclient.netty.channel.ChannelManager - Adding key: http://localhost:1300 for channel [id: 0x2aab7377, L:/127.0.0.1:14924 - R:localhost/127.0.0.1:1300]
16:15:34.104 [Forwarding getAlertText on session 5560da57ec5b45349a8275ad12de0746 to remote] DEBUG org.asynchttpclient.netty.request.NettyRequestSender - Using pooled Channel '[id: 0x2aab7377, L:/127.0.0.1:14924 - R:localhost/127.0.0.1:1300]' for 'GET' to 'http://localhost:1300/session/5560da57ec5b45349a8275ad12de0746/alert/text'
16:15:34.104 [Forwarding getAlertText on session 5560da57ec5b45349a8275ad12de0746 to remote] DEBUG org.asynchttpclient.netty.request.NettyRequestSender - Using open Channel [id: 0x2aab7377, L:/127.0.0.1:14924 - R:localhost/127.0.0.1:1300] for GET '/session/5560da57ec5b45349a8275ad12de0746/alert/text'
16:15:34.107 [AsyncHttpClient-1-6] DEBUG org.asynchttpclient.netty.handler.HttpHandler - 

Request DefaultFullHttpRequest(decodeResult: success, version: HTTP/1.1, content: EmptyByteBufBE)
GET /session/5560da57ec5b45349a8275ad12de0746/alert/text HTTP/1.1
User-Agent: selenium/4.8.1 (java windows)
Cache-Control: no-cache
Content-Type: application/json; charset=utf-8
host: localhost:1300
accept: */*

Response DefaultHttpResponse(decodeResult: success, version: HTTP/1.1)
HTTP/1.1 404 Not Found
Content-Length: 807
Content-Type: application/json; charset=utf-8
cache-control: no-cache

16:15:34.107 [AsyncHttpClient-1-6] DEBUG org.asynchttpclient.netty.channel.ChannelManager - Adding key: http://localhost:1300 for channel [id: 0x2aab7377, L:/127.0.0.1:14924 - R:localhost/127.0.0.1:1300]
16:15:34.108 [Forwarding getCurrentUrl on session 5560da57ec5b45349a8275ad12de0746 to remote] DEBUG org.asynchttpclient.netty.request.NettyRequestSender - Using pooled Channel '[id: 0x2aab7377, L:/127.0.0.1:14924 - R:localhost/127.0.0.1:1300]' for 'GET' to 'http://localhost:1300/session/5560da57ec5b45349a8275ad12de0746/url'
16:15:34.108 [Forwarding getCurrentUrl on session 5560da57ec5b45349a8275ad12de0746 to remote] DEBUG org.asynchttpclient.netty.request.NettyRequestSender - Using open Channel [id: 0x2aab7377, L:/127.0.0.1:14924 - R:localhost/127.0.0.1:1300] for GET '/session/5560da57ec5b45349a8275ad12de0746/url'
16:15:34.111 [AsyncHttpClient-1-6] DEBUG org.asynchttpclient.netty.handler.HttpHandler - 

Request DefaultFullHttpRequest(decodeResult: success, version: HTTP/1.1, content: EmptyByteBufBE)
GET /session/5560da57ec5b45349a8275ad12de0746/url HTTP/1.1
User-Agent: selenium/4.8.1 (java windows)
Cache-Control: no-cache
Content-Type: application/json; charset=utf-8
host: localhost:1300
accept: */*

Response DefaultHttpResponse(decodeResult: success, version: HTTP/1.1)
HTTP/1.1 200 OK
Content-Length: 64
Content-Type: application/json; charset=utf-8
cache-control: no-cache

16:15:34.112 [AsyncHttpClient-1-6] DEBUG org.asynchttpclient.netty.channel.ChannelManager - Adding key: http://localhost:1300 for channel [id: 0x2aab7377, L:/127.0.0.1:14924 - R:localhost/127.0.0.1:1300]
16:15:34.112 [Forwarding screenshot on session 5560da57ec5b45349a8275ad12de0746 to remote] DEBUG org.asynchttpclient.netty.request.NettyRequestSender - Using pooled Channel '[id: 0x2aab7377, L:/127.0.0.1:14924 - R:localhost/127.0.0.1:1300]' for 'GET' to 'http://localhost:1300/session/5560da57ec5b45349a8275ad12de0746/screenshot'
16:15:34.112 [Forwarding screenshot on session 5560da57ec5b45349a8275ad12de0746 to remote] DEBUG org.asynchttpclient.netty.request.NettyRequestSender - Using open Channel [id: 0x2aab7377, L:/127.0.0.1:14924 - R:localhost/127.0.0.1:1300] for GET '/session/5560da57ec5b45349a8275ad12de0746/screenshot'
16:15:34.268 [AsyncHttpClient-1-6] DEBUG org.asynchttpclient.netty.handler.HttpHandler - 

Request DefaultFullHttpRequest(decodeResult: success, version: HTTP/1.1, content: EmptyByteBufBE)
GET /session/5560da57ec5b45349a8275ad12de0746/screenshot HTTP/1.1
User-Agent: selenium/4.8.1 (java windows)
Cache-Control: no-cache
Content-Type: application/json; charset=utf-8
host: localhost:1300
accept: */*

Response DefaultHttpResponse(decodeResult: success, version: HTTP/1.1)
HTTP/1.1 200 OK
Content-Length: 126860
Content-Type: application/json; charset=utf-8
cache-control: no-cache

16:15:34.268 [AsyncHttpClient-1-6] DEBUG org.asynchttpclient.netty.channel.ChannelManager - Adding key: http://localhost:1300 for channel [id: 0x2aab7377, L:/127.0.0.1:14924 - R:localhost/127.0.0.1:1300]
16:15:34.274 [main] DEBUG net.serenitybdd.core.photography.Darkroom - Send negative for processing for target\site\serenity\8ea53f2fd0462607c1a1f7d4f2d323be033f245facd593f5983c52b2a015fa62.png
16:15:34.274 [main] DEBUG net.thucydides.core.steps.StepInterceptor - STEP DONE: inputEmail
  &amp#27;[32mWhen &amp#27;[0m&amp#27;[32mI iinput email&amp#27;[0m                                    &amp#27;[90m# Starter.Stepdefitions.EditProfileSteps.inputEmail()&amp#27;[0m
16:15:34.283 [Forwarding getPageSource on session 5560da57ec5b45349a8275ad12de0746 to remote] DEBUG org.asynchttpclient.netty.request.NettyRequestSender - Using pooled Channel '[id: 0x2aab7377, L:/127.0.0.1:14924 - R:localhost/127.0.0.1:1300]' for 'POST' to 'http://localhost:1300/session/5560da57ec5b45349a8275ad12de0746/execute/sync'
16:15:34.283 [Forwarding getPageSource on session 5560da57ec5b45349a8275ad12de0746 to remote] DEBUG org.asynchttpclient.netty.request.NettyRequestSender - Using open Channel [id: 0x2aab7377, L:/127.0.0.1:14924 - R:localhost/127.0.0.1:1300] for POST '/session/5560da57ec5b45349a8275ad12de0746/execute/sync'
16:15:34.288 [AsyncHttpClient-1-6] DEBUG org.asynchttpclient.netty.handler.HttpHandler - 

Request DefaultHttpRequest(decodeResult: success, version: HTTP/1.1)
POST /session/5560da57ec5b45349a8275ad12de0746/execute/sync HTTP/1.1
User-Agent: selenium/4.8.1 (java windows)
Content-Length: 176
Content-Type: application/json; charset=utf-8
host: localhost:1300
accept: */*

Response DefaultHttpResponse(decodeResult: success, version: HTTP/1.1)
HTTP/1.1 200 OK
Content-Length: 6025
Content-Type: application/json; charset=utf-8
cache-control: no-cache

16:15:34.289 [AsyncHttpClient-1-6] DEBUG org.asynchttpclient.netty.channel.ChannelManager - Adding key: http://localhost:1300 for channel [id: 0x2aab7377, L:/127.0.0.1:14924 - R:localhost/127.0.0.1:1300]
16:15:34.292 [Forwarding getCurrentUrl on session 5560da57ec5b45349a8275ad12de0746 to remote] DEBUG org.asynchttpclient.netty.request.NettyRequestSender - Using pooled Channel '[id: 0x2aab7377, L:/127.0.0.1:14924 - R:localhost/127.0.0.1:1300]' for 'GET' to 'http://localhost:1300/session/5560da57ec5b45349a8275ad12de0746/url'
16:15:34.292 [Forwarding getCurrentUrl on session 5560da57ec5b45349a8275ad12de0746 to remote] DEBUG org.asynchttpclient.netty.request.NettyRequestSender - Using open Channel [id: 0x2aab7377, L:/127.0.0.1:14924 - R:localhost/127.0.0.1:1300] for GET '/session/5560da57ec5b45349a8275ad12de0746/url'
16:15:34.297 [AsyncHttpClient-1-6] DEBUG org.asynchttpclient.netty.handler.HttpHandler - 

Request DefaultFullHttpRequest(decodeResult: success, version: HTTP/1.1, content: EmptyByteBufBE)
GET /session/5560da57ec5b45349a8275ad12de0746/url HTTP/1.1
User-Agent: selenium/4.8.1 (java windows)
Cache-Control: no-cache
Content-Type: application/json; charset=utf-8
host: localhost:1300
accept: */*

Response DefaultHttpResponse(decodeResult: success, version: HTTP/1.1)
HTTP/1.1 200 OK
Content-Length: 64
Content-Type: application/json; charset=utf-8
cache-control: no-cache

16:15:34.298 [AsyncHttpClient-1-6] DEBUG org.asynchttpclient.netty.channel.ChannelManager - Adding key: http://localhost:1300 for channel [id: 0x2aab7377, L:/127.0.0.1:14924 - R:localhost/127.0.0.1:1300]
16:15:34.316 [Forwarding getPageSource on session 5560da57ec5b45349a8275ad12de0746 to remote] DEBUG org.asynchttpclient.netty.request.NettyRequestSender - Using pooled Channel '[id: 0x2aab7377, L:/127.0.0.1:14924 - R:localhost/127.0.0.1:1300]' for 'POST' to 'http://localhost:1300/session/5560da57ec5b45349a8275ad12de0746/execute/sync'
16:15:34.316 [Forwarding getPageSource on session 5560da57ec5b45349a8275ad12de0746 to remote] DEBUG org.asynchttpclient.netty.request.NettyRequestSender - Using open Channel [id: 0x2aab7377, L:/127.0.0.1:14924 - R:localhost/127.0.0.1:1300] for POST '/session/5560da57ec5b45349a8275ad12de0746/execute/sync'
16:15:34.324 [AsyncHttpClient-1-6] DEBUG org.asynchttpclient.netty.handler.HttpHandler - 

Request DefaultHttpRequest(decodeResult: success, version: HTTP/1.1)
POST /session/5560da57ec5b45349a8275ad12de0746/execute/sync HTTP/1.1
User-Agent: selenium/4.8.1 (java windows)
Content-Length: 176
Content-Type: application/json; charset=utf-8
host: localhost:1300
accept: */*

Response DefaultHttpResponse(decodeResult: success, version: HTTP/1.1)
HTTP/1.1 200 OK
Content-Length: 6025
Content-Type: application/json; charset=utf-8
cache-control: no-cache

16:15:34.324 [AsyncHttpClient-1-6] DEBUG org.asynchttpclient.netty.channel.ChannelManager - Adding key: http://localhost:1300 for channel [id: 0x2aab7377, L:/127.0.0.1:14924 - R:localhost/127.0.0.1:1300]
16:15:34.327 [Forwarding getCurrentUrl on session 5560da57ec5b45349a8275ad12de0746 to remote] DEBUG org.asynchttpclient.netty.request.NettyRequestSender - Using pooled Channel '[id: 0x2aab7377, L:/127.0.0.1:14924 - R:localhost/127.0.0.1:1300]' for 'GET' to 'http://localhost:1300/session/5560da57ec5b45349a8275ad12de0746/url'
16:15:34.327 [Forwarding getCurrentUrl on session 5560da57ec5b45349a8275ad12de0746 to remote] DEBUG org.asynchttpclient.netty.request.NettyRequestSender - Using open Channel [id: 0x2aab7377, L:/127.0.0.1:14924 - R:localhost/127.0.0.1:1300] for GET '/session/5560da57ec5b45349a8275ad12de0746/url'
16:15:34.337 [AsyncHttpClient-1-6] DEBUG org.asynchttpclient.netty.handler.HttpHandler - 

Request DefaultFullHttpRequest(decodeResult: success, version: HTTP/1.1, content: EmptyByteBufBE)
GET /session/5560da57ec5b45349a8275ad12de0746/url HTTP/1.1
User-Agent: selenium/4.8.1 (java windows)
Cache-Control: no-cache
Content-Type: application/json; charset=utf-8
host: localhost:1300
accept: */*

Response DefaultHttpResponse(decodeResult: success, version: HTTP/1.1)
HTTP/1.1 200 OK
Content-Length: 64
Content-Type: application/json; charset=utf-8
cache-control: no-cache

16:15:34.337 [AsyncHttpClient-1-6] DEBUG org.asynchttpclient.netty.channel.ChannelManager - Adding key: http://localhost:1300 for channel [id: 0x2aab7377, L:/127.0.0.1:14924 - R:localhost/127.0.0.1:1300]
16:15:34.340 [main] DEBUG net.thucydides.core.steps.StepInterceptor - STARTING STEP: EditProfileSteps.inputPassword - inputPassword
16:15:34.344 [Forwarding findElement on session 5560da57ec5b45349a8275ad12de0746 to remote] DEBUG org.asynchttpclient.netty.request.NettyRequestSender - Using pooled Channel '[id: 0x2aab7377, L:/127.0.0.1:14924 - R:localhost/127.0.0.1:1300]' for 'POST' to 'http://localhost:1300/session/5560da57ec5b45349a8275ad12de0746/element'
16:15:34.344 [Forwarding findElement on session 5560da57ec5b45349a8275ad12de0746 to remote] DEBUG org.asynchttpclient.netty.request.NettyRequestSender - Using open Channel [id: 0x2aab7377, L:/127.0.0.1:14924 - R:localhost/127.0.0.1:1300] for POST '/session/5560da57ec5b45349a8275ad12de0746/element'
16:15:34.358 [AsyncHttpClient-1-6] DEBUG org.asynchttpclient.netty.handler.HttpHandler - 

Request DefaultHttpRequest(decodeResult: success, version: HTTP/1.1)
POST /session/5560da57ec5b45349a8275ad12de0746/element HTTP/1.1
User-Agent: selenium/4.8.1 (java windows)
Content-Length: 70
Content-Type: application/json; charset=utf-8
host: localhost:1300
accept: */*

Response DefaultHttpResponse(decodeResult: success, version: HTTP/1.1)
HTTP/1.1 200 OK
Content-Length: 95
Content-Type: application/json; charset=utf-8
cache-control: no-cache

16:15:34.359 [AsyncHttpClient-1-6] DEBUG org.asynchttpclient.netty.channel.ChannelManager - Adding key: http://localhost:1300 for channel [id: 0x2aab7377, L:/127.0.0.1:14924 - R:localhost/127.0.0.1:1300]
16:15:34.360 [Forwarding clearElement on session 5560da57ec5b45349a8275ad12de0746 to remote] DEBUG org.asynchttpclient.netty.request.NettyRequestSender - Using pooled Channel '[id: 0x2aab7377, L:/127.0.0.1:14924 - R:localhost/127.0.0.1:1300]' for 'POST' to 'http://localhost:1300/session/5560da57ec5b45349a8275ad12de0746/element/0697D2FE3B1F313E9BC0F0D59C36162C_element_10/clear'
16:15:34.360 [Forwarding clearElement on session 5560da57ec5b45349a8275ad12de0746 to remote] DEBUG org.asynchttpclient.netty.request.NettyRequestSender - Using open Channel [id: 0x2aab7377, L:/127.0.0.1:14924 - R:localhost/127.0.0.1:1300] for POST '/session/5560da57ec5b45349a8275ad12de0746/element/0697D2FE3B1F313E9BC0F0D59C36162C_element_10/clear'
16:15:34.393 [AsyncHttpClient-1-6] DEBUG org.asynchttpclient.netty.handler.HttpHandler - 

Request DefaultHttpRequest(decodeResult: success, version: HTTP/1.1)
POST /session/5560da57ec5b45349a8275ad12de0746/element/0697D2FE3B1F313E9BC0F0D59C36162C_element_10/clear HTTP/1.1
User-Agent: selenium/4.8.1 (java windows)
Content-Length: 57
Content-Type: application/json; charset=utf-8
host: localhost:1300
accept: */*

Response DefaultHttpResponse(decodeResult: success, version: HTTP/1.1)
HTTP/1.1 200 OK
Content-Length: 14
Content-Type: application/json; charset=utf-8
cache-control: no-cache

16:15:34.393 [AsyncHttpClient-1-6] DEBUG org.asynchttpclient.netty.channel.ChannelManager - Adding key: http://localhost:1300 for channel [id: 0x2aab7377, L:/127.0.0.1:14924 - R:localhost/127.0.0.1:1300]
16:15:34.394 [Forwarding sendKeysToElement on session 5560da57ec5b45349a8275ad12de0746 to remote] DEBUG org.asynchttpclient.netty.request.NettyRequestSender - Using pooled Channel '[id: 0x2aab7377, L:/127.0.0.1:14924 - R:localhost/127.0.0.1:1300]' for 'POST' to 'http://localhost:1300/session/5560da57ec5b45349a8275ad12de0746/element/0697D2FE3B1F313E9BC0F0D59C36162C_element_10/value'
16:15:34.394 [Forwarding sendKeysToElement on session 5560da57ec5b45349a8275ad12de0746 to remote] DEBUG org.asynchttpclient.netty.request.NettyRequestSender - Using open Channel [id: 0x2aab7377, L:/127.0.0.1:14924 - R:localhost/127.0.0.1:1300] for POST '/session/5560da57ec5b45349a8275ad12de0746/element/0697D2FE3B1F313E9BC0F0D59C36162C_element_10/value'
16:15:34.547 [AsyncHttpClient-1-1] DEBUG org.asynchttpclient.netty.channel.DefaultChannelPool - Entry count for : http://localhost:14925 : 1
16:15:34.622 [AsyncHttpClient-1-6] DEBUG org.asynchttpclient.netty.handler.HttpHandler - 

Request DefaultHttpRequest(decodeResult: success, version: HTTP/1.1)
POST /session/5560da57ec5b45349a8275ad12de0746/element/0697D2FE3B1F313E9BC0F0D59C36162C_element_10/value HTTP/1.1
User-Agent: selenium/4.8.1 (java windows)
Content-Length: 198
Content-Type: application/json; charset=utf-8
host: localhost:1300
accept: */*

Response DefaultHttpResponse(decodeResult: success, version: HTTP/1.1)
HTTP/1.1 200 OK
Content-Length: 14
Content-Type: application/json; charset=utf-8
cache-control: no-cache

16:15:34.623 [AsyncHttpClient-1-6] DEBUG org.asynchttpclient.netty.channel.ChannelManager - Adding key: http://localhost:1300 for channel [id: 0x2aab7377, L:/127.0.0.1:14924 - R:localhost/127.0.0.1:1300]
16:15:34.629 [Forwarding getAlertText on session 5560da57ec5b45349a8275ad12de0746 to remote] DEBUG org.asynchttpclient.netty.request.NettyRequestSender - Using pooled Channel '[id: 0x2aab7377, L:/127.0.0.1:14924 - R:localhost/127.0.0.1:1300]' for 'GET' to 'http://localhost:1300/session/5560da57ec5b45349a8275ad12de0746/alert/text'
16:15:34.629 [Forwarding getAlertText on session 5560da57ec5b45349a8275ad12de0746 to remote] DEBUG org.asynchttpclient.netty.request.NettyRequestSender - Using open Channel [id: 0x2aab7377, L:/127.0.0.1:14924 - R:localhost/127.0.0.1:1300] for GET '/session/5560da57ec5b45349a8275ad12de0746/alert/text'
16:15:34.630 [AsyncHttpClient-1-6] DEBUG org.asynchttpclient.netty.handler.HttpHandler - 

Request DefaultFullHttpRequest(decodeResult: success, version: HTTP/1.1, content: EmptyByteBufBE)
GET /session/5560da57ec5b45349a8275ad12de0746/alert/text HTTP/1.1
User-Agent: selenium/4.8.1 (java windows)
Cache-Control: no-cache
Content-Type: application/json; charset=utf-8
host: localhost:1300
accept: */*

Response DefaultHttpResponse(decodeResult: success, version: HTTP/1.1)
HTTP/1.1 404 Not Found
Content-Length: 807
Content-Type: application/json; charset=utf-8
cache-control: no-cache

16:15:34.630 [AsyncHttpClient-1-6] DEBUG org.asynchttpclient.netty.channel.ChannelManager - Adding key: http://localhost:1300 for channel [id: 0x2aab7377, L:/127.0.0.1:14924 - R:localhost/127.0.0.1:1300]
16:15:34.631 [Forwarding getCurrentUrl on session 5560da57ec5b45349a8275ad12de0746 to remote] DEBUG org.asynchttpclient.netty.request.NettyRequestSender - Using pooled Channel '[id: 0x2aab7377, L:/127.0.0.1:14924 - R:localhost/127.0.0.1:1300]' for 'GET' to 'http://localhost:1300/session/5560da57ec5b45349a8275ad12de0746/url'
16:15:34.631 [Forwarding getCurrentUrl on session 5560da57ec5b45349a8275ad12de0746 to remote] DEBUG org.asynchttpclient.netty.request.NettyRequestSender - Using open Channel [id: 0x2aab7377, L:/127.0.0.1:14924 - R:localhost/127.0.0.1:1300] for GET '/session/5560da57ec5b45349a8275ad12de0746/url'
16:15:34.635 [AsyncHttpClient-1-6] DEBUG org.asynchttpclient.netty.handler.HttpHandler - 

Request DefaultFullHttpRequest(decodeResult: success, version: HTTP/1.1, content: EmptyByteBufBE)
GET /session/5560da57ec5b45349a8275ad12de0746/url HTTP/1.1
User-Agent: selenium/4.8.1 (java windows)
Cache-Control: no-cache
Content-Type: application/json; charset=utf-8
host: localhost:1300
accept: */*

Response DefaultHttpResponse(decodeResult: success, version: HTTP/1.1)
HTTP/1.1 200 OK
Content-Length: 64
Content-Type: application/json; charset=utf-8
cache-control: no-cache

16:15:34.635 [AsyncHttpClient-1-6] DEBUG org.asynchttpclient.netty.channel.ChannelManager - Adding key: http://localhost:1300 for channel [id: 0x2aab7377, L:/127.0.0.1:14924 - R:localhost/127.0.0.1:1300]
16:15:34.635 [Forwarding screenshot on session 5560da57ec5b45349a8275ad12de0746 to remote] DEBUG org.asynchttpclient.netty.request.NettyRequestSender - Using pooled Channel '[id: 0x2aab7377, L:/127.0.0.1:14924 - R:localhost/127.0.0.1:1300]' for 'GET' to 'http://localhost:1300/session/5560da57ec5b45349a8275ad12de0746/screenshot'
16:15:34.636 [Forwarding screenshot on session 5560da57ec5b45349a8275ad12de0746 to remote] DEBUG org.asynchttpclient.netty.request.NettyRequestSender - Using open Channel [id: 0x2aab7377, L:/127.0.0.1:14924 - R:localhost/127.0.0.1:1300] for GET '/session/5560da57ec5b45349a8275ad12de0746/screenshot'
16:15:34.759 [AsyncHttpClient-1-6] DEBUG org.asynchttpclient.netty.handler.HttpHandler - 

Request DefaultFullHttpRequest(decodeResult: success, version: HTTP/1.1, content: EmptyByteBufBE)
GET /session/5560da57ec5b45349a8275ad12de0746/screenshot HTTP/1.1
User-Agent: selenium/4.8.1 (java windows)
Cache-Control: no-cache
Content-Type: application/json; charset=utf-8
host: localhost:1300
accept: */*

Response DefaultHttpResponse(decodeResult: success, version: HTTP/1.1)
HTTP/1.1 200 OK
Content-Length: 124768
Content-Type: application/json; charset=utf-8
cache-control: no-cache

16:15:34.760 [AsyncHttpClient-1-6] DEBUG org.asynchttpclient.netty.channel.ChannelManager - Adding key: http://localhost:1300 for channel [id: 0x2aab7377, L:/127.0.0.1:14924 - R:localhost/127.0.0.1:1300]
16:15:34.765 [main] DEBUG net.serenitybdd.core.photography.Darkroom - Send negative for processing for target\site\serenity\a482bc7bd961aca5e94723349c45a43c2640dfe964600ce63e970df6c5797a73.png
16:15:34.765 [main] DEBUG net.thucydides.core.steps.StepInterceptor - STEP DONE: inputPassword
  &amp#27;[32mAnd &amp#27;[0m&amp#27;[32mI iinput password&amp#27;[0m                                  &amp#27;[90m# Starter.Stepdefitions.EditProfileSteps.inputPassword()&amp#27;[0m
16:15:34.774 [Forwarding getPageSource on session 5560da57ec5b45349a8275ad12de0746 to remote] DEBUG org.asynchttpclient.netty.request.NettyRequestSender - Using pooled Channel '[id: 0x2aab7377, L:/127.0.0.1:14924 - R:localhost/127.0.0.1:1300]' for 'POST' to 'http://localhost:1300/session/5560da57ec5b45349a8275ad12de0746/execute/sync'
16:15:34.774 [Forwarding getPageSource on session 5560da57ec5b45349a8275ad12de0746 to remote] DEBUG org.asynchttpclient.netty.request.NettyRequestSender - Using open Channel [id: 0x2aab7377, L:/127.0.0.1:14924 - R:localhost/127.0.0.1:1300] for POST '/session/5560da57ec5b45349a8275ad12de0746/execute/sync'
16:15:34.778 [AsyncHttpClient-1-6] DEBUG org.asynchttpclient.netty.handler.HttpHandler - 

Request DefaultHttpRequest(decodeResult: success, version: HTTP/1.1)
POST /session/5560da57ec5b45349a8275ad12de0746/execute/sync HTTP/1.1
User-Agent: selenium/4.8.1 (java windows)
Content-Length: 176
Content-Type: application/json; charset=utf-8
host: localhost:1300
accept: */*

Response DefaultHttpResponse(decodeResult: success, version: HTTP/1.1)
HTTP/1.1 200 OK
Content-Length: 6036
Content-Type: application/json; charset=utf-8
cache-control: no-cache

16:15:34.778 [AsyncHttpClient-1-6] DEBUG org.asynchttpclient.netty.channel.ChannelManager - Adding key: http://localhost:1300 for channel [id: 0x2aab7377, L:/127.0.0.1:14924 - R:localhost/127.0.0.1:1300]
16:15:34.780 [Forwarding getCurrentUrl on session 5560da57ec5b45349a8275ad12de0746 to remote] DEBUG org.asynchttpclient.netty.request.NettyRequestSender - Using pooled Channel '[id: 0x2aab7377, L:/127.0.0.1:14924 - R:localhost/127.0.0.1:1300]' for 'GET' to 'http://localhost:1300/session/5560da57ec5b45349a8275ad12de0746/url'
16:15:34.780 [Forwarding getCurrentUrl on session 5560da57ec5b45349a8275ad12de0746 to remote] DEBUG org.asynchttpclient.netty.request.NettyRequestSender - Using open Channel [id: 0x2aab7377, L:/127.0.0.1:14924 - R:localhost/127.0.0.1:1300] for GET '/session/5560da57ec5b45349a8275ad12de0746/url'
16:15:34.783 [AsyncHttpClient-1-6] DEBUG org.asynchttpclient.netty.handler.HttpHandler - 

Request DefaultFullHttpRequest(decodeResult: success, version: HTTP/1.1, content: EmptyByteBufBE)
GET /session/5560da57ec5b45349a8275ad12de0746/url HTTP/1.1
User-Agent: selenium/4.8.1 (java windows)
Cache-Control: no-cache
Content-Type: application/json; charset=utf-8
host: localhost:1300
accept: */*

Response DefaultHttpResponse(decodeResult: success, version: HTTP/1.1)
HTTP/1.1 200 OK
Content-Length: 64
Content-Type: application/json; charset=utf-8
cache-control: no-cache

16:15:34.784 [AsyncHttpClient-1-6] DEBUG org.asynchttpclient.netty.channel.ChannelManager - Adding key: http://localhost:1300 for channel [id: 0x2aab7377, L:/127.0.0.1:14924 - R:localhost/127.0.0.1:1300]
16:15:34.792 [Forwarding getPageSource on session 5560da57ec5b45349a8275ad12de0746 to remote] DEBUG org.asynchttpclient.netty.request.NettyRequestSender - Using pooled Channel '[id: 0x2aab7377, L:/127.0.0.1:14924 - R:localhost/127.0.0.1:1300]' for 'POST' to 'http://localhost:1300/session/5560da57ec5b45349a8275ad12de0746/execute/sync'
16:15:34.792 [Forwarding getPageSource on session 5560da57ec5b45349a8275ad12de0746 to remote] DEBUG org.asynchttpclient.netty.request.NettyRequestSender - Using open Channel [id: 0x2aab7377, L:/127.0.0.1:14924 - R:localhost/127.0.0.1:1300] for POST '/session/5560da57ec5b45349a8275ad12de0746/execute/sync'
16:15:34.797 [AsyncHttpClient-1-6] DEBUG org.asynchttpclient.netty.handler.HttpHandler - 

Request DefaultHttpRequest(decodeResult: success, version: HTTP/1.1)
POST /session/5560da57ec5b45349a8275ad12de0746/execute/sync HTTP/1.1
User-Agent: selenium/4.8.1 (java windows)
Content-Length: 176
Content-Type: application/json; charset=utf-8
host: localhost:1300
accept: */*

Response DefaultHttpResponse(decodeResult: success, version: HTTP/1.1)
HTTP/1.1 200 OK
Content-Length: 6036
Content-Type: application/json; charset=utf-8
cache-control: no-cache

16:15:34.797 [AsyncHttpClient-1-6] DEBUG org.asynchttpclient.netty.channel.ChannelManager - Adding key: http://localhost:1300 for channel [id: 0x2aab7377, L:/127.0.0.1:14924 - R:localhost/127.0.0.1:1300]
16:15:34.798 [Forwarding getCurrentUrl on session 5560da57ec5b45349a8275ad12de0746 to remote] DEBUG org.asynchttpclient.netty.request.NettyRequestSender - Using pooled Channel '[id: 0x2aab7377, L:/127.0.0.1:14924 - R:localhost/127.0.0.1:1300]' for 'GET' to 'http://localhost:1300/session/5560da57ec5b45349a8275ad12de0746/url'
16:15:34.798 [Forwarding getCurrentUrl on session 5560da57ec5b45349a8275ad12de0746 to remote] DEBUG org.asynchttpclient.netty.request.NettyRequestSender - Using open Channel [id: 0x2aab7377, L:/127.0.0.1:14924 - R:localhost/127.0.0.1:1300] for GET '/session/5560da57ec5b45349a8275ad12de0746/url'
16:15:34.802 [AsyncHttpClient-1-6] DEBUG org.asynchttpclient.netty.handler.HttpHandler - 

Request DefaultFullHttpRequest(decodeResult: success, version: HTTP/1.1, content: EmptyByteBufBE)
GET /session/5560da57ec5b45349a8275ad12de0746/url HTTP/1.1
User-Agent: selenium/4.8.1 (java windows)
Cache-Control: no-cache
Content-Type: application/json; charset=utf-8
host: localhost:1300
accept: */*

Response DefaultHttpResponse(decodeResult: success, version: HTTP/1.1)
HTTP/1.1 200 OK
Content-Length: 64
Content-Type: application/json; charset=utf-8
cache-control: no-cache

16:15:34.803 [AsyncHttpClient-1-6] DEBUG org.asynchttpclient.netty.channel.ChannelManager - Adding key: http://localhost:1300 for channel [id: 0x2aab7377, L:/127.0.0.1:14924 - R:localhost/127.0.0.1:1300]
16:15:34.804 [main] DEBUG net.thucydides.core.steps.StepInterceptor - STARTING STEP: EditProfileSteps.clickSignInButton - clickSignInButton
16:15:34.808 [Forwarding findElement on session 5560da57ec5b45349a8275ad12de0746 to remote] DEBUG org.asynchttpclient.netty.request.NettyRequestSender - Using pooled Channel '[id: 0x2aab7377, L:/127.0.0.1:14924 - R:localhost/127.0.0.1:1300]' for 'POST' to 'http://localhost:1300/session/5560da57ec5b45349a8275ad12de0746/element'
16:15:34.808 [Forwarding findElement on session 5560da57ec5b45349a8275ad12de0746 to remote] DEBUG org.asynchttpclient.netty.request.NettyRequestSender - Using open Channel [id: 0x2aab7377, L:/127.0.0.1:14924 - R:localhost/127.0.0.1:1300] for POST '/session/5560da57ec5b45349a8275ad12de0746/element'
16:15:34.820 [AsyncHttpClient-1-6] DEBUG org.asynchttpclient.netty.handler.HttpHandler - 

Request DefaultHttpRequest(decodeResult: success, version: HTTP/1.1)
POST /session/5560da57ec5b45349a8275ad12de0746/element HTTP/1.1
User-Agent: selenium/4.8.1 (java windows)
Content-Length: 69
Content-Type: application/json; charset=utf-8
host: localhost:1300
accept: */*

Response DefaultHttpResponse(decodeResult: success, version: HTTP/1.1)
HTTP/1.1 200 OK
Content-Length: 95
Content-Type: application/json; charset=utf-8
cache-control: no-cache

16:15:34.820 [AsyncHttpClient-1-6] DEBUG org.asynchttpclient.netty.channel.ChannelManager - Adding key: http://localhost:1300 for channel [id: 0x2aab7377, L:/127.0.0.1:14924 - R:localhost/127.0.0.1:1300]
16:15:34.821 [Forwarding getElementTagName on session 5560da57ec5b45349a8275ad12de0746 to remote] DEBUG org.asynchttpclient.netty.request.NettyRequestSender - Using pooled Channel '[id: 0x2aab7377, L:/127.0.0.1:14924 - R:localhost/127.0.0.1:1300]' for 'GET' to 'http://localhost:1300/session/5560da57ec5b45349a8275ad12de0746/element/0697D2FE3B1F313E9BC0F0D59C36162C_element_14/name'
16:15:34.821 [Forwarding getElementTagName on session 5560da57ec5b45349a8275ad12de0746 to remote] DEBUG org.asynchttpclient.netty.request.NettyRequestSender - Using open Channel [id: 0x2aab7377, L:/127.0.0.1:14924 - R:localhost/127.0.0.1:1300] for GET '/session/5560da57ec5b45349a8275ad12de0746/element/0697D2FE3B1F313E9BC0F0D59C36162C_element_14/name'
16:15:34.827 [AsyncHttpClient-1-6] DEBUG org.asynchttpclient.netty.handler.HttpHandler - 

Request DefaultFullHttpRequest(decodeResult: success, version: HTTP/1.1, content: EmptyByteBufBE)
GET /session/5560da57ec5b45349a8275ad12de0746/element/0697D2FE3B1F313E9BC0F0D59C36162C_element_14/name HTTP/1.1
User-Agent: selenium/4.8.1 (java windows)
Cache-Control: no-cache
Content-Type: application/json; charset=utf-8
host: localhost:1300
accept: */*

Response DefaultHttpResponse(decodeResult: success, version: HTTP/1.1)
HTTP/1.1 200 OK
Content-Length: 18
Content-Type: application/json; charset=utf-8
cache-control: no-cache

16:15:34.827 [AsyncHttpClient-1-6] DEBUG org.asynchttpclient.netty.channel.ChannelManager - Adding key: http://localhost:1300 for channel [id: 0x2aab7377, L:/127.0.0.1:14924 - R:localhost/127.0.0.1:1300]
16:15:34.828 [Forwarding getElementTagName on session 5560da57ec5b45349a8275ad12de0746 to remote] DEBUG org.asynchttpclient.netty.request.NettyRequestSender - Using pooled Channel '[id: 0x2aab7377, L:/127.0.0.1:14924 - R:localhost/127.0.0.1:1300]' for 'GET' to 'http://localhost:1300/session/5560da57ec5b45349a8275ad12de0746/element/0697D2FE3B1F313E9BC0F0D59C36162C_element_14/name'
16:15:34.828 [Forwarding getElementTagName on session 5560da57ec5b45349a8275ad12de0746 to remote] DEBUG org.asynchttpclient.netty.request.NettyRequestSender - Using open Channel [id: 0x2aab7377, L:/127.0.0.1:14924 - R:localhost/127.0.0.1:1300] for GET '/session/5560da57ec5b45349a8275ad12de0746/element/0697D2FE3B1F313E9BC0F0D59C36162C_element_14/name'
16:15:34.832 [AsyncHttpClient-1-6] DEBUG org.asynchttpclient.netty.handler.HttpHandler - 

Request DefaultFullHttpRequest(decodeResult: success, version: HTTP/1.1, content: EmptyByteBufBE)
GET /session/5560da57ec5b45349a8275ad12de0746/element/0697D2FE3B1F313E9BC0F0D59C36162C_element_14/name HTTP/1.1
User-Agent: selenium/4.8.1 (java windows)
Cache-Control: no-cache
Content-Type: application/json; charset=utf-8
host: localhost:1300
accept: */*

Response DefaultHttpResponse(decodeResult: success, version: HTTP/1.1)
HTTP/1.1 200 OK
Content-Length: 18
Content-Type: application/json; charset=utf-8
cache-control: no-cache

16:15:34.832 [AsyncHttpClient-1-6] DEBUG org.asynchttpclient.netty.channel.ChannelManager - Adding key: http://localhost:1300 for channel [id: 0x2aab7377, L:/127.0.0.1:14924 - R:localhost/127.0.0.1:1300]
16:15:34.834 [Forwarding isElementEnabled on session 5560da57ec5b45349a8275ad12de0746 to remote] DEBUG org.asynchttpclient.netty.request.NettyRequestSender - Using pooled Channel '[id: 0x2aab7377, L:/127.0.0.1:14924 - R:localhost/127.0.0.1:1300]' for 'GET' to 'http://localhost:1300/session/5560da57ec5b45349a8275ad12de0746/element/0697D2FE3B1F313E9BC0F0D59C36162C_element_14/enabled'
16:15:34.834 [Forwarding isElementEnabled on session 5560da57ec5b45349a8275ad12de0746 to remote] DEBUG org.asynchttpclient.netty.request.NettyRequestSender - Using open Channel [id: 0x2aab7377, L:/127.0.0.1:14924 - R:localhost/127.0.0.1:1300] for GET '/session/5560da57ec5b45349a8275ad12de0746/element/0697D2FE3B1F313E9BC0F0D59C36162C_element_14/enabled'
16:15:34.841 [AsyncHttpClient-1-6] DEBUG org.asynchttpclient.netty.handler.HttpHandler - 

Request DefaultFullHttpRequest(decodeResult: success, version: HTTP/1.1, content: EmptyByteBufBE)
GET /session/5560da57ec5b45349a8275ad12de0746/element/0697D2FE3B1F313E9BC0F0D59C36162C_element_14/enabled HTTP/1.1
User-Agent: selenium/4.8.1 (java windows)
Cache-Control: no-cache
Content-Type: application/json; charset=utf-8
host: localhost:1300
accept: */*

Response DefaultHttpResponse(decodeResult: success, version: HTTP/1.1)
HTTP/1.1 200 OK
Content-Length: 14
Content-Type: application/json; charset=utf-8
cache-control: no-cache

16:15:34.841 [AsyncHttpClient-1-6] DEBUG org.asynchttpclient.netty.channel.ChannelManager - Adding key: http://localhost:1300 for channel [id: 0x2aab7377, L:/127.0.0.1:14924 - R:localhost/127.0.0.1:1300]
16:15:34.842 [Forwarding isElementEnabled on session 5560da57ec5b45349a8275ad12de0746 to remote] DEBUG org.asynchttpclient.netty.request.NettyRequestSender - Using pooled Channel '[id: 0x2aab7377, L:/127.0.0.1:14924 - R:localhost/127.0.0.1:1300]' for 'GET' to 'http://localhost:1300/session/5560da57ec5b45349a8275ad12de0746/element/0697D2FE3B1F313E9BC0F0D59C36162C_element_14/enabled'
16:15:34.842 [Forwarding isElementEnabled on session 5560da57ec5b45349a8275ad12de0746 to remote] DEBUG org.asynchttpclient.netty.request.NettyRequestSender - Using open Channel [id: 0x2aab7377, L:/127.0.0.1:14924 - R:localhost/127.0.0.1:1300] for GET '/session/5560da57ec5b45349a8275ad12de0746/element/0697D2FE3B1F313E9BC0F0D59C36162C_element_14/enabled'
16:15:34.848 [AsyncHttpClient-1-6] DEBUG org.asynchttpclient.netty.handler.HttpHandler - 

Request DefaultFullHttpRequest(decodeResult: success, version: HTTP/1.1, content: EmptyByteBufBE)
GET /session/5560da57ec5b45349a8275ad12de0746/element/0697D2FE3B1F313E9BC0F0D59C36162C_element_14/enabled HTTP/1.1
User-Agent: selenium/4.8.1 (java windows)
Cache-Control: no-cache
Content-Type: application/json; charset=utf-8
host: localhost:1300
accept: */*

Response DefaultHttpResponse(decodeResult: success, version: HTTP/1.1)
HTTP/1.1 200 OK
Content-Length: 14
Content-Type: application/json; charset=utf-8
cache-control: no-cache

16:15:34.848 [AsyncHttpClient-1-6] DEBUG org.asynchttpclient.netty.channel.ChannelManager - Adding key: http://localhost:1300 for channel [id: 0x2aab7377, L:/127.0.0.1:14924 - R:localhost/127.0.0.1:1300]
16:15:34.850 [Forwarding findElement on session 5560da57ec5b45349a8275ad12de0746 to remote] DEBUG org.asynchttpclient.netty.request.NettyRequestSender - Using pooled Channel '[id: 0x2aab7377, L:/127.0.0.1:14924 - R:localhost/127.0.0.1:1300]' for 'POST' to 'http://localhost:1300/session/5560da57ec5b45349a8275ad12de0746/element'
16:15:34.850 [Forwarding findElement on session 5560da57ec5b45349a8275ad12de0746 to remote] DEBUG org.asynchttpclient.netty.request.NettyRequestSender - Using open Channel [id: 0x2aab7377, L:/127.0.0.1:14924 - R:localhost/127.0.0.1:1300] for POST '/session/5560da57ec5b45349a8275ad12de0746/element'
16:15:34.858 [AsyncHttpClient-1-6] DEBUG org.asynchttpclient.netty.handler.HttpHandler - 

Request DefaultHttpRequest(decodeResult: success, version: HTTP/1.1)
POST /session/5560da57ec5b45349a8275ad12de0746/element HTTP/1.1
User-Agent: selenium/4.8.1 (java windows)
Content-Length: 69
Content-Type: application/json; charset=utf-8
host: localhost:1300
accept: */*

Response DefaultHttpResponse(decodeResult: success, version: HTTP/1.1)
HTTP/1.1 200 OK
Content-Length: 95
Content-Type: application/json; charset=utf-8
cache-control: no-cache

16:15:34.858 [AsyncHttpClient-1-6] DEBUG org.asynchttpclient.netty.channel.ChannelManager - Adding key: http://localhost:1300 for channel [id: 0x2aab7377, L:/127.0.0.1:14924 - R:localhost/127.0.0.1:1300]
16:15:34.859 [Forwarding clickElement on session 5560da57ec5b45349a8275ad12de0746 to remote] DEBUG org.asynchttpclient.netty.request.NettyRequestSender - Using pooled Channel '[id: 0x2aab7377, L:/127.0.0.1:14924 - R:localhost/127.0.0.1:1300]' for 'POST' to 'http://localhost:1300/session/5560da57ec5b45349a8275ad12de0746/element/0697D2FE3B1F313E9BC0F0D59C36162C_element_14/click'
16:15:34.859 [Forwarding clickElement on session 5560da57ec5b45349a8275ad12de0746 to remote] DEBUG org.asynchttpclient.netty.request.NettyRequestSender - Using open Channel [id: 0x2aab7377, L:/127.0.0.1:14924 - R:localhost/127.0.0.1:1300] for POST '/session/5560da57ec5b45349a8275ad12de0746/element/0697D2FE3B1F313E9BC0F0D59C36162C_element_14/click'
16:15:34.918 [AsyncHttpClient-1-6] DEBUG org.asynchttpclient.netty.handler.HttpHandler - 

Request DefaultHttpRequest(decodeResult: success, version: HTTP/1.1)
POST /session/5560da57ec5b45349a8275ad12de0746/element/0697D2FE3B1F313E9BC0F0D59C36162C_element_14/click HTTP/1.1
User-Agent: selenium/4.8.1 (java windows)
Content-Length: 57
Content-Type: application/json; charset=utf-8
host: localhost:1300
accept: */*

Response DefaultHttpResponse(decodeResult: success, version: HTTP/1.1)
HTTP/1.1 200 OK
Content-Length: 14
Content-Type: application/json; charset=utf-8
cache-control: no-cache

16:15:34.919 [AsyncHttpClient-1-6] DEBUG org.asynchttpclient.netty.channel.ChannelManager - Adding key: http://localhost:1300 for channel [id: 0x2aab7377, L:/127.0.0.1:14924 - R:localhost/127.0.0.1:1300]
16:15:34.929 [Forwarding getAlertText on session 5560da57ec5b45349a8275ad12de0746 to remote] DEBUG org.asynchttpclient.netty.request.NettyRequestSender - Using pooled Channel '[id: 0x2aab7377, L:/127.0.0.1:14924 - R:localhost/127.0.0.1:1300]' for 'GET' to 'http://localhost:1300/session/5560da57ec5b45349a8275ad12de0746/alert/text'
16:15:34.930 [Forwarding getAlertText on session 5560da57ec5b45349a8275ad12de0746 to remote] DEBUG org.asynchttpclient.netty.request.NettyRequestSender - Using open Channel [id: 0x2aab7377, L:/127.0.0.1:14924 - R:localhost/127.0.0.1:1300] for GET '/session/5560da57ec5b45349a8275ad12de0746/alert/text'
16:15:34.931 [AsyncHttpClient-1-6] DEBUG org.asynchttpclient.netty.handler.HttpHandler - 

Request DefaultFullHttpRequest(decodeResult: success, version: HTTP/1.1, content: EmptyByteBufBE)
GET /session/5560da57ec5b45349a8275ad12de0746/alert/text HTTP/1.1
User-Agent: selenium/4.8.1 (java windows)
Cache-Control: no-cache
Content-Type: application/json; charset=utf-8
host: localhost:1300
accept: */*

Response DefaultHttpResponse(decodeResult: success, version: HTTP/1.1)
HTTP/1.1 404 Not Found
Content-Length: 807
Content-Type: application/json; charset=utf-8
cache-control: no-cache

16:15:34.931 [AsyncHttpClient-1-6] DEBUG org.asynchttpclient.netty.channel.ChannelManager - Adding key: http://localhost:1300 for channel [id: 0x2aab7377, L:/127.0.0.1:14924 - R:localhost/127.0.0.1:1300]
16:15:34.932 [Forwarding getCurrentUrl on session 5560da57ec5b45349a8275ad12de0746 to remote] DEBUG org.asynchttpclient.netty.request.NettyRequestSender - Using pooled Channel '[id: 0x2aab7377, L:/127.0.0.1:14924 - R:localhost/127.0.0.1:1300]' for 'GET' to 'http://localhost:1300/session/5560da57ec5b45349a8275ad12de0746/url'
16:15:34.932 [Forwarding getCurrentUrl on session 5560da57ec5b45349a8275ad12de0746 to remote] DEBUG org.asynchttpclient.netty.request.NettyRequestSender - Using open Channel [id: 0x2aab7377, L:/127.0.0.1:14924 - R:localhost/127.0.0.1:1300] for GET '/session/5560da57ec5b45349a8275ad12de0746/url'
16:15:34.936 [AsyncHttpClient-1-6] DEBUG org.asynchttpclient.netty.handler.HttpHandler - 

Request DefaultFullHttpRequest(decodeResult: success, version: HTTP/1.1, content: EmptyByteBufBE)
GET /session/5560da57ec5b45349a8275ad12de0746/url HTTP/1.1
User-Agent: selenium/4.8.1 (java windows)
Cache-Control: no-cache
Content-Type: application/json; charset=utf-8
host: localhost:1300
accept: */*

Response DefaultHttpResponse(decodeResult: success, version: HTTP/1.1)
HTTP/1.1 200 OK
Content-Length: 64
Content-Type: application/json; charset=utf-8
cache-control: no-cache

16:15:34.936 [AsyncHttpClient-1-6] DEBUG org.asynchttpclient.netty.channel.ChannelManager - Adding key: http://localhost:1300 for channel [id: 0x2aab7377, L:/127.0.0.1:14924 - R:localhost/127.0.0.1:1300]
16:15:34.939 [Forwarding screenshot on session 5560da57ec5b45349a8275ad12de0746 to remote] DEBUG org.asynchttpclient.netty.request.NettyRequestSender - Using pooled Channel '[id: 0x2aab7377, L:/127.0.0.1:14924 - R:localhost/127.0.0.1:1300]' for 'GET' to 'http://localhost:1300/session/5560da57ec5b45349a8275ad12de0746/screenshot'
16:15:34.939 [Forwarding screenshot on session 5560da57ec5b45349a8275ad12de0746 to remote] DEBUG org.asynchttpclient.netty.request.NettyRequestSender - Using open Channel [id: 0x2aab7377, L:/127.0.0.1:14924 - R:localhost/127.0.0.1:1300] for GET '/session/5560da57ec5b45349a8275ad12de0746/screenshot'
16:15:35.064 [AsyncHttpClient-1-6] DEBUG org.asynchttpclient.netty.handler.HttpHandler - 

Request DefaultFullHttpRequest(decodeResult: success, version: HTTP/1.1, content: EmptyByteBufBE)
GET /session/5560da57ec5b45349a8275ad12de0746/screenshot HTTP/1.1
User-Agent: selenium/4.8.1 (java windows)
Cache-Control: no-cache
Content-Type: application/json; charset=utf-8
host: localhost:1300
accept: */*

Response DefaultHttpResponse(decodeResult: success, version: HTTP/1.1)
HTTP/1.1 200 OK
Content-Length: 124660
Content-Type: application/json; charset=utf-8
cache-control: no-cache

16:15:35.065 [AsyncHttpClient-1-6] DEBUG org.asynchttpclient.netty.channel.ChannelManager - Adding key: http://localhost:1300 for channel [id: 0x2aab7377, L:/127.0.0.1:14924 - R:localhost/127.0.0.1:1300]
16:15:35.072 [main] DEBUG net.serenitybdd.core.photography.Darkroom - Send negative for processing for target\site\serenity\9f635038e83f9082bd072916054d4e39f4a83a9e39c2e4346878f830416aadba.png
16:15:35.073 [main] DEBUG net.thucydides.core.steps.StepInterceptor - STEP DONE: clickSignInButton
  &amp#27;[32mAnd &amp#27;[0m&amp#27;[32mI click sign in button&amp#27;[0m                             &amp#27;[90m# Starter.Stepdefitions.EditProfileSteps.clickSignInButton()&amp#27;[0m
16:15:35.082 [Forwarding getPageSource on session 5560da57ec5b45349a8275ad12de0746 to remote] DEBUG org.asynchttpclient.netty.request.NettyRequestSender - Using pooled Channel '[id: 0x2aab7377, L:/127.0.0.1:14924 - R:localhost/127.0.0.1:1300]' for 'POST' to 'http://localhost:1300/session/5560da57ec5b45349a8275ad12de0746/execute/sync'
16:15:35.082 [Forwarding getPageSource on session 5560da57ec5b45349a8275ad12de0746 to remote] DEBUG org.asynchttpclient.netty.request.NettyRequestSender - Using open Channel [id: 0x2aab7377, L:/127.0.0.1:14924 - R:localhost/127.0.0.1:1300] for POST '/session/5560da57ec5b45349a8275ad12de0746/execute/sync'
16:15:35.088 [AsyncHttpClient-1-6] DEBUG org.asynchttpclient.netty.handler.HttpHandler - 

Request DefaultHttpRequest(decodeResult: success, version: HTTP/1.1)
POST /session/5560da57ec5b45349a8275ad12de0746/execute/sync HTTP/1.1
User-Agent: selenium/4.8.1 (java windows)
Content-Length: 176
Content-Type: application/json; charset=utf-8
host: localhost:1300
accept: */*

Response DefaultHttpResponse(decodeResult: success, version: HTTP/1.1)
HTTP/1.1 200 OK
Content-Length: 6020
Content-Type: application/json; charset=utf-8
cache-control: no-cache

16:15:35.088 [AsyncHttpClient-1-6] DEBUG org.asynchttpclient.netty.channel.ChannelManager - Adding key: http://localhost:1300 for channel [id: 0x2aab7377, L:/127.0.0.1:14924 - R:localhost/127.0.0.1:1300]
16:15:35.092 [Forwarding getCurrentUrl on session 5560da57ec5b45349a8275ad12de0746 to remote] DEBUG org.asynchttpclient.netty.request.NettyRequestSender - Using pooled Channel '[id: 0x2aab7377, L:/127.0.0.1:14924 - R:localhost/127.0.0.1:1300]' for 'GET' to 'http://localhost:1300/session/5560da57ec5b45349a8275ad12de0746/url'
16:15:35.092 [Forwarding getCurrentUrl on session 5560da57ec5b45349a8275ad12de0746 to remote] DEBUG org.asynchttpclient.netty.request.NettyRequestSender - Using open Channel [id: 0x2aab7377, L:/127.0.0.1:14924 - R:localhost/127.0.0.1:1300] for GET '/session/5560da57ec5b45349a8275ad12de0746/url'
16:15:35.098 [AsyncHttpClient-1-6] DEBUG org.asynchttpclient.netty.handler.HttpHandler - 

Request DefaultFullHttpRequest(decodeResult: success, version: HTTP/1.1, content: EmptyByteBufBE)
GET /session/5560da57ec5b45349a8275ad12de0746/url HTTP/1.1
User-Agent: selenium/4.8.1 (java windows)
Cache-Control: no-cache
Content-Type: application/json; charset=utf-8
host: localhost:1300
accept: */*

Response DefaultHttpResponse(decodeResult: success, version: HTTP/1.1)
HTTP/1.1 200 OK
Content-Length: 64
Content-Type: application/json; charset=utf-8
cache-control: no-cache

16:15:35.098 [AsyncHttpClient-1-6] DEBUG org.asynchttpclient.netty.channel.ChannelManager - Adding key: http://localhost:1300 for channel [id: 0x2aab7377, L:/127.0.0.1:14924 - R:localhost/127.0.0.1:1300]
16:15:35.116 [Forwarding getPageSource on session 5560da57ec5b45349a8275ad12de0746 to remote] DEBUG org.asynchttpclient.netty.request.NettyRequestSender - Using pooled Channel '[id: 0x2aab7377, L:/127.0.0.1:14924 - R:localhost/127.0.0.1:1300]' for 'POST' to 'http://localhost:1300/session/5560da57ec5b45349a8275ad12de0746/execute/sync'
16:15:35.116 [Forwarding getPageSource on session 5560da57ec5b45349a8275ad12de0746 to remote] DEBUG org.asynchttpclient.netty.request.NettyRequestSender - Using open Channel [id: 0x2aab7377, L:/127.0.0.1:14924 - R:localhost/127.0.0.1:1300] for POST '/session/5560da57ec5b45349a8275ad12de0746/execute/sync'
16:15:35.125 [AsyncHttpClient-1-6] DEBUG org.asynchttpclient.netty.handler.HttpHandler - 

Request DefaultHttpRequest(decodeResult: success, version: HTTP/1.1)
POST /session/5560da57ec5b45349a8275ad12de0746/execute/sync HTTP/1.1
User-Agent: selenium/4.8.1 (java windows)
Content-Length: 176
Content-Type: application/json; charset=utf-8
host: localhost:1300
accept: */*

Response DefaultHttpResponse(decodeResult: success, version: HTTP/1.1)
HTTP/1.1 200 OK
Content-Length: 6020
Content-Type: application/json; charset=utf-8
cache-control: no-cache

16:15:35.126 [AsyncHttpClient-1-6] DEBUG org.asynchttpclient.netty.channel.ChannelManager - Adding key: http://localhost:1300 for channel [id: 0x2aab7377, L:/127.0.0.1:14924 - R:localhost/127.0.0.1:1300]
16:15:35.128 [Forwarding getCurrentUrl on session 5560da57ec5b45349a8275ad12de0746 to remote] DEBUG org.asynchttpclient.netty.request.NettyRequestSender - Using pooled Channel '[id: 0x2aab7377, L:/127.0.0.1:14924 - R:localhost/127.0.0.1:1300]' for 'GET' to 'http://localhost:1300/session/5560da57ec5b45349a8275ad12de0746/url'
16:15:35.128 [Forwarding getCurrentUrl on session 5560da57ec5b45349a8275ad12de0746 to remote] DEBUG org.asynchttpclient.netty.request.NettyRequestSender - Using open Channel [id: 0x2aab7377, L:/127.0.0.1:14924 - R:localhost/127.0.0.1:1300] for GET '/session/5560da57ec5b45349a8275ad12de0746/url'
16:15:35.133 [AsyncHttpClient-1-6] DEBUG org.asynchttpclient.netty.handler.HttpHandler - 

Request DefaultFullHttpRequest(decodeResult: success, version: HTTP/1.1, content: EmptyByteBufBE)
GET /session/5560da57ec5b45349a8275ad12de0746/url HTTP/1.1
User-Agent: selenium/4.8.1 (java windows)
Cache-Control: no-cache
Content-Type: application/json; charset=utf-8
host: localhost:1300
accept: */*

Response DefaultHttpResponse(decodeResult: success, version: HTTP/1.1)
HTTP/1.1 200 OK
Content-Length: 64
Content-Type: application/json; charset=utf-8
cache-control: no-cache

16:15:35.133 [AsyncHttpClient-1-6] DEBUG org.asynchttpclient.netty.channel.ChannelManager - Adding key: http://localhost:1300 for channel [id: 0x2aab7377, L:/127.0.0.1:14924 - R:localhost/127.0.0.1:1300]
16:15:35.139 [main] DEBUG net.thucydides.core.steps.StepInterceptor - STARTING STEP: EditProfileSteps.clickProfileButton - clickProfileButton
16:15:35.146 [Forwarding findElement on session 5560da57ec5b45349a8275ad12de0746 to remote] DEBUG org.asynchttpclient.netty.request.NettyRequestSender - Using pooled Channel '[id: 0x2aab7377, L:/127.0.0.1:14924 - R:localhost/127.0.0.1:1300]' for 'POST' to 'http://localhost:1300/session/5560da57ec5b45349a8275ad12de0746/element'
16:15:35.146 [Forwarding findElement on session 5560da57ec5b45349a8275ad12de0746 to remote] DEBUG org.asynchttpclient.netty.request.NettyRequestSender - Using open Channel [id: 0x2aab7377, L:/127.0.0.1:14924 - R:localhost/127.0.0.1:1300] for POST '/session/5560da57ec5b45349a8275ad12de0746/element'
16:15:35.216 [AsyncHttpClient-1-6] DEBUG org.asynchttpclient.netty.handler.HttpHandler - 

Request DefaultHttpRequest(decodeResult: success, version: HTTP/1.1)
POST /session/5560da57ec5b45349a8275ad12de0746/element HTTP/1.1
User-Agent: selenium/4.8.1 (java windows)
Content-Length: 81
Content-Type: application/json; charset=utf-8
host: localhost:1300
accept: */*

Response DefaultHttpResponse(decodeResult: success, version: HTTP/1.1)
HTTP/1.1 200 OK
Content-Length: 95
Content-Type: application/json; charset=utf-8
cache-control: no-cache

16:15:35.216 [AsyncHttpClient-1-6] DEBUG org.asynchttpclient.netty.channel.ChannelManager - Adding key: http://localhost:1300 for channel [id: 0x2aab7377, L:/127.0.0.1:14924 - R:localhost/127.0.0.1:1300]
16:15:35.218 [Forwarding getElementTagName on session 5560da57ec5b45349a8275ad12de0746 to remote] DEBUG org.asynchttpclient.netty.request.NettyRequestSender - Using pooled Channel '[id: 0x2aab7377, L:/127.0.0.1:14924 - R:localhost/127.0.0.1:1300]' for 'GET' to 'http://localhost:1300/session/5560da57ec5b45349a8275ad12de0746/element/0697D2FE3B1F313E9BC0F0D59C36162C_element_32/name'
16:15:35.218 [Forwarding getElementTagName on session 5560da57ec5b45349a8275ad12de0746 to remote] DEBUG org.asynchttpclient.netty.request.NettyRequestSender - Using open Channel [id: 0x2aab7377, L:/127.0.0.1:14924 - R:localhost/127.0.0.1:1300] for GET '/session/5560da57ec5b45349a8275ad12de0746/element/0697D2FE3B1F313E9BC0F0D59C36162C_element_32/name'
16:15:35.226 [AsyncHttpClient-1-6] DEBUG org.asynchttpclient.netty.handler.HttpHandler - 

Request DefaultFullHttpRequest(decodeResult: success, version: HTTP/1.1, content: EmptyByteBufBE)
GET /session/5560da57ec5b45349a8275ad12de0746/element/0697D2FE3B1F313E9BC0F0D59C36162C_element_32/name HTTP/1.1
User-Agent: selenium/4.8.1 (java windows)
Cache-Control: no-cache
Content-Type: application/json; charset=utf-8
host: localhost:1300
accept: */*

Response DefaultHttpResponse(decodeResult: success, version: HTTP/1.1)
HTTP/1.1 200 OK
Content-Length: 18
Content-Type: application/json; charset=utf-8
cache-control: no-cache

16:15:35.226 [AsyncHttpClient-1-6] DEBUG org.asynchttpclient.netty.channel.ChannelManager - Adding key: http://localhost:1300 for channel [id: 0x2aab7377, L:/127.0.0.1:14924 - R:localhost/127.0.0.1:1300]
16:15:35.228 [Forwarding getElementTagName on session 5560da57ec5b45349a8275ad12de0746 to remote] DEBUG org.asynchttpclient.netty.request.NettyRequestSender - Using pooled Channel '[id: 0x2aab7377, L:/127.0.0.1:14924 - R:localhost/127.0.0.1:1300]' for 'GET' to 'http://localhost:1300/session/5560da57ec5b45349a8275ad12de0746/element/0697D2FE3B1F313E9BC0F0D59C36162C_element_32/name'
16:15:35.228 [Forwarding getElementTagName on session 5560da57ec5b45349a8275ad12de0746 to remote] DEBUG org.asynchttpclient.netty.request.NettyRequestSender - Using open Channel [id: 0x2aab7377, L:/127.0.0.1:14924 - R:localhost/127.0.0.1:1300] for GET '/session/5560da57ec5b45349a8275ad12de0746/element/0697D2FE3B1F313E9BC0F0D59C36162C_element_32/name'
16:15:35.234 [AsyncHttpClient-1-6] DEBUG org.asynchttpclient.netty.handler.HttpHandler - 

Request DefaultFullHttpRequest(decodeResult: success, version: HTTP/1.1, content: EmptyByteBufBE)
GET /session/5560da57ec5b45349a8275ad12de0746/element/0697D2FE3B1F313E9BC0F0D59C36162C_element_32/name HTTP/1.1
User-Agent: selenium/4.8.1 (java windows)
Cache-Control: no-cache
Content-Type: application/json; charset=utf-8
host: localhost:1300
accept: */*

Response DefaultHttpResponse(decodeResult: success, version: HTTP/1.1)
HTTP/1.1 200 OK
Content-Length: 18
Content-Type: application/json; charset=utf-8
cache-control: no-cache

16:15:35.235 [AsyncHttpClient-1-6] DEBUG org.asynchttpclient.netty.channel.ChannelManager - Adding key: http://localhost:1300 for channel [id: 0x2aab7377, L:/127.0.0.1:14924 - R:localhost/127.0.0.1:1300]
16:15:35.238 [Forwarding isElementEnabled on session 5560da57ec5b45349a8275ad12de0746 to remote] DEBUG org.asynchttpclient.netty.request.NettyRequestSender - Using pooled Channel '[id: 0x2aab7377, L:/127.0.0.1:14924 - R:localhost/127.0.0.1:1300]' for 'GET' to 'http://localhost:1300/session/5560da57ec5b45349a8275ad12de0746/element/0697D2FE3B1F313E9BC0F0D59C36162C_element_32/enabled'
16:15:35.238 [Forwarding isElementEnabled on session 5560da57ec5b45349a8275ad12de0746 to remote] DEBUG org.asynchttpclient.netty.request.NettyRequestSender - Using open Channel [id: 0x2aab7377, L:/127.0.0.1:14924 - R:localhost/127.0.0.1:1300] for GET '/session/5560da57ec5b45349a8275ad12de0746/element/0697D2FE3B1F313E9BC0F0D59C36162C_element_32/enabled'
16:15:35.246 [AsyncHttpClient-1-6] DEBUG org.asynchttpclient.netty.handler.HttpHandler - 

Request DefaultFullHttpRequest(decodeResult: success, version: HTTP/1.1, content: EmptyByteBufBE)
GET /session/5560da57ec5b45349a8275ad12de0746/element/0697D2FE3B1F313E9BC0F0D59C36162C_element_32/enabled HTTP/1.1
User-Agent: selenium/4.8.1 (java windows)
Cache-Control: no-cache
Content-Type: application/json; charset=utf-8
host: localhost:1300
accept: */*

Response DefaultHttpResponse(decodeResult: success, version: HTTP/1.1)
HTTP/1.1 200 OK
Content-Length: 14
Content-Type: application/json; charset=utf-8
cache-control: no-cache

16:15:35.246 [AsyncHttpClient-1-6] DEBUG org.asynchttpclient.netty.channel.ChannelManager - Adding key: http://localhost:1300 for channel [id: 0x2aab7377, L:/127.0.0.1:14924 - R:localhost/127.0.0.1:1300]
16:15:35.248 [Forwarding isElementEnabled on session 5560da57ec5b45349a8275ad12de0746 to remote] DEBUG org.asynchttpclient.netty.request.NettyRequestSender - Using pooled Channel '[id: 0x2aab7377, L:/127.0.0.1:14924 - R:localhost/127.0.0.1:1300]' for 'GET' to 'http://localhost:1300/session/5560da57ec5b45349a8275ad12de0746/element/0697D2FE3B1F313E9BC0F0D59C36162C_element_32/enabled'
16:15:35.248 [Forwarding isElementEnabled on session 5560da57ec5b45349a8275ad12de0746 to remote] DEBUG org.asynchttpclient.netty.request.NettyRequestSender - Using open Channel [id: 0x2aab7377, L:/127.0.0.1:14924 - R:localhost/127.0.0.1:1300] for GET '/session/5560da57ec5b45349a8275ad12de0746/element/0697D2FE3B1F313E9BC0F0D59C36162C_element_32/enabled'
16:15:35.255 [AsyncHttpClient-1-6] DEBUG org.asynchttpclient.netty.handler.HttpHandler - 

Request DefaultFullHttpRequest(decodeResult: success, version: HTTP/1.1, content: EmptyByteBufBE)
GET /session/5560da57ec5b45349a8275ad12de0746/element/0697D2FE3B1F313E9BC0F0D59C36162C_element_32/enabled HTTP/1.1
User-Agent: selenium/4.8.1 (java windows)
Cache-Control: no-cache
Content-Type: application/json; charset=utf-8
host: localhost:1300
accept: */*

Response DefaultHttpResponse(decodeResult: success, version: HTTP/1.1)
HTTP/1.1 200 OK
Content-Length: 14
Content-Type: application/json; charset=utf-8
cache-control: no-cache

16:15:35.255 [AsyncHttpClient-1-6] DEBUG org.asynchttpclient.netty.channel.ChannelManager - Adding key: http://localhost:1300 for channel [id: 0x2aab7377, L:/127.0.0.1:14924 - R:localhost/127.0.0.1:1300]
16:15:35.259 [Forwarding findElement on session 5560da57ec5b45349a8275ad12de0746 to remote] DEBUG org.asynchttpclient.netty.request.NettyRequestSender - Using pooled Channel '[id: 0x2aab7377, L:/127.0.0.1:14924 - R:localhost/127.0.0.1:1300]' for 'POST' to 'http://localhost:1300/session/5560da57ec5b45349a8275ad12de0746/element'
16:15:35.260 [Forwarding findElement on session 5560da57ec5b45349a8275ad12de0746 to remote] DEBUG org.asynchttpclient.netty.request.NettyRequestSender - Using open Channel [id: 0x2aab7377, L:/127.0.0.1:14924 - R:localhost/127.0.0.1:1300] for POST '/session/5560da57ec5b45349a8275ad12de0746/element'
16:15:35.273 [AsyncHttpClient-1-6] DEBUG org.asynchttpclient.netty.handler.HttpHandler - 

Request DefaultHttpRequest(decodeResult: success, version: HTTP/1.1)
POST /session/5560da57ec5b45349a8275ad12de0746/element HTTP/1.1
User-Agent: selenium/4.8.1 (java windows)
Content-Length: 81
Content-Type: application/json; charset=utf-8
host: localhost:1300
accept: */*

Response DefaultHttpResponse(decodeResult: success, version: HTTP/1.1)
HTTP/1.1 200 OK
Content-Length: 95
Content-Type: application/json; charset=utf-8
cache-control: no-cache

16:15:35.274 [AsyncHttpClient-1-6] DEBUG org.asynchttpclient.netty.channel.ChannelManager - Adding key: http://localhost:1300 for channel [id: 0x2aab7377, L:/127.0.0.1:14924 - R:localhost/127.0.0.1:1300]
16:15:35.275 [Forwarding clickElement on session 5560da57ec5b45349a8275ad12de0746 to remote] DEBUG org.asynchttpclient.netty.request.NettyRequestSender - Using pooled Channel '[id: 0x2aab7377, L:/127.0.0.1:14924 - R:localhost/127.0.0.1:1300]' for 'POST' to 'http://localhost:1300/session/5560da57ec5b45349a8275ad12de0746/element/0697D2FE3B1F313E9BC0F0D59C36162C_element_32/click'
16:15:35.275 [Forwarding clickElement on session 5560da57ec5b45349a8275ad12de0746 to remote] DEBUG org.asynchttpclient.netty.request.NettyRequestSender - Using open Channel [id: 0x2aab7377, L:/127.0.0.1:14924 - R:localhost/127.0.0.1:1300] for POST '/session/5560da57ec5b45349a8275ad12de0746/element/0697D2FE3B1F313E9BC0F0D59C36162C_element_32/click'
16:15:35.432 [AsyncHttpClient-1-6] DEBUG org.asynchttpclient.netty.handler.HttpHandler - 

Request DefaultHttpRequest(decodeResult: success, version: HTTP/1.1)
POST /session/5560da57ec5b45349a8275ad12de0746/element/0697D2FE3B1F313E9BC0F0D59C36162C_element_32/click HTTP/1.1
User-Agent: selenium/4.8.1 (java windows)
Content-Length: 57
Content-Type: application/json; charset=utf-8
host: localhost:1300
accept: */*

Response DefaultHttpResponse(decodeResult: success, version: HTTP/1.1)
HTTP/1.1 200 OK
Content-Length: 14
Content-Type: application/json; charset=utf-8
cache-control: no-cache

16:15:35.433 [AsyncHttpClient-1-6] DEBUG org.asynchttpclient.netty.channel.ChannelManager - Adding key: http://localhost:1300 for channel [id: 0x2aab7377, L:/127.0.0.1:14924 - R:localhost/127.0.0.1:1300]
16:15:35.448 [Forwarding getAlertText on session 5560da57ec5b45349a8275ad12de0746 to remote] DEBUG org.asynchttpclient.netty.request.NettyRequestSender - Using pooled Channel '[id: 0x2aab7377, L:/127.0.0.1:14924 - R:localhost/127.0.0.1:1300]' for 'GET' to 'http://localhost:1300/session/5560da57ec5b45349a8275ad12de0746/alert/text'
16:15:35.448 [Forwarding getAlertText on session 5560da57ec5b45349a8275ad12de0746 to remote] DEBUG org.asynchttpclient.netty.request.NettyRequestSender - Using open Channel [id: 0x2aab7377, L:/127.0.0.1:14924 - R:localhost/127.0.0.1:1300] for GET '/session/5560da57ec5b45349a8275ad12de0746/alert/text'
16:15:35.457 [AsyncHttpClient-1-6] DEBUG org.asynchttpclient.netty.handler.HttpHandler - 

Request DefaultFullHttpRequest(decodeResult: success, version: HTTP/1.1, content: EmptyByteBufBE)
GET /session/5560da57ec5b45349a8275ad12de0746/alert/text HTTP/1.1
User-Agent: selenium/4.8.1 (java windows)
Cache-Control: no-cache
Content-Type: application/json; charset=utf-8
host: localhost:1300
accept: */*

Response DefaultHttpResponse(decodeResult: success, version: HTTP/1.1)
HTTP/1.1 404 Not Found
Content-Length: 807
Content-Type: application/json; charset=utf-8
cache-control: no-cache

16:15:35.457 [AsyncHttpClient-1-6] DEBUG org.asynchttpclient.netty.channel.ChannelManager - Adding key: http://localhost:1300 for channel [id: 0x2aab7377, L:/127.0.0.1:14924 - R:localhost/127.0.0.1:1300]
16:15:35.459 [Forwarding getCurrentUrl on session 5560da57ec5b45349a8275ad12de0746 to remote] DEBUG org.asynchttpclient.netty.request.NettyRequestSender - Using pooled Channel '[id: 0x2aab7377, L:/127.0.0.1:14924 - R:localhost/127.0.0.1:1300]' for 'GET' to 'http://localhost:1300/session/5560da57ec5b45349a8275ad12de0746/url'
16:15:35.459 [Forwarding getCurrentUrl on session 5560da57ec5b45349a8275ad12de0746 to remote] DEBUG org.asynchttpclient.netty.request.NettyRequestSender - Using open Channel [id: 0x2aab7377, L:/127.0.0.1:14924 - R:localhost/127.0.0.1:1300] for GET '/session/5560da57ec5b45349a8275ad12de0746/url'
16:15:35.466 [AsyncHttpClient-1-6] DEBUG org.asynchttpclient.netty.handler.HttpHandler - 

Request DefaultFullHttpRequest(decodeResult: success, version: HTTP/1.1, content: EmptyByteBufBE)
GET /session/5560da57ec5b45349a8275ad12de0746/url HTTP/1.1
User-Agent: selenium/4.8.1 (java windows)
Cache-Control: no-cache
Content-Type: application/json; charset=utf-8
host: localhost:1300
accept: */*

Response DefaultHttpResponse(decodeResult: success, version: HTTP/1.1)
HTTP/1.1 200 OK
Content-Length: 65
Content-Type: application/json; charset=utf-8
cache-control: no-cache

16:15:35.467 [AsyncHttpClient-1-6] DEBUG org.asynchttpclient.netty.channel.ChannelManager - Adding key: http://localhost:1300 for channel [id: 0x2aab7377, L:/127.0.0.1:14924 - R:localhost/127.0.0.1:1300]
16:15:35.468 [Forwarding screenshot on session 5560da57ec5b45349a8275ad12de0746 to remote] DEBUG org.asynchttpclient.netty.request.NettyRequestSender - Using pooled Channel '[id: 0x2aab7377, L:/127.0.0.1:14924 - R:localhost/127.0.0.1:1300]' for 'GET' to 'http://localhost:1300/session/5560da57ec5b45349a8275ad12de0746/screenshot'
16:15:35.468 [Forwarding screenshot on session 5560da57ec5b45349a8275ad12de0746 to remote] DEBUG org.asynchttpclient.netty.request.NettyRequestSender - Using open Channel [id: 0x2aab7377, L:/127.0.0.1:14924 - R:localhost/127.0.0.1:1300] for GET '/session/5560da57ec5b45349a8275ad12de0746/screenshot'
16:15:35.644 [AsyncHttpClient-1-1] DEBUG org.asynchttpclient.netty.channel.DefaultChannelPool - Entry count for : http://localhost:14925 : 1
16:15:35.660 [AsyncHttpClient-1-6] DEBUG org.asynchttpclient.netty.handler.HttpHandler - 

Request DefaultFullHttpRequest(decodeResult: success, version: HTTP/1.1, content: EmptyByteBufBE)
GET /session/5560da57ec5b45349a8275ad12de0746/screenshot HTTP/1.1
User-Agent: selenium/4.8.1 (java windows)
Cache-Control: no-cache
Content-Type: application/json; charset=utf-8
host: localhost:1300
accept: */*

Response DefaultHttpResponse(decodeResult: success, version: HTTP/1.1)
HTTP/1.1 200 OK
Content-Length: 88084
Content-Type: application/json; charset=utf-8
cache-control: no-cache

16:15:35.661 [AsyncHttpClient-1-6] DEBUG org.asynchttpclient.netty.channel.ChannelManager - Adding key: http://localhost:1300 for channel [id: 0x2aab7377, L:/127.0.0.1:14924 - R:localhost/127.0.0.1:1300]
16:15:35.669 [main] DEBUG net.serenitybdd.core.photography.Darkroom - Send negative for processing for target\site\serenity\5b2bce37352c38bc4ffafd488f486c57c4db4053c40f8afc80798b620b782954.png
16:15:35.670 [main] DEBUG net.thucydides.core.steps.StepInterceptor - STEP DONE: clickProfileButton
  &amp#27;[32mAnd &amp#27;[0m&amp#27;[32mI click button profile&amp#27;[0m                             &amp#27;[90m# Starter.Stepdefitions.EditProfileSteps.clickProfileButton()&amp#27;[0m
16:15:35.670 [Darkroom Processing Line] DEBUG net.serenitybdd.core.photography.DarkroomProcessingLine - Processing screenshot image in /var/screenshots/screenshot-4070910407453624491
16:15:35.670 [Darkroom Processing Line] DEBUG net.serenitybdd.core.photography.DarkroomProcessingLine - Saving screenshot to target\site\serenity\5b2bce37352c38bc4ffafd488f486c57c4db4053c40f8afc80798b620b782954.png
16:15:35.683 [Forwarding getPageSource on session 5560da57ec5b45349a8275ad12de0746 to remote] DEBUG org.asynchttpclient.netty.request.NettyRequestSender - Using pooled Channel '[id: 0x2aab7377, L:/127.0.0.1:14924 - R:localhost/127.0.0.1:1300]' for 'POST' to 'http://localhost:1300/session/5560da57ec5b45349a8275ad12de0746/execute/sync'
16:15:35.683 [Forwarding getPageSource on session 5560da57ec5b45349a8275ad12de0746 to remote] DEBUG org.asynchttpclient.netty.request.NettyRequestSender - Using open Channel [id: 0x2aab7377, L:/127.0.0.1:14924 - R:localhost/127.0.0.1:1300] for POST '/session/5560da57ec5b45349a8275ad12de0746/execute/sync'
16:15:35.688 [AsyncHttpClient-1-6] DEBUG org.asynchttpclient.netty.handler.HttpHandler - 

Request DefaultHttpRequest(decodeResult: success, version: HTTP/1.1)
POST /session/5560da57ec5b45349a8275ad12de0746/execute/sync HTTP/1.1
User-Agent: selenium/4.8.1 (java windows)
Content-Length: 176
Content-Type: application/json; charset=utf-8
host: localhost:1300
accept: */*

Response DefaultHttpResponse(decodeResult: success, version: HTTP/1.1)
HTTP/1.1 200 OK
Content-Length: 8048
Content-Type: application/json; charset=utf-8
cache-control: no-cache

16:15:35.688 [AsyncHttpClient-1-6] DEBUG org.asynchttpclient.netty.channel.ChannelManager - Adding key: http://localhost:1300 for channel [id: 0x2aab7377, L:/127.0.0.1:14924 - R:localhost/127.0.0.1:1300]
16:15:35.690 [Forwarding getCurrentUrl on session 5560da57ec5b45349a8275ad12de0746 to remote] DEBUG org.asynchttpclient.netty.request.NettyRequestSender - Using pooled Channel '[id: 0x2aab7377, L:/127.0.0.1:14924 - R:localhost/127.0.0.1:1300]' for 'GET' to 'http://localhost:1300/session/5560da57ec5b45349a8275ad12de0746/url'
16:15:35.690 [Forwarding getCurrentUrl on session 5560da57ec5b45349a8275ad12de0746 to remote] DEBUG org.asynchttpclient.netty.request.NettyRequestSender - Using open Channel [id: 0x2aab7377, L:/127.0.0.1:14924 - R:localhost/127.0.0.1:1300] for GET '/session/5560da57ec5b45349a8275ad12de0746/url'
16:15:35.693 [AsyncHttpClient-1-6] DEBUG org.asynchttpclient.netty.handler.HttpHandler - 

Request DefaultFullHttpRequest(decodeResult: success, version: HTTP/1.1, content: EmptyByteBufBE)
GET /session/5560da57ec5b45349a8275ad12de0746/url HTTP/1.1
User-Agent: selenium/4.8.1 (java windows)
Cache-Control: no-cache
Content-Type: application/json; charset=utf-8
host: localhost:1300
accept: */*

Response DefaultHttpResponse(decodeResult: success, version: HTTP/1.1)
HTTP/1.1 200 OK
Content-Length: 65
Content-Type: application/json; charset=utf-8
cache-control: no-cache

16:15:35.693 [AsyncHttpClient-1-6] DEBUG org.asynchttpclient.netty.channel.ChannelManager - Adding key: http://localhost:1300 for channel [id: 0x2aab7377, L:/127.0.0.1:14924 - R:localhost/127.0.0.1:1300]
16:15:35.808 [Forwarding getAlertText on session 5560da57ec5b45349a8275ad12de0746 to remote] DEBUG org.asynchttpclient.netty.request.NettyRequestSender - Using pooled Channel '[id: 0x2aab7377, L:/127.0.0.1:14924 - R:localhost/127.0.0.1:1300]' for 'GET' to 'http://localhost:1300/session/5560da57ec5b45349a8275ad12de0746/alert/text'
16:15:35.808 [Forwarding getAlertText on session 5560da57ec5b45349a8275ad12de0746 to remote] DEBUG org.asynchttpclient.netty.request.NettyRequestSender - Using open Channel [id: 0x2aab7377, L:/127.0.0.1:14924 - R:localhost/127.0.0.1:1300] for GET '/session/5560da57ec5b45349a8275ad12de0746/alert/text'
16:15:35.810 [AsyncHttpClient-1-6] DEBUG org.asynchttpclient.netty.handler.HttpHandler - 

Request DefaultFullHttpRequest(decodeResult: success, version: HTTP/1.1, content: EmptyByteBufBE)
GET /session/5560da57ec5b45349a8275ad12de0746/alert/text HTTP/1.1
User-Agent: selenium/4.8.1 (java windows)
Cache-Control: no-cache
Content-Type: application/json; charset=utf-8
host: localhost:1300
accept: */*

Response DefaultHttpResponse(decodeResult: success, version: HTTP/1.1)
HTTP/1.1 404 Not Found
Content-Length: 807
Content-Type: application/json; charset=utf-8
cache-control: no-cache

16:15:35.810 [AsyncHttpClient-1-6] DEBUG org.asynchttpclient.netty.channel.ChannelManager - Adding key: http://localhost:1300 for channel [id: 0x2aab7377, L:/127.0.0.1:14924 - R:localhost/127.0.0.1:1300]
16:15:35.811 [Forwarding getCurrentUrl on session 5560da57ec5b45349a8275ad12de0746 to remote] DEBUG org.asynchttpclient.netty.request.NettyRequestSender - Using pooled Channel '[id: 0x2aab7377, L:/127.0.0.1:14924 - R:localhost/127.0.0.1:1300]' for 'GET' to 'http://localhost:1300/session/5560da57ec5b45349a8275ad12de0746/url'
16:15:35.811 [Forwarding getCurrentUrl on session 5560da57ec5b45349a8275ad12de0746 to remote] DEBUG org.asynchttpclient.netty.request.NettyRequestSender - Using open Channel [id: 0x2aab7377, L:/127.0.0.1:14924 - R:localhost/127.0.0.1:1300] for GET '/session/5560da57ec5b45349a8275ad12de0746/url'
16:15:35.815 [AsyncHttpClient-1-6] DEBUG org.asynchttpclient.netty.handler.HttpHandler - 

Request DefaultFullHttpRequest(decodeResult: success, version: HTTP/1.1, content: EmptyByteBufBE)
GET /session/5560da57ec5b45349a8275ad12de0746/url HTTP/1.1
User-Agent: selenium/4.8.1 (java windows)
Cache-Control: no-cache
Content-Type: application/json; charset=utf-8
host: localhost:1300
accept: */*

Response DefaultHttpResponse(decodeResult: success, version: HTTP/1.1)
HTTP/1.1 200 OK
Content-Length: 65
Content-Type: application/json; charset=utf-8
cache-control: no-cache

16:15:35.815 [AsyncHttpClient-1-6] DEBUG org.asynchttpclient.netty.channel.ChannelManager - Adding key: http://localhost:1300 for channel [id: 0x2aab7377, L:/127.0.0.1:14924 - R:localhost/127.0.0.1:1300]
16:15:35.816 [Forwarding screenshot on session 5560da57ec5b45349a8275ad12de0746 to remote] DEBUG org.asynchttpclient.netty.request.NettyRequestSender - Using pooled Channel '[id: 0x2aab7377, L:/127.0.0.1:14924 - R:localhost/127.0.0.1:1300]' for 'GET' to 'http://localhost:1300/session/5560da57ec5b45349a8275ad12de0746/screenshot'
16:15:35.816 [Forwarding screenshot on session 5560da57ec5b45349a8275ad12de0746 to remote] DEBUG org.asynchttpclient.netty.request.NettyRequestSender - Using open Channel [id: 0x2aab7377, L:/127.0.0.1:14924 - R:localhost/127.0.0.1:1300] for GET '/session/5560da57ec5b45349a8275ad12de0746/screenshot'
16:15:35.950 [AsyncHttpClient-1-6] DEBUG org.asynchttpclient.netty.handler.HttpHandler - 

Request DefaultFullHttpRequest(decodeResult: success, version: HTTP/1.1, content: EmptyByteBufBE)
GET /session/5560da57ec5b45349a8275ad12de0746/screenshot HTTP/1.1
User-Agent: selenium/4.8.1 (java windows)
Cache-Control: no-cache
Content-Type: application/json; charset=utf-8
host: localhost:1300
accept: */*

Response DefaultHttpResponse(decodeResult: success, version: HTTP/1.1)
HTTP/1.1 200 OK
Content-Length: 88084
Content-Type: application/json; charset=utf-8
cache-control: no-cache

16:15:35.951 [AsyncHttpClient-1-6] DEBUG org.asynchttpclient.netty.channel.ChannelManager - Adding key: http://localhost:1300 for channel [id: 0x2aab7377, L:/127.0.0.1:14924 - R:localhost/127.0.0.1:1300]
16:15:35.959 [main] DEBUG net.serenitybdd.core.photography.Darkroom - Send negative for processing for target\site\serenity\5b2bce37352c38bc4ffafd488f486c57c4db4053c40f8afc80798b620b782954.png
16:15:35.961 [Forwarding getPageSource on session 5560da57ec5b45349a8275ad12de0746 to remote] DEBUG org.asynchttpclient.netty.request.NettyRequestSender - Using pooled Channel '[id: 0x2aab7377, L:/127.0.0.1:14924 - R:localhost/127.0.0.1:1300]' for 'POST' to 'http://localhost:1300/session/5560da57ec5b45349a8275ad12de0746/execute/sync'
16:15:35.961 [Forwarding getPageSource on session 5560da57ec5b45349a8275ad12de0746 to remote] DEBUG org.asynchttpclient.netty.request.NettyRequestSender - Using open Channel [id: 0x2aab7377, L:/127.0.0.1:14924 - R:localhost/127.0.0.1:1300] for POST '/session/5560da57ec5b45349a8275ad12de0746/execute/sync'
16:15:35.971 [AsyncHttpClient-1-6] DEBUG org.asynchttpclient.netty.handler.HttpHandler - 

Request DefaultHttpRequest(decodeResult: success, version: HTTP/1.1)
POST /session/5560da57ec5b45349a8275ad12de0746/execute/sync HTTP/1.1
User-Agent: selenium/4.8.1 (java windows)
Content-Length: 176
Content-Type: application/json; charset=utf-8
host: localhost:1300
accept: */*

Response DefaultHttpResponse(decodeResult: success, version: HTTP/1.1)
HTTP/1.1 200 OK
Content-Length: 8048
Content-Type: application/json; charset=utf-8
cache-control: no-cache

16:15:35.971 [AsyncHttpClient-1-6] DEBUG org.asynchttpclient.netty.channel.ChannelManager - Adding key: http://localhost:1300 for channel [id: 0x2aab7377, L:/127.0.0.1:14924 - R:localhost/127.0.0.1:1300]
16:15:35.974 [Forwarding getCurrentUrl on session 5560da57ec5b45349a8275ad12de0746 to remote] DEBUG org.asynchttpclient.netty.request.NettyRequestSender - Using pooled Channel '[id: 0x2aab7377, L:/127.0.0.1:14924 - R:localhost/127.0.0.1:1300]' for 'GET' to 'http://localhost:1300/session/5560da57ec5b45349a8275ad12de0746/url'
16:15:35.974 [Forwarding getCurrentUrl on session 5560da57ec5b45349a8275ad12de0746 to remote] DEBUG org.asynchttpclient.netty.request.NettyRequestSender - Using open Channel [id: 0x2aab7377, L:/127.0.0.1:14924 - R:localhost/127.0.0.1:1300] for GET '/session/5560da57ec5b45349a8275ad12de0746/url'
16:15:35.978 [AsyncHttpClient-1-6] DEBUG org.asynchttpclient.netty.handler.HttpHandler - 

Request DefaultFullHttpRequest(decodeResult: success, version: HTTP/1.1, content: EmptyByteBufBE)
GET /session/5560da57ec5b45349a8275ad12de0746/url HTTP/1.1
User-Agent: selenium/4.8.1 (java windows)
Cache-Control: no-cache
Content-Type: application/json; charset=utf-8
host: localhost:1300
accept: */*

Response DefaultHttpResponse(decodeResult: success, version: HTTP/1.1)
HTTP/1.1 200 OK
Content-Length: 65
Content-Type: application/json; charset=utf-8
cache-control: no-cache

16:15:35.978 [AsyncHttpClient-1-6] DEBUG org.asynchttpclient.netty.channel.ChannelManager - Adding key: http://localhost:1300 for channel [id: 0x2aab7377, L:/127.0.0.1:14924 - R:localhost/127.0.0.1:1300]
16:15:35.981 [main] DEBUG net.thucydides.core.steps.StepInterceptor - STARTING STEP: EditProfileSteps.inputNamaLengkap - inputNamaLengkap
16:15:35.984 [Forwarding findElement on session 5560da57ec5b45349a8275ad12de0746 to remote] DEBUG org.asynchttpclient.netty.request.NettyRequestSender - Using pooled Channel '[id: 0x2aab7377, L:/127.0.0.1:14924 - R:localhost/127.0.0.1:1300]' for 'POST' to 'http://localhost:1300/session/5560da57ec5b45349a8275ad12de0746/element'
16:15:35.984 [Forwarding findElement on session 5560da57ec5b45349a8275ad12de0746 to remote] DEBUG org.asynchttpclient.netty.request.NettyRequestSender - Using open Channel [id: 0x2aab7377, L:/127.0.0.1:14924 - R:localhost/127.0.0.1:1300] for POST '/session/5560da57ec5b45349a8275ad12de0746/element'
16:15:35.996 [AsyncHttpClient-1-6] DEBUG org.asynchttpclient.netty.handler.HttpHandler - 

Request DefaultHttpRequest(decodeResult: success, version: HTTP/1.1)
POST /session/5560da57ec5b45349a8275ad12de0746/element HTTP/1.1
User-Agent: selenium/4.8.1 (java windows)
Content-Length: 66
Content-Type: application/json; charset=utf-8
host: localhost:1300
accept: */*

Response DefaultHttpResponse(decodeResult: success, version: HTTP/1.1)
HTTP/1.1 200 OK
Content-Length: 95
Content-Type: application/json; charset=utf-8
cache-control: no-cache

16:15:35.996 [AsyncHttpClient-1-6] DEBUG org.asynchttpclient.netty.channel.ChannelManager - Adding key: http://localhost:1300 for channel [id: 0x2aab7377, L:/127.0.0.1:14924 - R:localhost/127.0.0.1:1300]
16:15:35.997 [Forwarding clearElement on session 5560da57ec5b45349a8275ad12de0746 to remote] DEBUG org.asynchttpclient.netty.request.NettyRequestSender - Using pooled Channel '[id: 0x2aab7377, L:/127.0.0.1:14924 - R:localhost/127.0.0.1:1300]' for 'POST' to 'http://localhost:1300/session/5560da57ec5b45349a8275ad12de0746/element/0697D2FE3B1F313E9BC0F0D59C36162C_element_40/clear'
16:15:35.997 [Forwarding clearElement on session 5560da57ec5b45349a8275ad12de0746 to remote] DEBUG org.asynchttpclient.netty.request.NettyRequestSender - Using open Channel [id: 0x2aab7377, L:/127.0.0.1:14924 - R:localhost/127.0.0.1:1300] for POST '/session/5560da57ec5b45349a8275ad12de0746/element/0697D2FE3B1F313E9BC0F0D59C36162C_element_40/clear'
16:15:36.023 [AsyncHttpClient-1-6] DEBUG org.asynchttpclient.netty.handler.HttpHandler - 

Request DefaultHttpRequest(decodeResult: success, version: HTTP/1.1)
POST /session/5560da57ec5b45349a8275ad12de0746/element/0697D2FE3B1F313E9BC0F0D59C36162C_element_40/clear HTTP/1.1
User-Agent: selenium/4.8.1 (java windows)
Content-Length: 57
Content-Type: application/json; charset=utf-8
host: localhost:1300
accept: */*

Response DefaultHttpResponse(decodeResult: success, version: HTTP/1.1)
HTTP/1.1 200 OK
Content-Length: 14
Content-Type: application/json; charset=utf-8
cache-control: no-cache

16:15:36.023 [AsyncHttpClient-1-6] DEBUG org.asynchttpclient.netty.channel.ChannelManager - Adding key: http://localhost:1300 for channel [id: 0x2aab7377, L:/127.0.0.1:14924 - R:localhost/127.0.0.1:1300]
16:15:36.025 [Forwarding sendKeysToElement on session 5560da57ec5b45349a8275ad12de0746 to remote] DEBUG org.asynchttpclient.netty.request.NettyRequestSender - Using pooled Channel '[id: 0x2aab7377, L:/127.0.0.1:14924 - R:localhost/127.0.0.1:1300]' for 'POST' to 'http://localhost:1300/session/5560da57ec5b45349a8275ad12de0746/element/0697D2FE3B1F313E9BC0F0D59C36162C_element_40/value'
16:15:36.025 [Forwarding sendKeysToElement on session 5560da57ec5b45349a8275ad12de0746 to remote] DEBUG org.asynchttpclient.netty.request.NettyRequestSender - Using open Channel [id: 0x2aab7377, L:/127.0.0.1:14924 - R:localhost/127.0.0.1:1300] for POST '/session/5560da57ec5b45349a8275ad12de0746/element/0697D2FE3B1F313E9BC0F0D59C36162C_element_40/value'
16:15:36.273 [AsyncHttpClient-1-6] DEBUG org.asynchttpclient.netty.handler.HttpHandler - 

Request DefaultHttpRequest(decodeResult: success, version: HTTP/1.1)
POST /session/5560da57ec5b45349a8275ad12de0746/element/0697D2FE3B1F313E9BC0F0D59C36162C_element_40/value HTTP/1.1
User-Agent: selenium/4.8.1 (java windows)
Content-Length: 138
Content-Type: application/json; charset=utf-8
host: localhost:1300
accept: */*

Response DefaultHttpResponse(decodeResult: success, version: HTTP/1.1)
HTTP/1.1 200 OK
Content-Length: 14
Content-Type: application/json; charset=utf-8
cache-control: no-cache

16:15:36.274 [AsyncHttpClient-1-6] DEBUG org.asynchttpclient.netty.channel.ChannelManager - Adding key: http://localhost:1300 for channel [id: 0x2aab7377, L:/127.0.0.1:14924 - R:localhost/127.0.0.1:1300]
16:15:36.285 [Forwarding getAlertText on session 5560da57ec5b45349a8275ad12de0746 to remote] DEBUG org.asynchttpclient.netty.request.NettyRequestSender - Using pooled Channel '[id: 0x2aab7377, L:/127.0.0.1:14924 - R:localhost/127.0.0.1:1300]' for 'GET' to 'http://localhost:1300/session/5560da57ec5b45349a8275ad12de0746/alert/text'
16:15:36.285 [Forwarding getAlertText on session 5560da57ec5b45349a8275ad12de0746 to remote] DEBUG org.asynchttpclient.netty.request.NettyRequestSender - Using open Channel [id: 0x2aab7377, L:/127.0.0.1:14924 - R:localhost/127.0.0.1:1300] for GET '/session/5560da57ec5b45349a8275ad12de0746/alert/text'
16:15:36.287 [AsyncHttpClient-1-6] DEBUG org.asynchttpclient.netty.handler.HttpHandler - 

Request DefaultFullHttpRequest(decodeResult: success, version: HTTP/1.1, content: EmptyByteBufBE)
GET /session/5560da57ec5b45349a8275ad12de0746/alert/text HTTP/1.1
User-Agent: selenium/4.8.1 (java windows)
Cache-Control: no-cache
Content-Type: application/json; charset=utf-8
host: localhost:1300
accept: */*

Response DefaultHttpResponse(decodeResult: success, version: HTTP/1.1)
HTTP/1.1 404 Not Found
Content-Length: 807
Content-Type: application/json; charset=utf-8
cache-control: no-cache

16:15:36.287 [AsyncHttpClient-1-6] DEBUG org.asynchttpclient.netty.channel.ChannelManager - Adding key: http://localhost:1300 for channel [id: 0x2aab7377, L:/127.0.0.1:14924 - R:localhost/127.0.0.1:1300]
16:15:36.290 [Forwarding getCurrentUrl on session 5560da57ec5b45349a8275ad12de0746 to remote] DEBUG org.asynchttpclient.netty.request.NettyRequestSender - Using pooled Channel '[id: 0x2aab7377, L:/127.0.0.1:14924 - R:localhost/127.0.0.1:1300]' for 'GET' to 'http://localhost:1300/session/5560da57ec5b45349a8275ad12de0746/url'
16:15:36.290 [Forwarding getCurrentUrl on session 5560da57ec5b45349a8275ad12de0746 to remote] DEBUG org.asynchttpclient.netty.request.NettyRequestSender - Using open Channel [id: 0x2aab7377, L:/127.0.0.1:14924 - R:localhost/127.0.0.1:1300] for GET '/session/5560da57ec5b45349a8275ad12de0746/url'
16:15:36.294 [AsyncHttpClient-1-6] DEBUG org.asynchttpclient.netty.handler.HttpHandler - 

Request DefaultFullHttpRequest(decodeResult: success, version: HTTP/1.1, content: EmptyByteBufBE)
GET /session/5560da57ec5b45349a8275ad12de0746/url HTTP/1.1
User-Agent: selenium/4.8.1 (java windows)
Cache-Control: no-cache
Content-Type: application/json; charset=utf-8
host: localhost:1300
accept: */*

Response DefaultHttpResponse(decodeResult: success, version: HTTP/1.1)
HTTP/1.1 200 OK
Content-Length: 65
Content-Type: application/json; charset=utf-8
cache-control: no-cache

16:15:36.294 [AsyncHttpClient-1-6] DEBUG org.asynchttpclient.netty.channel.ChannelManager - Adding key: http://localhost:1300 for channel [id: 0x2aab7377, L:/127.0.0.1:14924 - R:localhost/127.0.0.1:1300]
16:15:36.295 [Forwarding screenshot on session 5560da57ec5b45349a8275ad12de0746 to remote] DEBUG org.asynchttpclient.netty.request.NettyRequestSender - Using pooled Channel '[id: 0x2aab7377, L:/127.0.0.1:14924 - R:localhost/127.0.0.1:1300]' for 'GET' to 'http://localhost:1300/session/5560da57ec5b45349a8275ad12de0746/screenshot'
16:15:36.295 [Forwarding screenshot on session 5560da57ec5b45349a8275ad12de0746 to remote] DEBUG org.asynchttpclient.netty.request.NettyRequestSender - Using open Channel [id: 0x2aab7377, L:/127.0.0.1:14924 - R:localhost/127.0.0.1:1300] for GET '/session/5560da57ec5b45349a8275ad12de0746/screenshot'
16:15:36.456 [AsyncHttpClient-1-6] DEBUG org.asynchttpclient.netty.handler.HttpHandler - 

Request DefaultFullHttpRequest(decodeResult: success, version: HTTP/1.1, content: EmptyByteBufBE)
GET /session/5560da57ec5b45349a8275ad12de0746/screenshot HTTP/1.1
User-Agent: selenium/4.8.1 (java windows)
Cache-Control: no-cache
Content-Type: application/json; charset=utf-8
host: localhost:1300
accept: */*

Response DefaultHttpResponse(decodeResult: success, version: HTTP/1.1)
HTTP/1.1 200 OK
Content-Length: 87388
Content-Type: application/json; charset=utf-8
cache-control: no-cache

16:15:36.457 [AsyncHttpClient-1-6] DEBUG org.asynchttpclient.netty.channel.ChannelManager - Adding key: http://localhost:1300 for channel [id: 0x2aab7377, L:/127.0.0.1:14924 - R:localhost/127.0.0.1:1300]
16:15:36.464 [main] DEBUG net.serenitybdd.core.photography.Darkroom - Send negative for processing for target\site\serenity\399ff16a1e06c5d956c5f0a3d0f2d432fb34ba9ae3005aa3062c67401c8ae844.png
16:15:36.464 [main] DEBUG net.thucydides.core.steps.StepInterceptor - STEP DONE: inputNamaLengkap
  &amp#27;[32mAnd &amp#27;[0m&amp#27;[32mI enter on nama lengkap&amp#27;[0m                            &amp#27;[90m# Starter.Stepdefitions.EditProfileSteps.inputNamaLengkap()&amp#27;[0m
16:15:36.464 [Darkroom Processing Line] DEBUG net.serenitybdd.core.photography.DarkroomProcessingLine - Processing screenshot image in /var/screenshots/screenshot-8315530097372583075
16:15:36.464 [Darkroom Processing Line] DEBUG net.serenitybdd.core.photography.DarkroomProcessingLine - Saving screenshot to target\site\serenity\399ff16a1e06c5d956c5f0a3d0f2d432fb34ba9ae3005aa3062c67401c8ae844.png
16:15:36.479 [Forwarding getPageSource on session 5560da57ec5b45349a8275ad12de0746 to remote] DEBUG org.asynchttpclient.netty.request.NettyRequestSender - Using pooled Channel '[id: 0x2aab7377, L:/127.0.0.1:14924 - R:localhost/127.0.0.1:1300]' for 'POST' to 'http://localhost:1300/session/5560da57ec5b45349a8275ad12de0746/execute/sync'
16:15:36.479 [Forwarding getPageSource on session 5560da57ec5b45349a8275ad12de0746 to remote] DEBUG org.asynchttpclient.netty.request.NettyRequestSender - Using open Channel [id: 0x2aab7377, L:/127.0.0.1:14924 - R:localhost/127.0.0.1:1300] for POST '/session/5560da57ec5b45349a8275ad12de0746/execute/sync'
16:15:36.484 [AsyncHttpClient-1-6] DEBUG org.asynchttpclient.netty.handler.HttpHandler - 

Request DefaultHttpRequest(decodeResult: success, version: HTTP/1.1)
POST /session/5560da57ec5b45349a8275ad12de0746/execute/sync HTTP/1.1
User-Agent: selenium/4.8.1 (java windows)
Content-Length: 176
Content-Type: application/json; charset=utf-8
host: localhost:1300
accept: */*

Response DefaultHttpResponse(decodeResult: success, version: HTTP/1.1)
HTTP/1.1 200 OK
Content-Length: 8069
Content-Type: application/json; charset=utf-8
cache-control: no-cache

16:15:36.484 [AsyncHttpClient-1-6] DEBUG org.asynchttpclient.netty.channel.ChannelManager - Adding key: http://localhost:1300 for channel [id: 0x2aab7377, L:/127.0.0.1:14924 - R:localhost/127.0.0.1:1300]
16:15:36.487 [Forwarding getCurrentUrl on session 5560da57ec5b45349a8275ad12de0746 to remote] DEBUG org.asynchttpclient.netty.request.NettyRequestSender - Using pooled Channel '[id: 0x2aab7377, L:/127.0.0.1:14924 - R:localhost/127.0.0.1:1300]' for 'GET' to 'http://localhost:1300/session/5560da57ec5b45349a8275ad12de0746/url'
16:15:36.487 [Forwarding getCurrentUrl on session 5560da57ec5b45349a8275ad12de0746 to remote] DEBUG org.asynchttpclient.netty.request.NettyRequestSender - Using open Channel [id: 0x2aab7377, L:/127.0.0.1:14924 - R:localhost/127.0.0.1:1300] for GET '/session/5560da57ec5b45349a8275ad12de0746/url'
16:15:36.491 [AsyncHttpClient-1-6] DEBUG org.asynchttpclient.netty.handler.HttpHandler - 

Request DefaultFullHttpRequest(decodeResult: success, version: HTTP/1.1, content: EmptyByteBufBE)
GET /session/5560da57ec5b45349a8275ad12de0746/url HTTP/1.1
User-Agent: selenium/4.8.1 (java windows)
Cache-Control: no-cache
Content-Type: application/json; charset=utf-8
host: localhost:1300
accept: */*

Response DefaultHttpResponse(decodeResult: success, version: HTTP/1.1)
HTTP/1.1 200 OK
Content-Length: 65
Content-Type: application/json; charset=utf-8
cache-control: no-cache

16:15:36.491 [AsyncHttpClient-1-6] DEBUG org.asynchttpclient.netty.channel.ChannelManager - Adding key: http://localhost:1300 for channel [id: 0x2aab7377, L:/127.0.0.1:14924 - R:localhost/127.0.0.1:1300]
16:15:36.503 [Forwarding getPageSource on session 5560da57ec5b45349a8275ad12de0746 to remote] DEBUG org.asynchttpclient.netty.request.NettyRequestSender - Using pooled Channel '[id: 0x2aab7377, L:/127.0.0.1:14924 - R:localhost/127.0.0.1:1300]' for 'POST' to 'http://localhost:1300/session/5560da57ec5b45349a8275ad12de0746/execute/sync'
16:15:36.503 [Forwarding getPageSource on session 5560da57ec5b45349a8275ad12de0746 to remote] DEBUG org.asynchttpclient.netty.request.NettyRequestSender - Using open Channel [id: 0x2aab7377, L:/127.0.0.1:14924 - R:localhost/127.0.0.1:1300] for POST '/session/5560da57ec5b45349a8275ad12de0746/execute/sync'
16:15:36.507 [AsyncHttpClient-1-6] DEBUG org.asynchttpclient.netty.handler.HttpHandler - 

Request DefaultHttpRequest(decodeResult: success, version: HTTP/1.1)
POST /session/5560da57ec5b45349a8275ad12de0746/execute/sync HTTP/1.1
User-Agent: selenium/4.8.1 (java windows)
Content-Length: 176
Content-Type: application/json; charset=utf-8
host: localhost:1300
accept: */*

Response DefaultHttpResponse(decodeResult: success, version: HTTP/1.1)
HTTP/1.1 200 OK
Content-Length: 8069
Content-Type: application/json; charset=utf-8
cache-control: no-cache

16:15:36.507 [AsyncHttpClient-1-6] DEBUG org.asynchttpclient.netty.channel.ChannelManager - Adding key: http://localhost:1300 for channel [id: 0x2aab7377, L:/127.0.0.1:14924 - R:localhost/127.0.0.1:1300]
16:15:36.510 [Forwarding getCurrentUrl on session 5560da57ec5b45349a8275ad12de0746 to remote] DEBUG org.asynchttpclient.netty.request.NettyRequestSender - Using pooled Channel '[id: 0x2aab7377, L:/127.0.0.1:14924 - R:localhost/127.0.0.1:1300]' for 'GET' to 'http://localhost:1300/session/5560da57ec5b45349a8275ad12de0746/url'
16:15:36.510 [Forwarding getCurrentUrl on session 5560da57ec5b45349a8275ad12de0746 to remote] DEBUG org.asynchttpclient.netty.request.NettyRequestSender - Using open Channel [id: 0x2aab7377, L:/127.0.0.1:14924 - R:localhost/127.0.0.1:1300] for GET '/session/5560da57ec5b45349a8275ad12de0746/url'
16:15:36.514 [AsyncHttpClient-1-6] DEBUG org.asynchttpclient.netty.handler.HttpHandler - 

Request DefaultFullHttpRequest(decodeResult: success, version: HTTP/1.1, content: EmptyByteBufBE)
GET /session/5560da57ec5b45349a8275ad12de0746/url HTTP/1.1
User-Agent: selenium/4.8.1 (java windows)
Cache-Control: no-cache
Content-Type: application/json; charset=utf-8
host: localhost:1300
accept: */*

Response DefaultHttpResponse(decodeResult: success, version: HTTP/1.1)
HTTP/1.1 200 OK
Content-Length: 65
Content-Type: application/json; charset=utf-8
cache-control: no-cache

16:15:36.514 [AsyncHttpClient-1-6] DEBUG org.asynchttpclient.netty.channel.ChannelManager - Adding key: http://localhost:1300 for channel [id: 0x2aab7377, L:/127.0.0.1:14924 - R:localhost/127.0.0.1:1300]
16:15:36.551 [main] DEBUG net.thucydides.core.steps.StepInterceptor - STARTING STEP: EditProfileSteps.inputAlamat - inputAlamat
16:15:36.556 [Forwarding findElement on session 5560da57ec5b45349a8275ad12de0746 to remote] DEBUG org.asynchttpclient.netty.request.NettyRequestSender - Using pooled Channel '[id: 0x2aab7377, L:/127.0.0.1:14924 - R:localhost/127.0.0.1:1300]' for 'POST' to 'http://localhost:1300/session/5560da57ec5b45349a8275ad12de0746/element'
16:15:36.557 [Forwarding findElement on session 5560da57ec5b45349a8275ad12de0746 to remote] DEBUG org.asynchttpclient.netty.request.NettyRequestSender - Using open Channel [id: 0x2aab7377, L:/127.0.0.1:14924 - R:localhost/127.0.0.1:1300] for POST '/session/5560da57ec5b45349a8275ad12de0746/element'
16:15:36.573 [AsyncHttpClient-1-6] DEBUG org.asynchttpclient.netty.handler.HttpHandler - 

Request DefaultHttpRequest(decodeResult: success, version: HTTP/1.1)
POST /session/5560da57ec5b45349a8275ad12de0746/element HTTP/1.1
User-Agent: selenium/4.8.1 (java windows)
Content-Length: 69
Content-Type: application/json; charset=utf-8
host: localhost:1300
accept: */*

Response DefaultHttpResponse(decodeResult: success, version: HTTP/1.1)
HTTP/1.1 200 OK
Content-Length: 95
Content-Type: application/json; charset=utf-8
cache-control: no-cache

16:15:36.573 [AsyncHttpClient-1-6] DEBUG org.asynchttpclient.netty.channel.ChannelManager - Adding key: http://localhost:1300 for channel [id: 0x2aab7377, L:/127.0.0.1:14924 - R:localhost/127.0.0.1:1300]
16:15:36.574 [Forwarding clearElement on session 5560da57ec5b45349a8275ad12de0746 to remote] DEBUG org.asynchttpclient.netty.request.NettyRequestSender - Using pooled Channel '[id: 0x2aab7377, L:/127.0.0.1:14924 - R:localhost/127.0.0.1:1300]' for 'POST' to 'http://localhost:1300/session/5560da57ec5b45349a8275ad12de0746/element/0697D2FE3B1F313E9BC0F0D59C36162C_element_41/clear'
16:15:36.575 [Forwarding clearElement on session 5560da57ec5b45349a8275ad12de0746 to remote] DEBUG org.asynchttpclient.netty.request.NettyRequestSender - Using open Channel [id: 0x2aab7377, L:/127.0.0.1:14924 - R:localhost/127.0.0.1:1300] for POST '/session/5560da57ec5b45349a8275ad12de0746/element/0697D2FE3B1F313E9BC0F0D59C36162C_element_41/clear'
16:15:36.600 [AsyncHttpClient-1-6] DEBUG org.asynchttpclient.netty.handler.HttpHandler - 

Request DefaultHttpRequest(decodeResult: success, version: HTTP/1.1)
POST /session/5560da57ec5b45349a8275ad12de0746/element/0697D2FE3B1F313E9BC0F0D59C36162C_element_41/clear HTTP/1.1
User-Agent: selenium/4.8.1 (java windows)
Content-Length: 57
Content-Type: application/json; charset=utf-8
host: localhost:1300
accept: */*

Response DefaultHttpResponse(decodeResult: success, version: HTTP/1.1)
HTTP/1.1 200 OK
Content-Length: 14
Content-Type: application/json; charset=utf-8
cache-control: no-cache

16:15:36.601 [AsyncHttpClient-1-6] DEBUG org.asynchttpclient.netty.channel.ChannelManager - Adding key: http://localhost:1300 for channel [id: 0x2aab7377, L:/127.0.0.1:14924 - R:localhost/127.0.0.1:1300]
16:15:36.602 [Forwarding sendKeysToElement on session 5560da57ec5b45349a8275ad12de0746 to remote] DEBUG org.asynchttpclient.netty.request.NettyRequestSender - Using pooled Channel '[id: 0x2aab7377, L:/127.0.0.1:14924 - R:localhost/127.0.0.1:1300]' for 'POST' to 'http://localhost:1300/session/5560da57ec5b45349a8275ad12de0746/element/0697D2FE3B1F313E9BC0F0D59C36162C_element_41/value'
16:15:36.602 [Forwarding sendKeysToElement on session 5560da57ec5b45349a8275ad12de0746 to remote] DEBUG org.asynchttpclient.netty.request.NettyRequestSender - Using open Channel [id: 0x2aab7377, L:/127.0.0.1:14924 - R:localhost/127.0.0.1:1300] for POST '/session/5560da57ec5b45349a8275ad12de0746/element/0697D2FE3B1F313E9BC0F0D59C36162C_element_41/value'
16:15:36.743 [AsyncHttpClient-1-1] DEBUG org.asynchttpclient.netty.channel.DefaultChannelPool - Entry count for : http://localhost:14925 : 1
16:15:36.781 [AsyncHttpClient-1-6] DEBUG org.asynchttpclient.netty.handler.HttpHandler - 

Request DefaultHttpRequest(decodeResult: success, version: HTTP/1.1)
POST /session/5560da57ec5b45349a8275ad12de0746/element/0697D2FE3B1F313E9BC0F0D59C36162C_element_41/value HTTP/1.1
User-Agent: selenium/4.8.1 (java windows)
Content-Length: 148
Content-Type: application/json; charset=utf-8
host: localhost:1300
accept: */*

Response DefaultHttpResponse(decodeResult: success, version: HTTP/1.1)
HTTP/1.1 200 OK
Content-Length: 14
Content-Type: application/json; charset=utf-8
cache-control: no-cache

16:15:36.781 [AsyncHttpClient-1-6] DEBUG org.asynchttpclient.netty.channel.ChannelManager - Adding key: http://localhost:1300 for channel [id: 0x2aab7377, L:/127.0.0.1:14924 - R:localhost/127.0.0.1:1300]
16:15:36.794 [Forwarding getAlertText on session 5560da57ec5b45349a8275ad12de0746 to remote] DEBUG org.asynchttpclient.netty.request.NettyRequestSender - Using pooled Channel '[id: 0x2aab7377, L:/127.0.0.1:14924 - R:localhost/127.0.0.1:1300]' for 'GET' to 'http://localhost:1300/session/5560da57ec5b45349a8275ad12de0746/alert/text'
16:15:36.794 [Forwarding getAlertText on session 5560da57ec5b45349a8275ad12de0746 to remote] DEBUG org.asynchttpclient.netty.request.NettyRequestSender - Using open Channel [id: 0x2aab7377, L:/127.0.0.1:14924 - R:localhost/127.0.0.1:1300] for GET '/session/5560da57ec5b45349a8275ad12de0746/alert/text'
16:15:36.796 [AsyncHttpClient-1-6] DEBUG org.asynchttpclient.netty.handler.HttpHandler - 

Request DefaultFullHttpRequest(decodeResult: success, version: HTTP/1.1, content: EmptyByteBufBE)
GET /session/5560da57ec5b45349a8275ad12de0746/alert/text HTTP/1.1
User-Agent: selenium/4.8.1 (java windows)
Cache-Control: no-cache
Content-Type: application/json; charset=utf-8
host: localhost:1300
accept: */*

Response DefaultHttpResponse(decodeResult: success, version: HTTP/1.1)
HTTP/1.1 404 Not Found
Content-Length: 807
Content-Type: application/json; charset=utf-8
cache-control: no-cache

16:15:36.796 [AsyncHttpClient-1-6] DEBUG org.asynchttpclient.netty.channel.ChannelManager - Adding key: http://localhost:1300 for channel [id: 0x2aab7377, L:/127.0.0.1:14924 - R:localhost/127.0.0.1:1300]
16:15:36.797 [Forwarding getCurrentUrl on session 5560da57ec5b45349a8275ad12de0746 to remote] DEBUG org.asynchttpclient.netty.request.NettyRequestSender - Using pooled Channel '[id: 0x2aab7377, L:/127.0.0.1:14924 - R:localhost/127.0.0.1:1300]' for 'GET' to 'http://localhost:1300/session/5560da57ec5b45349a8275ad12de0746/url'
16:15:36.797 [Forwarding getCurrentUrl on session 5560da57ec5b45349a8275ad12de0746 to remote] DEBUG org.asynchttpclient.netty.request.NettyRequestSender - Using open Channel [id: 0x2aab7377, L:/127.0.0.1:14924 - R:localhost/127.0.0.1:1300] for GET '/session/5560da57ec5b45349a8275ad12de0746/url'
16:15:36.801 [AsyncHttpClient-1-6] DEBUG org.asynchttpclient.netty.handler.HttpHandler - 

Request DefaultFullHttpRequest(decodeResult: success, version: HTTP/1.1, content: EmptyByteBufBE)
GET /session/5560da57ec5b45349a8275ad12de0746/url HTTP/1.1
User-Agent: selenium/4.8.1 (java windows)
Cache-Control: no-cache
Content-Type: application/json; charset=utf-8
host: localhost:1300
accept: */*

Response DefaultHttpResponse(decodeResult: success, version: HTTP/1.1)
HTTP/1.1 200 OK
Content-Length: 65
Content-Type: application/json; charset=utf-8
cache-control: no-cache

16:15:36.801 [AsyncHttpClient-1-6] DEBUG org.asynchttpclient.netty.channel.ChannelManager - Adding key: http://localhost:1300 for channel [id: 0x2aab7377, L:/127.0.0.1:14924 - R:localhost/127.0.0.1:1300]
16:15:36.802 [Forwarding screenshot on session 5560da57ec5b45349a8275ad12de0746 to remote] DEBUG org.asynchttpclient.netty.request.NettyRequestSender - Using pooled Channel '[id: 0x2aab7377, L:/127.0.0.1:14924 - R:localhost/127.0.0.1:1300]' for 'GET' to 'http://localhost:1300/session/5560da57ec5b45349a8275ad12de0746/screenshot'
16:15:36.802 [Forwarding screenshot on session 5560da57ec5b45349a8275ad12de0746 to remote] DEBUG org.asynchttpclient.netty.request.NettyRequestSender - Using open Channel [id: 0x2aab7377, L:/127.0.0.1:14924 - R:localhost/127.0.0.1:1300] for GET '/session/5560da57ec5b45349a8275ad12de0746/screenshot'
16:15:36.934 [AsyncHttpClient-1-6] DEBUG org.asynchttpclient.netty.handler.HttpHandler - 

Request DefaultFullHttpRequest(decodeResult: success, version: HTTP/1.1, content: EmptyByteBufBE)
GET /session/5560da57ec5b45349a8275ad12de0746/screenshot HTTP/1.1
User-Agent: selenium/4.8.1 (java windows)
Cache-Control: no-cache
Content-Type: application/json; charset=utf-8
host: localhost:1300
accept: */*

Response DefaultHttpResponse(decodeResult: success, version: HTTP/1.1)
HTTP/1.1 200 OK
Content-Length: 86280
Content-Type: application/json; charset=utf-8
cache-control: no-cache

16:15:36.935 [AsyncHttpClient-1-6] DEBUG org.asynchttpclient.netty.channel.ChannelManager - Adding key: http://localhost:1300 for channel [id: 0x2aab7377, L:/127.0.0.1:14924 - R:localhost/127.0.0.1:1300]
16:15:36.940 [main] DEBUG net.serenitybdd.core.photography.Darkroom - Send negative for processing for target\site\serenity\d054b122b13f84d1eb34cedf350784e2eb6b0efd966520eec771aeeafb755bd1.png
16:15:36.940 [main] DEBUG net.thucydides.core.steps.StepInterceptor - STEP DONE: inputAlamat
16:15:36.940 [Darkroom Processing Line] DEBUG net.serenitybdd.core.photography.DarkroomProcessingLine - Processing screenshot image in /var/screenshots/screenshot-4746723707102702457
16:15:36.940 [Darkroom Processing Line] DEBUG net.serenitybdd.core.photography.DarkroomProcessingLine - Saving screenshot to target\site\serenity\d054b122b13f84d1eb34cedf350784e2eb6b0efd966520eec771aeeafb755bd1.png
  &amp#27;[32mAnd &amp#27;[0m&amp#27;[32mI enter on alamat&amp#27;[0m                                  &amp#27;[90m# Starter.Stepdefitions.EditProfileSteps.inputAlamat()&amp#27;[0m
16:15:36.950 [Forwarding getPageSource on session 5560da57ec5b45349a8275ad12de0746 to remote] DEBUG org.asynchttpclient.netty.request.NettyRequestSender - Using pooled Channel '[id: 0x2aab7377, L:/127.0.0.1:14924 - R:localhost/127.0.0.1:1300]' for 'POST' to 'http://localhost:1300/session/5560da57ec5b45349a8275ad12de0746/execute/sync'
16:15:36.950 [Forwarding getPageSource on session 5560da57ec5b45349a8275ad12de0746 to remote] DEBUG org.asynchttpclient.netty.request.NettyRequestSender - Using open Channel [id: 0x2aab7377, L:/127.0.0.1:14924 - R:localhost/127.0.0.1:1300] for POST '/session/5560da57ec5b45349a8275ad12de0746/execute/sync'
16:15:36.955 [AsyncHttpClient-1-6] DEBUG org.asynchttpclient.netty.handler.HttpHandler - 

Request DefaultHttpRequest(decodeResult: success, version: HTTP/1.1)
POST /session/5560da57ec5b45349a8275ad12de0746/execute/sync HTTP/1.1
User-Agent: selenium/4.8.1 (java windows)
Content-Length: 176
Content-Type: application/json; charset=utf-8
host: localhost:1300
accept: */*

Response DefaultHttpResponse(decodeResult: success, version: HTTP/1.1)
HTTP/1.1 200 OK
Content-Length: 8075
Content-Type: application/json; charset=utf-8
cache-control: no-cache

16:15:36.955 [AsyncHttpClient-1-6] DEBUG org.asynchttpclient.netty.channel.ChannelManager - Adding key: http://localhost:1300 for channel [id: 0x2aab7377, L:/127.0.0.1:14924 - R:localhost/127.0.0.1:1300]
16:15:36.957 [Forwarding getCurrentUrl on session 5560da57ec5b45349a8275ad12de0746 to remote] DEBUG org.asynchttpclient.netty.request.NettyRequestSender - Using pooled Channel '[id: 0x2aab7377, L:/127.0.0.1:14924 - R:localhost/127.0.0.1:1300]' for 'GET' to 'http://localhost:1300/session/5560da57ec5b45349a8275ad12de0746/url'
16:15:36.957 [Forwarding getCurrentUrl on session 5560da57ec5b45349a8275ad12de0746 to remote] DEBUG org.asynchttpclient.netty.request.NettyRequestSender - Using open Channel [id: 0x2aab7377, L:/127.0.0.1:14924 - R:localhost/127.0.0.1:1300] for GET '/session/5560da57ec5b45349a8275ad12de0746/url'
16:15:36.960 [AsyncHttpClient-1-6] DEBUG org.asynchttpclient.netty.handler.HttpHandler - 

Request DefaultFullHttpRequest(decodeResult: success, version: HTTP/1.1, content: EmptyByteBufBE)
GET /session/5560da57ec5b45349a8275ad12de0746/url HTTP/1.1
User-Agent: selenium/4.8.1 (java windows)
Cache-Control: no-cache
Content-Type: application/json; charset=utf-8
host: localhost:1300
accept: */*

Response DefaultHttpResponse(decodeResult: success, version: HTTP/1.1)
HTTP/1.1 200 OK
Content-Length: 65
Content-Type: application/json; charset=utf-8
cache-control: no-cache

16:15:36.960 [AsyncHttpClient-1-6] DEBUG org.asynchttpclient.netty.channel.ChannelManager - Adding key: http://localhost:1300 for channel [id: 0x2aab7377, L:/127.0.0.1:14924 - R:localhost/127.0.0.1:1300]
16:15:36.969 [Forwarding getPageSource on session 5560da57ec5b45349a8275ad12de0746 to remote] DEBUG org.asynchttpclient.netty.request.NettyRequestSender - Using pooled Channel '[id: 0x2aab7377, L:/127.0.0.1:14924 - R:localhost/127.0.0.1:1300]' for 'POST' to 'http://localhost:1300/session/5560da57ec5b45349a8275ad12de0746/execute/sync'
16:15:36.969 [Forwarding getPageSource on session 5560da57ec5b45349a8275ad12de0746 to remote] DEBUG org.asynchttpclient.netty.request.NettyRequestSender - Using open Channel [id: 0x2aab7377, L:/127.0.0.1:14924 - R:localhost/127.0.0.1:1300] for POST '/session/5560da57ec5b45349a8275ad12de0746/execute/sync'
16:15:36.974 [AsyncHttpClient-1-6] DEBUG org.asynchttpclient.netty.handler.HttpHandler - 

Request DefaultHttpRequest(decodeResult: success, version: HTTP/1.1)
POST /session/5560da57ec5b45349a8275ad12de0746/execute/sync HTTP/1.1
User-Agent: selenium/4.8.1 (java windows)
Content-Length: 176
Content-Type: application/json; charset=utf-8
host: localhost:1300
accept: */*

Response DefaultHttpResponse(decodeResult: success, version: HTTP/1.1)
HTTP/1.1 200 OK
Content-Length: 8075
Content-Type: application/json; charset=utf-8
cache-control: no-cache

16:15:36.974 [AsyncHttpClient-1-6] DEBUG org.asynchttpclient.netty.channel.ChannelManager - Adding key: http://localhost:1300 for channel [id: 0x2aab7377, L:/127.0.0.1:14924 - R:localhost/127.0.0.1:1300]
16:15:36.976 [Forwarding getCurrentUrl on session 5560da57ec5b45349a8275ad12de0746 to remote] DEBUG org.asynchttpclient.netty.request.NettyRequestSender - Using pooled Channel '[id: 0x2aab7377, L:/127.0.0.1:14924 - R:localhost/127.0.0.1:1300]' for 'GET' to 'http://localhost:1300/session/5560da57ec5b45349a8275ad12de0746/url'
16:15:36.976 [Forwarding getCurrentUrl on session 5560da57ec5b45349a8275ad12de0746 to remote] DEBUG org.asynchttpclient.netty.request.NettyRequestSender - Using open Channel [id: 0x2aab7377, L:/127.0.0.1:14924 - R:localhost/127.0.0.1:1300] for GET '/session/5560da57ec5b45349a8275ad12de0746/url'
16:15:36.979 [AsyncHttpClient-1-6] DEBUG org.asynchttpclient.netty.handler.HttpHandler - 

Request DefaultFullHttpRequest(decodeResult: success, version: HTTP/1.1, content: EmptyByteBufBE)
GET /session/5560da57ec5b45349a8275ad12de0746/url HTTP/1.1
User-Agent: selenium/4.8.1 (java windows)
Cache-Control: no-cache
Content-Type: application/json; charset=utf-8
host: localhost:1300
accept: */*

Response DefaultHttpResponse(decodeResult: success, version: HTTP/1.1)
HTTP/1.1 200 OK
Content-Length: 65
Content-Type: application/json; charset=utf-8
cache-control: no-cache

16:15:36.979 [AsyncHttpClient-1-6] DEBUG org.asynchttpclient.netty.channel.ChannelManager - Adding key: http://localhost:1300 for channel [id: 0x2aab7377, L:/127.0.0.1:14924 - R:localhost/127.0.0.1:1300]
16:15:36.999 [main] DEBUG net.thucydides.core.steps.StepInterceptor - STARTING STEP: EditProfileSteps.clickSaveChangesButton - clickSaveChangesButton
16:15:37.022 [Forwarding findElement on session 5560da57ec5b45349a8275ad12de0746 to remote] DEBUG org.asynchttpclient.netty.request.NettyRequestSender - Using pooled Channel '[id: 0x2aab7377, L:/127.0.0.1:14924 - R:localhost/127.0.0.1:1300]' for 'POST' to 'http://localhost:1300/session/5560da57ec5b45349a8275ad12de0746/element'
16:15:37.022 [Forwarding findElement on session 5560da57ec5b45349a8275ad12de0746 to remote] DEBUG org.asynchttpclient.netty.request.NettyRequestSender - Using open Channel [id: 0x2aab7377, L:/127.0.0.1:14924 - R:localhost/127.0.0.1:1300] for POST '/session/5560da57ec5b45349a8275ad12de0746/element'
16:15:37.050 [AsyncHttpClient-1-6] DEBUG org.asynchttpclient.netty.handler.HttpHandler - 

Request DefaultHttpRequest(decodeResult: success, version: HTTP/1.1)
POST /session/5560da57ec5b45349a8275ad12de0746/element HTTP/1.1
User-Agent: selenium/4.8.1 (java windows)
Content-Length: 81
Content-Type: application/json; charset=utf-8
host: localhost:1300
accept: */*

Response DefaultHttpResponse(decodeResult: success, version: HTTP/1.1)
HTTP/1.1 200 OK
Content-Length: 95
Content-Type: application/json; charset=utf-8
cache-control: no-cache

16:15:37.051 [AsyncHttpClient-1-6] DEBUG org.asynchttpclient.netty.channel.ChannelManager - Adding key: http://localhost:1300 for channel [id: 0x2aab7377, L:/127.0.0.1:14924 - R:localhost/127.0.0.1:1300]
16:15:37.053 [Forwarding getElementTagName on session 5560da57ec5b45349a8275ad12de0746 to remote] DEBUG org.asynchttpclient.netty.request.NettyRequestSender - Using pooled Channel '[id: 0x2aab7377, L:/127.0.0.1:14924 - R:localhost/127.0.0.1:1300]' for 'GET' to 'http://localhost:1300/session/5560da57ec5b45349a8275ad12de0746/element/0697D2FE3B1F313E9BC0F0D59C36162C_element_42/name'
16:15:37.053 [Forwarding getElementTagName on session 5560da57ec5b45349a8275ad12de0746 to remote] DEBUG org.asynchttpclient.netty.request.NettyRequestSender - Using open Channel [id: 0x2aab7377, L:/127.0.0.1:14924 - R:localhost/127.0.0.1:1300] for GET '/session/5560da57ec5b45349a8275ad12de0746/element/0697D2FE3B1F313E9BC0F0D59C36162C_element_42/name'
16:15:37.059 [AsyncHttpClient-1-6] DEBUG org.asynchttpclient.netty.handler.HttpHandler - 

Request DefaultFullHttpRequest(decodeResult: success, version: HTTP/1.1, content: EmptyByteBufBE)
GET /session/5560da57ec5b45349a8275ad12de0746/element/0697D2FE3B1F313E9BC0F0D59C36162C_element_42/name HTTP/1.1
User-Agent: selenium/4.8.1 (java windows)
Cache-Control: no-cache
Content-Type: application/json; charset=utf-8
host: localhost:1300
accept: */*

Response DefaultHttpResponse(decodeResult: success, version: HTTP/1.1)
HTTP/1.1 200 OK
Content-Length: 18
Content-Type: application/json; charset=utf-8
cache-control: no-cache

16:15:37.059 [AsyncHttpClient-1-6] DEBUG org.asynchttpclient.netty.channel.ChannelManager - Adding key: http://localhost:1300 for channel [id: 0x2aab7377, L:/127.0.0.1:14924 - R:localhost/127.0.0.1:1300]
16:15:37.061 [Forwarding getElementTagName on session 5560da57ec5b45349a8275ad12de0746 to remote] DEBUG org.asynchttpclient.netty.request.NettyRequestSender - Using pooled Channel '[id: 0x2aab7377, L:/127.0.0.1:14924 - R:localhost/127.0.0.1:1300]' for 'GET' to 'http://localhost:1300/session/5560da57ec5b45349a8275ad12de0746/element/0697D2FE3B1F313E9BC0F0D59C36162C_element_42/name'
16:15:37.061 [Forwarding getElementTagName on session 5560da57ec5b45349a8275ad12de0746 to remote] DEBUG org.asynchttpclient.netty.request.NettyRequestSender - Using open Channel [id: 0x2aab7377, L:/127.0.0.1:14924 - R:localhost/127.0.0.1:1300] for GET '/session/5560da57ec5b45349a8275ad12de0746/element/0697D2FE3B1F313E9BC0F0D59C36162C_element_42/name'
16:15:37.066 [AsyncHttpClient-1-6] DEBUG org.asynchttpclient.netty.handler.HttpHandler - 

Request DefaultFullHttpRequest(decodeResult: success, version: HTTP/1.1, content: EmptyByteBufBE)
GET /session/5560da57ec5b45349a8275ad12de0746/element/0697D2FE3B1F313E9BC0F0D59C36162C_element_42/name HTTP/1.1
User-Agent: selenium/4.8.1 (java windows)
Cache-Control: no-cache
Content-Type: application/json; charset=utf-8
host: localhost:1300
accept: */*

Response DefaultHttpResponse(decodeResult: success, version: HTTP/1.1)
HTTP/1.1 200 OK
Content-Length: 18
Content-Type: application/json; charset=utf-8
cache-control: no-cache

16:15:37.066 [AsyncHttpClient-1-6] DEBUG org.asynchttpclient.netty.channel.ChannelManager - Adding key: http://localhost:1300 for channel [id: 0x2aab7377, L:/127.0.0.1:14924 - R:localhost/127.0.0.1:1300]
16:15:37.069 [Forwarding isElementEnabled on session 5560da57ec5b45349a8275ad12de0746 to remote] DEBUG org.asynchttpclient.netty.request.NettyRequestSender - Using pooled Channel '[id: 0x2aab7377, L:/127.0.0.1:14924 - R:localhost/127.0.0.1:1300]' for 'GET' to 'http://localhost:1300/session/5560da57ec5b45349a8275ad12de0746/element/0697D2FE3B1F313E9BC0F0D59C36162C_element_42/enabled'
16:15:37.069 [Forwarding isElementEnabled on session 5560da57ec5b45349a8275ad12de0746 to remote] DEBUG org.asynchttpclient.netty.request.NettyRequestSender - Using open Channel [id: 0x2aab7377, L:/127.0.0.1:14924 - R:localhost/127.0.0.1:1300] for GET '/session/5560da57ec5b45349a8275ad12de0746/element/0697D2FE3B1F313E9BC0F0D59C36162C_element_42/enabled'
16:15:37.076 [AsyncHttpClient-1-6] DEBUG org.asynchttpclient.netty.handler.HttpHandler - 

Request DefaultFullHttpRequest(decodeResult: success, version: HTTP/1.1, content: EmptyByteBufBE)
GET /session/5560da57ec5b45349a8275ad12de0746/element/0697D2FE3B1F313E9BC0F0D59C36162C_element_42/enabled HTTP/1.1
User-Agent: selenium/4.8.1 (java windows)
Cache-Control: no-cache
Content-Type: application/json; charset=utf-8
host: localhost:1300
accept: */*

Response DefaultHttpResponse(decodeResult: success, version: HTTP/1.1)
HTTP/1.1 200 OK
Content-Length: 14
Content-Type: application/json; charset=utf-8
cache-control: no-cache

16:15:37.076 [AsyncHttpClient-1-6] DEBUG org.asynchttpclient.netty.channel.ChannelManager - Adding key: http://localhost:1300 for channel [id: 0x2aab7377, L:/127.0.0.1:14924 - R:localhost/127.0.0.1:1300]
16:15:37.077 [Forwarding isElementEnabled on session 5560da57ec5b45349a8275ad12de0746 to remote] DEBUG org.asynchttpclient.netty.request.NettyRequestSender - Using pooled Channel '[id: 0x2aab7377, L:/127.0.0.1:14924 - R:localhost/127.0.0.1:1300]' for 'GET' to 'http://localhost:1300/session/5560da57ec5b45349a8275ad12de0746/element/0697D2FE3B1F313E9BC0F0D59C36162C_element_42/enabled'
16:15:37.077 [Forwarding isElementEnabled on session 5560da57ec5b45349a8275ad12de0746 to remote] DEBUG org.asynchttpclient.netty.request.NettyRequestSender - Using open Channel [id: 0x2aab7377, L:/127.0.0.1:14924 - R:localhost/127.0.0.1:1300] for GET '/session/5560da57ec5b45349a8275ad12de0746/element/0697D2FE3B1F313E9BC0F0D59C36162C_element_42/enabled'
16:15:37.083 [AsyncHttpClient-1-6] DEBUG org.asynchttpclient.netty.handler.HttpHandler - 

Request DefaultFullHttpRequest(decodeResult: success, version: HTTP/1.1, content: EmptyByteBufBE)
GET /session/5560da57ec5b45349a8275ad12de0746/element/0697D2FE3B1F313E9BC0F0D59C36162C_element_42/enabled HTTP/1.1
User-Agent: selenium/4.8.1 (java windows)
Cache-Control: no-cache
Content-Type: application/json; charset=utf-8
host: localhost:1300
accept: */*

Response DefaultHttpResponse(decodeResult: success, version: HTTP/1.1)
HTTP/1.1 200 OK
Content-Length: 14
Content-Type: application/json; charset=utf-8
cache-control: no-cache

16:15:37.083 [AsyncHttpClient-1-6] DEBUG org.asynchttpclient.netty.channel.ChannelManager - Adding key: http://localhost:1300 for channel [id: 0x2aab7377, L:/127.0.0.1:14924 - R:localhost/127.0.0.1:1300]
16:15:37.085 [Forwarding findElement on session 5560da57ec5b45349a8275ad12de0746 to remote] DEBUG org.asynchttpclient.netty.request.NettyRequestSender - Using pooled Channel '[id: 0x2aab7377, L:/127.0.0.1:14924 - R:localhost/127.0.0.1:1300]' for 'POST' to 'http://localhost:1300/session/5560da57ec5b45349a8275ad12de0746/element'
16:15:37.086 [Forwarding findElement on session 5560da57ec5b45349a8275ad12de0746 to remote] DEBUG org.asynchttpclient.netty.request.NettyRequestSender - Using open Channel [id: 0x2aab7377, L:/127.0.0.1:14924 - R:localhost/127.0.0.1:1300] for POST '/session/5560da57ec5b45349a8275ad12de0746/element'
16:15:37.093 [AsyncHttpClient-1-6] DEBUG org.asynchttpclient.netty.handler.HttpHandler - 

Request DefaultHttpRequest(decodeResult: success, version: HTTP/1.1)
POST /session/5560da57ec5b45349a8275ad12de0746/element HTTP/1.1
User-Agent: selenium/4.8.1 (java windows)
Content-Length: 81
Content-Type: application/json; charset=utf-8
host: localhost:1300
accept: */*

Response DefaultHttpResponse(decodeResult: success, version: HTTP/1.1)
HTTP/1.1 200 OK
Content-Length: 95
Content-Type: application/json; charset=utf-8
cache-control: no-cache

16:15:37.093 [AsyncHttpClient-1-6] DEBUG org.asynchttpclient.netty.channel.ChannelManager - Adding key: http://localhost:1300 for channel [id: 0x2aab7377, L:/127.0.0.1:14924 - R:localhost/127.0.0.1:1300]
16:15:37.094 [Forwarding clickElement on session 5560da57ec5b45349a8275ad12de0746 to remote] DEBUG org.asynchttpclient.netty.request.NettyRequestSender - Using pooled Channel '[id: 0x2aab7377, L:/127.0.0.1:14924 - R:localhost/127.0.0.1:1300]' for 'POST' to 'http://localhost:1300/session/5560da57ec5b45349a8275ad12de0746/element/0697D2FE3B1F313E9BC0F0D59C36162C_element_42/click'
16:15:37.094 [Forwarding clickElement on session 5560da57ec5b45349a8275ad12de0746 to remote] DEBUG org.asynchttpclient.netty.request.NettyRequestSender - Using open Channel [id: 0x2aab7377, L:/127.0.0.1:14924 - R:localhost/127.0.0.1:1300] for POST '/session/5560da57ec5b45349a8275ad12de0746/element/0697D2FE3B1F313E9BC0F0D59C36162C_element_42/click'
16:15:37.844 [AsyncHttpClient-1-1] DEBUG org.asynchttpclient.netty.channel.DefaultChannelPool - Entry count for : http://localhost:14925 : 1
16:15:38.486 [AsyncHttpClient-1-6] DEBUG org.asynchttpclient.netty.handler.HttpHandler - 

Request DefaultHttpRequest(decodeResult: success, version: HTTP/1.1)
POST /session/5560da57ec5b45349a8275ad12de0746/element/0697D2FE3B1F313E9BC0F0D59C36162C_element_42/click HTTP/1.1
User-Agent: selenium/4.8.1 (java windows)
Content-Length: 57
Content-Type: application/json; charset=utf-8
host: localhost:1300
accept: */*

Response DefaultHttpResponse(decodeResult: success, version: HTTP/1.1)
HTTP/1.1 200 OK
Content-Length: 14
Content-Type: application/json; charset=utf-8
cache-control: no-cache

16:15:38.486 [AsyncHttpClient-1-6] DEBUG org.asynchttpclient.netty.channel.ChannelManager - Adding key: http://localhost:1300 for channel [id: 0x2aab7377, L:/127.0.0.1:14924 - R:localhost/127.0.0.1:1300]
16:15:38.498 [Forwarding getAlertText on session 5560da57ec5b45349a8275ad12de0746 to remote] DEBUG org.asynchttpclient.netty.request.NettyRequestSender - Using pooled Channel '[id: 0x2aab7377, L:/127.0.0.1:14924 - R:localhost/127.0.0.1:1300]' for 'GET' to 'http://localhost:1300/session/5560da57ec5b45349a8275ad12de0746/alert/text'
16:15:38.498 [Forwarding getAlertText on session 5560da57ec5b45349a8275ad12de0746 to remote] DEBUG org.asynchttpclient.netty.request.NettyRequestSender - Using open Channel [id: 0x2aab7377, L:/127.0.0.1:14924 - R:localhost/127.0.0.1:1300] for GET '/session/5560da57ec5b45349a8275ad12de0746/alert/text'
16:15:38.499 [AsyncHttpClient-1-6] DEBUG org.asynchttpclient.netty.handler.HttpHandler - 

Request DefaultFullHttpRequest(decodeResult: success, version: HTTP/1.1, content: EmptyByteBufBE)
GET /session/5560da57ec5b45349a8275ad12de0746/alert/text HTTP/1.1
User-Agent: selenium/4.8.1 (java windows)
Cache-Control: no-cache
Content-Type: application/json; charset=utf-8
host: localhost:1300
accept: */*

Response DefaultHttpResponse(decodeResult: success, version: HTTP/1.1)
HTTP/1.1 200 OK
Content-Length: 40
Content-Type: application/json; charset=utf-8
cache-control: no-cache

16:15:38.499 [AsyncHttpClient-1-6] DEBUG org.asynchttpclient.netty.channel.ChannelManager - Adding key: http://localhost:1300 for channel [id: 0x2aab7377, L:/127.0.0.1:14924 - R:localhost/127.0.0.1:1300]
16:15:38.503 [main] DEBUG net.thucydides.core.steps.StepInterceptor - STEP DONE: clickSaveChangesButton
  &amp#27;[32mThen &amp#27;[0m&amp#27;[32mI click save changes and success&amp#27;[0m                  &amp#27;[90m# Starter.Stepdefitions.EditProfileSteps.clickSaveChangesButton()&amp#27;[0m
16:15:38.515 [Forwarding getAlertText on session 5560da57ec5b45349a8275ad12de0746 to remote] DEBUG org.asynchttpclient.netty.request.NettyRequestSender - Using pooled Channel '[id: 0x2aab7377, L:/127.0.0.1:14924 - R:localhost/127.0.0.1:1300]' for 'GET' to 'http://localhost:1300/session/5560da57ec5b45349a8275ad12de0746/alert/text'
16:15:38.516 [Forwarding getAlertText on session 5560da57ec5b45349a8275ad12de0746 to remote] DEBUG org.asynchttpclient.netty.request.NettyRequestSender - Using open Channel [id: 0x2aab7377, L:/127.0.0.1:14924 - R:localhost/127.0.0.1:1300] for GET '/session/5560da57ec5b45349a8275ad12de0746/alert/text'
16:15:38.517 [AsyncHttpClient-1-6] DEBUG org.asynchttpclient.netty.handler.HttpHandler - 

Request DefaultFullHttpRequest(decodeResult: success, version: HTTP/1.1, content: EmptyByteBufBE)
GET /session/5560da57ec5b45349a8275ad12de0746/alert/text HTTP/1.1
User-Agent: selenium/4.8.1 (java windows)
Cache-Control: no-cache
Content-Type: application/json; charset=utf-8
host: localhost:1300
accept: */*

Response DefaultHttpResponse(decodeResult: success, version: HTTP/1.1)
HTTP/1.1 200 OK
Content-Length: 40
Content-Type: application/json; charset=utf-8
cache-control: no-cache

16:15:38.517 [AsyncHttpClient-1-6] DEBUG org.asynchttpclient.netty.channel.ChannelManager - Adding key: http://localhost:1300 for channel [id: 0x2aab7377, L:/127.0.0.1:14924 - R:localhost/127.0.0.1:1300]
16:15:38.520 [main] INFO  - 
  _____   ___   ___   _____     ___     _     ___   ___   ___   ___  
 |_   _| | __| / __| |_   _|   | _ \   /_\   / __| / __| | __| |   \ 
   | |   | _|  \__ \   | |     |  _/  / _ \  \__ \ \__ \ | _|  | |) |
   |_|   |___| |___/   |_|     |_|   /_/ \_\ |___/ |___/ |___| |___/ 

As a user, I have successfully changed profile
----------------------------------------------------------------------
16:15:38.522 [AsyncHttpClient-1-8] DEBUG org.asynchttpclient.netty.handler.WebSocketHandler - Channel Closed: [id: 0x5b23e993, L:/127.0.0.1:14931 ! R:localhost/127.0.0.1:14925] with attribute NettyResponseFuture{currentRetry=0,
	isDone=1,
	isCancelled=0,
	asyncHandler=org.asynchttpclient.ws.WebSocketUpgradeHandler@47f4bf,
	nettyRequest=org.asynchttpclient.netty.request.NettyRequest@190b7b1,
	future=java.util.concurrent.CompletableFuture@2adb47[Completed normally],
	uri=ws://localhost:14925/devtools/browser/49d76e7f-f4fc-4d71-af31-7c496d5a0107,
	keepAlive=true,
	redirectCount=0,
	timeoutsHolder=null,
	inAuth=0,
	touch=1687684525818}
16:15:38.522 [AsyncHttpClient-1-8] DEBUG org.asynchttpclient.netty.channel.ChannelManager - Closing Channel [id: 0x5b23e993, L:/127.0.0.1:14931 ! R:localhost/127.0.0.1:14925] 
16:15:38.522 [Driver Command Executor] DEBUG org.asynchttpclient.netty.request.NettyRequestSender - Using pooled Channel '[id: 0x2aab7377, L:/127.0.0.1:14924 - R:localhost/127.0.0.1:1300]' for 'DELETE' to 'http://localhost:1300/session/5560da57ec5b45349a8275ad12de0746'
16:15:38.522 [Driver Command Executor] DEBUG org.asynchttpclient.netty.request.NettyRequestSender - Using open Channel [id: 0x2aab7377, L:/127.0.0.1:14924 - R:localhost/127.0.0.1:1300] for DELETE '/session/5560da57ec5b45349a8275ad12de0746'
16:15:38.944 [AsyncHttpClient-1-1] DEBUG org.asynchttpclient.netty.channel.DefaultChannelPool - Entry count for : http://localhost:14925 : 1
16:15:40.043 [AsyncHttpClient-1-1] DEBUG org.asynchttpclient.netty.channel.DefaultChannelPool - Entry count for : http://localhost:14925 : 1
16:15:41.145 [AsyncHttpClient-1-1] DEBUG org.asynchttpclient.netty.channel.DefaultChannelPool - Entry count for : http://localhost:14925 : 1
16:15:42.243 [AsyncHttpClient-1-1] DEBUG org.asynchttpclient.netty.channel.DefaultChannelPool - Entry count for : http://localhost:14925 : 1
16:15:43.344 [AsyncHttpClient-1-1] DEBUG org.asynchttpclient.netty.channel.DefaultChannelPool - Entry count for : http://localhost:14925 : 1
16:15:43.349 [AsyncHttpClient-1-7] DEBUG org.asynchttpclient.netty.handler.HttpHandler - Unexpected I/O exception on channel [id: 0xeb963840, L:/127.0.0.1:14930 - R:localhost/127.0.0.1:14925]
java.io.IOException: An existing connection was forcibly closed by the remote host
	at sun.nio.ch.SocketDispatcher.read0(Native Method)
	at sun.nio.ch.SocketDispatcher.read(SocketDispatcher.java:43)
	at sun.nio.ch.IOUtil.readIntoNativeBuffer(IOUtil.java:223)
	at sun.nio.ch.IOUtil.read(IOUtil.java:192)
	at sun.nio.ch.SocketChannelImpl.read(SocketChannelImpl.java:379)
	at io.netty.buffer.PooledByteBuf.setBytes(PooledByteBuf.java:259)
	at io.netty.buffer.AbstractByteBuf.writeBytes(AbstractByteBuf.java:1132)
	at io.netty.channel.socket.nio.NioSocketChannel.doReadBytes(NioSocketChannel.java:357)
	at io.netty.channel.nio.AbstractNioByteChannel$NioByteUnsafe.read(AbstractNioByteChannel.java:151)
	at io.netty.channel.nio.NioEventLoop.processSelectedKey(NioEventLoop.java:788)
	at io.netty.channel.nio.NioEventLoop.processSelectedKeysOptimized(NioEventLoop.java:724)
	at io.netty.channel.nio.NioEventLoop.processSelectedKeys(NioEventLoop.java:650)
	at io.netty.channel.nio.NioEventLoop.run(NioEventLoop.java:562)
	at io.netty.util.concurrent.SingleThreadEventExecutor$4.run(SingleThreadEventExecutor.java:997)
	at io.netty.util.internal.ThreadExecutorMap$2.run(ThreadExecutorMap.java:74)
	at io.netty.util.concurrent.FastThreadLocalRunnable.run(FastThreadLocalRunnable.java:30)
	at java.lang.Thread.run(Thread.java:745)
16:15:43.349 [AsyncHttpClient-1-7] DEBUG org.asynchttpclient.netty.channel.ChannelManager - Closing Channel [id: 0xeb963840, L:/127.0.0.1:14930 - R:localhost/127.0.0.1:14925] 
16:15:43.349 [AsyncHttpClient-1-7] DEBUG org.asynchttpclient.netty.handler.HttpHandler - Channel Closed: [id: 0xeb963840, L:/127.0.0.1:14930 ! R:localhost/127.0.0.1:14925] with attribute DISCARD
16:15:44.135 [AsyncHttpClient-1-6] DEBUG org.asynchttpclient.netty.handler.HttpHandler - 

Request DefaultFullHttpRequest(decodeResult: success, version: HTTP/1.1, content: EmptyByteBufBE)
DELETE /session/5560da57ec5b45349a8275ad12de0746 HTTP/1.1
User-Agent: selenium/4.8.1 (java windows)
Content-Type: application/json; charset=utf-8
host: localhost:1300
accept: */*

Response DefaultHttpResponse(decodeResult: success, version: HTTP/1.1)
HTTP/1.1 200 OK
Content-Length: 14
Content-Type: application/json; charset=utf-8
cache-control: no-cache

16:15:44.135 [AsyncHttpClient-1-6] DEBUG org.asynchttpclient.netty.channel.ChannelManager - Adding key: http://localhost:1300 for channel [id: 0x2aab7377, L:/127.0.0.1:14924 - R:localhost/127.0.0.1:1300]
16:15:44.443 [AsyncHttpClient-1-1] DEBUG org.asynchttpclient.netty.channel.DefaultChannelPool - Entry count for : http://localhost:1300 : 1
16:15:44.443 [AsyncHttpClient-1-1] DEBUG org.asynchttpclient.netty.channel.DefaultChannelPool - Entry count for : http://localhost:14925 : 1
16:15:44.443 [AsyncHttpClient-1-1] DEBUG org.asynchttpclient.netty.channel.DefaultChannelPool - Adding Candidate expired Channel [id: 0xeb963840, L:/127.0.0.1:14930 ! R:localhost/127.0.0.1:14925] isIdleTimeoutExpired=false isRemotelyClosed=true isTtlExpired=false
16:15:44.443 [AsyncHttpClient-1-1] DEBUG org.asynchttpclient.netty.channel.DefaultChannelPool - Closing Idle Channel [id: 0xeb963840, L:/127.0.0.1:14930 ! R:localhost/127.0.0.1:14925]
16:15:44.443 [AsyncHttpClient-1-1] DEBUG org.asynchttpclient.netty.channel.DefaultChannelPool - Closed 1 connections out of 2 in 0 ms
16:15:44.479 [AsyncHttpClient-1-6] DEBUG org.asynchttpclient.netty.handler.HttpHandler - Channel Closed: [id: 0x2aab7377, L:/127.0.0.1:14924 ! R:localhost/127.0.0.1:1300] with attribute DISCARD
]]></system-out>
    <system-err><![CDATA[Starting ChromeDriver 114.0.5735.90 (386bc09e8f4f2e025eddae123f36f6263096ae49-refs/branch-heads/5735@{#1052}) on port 1300
Only local connections are allowed.
Please see https://chromedriver.chromium.org/security-considerations for suggestions on keeping ChromeDriver safe.
ChromeDriver was started successfully.
Jun 25, 2023 4:15:25 PM org.openqa.selenium.devtools.CdpVersionFinder findNearestMatch
WARNING: Unable to find an exact match for CDP version 114, so returning the closest version found: 110
]]></system-err>
  </testcase>
  <testcase name="As user, I have be able to sign out" classname="Sign Out" time="20.331">
    <system-out><![CDATA[16:15:44.992 [main] DEBUG io.cucumber.core.plugin.SerenityReporter - Running feature from file:///C:/Users/USER/IdeaProjects/Capston_webtesting/src/test/resources/Feature/SignOut.feature
16:15:44.992 [main] WARN io.cucumber.core.plugin.SerenityReporter - Feature from file:///C:/Users/USER/IdeaProjects/Capston_webtesting/src/test/resources/Feature/SignOut.feature is not under the 'features' directory. Requirements report will not be correctly generated!
16:15:44.995 [main] DEBUG net.thucydides.core.steps.StepEventBus - Test suite started for story net.thucydides.core.model.Story@b1597c24
16:15:44.995 [main] INFO  - Test Suite Started: Sign Out

@logout
Scenario: As user, I have be able to sign out                    &amp#27;[90m# src/test/resources/Feature/SignOut.feature:7&amp#27;[0m
16:15:45.003 [main] DEBUG io.cucumber.core.plugin.SerenityReporter - Running feature from file:///C:/Users/USER/IdeaProjects/Capston_webtesting/src/test/resources/Feature/SignOut.feature
16:15:45.003 [main] WARN io.cucumber.core.plugin.SerenityReporter - Feature from file:///C:/Users/USER/IdeaProjects/Capston_webtesting/src/test/resources/Feature/SignOut.feature is not under the 'features' directory. Requirements report will not be correctly generated!
16:15:45.005 [main] INFO  - 
  _____   ___   ___   _____     ___   _____     _     ___   _____   ___   ___  
 |_   _| | __| / __| |_   _|   / __| |_   _|   /_\   | _ \ |_   _| | __| |   \ 
   | |   | _|  \__ \   | |     \__ \   | |    / _ \  |   /   | |   | _|  | |) |
   |_|   |___| |___/   |_|     |___/   |_|   /_/ \_\ |_|_\   |_|   |___| |___/ 

As user, I have be able to sign out(sign-out;as-user--i-have-be-able-to-sign-out)
--------------------------------------------------------------------------------
16:15:45.076 [main] DEBUG net.thucydides.core.steps.StepInterceptor - STARTING STEP: SignOutSteps.onLoginPage - openPage
16:15:45.132 [main] INFO net.serenitybdd.core.webdriver.driverproviders.ChromeDriverProvider - Starting Chrome driver instance with capabilities:
16:15:45.133 [main] INFO net.serenitybdd.core.webdriver.driverproviders.ChromeDriverProvider - Capabilities {acceptInsecureCerts: false, browserName: chrome, goog:chromeOptions: {args: [remote-allow-origins=*], extensions: []}}
16:15:45.196 [AsyncHttpClient-1-9] DEBUG org.asynchttpclient.netty.channel.NettyConnectListener - Using new Channel '[id: 0x9d4f290d, L:/127.0.0.1:14944 - R:localhost/127.0.0.1:42289]' for 'POST' to '/session'
16:15:45.544 [AsyncHttpClient-1-1] DEBUG org.asynchttpclient.netty.channel.DefaultChannelPool - Entry count for : http://localhost:1300 : 1
16:15:45.544 [AsyncHttpClient-1-1] DEBUG org.asynchttpclient.netty.channel.DefaultChannelPool - Adding Candidate expired Channel [id: 0x2aab7377, L:/127.0.0.1:14924 ! R:localhost/127.0.0.1:1300] isIdleTimeoutExpired=false isRemotelyClosed=true isTtlExpired=false
16:15:45.544 [AsyncHttpClient-1-1] DEBUG org.asynchttpclient.netty.channel.DefaultChannelPool - Closing Idle Channel [id: 0x2aab7377, L:/127.0.0.1:14924 ! R:localhost/127.0.0.1:1300]
16:15:45.544 [AsyncHttpClient-1-1] DEBUG org.asynchttpclient.netty.channel.DefaultChannelPool - Closed 1 connections out of 1 in 0 ms
16:15:47.246 [AsyncHttpClient-1-9] DEBUG org.asynchttpclient.netty.handler.HttpHandler - 

Request DefaultHttpRequest(decodeResult: success, version: HTTP/1.1)
POST /session HTTP/1.1
User-Agent: selenium/4.8.1 (java windows)
Content-Length: 507
Content-Type: application/json; charset=utf-8
host: localhost:42289
accept: */*

Response DefaultHttpResponse(decodeResult: success, version: HTTP/1.1)
HTTP/1.1 200 OK
Content-Length: 859
Content-Type: application/json; charset=utf-8
cache-control: no-cache

16:15:47.246 [AsyncHttpClient-1-9] DEBUG org.asynchttpclient.netty.channel.ChannelManager - Adding key: http://localhost:42289 for channel [id: 0x9d4f290d, L:/127.0.0.1:14944 - R:localhost/127.0.0.1:42289]
16:15:47.255 [AsyncHttpClient-1-2] DEBUG org.asynchttpclient.netty.channel.NettyConnectListener - Using new Channel '[id: 0xd82ea2b4, L:/127.0.0.1:14950 - R:localhost/127.0.0.1:14945]' for 'GET' to '/json/version'
16:15:47.255 [AsyncHttpClient-1-2] DEBUG org.asynchttpclient.netty.handler.HttpHandler - 

Request DefaultFullHttpRequest(decodeResult: success, version: HTTP/1.1, content: EmptyByteBufBE)
GET /json/version HTTP/1.1
User-Agent: selenium/4.8.1 (java windows)
host: localhost:14945
accept: */*

Response DefaultHttpResponse(decodeResult: success, version: HTTP/1.1)
HTTP/1.1 200 OK
Content-Security-Policy: frame-ancestors 'none'
Content-Length: 424
Content-Type: application/json; charset=UTF-8

16:15:47.255 [AsyncHttpClient-1-2] DEBUG org.asynchttpclient.netty.channel.ChannelManager - Adding key: http://localhost:14945 for channel [id: 0xd82ea2b4, L:/127.0.0.1:14950 - R:localhost/127.0.0.1:14945]
16:15:47.257 [AsyncHttpClient-1-3] DEBUG org.asynchttpclient.netty.channel.NettyConnectListener - Using new Channel '[id: 0x81a63eae, L:/127.0.0.1:14951 - R:localhost/127.0.0.1:14945]' for 'GET' to '/devtools/browser/8001435a-4850-460a-a97a-b17c3ae0facf'
16:15:47.258 [AsyncHttpClient-1-3] DEBUG org.asynchttpclient.netty.handler.WebSocketHandler - 

Request DefaultFullHttpRequest(decodeResult: success, version: HTTP/1.1, content: EmptyByteBufBE)
GET /devtools/browser/8001435a-4850-460a-a97a-b17c3ae0facf HTTP/1.1
upgrade: websocket
connection: upgrade
sec-websocket-key: pFXlCCWxHG7cb+HrmE3IMQ==
sec-websocket-version: 13
origin: http://localhost:14945
host: localhost:14945
accept: */*
user-agent: AHC/2.1

Response DefaultHttpResponse(decodeResult: success, version: HTTP/1.1)
HTTP/1.1 101 WebSocket Protocol Handshake
Upgrade: WebSocket
Connection: Upgrade
Sec-WebSocket-Accept: SIon+3NbOlMuc6FQM2olSu2E5Xk=

16:15:47.266 [Forwarding get on session c5d00d0fd7277efdb16aba8a894464e4 to remote] DEBUG org.asynchttpclient.netty.request.NettyRequestSender - Using pooled Channel '[id: 0x9d4f290d, L:/127.0.0.1:14944 - R:localhost/127.0.0.1:42289]' for 'POST' to 'http://localhost:42289/session/c5d00d0fd7277efdb16aba8a894464e4/url'
16:15:47.266 [Forwarding get on session c5d00d0fd7277efdb16aba8a894464e4 to remote] DEBUG org.asynchttpclient.netty.request.NettyRequestSender - Using open Channel [id: 0x9d4f290d, L:/127.0.0.1:14944 - R:localhost/127.0.0.1:42289] for POST '/session/c5d00d0fd7277efdb16aba8a894464e4/url'
16:15:47.743 [AsyncHttpClient-1-1] DEBUG org.asynchttpclient.netty.channel.DefaultChannelPool - Entry count for : http://localhost:14945 : 1
16:15:48.844 [AsyncHttpClient-1-1] DEBUG org.asynchttpclient.netty.channel.DefaultChannelPool - Entry count for : http://localhost:14945 : 1
16:15:49.944 [AsyncHttpClient-1-1] DEBUG org.asynchttpclient.netty.channel.DefaultChannelPool - Entry count for : http://localhost:14945 : 1
16:15:51.044 [AsyncHttpClient-1-1] DEBUG org.asynchttpclient.netty.channel.DefaultChannelPool - Entry count for : http://localhost:14945 : 1
16:15:52.143 [AsyncHttpClient-1-1] DEBUG org.asynchttpclient.netty.channel.DefaultChannelPool - Entry count for : http://localhost:14945 : 1
16:15:53.244 [AsyncHttpClient-1-1] DEBUG org.asynchttpclient.netty.channel.DefaultChannelPool - Entry count for : http://localhost:14945 : 1
16:15:54.351 [AsyncHttpClient-1-1] DEBUG org.asynchttpclient.netty.channel.DefaultChannelPool - Entry count for : http://localhost:14945 : 1
16:15:55.032 [AsyncHttpClient-1-9] DEBUG org.asynchttpclient.netty.handler.HttpHandler - 

Request DefaultHttpRequest(decodeResult: success, version: HTTP/1.1)
POST /session/c5d00d0fd7277efdb16aba8a894464e4/url HTTP/1.1
User-Agent: selenium/4.8.1 (java windows)
Content-Length: 82
Content-Type: application/json; charset=utf-8
host: localhost:42289
accept: */*

Response DefaultHttpResponse(decodeResult: success, version: HTTP/1.1)
HTTP/1.1 200 OK
Content-Length: 14
Content-Type: application/json; charset=utf-8
cache-control: no-cache

16:15:55.032 [AsyncHttpClient-1-9] DEBUG org.asynchttpclient.netty.channel.ChannelManager - Adding key: http://localhost:42289 for channel [id: 0x9d4f290d, L:/127.0.0.1:14944 - R:localhost/127.0.0.1:42289]
16:15:55.034 [Forwarding setTimeout on session c5d00d0fd7277efdb16aba8a894464e4 to remote] DEBUG org.asynchttpclient.netty.request.NettyRequestSender - Using pooled Channel '[id: 0x9d4f290d, L:/127.0.0.1:14944 - R:localhost/127.0.0.1:42289]' for 'POST' to 'http://localhost:42289/session/c5d00d0fd7277efdb16aba8a894464e4/timeouts'
16:15:55.034 [Forwarding setTimeout on session c5d00d0fd7277efdb16aba8a894464e4 to remote] DEBUG org.asynchttpclient.netty.request.NettyRequestSender - Using open Channel [id: 0x9d4f290d, L:/127.0.0.1:14944 - R:localhost/127.0.0.1:42289] for POST '/session/c5d00d0fd7277efdb16aba8a894464e4/timeouts'
16:15:55.049 [AsyncHttpClient-1-9] DEBUG org.asynchttpclient.netty.handler.HttpHandler - 

Request DefaultHttpRequest(decodeResult: success, version: HTTP/1.1)
POST /session/c5d00d0fd7277efdb16aba8a894464e4/timeouts HTTP/1.1
User-Agent: selenium/4.8.1 (java windows)
Content-Length: 22
Content-Type: application/json; charset=utf-8
host: localhost:42289
accept: */*

Response DefaultHttpResponse(decodeResult: success, version: HTTP/1.1)
HTTP/1.1 200 OK
Content-Length: 14
Content-Type: application/json; charset=utf-8
cache-control: no-cache

16:15:55.050 [AsyncHttpClient-1-9] DEBUG org.asynchttpclient.netty.channel.ChannelManager - Adding key: http://localhost:42289 for channel [id: 0x9d4f290d, L:/127.0.0.1:14944 - R:localhost/127.0.0.1:42289]
16:15:55.066 [main] DEBUG net.serenitybdd.core.photography.Darkroom - Opening darkroom
16:15:55.066 [Darkroom Processing Line] DEBUG net.serenitybdd.core.photography.DarkroomProcessingLine - Darkroom processing line starting up
16:15:55.069 [Forwarding getAlertText on session c5d00d0fd7277efdb16aba8a894464e4 to remote] DEBUG org.asynchttpclient.netty.request.NettyRequestSender - Using pooled Channel '[id: 0x9d4f290d, L:/127.0.0.1:14944 - R:localhost/127.0.0.1:42289]' for 'GET' to 'http://localhost:42289/session/c5d00d0fd7277efdb16aba8a894464e4/alert/text'
16:15:55.069 [Forwarding getAlertText on session c5d00d0fd7277efdb16aba8a894464e4 to remote] DEBUG org.asynchttpclient.netty.request.NettyRequestSender - Using open Channel [id: 0x9d4f290d, L:/127.0.0.1:14944 - R:localhost/127.0.0.1:42289] for GET '/session/c5d00d0fd7277efdb16aba8a894464e4/alert/text'
16:15:55.072 [AsyncHttpClient-1-9] DEBUG org.asynchttpclient.netty.handler.HttpHandler - 

Request DefaultFullHttpRequest(decodeResult: success, version: HTTP/1.1, content: EmptyByteBufBE)
GET /session/c5d00d0fd7277efdb16aba8a894464e4/alert/text HTTP/1.1
User-Agent: selenium/4.8.1 (java windows)
Cache-Control: no-cache
Content-Type: application/json; charset=utf-8
host: localhost:42289
accept: */*

Response DefaultHttpResponse(decodeResult: success, version: HTTP/1.1)
HTTP/1.1 404 Not Found
Content-Length: 807
Content-Type: application/json; charset=utf-8
cache-control: no-cache

16:15:55.072 [AsyncHttpClient-1-9] DEBUG org.asynchttpclient.netty.channel.ChannelManager - Adding key: http://localhost:42289 for channel [id: 0x9d4f290d, L:/127.0.0.1:14944 - R:localhost/127.0.0.1:42289]
16:15:55.074 [Forwarding getCurrentUrl on session c5d00d0fd7277efdb16aba8a894464e4 to remote] DEBUG org.asynchttpclient.netty.request.NettyRequestSender - Using pooled Channel '[id: 0x9d4f290d, L:/127.0.0.1:14944 - R:localhost/127.0.0.1:42289]' for 'GET' to 'http://localhost:42289/session/c5d00d0fd7277efdb16aba8a894464e4/url'
16:15:55.074 [Forwarding getCurrentUrl on session c5d00d0fd7277efdb16aba8a894464e4 to remote] DEBUG org.asynchttpclient.netty.request.NettyRequestSender - Using open Channel [id: 0x9d4f290d, L:/127.0.0.1:14944 - R:localhost/127.0.0.1:42289] for GET '/session/c5d00d0fd7277efdb16aba8a894464e4/url'
16:15:55.082 [AsyncHttpClient-1-9] DEBUG org.asynchttpclient.netty.handler.HttpHandler - 

Request DefaultFullHttpRequest(decodeResult: success, version: HTTP/1.1, content: EmptyByteBufBE)
GET /session/c5d00d0fd7277efdb16aba8a894464e4/url HTTP/1.1
User-Agent: selenium/4.8.1 (java windows)
Cache-Control: no-cache
Content-Type: application/json; charset=utf-8
host: localhost:42289
accept: */*

Response DefaultHttpResponse(decodeResult: success, version: HTTP/1.1)
HTTP/1.1 200 OK
Content-Length: 64
Content-Type: application/json; charset=utf-8
cache-control: no-cache

16:15:55.083 [AsyncHttpClient-1-9] DEBUG org.asynchttpclient.netty.channel.ChannelManager - Adding key: http://localhost:42289 for channel [id: 0x9d4f290d, L:/127.0.0.1:14944 - R:localhost/127.0.0.1:42289]
16:15:55.084 [Forwarding screenshot on session c5d00d0fd7277efdb16aba8a894464e4 to remote] DEBUG org.asynchttpclient.netty.request.NettyRequestSender - Using pooled Channel '[id: 0x9d4f290d, L:/127.0.0.1:14944 - R:localhost/127.0.0.1:42289]' for 'GET' to 'http://localhost:42289/session/c5d00d0fd7277efdb16aba8a894464e4/screenshot'
16:15:55.084 [Forwarding screenshot on session c5d00d0fd7277efdb16aba8a894464e4 to remote] DEBUG org.asynchttpclient.netty.request.NettyRequestSender - Using open Channel [id: 0x9d4f290d, L:/127.0.0.1:14944 - R:localhost/127.0.0.1:42289] for GET '/session/c5d00d0fd7277efdb16aba8a894464e4/screenshot'
16:15:55.448 [AsyncHttpClient-1-1] DEBUG org.asynchttpclient.netty.channel.DefaultChannelPool - Entry count for : http://localhost:14945 : 1
16:15:56.543 [AsyncHttpClient-1-1] DEBUG org.asynchttpclient.netty.channel.DefaultChannelPool - Entry count for : http://localhost:14945 : 1
16:15:57.643 [AsyncHttpClient-1-1] DEBUG org.asynchttpclient.netty.channel.DefaultChannelPool - Entry count for : http://localhost:14945 : 1
16:15:58.744 [AsyncHttpClient-1-1] DEBUG org.asynchttpclient.netty.channel.DefaultChannelPool - Entry count for : http://localhost:14945 : 1
16:15:58.762 [AsyncHttpClient-1-9] DEBUG org.asynchttpclient.netty.handler.HttpHandler - 

Request DefaultFullHttpRequest(decodeResult: success, version: HTTP/1.1, content: EmptyByteBufBE)
GET /session/c5d00d0fd7277efdb16aba8a894464e4/screenshot HTTP/1.1
User-Agent: selenium/4.8.1 (java windows)
Cache-Control: no-cache
Content-Type: application/json; charset=utf-8
host: localhost:42289
accept: */*

Response DefaultHttpResponse(decodeResult: success, version: HTTP/1.1)
HTTP/1.1 200 OK
Content-Length: 38696
Content-Type: application/json; charset=utf-8
cache-control: no-cache

16:15:58.763 [AsyncHttpClient-1-9] DEBUG org.asynchttpclient.netty.channel.ChannelManager - Adding key: http://localhost:42289 for channel [id: 0x9d4f290d, L:/127.0.0.1:14944 - R:localhost/127.0.0.1:42289]
16:15:58.767 [main] DEBUG net.serenitybdd.core.photography.Darkroom - Send negative for processing for target\site\serenity\50a5fe1efe87451e29b8c63d90f7d6fae73b450675f0044af0705b30a14328dc.png
16:15:58.767 [main] DEBUG net.thucydides.core.steps.StepInterceptor - STEP DONE: openPage
16:15:58.767 [Darkroom Processing Line] DEBUG net.serenitybdd.core.photography.DarkroomProcessingLine - Processing screenshot image in /var/screenshots/screenshot-3490407778816101708
16:15:58.767 [Darkroom Processing Line] DEBUG net.serenitybdd.core.photography.DarkroomProcessingLine - Saving screenshot to target\site\serenity\50a5fe1efe87451e29b8c63d90f7d6fae73b450675f0044af0705b30a14328dc.png
  &amp#27;[32mGiven &amp#27;[0m&amp#27;[32mI am on the sign in page to test sign out&amp#27;[0m                &amp#27;[90m# Starter.Stepdefitions.SignOutSteps.onLoginPage()&amp#27;[0m
16:15:58.782 [Forwarding getPageSource on session c5d00d0fd7277efdb16aba8a894464e4 to remote] DEBUG org.asynchttpclient.netty.request.NettyRequestSender - Using pooled Channel '[id: 0x9d4f290d, L:/127.0.0.1:14944 - R:localhost/127.0.0.1:42289]' for 'POST' to 'http://localhost:42289/session/c5d00d0fd7277efdb16aba8a894464e4/execute/sync'
16:15:58.782 [Forwarding getPageSource on session c5d00d0fd7277efdb16aba8a894464e4 to remote] DEBUG org.asynchttpclient.netty.request.NettyRequestSender - Using open Channel [id: 0x9d4f290d, L:/127.0.0.1:14944 - R:localhost/127.0.0.1:42289] for POST '/session/c5d00d0fd7277efdb16aba8a894464e4/execute/sync'
16:15:58.852 [AsyncHttpClient-1-9] DEBUG org.asynchttpclient.netty.handler.HttpHandler - 

Request DefaultHttpRequest(decodeResult: success, version: HTTP/1.1)
POST /session/c5d00d0fd7277efdb16aba8a894464e4/execute/sync HTTP/1.1
User-Agent: selenium/4.8.1 (java windows)
Content-Length: 176
Content-Type: application/json; charset=utf-8
host: localhost:42289
accept: */*

Response DefaultHttpResponse(decodeResult: success, version: HTTP/1.1)
HTTP/1.1 200 OK
Content-Length: 5992
Content-Type: application/json; charset=utf-8
cache-control: no-cache

16:15:58.852 [AsyncHttpClient-1-9] DEBUG org.asynchttpclient.netty.channel.ChannelManager - Adding key: http://localhost:42289 for channel [id: 0x9d4f290d, L:/127.0.0.1:14944 - R:localhost/127.0.0.1:42289]
16:15:58.860 [Forwarding getCurrentUrl on session c5d00d0fd7277efdb16aba8a894464e4 to remote] DEBUG org.asynchttpclient.netty.request.NettyRequestSender - Using pooled Channel '[id: 0x9d4f290d, L:/127.0.0.1:14944 - R:localhost/127.0.0.1:42289]' for 'GET' to 'http://localhost:42289/session/c5d00d0fd7277efdb16aba8a894464e4/url'
16:15:58.860 [Forwarding getCurrentUrl on session c5d00d0fd7277efdb16aba8a894464e4 to remote] DEBUG org.asynchttpclient.netty.request.NettyRequestSender - Using open Channel [id: 0x9d4f290d, L:/127.0.0.1:14944 - R:localhost/127.0.0.1:42289] for GET '/session/c5d00d0fd7277efdb16aba8a894464e4/url'
16:15:58.867 [AsyncHttpClient-1-9] DEBUG org.asynchttpclient.netty.handler.HttpHandler - 

Request DefaultFullHttpRequest(decodeResult: success, version: HTTP/1.1, content: EmptyByteBufBE)
GET /session/c5d00d0fd7277efdb16aba8a894464e4/url HTTP/1.1
User-Agent: selenium/4.8.1 (java windows)
Cache-Control: no-cache
Content-Type: application/json; charset=utf-8
host: localhost:42289
accept: */*

Response DefaultHttpResponse(decodeResult: success, version: HTTP/1.1)
HTTP/1.1 200 OK
Content-Length: 64
Content-Type: application/json; charset=utf-8
cache-control: no-cache

16:15:58.867 [AsyncHttpClient-1-9] DEBUG org.asynchttpclient.netty.channel.ChannelManager - Adding key: http://localhost:42289 for channel [id: 0x9d4f290d, L:/127.0.0.1:14944 - R:localhost/127.0.0.1:42289]
16:15:58.882 [Forwarding getAlertText on session c5d00d0fd7277efdb16aba8a894464e4 to remote] DEBUG org.asynchttpclient.netty.request.NettyRequestSender - Using pooled Channel '[id: 0x9d4f290d, L:/127.0.0.1:14944 - R:localhost/127.0.0.1:42289]' for 'GET' to 'http://localhost:42289/session/c5d00d0fd7277efdb16aba8a894464e4/alert/text'
16:15:58.882 [Forwarding getAlertText on session c5d00d0fd7277efdb16aba8a894464e4 to remote] DEBUG org.asynchttpclient.netty.request.NettyRequestSender - Using open Channel [id: 0x9d4f290d, L:/127.0.0.1:14944 - R:localhost/127.0.0.1:42289] for GET '/session/c5d00d0fd7277efdb16aba8a894464e4/alert/text'
16:15:58.884 [AsyncHttpClient-1-9] DEBUG org.asynchttpclient.netty.handler.HttpHandler - 

Request DefaultFullHttpRequest(decodeResult: success, version: HTTP/1.1, content: EmptyByteBufBE)
GET /session/c5d00d0fd7277efdb16aba8a894464e4/alert/text HTTP/1.1
User-Agent: selenium/4.8.1 (java windows)
Cache-Control: no-cache
Content-Type: application/json; charset=utf-8
host: localhost:42289
accept: */*

Response DefaultHttpResponse(decodeResult: success, version: HTTP/1.1)
HTTP/1.1 404 Not Found
Content-Length: 807
Content-Type: application/json; charset=utf-8
cache-control: no-cache

16:15:58.884 [AsyncHttpClient-1-9] DEBUG org.asynchttpclient.netty.channel.ChannelManager - Adding key: http://localhost:42289 for channel [id: 0x9d4f290d, L:/127.0.0.1:14944 - R:localhost/127.0.0.1:42289]
16:15:58.885 [Forwarding getCurrentUrl on session c5d00d0fd7277efdb16aba8a894464e4 to remote] DEBUG org.asynchttpclient.netty.request.NettyRequestSender - Using pooled Channel '[id: 0x9d4f290d, L:/127.0.0.1:14944 - R:localhost/127.0.0.1:42289]' for 'GET' to 'http://localhost:42289/session/c5d00d0fd7277efdb16aba8a894464e4/url'
16:15:58.886 [Forwarding getCurrentUrl on session c5d00d0fd7277efdb16aba8a894464e4 to remote] DEBUG org.asynchttpclient.netty.request.NettyRequestSender - Using open Channel [id: 0x9d4f290d, L:/127.0.0.1:14944 - R:localhost/127.0.0.1:42289] for GET '/session/c5d00d0fd7277efdb16aba8a894464e4/url'
16:15:58.893 [AsyncHttpClient-1-9] DEBUG org.asynchttpclient.netty.handler.HttpHandler - 

Request DefaultFullHttpRequest(decodeResult: success, version: HTTP/1.1, content: EmptyByteBufBE)
GET /session/c5d00d0fd7277efdb16aba8a894464e4/url HTTP/1.1
User-Agent: selenium/4.8.1 (java windows)
Cache-Control: no-cache
Content-Type: application/json; charset=utf-8
host: localhost:42289
accept: */*

Response DefaultHttpResponse(decodeResult: success, version: HTTP/1.1)
HTTP/1.1 200 OK
Content-Length: 64
Content-Type: application/json; charset=utf-8
cache-control: no-cache

16:15:58.894 [AsyncHttpClient-1-9] DEBUG org.asynchttpclient.netty.channel.ChannelManager - Adding key: http://localhost:42289 for channel [id: 0x9d4f290d, L:/127.0.0.1:14944 - R:localhost/127.0.0.1:42289]
16:15:58.896 [Forwarding screenshot on session c5d00d0fd7277efdb16aba8a894464e4 to remote] DEBUG org.asynchttpclient.netty.request.NettyRequestSender - Using pooled Channel '[id: 0x9d4f290d, L:/127.0.0.1:14944 - R:localhost/127.0.0.1:42289]' for 'GET' to 'http://localhost:42289/session/c5d00d0fd7277efdb16aba8a894464e4/screenshot'
16:15:58.897 [Forwarding screenshot on session c5d00d0fd7277efdb16aba8a894464e4 to remote] DEBUG org.asynchttpclient.netty.request.NettyRequestSender - Using open Channel [id: 0x9d4f290d, L:/127.0.0.1:14944 - R:localhost/127.0.0.1:42289] for GET '/session/c5d00d0fd7277efdb16aba8a894464e4/screenshot'
16:15:59.012 [AsyncHttpClient-1-9] DEBUG org.asynchttpclient.netty.handler.HttpHandler - 

Request DefaultFullHttpRequest(decodeResult: success, version: HTTP/1.1, content: EmptyByteBufBE)
GET /session/c5d00d0fd7277efdb16aba8a894464e4/screenshot HTTP/1.1
User-Agent: selenium/4.8.1 (java windows)
Cache-Control: no-cache
Content-Type: application/json; charset=utf-8
host: localhost:42289
accept: */*

Response DefaultHttpResponse(decodeResult: success, version: HTTP/1.1)
HTTP/1.1 200 OK
Content-Length: 125580
Content-Type: application/json; charset=utf-8
cache-control: no-cache

16:15:59.012 [AsyncHttpClient-1-9] DEBUG org.asynchttpclient.netty.channel.ChannelManager - Adding key: http://localhost:42289 for channel [id: 0x9d4f290d, L:/127.0.0.1:14944 - R:localhost/127.0.0.1:42289]
16:15:59.023 [main] DEBUG net.serenitybdd.core.photography.Darkroom - Send negative for processing for target\site\serenity\ccb94ee3b183862011abf47996db7c6ab1ad97fa806bc5f8198c267c124a2f52.png
16:15:59.025 [Forwarding getPageSource on session c5d00d0fd7277efdb16aba8a894464e4 to remote] DEBUG org.asynchttpclient.netty.request.NettyRequestSender - Using pooled Channel '[id: 0x9d4f290d, L:/127.0.0.1:14944 - R:localhost/127.0.0.1:42289]' for 'POST' to 'http://localhost:42289/session/c5d00d0fd7277efdb16aba8a894464e4/execute/sync'
16:15:59.025 [Forwarding getPageSource on session c5d00d0fd7277efdb16aba8a894464e4 to remote] DEBUG org.asynchttpclient.netty.request.NettyRequestSender - Using open Channel [id: 0x9d4f290d, L:/127.0.0.1:14944 - R:localhost/127.0.0.1:42289] for POST '/session/c5d00d0fd7277efdb16aba8a894464e4/execute/sync'
16:15:59.031 [AsyncHttpClient-1-9] DEBUG org.asynchttpclient.netty.handler.HttpHandler - 

Request DefaultHttpRequest(decodeResult: success, version: HTTP/1.1)
POST /session/c5d00d0fd7277efdb16aba8a894464e4/execute/sync HTTP/1.1
User-Agent: selenium/4.8.1 (java windows)
Content-Length: 176
Content-Type: application/json; charset=utf-8
host: localhost:42289
accept: */*

Response DefaultHttpResponse(decodeResult: success, version: HTTP/1.1)
HTTP/1.1 200 OK
Content-Length: 5992
Content-Type: application/json; charset=utf-8
cache-control: no-cache

16:15:59.031 [AsyncHttpClient-1-9] DEBUG org.asynchttpclient.netty.channel.ChannelManager - Adding key: http://localhost:42289 for channel [id: 0x9d4f290d, L:/127.0.0.1:14944 - R:localhost/127.0.0.1:42289]
16:15:59.033 [Forwarding getCurrentUrl on session c5d00d0fd7277efdb16aba8a894464e4 to remote] DEBUG org.asynchttpclient.netty.request.NettyRequestSender - Using pooled Channel '[id: 0x9d4f290d, L:/127.0.0.1:14944 - R:localhost/127.0.0.1:42289]' for 'GET' to 'http://localhost:42289/session/c5d00d0fd7277efdb16aba8a894464e4/url'
16:15:59.033 [Forwarding getCurrentUrl on session c5d00d0fd7277efdb16aba8a894464e4 to remote] DEBUG org.asynchttpclient.netty.request.NettyRequestSender - Using open Channel [id: 0x9d4f290d, L:/127.0.0.1:14944 - R:localhost/127.0.0.1:42289] for GET '/session/c5d00d0fd7277efdb16aba8a894464e4/url'
16:15:59.037 [AsyncHttpClient-1-9] DEBUG org.asynchttpclient.netty.handler.HttpHandler - 

Request DefaultFullHttpRequest(decodeResult: success, version: HTTP/1.1, content: EmptyByteBufBE)
GET /session/c5d00d0fd7277efdb16aba8a894464e4/url HTTP/1.1
User-Agent: selenium/4.8.1 (java windows)
Cache-Control: no-cache
Content-Type: application/json; charset=utf-8
host: localhost:42289
accept: */*

Response DefaultHttpResponse(decodeResult: success, version: HTTP/1.1)
HTTP/1.1 200 OK
Content-Length: 64
Content-Type: application/json; charset=utf-8
cache-control: no-cache

16:15:59.037 [AsyncHttpClient-1-9] DEBUG org.asynchttpclient.netty.channel.ChannelManager - Adding key: http://localhost:42289 for channel [id: 0x9d4f290d, L:/127.0.0.1:14944 - R:localhost/127.0.0.1:42289]
16:15:59.039 [main] DEBUG net.thucydides.core.steps.StepInterceptor - STARTING STEP: SignOutSteps.iinputEmail - iinputEmail
16:15:59.042 [Forwarding findElement on session c5d00d0fd7277efdb16aba8a894464e4 to remote] DEBUG org.asynchttpclient.netty.request.NettyRequestSender - Using pooled Channel '[id: 0x9d4f290d, L:/127.0.0.1:14944 - R:localhost/127.0.0.1:42289]' for 'POST' to 'http://localhost:42289/session/c5d00d0fd7277efdb16aba8a894464e4/element'
16:15:59.042 [Forwarding findElement on session c5d00d0fd7277efdb16aba8a894464e4 to remote] DEBUG org.asynchttpclient.netty.request.NettyRequestSender - Using open Channel [id: 0x9d4f290d, L:/127.0.0.1:14944 - R:localhost/127.0.0.1:42289] for POST '/session/c5d00d0fd7277efdb16aba8a894464e4/element'
16:15:59.055 [AsyncHttpClient-1-9] DEBUG org.asynchttpclient.netty.handler.HttpHandler - 

Request DefaultHttpRequest(decodeResult: success, version: HTTP/1.1)
POST /session/c5d00d0fd7277efdb16aba8a894464e4/element HTTP/1.1
User-Agent: selenium/4.8.1 (java windows)
Content-Length: 67
Content-Type: application/json; charset=utf-8
host: localhost:42289
accept: */*

Response DefaultHttpResponse(decodeResult: success, version: HTTP/1.1)
HTTP/1.1 200 OK
Content-Length: 94
Content-Type: application/json; charset=utf-8
cache-control: no-cache

16:15:59.055 [AsyncHttpClient-1-9] DEBUG org.asynchttpclient.netty.channel.ChannelManager - Adding key: http://localhost:42289 for channel [id: 0x9d4f290d, L:/127.0.0.1:14944 - R:localhost/127.0.0.1:42289]
16:15:59.056 [Forwarding clearElement on session c5d00d0fd7277efdb16aba8a894464e4 to remote] DEBUG org.asynchttpclient.netty.request.NettyRequestSender - Using pooled Channel '[id: 0x9d4f290d, L:/127.0.0.1:14944 - R:localhost/127.0.0.1:42289]' for 'POST' to 'http://localhost:42289/session/c5d00d0fd7277efdb16aba8a894464e4/element/3F2526572AD069CEEB641145AE8A0F9B_element_7/clear'
16:15:59.056 [Forwarding clearElement on session c5d00d0fd7277efdb16aba8a894464e4 to remote] DEBUG org.asynchttpclient.netty.request.NettyRequestSender - Using open Channel [id: 0x9d4f290d, L:/127.0.0.1:14944 - R:localhost/127.0.0.1:42289] for POST '/session/c5d00d0fd7277efdb16aba8a894464e4/element/3F2526572AD069CEEB641145AE8A0F9B_element_7/clear'
16:15:59.097 [AsyncHttpClient-1-9] DEBUG org.asynchttpclient.netty.handler.HttpHandler - 

Request DefaultHttpRequest(decodeResult: success, version: HTTP/1.1)
POST /session/c5d00d0fd7277efdb16aba8a894464e4/element/3F2526572AD069CEEB641145AE8A0F9B_element_7/clear HTTP/1.1
User-Agent: selenium/4.8.1 (java windows)
Content-Length: 56
Content-Type: application/json; charset=utf-8
host: localhost:42289
accept: */*

Response DefaultHttpResponse(decodeResult: success, version: HTTP/1.1)
HTTP/1.1 200 OK
Content-Length: 14
Content-Type: application/json; charset=utf-8
cache-control: no-cache

16:15:59.097 [AsyncHttpClient-1-9] DEBUG org.asynchttpclient.netty.channel.ChannelManager - Adding key: http://localhost:42289 for channel [id: 0x9d4f290d, L:/127.0.0.1:14944 - R:localhost/127.0.0.1:42289]
16:15:59.098 [Forwarding sendKeysToElement on session c5d00d0fd7277efdb16aba8a894464e4 to remote] DEBUG org.asynchttpclient.netty.request.NettyRequestSender - Using pooled Channel '[id: 0x9d4f290d, L:/127.0.0.1:14944 - R:localhost/127.0.0.1:42289]' for 'POST' to 'http://localhost:42289/session/c5d00d0fd7277efdb16aba8a894464e4/element/3F2526572AD069CEEB641145AE8A0F9B_element_7/value'
16:15:59.099 [Forwarding sendKeysToElement on session c5d00d0fd7277efdb16aba8a894464e4 to remote] DEBUG org.asynchttpclient.netty.request.NettyRequestSender - Using open Channel [id: 0x9d4f290d, L:/127.0.0.1:14944 - R:localhost/127.0.0.1:42289] for POST '/session/c5d00d0fd7277efdb16aba8a894464e4/element/3F2526572AD069CEEB641145AE8A0F9B_element_7/value'
16:15:59.351 [AsyncHttpClient-1-9] DEBUG org.asynchttpclient.netty.handler.HttpHandler - 

Request DefaultHttpRequest(decodeResult: success, version: HTTP/1.1)
POST /session/c5d00d0fd7277efdb16aba8a894464e4/element/3F2526572AD069CEEB641145AE8A0F9B_element_7/value HTTP/1.1
User-Agent: selenium/4.8.1 (java windows)
Content-Length: 257
Content-Type: application/json; charset=utf-8
host: localhost:42289
accept: */*

Response DefaultHttpResponse(decodeResult: success, version: HTTP/1.1)
HTTP/1.1 200 OK
Content-Length: 14
Content-Type: application/json; charset=utf-8
cache-control: no-cache

16:15:59.351 [AsyncHttpClient-1-9] DEBUG org.asynchttpclient.netty.channel.ChannelManager - Adding key: http://localhost:42289 for channel [id: 0x9d4f290d, L:/127.0.0.1:14944 - R:localhost/127.0.0.1:42289]
16:15:59.367 [Forwarding getAlertText on session c5d00d0fd7277efdb16aba8a894464e4 to remote] DEBUG org.asynchttpclient.netty.request.NettyRequestSender - Using pooled Channel '[id: 0x9d4f290d, L:/127.0.0.1:14944 - R:localhost/127.0.0.1:42289]' for 'GET' to 'http://localhost:42289/session/c5d00d0fd7277efdb16aba8a894464e4/alert/text'
16:15:59.367 [Forwarding getAlertText on session c5d00d0fd7277efdb16aba8a894464e4 to remote] DEBUG org.asynchttpclient.netty.request.NettyRequestSender - Using open Channel [id: 0x9d4f290d, L:/127.0.0.1:14944 - R:localhost/127.0.0.1:42289] for GET '/session/c5d00d0fd7277efdb16aba8a894464e4/alert/text'
16:15:59.368 [AsyncHttpClient-1-9] DEBUG org.asynchttpclient.netty.handler.HttpHandler - 

Request DefaultFullHttpRequest(decodeResult: success, version: HTTP/1.1, content: EmptyByteBufBE)
GET /session/c5d00d0fd7277efdb16aba8a894464e4/alert/text HTTP/1.1
User-Agent: selenium/4.8.1 (java windows)
Cache-Control: no-cache
Content-Type: application/json; charset=utf-8
host: localhost:42289
accept: */*

Response DefaultHttpResponse(decodeResult: success, version: HTTP/1.1)
HTTP/1.1 404 Not Found
Content-Length: 807
Content-Type: application/json; charset=utf-8
cache-control: no-cache

16:15:59.369 [AsyncHttpClient-1-9] DEBUG org.asynchttpclient.netty.channel.ChannelManager - Adding key: http://localhost:42289 for channel [id: 0x9d4f290d, L:/127.0.0.1:14944 - R:localhost/127.0.0.1:42289]
16:15:59.370 [Forwarding getCurrentUrl on session c5d00d0fd7277efdb16aba8a894464e4 to remote] DEBUG org.asynchttpclient.netty.request.NettyRequestSender - Using pooled Channel '[id: 0x9d4f290d, L:/127.0.0.1:14944 - R:localhost/127.0.0.1:42289]' for 'GET' to 'http://localhost:42289/session/c5d00d0fd7277efdb16aba8a894464e4/url'
16:15:59.370 [Forwarding getCurrentUrl on session c5d00d0fd7277efdb16aba8a894464e4 to remote] DEBUG org.asynchttpclient.netty.request.NettyRequestSender - Using open Channel [id: 0x9d4f290d, L:/127.0.0.1:14944 - R:localhost/127.0.0.1:42289] for GET '/session/c5d00d0fd7277efdb16aba8a894464e4/url'
16:15:59.374 [AsyncHttpClient-1-9] DEBUG org.asynchttpclient.netty.handler.HttpHandler - 

Request DefaultFullHttpRequest(decodeResult: success, version: HTTP/1.1, content: EmptyByteBufBE)
GET /session/c5d00d0fd7277efdb16aba8a894464e4/url HTTP/1.1
User-Agent: selenium/4.8.1 (java windows)
Cache-Control: no-cache
Content-Type: application/json; charset=utf-8
host: localhost:42289
accept: */*

Response DefaultHttpResponse(decodeResult: success, version: HTTP/1.1)
HTTP/1.1 200 OK
Content-Length: 64
Content-Type: application/json; charset=utf-8
cache-control: no-cache

16:15:59.375 [AsyncHttpClient-1-9] DEBUG org.asynchttpclient.netty.channel.ChannelManager - Adding key: http://localhost:42289 for channel [id: 0x9d4f290d, L:/127.0.0.1:14944 - R:localhost/127.0.0.1:42289]
16:15:59.375 [Forwarding screenshot on session c5d00d0fd7277efdb16aba8a894464e4 to remote] DEBUG org.asynchttpclient.netty.request.NettyRequestSender - Using pooled Channel '[id: 0x9d4f290d, L:/127.0.0.1:14944 - R:localhost/127.0.0.1:42289]' for 'GET' to 'http://localhost:42289/session/c5d00d0fd7277efdb16aba8a894464e4/screenshot'
16:15:59.375 [Forwarding screenshot on session c5d00d0fd7277efdb16aba8a894464e4 to remote] DEBUG org.asynchttpclient.netty.request.NettyRequestSender - Using open Channel [id: 0x9d4f290d, L:/127.0.0.1:14944 - R:localhost/127.0.0.1:42289] for GET '/session/c5d00d0fd7277efdb16aba8a894464e4/screenshot'
16:15:59.492 [AsyncHttpClient-1-9] DEBUG org.asynchttpclient.netty.handler.HttpHandler - 

Request DefaultFullHttpRequest(decodeResult: success, version: HTTP/1.1, content: EmptyByteBufBE)
GET /session/c5d00d0fd7277efdb16aba8a894464e4/screenshot HTTP/1.1
User-Agent: selenium/4.8.1 (java windows)
Cache-Control: no-cache
Content-Type: application/json; charset=utf-8
host: localhost:42289
accept: */*

Response DefaultHttpResponse(decodeResult: success, version: HTTP/1.1)
HTTP/1.1 200 OK
Content-Length: 126860
Content-Type: application/json; charset=utf-8
cache-control: no-cache

16:15:59.492 [AsyncHttpClient-1-9] DEBUG org.asynchttpclient.netty.channel.ChannelManager - Adding key: http://localhost:42289 for channel [id: 0x9d4f290d, L:/127.0.0.1:14944 - R:localhost/127.0.0.1:42289]
16:15:59.499 [main] DEBUG net.serenitybdd.core.photography.Darkroom - Send negative for processing for target\site\serenity\8ea53f2fd0462607c1a1f7d4f2d323be033f245facd593f5983c52b2a015fa62.png
16:15:59.499 [main] DEBUG net.thucydides.core.steps.StepInterceptor - STEP DONE: iinputEmail
  &amp#27;[32mWhen &amp#27;[0m&amp#27;[32mI input email to sign in&amp#27;[0m                                  &amp#27;[90m# Starter.Stepdefitions.SignOutSteps.iinputEmail()&amp#27;[0m
16:15:59.509 [Forwarding getPageSource on session c5d00d0fd7277efdb16aba8a894464e4 to remote] DEBUG org.asynchttpclient.netty.request.NettyRequestSender - Using pooled Channel '[id: 0x9d4f290d, L:/127.0.0.1:14944 - R:localhost/127.0.0.1:42289]' for 'POST' to 'http://localhost:42289/session/c5d00d0fd7277efdb16aba8a894464e4/execute/sync'
16:15:59.509 [Forwarding getPageSource on session c5d00d0fd7277efdb16aba8a894464e4 to remote] DEBUG org.asynchttpclient.netty.request.NettyRequestSender - Using open Channel [id: 0x9d4f290d, L:/127.0.0.1:14944 - R:localhost/127.0.0.1:42289] for POST '/session/c5d00d0fd7277efdb16aba8a894464e4/execute/sync'
16:15:59.513 [AsyncHttpClient-1-9] DEBUG org.asynchttpclient.netty.handler.HttpHandler - 

Request DefaultHttpRequest(decodeResult: success, version: HTTP/1.1)
POST /session/c5d00d0fd7277efdb16aba8a894464e4/execute/sync HTTP/1.1
User-Agent: selenium/4.8.1 (java windows)
Content-Length: 176
Content-Type: application/json; charset=utf-8
host: localhost:42289
accept: */*

Response DefaultHttpResponse(decodeResult: success, version: HTTP/1.1)
HTTP/1.1 200 OK
Content-Length: 6025
Content-Type: application/json; charset=utf-8
cache-control: no-cache

16:15:59.514 [AsyncHttpClient-1-9] DEBUG org.asynchttpclient.netty.channel.ChannelManager - Adding key: http://localhost:42289 for channel [id: 0x9d4f290d, L:/127.0.0.1:14944 - R:localhost/127.0.0.1:42289]
16:15:59.516 [Forwarding getCurrentUrl on session c5d00d0fd7277efdb16aba8a894464e4 to remote] DEBUG org.asynchttpclient.netty.request.NettyRequestSender - Using pooled Channel '[id: 0x9d4f290d, L:/127.0.0.1:14944 - R:localhost/127.0.0.1:42289]' for 'GET' to 'http://localhost:42289/session/c5d00d0fd7277efdb16aba8a894464e4/url'
16:15:59.516 [Forwarding getCurrentUrl on session c5d00d0fd7277efdb16aba8a894464e4 to remote] DEBUG org.asynchttpclient.netty.request.NettyRequestSender - Using open Channel [id: 0x9d4f290d, L:/127.0.0.1:14944 - R:localhost/127.0.0.1:42289] for GET '/session/c5d00d0fd7277efdb16aba8a894464e4/url'
16:15:59.520 [AsyncHttpClient-1-9] DEBUG org.asynchttpclient.netty.handler.HttpHandler - 

Request DefaultFullHttpRequest(decodeResult: success, version: HTTP/1.1, content: EmptyByteBufBE)
GET /session/c5d00d0fd7277efdb16aba8a894464e4/url HTTP/1.1
User-Agent: selenium/4.8.1 (java windows)
Cache-Control: no-cache
Content-Type: application/json; charset=utf-8
host: localhost:42289
accept: */*

Response DefaultHttpResponse(decodeResult: success, version: HTTP/1.1)
HTTP/1.1 200 OK
Content-Length: 64
Content-Type: application/json; charset=utf-8
cache-control: no-cache

16:15:59.520 [AsyncHttpClient-1-9] DEBUG org.asynchttpclient.netty.channel.ChannelManager - Adding key: http://localhost:42289 for channel [id: 0x9d4f290d, L:/127.0.0.1:14944 - R:localhost/127.0.0.1:42289]
16:15:59.529 [Forwarding getPageSource on session c5d00d0fd7277efdb16aba8a894464e4 to remote] DEBUG org.asynchttpclient.netty.request.NettyRequestSender - Using pooled Channel '[id: 0x9d4f290d, L:/127.0.0.1:14944 - R:localhost/127.0.0.1:42289]' for 'POST' to 'http://localhost:42289/session/c5d00d0fd7277efdb16aba8a894464e4/execute/sync'
16:15:59.529 [Forwarding getPageSource on session c5d00d0fd7277efdb16aba8a894464e4 to remote] DEBUG org.asynchttpclient.netty.request.NettyRequestSender - Using open Channel [id: 0x9d4f290d, L:/127.0.0.1:14944 - R:localhost/127.0.0.1:42289] for POST '/session/c5d00d0fd7277efdb16aba8a894464e4/execute/sync'
16:15:59.534 [AsyncHttpClient-1-9] DEBUG org.asynchttpclient.netty.handler.HttpHandler - 

Request DefaultHttpRequest(decodeResult: success, version: HTTP/1.1)
POST /session/c5d00d0fd7277efdb16aba8a894464e4/execute/sync HTTP/1.1
User-Agent: selenium/4.8.1 (java windows)
Content-Length: 176
Content-Type: application/json; charset=utf-8
host: localhost:42289
accept: */*

Response DefaultHttpResponse(decodeResult: success, version: HTTP/1.1)
HTTP/1.1 200 OK
Content-Length: 6025
Content-Type: application/json; charset=utf-8
cache-control: no-cache

16:15:59.534 [AsyncHttpClient-1-9] DEBUG org.asynchttpclient.netty.channel.ChannelManager - Adding key: http://localhost:42289 for channel [id: 0x9d4f290d, L:/127.0.0.1:14944 - R:localhost/127.0.0.1:42289]
16:15:59.537 [Forwarding getCurrentUrl on session c5d00d0fd7277efdb16aba8a894464e4 to remote] DEBUG org.asynchttpclient.netty.request.NettyRequestSender - Using pooled Channel '[id: 0x9d4f290d, L:/127.0.0.1:14944 - R:localhost/127.0.0.1:42289]' for 'GET' to 'http://localhost:42289/session/c5d00d0fd7277efdb16aba8a894464e4/url'
16:15:59.537 [Forwarding getCurrentUrl on session c5d00d0fd7277efdb16aba8a894464e4 to remote] DEBUG org.asynchttpclient.netty.request.NettyRequestSender - Using open Channel [id: 0x9d4f290d, L:/127.0.0.1:14944 - R:localhost/127.0.0.1:42289] for GET '/session/c5d00d0fd7277efdb16aba8a894464e4/url'
16:15:59.541 [AsyncHttpClient-1-9] DEBUG org.asynchttpclient.netty.handler.HttpHandler - 

Request DefaultFullHttpRequest(decodeResult: success, version: HTTP/1.1, content: EmptyByteBufBE)
GET /session/c5d00d0fd7277efdb16aba8a894464e4/url HTTP/1.1
User-Agent: selenium/4.8.1 (java windows)
Cache-Control: no-cache
Content-Type: application/json; charset=utf-8
host: localhost:42289
accept: */*

Response DefaultHttpResponse(decodeResult: success, version: HTTP/1.1)
HTTP/1.1 200 OK
Content-Length: 64
Content-Type: application/json; charset=utf-8
cache-control: no-cache

16:15:59.541 [AsyncHttpClient-1-9] DEBUG org.asynchttpclient.netty.channel.ChannelManager - Adding key: http://localhost:42289 for channel [id: 0x9d4f290d, L:/127.0.0.1:14944 - R:localhost/127.0.0.1:42289]
16:15:59.544 [main] DEBUG net.thucydides.core.steps.StepInterceptor - STARTING STEP: SignOutSteps.iinputPassword - iinputPassword
16:15:59.549 [Forwarding findElement on session c5d00d0fd7277efdb16aba8a894464e4 to remote] DEBUG org.asynchttpclient.netty.request.NettyRequestSender - Using pooled Channel '[id: 0x9d4f290d, L:/127.0.0.1:14944 - R:localhost/127.0.0.1:42289]' for 'POST' to 'http://localhost:42289/session/c5d00d0fd7277efdb16aba8a894464e4/element'
16:15:59.549 [Forwarding findElement on session c5d00d0fd7277efdb16aba8a894464e4 to remote] DEBUG org.asynchttpclient.netty.request.NettyRequestSender - Using open Channel [id: 0x9d4f290d, L:/127.0.0.1:14944 - R:localhost/127.0.0.1:42289] for POST '/session/c5d00d0fd7277efdb16aba8a894464e4/element'
16:15:59.564 [AsyncHttpClient-1-9] DEBUG org.asynchttpclient.netty.handler.HttpHandler - 

Request DefaultHttpRequest(decodeResult: success, version: HTTP/1.1)
POST /session/c5d00d0fd7277efdb16aba8a894464e4/element HTTP/1.1
User-Agent: selenium/4.8.1 (java windows)
Content-Length: 70
Content-Type: application/json; charset=utf-8
host: localhost:42289
accept: */*

Response DefaultHttpResponse(decodeResult: success, version: HTTP/1.1)
HTTP/1.1 200 OK
Content-Length: 95
Content-Type: application/json; charset=utf-8
cache-control: no-cache

16:15:59.564 [AsyncHttpClient-1-9] DEBUG org.asynchttpclient.netty.channel.ChannelManager - Adding key: http://localhost:42289 for channel [id: 0x9d4f290d, L:/127.0.0.1:14944 - R:localhost/127.0.0.1:42289]
16:15:59.565 [Forwarding clearElement on session c5d00d0fd7277efdb16aba8a894464e4 to remote] DEBUG org.asynchttpclient.netty.request.NettyRequestSender - Using pooled Channel '[id: 0x9d4f290d, L:/127.0.0.1:14944 - R:localhost/127.0.0.1:42289]' for 'POST' to 'http://localhost:42289/session/c5d00d0fd7277efdb16aba8a894464e4/element/3F2526572AD069CEEB641145AE8A0F9B_element_10/clear'
16:15:59.565 [Forwarding clearElement on session c5d00d0fd7277efdb16aba8a894464e4 to remote] DEBUG org.asynchttpclient.netty.request.NettyRequestSender - Using open Channel [id: 0x9d4f290d, L:/127.0.0.1:14944 - R:localhost/127.0.0.1:42289] for POST '/session/c5d00d0fd7277efdb16aba8a894464e4/element/3F2526572AD069CEEB641145AE8A0F9B_element_10/clear'
16:15:59.593 [AsyncHttpClient-1-9] DEBUG org.asynchttpclient.netty.handler.HttpHandler - 

Request DefaultHttpRequest(decodeResult: success, version: HTTP/1.1)
POST /session/c5d00d0fd7277efdb16aba8a894464e4/element/3F2526572AD069CEEB641145AE8A0F9B_element_10/clear HTTP/1.1
User-Agent: selenium/4.8.1 (java windows)
Content-Length: 57
Content-Type: application/json; charset=utf-8
host: localhost:42289
accept: */*

Response DefaultHttpResponse(decodeResult: success, version: HTTP/1.1)
HTTP/1.1 200 OK
Content-Length: 14
Content-Type: application/json; charset=utf-8
cache-control: no-cache

16:15:59.593 [AsyncHttpClient-1-9] DEBUG org.asynchttpclient.netty.channel.ChannelManager - Adding key: http://localhost:42289 for channel [id: 0x9d4f290d, L:/127.0.0.1:14944 - R:localhost/127.0.0.1:42289]
16:15:59.595 [Forwarding sendKeysToElement on session c5d00d0fd7277efdb16aba8a894464e4 to remote] DEBUG org.asynchttpclient.netty.request.NettyRequestSender - Using pooled Channel '[id: 0x9d4f290d, L:/127.0.0.1:14944 - R:localhost/127.0.0.1:42289]' for 'POST' to 'http://localhost:42289/session/c5d00d0fd7277efdb16aba8a894464e4/element/3F2526572AD069CEEB641145AE8A0F9B_element_10/value'
16:15:59.595 [Forwarding sendKeysToElement on session c5d00d0fd7277efdb16aba8a894464e4 to remote] DEBUG org.asynchttpclient.netty.request.NettyRequestSender - Using open Channel [id: 0x9d4f290d, L:/127.0.0.1:14944 - R:localhost/127.0.0.1:42289] for POST '/session/c5d00d0fd7277efdb16aba8a894464e4/element/3F2526572AD069CEEB641145AE8A0F9B_element_10/value'
16:15:59.743 [AsyncHttpClient-1-9] DEBUG org.asynchttpclient.netty.handler.HttpHandler - 

Request DefaultHttpRequest(decodeResult: success, version: HTTP/1.1)
POST /session/c5d00d0fd7277efdb16aba8a894464e4/element/3F2526572AD069CEEB641145AE8A0F9B_element_10/value HTTP/1.1
User-Agent: selenium/4.8.1 (java windows)
Content-Length: 198
Content-Type: application/json; charset=utf-8
host: localhost:42289
accept: */*

Response DefaultHttpResponse(decodeResult: success, version: HTTP/1.1)
HTTP/1.1 200 OK
Content-Length: 14
Content-Type: application/json; charset=utf-8
cache-control: no-cache

16:15:59.743 [AsyncHttpClient-1-9] DEBUG org.asynchttpclient.netty.channel.ChannelManager - Adding key: http://localhost:42289 for channel [id: 0x9d4f290d, L:/127.0.0.1:14944 - R:localhost/127.0.0.1:42289]
16:15:59.752 [Forwarding getAlertText on session c5d00d0fd7277efdb16aba8a894464e4 to remote] DEBUG org.asynchttpclient.netty.request.NettyRequestSender - Using pooled Channel '[id: 0x9d4f290d, L:/127.0.0.1:14944 - R:localhost/127.0.0.1:42289]' for 'GET' to 'http://localhost:42289/session/c5d00d0fd7277efdb16aba8a894464e4/alert/text'
16:15:59.752 [Forwarding getAlertText on session c5d00d0fd7277efdb16aba8a894464e4 to remote] DEBUG org.asynchttpclient.netty.request.NettyRequestSender - Using open Channel [id: 0x9d4f290d, L:/127.0.0.1:14944 - R:localhost/127.0.0.1:42289] for GET '/session/c5d00d0fd7277efdb16aba8a894464e4/alert/text'
16:15:59.753 [AsyncHttpClient-1-9] DEBUG org.asynchttpclient.netty.handler.HttpHandler - 

Request DefaultFullHttpRequest(decodeResult: success, version: HTTP/1.1, content: EmptyByteBufBE)
GET /session/c5d00d0fd7277efdb16aba8a894464e4/alert/text HTTP/1.1
User-Agent: selenium/4.8.1 (java windows)
Cache-Control: no-cache
Content-Type: application/json; charset=utf-8
host: localhost:42289
accept: */*

Response DefaultHttpResponse(decodeResult: success, version: HTTP/1.1)
HTTP/1.1 404 Not Found
Content-Length: 807
Content-Type: application/json; charset=utf-8
cache-control: no-cache

16:15:59.753 [AsyncHttpClient-1-9] DEBUG org.asynchttpclient.netty.channel.ChannelManager - Adding key: http://localhost:42289 for channel [id: 0x9d4f290d, L:/127.0.0.1:14944 - R:localhost/127.0.0.1:42289]
16:15:59.754 [Forwarding getCurrentUrl on session c5d00d0fd7277efdb16aba8a894464e4 to remote] DEBUG org.asynchttpclient.netty.request.NettyRequestSender - Using pooled Channel '[id: 0x9d4f290d, L:/127.0.0.1:14944 - R:localhost/127.0.0.1:42289]' for 'GET' to 'http://localhost:42289/session/c5d00d0fd7277efdb16aba8a894464e4/url'
16:15:59.754 [Forwarding getCurrentUrl on session c5d00d0fd7277efdb16aba8a894464e4 to remote] DEBUG org.asynchttpclient.netty.request.NettyRequestSender - Using open Channel [id: 0x9d4f290d, L:/127.0.0.1:14944 - R:localhost/127.0.0.1:42289] for GET '/session/c5d00d0fd7277efdb16aba8a894464e4/url'
16:15:59.766 [AsyncHttpClient-1-9] DEBUG org.asynchttpclient.netty.handler.HttpHandler - 

Request DefaultFullHttpRequest(decodeResult: success, version: HTTP/1.1, content: EmptyByteBufBE)
GET /session/c5d00d0fd7277efdb16aba8a894464e4/url HTTP/1.1
User-Agent: selenium/4.8.1 (java windows)
Cache-Control: no-cache
Content-Type: application/json; charset=utf-8
host: localhost:42289
accept: */*

Response DefaultHttpResponse(decodeResult: success, version: HTTP/1.1)
HTTP/1.1 200 OK
Content-Length: 64
Content-Type: application/json; charset=utf-8
cache-control: no-cache

16:15:59.766 [AsyncHttpClient-1-9] DEBUG org.asynchttpclient.netty.channel.ChannelManager - Adding key: http://localhost:42289 for channel [id: 0x9d4f290d, L:/127.0.0.1:14944 - R:localhost/127.0.0.1:42289]
16:15:59.766 [Forwarding screenshot on session c5d00d0fd7277efdb16aba8a894464e4 to remote] DEBUG org.asynchttpclient.netty.request.NettyRequestSender - Using pooled Channel '[id: 0x9d4f290d, L:/127.0.0.1:14944 - R:localhost/127.0.0.1:42289]' for 'GET' to 'http://localhost:42289/session/c5d00d0fd7277efdb16aba8a894464e4/screenshot'
16:15:59.769 [Forwarding screenshot on session c5d00d0fd7277efdb16aba8a894464e4 to remote] DEBUG org.asynchttpclient.netty.request.NettyRequestSender - Using open Channel [id: 0x9d4f290d, L:/127.0.0.1:14944 - R:localhost/127.0.0.1:42289] for GET '/session/c5d00d0fd7277efdb16aba8a894464e4/screenshot'
16:15:59.844 [AsyncHttpClient-1-1] DEBUG org.asynchttpclient.netty.channel.DefaultChannelPool - Entry count for : http://localhost:14945 : 1
16:15:59.867 [AsyncHttpClient-1-9] DEBUG org.asynchttpclient.netty.handler.HttpHandler - 

Request DefaultFullHttpRequest(decodeResult: success, version: HTTP/1.1, content: EmptyByteBufBE)
GET /session/c5d00d0fd7277efdb16aba8a894464e4/screenshot HTTP/1.1
User-Agent: selenium/4.8.1 (java windows)
Cache-Control: no-cache
Content-Type: application/json; charset=utf-8
host: localhost:42289
accept: */*

Response DefaultHttpResponse(decodeResult: success, version: HTTP/1.1)
HTTP/1.1 200 OK
Content-Length: 124764
Content-Type: application/json; charset=utf-8
cache-control: no-cache

16:15:59.868 [AsyncHttpClient-1-9] DEBUG org.asynchttpclient.netty.channel.ChannelManager - Adding key: http://localhost:42289 for channel [id: 0x9d4f290d, L:/127.0.0.1:14944 - R:localhost/127.0.0.1:42289]
16:15:59.874 [main] DEBUG net.serenitybdd.core.photography.Darkroom - Send negative for processing for target\site\serenity\30011715965d0a0e90d42f833eb7ce44bfe0029ac091c76fd4cb815db5e1ca9b.png
16:15:59.874 [main] DEBUG net.thucydides.core.steps.StepInterceptor - STEP DONE: iinputPassword
  &amp#27;[32mAnd &amp#27;[0m&amp#27;[32mI input password to sign in&amp#27;[0m                                &amp#27;[90m# Starter.Stepdefitions.SignOutSteps.iinputPassword()&amp#27;[0m
16:15:59.874 [Darkroom Processing Line] DEBUG net.serenitybdd.core.photography.DarkroomProcessingLine - Processing screenshot image in /var/screenshots/screenshot-8983138762893465176
16:15:59.875 [Darkroom Processing Line] DEBUG net.serenitybdd.core.photography.DarkroomProcessingLine - Saving screenshot to target\site\serenity\30011715965d0a0e90d42f833eb7ce44bfe0029ac091c76fd4cb815db5e1ca9b.png
16:15:59.885 [Forwarding getPageSource on session c5d00d0fd7277efdb16aba8a894464e4 to remote] DEBUG org.asynchttpclient.netty.request.NettyRequestSender - Using pooled Channel '[id: 0x9d4f290d, L:/127.0.0.1:14944 - R:localhost/127.0.0.1:42289]' for 'POST' to 'http://localhost:42289/session/c5d00d0fd7277efdb16aba8a894464e4/execute/sync'
16:15:59.885 [Forwarding getPageSource on session c5d00d0fd7277efdb16aba8a894464e4 to remote] DEBUG org.asynchttpclient.netty.request.NettyRequestSender - Using open Channel [id: 0x9d4f290d, L:/127.0.0.1:14944 - R:localhost/127.0.0.1:42289] for POST '/session/c5d00d0fd7277efdb16aba8a894464e4/execute/sync'
16:15:59.890 [AsyncHttpClient-1-9] DEBUG org.asynchttpclient.netty.handler.HttpHandler - 

Request DefaultHttpRequest(decodeResult: success, version: HTTP/1.1)
POST /session/c5d00d0fd7277efdb16aba8a894464e4/execute/sync HTTP/1.1
User-Agent: selenium/4.8.1 (java windows)
Content-Length: 176
Content-Type: application/json; charset=utf-8
host: localhost:42289
accept: */*

Response DefaultHttpResponse(decodeResult: success, version: HTTP/1.1)
HTTP/1.1 200 OK
Content-Length: 6036
Content-Type: application/json; charset=utf-8
cache-control: no-cache

16:15:59.890 [AsyncHttpClient-1-9] DEBUG org.asynchttpclient.netty.channel.ChannelManager - Adding key: http://localhost:42289 for channel [id: 0x9d4f290d, L:/127.0.0.1:14944 - R:localhost/127.0.0.1:42289]
16:15:59.892 [Forwarding getCurrentUrl on session c5d00d0fd7277efdb16aba8a894464e4 to remote] DEBUG org.asynchttpclient.netty.request.NettyRequestSender - Using pooled Channel '[id: 0x9d4f290d, L:/127.0.0.1:14944 - R:localhost/127.0.0.1:42289]' for 'GET' to 'http://localhost:42289/session/c5d00d0fd7277efdb16aba8a894464e4/url'
16:15:59.892 [Forwarding getCurrentUrl on session c5d00d0fd7277efdb16aba8a894464e4 to remote] DEBUG org.asynchttpclient.netty.request.NettyRequestSender - Using open Channel [id: 0x9d4f290d, L:/127.0.0.1:14944 - R:localhost/127.0.0.1:42289] for GET '/session/c5d00d0fd7277efdb16aba8a894464e4/url'
16:15:59.896 [AsyncHttpClient-1-9] DEBUG org.asynchttpclient.netty.handler.HttpHandler - 

Request DefaultFullHttpRequest(decodeResult: success, version: HTTP/1.1, content: EmptyByteBufBE)
GET /session/c5d00d0fd7277efdb16aba8a894464e4/url HTTP/1.1
User-Agent: selenium/4.8.1 (java windows)
Cache-Control: no-cache
Content-Type: application/json; charset=utf-8
host: localhost:42289
accept: */*

Response DefaultHttpResponse(decodeResult: success, version: HTTP/1.1)
HTTP/1.1 200 OK
Content-Length: 64
Content-Type: application/json; charset=utf-8
cache-control: no-cache

16:15:59.896 [AsyncHttpClient-1-9] DEBUG org.asynchttpclient.netty.channel.ChannelManager - Adding key: http://localhost:42289 for channel [id: 0x9d4f290d, L:/127.0.0.1:14944 - R:localhost/127.0.0.1:42289]
16:15:59.913 [Forwarding getPageSource on session c5d00d0fd7277efdb16aba8a894464e4 to remote] DEBUG org.asynchttpclient.netty.request.NettyRequestSender - Using pooled Channel '[id: 0x9d4f290d, L:/127.0.0.1:14944 - R:localhost/127.0.0.1:42289]' for 'POST' to 'http://localhost:42289/session/c5d00d0fd7277efdb16aba8a894464e4/execute/sync'
16:15:59.913 [Forwarding getPageSource on session c5d00d0fd7277efdb16aba8a894464e4 to remote] DEBUG org.asynchttpclient.netty.request.NettyRequestSender - Using open Channel [id: 0x9d4f290d, L:/127.0.0.1:14944 - R:localhost/127.0.0.1:42289] for POST '/session/c5d00d0fd7277efdb16aba8a894464e4/execute/sync'
16:15:59.918 [AsyncHttpClient-1-9] DEBUG org.asynchttpclient.netty.handler.HttpHandler - 

Request DefaultHttpRequest(decodeResult: success, version: HTTP/1.1)
POST /session/c5d00d0fd7277efdb16aba8a894464e4/execute/sync HTTP/1.1
User-Agent: selenium/4.8.1 (java windows)
Content-Length: 176
Content-Type: application/json; charset=utf-8
host: localhost:42289
accept: */*

Response DefaultHttpResponse(decodeResult: success, version: HTTP/1.1)
HTTP/1.1 200 OK
Content-Length: 6036
Content-Type: application/json; charset=utf-8
cache-control: no-cache

16:15:59.919 [AsyncHttpClient-1-9] DEBUG org.asynchttpclient.netty.channel.ChannelManager - Adding key: http://localhost:42289 for channel [id: 0x9d4f290d, L:/127.0.0.1:14944 - R:localhost/127.0.0.1:42289]
16:15:59.920 [Forwarding getCurrentUrl on session c5d00d0fd7277efdb16aba8a894464e4 to remote] DEBUG org.asynchttpclient.netty.request.NettyRequestSender - Using pooled Channel '[id: 0x9d4f290d, L:/127.0.0.1:14944 - R:localhost/127.0.0.1:42289]' for 'GET' to 'http://localhost:42289/session/c5d00d0fd7277efdb16aba8a894464e4/url'
16:15:59.920 [Forwarding getCurrentUrl on session c5d00d0fd7277efdb16aba8a894464e4 to remote] DEBUG org.asynchttpclient.netty.request.NettyRequestSender - Using open Channel [id: 0x9d4f290d, L:/127.0.0.1:14944 - R:localhost/127.0.0.1:42289] for GET '/session/c5d00d0fd7277efdb16aba8a894464e4/url'
16:15:59.924 [AsyncHttpClient-1-9] DEBUG org.asynchttpclient.netty.handler.HttpHandler - 

Request DefaultFullHttpRequest(decodeResult: success, version: HTTP/1.1, content: EmptyByteBufBE)
GET /session/c5d00d0fd7277efdb16aba8a894464e4/url HTTP/1.1
User-Agent: selenium/4.8.1 (java windows)
Cache-Control: no-cache
Content-Type: application/json; charset=utf-8
host: localhost:42289
accept: */*

Response DefaultHttpResponse(decodeResult: success, version: HTTP/1.1)
HTTP/1.1 200 OK
Content-Length: 64
Content-Type: application/json; charset=utf-8
cache-control: no-cache

16:15:59.925 [AsyncHttpClient-1-9] DEBUG org.asynchttpclient.netty.channel.ChannelManager - Adding key: http://localhost:42289 for channel [id: 0x9d4f290d, L:/127.0.0.1:14944 - R:localhost/127.0.0.1:42289]
16:15:59.926 [main] DEBUG net.thucydides.core.steps.StepInterceptor - STARTING STEP: SignOutSteps.cclickSignInButton - cclickSignInButton
16:15:59.931 [Forwarding findElement on session c5d00d0fd7277efdb16aba8a894464e4 to remote] DEBUG org.asynchttpclient.netty.request.NettyRequestSender - Using pooled Channel '[id: 0x9d4f290d, L:/127.0.0.1:14944 - R:localhost/127.0.0.1:42289]' for 'POST' to 'http://localhost:42289/session/c5d00d0fd7277efdb16aba8a894464e4/element'
16:15:59.931 [Forwarding findElement on session c5d00d0fd7277efdb16aba8a894464e4 to remote] DEBUG org.asynchttpclient.netty.request.NettyRequestSender - Using open Channel [id: 0x9d4f290d, L:/127.0.0.1:14944 - R:localhost/127.0.0.1:42289] for POST '/session/c5d00d0fd7277efdb16aba8a894464e4/element'
16:15:59.943 [AsyncHttpClient-1-9] DEBUG org.asynchttpclient.netty.handler.HttpHandler - 

Request DefaultHttpRequest(decodeResult: success, version: HTTP/1.1)
POST /session/c5d00d0fd7277efdb16aba8a894464e4/element HTTP/1.1
User-Agent: selenium/4.8.1 (java windows)
Content-Length: 69
Content-Type: application/json; charset=utf-8
host: localhost:42289
accept: */*

Response DefaultHttpResponse(decodeResult: success, version: HTTP/1.1)
HTTP/1.1 200 OK
Content-Length: 95
Content-Type: application/json; charset=utf-8
cache-control: no-cache

16:15:59.943 [AsyncHttpClient-1-9] DEBUG org.asynchttpclient.netty.channel.ChannelManager - Adding key: http://localhost:42289 for channel [id: 0x9d4f290d, L:/127.0.0.1:14944 - R:localhost/127.0.0.1:42289]
16:15:59.945 [Forwarding getElementTagName on session c5d00d0fd7277efdb16aba8a894464e4 to remote] DEBUG org.asynchttpclient.netty.request.NettyRequestSender - Using pooled Channel '[id: 0x9d4f290d, L:/127.0.0.1:14944 - R:localhost/127.0.0.1:42289]' for 'GET' to 'http://localhost:42289/session/c5d00d0fd7277efdb16aba8a894464e4/element/3F2526572AD069CEEB641145AE8A0F9B_element_14/name'
16:15:59.945 [Forwarding getElementTagName on session c5d00d0fd7277efdb16aba8a894464e4 to remote] DEBUG org.asynchttpclient.netty.request.NettyRequestSender - Using open Channel [id: 0x9d4f290d, L:/127.0.0.1:14944 - R:localhost/127.0.0.1:42289] for GET '/session/c5d00d0fd7277efdb16aba8a894464e4/element/3F2526572AD069CEEB641145AE8A0F9B_element_14/name'
16:15:59.951 [AsyncHttpClient-1-9] DEBUG org.asynchttpclient.netty.handler.HttpHandler - 

Request DefaultFullHttpRequest(decodeResult: success, version: HTTP/1.1, content: EmptyByteBufBE)
GET /session/c5d00d0fd7277efdb16aba8a894464e4/element/3F2526572AD069CEEB641145AE8A0F9B_element_14/name HTTP/1.1
User-Agent: selenium/4.8.1 (java windows)
Cache-Control: no-cache
Content-Type: application/json; charset=utf-8
host: localhost:42289
accept: */*

Response DefaultHttpResponse(decodeResult: success, version: HTTP/1.1)
HTTP/1.1 200 OK
Content-Length: 18
Content-Type: application/json; charset=utf-8
cache-control: no-cache

16:15:59.951 [AsyncHttpClient-1-9] DEBUG org.asynchttpclient.netty.channel.ChannelManager - Adding key: http://localhost:42289 for channel [id: 0x9d4f290d, L:/127.0.0.1:14944 - R:localhost/127.0.0.1:42289]
16:15:59.952 [Forwarding getElementTagName on session c5d00d0fd7277efdb16aba8a894464e4 to remote] DEBUG org.asynchttpclient.netty.request.NettyRequestSender - Using pooled Channel '[id: 0x9d4f290d, L:/127.0.0.1:14944 - R:localhost/127.0.0.1:42289]' for 'GET' to 'http://localhost:42289/session/c5d00d0fd7277efdb16aba8a894464e4/element/3F2526572AD069CEEB641145AE8A0F9B_element_14/name'
16:15:59.952 [Forwarding getElementTagName on session c5d00d0fd7277efdb16aba8a894464e4 to remote] DEBUG org.asynchttpclient.netty.request.NettyRequestSender - Using open Channel [id: 0x9d4f290d, L:/127.0.0.1:14944 - R:localhost/127.0.0.1:42289] for GET '/session/c5d00d0fd7277efdb16aba8a894464e4/element/3F2526572AD069CEEB641145AE8A0F9B_element_14/name'
16:15:59.956 [AsyncHttpClient-1-9] DEBUG org.asynchttpclient.netty.handler.HttpHandler - 

Request DefaultFullHttpRequest(decodeResult: success, version: HTTP/1.1, content: EmptyByteBufBE)
GET /session/c5d00d0fd7277efdb16aba8a894464e4/element/3F2526572AD069CEEB641145AE8A0F9B_element_14/name HTTP/1.1
User-Agent: selenium/4.8.1 (java windows)
Cache-Control: no-cache
Content-Type: application/json; charset=utf-8
host: localhost:42289
accept: */*

Response DefaultHttpResponse(decodeResult: success, version: HTTP/1.1)
HTTP/1.1 200 OK
Content-Length: 18
Content-Type: application/json; charset=utf-8
cache-control: no-cache

16:15:59.957 [AsyncHttpClient-1-9] DEBUG org.asynchttpclient.netty.channel.ChannelManager - Adding key: http://localhost:42289 for channel [id: 0x9d4f290d, L:/127.0.0.1:14944 - R:localhost/127.0.0.1:42289]
16:15:59.959 [Forwarding isElementEnabled on session c5d00d0fd7277efdb16aba8a894464e4 to remote] DEBUG org.asynchttpclient.netty.request.NettyRequestSender - Using pooled Channel '[id: 0x9d4f290d, L:/127.0.0.1:14944 - R:localhost/127.0.0.1:42289]' for 'GET' to 'http://localhost:42289/session/c5d00d0fd7277efdb16aba8a894464e4/element/3F2526572AD069CEEB641145AE8A0F9B_element_14/enabled'
16:15:59.959 [Forwarding isElementEnabled on session c5d00d0fd7277efdb16aba8a894464e4 to remote] DEBUG org.asynchttpclient.netty.request.NettyRequestSender - Using open Channel [id: 0x9d4f290d, L:/127.0.0.1:14944 - R:localhost/127.0.0.1:42289] for GET '/session/c5d00d0fd7277efdb16aba8a894464e4/element/3F2526572AD069CEEB641145AE8A0F9B_element_14/enabled'
16:15:59.966 [AsyncHttpClient-1-9] DEBUG org.asynchttpclient.netty.handler.HttpHandler - 

Request DefaultFullHttpRequest(decodeResult: success, version: HTTP/1.1, content: EmptyByteBufBE)
GET /session/c5d00d0fd7277efdb16aba8a894464e4/element/3F2526572AD069CEEB641145AE8A0F9B_element_14/enabled HTTP/1.1
User-Agent: selenium/4.8.1 (java windows)
Cache-Control: no-cache
Content-Type: application/json; charset=utf-8
host: localhost:42289
accept: */*

Response DefaultHttpResponse(decodeResult: success, version: HTTP/1.1)
HTTP/1.1 200 OK
Content-Length: 14
Content-Type: application/json; charset=utf-8
cache-control: no-cache

16:15:59.966 [AsyncHttpClient-1-9] DEBUG org.asynchttpclient.netty.channel.ChannelManager - Adding key: http://localhost:42289 for channel [id: 0x9d4f290d, L:/127.0.0.1:14944 - R:localhost/127.0.0.1:42289]
16:15:59.967 [Forwarding isElementEnabled on session c5d00d0fd7277efdb16aba8a894464e4 to remote] DEBUG org.asynchttpclient.netty.request.NettyRequestSender - Using pooled Channel '[id: 0x9d4f290d, L:/127.0.0.1:14944 - R:localhost/127.0.0.1:42289]' for 'GET' to 'http://localhost:42289/session/c5d00d0fd7277efdb16aba8a894464e4/element/3F2526572AD069CEEB641145AE8A0F9B_element_14/enabled'
16:15:59.967 [Forwarding isElementEnabled on session c5d00d0fd7277efdb16aba8a894464e4 to remote] DEBUG org.asynchttpclient.netty.request.NettyRequestSender - Using open Channel [id: 0x9d4f290d, L:/127.0.0.1:14944 - R:localhost/127.0.0.1:42289] for GET '/session/c5d00d0fd7277efdb16aba8a894464e4/element/3F2526572AD069CEEB641145AE8A0F9B_element_14/enabled'
16:15:59.974 [AsyncHttpClient-1-9] DEBUG org.asynchttpclient.netty.handler.HttpHandler - 

Request DefaultFullHttpRequest(decodeResult: success, version: HTTP/1.1, content: EmptyByteBufBE)
GET /session/c5d00d0fd7277efdb16aba8a894464e4/element/3F2526572AD069CEEB641145AE8A0F9B_element_14/enabled HTTP/1.1
User-Agent: selenium/4.8.1 (java windows)
Cache-Control: no-cache
Content-Type: application/json; charset=utf-8
host: localhost:42289
accept: */*

Response DefaultHttpResponse(decodeResult: success, version: HTTP/1.1)
HTTP/1.1 200 OK
Content-Length: 14
Content-Type: application/json; charset=utf-8
cache-control: no-cache

16:15:59.974 [AsyncHttpClient-1-9] DEBUG org.asynchttpclient.netty.channel.ChannelManager - Adding key: http://localhost:42289 for channel [id: 0x9d4f290d, L:/127.0.0.1:14944 - R:localhost/127.0.0.1:42289]
16:15:59.976 [Forwarding findElement on session c5d00d0fd7277efdb16aba8a894464e4 to remote] DEBUG org.asynchttpclient.netty.request.NettyRequestSender - Using pooled Channel '[id: 0x9d4f290d, L:/127.0.0.1:14944 - R:localhost/127.0.0.1:42289]' for 'POST' to 'http://localhost:42289/session/c5d00d0fd7277efdb16aba8a894464e4/element'
16:15:59.976 [Forwarding findElement on session c5d00d0fd7277efdb16aba8a894464e4 to remote] DEBUG org.asynchttpclient.netty.request.NettyRequestSender - Using open Channel [id: 0x9d4f290d, L:/127.0.0.1:14944 - R:localhost/127.0.0.1:42289] for POST '/session/c5d00d0fd7277efdb16aba8a894464e4/element'
16:15:59.983 [AsyncHttpClient-1-9] DEBUG org.asynchttpclient.netty.handler.HttpHandler - 

Request DefaultHttpRequest(decodeResult: success, version: HTTP/1.1)
POST /session/c5d00d0fd7277efdb16aba8a894464e4/element HTTP/1.1
User-Agent: selenium/4.8.1 (java windows)
Content-Length: 69
Content-Type: application/json; charset=utf-8
host: localhost:42289
accept: */*

Response DefaultHttpResponse(decodeResult: success, version: HTTP/1.1)
HTTP/1.1 200 OK
Content-Length: 95
Content-Type: application/json; charset=utf-8
cache-control: no-cache

16:15:59.984 [AsyncHttpClient-1-9] DEBUG org.asynchttpclient.netty.channel.ChannelManager - Adding key: http://localhost:42289 for channel [id: 0x9d4f290d, L:/127.0.0.1:14944 - R:localhost/127.0.0.1:42289]
16:15:59.984 [Forwarding clickElement on session c5d00d0fd7277efdb16aba8a894464e4 to remote] DEBUG org.asynchttpclient.netty.request.NettyRequestSender - Using pooled Channel '[id: 0x9d4f290d, L:/127.0.0.1:14944 - R:localhost/127.0.0.1:42289]' for 'POST' to 'http://localhost:42289/session/c5d00d0fd7277efdb16aba8a894464e4/element/3F2526572AD069CEEB641145AE8A0F9B_element_14/click'
16:15:59.985 [Forwarding clickElement on session c5d00d0fd7277efdb16aba8a894464e4 to remote] DEBUG org.asynchttpclient.netty.request.NettyRequestSender - Using open Channel [id: 0x9d4f290d, L:/127.0.0.1:14944 - R:localhost/127.0.0.1:42289] for POST '/session/c5d00d0fd7277efdb16aba8a894464e4/element/3F2526572AD069CEEB641145AE8A0F9B_element_14/click'
16:16:00.053 [AsyncHttpClient-1-9] DEBUG org.asynchttpclient.netty.handler.HttpHandler - 

Request DefaultHttpRequest(decodeResult: success, version: HTTP/1.1)
POST /session/c5d00d0fd7277efdb16aba8a894464e4/element/3F2526572AD069CEEB641145AE8A0F9B_element_14/click HTTP/1.1
User-Agent: selenium/4.8.1 (java windows)
Content-Length: 57
Content-Type: application/json; charset=utf-8
host: localhost:42289
accept: */*

Response DefaultHttpResponse(decodeResult: success, version: HTTP/1.1)
HTTP/1.1 200 OK
Content-Length: 14
Content-Type: application/json; charset=utf-8
cache-control: no-cache

16:16:00.053 [AsyncHttpClient-1-9] DEBUG org.asynchttpclient.netty.channel.ChannelManager - Adding key: http://localhost:42289 for channel [id: 0x9d4f290d, L:/127.0.0.1:14944 - R:localhost/127.0.0.1:42289]
16:16:00.059 [Forwarding getAlertText on session c5d00d0fd7277efdb16aba8a894464e4 to remote] DEBUG org.asynchttpclient.netty.request.NettyRequestSender - Using pooled Channel '[id: 0x9d4f290d, L:/127.0.0.1:14944 - R:localhost/127.0.0.1:42289]' for 'GET' to 'http://localhost:42289/session/c5d00d0fd7277efdb16aba8a894464e4/alert/text'
16:16:00.059 [Forwarding getAlertText on session c5d00d0fd7277efdb16aba8a894464e4 to remote] DEBUG org.asynchttpclient.netty.request.NettyRequestSender - Using open Channel [id: 0x9d4f290d, L:/127.0.0.1:14944 - R:localhost/127.0.0.1:42289] for GET '/session/c5d00d0fd7277efdb16aba8a894464e4/alert/text'
16:16:00.061 [AsyncHttpClient-1-9] DEBUG org.asynchttpclient.netty.handler.HttpHandler - 

Request DefaultFullHttpRequest(decodeResult: success, version: HTTP/1.1, content: EmptyByteBufBE)
GET /session/c5d00d0fd7277efdb16aba8a894464e4/alert/text HTTP/1.1
User-Agent: selenium/4.8.1 (java windows)
Cache-Control: no-cache
Content-Type: application/json; charset=utf-8
host: localhost:42289
accept: */*

Response DefaultHttpResponse(decodeResult: success, version: HTTP/1.1)
HTTP/1.1 404 Not Found
Content-Length: 807
Content-Type: application/json; charset=utf-8
cache-control: no-cache

16:16:00.062 [AsyncHttpClient-1-9] DEBUG org.asynchttpclient.netty.channel.ChannelManager - Adding key: http://localhost:42289 for channel [id: 0x9d4f290d, L:/127.0.0.1:14944 - R:localhost/127.0.0.1:42289]
16:16:00.064 [Forwarding getCurrentUrl on session c5d00d0fd7277efdb16aba8a894464e4 to remote] DEBUG org.asynchttpclient.netty.request.NettyRequestSender - Using pooled Channel '[id: 0x9d4f290d, L:/127.0.0.1:14944 - R:localhost/127.0.0.1:42289]' for 'GET' to 'http://localhost:42289/session/c5d00d0fd7277efdb16aba8a894464e4/url'
16:16:00.064 [Forwarding getCurrentUrl on session c5d00d0fd7277efdb16aba8a894464e4 to remote] DEBUG org.asynchttpclient.netty.request.NettyRequestSender - Using open Channel [id: 0x9d4f290d, L:/127.0.0.1:14944 - R:localhost/127.0.0.1:42289] for GET '/session/c5d00d0fd7277efdb16aba8a894464e4/url'
16:16:00.069 [AsyncHttpClient-1-9] DEBUG org.asynchttpclient.netty.handler.HttpHandler - 

Request DefaultFullHttpRequest(decodeResult: success, version: HTTP/1.1, content: EmptyByteBufBE)
GET /session/c5d00d0fd7277efdb16aba8a894464e4/url HTTP/1.1
User-Agent: selenium/4.8.1 (java windows)
Cache-Control: no-cache
Content-Type: application/json; charset=utf-8
host: localhost:42289
accept: */*

Response DefaultHttpResponse(decodeResult: success, version: HTTP/1.1)
HTTP/1.1 200 OK
Content-Length: 64
Content-Type: application/json; charset=utf-8
cache-control: no-cache

16:16:00.069 [AsyncHttpClient-1-9] DEBUG org.asynchttpclient.netty.channel.ChannelManager - Adding key: http://localhost:42289 for channel [id: 0x9d4f290d, L:/127.0.0.1:14944 - R:localhost/127.0.0.1:42289]
16:16:00.069 [Forwarding screenshot on session c5d00d0fd7277efdb16aba8a894464e4 to remote] DEBUG org.asynchttpclient.netty.request.NettyRequestSender - Using pooled Channel '[id: 0x9d4f290d, L:/127.0.0.1:14944 - R:localhost/127.0.0.1:42289]' for 'GET' to 'http://localhost:42289/session/c5d00d0fd7277efdb16aba8a894464e4/screenshot'
16:16:00.069 [Forwarding screenshot on session c5d00d0fd7277efdb16aba8a894464e4 to remote] DEBUG org.asynchttpclient.netty.request.NettyRequestSender - Using open Channel [id: 0x9d4f290d, L:/127.0.0.1:14944 - R:localhost/127.0.0.1:42289] for GET '/session/c5d00d0fd7277efdb16aba8a894464e4/screenshot'
16:16:00.187 [AsyncHttpClient-1-9] DEBUG org.asynchttpclient.netty.handler.HttpHandler - 

Request DefaultFullHttpRequest(decodeResult: success, version: HTTP/1.1, content: EmptyByteBufBE)
GET /session/c5d00d0fd7277efdb16aba8a894464e4/screenshot HTTP/1.1
User-Agent: selenium/4.8.1 (java windows)
Cache-Control: no-cache
Content-Type: application/json; charset=utf-8
host: localhost:42289
accept: */*

Response DefaultHttpResponse(decodeResult: success, version: HTTP/1.1)
HTTP/1.1 200 OK
Content-Length: 124712
Content-Type: application/json; charset=utf-8
cache-control: no-cache

16:16:00.188 [AsyncHttpClient-1-9] DEBUG org.asynchttpclient.netty.channel.ChannelManager - Adding key: http://localhost:42289 for channel [id: 0x9d4f290d, L:/127.0.0.1:14944 - R:localhost/127.0.0.1:42289]
16:16:00.197 [main] DEBUG net.serenitybdd.core.photography.Darkroom - Send negative for processing for target\site\serenity\9f45d0a3f8e8013669cb09e6251cfebce0fa5dba9162393dcb127d2b86e07b4a.png
16:16:00.198 [main] DEBUG net.thucydides.core.steps.StepInterceptor - STEP DONE: cclickSignInButton
16:16:00.198 [Darkroom Processing Line] DEBUG net.serenitybdd.core.photography.DarkroomProcessingLine - Processing screenshot image in /var/screenshots/screenshot-2136070665928339570
16:16:00.198 [Darkroom Processing Line] DEBUG net.serenitybdd.core.photography.DarkroomProcessingLine - Saving screenshot to target\site\serenity\9f45d0a3f8e8013669cb09e6251cfebce0fa5dba9162393dcb127d2b86e07b4a.png
  &amp#27;[32mAnd &amp#27;[0m&amp#27;[32mI click login to test sign out&amp#27;[0m                             &amp#27;[90m# Starter.Stepdefitions.SignOutSteps.cclickSignInButton()&amp#27;[0m
16:16:00.207 [Forwarding getPageSource on session c5d00d0fd7277efdb16aba8a894464e4 to remote] DEBUG org.asynchttpclient.netty.request.NettyRequestSender - Using pooled Channel '[id: 0x9d4f290d, L:/127.0.0.1:14944 - R:localhost/127.0.0.1:42289]' for 'POST' to 'http://localhost:42289/session/c5d00d0fd7277efdb16aba8a894464e4/execute/sync'
16:16:00.208 [Forwarding getPageSource on session c5d00d0fd7277efdb16aba8a894464e4 to remote] DEBUG org.asynchttpclient.netty.request.NettyRequestSender - Using open Channel [id: 0x9d4f290d, L:/127.0.0.1:14944 - R:localhost/127.0.0.1:42289] for POST '/session/c5d00d0fd7277efdb16aba8a894464e4/execute/sync'
16:16:00.216 [AsyncHttpClient-1-9] DEBUG org.asynchttpclient.netty.handler.HttpHandler - 

Request DefaultHttpRequest(decodeResult: success, version: HTTP/1.1)
POST /session/c5d00d0fd7277efdb16aba8a894464e4/execute/sync HTTP/1.1
User-Agent: selenium/4.8.1 (java windows)
Content-Length: 176
Content-Type: application/json; charset=utf-8
host: localhost:42289
accept: */*

Response DefaultHttpResponse(decodeResult: success, version: HTTP/1.1)
HTTP/1.1 200 OK
Content-Length: 6020
Content-Type: application/json; charset=utf-8
cache-control: no-cache

16:16:00.216 [AsyncHttpClient-1-9] DEBUG org.asynchttpclient.netty.channel.ChannelManager - Adding key: http://localhost:42289 for channel [id: 0x9d4f290d, L:/127.0.0.1:14944 - R:localhost/127.0.0.1:42289]
16:16:00.218 [Forwarding getCurrentUrl on session c5d00d0fd7277efdb16aba8a894464e4 to remote] DEBUG org.asynchttpclient.netty.request.NettyRequestSender - Using pooled Channel '[id: 0x9d4f290d, L:/127.0.0.1:14944 - R:localhost/127.0.0.1:42289]' for 'GET' to 'http://localhost:42289/session/c5d00d0fd7277efdb16aba8a894464e4/url'
16:16:00.218 [Forwarding getCurrentUrl on session c5d00d0fd7277efdb16aba8a894464e4 to remote] DEBUG org.asynchttpclient.netty.request.NettyRequestSender - Using open Channel [id: 0x9d4f290d, L:/127.0.0.1:14944 - R:localhost/127.0.0.1:42289] for GET '/session/c5d00d0fd7277efdb16aba8a894464e4/url'
16:16:00.223 [AsyncHttpClient-1-9] DEBUG org.asynchttpclient.netty.handler.HttpHandler - 

Request DefaultFullHttpRequest(decodeResult: success, version: HTTP/1.1, content: EmptyByteBufBE)
GET /session/c5d00d0fd7277efdb16aba8a894464e4/url HTTP/1.1
User-Agent: selenium/4.8.1 (java windows)
Cache-Control: no-cache
Content-Type: application/json; charset=utf-8
host: localhost:42289
accept: */*

Response DefaultHttpResponse(decodeResult: success, version: HTTP/1.1)
HTTP/1.1 200 OK
Content-Length: 64
Content-Type: application/json; charset=utf-8
cache-control: no-cache

16:16:00.223 [AsyncHttpClient-1-9] DEBUG org.asynchttpclient.netty.channel.ChannelManager - Adding key: http://localhost:42289 for channel [id: 0x9d4f290d, L:/127.0.0.1:14944 - R:localhost/127.0.0.1:42289]
16:16:00.239 [Forwarding getPageSource on session c5d00d0fd7277efdb16aba8a894464e4 to remote] DEBUG org.asynchttpclient.netty.request.NettyRequestSender - Using pooled Channel '[id: 0x9d4f290d, L:/127.0.0.1:14944 - R:localhost/127.0.0.1:42289]' for 'POST' to 'http://localhost:42289/session/c5d00d0fd7277efdb16aba8a894464e4/execute/sync'
16:16:00.239 [Forwarding getPageSource on session c5d00d0fd7277efdb16aba8a894464e4 to remote] DEBUG org.asynchttpclient.netty.request.NettyRequestSender - Using open Channel [id: 0x9d4f290d, L:/127.0.0.1:14944 - R:localhost/127.0.0.1:42289] for POST '/session/c5d00d0fd7277efdb16aba8a894464e4/execute/sync'
16:16:00.244 [AsyncHttpClient-1-9] DEBUG org.asynchttpclient.netty.handler.HttpHandler - 

Request DefaultHttpRequest(decodeResult: success, version: HTTP/1.1)
POST /session/c5d00d0fd7277efdb16aba8a894464e4/execute/sync HTTP/1.1
User-Agent: selenium/4.8.1 (java windows)
Content-Length: 176
Content-Type: application/json; charset=utf-8
host: localhost:42289
accept: */*

Response DefaultHttpResponse(decodeResult: success, version: HTTP/1.1)
HTTP/1.1 200 OK
Content-Length: 6020
Content-Type: application/json; charset=utf-8
cache-control: no-cache

16:16:00.244 [AsyncHttpClient-1-9] DEBUG org.asynchttpclient.netty.channel.ChannelManager - Adding key: http://localhost:42289 for channel [id: 0x9d4f290d, L:/127.0.0.1:14944 - R:localhost/127.0.0.1:42289]
16:16:00.248 [Forwarding getCurrentUrl on session c5d00d0fd7277efdb16aba8a894464e4 to remote] DEBUG org.asynchttpclient.netty.request.NettyRequestSender - Using pooled Channel '[id: 0x9d4f290d, L:/127.0.0.1:14944 - R:localhost/127.0.0.1:42289]' for 'GET' to 'http://localhost:42289/session/c5d00d0fd7277efdb16aba8a894464e4/url'
16:16:00.248 [Forwarding getCurrentUrl on session c5d00d0fd7277efdb16aba8a894464e4 to remote] DEBUG org.asynchttpclient.netty.request.NettyRequestSender - Using open Channel [id: 0x9d4f290d, L:/127.0.0.1:14944 - R:localhost/127.0.0.1:42289] for GET '/session/c5d00d0fd7277efdb16aba8a894464e4/url'
16:16:00.252 [AsyncHttpClient-1-9] DEBUG org.asynchttpclient.netty.handler.HttpHandler - 

Request DefaultFullHttpRequest(decodeResult: success, version: HTTP/1.1, content: EmptyByteBufBE)
GET /session/c5d00d0fd7277efdb16aba8a894464e4/url HTTP/1.1
User-Agent: selenium/4.8.1 (java windows)
Cache-Control: no-cache
Content-Type: application/json; charset=utf-8
host: localhost:42289
accept: */*

Response DefaultHttpResponse(decodeResult: success, version: HTTP/1.1)
HTTP/1.1 200 OK
Content-Length: 64
Content-Type: application/json; charset=utf-8
cache-control: no-cache

16:16:00.252 [AsyncHttpClient-1-9] DEBUG org.asynchttpclient.netty.channel.ChannelManager - Adding key: http://localhost:42289 for channel [id: 0x9d4f290d, L:/127.0.0.1:14944 - R:localhost/127.0.0.1:42289]
16:16:00.342 [main] DEBUG net.thucydides.core.steps.StepInterceptor - STARTING STEP: SignOutSteps.clickSignOutButton - clickSignOutButton
16:16:00.351 [Forwarding findElement on session c5d00d0fd7277efdb16aba8a894464e4 to remote] DEBUG org.asynchttpclient.netty.request.NettyRequestSender - Using pooled Channel '[id: 0x9d4f290d, L:/127.0.0.1:14944 - R:localhost/127.0.0.1:42289]' for 'POST' to 'http://localhost:42289/session/c5d00d0fd7277efdb16aba8a894464e4/element'
16:16:00.351 [Forwarding findElement on session c5d00d0fd7277efdb16aba8a894464e4 to remote] DEBUG org.asynchttpclient.netty.request.NettyRequestSender - Using open Channel [id: 0x9d4f290d, L:/127.0.0.1:14944 - R:localhost/127.0.0.1:42289] for POST '/session/c5d00d0fd7277efdb16aba8a894464e4/element'
16:16:00.367 [AsyncHttpClient-1-9] DEBUG org.asynchttpclient.netty.handler.HttpHandler - 

Request DefaultHttpRequest(decodeResult: success, version: HTTP/1.1)
POST /session/c5d00d0fd7277efdb16aba8a894464e4/element HTTP/1.1
User-Agent: selenium/4.8.1 (java windows)
Content-Length: 77
Content-Type: application/json; charset=utf-8
host: localhost:42289
accept: */*

Response DefaultHttpResponse(decodeResult: success, version: HTTP/1.1)
HTTP/1.1 200 OK
Content-Length: 95
Content-Type: application/json; charset=utf-8
cache-control: no-cache

16:16:00.367 [AsyncHttpClient-1-9] DEBUG org.asynchttpclient.netty.channel.ChannelManager - Adding key: http://localhost:42289 for channel [id: 0x9d4f290d, L:/127.0.0.1:14944 - R:localhost/127.0.0.1:42289]
16:16:00.369 [Forwarding getElementTagName on session c5d00d0fd7277efdb16aba8a894464e4 to remote] DEBUG org.asynchttpclient.netty.request.NettyRequestSender - Using pooled Channel '[id: 0x9d4f290d, L:/127.0.0.1:14944 - R:localhost/127.0.0.1:42289]' for 'GET' to 'http://localhost:42289/session/c5d00d0fd7277efdb16aba8a894464e4/element/3F2526572AD069CEEB641145AE8A0F9B_element_32/name'
16:16:00.369 [Forwarding getElementTagName on session c5d00d0fd7277efdb16aba8a894464e4 to remote] DEBUG org.asynchttpclient.netty.request.NettyRequestSender - Using open Channel [id: 0x9d4f290d, L:/127.0.0.1:14944 - R:localhost/127.0.0.1:42289] for GET '/session/c5d00d0fd7277efdb16aba8a894464e4/element/3F2526572AD069CEEB641145AE8A0F9B_element_32/name'
16:16:00.374 [AsyncHttpClient-1-9] DEBUG org.asynchttpclient.netty.handler.HttpHandler - 

Request DefaultFullHttpRequest(decodeResult: success, version: HTTP/1.1, content: EmptyByteBufBE)
GET /session/c5d00d0fd7277efdb16aba8a894464e4/element/3F2526572AD069CEEB641145AE8A0F9B_element_32/name HTTP/1.1
User-Agent: selenium/4.8.1 (java windows)
Cache-Control: no-cache
Content-Type: application/json; charset=utf-8
host: localhost:42289
accept: */*

Response DefaultHttpResponse(decodeResult: success, version: HTTP/1.1)
HTTP/1.1 200 OK
Content-Length: 18
Content-Type: application/json; charset=utf-8
cache-control: no-cache

16:16:00.374 [AsyncHttpClient-1-9] DEBUG org.asynchttpclient.netty.channel.ChannelManager - Adding key: http://localhost:42289 for channel [id: 0x9d4f290d, L:/127.0.0.1:14944 - R:localhost/127.0.0.1:42289]
16:16:00.376 [Forwarding getElementTagName on session c5d00d0fd7277efdb16aba8a894464e4 to remote] DEBUG org.asynchttpclient.netty.request.NettyRequestSender - Using pooled Channel '[id: 0x9d4f290d, L:/127.0.0.1:14944 - R:localhost/127.0.0.1:42289]' for 'GET' to 'http://localhost:42289/session/c5d00d0fd7277efdb16aba8a894464e4/element/3F2526572AD069CEEB641145AE8A0F9B_element_32/name'
16:16:00.376 [Forwarding getElementTagName on session c5d00d0fd7277efdb16aba8a894464e4 to remote] DEBUG org.asynchttpclient.netty.request.NettyRequestSender - Using open Channel [id: 0x9d4f290d, L:/127.0.0.1:14944 - R:localhost/127.0.0.1:42289] for GET '/session/c5d00d0fd7277efdb16aba8a894464e4/element/3F2526572AD069CEEB641145AE8A0F9B_element_32/name'
16:16:00.381 [AsyncHttpClient-1-9] DEBUG org.asynchttpclient.netty.handler.HttpHandler - 

Request DefaultFullHttpRequest(decodeResult: success, version: HTTP/1.1, content: EmptyByteBufBE)
GET /session/c5d00d0fd7277efdb16aba8a894464e4/element/3F2526572AD069CEEB641145AE8A0F9B_element_32/name HTTP/1.1
User-Agent: selenium/4.8.1 (java windows)
Cache-Control: no-cache
Content-Type: application/json; charset=utf-8
host: localhost:42289
accept: */*

Response DefaultHttpResponse(decodeResult: success, version: HTTP/1.1)
HTTP/1.1 200 OK
Content-Length: 18
Content-Type: application/json; charset=utf-8
cache-control: no-cache

16:16:00.381 [AsyncHttpClient-1-9] DEBUG org.asynchttpclient.netty.channel.ChannelManager - Adding key: http://localhost:42289 for channel [id: 0x9d4f290d, L:/127.0.0.1:14944 - R:localhost/127.0.0.1:42289]
16:16:00.384 [Forwarding isElementEnabled on session c5d00d0fd7277efdb16aba8a894464e4 to remote] DEBUG org.asynchttpclient.netty.request.NettyRequestSender - Using pooled Channel '[id: 0x9d4f290d, L:/127.0.0.1:14944 - R:localhost/127.0.0.1:42289]' for 'GET' to 'http://localhost:42289/session/c5d00d0fd7277efdb16aba8a894464e4/element/3F2526572AD069CEEB641145AE8A0F9B_element_32/enabled'
16:16:00.384 [Forwarding isElementEnabled on session c5d00d0fd7277efdb16aba8a894464e4 to remote] DEBUG org.asynchttpclient.netty.request.NettyRequestSender - Using open Channel [id: 0x9d4f290d, L:/127.0.0.1:14944 - R:localhost/127.0.0.1:42289] for GET '/session/c5d00d0fd7277efdb16aba8a894464e4/element/3F2526572AD069CEEB641145AE8A0F9B_element_32/enabled'
16:16:00.391 [AsyncHttpClient-1-9] DEBUG org.asynchttpclient.netty.handler.HttpHandler - 

Request DefaultFullHttpRequest(decodeResult: success, version: HTTP/1.1, content: EmptyByteBufBE)
GET /session/c5d00d0fd7277efdb16aba8a894464e4/element/3F2526572AD069CEEB641145AE8A0F9B_element_32/enabled HTTP/1.1
User-Agent: selenium/4.8.1 (java windows)
Cache-Control: no-cache
Content-Type: application/json; charset=utf-8
host: localhost:42289
accept: */*

Response DefaultHttpResponse(decodeResult: success, version: HTTP/1.1)
HTTP/1.1 200 OK
Content-Length: 14
Content-Type: application/json; charset=utf-8
cache-control: no-cache

16:16:00.391 [AsyncHttpClient-1-9] DEBUG org.asynchttpclient.netty.channel.ChannelManager - Adding key: http://localhost:42289 for channel [id: 0x9d4f290d, L:/127.0.0.1:14944 - R:localhost/127.0.0.1:42289]
16:16:00.394 [Forwarding isElementEnabled on session c5d00d0fd7277efdb16aba8a894464e4 to remote] DEBUG org.asynchttpclient.netty.request.NettyRequestSender - Using pooled Channel '[id: 0x9d4f290d, L:/127.0.0.1:14944 - R:localhost/127.0.0.1:42289]' for 'GET' to 'http://localhost:42289/session/c5d00d0fd7277efdb16aba8a894464e4/element/3F2526572AD069CEEB641145AE8A0F9B_element_32/enabled'
16:16:00.394 [Forwarding isElementEnabled on session c5d00d0fd7277efdb16aba8a894464e4 to remote] DEBUG org.asynchttpclient.netty.request.NettyRequestSender - Using open Channel [id: 0x9d4f290d, L:/127.0.0.1:14944 - R:localhost/127.0.0.1:42289] for GET '/session/c5d00d0fd7277efdb16aba8a894464e4/element/3F2526572AD069CEEB641145AE8A0F9B_element_32/enabled'
16:16:00.402 [AsyncHttpClient-1-9] DEBUG org.asynchttpclient.netty.handler.HttpHandler - 

Request DefaultFullHttpRequest(decodeResult: success, version: HTTP/1.1, content: EmptyByteBufBE)
GET /session/c5d00d0fd7277efdb16aba8a894464e4/element/3F2526572AD069CEEB641145AE8A0F9B_element_32/enabled HTTP/1.1
User-Agent: selenium/4.8.1 (java windows)
Cache-Control: no-cache
Content-Type: application/json; charset=utf-8
host: localhost:42289
accept: */*

Response DefaultHttpResponse(decodeResult: success, version: HTTP/1.1)
HTTP/1.1 200 OK
Content-Length: 14
Content-Type: application/json; charset=utf-8
cache-control: no-cache

16:16:00.402 [AsyncHttpClient-1-9] DEBUG org.asynchttpclient.netty.channel.ChannelManager - Adding key: http://localhost:42289 for channel [id: 0x9d4f290d, L:/127.0.0.1:14944 - R:localhost/127.0.0.1:42289]
16:16:00.406 [Forwarding findElement on session c5d00d0fd7277efdb16aba8a894464e4 to remote] DEBUG org.asynchttpclient.netty.request.NettyRequestSender - Using pooled Channel '[id: 0x9d4f290d, L:/127.0.0.1:14944 - R:localhost/127.0.0.1:42289]' for 'POST' to 'http://localhost:42289/session/c5d00d0fd7277efdb16aba8a894464e4/element'
16:16:00.406 [Forwarding findElement on session c5d00d0fd7277efdb16aba8a894464e4 to remote] DEBUG org.asynchttpclient.netty.request.NettyRequestSender - Using open Channel [id: 0x9d4f290d, L:/127.0.0.1:14944 - R:localhost/127.0.0.1:42289] for POST '/session/c5d00d0fd7277efdb16aba8a894464e4/element'
16:16:00.415 [AsyncHttpClient-1-9] DEBUG org.asynchttpclient.netty.handler.HttpHandler - 

Request DefaultHttpRequest(decodeResult: success, version: HTTP/1.1)
POST /session/c5d00d0fd7277efdb16aba8a894464e4/element HTTP/1.1
User-Agent: selenium/4.8.1 (java windows)
Content-Length: 77
Content-Type: application/json; charset=utf-8
host: localhost:42289
accept: */*

Response DefaultHttpResponse(decodeResult: success, version: HTTP/1.1)
HTTP/1.1 200 OK
Content-Length: 95
Content-Type: application/json; charset=utf-8
cache-control: no-cache

16:16:00.415 [AsyncHttpClient-1-9] DEBUG org.asynchttpclient.netty.channel.ChannelManager - Adding key: http://localhost:42289 for channel [id: 0x9d4f290d, L:/127.0.0.1:14944 - R:localhost/127.0.0.1:42289]
16:16:00.416 [Forwarding clickElement on session c5d00d0fd7277efdb16aba8a894464e4 to remote] DEBUG org.asynchttpclient.netty.request.NettyRequestSender - Using pooled Channel '[id: 0x9d4f290d, L:/127.0.0.1:14944 - R:localhost/127.0.0.1:42289]' for 'POST' to 'http://localhost:42289/session/c5d00d0fd7277efdb16aba8a894464e4/element/3F2526572AD069CEEB641145AE8A0F9B_element_32/click'
16:16:00.416 [Forwarding clickElement on session c5d00d0fd7277efdb16aba8a894464e4 to remote] DEBUG org.asynchttpclient.netty.request.NettyRequestSender - Using open Channel [id: 0x9d4f290d, L:/127.0.0.1:14944 - R:localhost/127.0.0.1:42289] for POST '/session/c5d00d0fd7277efdb16aba8a894464e4/element/3F2526572AD069CEEB641145AE8A0F9B_element_32/click'
16:16:00.493 [AsyncHttpClient-1-9] DEBUG org.asynchttpclient.netty.handler.HttpHandler - 

Request DefaultHttpRequest(decodeResult: success, version: HTTP/1.1)
POST /session/c5d00d0fd7277efdb16aba8a894464e4/element/3F2526572AD069CEEB641145AE8A0F9B_element_32/click HTTP/1.1
User-Agent: selenium/4.8.1 (java windows)
Content-Length: 57
Content-Type: application/json; charset=utf-8
host: localhost:42289
accept: */*

Response DefaultHttpResponse(decodeResult: success, version: HTTP/1.1)
HTTP/1.1 200 OK
Content-Length: 14
Content-Type: application/json; charset=utf-8
cache-control: no-cache

16:16:00.493 [AsyncHttpClient-1-9] DEBUG org.asynchttpclient.netty.channel.ChannelManager - Adding key: http://localhost:42289 for channel [id: 0x9d4f290d, L:/127.0.0.1:14944 - R:localhost/127.0.0.1:42289]
16:16:00.507 [Forwarding getAlertText on session c5d00d0fd7277efdb16aba8a894464e4 to remote] DEBUG org.asynchttpclient.netty.request.NettyRequestSender - Using pooled Channel '[id: 0x9d4f290d, L:/127.0.0.1:14944 - R:localhost/127.0.0.1:42289]' for 'GET' to 'http://localhost:42289/session/c5d00d0fd7277efdb16aba8a894464e4/alert/text'
16:16:00.507 [Forwarding getAlertText on session c5d00d0fd7277efdb16aba8a894464e4 to remote] DEBUG org.asynchttpclient.netty.request.NettyRequestSender - Using open Channel [id: 0x9d4f290d, L:/127.0.0.1:14944 - R:localhost/127.0.0.1:42289] for GET '/session/c5d00d0fd7277efdb16aba8a894464e4/alert/text'
16:16:00.508 [AsyncHttpClient-1-9] DEBUG org.asynchttpclient.netty.handler.HttpHandler - 

Request DefaultFullHttpRequest(decodeResult: success, version: HTTP/1.1, content: EmptyByteBufBE)
GET /session/c5d00d0fd7277efdb16aba8a894464e4/alert/text HTTP/1.1
User-Agent: selenium/4.8.1 (java windows)
Cache-Control: no-cache
Content-Type: application/json; charset=utf-8
host: localhost:42289
accept: */*

Response DefaultHttpResponse(decodeResult: success, version: HTTP/1.1)
HTTP/1.1 404 Not Found
Content-Length: 807
Content-Type: application/json; charset=utf-8
cache-control: no-cache

16:16:00.509 [AsyncHttpClient-1-9] DEBUG org.asynchttpclient.netty.channel.ChannelManager - Adding key: http://localhost:42289 for channel [id: 0x9d4f290d, L:/127.0.0.1:14944 - R:localhost/127.0.0.1:42289]
16:16:00.510 [Forwarding getCurrentUrl on session c5d00d0fd7277efdb16aba8a894464e4 to remote] DEBUG org.asynchttpclient.netty.request.NettyRequestSender - Using pooled Channel '[id: 0x9d4f290d, L:/127.0.0.1:14944 - R:localhost/127.0.0.1:42289]' for 'GET' to 'http://localhost:42289/session/c5d00d0fd7277efdb16aba8a894464e4/url'
16:16:00.510 [Forwarding getCurrentUrl on session c5d00d0fd7277efdb16aba8a894464e4 to remote] DEBUG org.asynchttpclient.netty.request.NettyRequestSender - Using open Channel [id: 0x9d4f290d, L:/127.0.0.1:14944 - R:localhost/127.0.0.1:42289] for GET '/session/c5d00d0fd7277efdb16aba8a894464e4/url'
16:16:00.518 [AsyncHttpClient-1-9] DEBUG org.asynchttpclient.netty.handler.HttpHandler - 

Request DefaultFullHttpRequest(decodeResult: success, version: HTTP/1.1, content: EmptyByteBufBE)
GET /session/c5d00d0fd7277efdb16aba8a894464e4/url HTTP/1.1
User-Agent: selenium/4.8.1 (java windows)
Cache-Control: no-cache
Content-Type: application/json; charset=utf-8
host: localhost:42289
accept: */*

Response DefaultHttpResponse(decodeResult: success, version: HTTP/1.1)
HTTP/1.1 200 OK
Content-Length: 67
Content-Type: application/json; charset=utf-8
cache-control: no-cache

16:16:00.519 [AsyncHttpClient-1-9] DEBUG org.asynchttpclient.netty.channel.ChannelManager - Adding key: http://localhost:42289 for channel [id: 0x9d4f290d, L:/127.0.0.1:14944 - R:localhost/127.0.0.1:42289]
16:16:00.520 [Forwarding screenshot on session c5d00d0fd7277efdb16aba8a894464e4 to remote] DEBUG org.asynchttpclient.netty.request.NettyRequestSender - Using pooled Channel '[id: 0x9d4f290d, L:/127.0.0.1:14944 - R:localhost/127.0.0.1:42289]' for 'GET' to 'http://localhost:42289/session/c5d00d0fd7277efdb16aba8a894464e4/screenshot'
16:16:00.520 [Forwarding screenshot on session c5d00d0fd7277efdb16aba8a894464e4 to remote] DEBUG org.asynchttpclient.netty.request.NettyRequestSender - Using open Channel [id: 0x9d4f290d, L:/127.0.0.1:14944 - R:localhost/127.0.0.1:42289] for GET '/session/c5d00d0fd7277efdb16aba8a894464e4/screenshot'
16:16:00.720 [AsyncHttpClient-1-9] DEBUG org.asynchttpclient.netty.handler.HttpHandler - 

Request DefaultFullHttpRequest(decodeResult: success, version: HTTP/1.1, content: EmptyByteBufBE)
GET /session/c5d00d0fd7277efdb16aba8a894464e4/screenshot HTTP/1.1
User-Agent: selenium/4.8.1 (java windows)
Cache-Control: no-cache
Content-Type: application/json; charset=utf-8
host: localhost:42289
accept: */*

Response DefaultHttpResponse(decodeResult: success, version: HTTP/1.1)
HTTP/1.1 200 OK
Content-Length: 125580
Content-Type: application/json; charset=utf-8
cache-control: no-cache

16:16:00.722 [AsyncHttpClient-1-9] DEBUG org.asynchttpclient.netty.channel.ChannelManager - Adding key: http://localhost:42289 for channel [id: 0x9d4f290d, L:/127.0.0.1:14944 - R:localhost/127.0.0.1:42289]
16:16:00.733 [main] DEBUG net.serenitybdd.core.photography.Darkroom - Send negative for processing for target\site\serenity\4941f49140904c0ee26cf537a907e7d11e0112b7a75e0ec49aa5ff8385b28ebc.png
16:16:00.733 [main] DEBUG net.thucydides.core.steps.StepInterceptor - STEP DONE: clickSignOutButton
16:16:00.733 [Darkroom Processing Line] DEBUG net.serenitybdd.core.photography.DarkroomProcessingLine - Processing screenshot image in /var/screenshots/screenshot-8011570709051394118
16:16:00.733 [Darkroom Processing Line] DEBUG net.serenitybdd.core.photography.DarkroomProcessingLine - Saving screenshot to target\site\serenity\4941f49140904c0ee26cf537a907e7d11e0112b7a75e0ec49aa5ff8385b28ebc.png
  &amp#27;[32mThen &amp#27;[0m&amp#27;[32mI click sign out button and I am back on the sign in page&amp#27;[0m &amp#27;[90m# Starter.Stepdefitions.SignOutSteps.clickSignOutButton()&amp#27;[0m
16:16:00.744 [main] INFO  - 
  _____   ___   ___   _____     ___     _     ___   ___   ___   ___  
 |_   _| | __| / __| |_   _|   | _ \   /_\   / __| / __| | __| |   \ 
   | |   | _|  \__ \   | |     |  _/  / _ \  \__ \ \__ \ | _|  | |) |
   |_|   |___| |___/   |_|     |_|   /_/ \_\ |___/ |___/ |___| |___/ 

As user, I have be able to sign out
----------------------------------------------------------------------
16:16:00.748 [AsyncHttpClient-1-3] DEBUG org.asynchttpclient.netty.handler.WebSocketHandler - Channel Closed: [id: 0x81a63eae, L:/127.0.0.1:14951 ! R:localhost/127.0.0.1:14945] with attribute NettyResponseFuture{currentRetry=0,
	isDone=1,
	isCancelled=0,
	asyncHandler=org.asynchttpclient.ws.WebSocketUpgradeHandler@1d39b91,
	nettyRequest=org.asynchttpclient.netty.request.NettyRequest@94bc11,
	future=java.util.concurrent.CompletableFuture@ab26eb[Completed normally],
	uri=ws://localhost:14945/devtools/browser/8001435a-4850-460a-a97a-b17c3ae0facf,
	keepAlive=true,
	redirectCount=0,
	timeoutsHolder=null,
	inAuth=0,
	touch=1687684547260}
16:16:00.748 [AsyncHttpClient-1-3] DEBUG org.asynchttpclient.netty.channel.ChannelManager - Closing Channel [id: 0x81a63eae, L:/127.0.0.1:14951 ! R:localhost/127.0.0.1:14945] 
16:16:00.751 [Driver Command Executor] DEBUG org.asynchttpclient.netty.request.NettyRequestSender - Using pooled Channel '[id: 0x9d4f290d, L:/127.0.0.1:14944 - R:localhost/127.0.0.1:42289]' for 'DELETE' to 'http://localhost:42289/session/c5d00d0fd7277efdb16aba8a894464e4'
16:16:00.751 [Driver Command Executor] DEBUG org.asynchttpclient.netty.request.NettyRequestSender - Using open Channel [id: 0x9d4f290d, L:/127.0.0.1:14944 - R:localhost/127.0.0.1:42289] for DELETE '/session/c5d00d0fd7277efdb16aba8a894464e4'
16:16:00.943 [AsyncHttpClient-1-1] DEBUG org.asynchttpclient.netty.channel.DefaultChannelPool - Entry count for : http://localhost:14945 : 1
16:16:02.044 [AsyncHttpClient-1-1] DEBUG org.asynchttpclient.netty.channel.DefaultChannelPool - Entry count for : http://localhost:14945 : 1
16:16:03.144 [AsyncHttpClient-1-1] DEBUG org.asynchttpclient.netty.channel.DefaultChannelPool - Entry count for : http://localhost:14945 : 1
16:16:04.244 [AsyncHttpClient-1-1] DEBUG org.asynchttpclient.netty.channel.DefaultChannelPool - Entry count for : http://localhost:14945 : 1
16:16:04.657 [AsyncHttpClient-1-2] DEBUG org.asynchttpclient.netty.handler.HttpHandler - Unexpected I/O exception on channel [id: 0xd82ea2b4, L:/127.0.0.1:14950 - R:localhost/127.0.0.1:14945]
java.io.IOException: An existing connection was forcibly closed by the remote host
	at sun.nio.ch.SocketDispatcher.read0(Native Method)
	at sun.nio.ch.SocketDispatcher.read(SocketDispatcher.java:43)
	at sun.nio.ch.IOUtil.readIntoNativeBuffer(IOUtil.java:223)
	at sun.nio.ch.IOUtil.read(IOUtil.java:192)
	at sun.nio.ch.SocketChannelImpl.read(SocketChannelImpl.java:379)
	at io.netty.buffer.PooledByteBuf.setBytes(PooledByteBuf.java:259)
	at io.netty.buffer.AbstractByteBuf.writeBytes(AbstractByteBuf.java:1132)
	at io.netty.channel.socket.nio.NioSocketChannel.doReadBytes(NioSocketChannel.java:357)
	at io.netty.channel.nio.AbstractNioByteChannel$NioByteUnsafe.read(AbstractNioByteChannel.java:151)
	at io.netty.channel.nio.NioEventLoop.processSelectedKey(NioEventLoop.java:788)
	at io.netty.channel.nio.NioEventLoop.processSelectedKeysOptimized(NioEventLoop.java:724)
	at io.netty.channel.nio.NioEventLoop.processSelectedKeys(NioEventLoop.java:650)
	at io.netty.channel.nio.NioEventLoop.run(NioEventLoop.java:562)
	at io.netty.util.concurrent.SingleThreadEventExecutor$4.run(SingleThreadEventExecutor.java:997)
	at io.netty.util.internal.ThreadExecutorMap$2.run(ThreadExecutorMap.java:74)
	at io.netty.util.concurrent.FastThreadLocalRunnable.run(FastThreadLocalRunnable.java:30)
	at java.lang.Thread.run(Thread.java:745)
16:16:04.658 [AsyncHttpClient-1-2] DEBUG org.asynchttpclient.netty.channel.ChannelManager - Closing Channel [id: 0xd82ea2b4, L:/127.0.0.1:14950 - R:localhost/127.0.0.1:14945] 
16:16:04.658 [AsyncHttpClient-1-2] DEBUG org.asynchttpclient.netty.handler.HttpHandler - Channel Closed: [id: 0xd82ea2b4, L:/127.0.0.1:14950 ! R:localhost/127.0.0.1:14945] with attribute DISCARD
16:16:04.764 [AsyncHttpClient-1-9] DEBUG org.asynchttpclient.netty.handler.HttpHandler - 

Request DefaultFullHttpRequest(decodeResult: success, version: HTTP/1.1, content: EmptyByteBufBE)
DELETE /session/c5d00d0fd7277efdb16aba8a894464e4 HTTP/1.1
User-Agent: selenium/4.8.1 (java windows)
Content-Type: application/json; charset=utf-8
host: localhost:42289
accept: */*

Response DefaultHttpResponse(decodeResult: success, version: HTTP/1.1)
HTTP/1.1 200 OK
Content-Length: 14
Content-Type: application/json; charset=utf-8
cache-control: no-cache

16:16:04.764 [AsyncHttpClient-1-9] DEBUG org.asynchttpclient.netty.channel.ChannelManager - Adding key: http://localhost:42289 for channel [id: 0x9d4f290d, L:/127.0.0.1:14944 - R:localhost/127.0.0.1:42289]
16:16:04.813 [AsyncHttpClient-1-9] DEBUG org.asynchttpclient.netty.handler.HttpHandler - Channel Closed: [id: 0x9d4f290d, L:/127.0.0.1:14944 ! R:localhost/127.0.0.1:42289] with attribute DISCARD
]]></system-out>
    <system-err><![CDATA[Starting ChromeDriver 114.0.5735.90 (386bc09e8f4f2e025eddae123f36f6263096ae49-refs/branch-heads/5735@{#1052}) on port 42289
Only local connections are allowed.
Please see https://chromedriver.chromium.org/security-considerations for suggestions on keeping ChromeDriver safe.
ChromeDriver was started successfully.
Jun 25, 2023 4:15:47 PM org.openqa.selenium.devtools.CdpVersionFinder findNearestMatch
WARNING: Unable to find an exact match for CDP version 114, so returning the closest version found: 110
]]></system-err>
  </testcase>
  <testcase name="As user, I have be able to success login" classname="User be able to sign in" time="20.222">
    <system-out><![CDATA[16:16:05.328 [main] DEBUG io.cucumber.core.plugin.SerenityReporter - Running feature from file:///C:/Users/USER/IdeaProjects/Capston_webtesting/src/test/resources/Feature/Signin.feature
16:16:05.328 [main] WARN io.cucumber.core.plugin.SerenityReporter - Feature from file:///C:/Users/USER/IdeaProjects/Capston_webtesting/src/test/resources/Feature/Signin.feature is not under the 'features' directory. Requirements report will not be correctly generated!
16:16:05.336 [main] DEBUG net.thucydides.core.steps.StepEventBus - Test suite started for story net.thucydides.core.model.Story@5d6a7c13
16:16:05.336 [main] INFO  - Test Suite Started: User be able to sign in

@signin
Scenario: As user, I have be able to success login &amp#27;[90m# src/test/resources/Feature/Signin.feature:7&amp#27;[0m
16:16:05.343 [main] DEBUG io.cucumber.core.plugin.SerenityReporter - Running feature from file:///C:/Users/USER/IdeaProjects/Capston_webtesting/src/test/resources/Feature/Signin.feature
16:16:05.343 [main] WARN io.cucumber.core.plugin.SerenityReporter - Feature from file:///C:/Users/USER/IdeaProjects/Capston_webtesting/src/test/resources/Feature/Signin.feature is not under the 'features' directory. Requirements report will not be correctly generated!
16:16:05.344 [AsyncHttpClient-1-1] DEBUG org.asynchttpclient.netty.channel.DefaultChannelPool - Entry count for : http://localhost:14945 : 1
16:16:05.344 [AsyncHttpClient-1-1] DEBUG org.asynchttpclient.netty.channel.DefaultChannelPool - Entry count for : http://localhost:42289 : 1
16:16:05.344 [AsyncHttpClient-1-1] DEBUG org.asynchttpclient.netty.channel.DefaultChannelPool - Adding Candidate expired Channel [id: 0xd82ea2b4, L:/127.0.0.1:14950 ! R:localhost/127.0.0.1:14945] isIdleTimeoutExpired=false isRemotelyClosed=true isTtlExpired=false
16:16:05.344 [AsyncHttpClient-1-1] DEBUG org.asynchttpclient.netty.channel.DefaultChannelPool - Closing Idle Channel [id: 0xd82ea2b4, L:/127.0.0.1:14950 ! R:localhost/127.0.0.1:14945]
16:16:05.344 [AsyncHttpClient-1-1] DEBUG org.asynchttpclient.netty.channel.DefaultChannelPool - Adding Candidate expired Channel [id: 0x9d4f290d, L:/127.0.0.1:14944 ! R:localhost/127.0.0.1:42289] isIdleTimeoutExpired=false isRemotelyClosed=true isTtlExpired=false
16:16:05.344 [AsyncHttpClient-1-1] DEBUG org.asynchttpclient.netty.channel.DefaultChannelPool - Closing Idle Channel [id: 0x9d4f290d, L:/127.0.0.1:14944 ! R:localhost/127.0.0.1:42289]
16:16:05.344 [AsyncHttpClient-1-1] DEBUG org.asynchttpclient.netty.channel.DefaultChannelPool - Closed 2 connections out of 2 in 0 ms
16:16:05.345 [main] INFO  - 
  _____   ___   ___   _____     ___   _____     _     ___   _____   ___   ___  
 |_   _| | __| / __| |_   _|   / __| |_   _|   /_\   | _ \ |_   _| | __| |   \ 
   | |   | _|  \__ \   | |     \__ \   | |    / _ \  |   /   | |   | _|  | |) |
   |_|   |___| |___/   |_|     |___/   |_|   /_/ \_\ |_|_\   |_|   |___| |___/ 

As user, I have be able to success login(user-be-able-to-sign-in;as-user--i-have-be-able-to-success-login)
--------------------------------------------------------------------------------
16:16:05.428 [main] DEBUG net.thucydides.core.steps.StepInterceptor - STARTING STEP: SigninSteps.onLoginPage - openPage
16:16:05.486 [main] INFO net.serenitybdd.core.webdriver.driverproviders.ChromeDriverProvider - Starting Chrome driver instance with capabilities:
16:16:05.486 [main] INFO net.serenitybdd.core.webdriver.driverproviders.ChromeDriverProvider - Capabilities {acceptInsecureCerts: false, browserName: chrome, goog:chromeOptions: {args: [remote-allow-origins=*], extensions: []}}
16:16:06.067 [AsyncHttpClient-1-4] DEBUG org.asynchttpclient.netty.channel.NettyConnectListener - Using new Channel '[id: 0x43ca98b7, L:/127.0.0.1:14963 - R:localhost/127.0.0.1:40313]' for 'POST' to '/session'
16:16:09.062 [AsyncHttpClient-1-4] DEBUG org.asynchttpclient.netty.handler.HttpHandler - 

Request DefaultHttpRequest(decodeResult: success, version: HTTP/1.1)
POST /session HTTP/1.1
User-Agent: selenium/4.8.1 (java windows)
Content-Length: 507
Content-Type: application/json; charset=utf-8
host: localhost:40313
accept: */*

Response DefaultHttpResponse(decodeResult: success, version: HTTP/1.1)
HTTP/1.1 200 OK
Content-Length: 859
Content-Type: application/json; charset=utf-8
cache-control: no-cache

16:16:09.062 [AsyncHttpClient-1-4] DEBUG org.asynchttpclient.netty.channel.ChannelManager - Adding key: http://localhost:40313 for channel [id: 0x43ca98b7, L:/127.0.0.1:14963 - R:localhost/127.0.0.1:40313]
16:16:09.071 [AsyncHttpClient-1-5] DEBUG org.asynchttpclient.netty.channel.NettyConnectListener - Using new Channel '[id: 0x5a3373a4, L:/127.0.0.1:14969 - R:localhost/127.0.0.1:14964]' for 'GET' to '/json/version'
16:16:09.072 [AsyncHttpClient-1-5] DEBUG org.asynchttpclient.netty.handler.HttpHandler - 

Request DefaultFullHttpRequest(decodeResult: success, version: HTTP/1.1, content: EmptyByteBufBE)
GET /json/version HTTP/1.1
User-Agent: selenium/4.8.1 (java windows)
host: localhost:14964
accept: */*

Response DefaultHttpResponse(decodeResult: success, version: HTTP/1.1)
HTTP/1.1 200 OK
Content-Security-Policy: frame-ancestors 'none'
Content-Length: 424
Content-Type: application/json; charset=UTF-8

16:16:09.072 [AsyncHttpClient-1-5] DEBUG org.asynchttpclient.netty.channel.ChannelManager - Adding key: http://localhost:14964 for channel [id: 0x5a3373a4, L:/127.0.0.1:14969 - R:localhost/127.0.0.1:14964]
16:16:09.075 [AsyncHttpClient-1-6] DEBUG org.asynchttpclient.netty.channel.NettyConnectListener - Using new Channel '[id: 0x457138ae, L:/127.0.0.1:14970 - R:localhost/127.0.0.1:14964]' for 'GET' to '/devtools/browser/06c5c4b0-6a19-4514-af85-9839778529ee'
16:16:09.076 [AsyncHttpClient-1-6] DEBUG org.asynchttpclient.netty.handler.WebSocketHandler - 

Request DefaultFullHttpRequest(decodeResult: success, version: HTTP/1.1, content: EmptyByteBufBE)
GET /devtools/browser/06c5c4b0-6a19-4514-af85-9839778529ee HTTP/1.1
upgrade: websocket
connection: upgrade
sec-websocket-key: Ydl5911xepnDGSBRGx+a8Q==
sec-websocket-version: 13
origin: http://localhost:14964
host: localhost:14964
accept: */*
user-agent: AHC/2.1

Response DefaultHttpResponse(decodeResult: success, version: HTTP/1.1)
HTTP/1.1 101 WebSocket Protocol Handshake
Upgrade: WebSocket
Connection: Upgrade
Sec-WebSocket-Accept: YjM2RgHiO9jPnmRv4gBsdNSNnps=

16:16:09.085 [Forwarding get on session 19e039cde13b56d7853e8c5544cca66c to remote] DEBUG org.asynchttpclient.netty.request.NettyRequestSender - Using pooled Channel '[id: 0x43ca98b7, L:/127.0.0.1:14963 - R:localhost/127.0.0.1:40313]' for 'POST' to 'http://localhost:40313/session/19e039cde13b56d7853e8c5544cca66c/url'
16:16:09.085 [Forwarding get on session 19e039cde13b56d7853e8c5544cca66c to remote] DEBUG org.asynchttpclient.netty.request.NettyRequestSender - Using open Channel [id: 0x43ca98b7, L:/127.0.0.1:14963 - R:localhost/127.0.0.1:40313] for POST '/session/19e039cde13b56d7853e8c5544cca66c/url'
16:16:09.744 [AsyncHttpClient-1-1] DEBUG org.asynchttpclient.netty.channel.DefaultChannelPool - Entry count for : http://localhost:14964 : 1
16:16:10.844 [AsyncHttpClient-1-1] DEBUG org.asynchttpclient.netty.channel.DefaultChannelPool - Entry count for : http://localhost:14964 : 1
16:16:11.943 [AsyncHttpClient-1-1] DEBUG org.asynchttpclient.netty.channel.DefaultChannelPool - Entry count for : http://localhost:14964 : 1
16:16:13.043 [AsyncHttpClient-1-1] DEBUG org.asynchttpclient.netty.channel.DefaultChannelPool - Entry count for : http://localhost:14964 : 1
16:16:14.144 [AsyncHttpClient-1-1] DEBUG org.asynchttpclient.netty.channel.DefaultChannelPool - Entry count for : http://localhost:14964 : 1
16:16:15.244 [AsyncHttpClient-1-1] DEBUG org.asynchttpclient.netty.channel.DefaultChannelPool - Entry count for : http://localhost:14964 : 1
16:16:16.343 [AsyncHttpClient-1-1] DEBUG org.asynchttpclient.netty.channel.DefaultChannelPool - Entry count for : http://localhost:14964 : 1
16:16:16.401 [AsyncHttpClient-1-4] DEBUG org.asynchttpclient.netty.handler.HttpHandler - 

Request DefaultHttpRequest(decodeResult: success, version: HTTP/1.1)
POST /session/19e039cde13b56d7853e8c5544cca66c/url HTTP/1.1
User-Agent: selenium/4.8.1 (java windows)
Content-Length: 82
Content-Type: application/json; charset=utf-8
host: localhost:40313
accept: */*

Response DefaultHttpResponse(decodeResult: success, version: HTTP/1.1)
HTTP/1.1 200 OK
Content-Length: 14
Content-Type: application/json; charset=utf-8
cache-control: no-cache

16:16:16.401 [AsyncHttpClient-1-4] DEBUG org.asynchttpclient.netty.channel.ChannelManager - Adding key: http://localhost:40313 for channel [id: 0x43ca98b7, L:/127.0.0.1:14963 - R:localhost/127.0.0.1:40313]
16:16:16.403 [Forwarding setTimeout on session 19e039cde13b56d7853e8c5544cca66c to remote] DEBUG org.asynchttpclient.netty.request.NettyRequestSender - Using pooled Channel '[id: 0x43ca98b7, L:/127.0.0.1:14963 - R:localhost/127.0.0.1:40313]' for 'POST' to 'http://localhost:40313/session/19e039cde13b56d7853e8c5544cca66c/timeouts'
16:16:16.403 [Forwarding setTimeout on session 19e039cde13b56d7853e8c5544cca66c to remote] DEBUG org.asynchttpclient.netty.request.NettyRequestSender - Using open Channel [id: 0x43ca98b7, L:/127.0.0.1:14963 - R:localhost/127.0.0.1:40313] for POST '/session/19e039cde13b56d7853e8c5544cca66c/timeouts'
16:16:16.404 [AsyncHttpClient-1-4] DEBUG org.asynchttpclient.netty.handler.HttpHandler - 

Request DefaultHttpRequest(decodeResult: success, version: HTTP/1.1)
POST /session/19e039cde13b56d7853e8c5544cca66c/timeouts HTTP/1.1
User-Agent: selenium/4.8.1 (java windows)
Content-Length: 22
Content-Type: application/json; charset=utf-8
host: localhost:40313
accept: */*

Response DefaultHttpResponse(decodeResult: success, version: HTTP/1.1)
HTTP/1.1 200 OK
Content-Length: 14
Content-Type: application/json; charset=utf-8
cache-control: no-cache

16:16:16.405 [AsyncHttpClient-1-4] DEBUG org.asynchttpclient.netty.channel.ChannelManager - Adding key: http://localhost:40313 for channel [id: 0x43ca98b7, L:/127.0.0.1:14963 - R:localhost/127.0.0.1:40313]
16:16:16.419 [main] DEBUG net.serenitybdd.core.photography.Darkroom - Opening darkroom
16:16:16.421 [Darkroom Processing Line] DEBUG net.serenitybdd.core.photography.DarkroomProcessingLine - Darkroom processing line starting up
16:16:16.423 [Forwarding getAlertText on session 19e039cde13b56d7853e8c5544cca66c to remote] DEBUG org.asynchttpclient.netty.request.NettyRequestSender - Using pooled Channel '[id: 0x43ca98b7, L:/127.0.0.1:14963 - R:localhost/127.0.0.1:40313]' for 'GET' to 'http://localhost:40313/session/19e039cde13b56d7853e8c5544cca66c/alert/text'
16:16:16.423 [Forwarding getAlertText on session 19e039cde13b56d7853e8c5544cca66c to remote] DEBUG org.asynchttpclient.netty.request.NettyRequestSender - Using open Channel [id: 0x43ca98b7, L:/127.0.0.1:14963 - R:localhost/127.0.0.1:40313] for GET '/session/19e039cde13b56d7853e8c5544cca66c/alert/text'
16:16:16.425 [AsyncHttpClient-1-4] DEBUG org.asynchttpclient.netty.handler.HttpHandler - 

Request DefaultFullHttpRequest(decodeResult: success, version: HTTP/1.1, content: EmptyByteBufBE)
GET /session/19e039cde13b56d7853e8c5544cca66c/alert/text HTTP/1.1
User-Agent: selenium/4.8.1 (java windows)
Cache-Control: no-cache
Content-Type: application/json; charset=utf-8
host: localhost:40313
accept: */*

Response DefaultHttpResponse(decodeResult: success, version: HTTP/1.1)
HTTP/1.1 404 Not Found
Content-Length: 807
Content-Type: application/json; charset=utf-8
cache-control: no-cache

16:16:16.425 [AsyncHttpClient-1-4] DEBUG org.asynchttpclient.netty.channel.ChannelManager - Adding key: http://localhost:40313 for channel [id: 0x43ca98b7, L:/127.0.0.1:14963 - R:localhost/127.0.0.1:40313]
16:16:16.427 [Forwarding getCurrentUrl on session 19e039cde13b56d7853e8c5544cca66c to remote] DEBUG org.asynchttpclient.netty.request.NettyRequestSender - Using pooled Channel '[id: 0x43ca98b7, L:/127.0.0.1:14963 - R:localhost/127.0.0.1:40313]' for 'GET' to 'http://localhost:40313/session/19e039cde13b56d7853e8c5544cca66c/url'
16:16:16.427 [Forwarding getCurrentUrl on session 19e039cde13b56d7853e8c5544cca66c to remote] DEBUG org.asynchttpclient.netty.request.NettyRequestSender - Using open Channel [id: 0x43ca98b7, L:/127.0.0.1:14963 - R:localhost/127.0.0.1:40313] for GET '/session/19e039cde13b56d7853e8c5544cca66c/url'
16:16:16.434 [AsyncHttpClient-1-4] DEBUG org.asynchttpclient.netty.handler.HttpHandler - 

Request DefaultFullHttpRequest(decodeResult: success, version: HTTP/1.1, content: EmptyByteBufBE)
GET /session/19e039cde13b56d7853e8c5544cca66c/url HTTP/1.1
User-Agent: selenium/4.8.1 (java windows)
Cache-Control: no-cache
Content-Type: application/json; charset=utf-8
host: localhost:40313
accept: */*

Response DefaultHttpResponse(decodeResult: success, version: HTTP/1.1)
HTTP/1.1 200 OK
Content-Length: 64
Content-Type: application/json; charset=utf-8
cache-control: no-cache

16:16:16.434 [AsyncHttpClient-1-4] DEBUG org.asynchttpclient.netty.channel.ChannelManager - Adding key: http://localhost:40313 for channel [id: 0x43ca98b7, L:/127.0.0.1:14963 - R:localhost/127.0.0.1:40313]
16:16:16.436 [Forwarding screenshot on session 19e039cde13b56d7853e8c5544cca66c to remote] DEBUG org.asynchttpclient.netty.request.NettyRequestSender - Using pooled Channel '[id: 0x43ca98b7, L:/127.0.0.1:14963 - R:localhost/127.0.0.1:40313]' for 'GET' to 'http://localhost:40313/session/19e039cde13b56d7853e8c5544cca66c/screenshot'
16:16:16.436 [Forwarding screenshot on session 19e039cde13b56d7853e8c5544cca66c to remote] DEBUG org.asynchttpclient.netty.request.NettyRequestSender - Using open Channel [id: 0x43ca98b7, L:/127.0.0.1:14963 - R:localhost/127.0.0.1:40313] for GET '/session/19e039cde13b56d7853e8c5544cca66c/screenshot'
16:16:17.444 [AsyncHttpClient-1-1] DEBUG org.asynchttpclient.netty.channel.DefaultChannelPool - Entry count for : http://localhost:14964 : 1
16:16:18.543 [AsyncHttpClient-1-1] DEBUG org.asynchttpclient.netty.channel.DefaultChannelPool - Entry count for : http://localhost:14964 : 1
16:16:19.644 [AsyncHttpClient-1-1] DEBUG org.asynchttpclient.netty.channel.DefaultChannelPool - Entry count for : http://localhost:14964 : 1
16:16:20.322 [AsyncHttpClient-1-4] DEBUG org.asynchttpclient.netty.handler.HttpHandler - 

Request DefaultFullHttpRequest(decodeResult: success, version: HTTP/1.1, content: EmptyByteBufBE)
GET /session/19e039cde13b56d7853e8c5544cca66c/screenshot HTTP/1.1
User-Agent: selenium/4.8.1 (java windows)
Cache-Control: no-cache
Content-Type: application/json; charset=utf-8
host: localhost:40313
accept: */*

Response DefaultHttpResponse(decodeResult: success, version: HTTP/1.1)
HTTP/1.1 200 OK
Content-Length: 46940
Content-Type: application/json; charset=utf-8
cache-control: no-cache

16:16:20.323 [AsyncHttpClient-1-4] DEBUG org.asynchttpclient.netty.channel.ChannelManager - Adding key: http://localhost:40313 for channel [id: 0x43ca98b7, L:/127.0.0.1:14963 - R:localhost/127.0.0.1:40313]
16:16:20.384 [main] DEBUG net.serenitybdd.core.photography.Darkroom - Send negative for processing for target\site\serenity\b276c4c5569dbdc991b227431bed16b6d8e89de34f7e00b4fcfdc739991c907c.png
16:16:20.384 [main] DEBUG net.thucydides.core.steps.StepInterceptor - STEP DONE: openPage
  &amp#27;[32mGiven &amp#27;[0m&amp#27;[32mI am on the sign in page&amp#27;[0m                   &amp#27;[90m# Starter.Stepdefitions.SigninSteps.onLoginPage()&amp#27;[0m
16:16:20.396 [Forwarding getPageSource on session 19e039cde13b56d7853e8c5544cca66c to remote] DEBUG org.asynchttpclient.netty.request.NettyRequestSender - Using pooled Channel '[id: 0x43ca98b7, L:/127.0.0.1:14963 - R:localhost/127.0.0.1:40313]' for 'POST' to 'http://localhost:40313/session/19e039cde13b56d7853e8c5544cca66c/execute/sync'
16:16:20.396 [Forwarding getPageSource on session 19e039cde13b56d7853e8c5544cca66c to remote] DEBUG org.asynchttpclient.netty.request.NettyRequestSender - Using open Channel [id: 0x43ca98b7, L:/127.0.0.1:14963 - R:localhost/127.0.0.1:40313] for POST '/session/19e039cde13b56d7853e8c5544cca66c/execute/sync'
16:16:20.403 [AsyncHttpClient-1-4] DEBUG org.asynchttpclient.netty.handler.HttpHandler - 

Request DefaultHttpRequest(decodeResult: success, version: HTTP/1.1)
POST /session/19e039cde13b56d7853e8c5544cca66c/execute/sync HTTP/1.1
User-Agent: selenium/4.8.1 (java windows)
Content-Length: 176
Content-Type: application/json; charset=utf-8
host: localhost:40313
accept: */*

Response DefaultHttpResponse(decodeResult: success, version: HTTP/1.1)
HTTP/1.1 200 OK
Content-Length: 5992
Content-Type: application/json; charset=utf-8
cache-control: no-cache

16:16:20.403 [AsyncHttpClient-1-4] DEBUG org.asynchttpclient.netty.channel.ChannelManager - Adding key: http://localhost:40313 for channel [id: 0x43ca98b7, L:/127.0.0.1:14963 - R:localhost/127.0.0.1:40313]
16:16:20.405 [Forwarding getCurrentUrl on session 19e039cde13b56d7853e8c5544cca66c to remote] DEBUG org.asynchttpclient.netty.request.NettyRequestSender - Using pooled Channel '[id: 0x43ca98b7, L:/127.0.0.1:14963 - R:localhost/127.0.0.1:40313]' for 'GET' to 'http://localhost:40313/session/19e039cde13b56d7853e8c5544cca66c/url'
16:16:20.405 [Forwarding getCurrentUrl on session 19e039cde13b56d7853e8c5544cca66c to remote] DEBUG org.asynchttpclient.netty.request.NettyRequestSender - Using open Channel [id: 0x43ca98b7, L:/127.0.0.1:14963 - R:localhost/127.0.0.1:40313] for GET '/session/19e039cde13b56d7853e8c5544cca66c/url'
16:16:20.409 [AsyncHttpClient-1-4] DEBUG org.asynchttpclient.netty.handler.HttpHandler - 

Request DefaultFullHttpRequest(decodeResult: success, version: HTTP/1.1, content: EmptyByteBufBE)
GET /session/19e039cde13b56d7853e8c5544cca66c/url HTTP/1.1
User-Agent: selenium/4.8.1 (java windows)
Cache-Control: no-cache
Content-Type: application/json; charset=utf-8
host: localhost:40313
accept: */*

Response DefaultHttpResponse(decodeResult: success, version: HTTP/1.1)
HTTP/1.1 200 OK
Content-Length: 64
Content-Type: application/json; charset=utf-8
cache-control: no-cache

16:16:20.409 [AsyncHttpClient-1-4] DEBUG org.asynchttpclient.netty.channel.ChannelManager - Adding key: http://localhost:40313 for channel [id: 0x43ca98b7, L:/127.0.0.1:14963 - R:localhost/127.0.0.1:40313]
16:16:20.421 [Forwarding getPageSource on session 19e039cde13b56d7853e8c5544cca66c to remote] DEBUG org.asynchttpclient.netty.request.NettyRequestSender - Using pooled Channel '[id: 0x43ca98b7, L:/127.0.0.1:14963 - R:localhost/127.0.0.1:40313]' for 'POST' to 'http://localhost:40313/session/19e039cde13b56d7853e8c5544cca66c/execute/sync'
16:16:20.421 [Forwarding getPageSource on session 19e039cde13b56d7853e8c5544cca66c to remote] DEBUG org.asynchttpclient.netty.request.NettyRequestSender - Using open Channel [id: 0x43ca98b7, L:/127.0.0.1:14963 - R:localhost/127.0.0.1:40313] for POST '/session/19e039cde13b56d7853e8c5544cca66c/execute/sync'
16:16:20.426 [AsyncHttpClient-1-4] DEBUG org.asynchttpclient.netty.handler.HttpHandler - 

Request DefaultHttpRequest(decodeResult: success, version: HTTP/1.1)
POST /session/19e039cde13b56d7853e8c5544cca66c/execute/sync HTTP/1.1
User-Agent: selenium/4.8.1 (java windows)
Content-Length: 176
Content-Type: application/json; charset=utf-8
host: localhost:40313
accept: */*

Response DefaultHttpResponse(decodeResult: success, version: HTTP/1.1)
HTTP/1.1 200 OK
Content-Length: 5992
Content-Type: application/json; charset=utf-8
cache-control: no-cache

16:16:20.426 [AsyncHttpClient-1-4] DEBUG org.asynchttpclient.netty.channel.ChannelManager - Adding key: http://localhost:40313 for channel [id: 0x43ca98b7, L:/127.0.0.1:14963 - R:localhost/127.0.0.1:40313]
16:16:20.428 [Forwarding getCurrentUrl on session 19e039cde13b56d7853e8c5544cca66c to remote] DEBUG org.asynchttpclient.netty.request.NettyRequestSender - Using pooled Channel '[id: 0x43ca98b7, L:/127.0.0.1:14963 - R:localhost/127.0.0.1:40313]' for 'GET' to 'http://localhost:40313/session/19e039cde13b56d7853e8c5544cca66c/url'
16:16:20.428 [Forwarding getCurrentUrl on session 19e039cde13b56d7853e8c5544cca66c to remote] DEBUG org.asynchttpclient.netty.request.NettyRequestSender - Using open Channel [id: 0x43ca98b7, L:/127.0.0.1:14963 - R:localhost/127.0.0.1:40313] for GET '/session/19e039cde13b56d7853e8c5544cca66c/url'
16:16:20.432 [AsyncHttpClient-1-4] DEBUG org.asynchttpclient.netty.handler.HttpHandler - 

Request DefaultFullHttpRequest(decodeResult: success, version: HTTP/1.1, content: EmptyByteBufBE)
GET /session/19e039cde13b56d7853e8c5544cca66c/url HTTP/1.1
User-Agent: selenium/4.8.1 (java windows)
Cache-Control: no-cache
Content-Type: application/json; charset=utf-8
host: localhost:40313
accept: */*

Response DefaultHttpResponse(decodeResult: success, version: HTTP/1.1)
HTTP/1.1 200 OK
Content-Length: 64
Content-Type: application/json; charset=utf-8
cache-control: no-cache

16:16:20.433 [AsyncHttpClient-1-4] DEBUG org.asynchttpclient.netty.channel.ChannelManager - Adding key: http://localhost:40313 for channel [id: 0x43ca98b7, L:/127.0.0.1:14963 - R:localhost/127.0.0.1:40313]
16:16:20.437 [main] DEBUG net.thucydides.core.steps.StepInterceptor - STARTING STEP: SigninSteps.inputEmail - inputEmail
16:16:20.440 [Forwarding findElement on session 19e039cde13b56d7853e8c5544cca66c to remote] DEBUG org.asynchttpclient.netty.request.NettyRequestSender - Using pooled Channel '[id: 0x43ca98b7, L:/127.0.0.1:14963 - R:localhost/127.0.0.1:40313]' for 'POST' to 'http://localhost:40313/session/19e039cde13b56d7853e8c5544cca66c/element'
16:16:20.440 [Forwarding findElement on session 19e039cde13b56d7853e8c5544cca66c to remote] DEBUG org.asynchttpclient.netty.request.NettyRequestSender - Using open Channel [id: 0x43ca98b7, L:/127.0.0.1:14963 - R:localhost/127.0.0.1:40313] for POST '/session/19e039cde13b56d7853e8c5544cca66c/element'
16:16:20.453 [AsyncHttpClient-1-4] DEBUG org.asynchttpclient.netty.handler.HttpHandler - 

Request DefaultHttpRequest(decodeResult: success, version: HTTP/1.1)
POST /session/19e039cde13b56d7853e8c5544cca66c/element HTTP/1.1
User-Agent: selenium/4.8.1 (java windows)
Content-Length: 67
Content-Type: application/json; charset=utf-8
host: localhost:40313
accept: */*

Response DefaultHttpResponse(decodeResult: success, version: HTTP/1.1)
HTTP/1.1 200 OK
Content-Length: 94
Content-Type: application/json; charset=utf-8
cache-control: no-cache

16:16:20.453 [AsyncHttpClient-1-4] DEBUG org.asynchttpclient.netty.channel.ChannelManager - Adding key: http://localhost:40313 for channel [id: 0x43ca98b7, L:/127.0.0.1:14963 - R:localhost/127.0.0.1:40313]
16:16:20.454 [Forwarding clearElement on session 19e039cde13b56d7853e8c5544cca66c to remote] DEBUG org.asynchttpclient.netty.request.NettyRequestSender - Using pooled Channel '[id: 0x43ca98b7, L:/127.0.0.1:14963 - R:localhost/127.0.0.1:40313]' for 'POST' to 'http://localhost:40313/session/19e039cde13b56d7853e8c5544cca66c/element/C1AB894A3637FE8022922D77A45CD936_element_7/clear'
16:16:20.454 [Forwarding clearElement on session 19e039cde13b56d7853e8c5544cca66c to remote] DEBUG org.asynchttpclient.netty.request.NettyRequestSender - Using open Channel [id: 0x43ca98b7, L:/127.0.0.1:14963 - R:localhost/127.0.0.1:40313] for POST '/session/19e039cde13b56d7853e8c5544cca66c/element/C1AB894A3637FE8022922D77A45CD936_element_7/clear'
16:16:20.491 [AsyncHttpClient-1-4] DEBUG org.asynchttpclient.netty.handler.HttpHandler - 

Request DefaultHttpRequest(decodeResult: success, version: HTTP/1.1)
POST /session/19e039cde13b56d7853e8c5544cca66c/element/C1AB894A3637FE8022922D77A45CD936_element_7/clear HTTP/1.1
User-Agent: selenium/4.8.1 (java windows)
Content-Length: 56
Content-Type: application/json; charset=utf-8
host: localhost:40313
accept: */*

Response DefaultHttpResponse(decodeResult: success, version: HTTP/1.1)
HTTP/1.1 200 OK
Content-Length: 14
Content-Type: application/json; charset=utf-8
cache-control: no-cache

16:16:20.491 [AsyncHttpClient-1-4] DEBUG org.asynchttpclient.netty.channel.ChannelManager - Adding key: http://localhost:40313 for channel [id: 0x43ca98b7, L:/127.0.0.1:14963 - R:localhost/127.0.0.1:40313]
16:16:20.492 [Forwarding sendKeysToElement on session 19e039cde13b56d7853e8c5544cca66c to remote] DEBUG org.asynchttpclient.netty.request.NettyRequestSender - Using pooled Channel '[id: 0x43ca98b7, L:/127.0.0.1:14963 - R:localhost/127.0.0.1:40313]' for 'POST' to 'http://localhost:40313/session/19e039cde13b56d7853e8c5544cca66c/element/C1AB894A3637FE8022922D77A45CD936_element_7/value'
16:16:20.492 [Forwarding sendKeysToElement on session 19e039cde13b56d7853e8c5544cca66c to remote] DEBUG org.asynchttpclient.netty.request.NettyRequestSender - Using open Channel [id: 0x43ca98b7, L:/127.0.0.1:14963 - R:localhost/127.0.0.1:40313] for POST '/session/19e039cde13b56d7853e8c5544cca66c/element/C1AB894A3637FE8022922D77A45CD936_element_7/value'
16:16:20.743 [AsyncHttpClient-1-1] DEBUG org.asynchttpclient.netty.channel.DefaultChannelPool - Entry count for : http://localhost:14964 : 1
16:16:20.746 [AsyncHttpClient-1-4] DEBUG org.asynchttpclient.netty.handler.HttpHandler - 

Request DefaultHttpRequest(decodeResult: success, version: HTTP/1.1)
POST /session/19e039cde13b56d7853e8c5544cca66c/element/C1AB894A3637FE8022922D77A45CD936_element_7/value HTTP/1.1
User-Agent: selenium/4.8.1 (java windows)
Content-Length: 257
Content-Type: application/json; charset=utf-8
host: localhost:40313
accept: */*

Response DefaultHttpResponse(decodeResult: success, version: HTTP/1.1)
HTTP/1.1 200 OK
Content-Length: 14
Content-Type: application/json; charset=utf-8
cache-control: no-cache

16:16:20.746 [AsyncHttpClient-1-4] DEBUG org.asynchttpclient.netty.channel.ChannelManager - Adding key: http://localhost:40313 for channel [id: 0x43ca98b7, L:/127.0.0.1:14963 - R:localhost/127.0.0.1:40313]
16:16:20.761 [Forwarding getAlertText on session 19e039cde13b56d7853e8c5544cca66c to remote] DEBUG org.asynchttpclient.netty.request.NettyRequestSender - Using pooled Channel '[id: 0x43ca98b7, L:/127.0.0.1:14963 - R:localhost/127.0.0.1:40313]' for 'GET' to 'http://localhost:40313/session/19e039cde13b56d7853e8c5544cca66c/alert/text'
16:16:20.761 [Forwarding getAlertText on session 19e039cde13b56d7853e8c5544cca66c to remote] DEBUG org.asynchttpclient.netty.request.NettyRequestSender - Using open Channel [id: 0x43ca98b7, L:/127.0.0.1:14963 - R:localhost/127.0.0.1:40313] for GET '/session/19e039cde13b56d7853e8c5544cca66c/alert/text'
16:16:20.763 [AsyncHttpClient-1-4] DEBUG org.asynchttpclient.netty.handler.HttpHandler - 

Request DefaultFullHttpRequest(decodeResult: success, version: HTTP/1.1, content: EmptyByteBufBE)
GET /session/19e039cde13b56d7853e8c5544cca66c/alert/text HTTP/1.1
User-Agent: selenium/4.8.1 (java windows)
Cache-Control: no-cache
Content-Type: application/json; charset=utf-8
host: localhost:40313
accept: */*

Response DefaultHttpResponse(decodeResult: success, version: HTTP/1.1)
HTTP/1.1 404 Not Found
Content-Length: 807
Content-Type: application/json; charset=utf-8
cache-control: no-cache

16:16:20.763 [AsyncHttpClient-1-4] DEBUG org.asynchttpclient.netty.channel.ChannelManager - Adding key: http://localhost:40313 for channel [id: 0x43ca98b7, L:/127.0.0.1:14963 - R:localhost/127.0.0.1:40313]
16:16:20.764 [Forwarding getCurrentUrl on session 19e039cde13b56d7853e8c5544cca66c to remote] DEBUG org.asynchttpclient.netty.request.NettyRequestSender - Using pooled Channel '[id: 0x43ca98b7, L:/127.0.0.1:14963 - R:localhost/127.0.0.1:40313]' for 'GET' to 'http://localhost:40313/session/19e039cde13b56d7853e8c5544cca66c/url'
16:16:20.764 [Forwarding getCurrentUrl on session 19e039cde13b56d7853e8c5544cca66c to remote] DEBUG org.asynchttpclient.netty.request.NettyRequestSender - Using open Channel [id: 0x43ca98b7, L:/127.0.0.1:14963 - R:localhost/127.0.0.1:40313] for GET '/session/19e039cde13b56d7853e8c5544cca66c/url'
16:16:20.767 [AsyncHttpClient-1-4] DEBUG org.asynchttpclient.netty.handler.HttpHandler - 

Request DefaultFullHttpRequest(decodeResult: success, version: HTTP/1.1, content: EmptyByteBufBE)
GET /session/19e039cde13b56d7853e8c5544cca66c/url HTTP/1.1
User-Agent: selenium/4.8.1 (java windows)
Cache-Control: no-cache
Content-Type: application/json; charset=utf-8
host: localhost:40313
accept: */*

Response DefaultHttpResponse(decodeResult: success, version: HTTP/1.1)
HTTP/1.1 200 OK
Content-Length: 64
Content-Type: application/json; charset=utf-8
cache-control: no-cache

16:16:20.767 [AsyncHttpClient-1-4] DEBUG org.asynchttpclient.netty.channel.ChannelManager - Adding key: http://localhost:40313 for channel [id: 0x43ca98b7, L:/127.0.0.1:14963 - R:localhost/127.0.0.1:40313]
16:16:20.768 [Forwarding screenshot on session 19e039cde13b56d7853e8c5544cca66c to remote] DEBUG org.asynchttpclient.netty.request.NettyRequestSender - Using pooled Channel '[id: 0x43ca98b7, L:/127.0.0.1:14963 - R:localhost/127.0.0.1:40313]' for 'GET' to 'http://localhost:40313/session/19e039cde13b56d7853e8c5544cca66c/screenshot'
16:16:20.768 [Forwarding screenshot on session 19e039cde13b56d7853e8c5544cca66c to remote] DEBUG org.asynchttpclient.netty.request.NettyRequestSender - Using open Channel [id: 0x43ca98b7, L:/127.0.0.1:14963 - R:localhost/127.0.0.1:40313] for GET '/session/19e039cde13b56d7853e8c5544cca66c/screenshot'
16:16:20.909 [AsyncHttpClient-1-4] DEBUG org.asynchttpclient.netty.handler.HttpHandler - 

Request DefaultFullHttpRequest(decodeResult: success, version: HTTP/1.1, content: EmptyByteBufBE)
GET /session/19e039cde13b56d7853e8c5544cca66c/screenshot HTTP/1.1
User-Agent: selenium/4.8.1 (java windows)
Cache-Control: no-cache
Content-Type: application/json; charset=utf-8
host: localhost:40313
accept: */*

Response DefaultHttpResponse(decodeResult: success, version: HTTP/1.1)
HTTP/1.1 200 OK
Content-Length: 126860
Content-Type: application/json; charset=utf-8
cache-control: no-cache

16:16:20.910 [AsyncHttpClient-1-4] DEBUG org.asynchttpclient.netty.channel.ChannelManager - Adding key: http://localhost:40313 for channel [id: 0x43ca98b7, L:/127.0.0.1:14963 - R:localhost/127.0.0.1:40313]
16:16:20.916 [main] DEBUG net.serenitybdd.core.photography.Darkroom - Send negative for processing for target\site\serenity\8ea53f2fd0462607c1a1f7d4f2d323be033f245facd593f5983c52b2a015fa62.png
16:16:20.916 [main] DEBUG net.thucydides.core.steps.StepInterceptor - STEP DONE: inputEmail
  &amp#27;[32mWhen &amp#27;[0m&amp#27;[32mI input email&amp#27;[0m                               &amp#27;[90m# Starter.Stepdefitions.SigninSteps.inputEmail()&amp#27;[0m
16:16:20.925 [Forwarding getPageSource on session 19e039cde13b56d7853e8c5544cca66c to remote] DEBUG org.asynchttpclient.netty.request.NettyRequestSender - Using pooled Channel '[id: 0x43ca98b7, L:/127.0.0.1:14963 - R:localhost/127.0.0.1:40313]' for 'POST' to 'http://localhost:40313/session/19e039cde13b56d7853e8c5544cca66c/execute/sync'
16:16:20.926 [Forwarding getPageSource on session 19e039cde13b56d7853e8c5544cca66c to remote] DEBUG org.asynchttpclient.netty.request.NettyRequestSender - Using open Channel [id: 0x43ca98b7, L:/127.0.0.1:14963 - R:localhost/127.0.0.1:40313] for POST '/session/19e039cde13b56d7853e8c5544cca66c/execute/sync'
16:16:20.932 [AsyncHttpClient-1-4] DEBUG org.asynchttpclient.netty.handler.HttpHandler - 

Request DefaultHttpRequest(decodeResult: success, version: HTTP/1.1)
POST /session/19e039cde13b56d7853e8c5544cca66c/execute/sync HTTP/1.1
User-Agent: selenium/4.8.1 (java windows)
Content-Length: 176
Content-Type: application/json; charset=utf-8
host: localhost:40313
accept: */*

Response DefaultHttpResponse(decodeResult: success, version: HTTP/1.1)
HTTP/1.1 200 OK
Content-Length: 6025
Content-Type: application/json; charset=utf-8
cache-control: no-cache

16:16:20.932 [AsyncHttpClient-1-4] DEBUG org.asynchttpclient.netty.channel.ChannelManager - Adding key: http://localhost:40313 for channel [id: 0x43ca98b7, L:/127.0.0.1:14963 - R:localhost/127.0.0.1:40313]
16:16:20.935 [Forwarding getCurrentUrl on session 19e039cde13b56d7853e8c5544cca66c to remote] DEBUG org.asynchttpclient.netty.request.NettyRequestSender - Using pooled Channel '[id: 0x43ca98b7, L:/127.0.0.1:14963 - R:localhost/127.0.0.1:40313]' for 'GET' to 'http://localhost:40313/session/19e039cde13b56d7853e8c5544cca66c/url'
16:16:20.936 [Forwarding getCurrentUrl on session 19e039cde13b56d7853e8c5544cca66c to remote] DEBUG org.asynchttpclient.netty.request.NettyRequestSender - Using open Channel [id: 0x43ca98b7, L:/127.0.0.1:14963 - R:localhost/127.0.0.1:40313] for GET '/session/19e039cde13b56d7853e8c5544cca66c/url'
16:16:20.941 [AsyncHttpClient-1-4] DEBUG org.asynchttpclient.netty.handler.HttpHandler - 

Request DefaultFullHttpRequest(decodeResult: success, version: HTTP/1.1, content: EmptyByteBufBE)
GET /session/19e039cde13b56d7853e8c5544cca66c/url HTTP/1.1
User-Agent: selenium/4.8.1 (java windows)
Cache-Control: no-cache
Content-Type: application/json; charset=utf-8
host: localhost:40313
accept: */*

Response DefaultHttpResponse(decodeResult: success, version: HTTP/1.1)
HTTP/1.1 200 OK
Content-Length: 64
Content-Type: application/json; charset=utf-8
cache-control: no-cache

16:16:20.941 [AsyncHttpClient-1-4] DEBUG org.asynchttpclient.netty.channel.ChannelManager - Adding key: http://localhost:40313 for channel [id: 0x43ca98b7, L:/127.0.0.1:14963 - R:localhost/127.0.0.1:40313]
16:16:21.005 [Forwarding getAlertText on session 19e039cde13b56d7853e8c5544cca66c to remote] DEBUG org.asynchttpclient.netty.request.NettyRequestSender - Using pooled Channel '[id: 0x43ca98b7, L:/127.0.0.1:14963 - R:localhost/127.0.0.1:40313]' for 'GET' to 'http://localhost:40313/session/19e039cde13b56d7853e8c5544cca66c/alert/text'
16:16:21.005 [Forwarding getAlertText on session 19e039cde13b56d7853e8c5544cca66c to remote] DEBUG org.asynchttpclient.netty.request.NettyRequestSender - Using open Channel [id: 0x43ca98b7, L:/127.0.0.1:14963 - R:localhost/127.0.0.1:40313] for GET '/session/19e039cde13b56d7853e8c5544cca66c/alert/text'
16:16:21.006 [AsyncHttpClient-1-4] DEBUG org.asynchttpclient.netty.handler.HttpHandler - 

Request DefaultFullHttpRequest(decodeResult: success, version: HTTP/1.1, content: EmptyByteBufBE)
GET /session/19e039cde13b56d7853e8c5544cca66c/alert/text HTTP/1.1
User-Agent: selenium/4.8.1 (java windows)
Cache-Control: no-cache
Content-Type: application/json; charset=utf-8
host: localhost:40313
accept: */*

Response DefaultHttpResponse(decodeResult: success, version: HTTP/1.1)
HTTP/1.1 404 Not Found
Content-Length: 807
Content-Type: application/json; charset=utf-8
cache-control: no-cache

16:16:21.006 [AsyncHttpClient-1-4] DEBUG org.asynchttpclient.netty.channel.ChannelManager - Adding key: http://localhost:40313 for channel [id: 0x43ca98b7, L:/127.0.0.1:14963 - R:localhost/127.0.0.1:40313]
16:16:21.007 [Forwarding getCurrentUrl on session 19e039cde13b56d7853e8c5544cca66c to remote] DEBUG org.asynchttpclient.netty.request.NettyRequestSender - Using pooled Channel '[id: 0x43ca98b7, L:/127.0.0.1:14963 - R:localhost/127.0.0.1:40313]' for 'GET' to 'http://localhost:40313/session/19e039cde13b56d7853e8c5544cca66c/url'
16:16:21.007 [Forwarding getCurrentUrl on session 19e039cde13b56d7853e8c5544cca66c to remote] DEBUG org.asynchttpclient.netty.request.NettyRequestSender - Using open Channel [id: 0x43ca98b7, L:/127.0.0.1:14963 - R:localhost/127.0.0.1:40313] for GET '/session/19e039cde13b56d7853e8c5544cca66c/url'
16:16:21.013 [AsyncHttpClient-1-4] DEBUG org.asynchttpclient.netty.handler.HttpHandler - 

Request DefaultFullHttpRequest(decodeResult: success, version: HTTP/1.1, content: EmptyByteBufBE)
GET /session/19e039cde13b56d7853e8c5544cca66c/url HTTP/1.1
User-Agent: selenium/4.8.1 (java windows)
Cache-Control: no-cache
Content-Type: application/json; charset=utf-8
host: localhost:40313
accept: */*

Response DefaultHttpResponse(decodeResult: success, version: HTTP/1.1)
HTTP/1.1 200 OK
Content-Length: 64
Content-Type: application/json; charset=utf-8
cache-control: no-cache

16:16:21.013 [AsyncHttpClient-1-4] DEBUG org.asynchttpclient.netty.channel.ChannelManager - Adding key: http://localhost:40313 for channel [id: 0x43ca98b7, L:/127.0.0.1:14963 - R:localhost/127.0.0.1:40313]
16:16:21.014 [Forwarding screenshot on session 19e039cde13b56d7853e8c5544cca66c to remote] DEBUG org.asynchttpclient.netty.request.NettyRequestSender - Using pooled Channel '[id: 0x43ca98b7, L:/127.0.0.1:14963 - R:localhost/127.0.0.1:40313]' for 'GET' to 'http://localhost:40313/session/19e039cde13b56d7853e8c5544cca66c/screenshot'
16:16:21.014 [Forwarding screenshot on session 19e039cde13b56d7853e8c5544cca66c to remote] DEBUG org.asynchttpclient.netty.request.NettyRequestSender - Using open Channel [id: 0x43ca98b7, L:/127.0.0.1:14963 - R:localhost/127.0.0.1:40313] for GET '/session/19e039cde13b56d7853e8c5544cca66c/screenshot'
16:16:21.123 [AsyncHttpClient-1-4] DEBUG org.asynchttpclient.netty.handler.HttpHandler - 

Request DefaultFullHttpRequest(decodeResult: success, version: HTTP/1.1, content: EmptyByteBufBE)
GET /session/19e039cde13b56d7853e8c5544cca66c/screenshot HTTP/1.1
User-Agent: selenium/4.8.1 (java windows)
Cache-Control: no-cache
Content-Type: application/json; charset=utf-8
host: localhost:40313
accept: */*

Response DefaultHttpResponse(decodeResult: success, version: HTTP/1.1)
HTTP/1.1 200 OK
Content-Length: 126860
Content-Type: application/json; charset=utf-8
cache-control: no-cache

16:16:21.124 [AsyncHttpClient-1-4] DEBUG org.asynchttpclient.netty.channel.ChannelManager - Adding key: http://localhost:40313 for channel [id: 0x43ca98b7, L:/127.0.0.1:14963 - R:localhost/127.0.0.1:40313]
16:16:21.131 [main] DEBUG net.serenitybdd.core.photography.Darkroom - Send negative for processing for target\site\serenity\8ea53f2fd0462607c1a1f7d4f2d323be033f245facd593f5983c52b2a015fa62.png
16:16:21.133 [Forwarding getPageSource on session 19e039cde13b56d7853e8c5544cca66c to remote] DEBUG org.asynchttpclient.netty.request.NettyRequestSender - Using pooled Channel '[id: 0x43ca98b7, L:/127.0.0.1:14963 - R:localhost/127.0.0.1:40313]' for 'POST' to 'http://localhost:40313/session/19e039cde13b56d7853e8c5544cca66c/execute/sync'
16:16:21.133 [Forwarding getPageSource on session 19e039cde13b56d7853e8c5544cca66c to remote] DEBUG org.asynchttpclient.netty.request.NettyRequestSender - Using open Channel [id: 0x43ca98b7, L:/127.0.0.1:14963 - R:localhost/127.0.0.1:40313] for POST '/session/19e039cde13b56d7853e8c5544cca66c/execute/sync'
16:16:21.138 [AsyncHttpClient-1-4] DEBUG org.asynchttpclient.netty.handler.HttpHandler - 

Request DefaultHttpRequest(decodeResult: success, version: HTTP/1.1)
POST /session/19e039cde13b56d7853e8c5544cca66c/execute/sync HTTP/1.1
User-Agent: selenium/4.8.1 (java windows)
Content-Length: 176
Content-Type: application/json; charset=utf-8
host: localhost:40313
accept: */*

Response DefaultHttpResponse(decodeResult: success, version: HTTP/1.1)
HTTP/1.1 200 OK
Content-Length: 6025
Content-Type: application/json; charset=utf-8
cache-control: no-cache

16:16:21.139 [AsyncHttpClient-1-4] DEBUG org.asynchttpclient.netty.channel.ChannelManager - Adding key: http://localhost:40313 for channel [id: 0x43ca98b7, L:/127.0.0.1:14963 - R:localhost/127.0.0.1:40313]
16:16:21.141 [Forwarding getCurrentUrl on session 19e039cde13b56d7853e8c5544cca66c to remote] DEBUG org.asynchttpclient.netty.request.NettyRequestSender - Using pooled Channel '[id: 0x43ca98b7, L:/127.0.0.1:14963 - R:localhost/127.0.0.1:40313]' for 'GET' to 'http://localhost:40313/session/19e039cde13b56d7853e8c5544cca66c/url'
16:16:21.141 [Forwarding getCurrentUrl on session 19e039cde13b56d7853e8c5544cca66c to remote] DEBUG org.asynchttpclient.netty.request.NettyRequestSender - Using open Channel [id: 0x43ca98b7, L:/127.0.0.1:14963 - R:localhost/127.0.0.1:40313] for GET '/session/19e039cde13b56d7853e8c5544cca66c/url'
16:16:21.146 [AsyncHttpClient-1-4] DEBUG org.asynchttpclient.netty.handler.HttpHandler - 

Request DefaultFullHttpRequest(decodeResult: success, version: HTTP/1.1, content: EmptyByteBufBE)
GET /session/19e039cde13b56d7853e8c5544cca66c/url HTTP/1.1
User-Agent: selenium/4.8.1 (java windows)
Cache-Control: no-cache
Content-Type: application/json; charset=utf-8
host: localhost:40313
accept: */*

Response DefaultHttpResponse(decodeResult: success, version: HTTP/1.1)
HTTP/1.1 200 OK
Content-Length: 64
Content-Type: application/json; charset=utf-8
cache-control: no-cache

16:16:21.146 [AsyncHttpClient-1-4] DEBUG org.asynchttpclient.netty.channel.ChannelManager - Adding key: http://localhost:40313 for channel [id: 0x43ca98b7, L:/127.0.0.1:14963 - R:localhost/127.0.0.1:40313]
16:16:21.148 [main] DEBUG net.thucydides.core.steps.StepInterceptor - STARTING STEP: SigninSteps.inputPassword - inputPassword
16:16:21.151 [Forwarding findElement on session 19e039cde13b56d7853e8c5544cca66c to remote] DEBUG org.asynchttpclient.netty.request.NettyRequestSender - Using pooled Channel '[id: 0x43ca98b7, L:/127.0.0.1:14963 - R:localhost/127.0.0.1:40313]' for 'POST' to 'http://localhost:40313/session/19e039cde13b56d7853e8c5544cca66c/element'
16:16:21.151 [Forwarding findElement on session 19e039cde13b56d7853e8c5544cca66c to remote] DEBUG org.asynchttpclient.netty.request.NettyRequestSender - Using open Channel [id: 0x43ca98b7, L:/127.0.0.1:14963 - R:localhost/127.0.0.1:40313] for POST '/session/19e039cde13b56d7853e8c5544cca66c/element'
16:16:21.163 [AsyncHttpClient-1-4] DEBUG org.asynchttpclient.netty.handler.HttpHandler - 

Request DefaultHttpRequest(decodeResult: success, version: HTTP/1.1)
POST /session/19e039cde13b56d7853e8c5544cca66c/element HTTP/1.1
User-Agent: selenium/4.8.1 (java windows)
Content-Length: 70
Content-Type: application/json; charset=utf-8
host: localhost:40313
accept: */*

Response DefaultHttpResponse(decodeResult: success, version: HTTP/1.1)
HTTP/1.1 200 OK
Content-Length: 95
Content-Type: application/json; charset=utf-8
cache-control: no-cache

16:16:21.163 [AsyncHttpClient-1-4] DEBUG org.asynchttpclient.netty.channel.ChannelManager - Adding key: http://localhost:40313 for channel [id: 0x43ca98b7, L:/127.0.0.1:14963 - R:localhost/127.0.0.1:40313]
16:16:21.164 [Forwarding clearElement on session 19e039cde13b56d7853e8c5544cca66c to remote] DEBUG org.asynchttpclient.netty.request.NettyRequestSender - Using pooled Channel '[id: 0x43ca98b7, L:/127.0.0.1:14963 - R:localhost/127.0.0.1:40313]' for 'POST' to 'http://localhost:40313/session/19e039cde13b56d7853e8c5544cca66c/element/C1AB894A3637FE8022922D77A45CD936_element_10/clear'
16:16:21.164 [Forwarding clearElement on session 19e039cde13b56d7853e8c5544cca66c to remote] DEBUG org.asynchttpclient.netty.request.NettyRequestSender - Using open Channel [id: 0x43ca98b7, L:/127.0.0.1:14963 - R:localhost/127.0.0.1:40313] for POST '/session/19e039cde13b56d7853e8c5544cca66c/element/C1AB894A3637FE8022922D77A45CD936_element_10/clear'
16:16:21.190 [AsyncHttpClient-1-4] DEBUG org.asynchttpclient.netty.handler.HttpHandler - 

Request DefaultHttpRequest(decodeResult: success, version: HTTP/1.1)
POST /session/19e039cde13b56d7853e8c5544cca66c/element/C1AB894A3637FE8022922D77A45CD936_element_10/clear HTTP/1.1
User-Agent: selenium/4.8.1 (java windows)
Content-Length: 57
Content-Type: application/json; charset=utf-8
host: localhost:40313
accept: */*

Response DefaultHttpResponse(decodeResult: success, version: HTTP/1.1)
HTTP/1.1 200 OK
Content-Length: 14
Content-Type: application/json; charset=utf-8
cache-control: no-cache

16:16:21.190 [AsyncHttpClient-1-4] DEBUG org.asynchttpclient.netty.channel.ChannelManager - Adding key: http://localhost:40313 for channel [id: 0x43ca98b7, L:/127.0.0.1:14963 - R:localhost/127.0.0.1:40313]
16:16:21.192 [Forwarding sendKeysToElement on session 19e039cde13b56d7853e8c5544cca66c to remote] DEBUG org.asynchttpclient.netty.request.NettyRequestSender - Using pooled Channel '[id: 0x43ca98b7, L:/127.0.0.1:14963 - R:localhost/127.0.0.1:40313]' for 'POST' to 'http://localhost:40313/session/19e039cde13b56d7853e8c5544cca66c/element/C1AB894A3637FE8022922D77A45CD936_element_10/value'
16:16:21.192 [Forwarding sendKeysToElement on session 19e039cde13b56d7853e8c5544cca66c to remote] DEBUG org.asynchttpclient.netty.request.NettyRequestSender - Using open Channel [id: 0x43ca98b7, L:/127.0.0.1:14963 - R:localhost/127.0.0.1:40313] for POST '/session/19e039cde13b56d7853e8c5544cca66c/element/C1AB894A3637FE8022922D77A45CD936_element_10/value'
16:16:21.389 [AsyncHttpClient-1-4] DEBUG org.asynchttpclient.netty.handler.HttpHandler - 

Request DefaultHttpRequest(decodeResult: success, version: HTTP/1.1)
POST /session/19e039cde13b56d7853e8c5544cca66c/element/C1AB894A3637FE8022922D77A45CD936_element_10/value HTTP/1.1
User-Agent: selenium/4.8.1 (java windows)
Content-Length: 198
Content-Type: application/json; charset=utf-8
host: localhost:40313
accept: */*

Response DefaultHttpResponse(decodeResult: success, version: HTTP/1.1)
HTTP/1.1 200 OK
Content-Length: 14
Content-Type: application/json; charset=utf-8
cache-control: no-cache

16:16:21.389 [AsyncHttpClient-1-4] DEBUG org.asynchttpclient.netty.channel.ChannelManager - Adding key: http://localhost:40313 for channel [id: 0x43ca98b7, L:/127.0.0.1:14963 - R:localhost/127.0.0.1:40313]
16:16:21.396 [Forwarding getAlertText on session 19e039cde13b56d7853e8c5544cca66c to remote] DEBUG org.asynchttpclient.netty.request.NettyRequestSender - Using pooled Channel '[id: 0x43ca98b7, L:/127.0.0.1:14963 - R:localhost/127.0.0.1:40313]' for 'GET' to 'http://localhost:40313/session/19e039cde13b56d7853e8c5544cca66c/alert/text'
16:16:21.396 [Forwarding getAlertText on session 19e039cde13b56d7853e8c5544cca66c to remote] DEBUG org.asynchttpclient.netty.request.NettyRequestSender - Using open Channel [id: 0x43ca98b7, L:/127.0.0.1:14963 - R:localhost/127.0.0.1:40313] for GET '/session/19e039cde13b56d7853e8c5544cca66c/alert/text'
16:16:21.397 [AsyncHttpClient-1-4] DEBUG org.asynchttpclient.netty.handler.HttpHandler - 

Request DefaultFullHttpRequest(decodeResult: success, version: HTTP/1.1, content: EmptyByteBufBE)
GET /session/19e039cde13b56d7853e8c5544cca66c/alert/text HTTP/1.1
User-Agent: selenium/4.8.1 (java windows)
Cache-Control: no-cache
Content-Type: application/json; charset=utf-8
host: localhost:40313
accept: */*

Response DefaultHttpResponse(decodeResult: success, version: HTTP/1.1)
HTTP/1.1 404 Not Found
Content-Length: 807
Content-Type: application/json; charset=utf-8
cache-control: no-cache

16:16:21.397 [AsyncHttpClient-1-4] DEBUG org.asynchttpclient.netty.channel.ChannelManager - Adding key: http://localhost:40313 for channel [id: 0x43ca98b7, L:/127.0.0.1:14963 - R:localhost/127.0.0.1:40313]
16:16:21.398 [Forwarding getCurrentUrl on session 19e039cde13b56d7853e8c5544cca66c to remote] DEBUG org.asynchttpclient.netty.request.NettyRequestSender - Using pooled Channel '[id: 0x43ca98b7, L:/127.0.0.1:14963 - R:localhost/127.0.0.1:40313]' for 'GET' to 'http://localhost:40313/session/19e039cde13b56d7853e8c5544cca66c/url'
16:16:21.398 [Forwarding getCurrentUrl on session 19e039cde13b56d7853e8c5544cca66c to remote] DEBUG org.asynchttpclient.netty.request.NettyRequestSender - Using open Channel [id: 0x43ca98b7, L:/127.0.0.1:14963 - R:localhost/127.0.0.1:40313] for GET '/session/19e039cde13b56d7853e8c5544cca66c/url'
16:16:21.402 [AsyncHttpClient-1-4] DEBUG org.asynchttpclient.netty.handler.HttpHandler - 

Request DefaultFullHttpRequest(decodeResult: success, version: HTTP/1.1, content: EmptyByteBufBE)
GET /session/19e039cde13b56d7853e8c5544cca66c/url HTTP/1.1
User-Agent: selenium/4.8.1 (java windows)
Cache-Control: no-cache
Content-Type: application/json; charset=utf-8
host: localhost:40313
accept: */*

Response DefaultHttpResponse(decodeResult: success, version: HTTP/1.1)
HTTP/1.1 200 OK
Content-Length: 64
Content-Type: application/json; charset=utf-8
cache-control: no-cache

16:16:21.403 [AsyncHttpClient-1-4] DEBUG org.asynchttpclient.netty.channel.ChannelManager - Adding key: http://localhost:40313 for channel [id: 0x43ca98b7, L:/127.0.0.1:14963 - R:localhost/127.0.0.1:40313]
16:16:21.404 [Forwarding screenshot on session 19e039cde13b56d7853e8c5544cca66c to remote] DEBUG org.asynchttpclient.netty.request.NettyRequestSender - Using pooled Channel '[id: 0x43ca98b7, L:/127.0.0.1:14963 - R:localhost/127.0.0.1:40313]' for 'GET' to 'http://localhost:40313/session/19e039cde13b56d7853e8c5544cca66c/screenshot'
16:16:21.405 [Forwarding screenshot on session 19e039cde13b56d7853e8c5544cca66c to remote] DEBUG org.asynchttpclient.netty.request.NettyRequestSender - Using open Channel [id: 0x43ca98b7, L:/127.0.0.1:14963 - R:localhost/127.0.0.1:40313] for GET '/session/19e039cde13b56d7853e8c5544cca66c/screenshot'
16:16:21.527 [AsyncHttpClient-1-4] DEBUG org.asynchttpclient.netty.handler.HttpHandler - 

Request DefaultFullHttpRequest(decodeResult: success, version: HTTP/1.1, content: EmptyByteBufBE)
GET /session/19e039cde13b56d7853e8c5544cca66c/screenshot HTTP/1.1
User-Agent: selenium/4.8.1 (java windows)
Cache-Control: no-cache
Content-Type: application/json; charset=utf-8
host: localhost:40313
accept: */*

Response DefaultHttpResponse(decodeResult: success, version: HTTP/1.1)
HTTP/1.1 200 OK
Content-Length: 124768
Content-Type: application/json; charset=utf-8
cache-control: no-cache

16:16:21.527 [AsyncHttpClient-1-4] DEBUG org.asynchttpclient.netty.channel.ChannelManager - Adding key: http://localhost:40313 for channel [id: 0x43ca98b7, L:/127.0.0.1:14963 - R:localhost/127.0.0.1:40313]
16:16:21.534 [main] DEBUG net.serenitybdd.core.photography.Darkroom - Send negative for processing for target\site\serenity\a482bc7bd961aca5e94723349c45a43c2640dfe964600ce63e970df6c5797a73.png
16:16:21.534 [main] DEBUG net.thucydides.core.steps.StepInterceptor - STEP DONE: inputPassword
  &amp#27;[32mAnd &amp#27;[0m&amp#27;[32mI input password&amp#27;[0m                             &amp#27;[90m# Starter.Stepdefitions.SigninSteps.inputPassword()&amp#27;[0m
16:16:21.543 [Forwarding getPageSource on session 19e039cde13b56d7853e8c5544cca66c to remote] DEBUG org.asynchttpclient.netty.request.NettyRequestSender - Using pooled Channel '[id: 0x43ca98b7, L:/127.0.0.1:14963 - R:localhost/127.0.0.1:40313]' for 'POST' to 'http://localhost:40313/session/19e039cde13b56d7853e8c5544cca66c/execute/sync'
16:16:21.546 [Forwarding getPageSource on session 19e039cde13b56d7853e8c5544cca66c to remote] DEBUG org.asynchttpclient.netty.request.NettyRequestSender - Using open Channel [id: 0x43ca98b7, L:/127.0.0.1:14963 - R:localhost/127.0.0.1:40313] for POST '/session/19e039cde13b56d7853e8c5544cca66c/execute/sync'
16:16:21.551 [AsyncHttpClient-1-4] DEBUG org.asynchttpclient.netty.handler.HttpHandler - 

Request DefaultHttpRequest(decodeResult: success, version: HTTP/1.1)
POST /session/19e039cde13b56d7853e8c5544cca66c/execute/sync HTTP/1.1
User-Agent: selenium/4.8.1 (java windows)
Content-Length: 176
Content-Type: application/json; charset=utf-8
host: localhost:40313
accept: */*

Response DefaultHttpResponse(decodeResult: success, version: HTTP/1.1)
HTTP/1.1 200 OK
Content-Length: 6036
Content-Type: application/json; charset=utf-8
cache-control: no-cache

16:16:21.551 [AsyncHttpClient-1-4] DEBUG org.asynchttpclient.netty.channel.ChannelManager - Adding key: http://localhost:40313 for channel [id: 0x43ca98b7, L:/127.0.0.1:14963 - R:localhost/127.0.0.1:40313]
16:16:21.553 [Forwarding getCurrentUrl on session 19e039cde13b56d7853e8c5544cca66c to remote] DEBUG org.asynchttpclient.netty.request.NettyRequestSender - Using pooled Channel '[id: 0x43ca98b7, L:/127.0.0.1:14963 - R:localhost/127.0.0.1:40313]' for 'GET' to 'http://localhost:40313/session/19e039cde13b56d7853e8c5544cca66c/url'
16:16:21.553 [Forwarding getCurrentUrl on session 19e039cde13b56d7853e8c5544cca66c to remote] DEBUG org.asynchttpclient.netty.request.NettyRequestSender - Using open Channel [id: 0x43ca98b7, L:/127.0.0.1:14963 - R:localhost/127.0.0.1:40313] for GET '/session/19e039cde13b56d7853e8c5544cca66c/url'
16:16:21.557 [AsyncHttpClient-1-4] DEBUG org.asynchttpclient.netty.handler.HttpHandler - 

Request DefaultFullHttpRequest(decodeResult: success, version: HTTP/1.1, content: EmptyByteBufBE)
GET /session/19e039cde13b56d7853e8c5544cca66c/url HTTP/1.1
User-Agent: selenium/4.8.1 (java windows)
Cache-Control: no-cache
Content-Type: application/json; charset=utf-8
host: localhost:40313
accept: */*

Response DefaultHttpResponse(decodeResult: success, version: HTTP/1.1)
HTTP/1.1 200 OK
Content-Length: 64
Content-Type: application/json; charset=utf-8
cache-control: no-cache

16:16:21.557 [AsyncHttpClient-1-4] DEBUG org.asynchttpclient.netty.channel.ChannelManager - Adding key: http://localhost:40313 for channel [id: 0x43ca98b7, L:/127.0.0.1:14963 - R:localhost/127.0.0.1:40313]
16:16:21.595 [Forwarding getAlertText on session 19e039cde13b56d7853e8c5544cca66c to remote] DEBUG org.asynchttpclient.netty.request.NettyRequestSender - Using pooled Channel '[id: 0x43ca98b7, L:/127.0.0.1:14963 - R:localhost/127.0.0.1:40313]' for 'GET' to 'http://localhost:40313/session/19e039cde13b56d7853e8c5544cca66c/alert/text'
16:16:21.595 [Forwarding getAlertText on session 19e039cde13b56d7853e8c5544cca66c to remote] DEBUG org.asynchttpclient.netty.request.NettyRequestSender - Using open Channel [id: 0x43ca98b7, L:/127.0.0.1:14963 - R:localhost/127.0.0.1:40313] for GET '/session/19e039cde13b56d7853e8c5544cca66c/alert/text'
16:16:21.597 [AsyncHttpClient-1-4] DEBUG org.asynchttpclient.netty.handler.HttpHandler - 

Request DefaultFullHttpRequest(decodeResult: success, version: HTTP/1.1, content: EmptyByteBufBE)
GET /session/19e039cde13b56d7853e8c5544cca66c/alert/text HTTP/1.1
User-Agent: selenium/4.8.1 (java windows)
Cache-Control: no-cache
Content-Type: application/json; charset=utf-8
host: localhost:40313
accept: */*

Response DefaultHttpResponse(decodeResult: success, version: HTTP/1.1)
HTTP/1.1 404 Not Found
Content-Length: 807
Content-Type: application/json; charset=utf-8
cache-control: no-cache

16:16:21.598 [AsyncHttpClient-1-4] DEBUG org.asynchttpclient.netty.channel.ChannelManager - Adding key: http://localhost:40313 for channel [id: 0x43ca98b7, L:/127.0.0.1:14963 - R:localhost/127.0.0.1:40313]
16:16:21.599 [Forwarding getCurrentUrl on session 19e039cde13b56d7853e8c5544cca66c to remote] DEBUG org.asynchttpclient.netty.request.NettyRequestSender - Using pooled Channel '[id: 0x43ca98b7, L:/127.0.0.1:14963 - R:localhost/127.0.0.1:40313]' for 'GET' to 'http://localhost:40313/session/19e039cde13b56d7853e8c5544cca66c/url'
16:16:21.599 [Forwarding getCurrentUrl on session 19e039cde13b56d7853e8c5544cca66c to remote] DEBUG org.asynchttpclient.netty.request.NettyRequestSender - Using open Channel [id: 0x43ca98b7, L:/127.0.0.1:14963 - R:localhost/127.0.0.1:40313] for GET '/session/19e039cde13b56d7853e8c5544cca66c/url'
16:16:21.605 [AsyncHttpClient-1-4] DEBUG org.asynchttpclient.netty.handler.HttpHandler - 

Request DefaultFullHttpRequest(decodeResult: success, version: HTTP/1.1, content: EmptyByteBufBE)
GET /session/19e039cde13b56d7853e8c5544cca66c/url HTTP/1.1
User-Agent: selenium/4.8.1 (java windows)
Cache-Control: no-cache
Content-Type: application/json; charset=utf-8
host: localhost:40313
accept: */*

Response DefaultHttpResponse(decodeResult: success, version: HTTP/1.1)
HTTP/1.1 200 OK
Content-Length: 64
Content-Type: application/json; charset=utf-8
cache-control: no-cache

16:16:21.605 [AsyncHttpClient-1-4] DEBUG org.asynchttpclient.netty.channel.ChannelManager - Adding key: http://localhost:40313 for channel [id: 0x43ca98b7, L:/127.0.0.1:14963 - R:localhost/127.0.0.1:40313]
16:16:21.606 [Forwarding screenshot on session 19e039cde13b56d7853e8c5544cca66c to remote] DEBUG org.asynchttpclient.netty.request.NettyRequestSender - Using pooled Channel '[id: 0x43ca98b7, L:/127.0.0.1:14963 - R:localhost/127.0.0.1:40313]' for 'GET' to 'http://localhost:40313/session/19e039cde13b56d7853e8c5544cca66c/screenshot'
16:16:21.606 [Forwarding screenshot on session 19e039cde13b56d7853e8c5544cca66c to remote] DEBUG org.asynchttpclient.netty.request.NettyRequestSender - Using open Channel [id: 0x43ca98b7, L:/127.0.0.1:14963 - R:localhost/127.0.0.1:40313] for GET '/session/19e039cde13b56d7853e8c5544cca66c/screenshot'
16:16:21.686 [AsyncHttpClient-1-4] DEBUG org.asynchttpclient.netty.handler.HttpHandler - 

Request DefaultFullHttpRequest(decodeResult: success, version: HTTP/1.1, content: EmptyByteBufBE)
GET /session/19e039cde13b56d7853e8c5544cca66c/screenshot HTTP/1.1
User-Agent: selenium/4.8.1 (java windows)
Cache-Control: no-cache
Content-Type: application/json; charset=utf-8
host: localhost:40313
accept: */*

Response DefaultHttpResponse(decodeResult: success, version: HTTP/1.1)
HTTP/1.1 200 OK
Content-Length: 124768
Content-Type: application/json; charset=utf-8
cache-control: no-cache

16:16:21.686 [AsyncHttpClient-1-4] DEBUG org.asynchttpclient.netty.channel.ChannelManager - Adding key: http://localhost:40313 for channel [id: 0x43ca98b7, L:/127.0.0.1:14963 - R:localhost/127.0.0.1:40313]
16:16:21.692 [main] DEBUG net.serenitybdd.core.photography.Darkroom - Send negative for processing for target\site\serenity\a482bc7bd961aca5e94723349c45a43c2640dfe964600ce63e970df6c5797a73.png
16:16:21.693 [Forwarding getPageSource on session 19e039cde13b56d7853e8c5544cca66c to remote] DEBUG org.asynchttpclient.netty.request.NettyRequestSender - Using pooled Channel '[id: 0x43ca98b7, L:/127.0.0.1:14963 - R:localhost/127.0.0.1:40313]' for 'POST' to 'http://localhost:40313/session/19e039cde13b56d7853e8c5544cca66c/execute/sync'
16:16:21.693 [Forwarding getPageSource on session 19e039cde13b56d7853e8c5544cca66c to remote] DEBUG org.asynchttpclient.netty.request.NettyRequestSender - Using open Channel [id: 0x43ca98b7, L:/127.0.0.1:14963 - R:localhost/127.0.0.1:40313] for POST '/session/19e039cde13b56d7853e8c5544cca66c/execute/sync'
16:16:21.698 [AsyncHttpClient-1-4] DEBUG org.asynchttpclient.netty.handler.HttpHandler - 

Request DefaultHttpRequest(decodeResult: success, version: HTTP/1.1)
POST /session/19e039cde13b56d7853e8c5544cca66c/execute/sync HTTP/1.1
User-Agent: selenium/4.8.1 (java windows)
Content-Length: 176
Content-Type: application/json; charset=utf-8
host: localhost:40313
accept: */*

Response DefaultHttpResponse(decodeResult: success, version: HTTP/1.1)
HTTP/1.1 200 OK
Content-Length: 6036
Content-Type: application/json; charset=utf-8
cache-control: no-cache

16:16:21.699 [AsyncHttpClient-1-4] DEBUG org.asynchttpclient.netty.channel.ChannelManager - Adding key: http://localhost:40313 for channel [id: 0x43ca98b7, L:/127.0.0.1:14963 - R:localhost/127.0.0.1:40313]
16:16:21.700 [Forwarding getCurrentUrl on session 19e039cde13b56d7853e8c5544cca66c to remote] DEBUG org.asynchttpclient.netty.request.NettyRequestSender - Using pooled Channel '[id: 0x43ca98b7, L:/127.0.0.1:14963 - R:localhost/127.0.0.1:40313]' for 'GET' to 'http://localhost:40313/session/19e039cde13b56d7853e8c5544cca66c/url'
16:16:21.700 [Forwarding getCurrentUrl on session 19e039cde13b56d7853e8c5544cca66c to remote] DEBUG org.asynchttpclient.netty.request.NettyRequestSender - Using open Channel [id: 0x43ca98b7, L:/127.0.0.1:14963 - R:localhost/127.0.0.1:40313] for GET '/session/19e039cde13b56d7853e8c5544cca66c/url'
16:16:21.704 [AsyncHttpClient-1-4] DEBUG org.asynchttpclient.netty.handler.HttpHandler - 

Request DefaultFullHttpRequest(decodeResult: success, version: HTTP/1.1, content: EmptyByteBufBE)
GET /session/19e039cde13b56d7853e8c5544cca66c/url HTTP/1.1
User-Agent: selenium/4.8.1 (java windows)
Cache-Control: no-cache
Content-Type: application/json; charset=utf-8
host: localhost:40313
accept: */*

Response DefaultHttpResponse(decodeResult: success, version: HTTP/1.1)
HTTP/1.1 200 OK
Content-Length: 64
Content-Type: application/json; charset=utf-8
cache-control: no-cache

16:16:21.705 [AsyncHttpClient-1-4] DEBUG org.asynchttpclient.netty.channel.ChannelManager - Adding key: http://localhost:40313 for channel [id: 0x43ca98b7, L:/127.0.0.1:14963 - R:localhost/127.0.0.1:40313]
16:16:21.707 [main] DEBUG net.thucydides.core.steps.StepInterceptor - STARTING STEP: SigninSteps.clickLogin - clickLoginButton
16:16:21.710 [Forwarding findElement on session 19e039cde13b56d7853e8c5544cca66c to remote] DEBUG org.asynchttpclient.netty.request.NettyRequestSender - Using pooled Channel '[id: 0x43ca98b7, L:/127.0.0.1:14963 - R:localhost/127.0.0.1:40313]' for 'POST' to 'http://localhost:40313/session/19e039cde13b56d7853e8c5544cca66c/element'
16:16:21.711 [Forwarding findElement on session 19e039cde13b56d7853e8c5544cca66c to remote] DEBUG org.asynchttpclient.netty.request.NettyRequestSender - Using open Channel [id: 0x43ca98b7, L:/127.0.0.1:14963 - R:localhost/127.0.0.1:40313] for POST '/session/19e039cde13b56d7853e8c5544cca66c/element'
16:16:21.723 [AsyncHttpClient-1-4] DEBUG org.asynchttpclient.netty.handler.HttpHandler - 

Request DefaultHttpRequest(decodeResult: success, version: HTTP/1.1)
POST /session/19e039cde13b56d7853e8c5544cca66c/element HTTP/1.1
User-Agent: selenium/4.8.1 (java windows)
Content-Length: 69
Content-Type: application/json; charset=utf-8
host: localhost:40313
accept: */*

Response DefaultHttpResponse(decodeResult: success, version: HTTP/1.1)
HTTP/1.1 200 OK
Content-Length: 95
Content-Type: application/json; charset=utf-8
cache-control: no-cache

16:16:21.723 [AsyncHttpClient-1-4] DEBUG org.asynchttpclient.netty.channel.ChannelManager - Adding key: http://localhost:40313 for channel [id: 0x43ca98b7, L:/127.0.0.1:14963 - R:localhost/127.0.0.1:40313]
16:16:21.724 [Forwarding getElementTagName on session 19e039cde13b56d7853e8c5544cca66c to remote] DEBUG org.asynchttpclient.netty.request.NettyRequestSender - Using pooled Channel '[id: 0x43ca98b7, L:/127.0.0.1:14963 - R:localhost/127.0.0.1:40313]' for 'GET' to 'http://localhost:40313/session/19e039cde13b56d7853e8c5544cca66c/element/C1AB894A3637FE8022922D77A45CD936_element_14/name'
16:16:21.724 [Forwarding getElementTagName on session 19e039cde13b56d7853e8c5544cca66c to remote] DEBUG org.asynchttpclient.netty.request.NettyRequestSender - Using open Channel [id: 0x43ca98b7, L:/127.0.0.1:14963 - R:localhost/127.0.0.1:40313] for GET '/session/19e039cde13b56d7853e8c5544cca66c/element/C1AB894A3637FE8022922D77A45CD936_element_14/name'
16:16:21.729 [AsyncHttpClient-1-4] DEBUG org.asynchttpclient.netty.handler.HttpHandler - 

Request DefaultFullHttpRequest(decodeResult: success, version: HTTP/1.1, content: EmptyByteBufBE)
GET /session/19e039cde13b56d7853e8c5544cca66c/element/C1AB894A3637FE8022922D77A45CD936_element_14/name HTTP/1.1
User-Agent: selenium/4.8.1 (java windows)
Cache-Control: no-cache
Content-Type: application/json; charset=utf-8
host: localhost:40313
accept: */*

Response DefaultHttpResponse(decodeResult: success, version: HTTP/1.1)
HTTP/1.1 200 OK
Content-Length: 18
Content-Type: application/json; charset=utf-8
cache-control: no-cache

16:16:21.730 [AsyncHttpClient-1-4] DEBUG org.asynchttpclient.netty.channel.ChannelManager - Adding key: http://localhost:40313 for channel [id: 0x43ca98b7, L:/127.0.0.1:14963 - R:localhost/127.0.0.1:40313]
16:16:21.731 [Forwarding getElementTagName on session 19e039cde13b56d7853e8c5544cca66c to remote] DEBUG org.asynchttpclient.netty.request.NettyRequestSender - Using pooled Channel '[id: 0x43ca98b7, L:/127.0.0.1:14963 - R:localhost/127.0.0.1:40313]' for 'GET' to 'http://localhost:40313/session/19e039cde13b56d7853e8c5544cca66c/element/C1AB894A3637FE8022922D77A45CD936_element_14/name'
16:16:21.731 [Forwarding getElementTagName on session 19e039cde13b56d7853e8c5544cca66c to remote] DEBUG org.asynchttpclient.netty.request.NettyRequestSender - Using open Channel [id: 0x43ca98b7, L:/127.0.0.1:14963 - R:localhost/127.0.0.1:40313] for GET '/session/19e039cde13b56d7853e8c5544cca66c/element/C1AB894A3637FE8022922D77A45CD936_element_14/name'
16:16:21.735 [AsyncHttpClient-1-4] DEBUG org.asynchttpclient.netty.handler.HttpHandler - 

Request DefaultFullHttpRequest(decodeResult: success, version: HTTP/1.1, content: EmptyByteBufBE)
GET /session/19e039cde13b56d7853e8c5544cca66c/element/C1AB894A3637FE8022922D77A45CD936_element_14/name HTTP/1.1
User-Agent: selenium/4.8.1 (java windows)
Cache-Control: no-cache
Content-Type: application/json; charset=utf-8
host: localhost:40313
accept: */*

Response DefaultHttpResponse(decodeResult: success, version: HTTP/1.1)
HTTP/1.1 200 OK
Content-Length: 18
Content-Type: application/json; charset=utf-8
cache-control: no-cache

16:16:21.735 [AsyncHttpClient-1-4] DEBUG org.asynchttpclient.netty.channel.ChannelManager - Adding key: http://localhost:40313 for channel [id: 0x43ca98b7, L:/127.0.0.1:14963 - R:localhost/127.0.0.1:40313]
16:16:21.738 [Forwarding isElementEnabled on session 19e039cde13b56d7853e8c5544cca66c to remote] DEBUG org.asynchttpclient.netty.request.NettyRequestSender - Using pooled Channel '[id: 0x43ca98b7, L:/127.0.0.1:14963 - R:localhost/127.0.0.1:40313]' for 'GET' to 'http://localhost:40313/session/19e039cde13b56d7853e8c5544cca66c/element/C1AB894A3637FE8022922D77A45CD936_element_14/enabled'
16:16:21.738 [Forwarding isElementEnabled on session 19e039cde13b56d7853e8c5544cca66c to remote] DEBUG org.asynchttpclient.netty.request.NettyRequestSender - Using open Channel [id: 0x43ca98b7, L:/127.0.0.1:14963 - R:localhost/127.0.0.1:40313] for GET '/session/19e039cde13b56d7853e8c5544cca66c/element/C1AB894A3637FE8022922D77A45CD936_element_14/enabled'
16:16:21.744 [AsyncHttpClient-1-4] DEBUG org.asynchttpclient.netty.handler.HttpHandler - 

Request DefaultFullHttpRequest(decodeResult: success, version: HTTP/1.1, content: EmptyByteBufBE)
GET /session/19e039cde13b56d7853e8c5544cca66c/element/C1AB894A3637FE8022922D77A45CD936_element_14/enabled HTTP/1.1
User-Agent: selenium/4.8.1 (java windows)
Cache-Control: no-cache
Content-Type: application/json; charset=utf-8
host: localhost:40313
accept: */*

Response DefaultHttpResponse(decodeResult: success, version: HTTP/1.1)
HTTP/1.1 200 OK
Content-Length: 14
Content-Type: application/json; charset=utf-8
cache-control: no-cache

16:16:21.745 [AsyncHttpClient-1-4] DEBUG org.asynchttpclient.netty.channel.ChannelManager - Adding key: http://localhost:40313 for channel [id: 0x43ca98b7, L:/127.0.0.1:14963 - R:localhost/127.0.0.1:40313]
16:16:21.746 [Forwarding isElementEnabled on session 19e039cde13b56d7853e8c5544cca66c to remote] DEBUG org.asynchttpclient.netty.request.NettyRequestSender - Using pooled Channel '[id: 0x43ca98b7, L:/127.0.0.1:14963 - R:localhost/127.0.0.1:40313]' for 'GET' to 'http://localhost:40313/session/19e039cde13b56d7853e8c5544cca66c/element/C1AB894A3637FE8022922D77A45CD936_element_14/enabled'
16:16:21.746 [Forwarding isElementEnabled on session 19e039cde13b56d7853e8c5544cca66c to remote] DEBUG org.asynchttpclient.netty.request.NettyRequestSender - Using open Channel [id: 0x43ca98b7, L:/127.0.0.1:14963 - R:localhost/127.0.0.1:40313] for GET '/session/19e039cde13b56d7853e8c5544cca66c/element/C1AB894A3637FE8022922D77A45CD936_element_14/enabled'
16:16:21.752 [AsyncHttpClient-1-4] DEBUG org.asynchttpclient.netty.handler.HttpHandler - 

Request DefaultFullHttpRequest(decodeResult: success, version: HTTP/1.1, content: EmptyByteBufBE)
GET /session/19e039cde13b56d7853e8c5544cca66c/element/C1AB894A3637FE8022922D77A45CD936_element_14/enabled HTTP/1.1
User-Agent: selenium/4.8.1 (java windows)
Cache-Control: no-cache
Content-Type: application/json; charset=utf-8
host: localhost:40313
accept: */*

Response DefaultHttpResponse(decodeResult: success, version: HTTP/1.1)
HTTP/1.1 200 OK
Content-Length: 14
Content-Type: application/json; charset=utf-8
cache-control: no-cache

16:16:21.752 [AsyncHttpClient-1-4] DEBUG org.asynchttpclient.netty.channel.ChannelManager - Adding key: http://localhost:40313 for channel [id: 0x43ca98b7, L:/127.0.0.1:14963 - R:localhost/127.0.0.1:40313]
16:16:21.754 [Forwarding findElement on session 19e039cde13b56d7853e8c5544cca66c to remote] DEBUG org.asynchttpclient.netty.request.NettyRequestSender - Using pooled Channel '[id: 0x43ca98b7, L:/127.0.0.1:14963 - R:localhost/127.0.0.1:40313]' for 'POST' to 'http://localhost:40313/session/19e039cde13b56d7853e8c5544cca66c/element'
16:16:21.754 [Forwarding findElement on session 19e039cde13b56d7853e8c5544cca66c to remote] DEBUG org.asynchttpclient.netty.request.NettyRequestSender - Using open Channel [id: 0x43ca98b7, L:/127.0.0.1:14963 - R:localhost/127.0.0.1:40313] for POST '/session/19e039cde13b56d7853e8c5544cca66c/element'
16:16:21.760 [AsyncHttpClient-1-4] DEBUG org.asynchttpclient.netty.handler.HttpHandler - 

Request DefaultHttpRequest(decodeResult: success, version: HTTP/1.1)
POST /session/19e039cde13b56d7853e8c5544cca66c/element HTTP/1.1
User-Agent: selenium/4.8.1 (java windows)
Content-Length: 69
Content-Type: application/json; charset=utf-8
host: localhost:40313
accept: */*

Response DefaultHttpResponse(decodeResult: success, version: HTTP/1.1)
HTTP/1.1 200 OK
Content-Length: 95
Content-Type: application/json; charset=utf-8
cache-control: no-cache

16:16:21.760 [AsyncHttpClient-1-4] DEBUG org.asynchttpclient.netty.channel.ChannelManager - Adding key: http://localhost:40313 for channel [id: 0x43ca98b7, L:/127.0.0.1:14963 - R:localhost/127.0.0.1:40313]
16:16:21.761 [Forwarding clickElement on session 19e039cde13b56d7853e8c5544cca66c to remote] DEBUG org.asynchttpclient.netty.request.NettyRequestSender - Using pooled Channel '[id: 0x43ca98b7, L:/127.0.0.1:14963 - R:localhost/127.0.0.1:40313]' for 'POST' to 'http://localhost:40313/session/19e039cde13b56d7853e8c5544cca66c/element/C1AB894A3637FE8022922D77A45CD936_element_14/click'
16:16:21.761 [Forwarding clickElement on session 19e039cde13b56d7853e8c5544cca66c to remote] DEBUG org.asynchttpclient.netty.request.NettyRequestSender - Using open Channel [id: 0x43ca98b7, L:/127.0.0.1:14963 - R:localhost/127.0.0.1:40313] for POST '/session/19e039cde13b56d7853e8c5544cca66c/element/C1AB894A3637FE8022922D77A45CD936_element_14/click'
16:16:21.817 [AsyncHttpClient-1-4] DEBUG org.asynchttpclient.netty.handler.HttpHandler - 

Request DefaultHttpRequest(decodeResult: success, version: HTTP/1.1)
POST /session/19e039cde13b56d7853e8c5544cca66c/element/C1AB894A3637FE8022922D77A45CD936_element_14/click HTTP/1.1
User-Agent: selenium/4.8.1 (java windows)
Content-Length: 57
Content-Type: application/json; charset=utf-8
host: localhost:40313
accept: */*

Response DefaultHttpResponse(decodeResult: success, version: HTTP/1.1)
HTTP/1.1 200 OK
Content-Length: 14
Content-Type: application/json; charset=utf-8
cache-control: no-cache

16:16:21.817 [AsyncHttpClient-1-4] DEBUG org.asynchttpclient.netty.channel.ChannelManager - Adding key: http://localhost:40313 for channel [id: 0x43ca98b7, L:/127.0.0.1:14963 - R:localhost/127.0.0.1:40313]
16:16:21.826 [Forwarding getAlertText on session 19e039cde13b56d7853e8c5544cca66c to remote] DEBUG org.asynchttpclient.netty.request.NettyRequestSender - Using pooled Channel '[id: 0x43ca98b7, L:/127.0.0.1:14963 - R:localhost/127.0.0.1:40313]' for 'GET' to 'http://localhost:40313/session/19e039cde13b56d7853e8c5544cca66c/alert/text'
16:16:21.826 [Forwarding getAlertText on session 19e039cde13b56d7853e8c5544cca66c to remote] DEBUG org.asynchttpclient.netty.request.NettyRequestSender - Using open Channel [id: 0x43ca98b7, L:/127.0.0.1:14963 - R:localhost/127.0.0.1:40313] for GET '/session/19e039cde13b56d7853e8c5544cca66c/alert/text'
16:16:21.827 [AsyncHttpClient-1-4] DEBUG org.asynchttpclient.netty.handler.HttpHandler - 

Request DefaultFullHttpRequest(decodeResult: success, version: HTTP/1.1, content: EmptyByteBufBE)
GET /session/19e039cde13b56d7853e8c5544cca66c/alert/text HTTP/1.1
User-Agent: selenium/4.8.1 (java windows)
Cache-Control: no-cache
Content-Type: application/json; charset=utf-8
host: localhost:40313
accept: */*

Response DefaultHttpResponse(decodeResult: success, version: HTTP/1.1)
HTTP/1.1 404 Not Found
Content-Length: 807
Content-Type: application/json; charset=utf-8
cache-control: no-cache

16:16:21.827 [AsyncHttpClient-1-4] DEBUG org.asynchttpclient.netty.channel.ChannelManager - Adding key: http://localhost:40313 for channel [id: 0x43ca98b7, L:/127.0.0.1:14963 - R:localhost/127.0.0.1:40313]
16:16:21.828 [Forwarding getCurrentUrl on session 19e039cde13b56d7853e8c5544cca66c to remote] DEBUG org.asynchttpclient.netty.request.NettyRequestSender - Using pooled Channel '[id: 0x43ca98b7, L:/127.0.0.1:14963 - R:localhost/127.0.0.1:40313]' for 'GET' to 'http://localhost:40313/session/19e039cde13b56d7853e8c5544cca66c/url'
16:16:21.828 [Forwarding getCurrentUrl on session 19e039cde13b56d7853e8c5544cca66c to remote] DEBUG org.asynchttpclient.netty.request.NettyRequestSender - Using open Channel [id: 0x43ca98b7, L:/127.0.0.1:14963 - R:localhost/127.0.0.1:40313] for GET '/session/19e039cde13b56d7853e8c5544cca66c/url'
16:16:21.832 [AsyncHttpClient-1-4] DEBUG org.asynchttpclient.netty.handler.HttpHandler - 

Request DefaultFullHttpRequest(decodeResult: success, version: HTTP/1.1, content: EmptyByteBufBE)
GET /session/19e039cde13b56d7853e8c5544cca66c/url HTTP/1.1
User-Agent: selenium/4.8.1 (java windows)
Cache-Control: no-cache
Content-Type: application/json; charset=utf-8
host: localhost:40313
accept: */*

Response DefaultHttpResponse(decodeResult: success, version: HTTP/1.1)
HTTP/1.1 200 OK
Content-Length: 64
Content-Type: application/json; charset=utf-8
cache-control: no-cache

16:16:21.832 [AsyncHttpClient-1-4] DEBUG org.asynchttpclient.netty.channel.ChannelManager - Adding key: http://localhost:40313 for channel [id: 0x43ca98b7, L:/127.0.0.1:14963 - R:localhost/127.0.0.1:40313]
16:16:21.833 [Forwarding screenshot on session 19e039cde13b56d7853e8c5544cca66c to remote] DEBUG org.asynchttpclient.netty.request.NettyRequestSender - Using pooled Channel '[id: 0x43ca98b7, L:/127.0.0.1:14963 - R:localhost/127.0.0.1:40313]' for 'GET' to 'http://localhost:40313/session/19e039cde13b56d7853e8c5544cca66c/screenshot'
16:16:21.833 [Forwarding screenshot on session 19e039cde13b56d7853e8c5544cca66c to remote] DEBUG org.asynchttpclient.netty.request.NettyRequestSender - Using open Channel [id: 0x43ca98b7, L:/127.0.0.1:14963 - R:localhost/127.0.0.1:40313] for GET '/session/19e039cde13b56d7853e8c5544cca66c/screenshot'
16:16:21.844 [AsyncHttpClient-1-1] DEBUG org.asynchttpclient.netty.channel.DefaultChannelPool - Entry count for : http://localhost:14964 : 1
16:16:21.945 [AsyncHttpClient-1-4] DEBUG org.asynchttpclient.netty.handler.HttpHandler - 

Request DefaultFullHttpRequest(decodeResult: success, version: HTTP/1.1, content: EmptyByteBufBE)
GET /session/19e039cde13b56d7853e8c5544cca66c/screenshot HTTP/1.1
User-Agent: selenium/4.8.1 (java windows)
Cache-Control: no-cache
Content-Type: application/json; charset=utf-8
host: localhost:40313
accept: */*

Response DefaultHttpResponse(decodeResult: success, version: HTTP/1.1)
HTTP/1.1 200 OK
Content-Length: 124704
Content-Type: application/json; charset=utf-8
cache-control: no-cache

16:16:21.945 [AsyncHttpClient-1-4] DEBUG org.asynchttpclient.netty.channel.ChannelManager - Adding key: http://localhost:40313 for channel [id: 0x43ca98b7, L:/127.0.0.1:14963 - R:localhost/127.0.0.1:40313]
16:16:21.952 [main] DEBUG net.serenitybdd.core.photography.Darkroom - Send negative for processing for target\site\serenity\0ae05279b59c5278a61d8d41464e4f45dd023dedbdd035ac824a233823c984a2.png
16:16:21.952 [main] DEBUG net.thucydides.core.steps.StepInterceptor - STEP DONE: clickLoginButton
  &amp#27;[32mThen &amp#27;[0m&amp#27;[32mI click sign in to dashboard&amp#27;[0m                &amp#27;[90m# Starter.Stepdefitions.SigninSteps.clickLogin()&amp#27;[0m
16:16:21.952 [Darkroom Processing Line] DEBUG net.serenitybdd.core.photography.DarkroomProcessingLine - Processing screenshot image in /var/screenshots/screenshot-5160391084232814191
16:16:21.952 [Darkroom Processing Line] DEBUG net.serenitybdd.core.photography.DarkroomProcessingLine - Saving screenshot to target\site\serenity\0ae05279b59c5278a61d8d41464e4f45dd023dedbdd035ac824a233823c984a2.png
16:16:21.959 [main] INFO  - 
  _____   ___   ___   _____     ___     _     ___   ___   ___   ___  
 |_   _| | __| / __| |_   _|   | _ \   /_\   / __| / __| | __| |   \ 
   | |   | _|  \__ \   | |     |  _/  / _ \  \__ \ \__ \ | _|  | |) |
   |_|   |___| |___/   |_|     |_|   /_/ \_\ |___/ |___/ |___| |___/ 

As user, I have be able to success login
----------------------------------------------------------------------
16:16:21.960 [AsyncHttpClient-1-6] DEBUG org.asynchttpclient.netty.handler.WebSocketHandler - Channel Closed: [id: 0x457138ae, L:/127.0.0.1:14970 ! R:localhost/127.0.0.1:14964] with attribute NettyResponseFuture{currentRetry=0,
	isDone=1,
	isCancelled=0,
	asyncHandler=org.asynchttpclient.ws.WebSocketUpgradeHandler@31960f,
	nettyRequest=org.asynchttpclient.netty.request.NettyRequest@12eb9e7,
	future=java.util.concurrent.CompletableFuture@177396e[Completed normally],
	uri=ws://localhost:14964/devtools/browser/06c5c4b0-6a19-4514-af85-9839778529ee,
	keepAlive=true,
	redirectCount=0,
	timeoutsHolder=null,
	inAuth=0,
	touch=1687684569077}
16:16:21.960 [Driver Command Executor] DEBUG org.asynchttpclient.netty.request.NettyRequestSender - Using pooled Channel '[id: 0x43ca98b7, L:/127.0.0.1:14963 - R:localhost/127.0.0.1:40313]' for 'DELETE' to 'http://localhost:40313/session/19e039cde13b56d7853e8c5544cca66c'
16:16:21.960 [AsyncHttpClient-1-6] DEBUG org.asynchttpclient.netty.channel.ChannelManager - Closing Channel [id: 0x457138ae, L:/127.0.0.1:14970 ! R:localhost/127.0.0.1:14964] 
16:16:21.960 [Driver Command Executor] DEBUG org.asynchttpclient.netty.request.NettyRequestSender - Using open Channel [id: 0x43ca98b7, L:/127.0.0.1:14963 - R:localhost/127.0.0.1:40313] for DELETE '/session/19e039cde13b56d7853e8c5544cca66c'
16:16:22.944 [AsyncHttpClient-1-1] DEBUG org.asynchttpclient.netty.channel.DefaultChannelPool - Entry count for : http://localhost:14964 : 1
16:16:24.044 [AsyncHttpClient-1-1] DEBUG org.asynchttpclient.netty.channel.DefaultChannelPool - Entry count for : http://localhost:14964 : 1
16:16:24.752 [AsyncHttpClient-1-5] DEBUG org.asynchttpclient.netty.handler.HttpHandler - Unexpected I/O exception on channel [id: 0x5a3373a4, L:/127.0.0.1:14969 - R:localhost/127.0.0.1:14964]
java.io.IOException: An existing connection was forcibly closed by the remote host
	at sun.nio.ch.SocketDispatcher.read0(Native Method)
	at sun.nio.ch.SocketDispatcher.read(SocketDispatcher.java:43)
	at sun.nio.ch.IOUtil.readIntoNativeBuffer(IOUtil.java:223)
	at sun.nio.ch.IOUtil.read(IOUtil.java:192)
	at sun.nio.ch.SocketChannelImpl.read(SocketChannelImpl.java:379)
	at io.netty.buffer.PooledByteBuf.setBytes(PooledByteBuf.java:259)
	at io.netty.buffer.AbstractByteBuf.writeBytes(AbstractByteBuf.java:1132)
	at io.netty.channel.socket.nio.NioSocketChannel.doReadBytes(NioSocketChannel.java:357)
	at io.netty.channel.nio.AbstractNioByteChannel$NioByteUnsafe.read(AbstractNioByteChannel.java:151)
	at io.netty.channel.nio.NioEventLoop.processSelectedKey(NioEventLoop.java:788)
	at io.netty.channel.nio.NioEventLoop.processSelectedKeysOptimized(NioEventLoop.java:724)
	at io.netty.channel.nio.NioEventLoop.processSelectedKeys(NioEventLoop.java:650)
	at io.netty.channel.nio.NioEventLoop.run(NioEventLoop.java:562)
	at io.netty.util.concurrent.SingleThreadEventExecutor$4.run(SingleThreadEventExecutor.java:997)
	at io.netty.util.internal.ThreadExecutorMap$2.run(ThreadExecutorMap.java:74)
	at io.netty.util.concurrent.FastThreadLocalRunnable.run(FastThreadLocalRunnable.java:30)
	at java.lang.Thread.run(Thread.java:745)
16:16:24.753 [AsyncHttpClient-1-5] DEBUG org.asynchttpclient.netty.channel.ChannelManager - Closing Channel [id: 0x5a3373a4, L:/127.0.0.1:14969 - R:localhost/127.0.0.1:14964] 
16:16:24.753 [AsyncHttpClient-1-5] DEBUG org.asynchttpclient.netty.handler.HttpHandler - Channel Closed: [id: 0x5a3373a4, L:/127.0.0.1:14969 ! R:localhost/127.0.0.1:14964] with attribute DISCARD
16:16:24.997 [AsyncHttpClient-1-4] DEBUG org.asynchttpclient.netty.handler.HttpHandler - 

Request DefaultFullHttpRequest(decodeResult: success, version: HTTP/1.1, content: EmptyByteBufBE)
DELETE /session/19e039cde13b56d7853e8c5544cca66c HTTP/1.1
User-Agent: selenium/4.8.1 (java windows)
Content-Type: application/json; charset=utf-8
host: localhost:40313
accept: */*

Response DefaultHttpResponse(decodeResult: success, version: HTTP/1.1)
HTTP/1.1 200 OK
Content-Length: 14
Content-Type: application/json; charset=utf-8
cache-control: no-cache

16:16:24.997 [AsyncHttpClient-1-4] DEBUG org.asynchttpclient.netty.channel.ChannelManager - Adding key: http://localhost:40313 for channel [id: 0x43ca98b7, L:/127.0.0.1:14963 - R:localhost/127.0.0.1:40313]
16:16:25.046 [AsyncHttpClient-1-4] DEBUG org.asynchttpclient.netty.handler.HttpHandler - Channel Closed: [id: 0x43ca98b7, L:/127.0.0.1:14963 ! R:localhost/127.0.0.1:40313] with attribute DISCARD
16:16:25.144 [AsyncHttpClient-1-1] DEBUG org.asynchttpclient.netty.channel.DefaultChannelPool - Entry count for : http://localhost:40313 : 1
16:16:25.144 [AsyncHttpClient-1-1] DEBUG org.asynchttpclient.netty.channel.DefaultChannelPool - Entry count for : http://localhost:14964 : 1
16:16:25.144 [AsyncHttpClient-1-1] DEBUG org.asynchttpclient.netty.channel.DefaultChannelPool - Adding Candidate expired Channel [id: 0x43ca98b7, L:/127.0.0.1:14963 ! R:localhost/127.0.0.1:40313] isIdleTimeoutExpired=false isRemotelyClosed=true isTtlExpired=false
16:16:25.144 [AsyncHttpClient-1-1] DEBUG org.asynchttpclient.netty.channel.DefaultChannelPool - Closing Idle Channel [id: 0x43ca98b7, L:/127.0.0.1:14963 ! R:localhost/127.0.0.1:40313]
16:16:25.144 [AsyncHttpClient-1-1] DEBUG org.asynchttpclient.netty.channel.DefaultChannelPool - Adding Candidate expired Channel [id: 0x5a3373a4, L:/127.0.0.1:14969 ! R:localhost/127.0.0.1:14964] isIdleTimeoutExpired=false isRemotelyClosed=true isTtlExpired=false
16:16:25.145 [AsyncHttpClient-1-1] DEBUG org.asynchttpclient.netty.channel.DefaultChannelPool - Closing Idle Channel [id: 0x5a3373a4, L:/127.0.0.1:14969 ! R:localhost/127.0.0.1:14964]
16:16:25.145 [AsyncHttpClient-1-1] DEBUG org.asynchttpclient.netty.channel.DefaultChannelPool - Closed 2 connections out of 2 in 1 ms
]]></system-out>
    <system-err><![CDATA[Starting ChromeDriver 114.0.5735.90 (386bc09e8f4f2e025eddae123f36f6263096ae49-refs/branch-heads/5735@{#1052}) on port 40313
Only local connections are allowed.
Please see https://chromedriver.chromium.org/security-considerations for suggestions on keeping ChromeDriver safe.
ChromeDriver was started successfully.
Jun 25, 2023 4:16:09 PM org.openqa.selenium.devtools.CdpVersionFinder findNearestMatch
WARNING: Unable to find an exact match for CDP version 114, so returning the closest version found: 110
]]></system-err>
  </testcase>
  <testcase name="As user, I have be able to failed login because account not registered" classname="User be able to sign in" time="26.295">
    <system-out><![CDATA[
@invalid-account
Scenario: As user, I have be able to failed login because account not registered &amp#27;[90m# src/test/resources/Feature/Signin.feature:15&amp#27;[0m
16:16:25.565 [main] DEBUG io.cucumber.core.plugin.SerenityReporter - Running feature from file:///C:/Users/USER/IdeaProjects/Capston_webtesting/src/test/resources/Feature/Signin.feature
16:16:25.565 [main] WARN io.cucumber.core.plugin.SerenityReporter - Feature from file:///C:/Users/USER/IdeaProjects/Capston_webtesting/src/test/resources/Feature/Signin.feature is not under the 'features' directory. Requirements report will not be correctly generated!
16:16:25.568 [main] INFO  - 
  _____   ___   ___   _____     ___   _____     _     ___   _____   ___   ___  
 |_   _| | __| / __| |_   _|   / __| |_   _|   /_\   | _ \ |_   _| | __| |   \ 
   | |   | _|  \__ \   | |     \__ \   | |    / _ \  |   /   | |   | _|  | |) |
   |_|   |___| |___/   |_|     |___/   |_|   /_/ \_\ |_|_\   |_|   |___| |___/ 

As user, I have be able to failed login because account not registered(user-be-able-to-sign-in;as-user--i-have-be-able-to-failed-login-because-account-not-registered)
--------------------------------------------------------------------------------
16:16:25.581 [main] DEBUG net.thucydides.core.steps.StepInterceptor - STARTING STEP: Failed1SigninSteps.onLoginPageInvalidAccount - openPage
16:16:25.639 [main] INFO net.serenitybdd.core.webdriver.driverproviders.ChromeDriverProvider - Starting Chrome driver instance with capabilities:
16:16:25.639 [main] INFO net.serenitybdd.core.webdriver.driverproviders.ChromeDriverProvider - Capabilities {acceptInsecureCerts: false, browserName: chrome, goog:chromeOptions: {args: [remote-allow-origins=*], extensions: []}}
16:16:26.217 [AsyncHttpClient-1-7] DEBUG org.asynchttpclient.netty.channel.NettyConnectListener - Using new Channel '[id: 0x2330a739, L:/127.0.0.1:14981 - R:localhost/127.0.0.1:30871]' for 'POST' to '/session'
16:16:29.578 [AsyncHttpClient-1-7] DEBUG org.asynchttpclient.netty.handler.HttpHandler - 

Request DefaultHttpRequest(decodeResult: success, version: HTTP/1.1)
POST /session HTTP/1.1
User-Agent: selenium/4.8.1 (java windows)
Content-Length: 507
Content-Type: application/json; charset=utf-8
host: localhost:30871
accept: */*

Response DefaultHttpResponse(decodeResult: success, version: HTTP/1.1)
HTTP/1.1 200 OK
Content-Length: 858
Content-Type: application/json; charset=utf-8
cache-control: no-cache

16:16:29.579 [AsyncHttpClient-1-7] DEBUG org.asynchttpclient.netty.channel.ChannelManager - Adding key: http://localhost:30871 for channel [id: 0x2330a739, L:/127.0.0.1:14981 - R:localhost/127.0.0.1:30871]
16:16:29.595 [AsyncHttpClient-1-8] DEBUG org.asynchttpclient.netty.channel.NettyConnectListener - Using new Channel '[id: 0x5f3fd62a, L:/127.0.0.1:14987 - R:localhost/127.0.0.1:14982]' for 'GET' to '/json/version'
16:16:29.596 [AsyncHttpClient-1-8] DEBUG org.asynchttpclient.netty.handler.HttpHandler - 

Request DefaultFullHttpRequest(decodeResult: success, version: HTTP/1.1, content: EmptyByteBufBE)
GET /json/version HTTP/1.1
User-Agent: selenium/4.8.1 (java windows)
host: localhost:14982
accept: */*

Response DefaultHttpResponse(decodeResult: success, version: HTTP/1.1)
HTTP/1.1 200 OK
Content-Security-Policy: frame-ancestors 'none'
Content-Length: 424
Content-Type: application/json; charset=UTF-8

16:16:29.596 [AsyncHttpClient-1-8] DEBUG org.asynchttpclient.netty.channel.ChannelManager - Adding key: http://localhost:14982 for channel [id: 0x5f3fd62a, L:/127.0.0.1:14987 - R:localhost/127.0.0.1:14982]
16:16:29.598 [AsyncHttpClient-1-9] DEBUG org.asynchttpclient.netty.channel.NettyConnectListener - Using new Channel '[id: 0xb3cb6c3c, L:/127.0.0.1:14988 - R:localhost/127.0.0.1:14982]' for 'GET' to '/devtools/browser/b9403441-ac4f-4537-a94a-55ee0818c6bb'
16:16:29.599 [AsyncHttpClient-1-9] DEBUG org.asynchttpclient.netty.handler.WebSocketHandler - 

Request DefaultFullHttpRequest(decodeResult: success, version: HTTP/1.1, content: EmptyByteBufBE)
GET /devtools/browser/b9403441-ac4f-4537-a94a-55ee0818c6bb HTTP/1.1
upgrade: websocket
connection: upgrade
sec-websocket-key: uPcZ3vcpwxElS9puEe2Ctg==
sec-websocket-version: 13
origin: http://localhost:14982
host: localhost:14982
accept: */*
user-agent: AHC/2.1

Response DefaultHttpResponse(decodeResult: success, version: HTTP/1.1)
HTTP/1.1 101 WebSocket Protocol Handshake
Upgrade: WebSocket
Connection: Upgrade
Sec-WebSocket-Accept: Uz3cBM1tY1tU/r0+z9E6UdGmvik=

16:16:29.612 [Forwarding get on session fca53a8affab38c86ca044be880399fd to remote] DEBUG org.asynchttpclient.netty.request.NettyRequestSender - Using pooled Channel '[id: 0x2330a739, L:/127.0.0.1:14981 - R:localhost/127.0.0.1:30871]' for 'POST' to 'http://localhost:30871/session/fca53a8affab38c86ca044be880399fd/url'
16:16:29.612 [Forwarding get on session fca53a8affab38c86ca044be880399fd to remote] DEBUG org.asynchttpclient.netty.request.NettyRequestSender - Using open Channel [id: 0x2330a739, L:/127.0.0.1:14981 - R:localhost/127.0.0.1:30871] for POST '/session/fca53a8affab38c86ca044be880399fd/url'
16:16:30.643 [AsyncHttpClient-1-1] DEBUG org.asynchttpclient.netty.channel.DefaultChannelPool - Entry count for : http://localhost:14982 : 1
16:16:31.743 [AsyncHttpClient-1-1] DEBUG org.asynchttpclient.netty.channel.DefaultChannelPool - Entry count for : http://localhost:14982 : 1
16:16:32.844 [AsyncHttpClient-1-1] DEBUG org.asynchttpclient.netty.channel.DefaultChannelPool - Entry count for : http://localhost:14982 : 1
16:16:33.944 [AsyncHttpClient-1-1] DEBUG org.asynchttpclient.netty.channel.DefaultChannelPool - Entry count for : http://localhost:14982 : 1
16:16:35.044 [AsyncHttpClient-1-1] DEBUG org.asynchttpclient.netty.channel.DefaultChannelPool - Entry count for : http://localhost:14982 : 1
16:16:36.143 [AsyncHttpClient-1-1] DEBUG org.asynchttpclient.netty.channel.DefaultChannelPool - Entry count for : http://localhost:14982 : 1
16:16:37.243 [AsyncHttpClient-1-1] DEBUG org.asynchttpclient.netty.channel.DefaultChannelPool - Entry count for : http://localhost:14982 : 1
16:16:38.343 [AsyncHttpClient-1-1] DEBUG org.asynchttpclient.netty.channel.DefaultChannelPool - Entry count for : http://localhost:14982 : 1
16:16:39.443 [AsyncHttpClient-1-1] DEBUG org.asynchttpclient.netty.channel.DefaultChannelPool - Entry count for : http://localhost:14982 : 1
16:16:40.544 [AsyncHttpClient-1-1] DEBUG org.asynchttpclient.netty.channel.DefaultChannelPool - Entry count for : http://localhost:14982 : 1
16:16:40.886 [AsyncHttpClient-1-7] DEBUG org.asynchttpclient.netty.handler.HttpHandler - 

Request DefaultHttpRequest(decodeResult: success, version: HTTP/1.1)
POST /session/fca53a8affab38c86ca044be880399fd/url HTTP/1.1
User-Agent: selenium/4.8.1 (java windows)
Content-Length: 82
Content-Type: application/json; charset=utf-8
host: localhost:30871
accept: */*

Response DefaultHttpResponse(decodeResult: success, version: HTTP/1.1)
HTTP/1.1 200 OK
Content-Length: 14
Content-Type: application/json; charset=utf-8
cache-control: no-cache

16:16:40.886 [AsyncHttpClient-1-7] DEBUG org.asynchttpclient.netty.channel.ChannelManager - Adding key: http://localhost:30871 for channel [id: 0x2330a739, L:/127.0.0.1:14981 - R:localhost/127.0.0.1:30871]
16:16:40.888 [Forwarding setTimeout on session fca53a8affab38c86ca044be880399fd to remote] DEBUG org.asynchttpclient.netty.request.NettyRequestSender - Using pooled Channel '[id: 0x2330a739, L:/127.0.0.1:14981 - R:localhost/127.0.0.1:30871]' for 'POST' to 'http://localhost:30871/session/fca53a8affab38c86ca044be880399fd/timeouts'
16:16:40.888 [Forwarding setTimeout on session fca53a8affab38c86ca044be880399fd to remote] DEBUG org.asynchttpclient.netty.request.NettyRequestSender - Using open Channel [id: 0x2330a739, L:/127.0.0.1:14981 - R:localhost/127.0.0.1:30871] for POST '/session/fca53a8affab38c86ca044be880399fd/timeouts'
16:16:40.889 [AsyncHttpClient-1-7] DEBUG org.asynchttpclient.netty.handler.HttpHandler - 

Request DefaultHttpRequest(decodeResult: success, version: HTTP/1.1)
POST /session/fca53a8affab38c86ca044be880399fd/timeouts HTTP/1.1
User-Agent: selenium/4.8.1 (java windows)
Content-Length: 22
Content-Type: application/json; charset=utf-8
host: localhost:30871
accept: */*

Response DefaultHttpResponse(decodeResult: success, version: HTTP/1.1)
HTTP/1.1 200 OK
Content-Length: 14
Content-Type: application/json; charset=utf-8
cache-control: no-cache

16:16:40.889 [AsyncHttpClient-1-7] DEBUG org.asynchttpclient.netty.channel.ChannelManager - Adding key: http://localhost:30871 for channel [id: 0x2330a739, L:/127.0.0.1:14981 - R:localhost/127.0.0.1:30871]
16:16:40.900 [Forwarding getAlertText on session fca53a8affab38c86ca044be880399fd to remote] DEBUG org.asynchttpclient.netty.request.NettyRequestSender - Using pooled Channel '[id: 0x2330a739, L:/127.0.0.1:14981 - R:localhost/127.0.0.1:30871]' for 'GET' to 'http://localhost:30871/session/fca53a8affab38c86ca044be880399fd/alert/text'
16:16:40.900 [Forwarding getAlertText on session fca53a8affab38c86ca044be880399fd to remote] DEBUG org.asynchttpclient.netty.request.NettyRequestSender - Using open Channel [id: 0x2330a739, L:/127.0.0.1:14981 - R:localhost/127.0.0.1:30871] for GET '/session/fca53a8affab38c86ca044be880399fd/alert/text'
16:16:40.902 [AsyncHttpClient-1-7] DEBUG org.asynchttpclient.netty.handler.HttpHandler - 

Request DefaultFullHttpRequest(decodeResult: success, version: HTTP/1.1, content: EmptyByteBufBE)
GET /session/fca53a8affab38c86ca044be880399fd/alert/text HTTP/1.1
User-Agent: selenium/4.8.1 (java windows)
Cache-Control: no-cache
Content-Type: application/json; charset=utf-8
host: localhost:30871
accept: */*

Response DefaultHttpResponse(decodeResult: success, version: HTTP/1.1)
HTTP/1.1 404 Not Found
Content-Length: 807
Content-Type: application/json; charset=utf-8
cache-control: no-cache

16:16:40.902 [AsyncHttpClient-1-7] DEBUG org.asynchttpclient.netty.channel.ChannelManager - Adding key: http://localhost:30871 for channel [id: 0x2330a739, L:/127.0.0.1:14981 - R:localhost/127.0.0.1:30871]
16:16:40.903 [Forwarding getCurrentUrl on session fca53a8affab38c86ca044be880399fd to remote] DEBUG org.asynchttpclient.netty.request.NettyRequestSender - Using pooled Channel '[id: 0x2330a739, L:/127.0.0.1:14981 - R:localhost/127.0.0.1:30871]' for 'GET' to 'http://localhost:30871/session/fca53a8affab38c86ca044be880399fd/url'
16:16:40.903 [Forwarding getCurrentUrl on session fca53a8affab38c86ca044be880399fd to remote] DEBUG org.asynchttpclient.netty.request.NettyRequestSender - Using open Channel [id: 0x2330a739, L:/127.0.0.1:14981 - R:localhost/127.0.0.1:30871] for GET '/session/fca53a8affab38c86ca044be880399fd/url'
16:16:40.910 [AsyncHttpClient-1-7] DEBUG org.asynchttpclient.netty.handler.HttpHandler - 

Request DefaultFullHttpRequest(decodeResult: success, version: HTTP/1.1, content: EmptyByteBufBE)
GET /session/fca53a8affab38c86ca044be880399fd/url HTTP/1.1
User-Agent: selenium/4.8.1 (java windows)
Cache-Control: no-cache
Content-Type: application/json; charset=utf-8
host: localhost:30871
accept: */*

Response DefaultHttpResponse(decodeResult: success, version: HTTP/1.1)
HTTP/1.1 200 OK
Content-Length: 64
Content-Type: application/json; charset=utf-8
cache-control: no-cache

16:16:40.910 [AsyncHttpClient-1-7] DEBUG org.asynchttpclient.netty.channel.ChannelManager - Adding key: http://localhost:30871 for channel [id: 0x2330a739, L:/127.0.0.1:14981 - R:localhost/127.0.0.1:30871]
16:16:40.911 [Forwarding screenshot on session fca53a8affab38c86ca044be880399fd to remote] DEBUG org.asynchttpclient.netty.request.NettyRequestSender - Using pooled Channel '[id: 0x2330a739, L:/127.0.0.1:14981 - R:localhost/127.0.0.1:30871]' for 'GET' to 'http://localhost:30871/session/fca53a8affab38c86ca044be880399fd/screenshot'
16:16:40.911 [Forwarding screenshot on session fca53a8affab38c86ca044be880399fd to remote] DEBUG org.asynchttpclient.netty.request.NettyRequestSender - Using open Channel [id: 0x2330a739, L:/127.0.0.1:14981 - R:localhost/127.0.0.1:30871] for GET '/session/fca53a8affab38c86ca044be880399fd/screenshot'
16:16:41.198 [AsyncHttpClient-1-7] DEBUG org.asynchttpclient.netty.handler.HttpHandler - 

Request DefaultFullHttpRequest(decodeResult: success, version: HTTP/1.1, content: EmptyByteBufBE)
GET /session/fca53a8affab38c86ca044be880399fd/screenshot HTTP/1.1
User-Agent: selenium/4.8.1 (java windows)
Cache-Control: no-cache
Content-Type: application/json; charset=utf-8
host: localhost:30871
accept: */*

Response DefaultHttpResponse(decodeResult: success, version: HTTP/1.1)
HTTP/1.1 200 OK
Content-Length: 46940
Content-Type: application/json; charset=utf-8
cache-control: no-cache

16:16:41.199 [AsyncHttpClient-1-7] DEBUG org.asynchttpclient.netty.channel.ChannelManager - Adding key: http://localhost:30871 for channel [id: 0x2330a739, L:/127.0.0.1:14981 - R:localhost/127.0.0.1:30871]
16:16:41.202 [main] DEBUG net.serenitybdd.core.photography.Darkroom - Send negative for processing for target\site\serenity\b276c4c5569dbdc991b227431bed16b6d8e89de34f7e00b4fcfdc739991c907c.png
16:16:41.202 [main] DEBUG net.thucydides.core.steps.StepInterceptor - STEP DONE: openPage
  &amp#27;[32mGiven &amp#27;[0m&amp#27;[32mI am on the sign in page invalid account&amp#27;[0m                                 &amp#27;[90m# Starter.Stepdefitions.Failed1SigninSteps.onLoginPageInvalidAccount()&amp#27;[0m
16:16:41.221 [Forwarding getPageSource on session fca53a8affab38c86ca044be880399fd to remote] DEBUG org.asynchttpclient.netty.request.NettyRequestSender - Using pooled Channel '[id: 0x2330a739, L:/127.0.0.1:14981 - R:localhost/127.0.0.1:30871]' for 'POST' to 'http://localhost:30871/session/fca53a8affab38c86ca044be880399fd/execute/sync'
16:16:41.221 [Forwarding getPageSource on session fca53a8affab38c86ca044be880399fd to remote] DEBUG org.asynchttpclient.netty.request.NettyRequestSender - Using open Channel [id: 0x2330a739, L:/127.0.0.1:14981 - R:localhost/127.0.0.1:30871] for POST '/session/fca53a8affab38c86ca044be880399fd/execute/sync'
16:16:41.230 [AsyncHttpClient-1-7] DEBUG org.asynchttpclient.netty.handler.HttpHandler - 

Request DefaultHttpRequest(decodeResult: success, version: HTTP/1.1)
POST /session/fca53a8affab38c86ca044be880399fd/execute/sync HTTP/1.1
User-Agent: selenium/4.8.1 (java windows)
Content-Length: 176
Content-Type: application/json; charset=utf-8
host: localhost:30871
accept: */*

Response DefaultHttpResponse(decodeResult: success, version: HTTP/1.1)
HTTP/1.1 200 OK
Content-Length: 5992
Content-Type: application/json; charset=utf-8
cache-control: no-cache

16:16:41.230 [AsyncHttpClient-1-7] DEBUG org.asynchttpclient.netty.channel.ChannelManager - Adding key: http://localhost:30871 for channel [id: 0x2330a739, L:/127.0.0.1:14981 - R:localhost/127.0.0.1:30871]
16:16:41.233 [Forwarding getCurrentUrl on session fca53a8affab38c86ca044be880399fd to remote] DEBUG org.asynchttpclient.netty.request.NettyRequestSender - Using pooled Channel '[id: 0x2330a739, L:/127.0.0.1:14981 - R:localhost/127.0.0.1:30871]' for 'GET' to 'http://localhost:30871/session/fca53a8affab38c86ca044be880399fd/url'
16:16:41.233 [Forwarding getCurrentUrl on session fca53a8affab38c86ca044be880399fd to remote] DEBUG org.asynchttpclient.netty.request.NettyRequestSender - Using open Channel [id: 0x2330a739, L:/127.0.0.1:14981 - R:localhost/127.0.0.1:30871] for GET '/session/fca53a8affab38c86ca044be880399fd/url'
16:16:41.238 [AsyncHttpClient-1-7] DEBUG org.asynchttpclient.netty.handler.HttpHandler - 

Request DefaultFullHttpRequest(decodeResult: success, version: HTTP/1.1, content: EmptyByteBufBE)
GET /session/fca53a8affab38c86ca044be880399fd/url HTTP/1.1
User-Agent: selenium/4.8.1 (java windows)
Cache-Control: no-cache
Content-Type: application/json; charset=utf-8
host: localhost:30871
accept: */*

Response DefaultHttpResponse(decodeResult: success, version: HTTP/1.1)
HTTP/1.1 200 OK
Content-Length: 64
Content-Type: application/json; charset=utf-8
cache-control: no-cache

16:16:41.239 [AsyncHttpClient-1-7] DEBUG org.asynchttpclient.netty.channel.ChannelManager - Adding key: http://localhost:30871 for channel [id: 0x2330a739, L:/127.0.0.1:14981 - R:localhost/127.0.0.1:30871]
16:16:41.248 [Forwarding getPageSource on session fca53a8affab38c86ca044be880399fd to remote] DEBUG org.asynchttpclient.netty.request.NettyRequestSender - Using pooled Channel '[id: 0x2330a739, L:/127.0.0.1:14981 - R:localhost/127.0.0.1:30871]' for 'POST' to 'http://localhost:30871/session/fca53a8affab38c86ca044be880399fd/execute/sync'
16:16:41.248 [Forwarding getPageSource on session fca53a8affab38c86ca044be880399fd to remote] DEBUG org.asynchttpclient.netty.request.NettyRequestSender - Using open Channel [id: 0x2330a739, L:/127.0.0.1:14981 - R:localhost/127.0.0.1:30871] for POST '/session/fca53a8affab38c86ca044be880399fd/execute/sync'
16:16:41.253 [AsyncHttpClient-1-7] DEBUG org.asynchttpclient.netty.handler.HttpHandler - 

Request DefaultHttpRequest(decodeResult: success, version: HTTP/1.1)
POST /session/fca53a8affab38c86ca044be880399fd/execute/sync HTTP/1.1
User-Agent: selenium/4.8.1 (java windows)
Content-Length: 176
Content-Type: application/json; charset=utf-8
host: localhost:30871
accept: */*

Response DefaultHttpResponse(decodeResult: success, version: HTTP/1.1)
HTTP/1.1 200 OK
Content-Length: 5992
Content-Type: application/json; charset=utf-8
cache-control: no-cache

16:16:41.254 [AsyncHttpClient-1-7] DEBUG org.asynchttpclient.netty.channel.ChannelManager - Adding key: http://localhost:30871 for channel [id: 0x2330a739, L:/127.0.0.1:14981 - R:localhost/127.0.0.1:30871]
16:16:41.255 [Forwarding getCurrentUrl on session fca53a8affab38c86ca044be880399fd to remote] DEBUG org.asynchttpclient.netty.request.NettyRequestSender - Using pooled Channel '[id: 0x2330a739, L:/127.0.0.1:14981 - R:localhost/127.0.0.1:30871]' for 'GET' to 'http://localhost:30871/session/fca53a8affab38c86ca044be880399fd/url'
16:16:41.255 [Forwarding getCurrentUrl on session fca53a8affab38c86ca044be880399fd to remote] DEBUG org.asynchttpclient.netty.request.NettyRequestSender - Using open Channel [id: 0x2330a739, L:/127.0.0.1:14981 - R:localhost/127.0.0.1:30871] for GET '/session/fca53a8affab38c86ca044be880399fd/url'
16:16:41.259 [AsyncHttpClient-1-7] DEBUG org.asynchttpclient.netty.handler.HttpHandler - 

Request DefaultFullHttpRequest(decodeResult: success, version: HTTP/1.1, content: EmptyByteBufBE)
GET /session/fca53a8affab38c86ca044be880399fd/url HTTP/1.1
User-Agent: selenium/4.8.1 (java windows)
Cache-Control: no-cache
Content-Type: application/json; charset=utf-8
host: localhost:30871
accept: */*

Response DefaultHttpResponse(decodeResult: success, version: HTTP/1.1)
HTTP/1.1 200 OK
Content-Length: 64
Content-Type: application/json; charset=utf-8
cache-control: no-cache

16:16:41.259 [AsyncHttpClient-1-7] DEBUG org.asynchttpclient.netty.channel.ChannelManager - Adding key: http://localhost:30871 for channel [id: 0x2330a739, L:/127.0.0.1:14981 - R:localhost/127.0.0.1:30871]
16:16:41.260 [main] DEBUG net.thucydides.core.steps.StepInterceptor - STARTING STEP: Failed1SigninSteps.inputEmailInvalidAccount - inputEmail
16:16:41.263 [Forwarding findElement on session fca53a8affab38c86ca044be880399fd to remote] DEBUG org.asynchttpclient.netty.request.NettyRequestSender - Using pooled Channel '[id: 0x2330a739, L:/127.0.0.1:14981 - R:localhost/127.0.0.1:30871]' for 'POST' to 'http://localhost:30871/session/fca53a8affab38c86ca044be880399fd/element'
16:16:41.263 [Forwarding findElement on session fca53a8affab38c86ca044be880399fd to remote] DEBUG org.asynchttpclient.netty.request.NettyRequestSender - Using open Channel [id: 0x2330a739, L:/127.0.0.1:14981 - R:localhost/127.0.0.1:30871] for POST '/session/fca53a8affab38c86ca044be880399fd/element'
16:16:41.275 [AsyncHttpClient-1-7] DEBUG org.asynchttpclient.netty.handler.HttpHandler - 

Request DefaultHttpRequest(decodeResult: success, version: HTTP/1.1)
POST /session/fca53a8affab38c86ca044be880399fd/element HTTP/1.1
User-Agent: selenium/4.8.1 (java windows)
Content-Length: 67
Content-Type: application/json; charset=utf-8
host: localhost:30871
accept: */*

Response DefaultHttpResponse(decodeResult: success, version: HTTP/1.1)
HTTP/1.1 200 OK
Content-Length: 94
Content-Type: application/json; charset=utf-8
cache-control: no-cache

16:16:41.276 [AsyncHttpClient-1-7] DEBUG org.asynchttpclient.netty.channel.ChannelManager - Adding key: http://localhost:30871 for channel [id: 0x2330a739, L:/127.0.0.1:14981 - R:localhost/127.0.0.1:30871]
16:16:41.276 [Forwarding clearElement on session fca53a8affab38c86ca044be880399fd to remote] DEBUG org.asynchttpclient.netty.request.NettyRequestSender - Using pooled Channel '[id: 0x2330a739, L:/127.0.0.1:14981 - R:localhost/127.0.0.1:30871]' for 'POST' to 'http://localhost:30871/session/fca53a8affab38c86ca044be880399fd/element/90822485A65AEA93D10EAB7FDC6AE93D_element_9/clear'
16:16:41.276 [Forwarding clearElement on session fca53a8affab38c86ca044be880399fd to remote] DEBUG org.asynchttpclient.netty.request.NettyRequestSender - Using open Channel [id: 0x2330a739, L:/127.0.0.1:14981 - R:localhost/127.0.0.1:30871] for POST '/session/fca53a8affab38c86ca044be880399fd/element/90822485A65AEA93D10EAB7FDC6AE93D_element_9/clear'
16:16:41.314 [AsyncHttpClient-1-7] DEBUG org.asynchttpclient.netty.handler.HttpHandler - 

Request DefaultHttpRequest(decodeResult: success, version: HTTP/1.1)
POST /session/fca53a8affab38c86ca044be880399fd/element/90822485A65AEA93D10EAB7FDC6AE93D_element_9/clear HTTP/1.1
User-Agent: selenium/4.8.1 (java windows)
Content-Length: 56
Content-Type: application/json; charset=utf-8
host: localhost:30871
accept: */*

Response DefaultHttpResponse(decodeResult: success, version: HTTP/1.1)
HTTP/1.1 200 OK
Content-Length: 14
Content-Type: application/json; charset=utf-8
cache-control: no-cache

16:16:41.314 [AsyncHttpClient-1-7] DEBUG org.asynchttpclient.netty.channel.ChannelManager - Adding key: http://localhost:30871 for channel [id: 0x2330a739, L:/127.0.0.1:14981 - R:localhost/127.0.0.1:30871]
16:16:41.315 [Forwarding sendKeysToElement on session fca53a8affab38c86ca044be880399fd to remote] DEBUG org.asynchttpclient.netty.request.NettyRequestSender - Using pooled Channel '[id: 0x2330a739, L:/127.0.0.1:14981 - R:localhost/127.0.0.1:30871]' for 'POST' to 'http://localhost:30871/session/fca53a8affab38c86ca044be880399fd/element/90822485A65AEA93D10EAB7FDC6AE93D_element_9/value'
16:16:41.315 [Forwarding sendKeysToElement on session fca53a8affab38c86ca044be880399fd to remote] DEBUG org.asynchttpclient.netty.request.NettyRequestSender - Using open Channel [id: 0x2330a739, L:/127.0.0.1:14981 - R:localhost/127.0.0.1:30871] for POST '/session/fca53a8affab38c86ca044be880399fd/element/90822485A65AEA93D10EAB7FDC6AE93D_element_9/value'
16:16:41.548 [AsyncHttpClient-1-7] DEBUG org.asynchttpclient.netty.handler.HttpHandler - 

Request DefaultHttpRequest(decodeResult: success, version: HTTP/1.1)
POST /session/fca53a8affab38c86ca044be880399fd/element/90822485A65AEA93D10EAB7FDC6AE93D_element_9/value HTTP/1.1
User-Agent: selenium/4.8.1 (java windows)
Content-Length: 237
Content-Type: application/json; charset=utf-8
host: localhost:30871
accept: */*

Response DefaultHttpResponse(decodeResult: success, version: HTTP/1.1)
HTTP/1.1 200 OK
Content-Length: 14
Content-Type: application/json; charset=utf-8
cache-control: no-cache

16:16:41.548 [AsyncHttpClient-1-7] DEBUG org.asynchttpclient.netty.channel.ChannelManager - Adding key: http://localhost:30871 for channel [id: 0x2330a739, L:/127.0.0.1:14981 - R:localhost/127.0.0.1:30871]
16:16:41.555 [Forwarding getAlertText on session fca53a8affab38c86ca044be880399fd to remote] DEBUG org.asynchttpclient.netty.request.NettyRequestSender - Using pooled Channel '[id: 0x2330a739, L:/127.0.0.1:14981 - R:localhost/127.0.0.1:30871]' for 'GET' to 'http://localhost:30871/session/fca53a8affab38c86ca044be880399fd/alert/text'
16:16:41.555 [Forwarding getAlertText on session fca53a8affab38c86ca044be880399fd to remote] DEBUG org.asynchttpclient.netty.request.NettyRequestSender - Using open Channel [id: 0x2330a739, L:/127.0.0.1:14981 - R:localhost/127.0.0.1:30871] for GET '/session/fca53a8affab38c86ca044be880399fd/alert/text'
16:16:41.557 [AsyncHttpClient-1-7] DEBUG org.asynchttpclient.netty.handler.HttpHandler - 

Request DefaultFullHttpRequest(decodeResult: success, version: HTTP/1.1, content: EmptyByteBufBE)
GET /session/fca53a8affab38c86ca044be880399fd/alert/text HTTP/1.1
User-Agent: selenium/4.8.1 (java windows)
Cache-Control: no-cache
Content-Type: application/json; charset=utf-8
host: localhost:30871
accept: */*

Response DefaultHttpResponse(decodeResult: success, version: HTTP/1.1)
HTTP/1.1 404 Not Found
Content-Length: 807
Content-Type: application/json; charset=utf-8
cache-control: no-cache

16:16:41.557 [AsyncHttpClient-1-7] DEBUG org.asynchttpclient.netty.channel.ChannelManager - Adding key: http://localhost:30871 for channel [id: 0x2330a739, L:/127.0.0.1:14981 - R:localhost/127.0.0.1:30871]
16:16:41.560 [Forwarding getCurrentUrl on session fca53a8affab38c86ca044be880399fd to remote] DEBUG org.asynchttpclient.netty.request.NettyRequestSender - Using pooled Channel '[id: 0x2330a739, L:/127.0.0.1:14981 - R:localhost/127.0.0.1:30871]' for 'GET' to 'http://localhost:30871/session/fca53a8affab38c86ca044be880399fd/url'
16:16:41.560 [Forwarding getCurrentUrl on session fca53a8affab38c86ca044be880399fd to remote] DEBUG org.asynchttpclient.netty.request.NettyRequestSender - Using open Channel [id: 0x2330a739, L:/127.0.0.1:14981 - R:localhost/127.0.0.1:30871] for GET '/session/fca53a8affab38c86ca044be880399fd/url'
16:16:41.565 [AsyncHttpClient-1-7] DEBUG org.asynchttpclient.netty.handler.HttpHandler - 

Request DefaultFullHttpRequest(decodeResult: success, version: HTTP/1.1, content: EmptyByteBufBE)
GET /session/fca53a8affab38c86ca044be880399fd/url HTTP/1.1
User-Agent: selenium/4.8.1 (java windows)
Cache-Control: no-cache
Content-Type: application/json; charset=utf-8
host: localhost:30871
accept: */*

Response DefaultHttpResponse(decodeResult: success, version: HTTP/1.1)
HTTP/1.1 200 OK
Content-Length: 64
Content-Type: application/json; charset=utf-8
cache-control: no-cache

16:16:41.565 [AsyncHttpClient-1-7] DEBUG org.asynchttpclient.netty.channel.ChannelManager - Adding key: http://localhost:30871 for channel [id: 0x2330a739, L:/127.0.0.1:14981 - R:localhost/127.0.0.1:30871]
16:16:41.565 [Forwarding screenshot on session fca53a8affab38c86ca044be880399fd to remote] DEBUG org.asynchttpclient.netty.request.NettyRequestSender - Using pooled Channel '[id: 0x2330a739, L:/127.0.0.1:14981 - R:localhost/127.0.0.1:30871]' for 'GET' to 'http://localhost:30871/session/fca53a8affab38c86ca044be880399fd/screenshot'
16:16:41.565 [Forwarding screenshot on session fca53a8affab38c86ca044be880399fd to remote] DEBUG org.asynchttpclient.netty.request.NettyRequestSender - Using open Channel [id: 0x2330a739, L:/127.0.0.1:14981 - R:localhost/127.0.0.1:30871] for GET '/session/fca53a8affab38c86ca044be880399fd/screenshot'
16:16:41.644 [AsyncHttpClient-1-1] DEBUG org.asynchttpclient.netty.channel.DefaultChannelPool - Entry count for : http://localhost:14982 : 1
16:16:41.729 [AsyncHttpClient-1-7] DEBUG org.asynchttpclient.netty.handler.HttpHandler - 

Request DefaultFullHttpRequest(decodeResult: success, version: HTTP/1.1, content: EmptyByteBufBE)
GET /session/fca53a8affab38c86ca044be880399fd/screenshot HTTP/1.1
User-Agent: selenium/4.8.1 (java windows)
Cache-Control: no-cache
Content-Type: application/json; charset=utf-8
host: localhost:30871
accept: */*

Response DefaultHttpResponse(decodeResult: success, version: HTTP/1.1)
HTTP/1.1 200 OK
Content-Length: 47900
Content-Type: application/json; charset=utf-8
cache-control: no-cache

16:16:41.729 [AsyncHttpClient-1-7] DEBUG org.asynchttpclient.netty.channel.ChannelManager - Adding key: http://localhost:30871 for channel [id: 0x2330a739, L:/127.0.0.1:14981 - R:localhost/127.0.0.1:30871]
16:16:41.732 [main] DEBUG net.serenitybdd.core.photography.Darkroom - Send negative for processing for target\site\serenity\acbd0fc0b88d5dbcf4d0599c0a1eeb9e1a4141510ac034ca13dc6d5a8a365441.png
16:16:41.732 [main] DEBUG net.thucydides.core.steps.StepInterceptor - STEP DONE: inputEmail
  &amp#27;[32mWhen &amp#27;[0m&amp#27;[32mI input email invalid account&amp#27;[0m                                             &amp#27;[90m# Starter.Stepdefitions.Failed1SigninSteps.inputEmailInvalidAccount()&amp#27;[0m
16:16:41.733 [Darkroom Processing Line] DEBUG net.serenitybdd.core.photography.DarkroomProcessingLine - Processing screenshot image in /var/screenshots/screenshot-8770279730979454380
16:16:41.733 [Darkroom Processing Line] DEBUG net.serenitybdd.core.photography.DarkroomProcessingLine - Saving screenshot to target\site\serenity\acbd0fc0b88d5dbcf4d0599c0a1eeb9e1a4141510ac034ca13dc6d5a8a365441.png
16:16:41.742 [Forwarding getPageSource on session fca53a8affab38c86ca044be880399fd to remote] DEBUG org.asynchttpclient.netty.request.NettyRequestSender - Using pooled Channel '[id: 0x2330a739, L:/127.0.0.1:14981 - R:localhost/127.0.0.1:30871]' for 'POST' to 'http://localhost:30871/session/fca53a8affab38c86ca044be880399fd/execute/sync'
16:16:41.742 [Forwarding getPageSource on session fca53a8affab38c86ca044be880399fd to remote] DEBUG org.asynchttpclient.netty.request.NettyRequestSender - Using open Channel [id: 0x2330a739, L:/127.0.0.1:14981 - R:localhost/127.0.0.1:30871] for POST '/session/fca53a8affab38c86ca044be880399fd/execute/sync'
16:16:41.747 [AsyncHttpClient-1-7] DEBUG org.asynchttpclient.netty.handler.HttpHandler - 

Request DefaultHttpRequest(decodeResult: success, version: HTTP/1.1)
POST /session/fca53a8affab38c86ca044be880399fd/execute/sync HTTP/1.1
User-Agent: selenium/4.8.1 (java windows)
Content-Length: 176
Content-Type: application/json; charset=utf-8
host: localhost:30871
accept: */*

Response DefaultHttpResponse(decodeResult: success, version: HTTP/1.1)
HTTP/1.1 200 OK
Content-Length: 6023
Content-Type: application/json; charset=utf-8
cache-control: no-cache

16:16:41.747 [AsyncHttpClient-1-7] DEBUG org.asynchttpclient.netty.channel.ChannelManager - Adding key: http://localhost:30871 for channel [id: 0x2330a739, L:/127.0.0.1:14981 - R:localhost/127.0.0.1:30871]
16:16:41.750 [Forwarding getCurrentUrl on session fca53a8affab38c86ca044be880399fd to remote] DEBUG org.asynchttpclient.netty.request.NettyRequestSender - Using pooled Channel '[id: 0x2330a739, L:/127.0.0.1:14981 - R:localhost/127.0.0.1:30871]' for 'GET' to 'http://localhost:30871/session/fca53a8affab38c86ca044be880399fd/url'
16:16:41.750 [Forwarding getCurrentUrl on session fca53a8affab38c86ca044be880399fd to remote] DEBUG org.asynchttpclient.netty.request.NettyRequestSender - Using open Channel [id: 0x2330a739, L:/127.0.0.1:14981 - R:localhost/127.0.0.1:30871] for GET '/session/fca53a8affab38c86ca044be880399fd/url'
16:16:41.755 [AsyncHttpClient-1-7] DEBUG org.asynchttpclient.netty.handler.HttpHandler - 

Request DefaultFullHttpRequest(decodeResult: success, version: HTTP/1.1, content: EmptyByteBufBE)
GET /session/fca53a8affab38c86ca044be880399fd/url HTTP/1.1
User-Agent: selenium/4.8.1 (java windows)
Cache-Control: no-cache
Content-Type: application/json; charset=utf-8
host: localhost:30871
accept: */*

Response DefaultHttpResponse(decodeResult: success, version: HTTP/1.1)
HTTP/1.1 200 OK
Content-Length: 64
Content-Type: application/json; charset=utf-8
cache-control: no-cache

16:16:41.755 [AsyncHttpClient-1-7] DEBUG org.asynchttpclient.netty.channel.ChannelManager - Adding key: http://localhost:30871 for channel [id: 0x2330a739, L:/127.0.0.1:14981 - R:localhost/127.0.0.1:30871]
16:16:41.765 [Forwarding getPageSource on session fca53a8affab38c86ca044be880399fd to remote] DEBUG org.asynchttpclient.netty.request.NettyRequestSender - Using pooled Channel '[id: 0x2330a739, L:/127.0.0.1:14981 - R:localhost/127.0.0.1:30871]' for 'POST' to 'http://localhost:30871/session/fca53a8affab38c86ca044be880399fd/execute/sync'
16:16:41.765 [Forwarding getPageSource on session fca53a8affab38c86ca044be880399fd to remote] DEBUG org.asynchttpclient.netty.request.NettyRequestSender - Using open Channel [id: 0x2330a739, L:/127.0.0.1:14981 - R:localhost/127.0.0.1:30871] for POST '/session/fca53a8affab38c86ca044be880399fd/execute/sync'
16:16:41.769 [AsyncHttpClient-1-7] DEBUG org.asynchttpclient.netty.handler.HttpHandler - 

Request DefaultHttpRequest(decodeResult: success, version: HTTP/1.1)
POST /session/fca53a8affab38c86ca044be880399fd/execute/sync HTTP/1.1
User-Agent: selenium/4.8.1 (java windows)
Content-Length: 176
Content-Type: application/json; charset=utf-8
host: localhost:30871
accept: */*

Response DefaultHttpResponse(decodeResult: success, version: HTTP/1.1)
HTTP/1.1 200 OK
Content-Length: 6023
Content-Type: application/json; charset=utf-8
cache-control: no-cache

16:16:41.769 [AsyncHttpClient-1-7] DEBUG org.asynchttpclient.netty.channel.ChannelManager - Adding key: http://localhost:30871 for channel [id: 0x2330a739, L:/127.0.0.1:14981 - R:localhost/127.0.0.1:30871]
16:16:41.771 [Forwarding getCurrentUrl on session fca53a8affab38c86ca044be880399fd to remote] DEBUG org.asynchttpclient.netty.request.NettyRequestSender - Using pooled Channel '[id: 0x2330a739, L:/127.0.0.1:14981 - R:localhost/127.0.0.1:30871]' for 'GET' to 'http://localhost:30871/session/fca53a8affab38c86ca044be880399fd/url'
16:16:41.771 [Forwarding getCurrentUrl on session fca53a8affab38c86ca044be880399fd to remote] DEBUG org.asynchttpclient.netty.request.NettyRequestSender - Using open Channel [id: 0x2330a739, L:/127.0.0.1:14981 - R:localhost/127.0.0.1:30871] for GET '/session/fca53a8affab38c86ca044be880399fd/url'
16:16:41.774 [AsyncHttpClient-1-7] DEBUG org.asynchttpclient.netty.handler.HttpHandler - 

Request DefaultFullHttpRequest(decodeResult: success, version: HTTP/1.1, content: EmptyByteBufBE)
GET /session/fca53a8affab38c86ca044be880399fd/url HTTP/1.1
User-Agent: selenium/4.8.1 (java windows)
Cache-Control: no-cache
Content-Type: application/json; charset=utf-8
host: localhost:30871
accept: */*

Response DefaultHttpResponse(decodeResult: success, version: HTTP/1.1)
HTTP/1.1 200 OK
Content-Length: 64
Content-Type: application/json; charset=utf-8
cache-control: no-cache

16:16:41.774 [AsyncHttpClient-1-7] DEBUG org.asynchttpclient.netty.channel.ChannelManager - Adding key: http://localhost:30871 for channel [id: 0x2330a739, L:/127.0.0.1:14981 - R:localhost/127.0.0.1:30871]
16:16:41.776 [main] DEBUG net.thucydides.core.steps.StepInterceptor - STARTING STEP: Failed1SigninSteps.inputPasswordInvalidAccount - inputPassword
16:16:41.779 [Forwarding findElement on session fca53a8affab38c86ca044be880399fd to remote] DEBUG org.asynchttpclient.netty.request.NettyRequestSender - Using pooled Channel '[id: 0x2330a739, L:/127.0.0.1:14981 - R:localhost/127.0.0.1:30871]' for 'POST' to 'http://localhost:30871/session/fca53a8affab38c86ca044be880399fd/element'
16:16:41.779 [Forwarding findElement on session fca53a8affab38c86ca044be880399fd to remote] DEBUG org.asynchttpclient.netty.request.NettyRequestSender - Using open Channel [id: 0x2330a739, L:/127.0.0.1:14981 - R:localhost/127.0.0.1:30871] for POST '/session/fca53a8affab38c86ca044be880399fd/element'
16:16:41.792 [AsyncHttpClient-1-7] DEBUG org.asynchttpclient.netty.handler.HttpHandler - 

Request DefaultHttpRequest(decodeResult: success, version: HTTP/1.1)
POST /session/fca53a8affab38c86ca044be880399fd/element HTTP/1.1
User-Agent: selenium/4.8.1 (java windows)
Content-Length: 70
Content-Type: application/json; charset=utf-8
host: localhost:30871
accept: */*

Response DefaultHttpResponse(decodeResult: success, version: HTTP/1.1)
HTTP/1.1 200 OK
Content-Length: 95
Content-Type: application/json; charset=utf-8
cache-control: no-cache

16:16:41.792 [AsyncHttpClient-1-7] DEBUG org.asynchttpclient.netty.channel.ChannelManager - Adding key: http://localhost:30871 for channel [id: 0x2330a739, L:/127.0.0.1:14981 - R:localhost/127.0.0.1:30871]
16:16:41.793 [Forwarding clearElement on session fca53a8affab38c86ca044be880399fd to remote] DEBUG org.asynchttpclient.netty.request.NettyRequestSender - Using pooled Channel '[id: 0x2330a739, L:/127.0.0.1:14981 - R:localhost/127.0.0.1:30871]' for 'POST' to 'http://localhost:30871/session/fca53a8affab38c86ca044be880399fd/element/90822485A65AEA93D10EAB7FDC6AE93D_element_12/clear'
16:16:41.793 [Forwarding clearElement on session fca53a8affab38c86ca044be880399fd to remote] DEBUG org.asynchttpclient.netty.request.NettyRequestSender - Using open Channel [id: 0x2330a739, L:/127.0.0.1:14981 - R:localhost/127.0.0.1:30871] for POST '/session/fca53a8affab38c86ca044be880399fd/element/90822485A65AEA93D10EAB7FDC6AE93D_element_12/clear'
16:16:41.823 [AsyncHttpClient-1-7] DEBUG org.asynchttpclient.netty.handler.HttpHandler - 

Request DefaultHttpRequest(decodeResult: success, version: HTTP/1.1)
POST /session/fca53a8affab38c86ca044be880399fd/element/90822485A65AEA93D10EAB7FDC6AE93D_element_12/clear HTTP/1.1
User-Agent: selenium/4.8.1 (java windows)
Content-Length: 57
Content-Type: application/json; charset=utf-8
host: localhost:30871
accept: */*

Response DefaultHttpResponse(decodeResult: success, version: HTTP/1.1)
HTTP/1.1 200 OK
Content-Length: 14
Content-Type: application/json; charset=utf-8
cache-control: no-cache

16:16:41.823 [AsyncHttpClient-1-7] DEBUG org.asynchttpclient.netty.channel.ChannelManager - Adding key: http://localhost:30871 for channel [id: 0x2330a739, L:/127.0.0.1:14981 - R:localhost/127.0.0.1:30871]
16:16:41.825 [Forwarding sendKeysToElement on session fca53a8affab38c86ca044be880399fd to remote] DEBUG org.asynchttpclient.netty.request.NettyRequestSender - Using pooled Channel '[id: 0x2330a739, L:/127.0.0.1:14981 - R:localhost/127.0.0.1:30871]' for 'POST' to 'http://localhost:30871/session/fca53a8affab38c86ca044be880399fd/element/90822485A65AEA93D10EAB7FDC6AE93D_element_12/value'
16:16:41.825 [Forwarding sendKeysToElement on session fca53a8affab38c86ca044be880399fd to remote] DEBUG org.asynchttpclient.netty.request.NettyRequestSender - Using open Channel [id: 0x2330a739, L:/127.0.0.1:14981 - R:localhost/127.0.0.1:30871] for POST '/session/fca53a8affab38c86ca044be880399fd/element/90822485A65AEA93D10EAB7FDC6AE93D_element_12/value'
16:16:42.046 [AsyncHttpClient-1-7] DEBUG org.asynchttpclient.netty.handler.HttpHandler - 

Request DefaultHttpRequest(decodeResult: success, version: HTTP/1.1)
POST /session/fca53a8affab38c86ca044be880399fd/element/90822485A65AEA93D10EAB7FDC6AE93D_element_12/value HTTP/1.1
User-Agent: selenium/4.8.1 (java windows)
Content-Length: 168
Content-Type: application/json; charset=utf-8
host: localhost:30871
accept: */*

Response DefaultHttpResponse(decodeResult: success, version: HTTP/1.1)
HTTP/1.1 200 OK
Content-Length: 14
Content-Type: application/json; charset=utf-8
cache-control: no-cache

16:16:42.046 [AsyncHttpClient-1-7] DEBUG org.asynchttpclient.netty.channel.ChannelManager - Adding key: http://localhost:30871 for channel [id: 0x2330a739, L:/127.0.0.1:14981 - R:localhost/127.0.0.1:30871]
16:16:42.053 [Forwarding getAlertText on session fca53a8affab38c86ca044be880399fd to remote] DEBUG org.asynchttpclient.netty.request.NettyRequestSender - Using pooled Channel '[id: 0x2330a739, L:/127.0.0.1:14981 - R:localhost/127.0.0.1:30871]' for 'GET' to 'http://localhost:30871/session/fca53a8affab38c86ca044be880399fd/alert/text'
16:16:42.053 [Forwarding getAlertText on session fca53a8affab38c86ca044be880399fd to remote] DEBUG org.asynchttpclient.netty.request.NettyRequestSender - Using open Channel [id: 0x2330a739, L:/127.0.0.1:14981 - R:localhost/127.0.0.1:30871] for GET '/session/fca53a8affab38c86ca044be880399fd/alert/text'
16:16:42.054 [AsyncHttpClient-1-7] DEBUG org.asynchttpclient.netty.handler.HttpHandler - 

Request DefaultFullHttpRequest(decodeResult: success, version: HTTP/1.1, content: EmptyByteBufBE)
GET /session/fca53a8affab38c86ca044be880399fd/alert/text HTTP/1.1
User-Agent: selenium/4.8.1 (java windows)
Cache-Control: no-cache
Content-Type: application/json; charset=utf-8
host: localhost:30871
accept: */*

Response DefaultHttpResponse(decodeResult: success, version: HTTP/1.1)
HTTP/1.1 404 Not Found
Content-Length: 807
Content-Type: application/json; charset=utf-8
cache-control: no-cache

16:16:42.054 [AsyncHttpClient-1-7] DEBUG org.asynchttpclient.netty.channel.ChannelManager - Adding key: http://localhost:30871 for channel [id: 0x2330a739, L:/127.0.0.1:14981 - R:localhost/127.0.0.1:30871]
16:16:42.055 [Forwarding getCurrentUrl on session fca53a8affab38c86ca044be880399fd to remote] DEBUG org.asynchttpclient.netty.request.NettyRequestSender - Using pooled Channel '[id: 0x2330a739, L:/127.0.0.1:14981 - R:localhost/127.0.0.1:30871]' for 'GET' to 'http://localhost:30871/session/fca53a8affab38c86ca044be880399fd/url'
16:16:42.056 [Forwarding getCurrentUrl on session fca53a8affab38c86ca044be880399fd to remote] DEBUG org.asynchttpclient.netty.request.NettyRequestSender - Using open Channel [id: 0x2330a739, L:/127.0.0.1:14981 - R:localhost/127.0.0.1:30871] for GET '/session/fca53a8affab38c86ca044be880399fd/url'
16:16:42.063 [AsyncHttpClient-1-7] DEBUG org.asynchttpclient.netty.handler.HttpHandler - 

Request DefaultFullHttpRequest(decodeResult: success, version: HTTP/1.1, content: EmptyByteBufBE)
GET /session/fca53a8affab38c86ca044be880399fd/url HTTP/1.1
User-Agent: selenium/4.8.1 (java windows)
Cache-Control: no-cache
Content-Type: application/json; charset=utf-8
host: localhost:30871
accept: */*

Response DefaultHttpResponse(decodeResult: success, version: HTTP/1.1)
HTTP/1.1 200 OK
Content-Length: 64
Content-Type: application/json; charset=utf-8
cache-control: no-cache

16:16:42.063 [AsyncHttpClient-1-7] DEBUG org.asynchttpclient.netty.channel.ChannelManager - Adding key: http://localhost:30871 for channel [id: 0x2330a739, L:/127.0.0.1:14981 - R:localhost/127.0.0.1:30871]
16:16:42.064 [Forwarding screenshot on session fca53a8affab38c86ca044be880399fd to remote] DEBUG org.asynchttpclient.netty.request.NettyRequestSender - Using pooled Channel '[id: 0x2330a739, L:/127.0.0.1:14981 - R:localhost/127.0.0.1:30871]' for 'GET' to 'http://localhost:30871/session/fca53a8affab38c86ca044be880399fd/screenshot'
16:16:42.064 [Forwarding screenshot on session fca53a8affab38c86ca044be880399fd to remote] DEBUG org.asynchttpclient.netty.request.NettyRequestSender - Using open Channel [id: 0x2330a739, L:/127.0.0.1:14981 - R:localhost/127.0.0.1:30871] for GET '/session/fca53a8affab38c86ca044be880399fd/screenshot'
16:16:42.170 [AsyncHttpClient-1-7] DEBUG org.asynchttpclient.netty.handler.HttpHandler - 

Request DefaultFullHttpRequest(decodeResult: success, version: HTTP/1.1, content: EmptyByteBufBE)
GET /session/fca53a8affab38c86ca044be880399fd/screenshot HTTP/1.1
User-Agent: selenium/4.8.1 (java windows)
Cache-Control: no-cache
Content-Type: application/json; charset=utf-8
host: localhost:30871
accept: */*

Response DefaultHttpResponse(decodeResult: success, version: HTTP/1.1)
HTTP/1.1 200 OK
Content-Length: 47608
Content-Type: application/json; charset=utf-8
cache-control: no-cache

16:16:42.171 [AsyncHttpClient-1-7] DEBUG org.asynchttpclient.netty.channel.ChannelManager - Adding key: http://localhost:30871 for channel [id: 0x2330a739, L:/127.0.0.1:14981 - R:localhost/127.0.0.1:30871]
16:16:42.181 [main] DEBUG net.serenitybdd.core.photography.Darkroom - Send negative for processing for target\site\serenity\ec40337a65f27d39cdb43444eea917e2c6560ceae1c6ed065a5dc0c7ee5dedfd.png
16:16:42.181 [Darkroom Processing Line] DEBUG net.serenitybdd.core.photography.DarkroomProcessingLine - Processing screenshot image in /var/screenshots/screenshot-2352241166273919493
16:16:42.181 [main] DEBUG net.thucydides.core.steps.StepInterceptor - STEP DONE: inputPassword
16:16:42.181 [Darkroom Processing Line] DEBUG net.serenitybdd.core.photography.DarkroomProcessingLine - Saving screenshot to target\site\serenity\ec40337a65f27d39cdb43444eea917e2c6560ceae1c6ed065a5dc0c7ee5dedfd.png
  &amp#27;[32mAnd &amp#27;[0m&amp#27;[32mI input password invalid account&amp#27;[0m                                           &amp#27;[90m# Starter.Stepdefitions.Failed1SigninSteps.inputPasswordInvalidAccount()&amp#27;[0m
16:16:42.194 [Forwarding getPageSource on session fca53a8affab38c86ca044be880399fd to remote] DEBUG org.asynchttpclient.netty.request.NettyRequestSender - Using pooled Channel '[id: 0x2330a739, L:/127.0.0.1:14981 - R:localhost/127.0.0.1:30871]' for 'POST' to 'http://localhost:30871/session/fca53a8affab38c86ca044be880399fd/execute/sync'
16:16:42.194 [Forwarding getPageSource on session fca53a8affab38c86ca044be880399fd to remote] DEBUG org.asynchttpclient.netty.request.NettyRequestSender - Using open Channel [id: 0x2330a739, L:/127.0.0.1:14981 - R:localhost/127.0.0.1:30871] for POST '/session/fca53a8affab38c86ca044be880399fd/execute/sync'
16:16:42.198 [AsyncHttpClient-1-7] DEBUG org.asynchttpclient.netty.handler.HttpHandler - 

Request DefaultHttpRequest(decodeResult: success, version: HTTP/1.1)
POST /session/fca53a8affab38c86ca044be880399fd/execute/sync HTTP/1.1
User-Agent: selenium/4.8.1 (java windows)
Content-Length: 176
Content-Type: application/json; charset=utf-8
host: localhost:30871
accept: */*

Response DefaultHttpResponse(decodeResult: success, version: HTTP/1.1)
HTTP/1.1 200 OK
Content-Length: 6103
Content-Type: application/json; charset=utf-8
cache-control: no-cache

16:16:42.199 [AsyncHttpClient-1-7] DEBUG org.asynchttpclient.netty.channel.ChannelManager - Adding key: http://localhost:30871 for channel [id: 0x2330a739, L:/127.0.0.1:14981 - R:localhost/127.0.0.1:30871]
16:16:42.201 [Forwarding getCurrentUrl on session fca53a8affab38c86ca044be880399fd to remote] DEBUG org.asynchttpclient.netty.request.NettyRequestSender - Using pooled Channel '[id: 0x2330a739, L:/127.0.0.1:14981 - R:localhost/127.0.0.1:30871]' for 'GET' to 'http://localhost:30871/session/fca53a8affab38c86ca044be880399fd/url'
16:16:42.201 [Forwarding getCurrentUrl on session fca53a8affab38c86ca044be880399fd to remote] DEBUG org.asynchttpclient.netty.request.NettyRequestSender - Using open Channel [id: 0x2330a739, L:/127.0.0.1:14981 - R:localhost/127.0.0.1:30871] for GET '/session/fca53a8affab38c86ca044be880399fd/url'
16:16:42.205 [AsyncHttpClient-1-7] DEBUG org.asynchttpclient.netty.handler.HttpHandler - 

Request DefaultFullHttpRequest(decodeResult: success, version: HTTP/1.1, content: EmptyByteBufBE)
GET /session/fca53a8affab38c86ca044be880399fd/url HTTP/1.1
User-Agent: selenium/4.8.1 (java windows)
Cache-Control: no-cache
Content-Type: application/json; charset=utf-8
host: localhost:30871
accept: */*

Response DefaultHttpResponse(decodeResult: success, version: HTTP/1.1)
HTTP/1.1 200 OK
Content-Length: 64
Content-Type: application/json; charset=utf-8
cache-control: no-cache

16:16:42.205 [AsyncHttpClient-1-7] DEBUG org.asynchttpclient.netty.channel.ChannelManager - Adding key: http://localhost:30871 for channel [id: 0x2330a739, L:/127.0.0.1:14981 - R:localhost/127.0.0.1:30871]
16:16:42.286 [Forwarding getAlertText on session fca53a8affab38c86ca044be880399fd to remote] DEBUG org.asynchttpclient.netty.request.NettyRequestSender - Using pooled Channel '[id: 0x2330a739, L:/127.0.0.1:14981 - R:localhost/127.0.0.1:30871]' for 'GET' to 'http://localhost:30871/session/fca53a8affab38c86ca044be880399fd/alert/text'
16:16:42.286 [Forwarding getAlertText on session fca53a8affab38c86ca044be880399fd to remote] DEBUG org.asynchttpclient.netty.request.NettyRequestSender - Using open Channel [id: 0x2330a739, L:/127.0.0.1:14981 - R:localhost/127.0.0.1:30871] for GET '/session/fca53a8affab38c86ca044be880399fd/alert/text'
16:16:42.288 [AsyncHttpClient-1-7] DEBUG org.asynchttpclient.netty.handler.HttpHandler - 

Request DefaultFullHttpRequest(decodeResult: success, version: HTTP/1.1, content: EmptyByteBufBE)
GET /session/fca53a8affab38c86ca044be880399fd/alert/text HTTP/1.1
User-Agent: selenium/4.8.1 (java windows)
Cache-Control: no-cache
Content-Type: application/json; charset=utf-8
host: localhost:30871
accept: */*

Response DefaultHttpResponse(decodeResult: success, version: HTTP/1.1)
HTTP/1.1 404 Not Found
Content-Length: 807
Content-Type: application/json; charset=utf-8
cache-control: no-cache

16:16:42.288 [AsyncHttpClient-1-7] DEBUG org.asynchttpclient.netty.channel.ChannelManager - Adding key: http://localhost:30871 for channel [id: 0x2330a739, L:/127.0.0.1:14981 - R:localhost/127.0.0.1:30871]
16:16:42.289 [Forwarding getCurrentUrl on session fca53a8affab38c86ca044be880399fd to remote] DEBUG org.asynchttpclient.netty.request.NettyRequestSender - Using pooled Channel '[id: 0x2330a739, L:/127.0.0.1:14981 - R:localhost/127.0.0.1:30871]' for 'GET' to 'http://localhost:30871/session/fca53a8affab38c86ca044be880399fd/url'
16:16:42.289 [Forwarding getCurrentUrl on session fca53a8affab38c86ca044be880399fd to remote] DEBUG org.asynchttpclient.netty.request.NettyRequestSender - Using open Channel [id: 0x2330a739, L:/127.0.0.1:14981 - R:localhost/127.0.0.1:30871] for GET '/session/fca53a8affab38c86ca044be880399fd/url'
16:16:42.293 [AsyncHttpClient-1-7] DEBUG org.asynchttpclient.netty.handler.HttpHandler - 

Request DefaultFullHttpRequest(decodeResult: success, version: HTTP/1.1, content: EmptyByteBufBE)
GET /session/fca53a8affab38c86ca044be880399fd/url HTTP/1.1
User-Agent: selenium/4.8.1 (java windows)
Cache-Control: no-cache
Content-Type: application/json; charset=utf-8
host: localhost:30871
accept: */*

Response DefaultHttpResponse(decodeResult: success, version: HTTP/1.1)
HTTP/1.1 200 OK
Content-Length: 64
Content-Type: application/json; charset=utf-8
cache-control: no-cache

16:16:42.293 [AsyncHttpClient-1-7] DEBUG org.asynchttpclient.netty.channel.ChannelManager - Adding key: http://localhost:30871 for channel [id: 0x2330a739, L:/127.0.0.1:14981 - R:localhost/127.0.0.1:30871]
16:16:42.294 [Forwarding screenshot on session fca53a8affab38c86ca044be880399fd to remote] DEBUG org.asynchttpclient.netty.request.NettyRequestSender - Using pooled Channel '[id: 0x2330a739, L:/127.0.0.1:14981 - R:localhost/127.0.0.1:30871]' for 'GET' to 'http://localhost:30871/session/fca53a8affab38c86ca044be880399fd/screenshot'
16:16:42.294 [Forwarding screenshot on session fca53a8affab38c86ca044be880399fd to remote] DEBUG org.asynchttpclient.netty.request.NettyRequestSender - Using open Channel [id: 0x2330a739, L:/127.0.0.1:14981 - R:localhost/127.0.0.1:30871] for GET '/session/fca53a8affab38c86ca044be880399fd/screenshot'
16:16:42.372 [AsyncHttpClient-1-7] DEBUG org.asynchttpclient.netty.handler.HttpHandler - 

Request DefaultFullHttpRequest(decodeResult: success, version: HTTP/1.1, content: EmptyByteBufBE)
GET /session/fca53a8affab38c86ca044be880399fd/screenshot HTTP/1.1
User-Agent: selenium/4.8.1 (java windows)
Cache-Control: no-cache
Content-Type: application/json; charset=utf-8
host: localhost:30871
accept: */*

Response DefaultHttpResponse(decodeResult: success, version: HTTP/1.1)
HTTP/1.1 200 OK
Content-Length: 47608
Content-Type: application/json; charset=utf-8
cache-control: no-cache

16:16:42.373 [AsyncHttpClient-1-7] DEBUG org.asynchttpclient.netty.channel.ChannelManager - Adding key: http://localhost:30871 for channel [id: 0x2330a739, L:/127.0.0.1:14981 - R:localhost/127.0.0.1:30871]
16:16:42.376 [main] DEBUG net.serenitybdd.core.photography.Darkroom - Send negative for processing for target\site\serenity\ec40337a65f27d39cdb43444eea917e2c6560ceae1c6ed065a5dc0c7ee5dedfd.png
16:16:42.377 [Forwarding getPageSource on session fca53a8affab38c86ca044be880399fd to remote] DEBUG org.asynchttpclient.netty.request.NettyRequestSender - Using pooled Channel '[id: 0x2330a739, L:/127.0.0.1:14981 - R:localhost/127.0.0.1:30871]' for 'POST' to 'http://localhost:30871/session/fca53a8affab38c86ca044be880399fd/execute/sync'
16:16:42.377 [Forwarding getPageSource on session fca53a8affab38c86ca044be880399fd to remote] DEBUG org.asynchttpclient.netty.request.NettyRequestSender - Using open Channel [id: 0x2330a739, L:/127.0.0.1:14981 - R:localhost/127.0.0.1:30871] for POST '/session/fca53a8affab38c86ca044be880399fd/execute/sync'
16:16:42.382 [AsyncHttpClient-1-7] DEBUG org.asynchttpclient.netty.handler.HttpHandler - 

Request DefaultHttpRequest(decodeResult: success, version: HTTP/1.1)
POST /session/fca53a8affab38c86ca044be880399fd/execute/sync HTTP/1.1
User-Agent: selenium/4.8.1 (java windows)
Content-Length: 176
Content-Type: application/json; charset=utf-8
host: localhost:30871
accept: */*

Response DefaultHttpResponse(decodeResult: success, version: HTTP/1.1)
HTTP/1.1 200 OK
Content-Length: 6103
Content-Type: application/json; charset=utf-8
cache-control: no-cache

16:16:42.382 [AsyncHttpClient-1-7] DEBUG org.asynchttpclient.netty.channel.ChannelManager - Adding key: http://localhost:30871 for channel [id: 0x2330a739, L:/127.0.0.1:14981 - R:localhost/127.0.0.1:30871]
16:16:42.385 [Forwarding getCurrentUrl on session fca53a8affab38c86ca044be880399fd to remote] DEBUG org.asynchttpclient.netty.request.NettyRequestSender - Using pooled Channel '[id: 0x2330a739, L:/127.0.0.1:14981 - R:localhost/127.0.0.1:30871]' for 'GET' to 'http://localhost:30871/session/fca53a8affab38c86ca044be880399fd/url'
16:16:42.385 [Forwarding getCurrentUrl on session fca53a8affab38c86ca044be880399fd to remote] DEBUG org.asynchttpclient.netty.request.NettyRequestSender - Using open Channel [id: 0x2330a739, L:/127.0.0.1:14981 - R:localhost/127.0.0.1:30871] for GET '/session/fca53a8affab38c86ca044be880399fd/url'
16:16:42.389 [AsyncHttpClient-1-7] DEBUG org.asynchttpclient.netty.handler.HttpHandler - 

Request DefaultFullHttpRequest(decodeResult: success, version: HTTP/1.1, content: EmptyByteBufBE)
GET /session/fca53a8affab38c86ca044be880399fd/url HTTP/1.1
User-Agent: selenium/4.8.1 (java windows)
Cache-Control: no-cache
Content-Type: application/json; charset=utf-8
host: localhost:30871
accept: */*

Response DefaultHttpResponse(decodeResult: success, version: HTTP/1.1)
HTTP/1.1 200 OK
Content-Length: 64
Content-Type: application/json; charset=utf-8
cache-control: no-cache

16:16:42.389 [AsyncHttpClient-1-7] DEBUG org.asynchttpclient.netty.channel.ChannelManager - Adding key: http://localhost:30871 for channel [id: 0x2330a739, L:/127.0.0.1:14981 - R:localhost/127.0.0.1:30871]
16:16:42.391 [main] DEBUG net.thucydides.core.steps.StepInterceptor - STARTING STEP: Failed1SigninSteps.clickLoginInvalidAccount - clickLoginButton
16:16:42.394 [Forwarding findElement on session fca53a8affab38c86ca044be880399fd to remote] DEBUG org.asynchttpclient.netty.request.NettyRequestSender - Using pooled Channel '[id: 0x2330a739, L:/127.0.0.1:14981 - R:localhost/127.0.0.1:30871]' for 'POST' to 'http://localhost:30871/session/fca53a8affab38c86ca044be880399fd/element'
16:16:42.394 [Forwarding findElement on session fca53a8affab38c86ca044be880399fd to remote] DEBUG org.asynchttpclient.netty.request.NettyRequestSender - Using open Channel [id: 0x2330a739, L:/127.0.0.1:14981 - R:localhost/127.0.0.1:30871] for POST '/session/fca53a8affab38c86ca044be880399fd/element'
16:16:42.503 [AsyncHttpClient-1-7] DEBUG org.asynchttpclient.netty.handler.HttpHandler - 

Request DefaultHttpRequest(decodeResult: success, version: HTTP/1.1)
POST /session/fca53a8affab38c86ca044be880399fd/element HTTP/1.1
User-Agent: selenium/4.8.1 (java windows)
Content-Length: 69
Content-Type: application/json; charset=utf-8
host: localhost:30871
accept: */*

Response DefaultHttpResponse(decodeResult: success, version: HTTP/1.1)
HTTP/1.1 200 OK
Content-Length: 95
Content-Type: application/json; charset=utf-8
cache-control: no-cache

16:16:42.503 [AsyncHttpClient-1-7] DEBUG org.asynchttpclient.netty.channel.ChannelManager - Adding key: http://localhost:30871 for channel [id: 0x2330a739, L:/127.0.0.1:14981 - R:localhost/127.0.0.1:30871]
16:16:42.506 [Forwarding getElementTagName on session fca53a8affab38c86ca044be880399fd to remote] DEBUG org.asynchttpclient.netty.request.NettyRequestSender - Using pooled Channel '[id: 0x2330a739, L:/127.0.0.1:14981 - R:localhost/127.0.0.1:30871]' for 'GET' to 'http://localhost:30871/session/fca53a8affab38c86ca044be880399fd/element/90822485A65AEA93D10EAB7FDC6AE93D_element_16/name'
16:16:42.506 [Forwarding getElementTagName on session fca53a8affab38c86ca044be880399fd to remote] DEBUG org.asynchttpclient.netty.request.NettyRequestSender - Using open Channel [id: 0x2330a739, L:/127.0.0.1:14981 - R:localhost/127.0.0.1:30871] for GET '/session/fca53a8affab38c86ca044be880399fd/element/90822485A65AEA93D10EAB7FDC6AE93D_element_16/name'
16:16:42.514 [AsyncHttpClient-1-7] DEBUG org.asynchttpclient.netty.handler.HttpHandler - 

Request DefaultFullHttpRequest(decodeResult: success, version: HTTP/1.1, content: EmptyByteBufBE)
GET /session/fca53a8affab38c86ca044be880399fd/element/90822485A65AEA93D10EAB7FDC6AE93D_element_16/name HTTP/1.1
User-Agent: selenium/4.8.1 (java windows)
Cache-Control: no-cache
Content-Type: application/json; charset=utf-8
host: localhost:30871
accept: */*

Response DefaultHttpResponse(decodeResult: success, version: HTTP/1.1)
HTTP/1.1 200 OK
Content-Length: 18
Content-Type: application/json; charset=utf-8
cache-control: no-cache

16:16:42.515 [AsyncHttpClient-1-7] DEBUG org.asynchttpclient.netty.channel.ChannelManager - Adding key: http://localhost:30871 for channel [id: 0x2330a739, L:/127.0.0.1:14981 - R:localhost/127.0.0.1:30871]
16:16:42.517 [Forwarding getElementTagName on session fca53a8affab38c86ca044be880399fd to remote] DEBUG org.asynchttpclient.netty.request.NettyRequestSender - Using pooled Channel '[id: 0x2330a739, L:/127.0.0.1:14981 - R:localhost/127.0.0.1:30871]' for 'GET' to 'http://localhost:30871/session/fca53a8affab38c86ca044be880399fd/element/90822485A65AEA93D10EAB7FDC6AE93D_element_16/name'
16:16:42.517 [Forwarding getElementTagName on session fca53a8affab38c86ca044be880399fd to remote] DEBUG org.asynchttpclient.netty.request.NettyRequestSender - Using open Channel [id: 0x2330a739, L:/127.0.0.1:14981 - R:localhost/127.0.0.1:30871] for GET '/session/fca53a8affab38c86ca044be880399fd/element/90822485A65AEA93D10EAB7FDC6AE93D_element_16/name'
16:16:42.522 [AsyncHttpClient-1-7] DEBUG org.asynchttpclient.netty.handler.HttpHandler - 

Request DefaultFullHttpRequest(decodeResult: success, version: HTTP/1.1, content: EmptyByteBufBE)
GET /session/fca53a8affab38c86ca044be880399fd/element/90822485A65AEA93D10EAB7FDC6AE93D_element_16/name HTTP/1.1
User-Agent: selenium/4.8.1 (java windows)
Cache-Control: no-cache
Content-Type: application/json; charset=utf-8
host: localhost:30871
accept: */*

Response DefaultHttpResponse(decodeResult: success, version: HTTP/1.1)
HTTP/1.1 200 OK
Content-Length: 18
Content-Type: application/json; charset=utf-8
cache-control: no-cache

16:16:42.522 [AsyncHttpClient-1-7] DEBUG org.asynchttpclient.netty.channel.ChannelManager - Adding key: http://localhost:30871 for channel [id: 0x2330a739, L:/127.0.0.1:14981 - R:localhost/127.0.0.1:30871]
16:16:42.525 [Forwarding isElementEnabled on session fca53a8affab38c86ca044be880399fd to remote] DEBUG org.asynchttpclient.netty.request.NettyRequestSender - Using pooled Channel '[id: 0x2330a739, L:/127.0.0.1:14981 - R:localhost/127.0.0.1:30871]' for 'GET' to 'http://localhost:30871/session/fca53a8affab38c86ca044be880399fd/element/90822485A65AEA93D10EAB7FDC6AE93D_element_16/enabled'
16:16:42.525 [Forwarding isElementEnabled on session fca53a8affab38c86ca044be880399fd to remote] DEBUG org.asynchttpclient.netty.request.NettyRequestSender - Using open Channel [id: 0x2330a739, L:/127.0.0.1:14981 - R:localhost/127.0.0.1:30871] for GET '/session/fca53a8affab38c86ca044be880399fd/element/90822485A65AEA93D10EAB7FDC6AE93D_element_16/enabled'
16:16:42.533 [AsyncHttpClient-1-7] DEBUG org.asynchttpclient.netty.handler.HttpHandler - 

Request DefaultFullHttpRequest(decodeResult: success, version: HTTP/1.1, content: EmptyByteBufBE)
GET /session/fca53a8affab38c86ca044be880399fd/element/90822485A65AEA93D10EAB7FDC6AE93D_element_16/enabled HTTP/1.1
User-Agent: selenium/4.8.1 (java windows)
Cache-Control: no-cache
Content-Type: application/json; charset=utf-8
host: localhost:30871
accept: */*

Response DefaultHttpResponse(decodeResult: success, version: HTTP/1.1)
HTTP/1.1 200 OK
Content-Length: 14
Content-Type: application/json; charset=utf-8
cache-control: no-cache

16:16:42.533 [AsyncHttpClient-1-7] DEBUG org.asynchttpclient.netty.channel.ChannelManager - Adding key: http://localhost:30871 for channel [id: 0x2330a739, L:/127.0.0.1:14981 - R:localhost/127.0.0.1:30871]
16:16:42.535 [Forwarding isElementEnabled on session fca53a8affab38c86ca044be880399fd to remote] DEBUG org.asynchttpclient.netty.request.NettyRequestSender - Using pooled Channel '[id: 0x2330a739, L:/127.0.0.1:14981 - R:localhost/127.0.0.1:30871]' for 'GET' to 'http://localhost:30871/session/fca53a8affab38c86ca044be880399fd/element/90822485A65AEA93D10EAB7FDC6AE93D_element_16/enabled'
16:16:42.535 [Forwarding isElementEnabled on session fca53a8affab38c86ca044be880399fd to remote] DEBUG org.asynchttpclient.netty.request.NettyRequestSender - Using open Channel [id: 0x2330a739, L:/127.0.0.1:14981 - R:localhost/127.0.0.1:30871] for GET '/session/fca53a8affab38c86ca044be880399fd/element/90822485A65AEA93D10EAB7FDC6AE93D_element_16/enabled'
16:16:42.541 [AsyncHttpClient-1-7] DEBUG org.asynchttpclient.netty.handler.HttpHandler - 

Request DefaultFullHttpRequest(decodeResult: success, version: HTTP/1.1, content: EmptyByteBufBE)
GET /session/fca53a8affab38c86ca044be880399fd/element/90822485A65AEA93D10EAB7FDC6AE93D_element_16/enabled HTTP/1.1
User-Agent: selenium/4.8.1 (java windows)
Cache-Control: no-cache
Content-Type: application/json; charset=utf-8
host: localhost:30871
accept: */*

Response DefaultHttpResponse(decodeResult: success, version: HTTP/1.1)
HTTP/1.1 200 OK
Content-Length: 14
Content-Type: application/json; charset=utf-8
cache-control: no-cache

16:16:42.541 [AsyncHttpClient-1-7] DEBUG org.asynchttpclient.netty.channel.ChannelManager - Adding key: http://localhost:30871 for channel [id: 0x2330a739, L:/127.0.0.1:14981 - R:localhost/127.0.0.1:30871]
16:16:42.544 [Forwarding findElement on session fca53a8affab38c86ca044be880399fd to remote] DEBUG org.asynchttpclient.netty.request.NettyRequestSender - Using pooled Channel '[id: 0x2330a739, L:/127.0.0.1:14981 - R:localhost/127.0.0.1:30871]' for 'POST' to 'http://localhost:30871/session/fca53a8affab38c86ca044be880399fd/element'
16:16:42.544 [Forwarding findElement on session fca53a8affab38c86ca044be880399fd to remote] DEBUG org.asynchttpclient.netty.request.NettyRequestSender - Using open Channel [id: 0x2330a739, L:/127.0.0.1:14981 - R:localhost/127.0.0.1:30871] for POST '/session/fca53a8affab38c86ca044be880399fd/element'
16:16:42.553 [AsyncHttpClient-1-7] DEBUG org.asynchttpclient.netty.handler.HttpHandler - 

Request DefaultHttpRequest(decodeResult: success, version: HTTP/1.1)
POST /session/fca53a8affab38c86ca044be880399fd/element HTTP/1.1
User-Agent: selenium/4.8.1 (java windows)
Content-Length: 69
Content-Type: application/json; charset=utf-8
host: localhost:30871
accept: */*

Response DefaultHttpResponse(decodeResult: success, version: HTTP/1.1)
HTTP/1.1 200 OK
Content-Length: 95
Content-Type: application/json; charset=utf-8
cache-control: no-cache

16:16:42.554 [AsyncHttpClient-1-7] DEBUG org.asynchttpclient.netty.channel.ChannelManager - Adding key: http://localhost:30871 for channel [id: 0x2330a739, L:/127.0.0.1:14981 - R:localhost/127.0.0.1:30871]
16:16:42.555 [Forwarding clickElement on session fca53a8affab38c86ca044be880399fd to remote] DEBUG org.asynchttpclient.netty.request.NettyRequestSender - Using pooled Channel '[id: 0x2330a739, L:/127.0.0.1:14981 - R:localhost/127.0.0.1:30871]' for 'POST' to 'http://localhost:30871/session/fca53a8affab38c86ca044be880399fd/element/90822485A65AEA93D10EAB7FDC6AE93D_element_16/click'
16:16:42.555 [Forwarding clickElement on session fca53a8affab38c86ca044be880399fd to remote] DEBUG org.asynchttpclient.netty.request.NettyRequestSender - Using open Channel [id: 0x2330a739, L:/127.0.0.1:14981 - R:localhost/127.0.0.1:30871] for POST '/session/fca53a8affab38c86ca044be880399fd/element/90822485A65AEA93D10EAB7FDC6AE93D_element_16/click'
16:16:42.743 [AsyncHttpClient-1-1] DEBUG org.asynchttpclient.netty.channel.DefaultChannelPool - Entry count for : http://localhost:14982 : 1
16:16:43.843 [AsyncHttpClient-1-1] DEBUG org.asynchttpclient.netty.channel.DefaultChannelPool - Entry count for : http://localhost:14982 : 1
16:16:44.943 [AsyncHttpClient-1-1] DEBUG org.asynchttpclient.netty.channel.DefaultChannelPool - Entry count for : http://localhost:14982 : 1
16:16:45.379 [AsyncHttpClient-1-7] DEBUG org.asynchttpclient.netty.handler.HttpHandler - 

Request DefaultHttpRequest(decodeResult: success, version: HTTP/1.1)
POST /session/fca53a8affab38c86ca044be880399fd/element/90822485A65AEA93D10EAB7FDC6AE93D_element_16/click HTTP/1.1
User-Agent: selenium/4.8.1 (java windows)
Content-Length: 57
Content-Type: application/json; charset=utf-8
host: localhost:30871
accept: */*

Response DefaultHttpResponse(decodeResult: success, version: HTTP/1.1)
HTTP/1.1 200 OK
Content-Length: 14
Content-Type: application/json; charset=utf-8
cache-control: no-cache

16:16:45.379 [AsyncHttpClient-1-7] DEBUG org.asynchttpclient.netty.channel.ChannelManager - Adding key: http://localhost:30871 for channel [id: 0x2330a739, L:/127.0.0.1:14981 - R:localhost/127.0.0.1:30871]
16:16:45.394 [Forwarding getAlertText on session fca53a8affab38c86ca044be880399fd to remote] DEBUG org.asynchttpclient.netty.request.NettyRequestSender - Using pooled Channel '[id: 0x2330a739, L:/127.0.0.1:14981 - R:localhost/127.0.0.1:30871]' for 'GET' to 'http://localhost:30871/session/fca53a8affab38c86ca044be880399fd/alert/text'
16:16:45.394 [Forwarding getAlertText on session fca53a8affab38c86ca044be880399fd to remote] DEBUG org.asynchttpclient.netty.request.NettyRequestSender - Using open Channel [id: 0x2330a739, L:/127.0.0.1:14981 - R:localhost/127.0.0.1:30871] for GET '/session/fca53a8affab38c86ca044be880399fd/alert/text'
16:16:45.446 [AsyncHttpClient-1-7] DEBUG org.asynchttpclient.netty.handler.HttpHandler - 

Request DefaultFullHttpRequest(decodeResult: success, version: HTTP/1.1, content: EmptyByteBufBE)
GET /session/fca53a8affab38c86ca044be880399fd/alert/text HTTP/1.1
User-Agent: selenium/4.8.1 (java windows)
Cache-Control: no-cache
Content-Type: application/json; charset=utf-8
host: localhost:30871
accept: */*

Response DefaultHttpResponse(decodeResult: success, version: HTTP/1.1)
HTTP/1.1 404 Not Found
Content-Length: 807
Content-Type: application/json; charset=utf-8
cache-control: no-cache

16:16:45.446 [AsyncHttpClient-1-7] DEBUG org.asynchttpclient.netty.channel.ChannelManager - Adding key: http://localhost:30871 for channel [id: 0x2330a739, L:/127.0.0.1:14981 - R:localhost/127.0.0.1:30871]
16:16:45.448 [Forwarding getCurrentUrl on session fca53a8affab38c86ca044be880399fd to remote] DEBUG org.asynchttpclient.netty.request.NettyRequestSender - Using pooled Channel '[id: 0x2330a739, L:/127.0.0.1:14981 - R:localhost/127.0.0.1:30871]' for 'GET' to 'http://localhost:30871/session/fca53a8affab38c86ca044be880399fd/url'
16:16:45.448 [Forwarding getCurrentUrl on session fca53a8affab38c86ca044be880399fd to remote] DEBUG org.asynchttpclient.netty.request.NettyRequestSender - Using open Channel [id: 0x2330a739, L:/127.0.0.1:14981 - R:localhost/127.0.0.1:30871] for GET '/session/fca53a8affab38c86ca044be880399fd/url'
16:16:45.452 [AsyncHttpClient-1-7] DEBUG org.asynchttpclient.netty.handler.HttpHandler - 

Request DefaultFullHttpRequest(decodeResult: success, version: HTTP/1.1, content: EmptyByteBufBE)
GET /session/fca53a8affab38c86ca044be880399fd/url HTTP/1.1
User-Agent: selenium/4.8.1 (java windows)
Cache-Control: no-cache
Content-Type: application/json; charset=utf-8
host: localhost:30871
accept: */*

Response DefaultHttpResponse(decodeResult: success, version: HTTP/1.1)
HTTP/1.1 200 OK
Content-Length: 64
Content-Type: application/json; charset=utf-8
cache-control: no-cache

16:16:45.452 [AsyncHttpClient-1-7] DEBUG org.asynchttpclient.netty.channel.ChannelManager - Adding key: http://localhost:30871 for channel [id: 0x2330a739, L:/127.0.0.1:14981 - R:localhost/127.0.0.1:30871]
16:16:45.453 [Forwarding screenshot on session fca53a8affab38c86ca044be880399fd to remote] DEBUG org.asynchttpclient.netty.request.NettyRequestSender - Using pooled Channel '[id: 0x2330a739, L:/127.0.0.1:14981 - R:localhost/127.0.0.1:30871]' for 'GET' to 'http://localhost:30871/session/fca53a8affab38c86ca044be880399fd/screenshot'
16:16:45.453 [Forwarding screenshot on session fca53a8affab38c86ca044be880399fd to remote] DEBUG org.asynchttpclient.netty.request.NettyRequestSender - Using open Channel [id: 0x2330a739, L:/127.0.0.1:14981 - R:localhost/127.0.0.1:30871] for GET '/session/fca53a8affab38c86ca044be880399fd/screenshot'
16:16:45.797 [AsyncHttpClient-1-7] DEBUG org.asynchttpclient.netty.handler.HttpHandler - 

Request DefaultFullHttpRequest(decodeResult: success, version: HTTP/1.1, content: EmptyByteBufBE)
GET /session/fca53a8affab38c86ca044be880399fd/screenshot HTTP/1.1
User-Agent: selenium/4.8.1 (java windows)
Cache-Control: no-cache
Content-Type: application/json; charset=utf-8
host: localhost:30871
accept: */*

Response DefaultHttpResponse(decodeResult: success, version: HTTP/1.1)
HTTP/1.1 200 OK
Content-Length: 129740
Content-Type: application/json; charset=utf-8
cache-control: no-cache

16:16:45.798 [AsyncHttpClient-1-7] DEBUG org.asynchttpclient.netty.channel.ChannelManager - Adding key: http://localhost:30871 for channel [id: 0x2330a739, L:/127.0.0.1:14981 - R:localhost/127.0.0.1:30871]
16:16:45.804 [main] DEBUG net.serenitybdd.core.photography.Darkroom - Send negative for processing for target\site\serenity\645b85cd74744393c2b136b3b5e959ad47d5765dfe72987f1abf1c53d1e3a6f6.png
16:16:45.805 [main] DEBUG net.thucydides.core.steps.StepInterceptor - STEP DONE: clickLoginButton
16:16:45.805 [Darkroom Processing Line] DEBUG net.serenitybdd.core.photography.DarkroomProcessingLine - Processing screenshot image in /var/screenshots/screenshot-8394373208396796927
  &amp#27;[32mAnd &amp#27;[0m&amp#27;[32mI click sign in invalid account&amp#27;[0m                                            &amp#27;[90m# Starter.Stepdefitions.Failed1SigninSteps.clickLoginInvalidAccount()&amp#27;[0m
16:16:45.805 [Darkroom Processing Line] DEBUG net.serenitybdd.core.photography.DarkroomProcessingLine - Saving screenshot to target\site\serenity\645b85cd74744393c2b136b3b5e959ad47d5765dfe72987f1abf1c53d1e3a6f6.png
16:16:45.818 [Forwarding getPageSource on session fca53a8affab38c86ca044be880399fd to remote] DEBUG org.asynchttpclient.netty.request.NettyRequestSender - Using pooled Channel '[id: 0x2330a739, L:/127.0.0.1:14981 - R:localhost/127.0.0.1:30871]' for 'POST' to 'http://localhost:30871/session/fca53a8affab38c86ca044be880399fd/execute/sync'
16:16:45.818 [Forwarding getPageSource on session fca53a8affab38c86ca044be880399fd to remote] DEBUG org.asynchttpclient.netty.request.NettyRequestSender - Using open Channel [id: 0x2330a739, L:/127.0.0.1:14981 - R:localhost/127.0.0.1:30871] for POST '/session/fca53a8affab38c86ca044be880399fd/execute/sync'
16:16:45.823 [AsyncHttpClient-1-7] DEBUG org.asynchttpclient.netty.handler.HttpHandler - 

Request DefaultHttpRequest(decodeResult: success, version: HTTP/1.1)
POST /session/fca53a8affab38c86ca044be880399fd/execute/sync HTTP/1.1
User-Agent: selenium/4.8.1 (java windows)
Content-Length: 176
Content-Type: application/json; charset=utf-8
host: localhost:30871
accept: */*

Response DefaultHttpResponse(decodeResult: success, version: HTTP/1.1)
HTTP/1.1 200 OK
Content-Length: 6103
Content-Type: application/json; charset=utf-8
cache-control: no-cache

16:16:45.824 [AsyncHttpClient-1-7] DEBUG org.asynchttpclient.netty.channel.ChannelManager - Adding key: http://localhost:30871 for channel [id: 0x2330a739, L:/127.0.0.1:14981 - R:localhost/127.0.0.1:30871]
16:16:45.825 [Forwarding getCurrentUrl on session fca53a8affab38c86ca044be880399fd to remote] DEBUG org.asynchttpclient.netty.request.NettyRequestSender - Using pooled Channel '[id: 0x2330a739, L:/127.0.0.1:14981 - R:localhost/127.0.0.1:30871]' for 'GET' to 'http://localhost:30871/session/fca53a8affab38c86ca044be880399fd/url'
16:16:45.825 [Forwarding getCurrentUrl on session fca53a8affab38c86ca044be880399fd to remote] DEBUG org.asynchttpclient.netty.request.NettyRequestSender - Using open Channel [id: 0x2330a739, L:/127.0.0.1:14981 - R:localhost/127.0.0.1:30871] for GET '/session/fca53a8affab38c86ca044be880399fd/url'
16:16:45.833 [AsyncHttpClient-1-7] DEBUG org.asynchttpclient.netty.handler.HttpHandler - 

Request DefaultFullHttpRequest(decodeResult: success, version: HTTP/1.1, content: EmptyByteBufBE)
GET /session/fca53a8affab38c86ca044be880399fd/url HTTP/1.1
User-Agent: selenium/4.8.1 (java windows)
Cache-Control: no-cache
Content-Type: application/json; charset=utf-8
host: localhost:30871
accept: */*

Response DefaultHttpResponse(decodeResult: success, version: HTTP/1.1)
HTTP/1.1 200 OK
Content-Length: 64
Content-Type: application/json; charset=utf-8
cache-control: no-cache

16:16:45.833 [AsyncHttpClient-1-7] DEBUG org.asynchttpclient.netty.channel.ChannelManager - Adding key: http://localhost:30871 for channel [id: 0x2330a739, L:/127.0.0.1:14981 - R:localhost/127.0.0.1:30871]
16:16:45.889 [Forwarding getAlertText on session fca53a8affab38c86ca044be880399fd to remote] DEBUG org.asynchttpclient.netty.request.NettyRequestSender - Using pooled Channel '[id: 0x2330a739, L:/127.0.0.1:14981 - R:localhost/127.0.0.1:30871]' for 'GET' to 'http://localhost:30871/session/fca53a8affab38c86ca044be880399fd/alert/text'
16:16:45.889 [Forwarding getAlertText on session fca53a8affab38c86ca044be880399fd to remote] DEBUG org.asynchttpclient.netty.request.NettyRequestSender - Using open Channel [id: 0x2330a739, L:/127.0.0.1:14981 - R:localhost/127.0.0.1:30871] for GET '/session/fca53a8affab38c86ca044be880399fd/alert/text'
16:16:45.891 [AsyncHttpClient-1-7] DEBUG org.asynchttpclient.netty.handler.HttpHandler - 

Request DefaultFullHttpRequest(decodeResult: success, version: HTTP/1.1, content: EmptyByteBufBE)
GET /session/fca53a8affab38c86ca044be880399fd/alert/text HTTP/1.1
User-Agent: selenium/4.8.1 (java windows)
Cache-Control: no-cache
Content-Type: application/json; charset=utf-8
host: localhost:30871
accept: */*

Response DefaultHttpResponse(decodeResult: success, version: HTTP/1.1)
HTTP/1.1 404 Not Found
Content-Length: 807
Content-Type: application/json; charset=utf-8
cache-control: no-cache

16:16:45.891 [AsyncHttpClient-1-7] DEBUG org.asynchttpclient.netty.channel.ChannelManager - Adding key: http://localhost:30871 for channel [id: 0x2330a739, L:/127.0.0.1:14981 - R:localhost/127.0.0.1:30871]
16:16:45.892 [Forwarding getCurrentUrl on session fca53a8affab38c86ca044be880399fd to remote] DEBUG org.asynchttpclient.netty.request.NettyRequestSender - Using pooled Channel '[id: 0x2330a739, L:/127.0.0.1:14981 - R:localhost/127.0.0.1:30871]' for 'GET' to 'http://localhost:30871/session/fca53a8affab38c86ca044be880399fd/url'
16:16:45.892 [Forwarding getCurrentUrl on session fca53a8affab38c86ca044be880399fd to remote] DEBUG org.asynchttpclient.netty.request.NettyRequestSender - Using open Channel [id: 0x2330a739, L:/127.0.0.1:14981 - R:localhost/127.0.0.1:30871] for GET '/session/fca53a8affab38c86ca044be880399fd/url'
16:16:45.902 [AsyncHttpClient-1-7] DEBUG org.asynchttpclient.netty.handler.HttpHandler - 

Request DefaultFullHttpRequest(decodeResult: success, version: HTTP/1.1, content: EmptyByteBufBE)
GET /session/fca53a8affab38c86ca044be880399fd/url HTTP/1.1
User-Agent: selenium/4.8.1 (java windows)
Cache-Control: no-cache
Content-Type: application/json; charset=utf-8
host: localhost:30871
accept: */*

Response DefaultHttpResponse(decodeResult: success, version: HTTP/1.1)
HTTP/1.1 200 OK
Content-Length: 64
Content-Type: application/json; charset=utf-8
cache-control: no-cache

16:16:45.902 [AsyncHttpClient-1-7] DEBUG org.asynchttpclient.netty.channel.ChannelManager - Adding key: http://localhost:30871 for channel [id: 0x2330a739, L:/127.0.0.1:14981 - R:localhost/127.0.0.1:30871]
16:16:45.903 [Forwarding screenshot on session fca53a8affab38c86ca044be880399fd to remote] DEBUG org.asynchttpclient.netty.request.NettyRequestSender - Using pooled Channel '[id: 0x2330a739, L:/127.0.0.1:14981 - R:localhost/127.0.0.1:30871]' for 'GET' to 'http://localhost:30871/session/fca53a8affab38c86ca044be880399fd/screenshot'
16:16:45.903 [Forwarding screenshot on session fca53a8affab38c86ca044be880399fd to remote] DEBUG org.asynchttpclient.netty.request.NettyRequestSender - Using open Channel [id: 0x2330a739, L:/127.0.0.1:14981 - R:localhost/127.0.0.1:30871] for GET '/session/fca53a8affab38c86ca044be880399fd/screenshot'
16:16:46.046 [AsyncHttpClient-1-1] DEBUG org.asynchttpclient.netty.channel.DefaultChannelPool - Entry count for : http://localhost:14982 : 1
16:16:46.068 [AsyncHttpClient-1-7] DEBUG org.asynchttpclient.netty.handler.HttpHandler - 

Request DefaultFullHttpRequest(decodeResult: success, version: HTTP/1.1, content: EmptyByteBufBE)
GET /session/fca53a8affab38c86ca044be880399fd/screenshot HTTP/1.1
User-Agent: selenium/4.8.1 (java windows)
Cache-Control: no-cache
Content-Type: application/json; charset=utf-8
host: localhost:30871
accept: */*

Response DefaultHttpResponse(decodeResult: success, version: HTTP/1.1)
HTTP/1.1 200 OK
Content-Length: 129740
Content-Type: application/json; charset=utf-8
cache-control: no-cache

16:16:46.069 [AsyncHttpClient-1-7] DEBUG org.asynchttpclient.netty.channel.ChannelManager - Adding key: http://localhost:30871 for channel [id: 0x2330a739, L:/127.0.0.1:14981 - R:localhost/127.0.0.1:30871]
16:16:46.074 [main] DEBUG net.serenitybdd.core.photography.Darkroom - Send negative for processing for target\site\serenity\645b85cd74744393c2b136b3b5e959ad47d5765dfe72987f1abf1c53d1e3a6f6.png
16:16:46.076 [Forwarding getPageSource on session fca53a8affab38c86ca044be880399fd to remote] DEBUG org.asynchttpclient.netty.request.NettyRequestSender - Using pooled Channel '[id: 0x2330a739, L:/127.0.0.1:14981 - R:localhost/127.0.0.1:30871]' for 'POST' to 'http://localhost:30871/session/fca53a8affab38c86ca044be880399fd/execute/sync'
16:16:46.076 [Forwarding getPageSource on session fca53a8affab38c86ca044be880399fd to remote] DEBUG org.asynchttpclient.netty.request.NettyRequestSender - Using open Channel [id: 0x2330a739, L:/127.0.0.1:14981 - R:localhost/127.0.0.1:30871] for POST '/session/fca53a8affab38c86ca044be880399fd/execute/sync'
16:16:46.086 [AsyncHttpClient-1-7] DEBUG org.asynchttpclient.netty.handler.HttpHandler - 

Request DefaultHttpRequest(decodeResult: success, version: HTTP/1.1)
POST /session/fca53a8affab38c86ca044be880399fd/execute/sync HTTP/1.1
User-Agent: selenium/4.8.1 (java windows)
Content-Length: 176
Content-Type: application/json; charset=utf-8
host: localhost:30871
accept: */*

Response DefaultHttpResponse(decodeResult: success, version: HTTP/1.1)
HTTP/1.1 200 OK
Content-Length: 6103
Content-Type: application/json; charset=utf-8
cache-control: no-cache

16:16:46.086 [AsyncHttpClient-1-7] DEBUG org.asynchttpclient.netty.channel.ChannelManager - Adding key: http://localhost:30871 for channel [id: 0x2330a739, L:/127.0.0.1:14981 - R:localhost/127.0.0.1:30871]
16:16:46.089 [Forwarding getCurrentUrl on session fca53a8affab38c86ca044be880399fd to remote] DEBUG org.asynchttpclient.netty.request.NettyRequestSender - Using pooled Channel '[id: 0x2330a739, L:/127.0.0.1:14981 - R:localhost/127.0.0.1:30871]' for 'GET' to 'http://localhost:30871/session/fca53a8affab38c86ca044be880399fd/url'
16:16:46.089 [Forwarding getCurrentUrl on session fca53a8affab38c86ca044be880399fd to remote] DEBUG org.asynchttpclient.netty.request.NettyRequestSender - Using open Channel [id: 0x2330a739, L:/127.0.0.1:14981 - R:localhost/127.0.0.1:30871] for GET '/session/fca53a8affab38c86ca044be880399fd/url'
16:16:46.093 [AsyncHttpClient-1-7] DEBUG org.asynchttpclient.netty.handler.HttpHandler - 

Request DefaultFullHttpRequest(decodeResult: success, version: HTTP/1.1, content: EmptyByteBufBE)
GET /session/fca53a8affab38c86ca044be880399fd/url HTTP/1.1
User-Agent: selenium/4.8.1 (java windows)
Cache-Control: no-cache
Content-Type: application/json; charset=utf-8
host: localhost:30871
accept: */*

Response DefaultHttpResponse(decodeResult: success, version: HTTP/1.1)
HTTP/1.1 200 OK
Content-Length: 64
Content-Type: application/json; charset=utf-8
cache-control: no-cache

16:16:46.093 [AsyncHttpClient-1-7] DEBUG org.asynchttpclient.netty.channel.ChannelManager - Adding key: http://localhost:30871 for channel [id: 0x2330a739, L:/127.0.0.1:14981 - R:localhost/127.0.0.1:30871]
16:16:46.099 [main] DEBUG net.thucydides.core.steps.StepInterceptor - STARTING STEP: Failed1SigninSteps.onTheHomePageInvalidAccount - errorMessageAppear
16:16:46.102 [Forwarding findElement on session fca53a8affab38c86ca044be880399fd to remote] DEBUG org.asynchttpclient.netty.request.NettyRequestSender - Using pooled Channel '[id: 0x2330a739, L:/127.0.0.1:14981 - R:localhost/127.0.0.1:30871]' for 'POST' to 'http://localhost:30871/session/fca53a8affab38c86ca044be880399fd/element'
16:16:46.102 [Forwarding findElement on session fca53a8affab38c86ca044be880399fd to remote] DEBUG org.asynchttpclient.netty.request.NettyRequestSender - Using open Channel [id: 0x2330a739, L:/127.0.0.1:14981 - R:localhost/127.0.0.1:30871] for POST '/session/fca53a8affab38c86ca044be880399fd/element'
16:16:46.117 [AsyncHttpClient-1-7] DEBUG org.asynchttpclient.netty.handler.HttpHandler - 

Request DefaultHttpRequest(decodeResult: success, version: HTTP/1.1)
POST /session/fca53a8affab38c86ca044be880399fd/element HTTP/1.1
User-Agent: selenium/4.8.1 (java windows)
Content-Length: 83
Content-Type: application/json; charset=utf-8
host: localhost:30871
accept: */*

Response DefaultHttpResponse(decodeResult: success, version: HTTP/1.1)
HTTP/1.1 200 OK
Content-Length: 95
Content-Type: application/json; charset=utf-8
cache-control: no-cache

16:16:46.117 [AsyncHttpClient-1-7] DEBUG org.asynchttpclient.netty.channel.ChannelManager - Adding key: http://localhost:30871 for channel [id: 0x2330a739, L:/127.0.0.1:14981 - R:localhost/127.0.0.1:30871]
16:16:46.187 [Forwarding isElementDisplayed on session fca53a8affab38c86ca044be880399fd to remote] DEBUG org.asynchttpclient.netty.request.NettyRequestSender - Using pooled Channel '[id: 0x2330a739, L:/127.0.0.1:14981 - R:localhost/127.0.0.1:30871]' for 'POST' to 'http://localhost:30871/session/fca53a8affab38c86ca044be880399fd/execute/sync'
16:16:46.187 [Forwarding isElementDisplayed on session fca53a8affab38c86ca044be880399fd to remote] DEBUG org.asynchttpclient.netty.request.NettyRequestSender - Using open Channel [id: 0x2330a739, L:/127.0.0.1:14981 - R:localhost/127.0.0.1:30871] for POST '/session/fca53a8affab38c86ca044be880399fd/execute/sync'
16:16:46.226 [AsyncHttpClient-1-7] DEBUG org.asynchttpclient.netty.handler.HttpHandler - 

Request DefaultHttpRequest(decodeResult: success, version: HTTP/1.1)
POST /session/fca53a8affab38c86ca044be880399fd/execute/sync HTTP/1.1
User-Agent: selenium/4.8.1 (java windows)
Content-Length: 48814
Content-Type: application/json; charset=utf-8
host: localhost:30871
accept: */*

Response DefaultHttpResponse(decodeResult: success, version: HTTP/1.1)
HTTP/1.1 200 OK
Content-Length: 14
Content-Type: application/json; charset=utf-8
cache-control: no-cache

16:16:46.226 [AsyncHttpClient-1-7] DEBUG org.asynchttpclient.netty.channel.ChannelManager - Adding key: http://localhost:30871 for channel [id: 0x2330a739, L:/127.0.0.1:14981 - R:localhost/127.0.0.1:30871]
16:16:46.237 [Forwarding getAlertText on session fca53a8affab38c86ca044be880399fd to remote] DEBUG org.asynchttpclient.netty.request.NettyRequestSender - Using pooled Channel '[id: 0x2330a739, L:/127.0.0.1:14981 - R:localhost/127.0.0.1:30871]' for 'GET' to 'http://localhost:30871/session/fca53a8affab38c86ca044be880399fd/alert/text'
16:16:46.237 [Forwarding getAlertText on session fca53a8affab38c86ca044be880399fd to remote] DEBUG org.asynchttpclient.netty.request.NettyRequestSender - Using open Channel [id: 0x2330a739, L:/127.0.0.1:14981 - R:localhost/127.0.0.1:30871] for GET '/session/fca53a8affab38c86ca044be880399fd/alert/text'
16:16:46.239 [AsyncHttpClient-1-7] DEBUG org.asynchttpclient.netty.handler.HttpHandler - 

Request DefaultFullHttpRequest(decodeResult: success, version: HTTP/1.1, content: EmptyByteBufBE)
GET /session/fca53a8affab38c86ca044be880399fd/alert/text HTTP/1.1
User-Agent: selenium/4.8.1 (java windows)
Cache-Control: no-cache
Content-Type: application/json; charset=utf-8
host: localhost:30871
accept: */*

Response DefaultHttpResponse(decodeResult: success, version: HTTP/1.1)
HTTP/1.1 404 Not Found
Content-Length: 807
Content-Type: application/json; charset=utf-8
cache-control: no-cache

16:16:46.243 [AsyncHttpClient-1-7] DEBUG org.asynchttpclient.netty.channel.ChannelManager - Adding key: http://localhost:30871 for channel [id: 0x2330a739, L:/127.0.0.1:14981 - R:localhost/127.0.0.1:30871]
16:16:46.244 [Forwarding getCurrentUrl on session fca53a8affab38c86ca044be880399fd to remote] DEBUG org.asynchttpclient.netty.request.NettyRequestSender - Using pooled Channel '[id: 0x2330a739, L:/127.0.0.1:14981 - R:localhost/127.0.0.1:30871]' for 'GET' to 'http://localhost:30871/session/fca53a8affab38c86ca044be880399fd/url'
16:16:46.244 [Forwarding getCurrentUrl on session fca53a8affab38c86ca044be880399fd to remote] DEBUG org.asynchttpclient.netty.request.NettyRequestSender - Using open Channel [id: 0x2330a739, L:/127.0.0.1:14981 - R:localhost/127.0.0.1:30871] for GET '/session/fca53a8affab38c86ca044be880399fd/url'
16:16:46.252 [AsyncHttpClient-1-7] DEBUG org.asynchttpclient.netty.handler.HttpHandler - 

Request DefaultFullHttpRequest(decodeResult: success, version: HTTP/1.1, content: EmptyByteBufBE)
GET /session/fca53a8affab38c86ca044be880399fd/url HTTP/1.1
User-Agent: selenium/4.8.1 (java windows)
Cache-Control: no-cache
Content-Type: application/json; charset=utf-8
host: localhost:30871
accept: */*

Response DefaultHttpResponse(decodeResult: success, version: HTTP/1.1)
HTTP/1.1 200 OK
Content-Length: 64
Content-Type: application/json; charset=utf-8
cache-control: no-cache

16:16:46.252 [AsyncHttpClient-1-7] DEBUG org.asynchttpclient.netty.channel.ChannelManager - Adding key: http://localhost:30871 for channel [id: 0x2330a739, L:/127.0.0.1:14981 - R:localhost/127.0.0.1:30871]
16:16:46.252 [Forwarding screenshot on session fca53a8affab38c86ca044be880399fd to remote] DEBUG org.asynchttpclient.netty.request.NettyRequestSender - Using pooled Channel '[id: 0x2330a739, L:/127.0.0.1:14981 - R:localhost/127.0.0.1:30871]' for 'GET' to 'http://localhost:30871/session/fca53a8affab38c86ca044be880399fd/screenshot'
16:16:46.253 [Forwarding screenshot on session fca53a8affab38c86ca044be880399fd to remote] DEBUG org.asynchttpclient.netty.request.NettyRequestSender - Using open Channel [id: 0x2330a739, L:/127.0.0.1:14981 - R:localhost/127.0.0.1:30871] for GET '/session/fca53a8affab38c86ca044be880399fd/screenshot'
16:16:46.474 [AsyncHttpClient-1-7] DEBUG org.asynchttpclient.netty.handler.HttpHandler - 

Request DefaultFullHttpRequest(decodeResult: success, version: HTTP/1.1, content: EmptyByteBufBE)
GET /session/fca53a8affab38c86ca044be880399fd/screenshot HTTP/1.1
User-Agent: selenium/4.8.1 (java windows)
Cache-Control: no-cache
Content-Type: application/json; charset=utf-8
host: localhost:30871
accept: */*

Response DefaultHttpResponse(decodeResult: success, version: HTTP/1.1)
HTTP/1.1 200 OK
Content-Length: 129772
Content-Type: application/json; charset=utf-8
cache-control: no-cache

16:16:46.475 [AsyncHttpClient-1-7] DEBUG org.asynchttpclient.netty.channel.ChannelManager - Adding key: http://localhost:30871 for channel [id: 0x2330a739, L:/127.0.0.1:14981 - R:localhost/127.0.0.1:30871]
16:16:46.487 [main] DEBUG net.serenitybdd.core.photography.Darkroom - Send negative for processing for target\site\serenity\2bf8175e55ec5f3b6870a482dac95a46b2a70c6ea7f4c10441fc0bec776e8610.png
16:16:46.488 [main] DEBUG net.thucydides.core.steps.StepInterceptor - STEP DONE: errorMessageAppear
16:16:46.488 [Darkroom Processing Line] DEBUG net.serenitybdd.core.photography.DarkroomProcessingLine - Processing screenshot image in /var/screenshots/screenshot-18739960274262923
16:16:46.488 [Darkroom Processing Line] DEBUG net.serenitybdd.core.photography.DarkroomProcessingLine - Saving screenshot to target\site\serenity\2bf8175e55ec5f3b6870a482dac95a46b2a70c6ea7f4c10441fc0bec776e8610.png
  &amp#27;[32mThen &amp#27;[0m&amp#27;[32mI am on the home page invalid account&amp#27;[0m                                     &amp#27;[90m# Starter.Stepdefitions.Failed1SigninSteps.onTheHomePageInvalidAccount()&amp#27;[0m
16:16:46.500 [main] INFO  - 
  _____   ___   ___   _____     ___     _     ___   ___   ___   ___  
 |_   _| | __| / __| |_   _|   | _ \   /_\   / __| / __| | __| |   \ 
   | |   | _|  \__ \   | |     |  _/  / _ \  \__ \ \__ \ | _|  | |) |
   |_|   |___| |___/   |_|     |_|   /_/ \_\ |___/ |___/ |___| |___/ 

As user, I have be able to failed login because account not registered
----------------------------------------------------------------------
16:16:46.502 [AsyncHttpClient-1-9] DEBUG org.asynchttpclient.netty.handler.WebSocketHandler - Channel Closed: [id: 0xb3cb6c3c, L:/127.0.0.1:14988 ! R:localhost/127.0.0.1:14982] with attribute NettyResponseFuture{currentRetry=0,
	isDone=1,
	isCancelled=0,
	asyncHandler=org.asynchttpclient.ws.WebSocketUpgradeHandler@747bba,
	nettyRequest=org.asynchttpclient.netty.request.NettyRequest@1794356,
	future=java.util.concurrent.CompletableFuture@34ed37[Completed normally],
	uri=ws://localhost:14982/devtools/browser/b9403441-ac4f-4537-a94a-55ee0818c6bb,
	keepAlive=true,
	redirectCount=0,
	timeoutsHolder=null,
	inAuth=0,
	touch=1687684589600}
16:16:46.502 [AsyncHttpClient-1-9] DEBUG org.asynchttpclient.netty.channel.ChannelManager - Closing Channel [id: 0xb3cb6c3c, L:/127.0.0.1:14988 ! R:localhost/127.0.0.1:14982] 
16:16:46.502 [Driver Command Executor] DEBUG org.asynchttpclient.netty.request.NettyRequestSender - Using pooled Channel '[id: 0x2330a739, L:/127.0.0.1:14981 - R:localhost/127.0.0.1:30871]' for 'DELETE' to 'http://localhost:30871/session/fca53a8affab38c86ca044be880399fd'
16:16:46.503 [Driver Command Executor] DEBUG org.asynchttpclient.netty.request.NettyRequestSender - Using open Channel [id: 0x2330a739, L:/127.0.0.1:14981 - R:localhost/127.0.0.1:30871] for DELETE '/session/fca53a8affab38c86ca044be880399fd'
16:16:47.152 [AsyncHttpClient-1-1] DEBUG org.asynchttpclient.netty.channel.DefaultChannelPool - Entry count for : http://localhost:14982 : 1
16:16:48.243 [AsyncHttpClient-1-1] DEBUG org.asynchttpclient.netty.channel.DefaultChannelPool - Entry count for : http://localhost:14982 : 1
16:16:49.344 [AsyncHttpClient-1-1] DEBUG org.asynchttpclient.netty.channel.DefaultChannelPool - Entry count for : http://localhost:14982 : 1
16:16:50.444 [AsyncHttpClient-1-1] DEBUG org.asynchttpclient.netty.channel.DefaultChannelPool - Entry count for : http://localhost:14982 : 1
16:16:50.693 [AsyncHttpClient-1-8] DEBUG org.asynchttpclient.netty.handler.HttpHandler - Unexpected I/O exception on channel [id: 0x5f3fd62a, L:/127.0.0.1:14987 - R:localhost/127.0.0.1:14982]
java.io.IOException: An existing connection was forcibly closed by the remote host
	at sun.nio.ch.SocketDispatcher.read0(Native Method)
	at sun.nio.ch.SocketDispatcher.read(SocketDispatcher.java:43)
	at sun.nio.ch.IOUtil.readIntoNativeBuffer(IOUtil.java:223)
	at sun.nio.ch.IOUtil.read(IOUtil.java:192)
	at sun.nio.ch.SocketChannelImpl.read(SocketChannelImpl.java:379)
	at io.netty.buffer.PooledByteBuf.setBytes(PooledByteBuf.java:259)
	at io.netty.buffer.AbstractByteBuf.writeBytes(AbstractByteBuf.java:1132)
	at io.netty.channel.socket.nio.NioSocketChannel.doReadBytes(NioSocketChannel.java:357)
	at io.netty.channel.nio.AbstractNioByteChannel$NioByteUnsafe.read(AbstractNioByteChannel.java:151)
	at io.netty.channel.nio.NioEventLoop.processSelectedKey(NioEventLoop.java:788)
	at io.netty.channel.nio.NioEventLoop.processSelectedKeysOptimized(NioEventLoop.java:724)
	at io.netty.channel.nio.NioEventLoop.processSelectedKeys(NioEventLoop.java:650)
	at io.netty.channel.nio.NioEventLoop.run(NioEventLoop.java:562)
	at io.netty.util.concurrent.SingleThreadEventExecutor$4.run(SingleThreadEventExecutor.java:997)
	at io.netty.util.internal.ThreadExecutorMap$2.run(ThreadExecutorMap.java:74)
	at io.netty.util.concurrent.FastThreadLocalRunnable.run(FastThreadLocalRunnable.java:30)
	at java.lang.Thread.run(Thread.java:745)
16:16:50.693 [AsyncHttpClient-1-8] DEBUG org.asynchttpclient.netty.channel.ChannelManager - Closing Channel [id: 0x5f3fd62a, L:/127.0.0.1:14987 - R:localhost/127.0.0.1:14982] 
16:16:50.693 [AsyncHttpClient-1-8] DEBUG org.asynchttpclient.netty.handler.HttpHandler - Channel Closed: [id: 0x5f3fd62a, L:/127.0.0.1:14987 ! R:localhost/127.0.0.1:14982] with attribute DISCARD
16:16:51.213 [AsyncHttpClient-1-7] DEBUG org.asynchttpclient.netty.handler.HttpHandler - 

Request DefaultFullHttpRequest(decodeResult: success, version: HTTP/1.1, content: EmptyByteBufBE)
DELETE /session/fca53a8affab38c86ca044be880399fd HTTP/1.1
User-Agent: selenium/4.8.1 (java windows)
Content-Type: application/json; charset=utf-8
host: localhost:30871
accept: */*

Response DefaultHttpResponse(decodeResult: success, version: HTTP/1.1)
HTTP/1.1 200 OK
Content-Length: 14
Content-Type: application/json; charset=utf-8
cache-control: no-cache

16:16:51.214 [AsyncHttpClient-1-7] DEBUG org.asynchttpclient.netty.channel.ChannelManager - Adding key: http://localhost:30871 for channel [id: 0x2330a739, L:/127.0.0.1:14981 - R:localhost/127.0.0.1:30871]
16:16:51.334 [AsyncHttpClient-1-7] DEBUG org.asynchttpclient.netty.handler.HttpHandler - Channel Closed: [id: 0x2330a739, L:/127.0.0.1:14981 ! R:localhost/127.0.0.1:30871] with attribute DISCARD
16:16:51.543 [AsyncHttpClient-1-1] DEBUG org.asynchttpclient.netty.channel.DefaultChannelPool - Entry count for : http://localhost:30871 : 1
16:16:51.543 [AsyncHttpClient-1-1] DEBUG org.asynchttpclient.netty.channel.DefaultChannelPool - Entry count for : http://localhost:14982 : 1
16:16:51.543 [AsyncHttpClient-1-1] DEBUG org.asynchttpclient.netty.channel.DefaultChannelPool - Adding Candidate expired Channel [id: 0x2330a739, L:/127.0.0.1:14981 ! R:localhost/127.0.0.1:30871] isIdleTimeoutExpired=false isRemotelyClosed=true isTtlExpired=false
16:16:51.543 [AsyncHttpClient-1-1] DEBUG org.asynchttpclient.netty.channel.DefaultChannelPool - Closing Idle Channel [id: 0x2330a739, L:/127.0.0.1:14981 ! R:localhost/127.0.0.1:30871]
16:16:51.543 [AsyncHttpClient-1-1] DEBUG org.asynchttpclient.netty.channel.DefaultChannelPool - Adding Candidate expired Channel [id: 0x5f3fd62a, L:/127.0.0.1:14987 ! R:localhost/127.0.0.1:14982] isIdleTimeoutExpired=false isRemotelyClosed=true isTtlExpired=false
16:16:51.543 [AsyncHttpClient-1-1] DEBUG org.asynchttpclient.netty.channel.DefaultChannelPool - Closing Idle Channel [id: 0x5f3fd62a, L:/127.0.0.1:14987 ! R:localhost/127.0.0.1:14982]
16:16:51.543 [AsyncHttpClient-1-1] DEBUG org.asynchttpclient.netty.channel.DefaultChannelPool - Closed 2 connections out of 2 in 0 ms
]]></system-out>
    <system-err><![CDATA[Starting ChromeDriver 114.0.5735.90 (386bc09e8f4f2e025eddae123f36f6263096ae49-refs/branch-heads/5735@{#1052}) on port 30871
Only local connections are allowed.
Please see https://chromedriver.chromium.org/security-considerations for suggestions on keeping ChromeDriver safe.
ChromeDriver was started successfully.
Jun 25, 2023 4:16:29 PM org.openqa.selenium.devtools.CdpVersionFinder findNearestMatch
WARNING: Unable to find an exact match for CDP version 114, so returning the closest version found: 110
]]></system-err>
  </testcase>
  <testcase name="As user, I have be able to failed login because wrong email" classname="User be able to sign in" time="31.264">
    <system-out><![CDATA[
@wrong-email
Scenario: As user, I have be able to failed login because wrong email &amp#27;[90m# src/test/resources/Feature/Signin.feature:23&amp#27;[0m
16:16:51.871 [main] DEBUG io.cucumber.core.plugin.SerenityReporter - Running feature from file:///C:/Users/USER/IdeaProjects/Capston_webtesting/src/test/resources/Feature/Signin.feature
16:16:51.871 [main] WARN io.cucumber.core.plugin.SerenityReporter - Feature from file:///C:/Users/USER/IdeaProjects/Capston_webtesting/src/test/resources/Feature/Signin.feature is not under the 'features' directory. Requirements report will not be correctly generated!
16:16:51.874 [main] INFO  - 
  _____   ___   ___   _____     ___   _____     _     ___   _____   ___   ___  
 |_   _| | __| / __| |_   _|   / __| |_   _|   /_\   | _ \ |_   _| | __| |   \ 
   | |   | _|  \__ \   | |     \__ \   | |    / _ \  |   /   | |   | _|  | |) |
   |_|   |___| |___/   |_|     |___/   |_|   /_/ \_\ |_|_\   |_|   |___| |___/ 

As user, I have be able to failed login because wrong email(user-be-able-to-sign-in;as-user--i-have-be-able-to-failed-login-because-wrong-email)
--------------------------------------------------------------------------------
16:16:51.888 [main] DEBUG net.thucydides.core.steps.StepInterceptor - STARTING STEP: Failed2SigninSteps.onLoginPageWrongEmail - openPage
16:16:51.948 [main] INFO net.serenitybdd.core.webdriver.driverproviders.ChromeDriverProvider - Starting Chrome driver instance with capabilities:
16:16:51.948 [main] INFO net.serenitybdd.core.webdriver.driverproviders.ChromeDriverProvider - Capabilities {acceptInsecureCerts: false, browserName: chrome, goog:chromeOptions: {args: [remote-allow-origins=*], extensions: []}}
16:16:52.011 [AsyncHttpClient-1-2] DEBUG org.asynchttpclient.netty.channel.NettyConnectListener - Using new Channel '[id: 0x82d989aa, L:/127.0.0.1:14998 - R:localhost/127.0.0.1:41185]' for 'POST' to '/session'
16:16:55.076 [AsyncHttpClient-1-2] DEBUG org.asynchttpclient.netty.handler.HttpHandler - 

Request DefaultHttpRequest(decodeResult: success, version: HTTP/1.1)
POST /session HTTP/1.1
User-Agent: selenium/4.8.1 (java windows)
Content-Length: 507
Content-Type: application/json; charset=utf-8
host: localhost:41185
accept: */*

Response DefaultHttpResponse(decodeResult: success, version: HTTP/1.1)
HTTP/1.1 200 OK
Content-Length: 859
Content-Type: application/json; charset=utf-8
cache-control: no-cache

16:16:55.076 [AsyncHttpClient-1-2] DEBUG org.asynchttpclient.netty.channel.ChannelManager - Adding key: http://localhost:41185 for channel [id: 0x82d989aa, L:/127.0.0.1:14998 - R:localhost/127.0.0.1:41185]
16:16:55.087 [AsyncHttpClient-1-3] DEBUG org.asynchttpclient.netty.channel.NettyConnectListener - Using new Channel '[id: 0xc82f5616, L:/127.0.0.1:15004 - R:localhost/127.0.0.1:14999]' for 'GET' to '/json/version'
16:16:55.087 [AsyncHttpClient-1-3] DEBUG org.asynchttpclient.netty.handler.HttpHandler - 

Request DefaultFullHttpRequest(decodeResult: success, version: HTTP/1.1, content: EmptyByteBufBE)
GET /json/version HTTP/1.1
User-Agent: selenium/4.8.1 (java windows)
host: localhost:14999
accept: */*

Response DefaultHttpResponse(decodeResult: success, version: HTTP/1.1)
HTTP/1.1 200 OK
Content-Security-Policy: frame-ancestors 'none'
Content-Length: 424
Content-Type: application/json; charset=UTF-8

16:16:55.088 [AsyncHttpClient-1-3] DEBUG org.asynchttpclient.netty.channel.ChannelManager - Adding key: http://localhost:14999 for channel [id: 0xc82f5616, L:/127.0.0.1:15004 - R:localhost/127.0.0.1:14999]
16:16:55.090 [AsyncHttpClient-1-4] DEBUG org.asynchttpclient.netty.channel.NettyConnectListener - Using new Channel '[id: 0xe9a44275, L:/127.0.0.1:15005 - R:localhost/127.0.0.1:14999]' for 'GET' to '/devtools/browser/73da9ebf-b988-4e75-944f-34b7b3019e51'
16:16:55.091 [AsyncHttpClient-1-4] DEBUG org.asynchttpclient.netty.handler.WebSocketHandler - 

Request DefaultFullHttpRequest(decodeResult: success, version: HTTP/1.1, content: EmptyByteBufBE)
GET /devtools/browser/73da9ebf-b988-4e75-944f-34b7b3019e51 HTTP/1.1
upgrade: websocket
connection: upgrade
sec-websocket-key: ASmaN2vGxjW63fnojguLOg==
sec-websocket-version: 13
origin: http://localhost:14999
host: localhost:14999
accept: */*
user-agent: AHC/2.1

Response DefaultHttpResponse(decodeResult: success, version: HTTP/1.1)
HTTP/1.1 101 WebSocket Protocol Handshake
Upgrade: WebSocket
Connection: Upgrade
Sec-WebSocket-Accept: uu8X2BcYhY/K/WlYM34rFtGpRcQ=

16:16:55.093 [Forwarding get on session 5de6fd151f8696168b97505e238c11ba to remote] DEBUG org.asynchttpclient.netty.request.NettyRequestSender - Using pooled Channel '[id: 0x82d989aa, L:/127.0.0.1:14998 - R:localhost/127.0.0.1:41185]' for 'POST' to 'http://localhost:41185/session/5de6fd151f8696168b97505e238c11ba/url'
16:16:55.094 [Forwarding get on session 5de6fd151f8696168b97505e238c11ba to remote] DEBUG org.asynchttpclient.netty.request.NettyRequestSender - Using open Channel [id: 0x82d989aa, L:/127.0.0.1:14998 - R:localhost/127.0.0.1:41185] for POST '/session/5de6fd151f8696168b97505e238c11ba/url'
16:16:55.944 [AsyncHttpClient-1-1] DEBUG org.asynchttpclient.netty.channel.DefaultChannelPool - Entry count for : http://localhost:14999 : 1
16:16:57.044 [AsyncHttpClient-1-1] DEBUG org.asynchttpclient.netty.channel.DefaultChannelPool - Entry count for : http://localhost:14999 : 1
16:16:58.144 [AsyncHttpClient-1-1] DEBUG org.asynchttpclient.netty.channel.DefaultChannelPool - Entry count for : http://localhost:14999 : 1
16:16:59.245 [AsyncHttpClient-1-1] DEBUG org.asynchttpclient.netty.channel.DefaultChannelPool - Entry count for : http://localhost:14999 : 1
16:17:00.345 [AsyncHttpClient-1-1] DEBUG org.asynchttpclient.netty.channel.DefaultChannelPool - Entry count for : http://localhost:14999 : 1
16:17:01.444 [AsyncHttpClient-1-1] DEBUG org.asynchttpclient.netty.channel.DefaultChannelPool - Entry count for : http://localhost:14999 : 1
16:17:02.543 [AsyncHttpClient-1-1] DEBUG org.asynchttpclient.netty.channel.DefaultChannelPool - Entry count for : http://localhost:14999 : 1
16:17:03.644 [AsyncHttpClient-1-1] DEBUG org.asynchttpclient.netty.channel.DefaultChannelPool - Entry count for : http://localhost:14999 : 1
16:17:04.743 [AsyncHttpClient-1-1] DEBUG org.asynchttpclient.netty.channel.DefaultChannelPool - Entry count for : http://localhost:14999 : 1
16:17:05.019 [AsyncHttpClient-1-2] DEBUG org.asynchttpclient.netty.handler.HttpHandler - 

Request DefaultHttpRequest(decodeResult: success, version: HTTP/1.1)
POST /session/5de6fd151f8696168b97505e238c11ba/url HTTP/1.1
User-Agent: selenium/4.8.1 (java windows)
Content-Length: 82
Content-Type: application/json; charset=utf-8
host: localhost:41185
accept: */*

Response DefaultHttpResponse(decodeResult: success, version: HTTP/1.1)
HTTP/1.1 200 OK
Content-Length: 14
Content-Type: application/json; charset=utf-8
cache-control: no-cache

16:17:05.020 [AsyncHttpClient-1-2] DEBUG org.asynchttpclient.netty.channel.ChannelManager - Adding key: http://localhost:41185 for channel [id: 0x82d989aa, L:/127.0.0.1:14998 - R:localhost/127.0.0.1:41185]
16:17:05.021 [Forwarding setTimeout on session 5de6fd151f8696168b97505e238c11ba to remote] DEBUG org.asynchttpclient.netty.request.NettyRequestSender - Using pooled Channel '[id: 0x82d989aa, L:/127.0.0.1:14998 - R:localhost/127.0.0.1:41185]' for 'POST' to 'http://localhost:41185/session/5de6fd151f8696168b97505e238c11ba/timeouts'
16:17:05.021 [Forwarding setTimeout on session 5de6fd151f8696168b97505e238c11ba to remote] DEBUG org.asynchttpclient.netty.request.NettyRequestSender - Using open Channel [id: 0x82d989aa, L:/127.0.0.1:14998 - R:localhost/127.0.0.1:41185] for POST '/session/5de6fd151f8696168b97505e238c11ba/timeouts'
16:17:05.022 [AsyncHttpClient-1-2] DEBUG org.asynchttpclient.netty.handler.HttpHandler - 

Request DefaultHttpRequest(decodeResult: success, version: HTTP/1.1)
POST /session/5de6fd151f8696168b97505e238c11ba/timeouts HTTP/1.1
User-Agent: selenium/4.8.1 (java windows)
Content-Length: 22
Content-Type: application/json; charset=utf-8
host: localhost:41185
accept: */*

Response DefaultHttpResponse(decodeResult: success, version: HTTP/1.1)
HTTP/1.1 200 OK
Content-Length: 14
Content-Type: application/json; charset=utf-8
cache-control: no-cache

16:17:05.022 [AsyncHttpClient-1-2] DEBUG org.asynchttpclient.netty.channel.ChannelManager - Adding key: http://localhost:41185 for channel [id: 0x82d989aa, L:/127.0.0.1:14998 - R:localhost/127.0.0.1:41185]
16:17:05.034 [Forwarding getAlertText on session 5de6fd151f8696168b97505e238c11ba to remote] DEBUG org.asynchttpclient.netty.request.NettyRequestSender - Using pooled Channel '[id: 0x82d989aa, L:/127.0.0.1:14998 - R:localhost/127.0.0.1:41185]' for 'GET' to 'http://localhost:41185/session/5de6fd151f8696168b97505e238c11ba/alert/text'
16:17:05.034 [Forwarding getAlertText on session 5de6fd151f8696168b97505e238c11ba to remote] DEBUG org.asynchttpclient.netty.request.NettyRequestSender - Using open Channel [id: 0x82d989aa, L:/127.0.0.1:14998 - R:localhost/127.0.0.1:41185] for GET '/session/5de6fd151f8696168b97505e238c11ba/alert/text'
16:17:05.036 [AsyncHttpClient-1-2] DEBUG org.asynchttpclient.netty.handler.HttpHandler - 

Request DefaultFullHttpRequest(decodeResult: success, version: HTTP/1.1, content: EmptyByteBufBE)
GET /session/5de6fd151f8696168b97505e238c11ba/alert/text HTTP/1.1
User-Agent: selenium/4.8.1 (java windows)
Cache-Control: no-cache
Content-Type: application/json; charset=utf-8
host: localhost:41185
accept: */*

Response DefaultHttpResponse(decodeResult: success, version: HTTP/1.1)
HTTP/1.1 404 Not Found
Content-Length: 807
Content-Type: application/json; charset=utf-8
cache-control: no-cache

16:17:05.036 [AsyncHttpClient-1-2] DEBUG org.asynchttpclient.netty.channel.ChannelManager - Adding key: http://localhost:41185 for channel [id: 0x82d989aa, L:/127.0.0.1:14998 - R:localhost/127.0.0.1:41185]
16:17:05.038 [Forwarding getCurrentUrl on session 5de6fd151f8696168b97505e238c11ba to remote] DEBUG org.asynchttpclient.netty.request.NettyRequestSender - Using pooled Channel '[id: 0x82d989aa, L:/127.0.0.1:14998 - R:localhost/127.0.0.1:41185]' for 'GET' to 'http://localhost:41185/session/5de6fd151f8696168b97505e238c11ba/url'
16:17:05.038 [Forwarding getCurrentUrl on session 5de6fd151f8696168b97505e238c11ba to remote] DEBUG org.asynchttpclient.netty.request.NettyRequestSender - Using open Channel [id: 0x82d989aa, L:/127.0.0.1:14998 - R:localhost/127.0.0.1:41185] for GET '/session/5de6fd151f8696168b97505e238c11ba/url'
16:17:05.044 [AsyncHttpClient-1-2] DEBUG org.asynchttpclient.netty.handler.HttpHandler - 

Request DefaultFullHttpRequest(decodeResult: success, version: HTTP/1.1, content: EmptyByteBufBE)
GET /session/5de6fd151f8696168b97505e238c11ba/url HTTP/1.1
User-Agent: selenium/4.8.1 (java windows)
Cache-Control: no-cache
Content-Type: application/json; charset=utf-8
host: localhost:41185
accept: */*

Response DefaultHttpResponse(decodeResult: success, version: HTTP/1.1)
HTTP/1.1 200 OK
Content-Length: 64
Content-Type: application/json; charset=utf-8
cache-control: no-cache

16:17:05.044 [AsyncHttpClient-1-2] DEBUG org.asynchttpclient.netty.channel.ChannelManager - Adding key: http://localhost:41185 for channel [id: 0x82d989aa, L:/127.0.0.1:14998 - R:localhost/127.0.0.1:41185]
16:17:05.045 [Forwarding screenshot on session 5de6fd151f8696168b97505e238c11ba to remote] DEBUG org.asynchttpclient.netty.request.NettyRequestSender - Using pooled Channel '[id: 0x82d989aa, L:/127.0.0.1:14998 - R:localhost/127.0.0.1:41185]' for 'GET' to 'http://localhost:41185/session/5de6fd151f8696168b97505e238c11ba/screenshot'
16:17:05.045 [Forwarding screenshot on session 5de6fd151f8696168b97505e238c11ba to remote] DEBUG org.asynchttpclient.netty.request.NettyRequestSender - Using open Channel [id: 0x82d989aa, L:/127.0.0.1:14998 - R:localhost/127.0.0.1:41185] for GET '/session/5de6fd151f8696168b97505e238c11ba/screenshot'
16:17:05.245 [AsyncHttpClient-1-2] DEBUG org.asynchttpclient.netty.handler.HttpHandler - 

Request DefaultFullHttpRequest(decodeResult: success, version: HTTP/1.1, content: EmptyByteBufBE)
GET /session/5de6fd151f8696168b97505e238c11ba/screenshot HTTP/1.1
User-Agent: selenium/4.8.1 (java windows)
Cache-Control: no-cache
Content-Type: application/json; charset=utf-8
host: localhost:41185
accept: */*

Response DefaultHttpResponse(decodeResult: success, version: HTTP/1.1)
HTTP/1.1 200 OK
Content-Length: 117684
Content-Type: application/json; charset=utf-8
cache-control: no-cache

16:17:05.246 [AsyncHttpClient-1-2] DEBUG org.asynchttpclient.netty.channel.ChannelManager - Adding key: http://localhost:41185 for channel [id: 0x82d989aa, L:/127.0.0.1:14998 - R:localhost/127.0.0.1:41185]
16:17:05.254 [main] DEBUG net.serenitybdd.core.photography.Darkroom - Send negative for processing for target\site\serenity\5271af833f0df7b27752c2edc61a3bd125452b86dc26b1185d7a95f24df95dfa.png
16:17:05.255 [main] DEBUG net.thucydides.core.steps.StepInterceptor - STEP DONE: openPage
  &amp#27;[32mGiven &amp#27;[0m&amp#27;[32mI am on the login page wrong email&amp#27;[0m                            &amp#27;[90m# Starter.Stepdefitions.Failed2SigninSteps.onLoginPageWrongEmail()&amp#27;[0m
16:17:05.264 [Forwarding getPageSource on session 5de6fd151f8696168b97505e238c11ba to remote] DEBUG org.asynchttpclient.netty.request.NettyRequestSender - Using pooled Channel '[id: 0x82d989aa, L:/127.0.0.1:14998 - R:localhost/127.0.0.1:41185]' for 'POST' to 'http://localhost:41185/session/5de6fd151f8696168b97505e238c11ba/execute/sync'
16:17:05.264 [Forwarding getPageSource on session 5de6fd151f8696168b97505e238c11ba to remote] DEBUG org.asynchttpclient.netty.request.NettyRequestSender - Using open Channel [id: 0x82d989aa, L:/127.0.0.1:14998 - R:localhost/127.0.0.1:41185] for POST '/session/5de6fd151f8696168b97505e238c11ba/execute/sync'
16:17:05.271 [AsyncHttpClient-1-2] DEBUG org.asynchttpclient.netty.handler.HttpHandler - 

Request DefaultHttpRequest(decodeResult: success, version: HTTP/1.1)
POST /session/5de6fd151f8696168b97505e238c11ba/execute/sync HTTP/1.1
User-Agent: selenium/4.8.1 (java windows)
Content-Length: 176
Content-Type: application/json; charset=utf-8
host: localhost:41185
accept: */*

Response DefaultHttpResponse(decodeResult: success, version: HTTP/1.1)
HTTP/1.1 200 OK
Content-Length: 5992
Content-Type: application/json; charset=utf-8
cache-control: no-cache

16:17:05.271 [AsyncHttpClient-1-2] DEBUG org.asynchttpclient.netty.channel.ChannelManager - Adding key: http://localhost:41185 for channel [id: 0x82d989aa, L:/127.0.0.1:14998 - R:localhost/127.0.0.1:41185]
16:17:05.273 [Forwarding getCurrentUrl on session 5de6fd151f8696168b97505e238c11ba to remote] DEBUG org.asynchttpclient.netty.request.NettyRequestSender - Using pooled Channel '[id: 0x82d989aa, L:/127.0.0.1:14998 - R:localhost/127.0.0.1:41185]' for 'GET' to 'http://localhost:41185/session/5de6fd151f8696168b97505e238c11ba/url'
16:17:05.273 [Forwarding getCurrentUrl on session 5de6fd151f8696168b97505e238c11ba to remote] DEBUG org.asynchttpclient.netty.request.NettyRequestSender - Using open Channel [id: 0x82d989aa, L:/127.0.0.1:14998 - R:localhost/127.0.0.1:41185] for GET '/session/5de6fd151f8696168b97505e238c11ba/url'
16:17:05.278 [AsyncHttpClient-1-2] DEBUG org.asynchttpclient.netty.handler.HttpHandler - 

Request DefaultFullHttpRequest(decodeResult: success, version: HTTP/1.1, content: EmptyByteBufBE)
GET /session/5de6fd151f8696168b97505e238c11ba/url HTTP/1.1
User-Agent: selenium/4.8.1 (java windows)
Cache-Control: no-cache
Content-Type: application/json; charset=utf-8
host: localhost:41185
accept: */*

Response DefaultHttpResponse(decodeResult: success, version: HTTP/1.1)
HTTP/1.1 200 OK
Content-Length: 64
Content-Type: application/json; charset=utf-8
cache-control: no-cache

16:17:05.278 [AsyncHttpClient-1-2] DEBUG org.asynchttpclient.netty.channel.ChannelManager - Adding key: http://localhost:41185 for channel [id: 0x82d989aa, L:/127.0.0.1:14998 - R:localhost/127.0.0.1:41185]
16:17:05.291 [Forwarding getPageSource on session 5de6fd151f8696168b97505e238c11ba to remote] DEBUG org.asynchttpclient.netty.request.NettyRequestSender - Using pooled Channel '[id: 0x82d989aa, L:/127.0.0.1:14998 - R:localhost/127.0.0.1:41185]' for 'POST' to 'http://localhost:41185/session/5de6fd151f8696168b97505e238c11ba/execute/sync'
16:17:05.291 [Forwarding getPageSource on session 5de6fd151f8696168b97505e238c11ba to remote] DEBUG org.asynchttpclient.netty.request.NettyRequestSender - Using open Channel [id: 0x82d989aa, L:/127.0.0.1:14998 - R:localhost/127.0.0.1:41185] for POST '/session/5de6fd151f8696168b97505e238c11ba/execute/sync'
16:17:05.297 [AsyncHttpClient-1-2] DEBUG org.asynchttpclient.netty.handler.HttpHandler - 

Request DefaultHttpRequest(decodeResult: success, version: HTTP/1.1)
POST /session/5de6fd151f8696168b97505e238c11ba/execute/sync HTTP/1.1
User-Agent: selenium/4.8.1 (java windows)
Content-Length: 176
Content-Type: application/json; charset=utf-8
host: localhost:41185
accept: */*

Response DefaultHttpResponse(decodeResult: success, version: HTTP/1.1)
HTTP/1.1 200 OK
Content-Length: 5992
Content-Type: application/json; charset=utf-8
cache-control: no-cache

16:17:05.297 [AsyncHttpClient-1-2] DEBUG org.asynchttpclient.netty.channel.ChannelManager - Adding key: http://localhost:41185 for channel [id: 0x82d989aa, L:/127.0.0.1:14998 - R:localhost/127.0.0.1:41185]
16:17:05.298 [Forwarding getCurrentUrl on session 5de6fd151f8696168b97505e238c11ba to remote] DEBUG org.asynchttpclient.netty.request.NettyRequestSender - Using pooled Channel '[id: 0x82d989aa, L:/127.0.0.1:14998 - R:localhost/127.0.0.1:41185]' for 'GET' to 'http://localhost:41185/session/5de6fd151f8696168b97505e238c11ba/url'
16:17:05.298 [Forwarding getCurrentUrl on session 5de6fd151f8696168b97505e238c11ba to remote] DEBUG org.asynchttpclient.netty.request.NettyRequestSender - Using open Channel [id: 0x82d989aa, L:/127.0.0.1:14998 - R:localhost/127.0.0.1:41185] for GET '/session/5de6fd151f8696168b97505e238c11ba/url'
16:17:05.303 [AsyncHttpClient-1-2] DEBUG org.asynchttpclient.netty.handler.HttpHandler - 

Request DefaultFullHttpRequest(decodeResult: success, version: HTTP/1.1, content: EmptyByteBufBE)
GET /session/5de6fd151f8696168b97505e238c11ba/url HTTP/1.1
User-Agent: selenium/4.8.1 (java windows)
Cache-Control: no-cache
Content-Type: application/json; charset=utf-8
host: localhost:41185
accept: */*

Response DefaultHttpResponse(decodeResult: success, version: HTTP/1.1)
HTTP/1.1 200 OK
Content-Length: 64
Content-Type: application/json; charset=utf-8
cache-control: no-cache

16:17:05.304 [AsyncHttpClient-1-2] DEBUG org.asynchttpclient.netty.channel.ChannelManager - Adding key: http://localhost:41185 for channel [id: 0x82d989aa, L:/127.0.0.1:14998 - R:localhost/127.0.0.1:41185]
16:17:05.305 [main] DEBUG net.thucydides.core.steps.StepInterceptor - STARTING STEP: Failed2SigninSteps.inputEmailWrongEmail - inputEmail
16:17:05.308 [Forwarding findElement on session 5de6fd151f8696168b97505e238c11ba to remote] DEBUG org.asynchttpclient.netty.request.NettyRequestSender - Using pooled Channel '[id: 0x82d989aa, L:/127.0.0.1:14998 - R:localhost/127.0.0.1:41185]' for 'POST' to 'http://localhost:41185/session/5de6fd151f8696168b97505e238c11ba/element'
16:17:05.308 [Forwarding findElement on session 5de6fd151f8696168b97505e238c11ba to remote] DEBUG org.asynchttpclient.netty.request.NettyRequestSender - Using open Channel [id: 0x82d989aa, L:/127.0.0.1:14998 - R:localhost/127.0.0.1:41185] for POST '/session/5de6fd151f8696168b97505e238c11ba/element'
16:17:05.321 [AsyncHttpClient-1-2] DEBUG org.asynchttpclient.netty.handler.HttpHandler - 

Request DefaultHttpRequest(decodeResult: success, version: HTTP/1.1)
POST /session/5de6fd151f8696168b97505e238c11ba/element HTTP/1.1
User-Agent: selenium/4.8.1 (java windows)
Content-Length: 67
Content-Type: application/json; charset=utf-8
host: localhost:41185
accept: */*

Response DefaultHttpResponse(decodeResult: success, version: HTTP/1.1)
HTTP/1.1 200 OK
Content-Length: 95
Content-Type: application/json; charset=utf-8
cache-control: no-cache

16:17:05.321 [AsyncHttpClient-1-2] DEBUG org.asynchttpclient.netty.channel.ChannelManager - Adding key: http://localhost:41185 for channel [id: 0x82d989aa, L:/127.0.0.1:14998 - R:localhost/127.0.0.1:41185]
16:17:05.322 [Forwarding clearElement on session 5de6fd151f8696168b97505e238c11ba to remote] DEBUG org.asynchttpclient.netty.request.NettyRequestSender - Using pooled Channel '[id: 0x82d989aa, L:/127.0.0.1:14998 - R:localhost/127.0.0.1:41185]' for 'POST' to 'http://localhost:41185/session/5de6fd151f8696168b97505e238c11ba/element/FC9AD445979E12DC7CF2B4A7009773B4_element_10/clear'
16:17:05.322 [Forwarding clearElement on session 5de6fd151f8696168b97505e238c11ba to remote] DEBUG org.asynchttpclient.netty.request.NettyRequestSender - Using open Channel [id: 0x82d989aa, L:/127.0.0.1:14998 - R:localhost/127.0.0.1:41185] for POST '/session/5de6fd151f8696168b97505e238c11ba/element/FC9AD445979E12DC7CF2B4A7009773B4_element_10/clear'
16:17:05.361 [AsyncHttpClient-1-2] DEBUG org.asynchttpclient.netty.handler.HttpHandler - 

Request DefaultHttpRequest(decodeResult: success, version: HTTP/1.1)
POST /session/5de6fd151f8696168b97505e238c11ba/element/FC9AD445979E12DC7CF2B4A7009773B4_element_10/clear HTTP/1.1
User-Agent: selenium/4.8.1 (java windows)
Content-Length: 57
Content-Type: application/json; charset=utf-8
host: localhost:41185
accept: */*

Response DefaultHttpResponse(decodeResult: success, version: HTTP/1.1)
HTTP/1.1 200 OK
Content-Length: 14
Content-Type: application/json; charset=utf-8
cache-control: no-cache

16:17:05.361 [AsyncHttpClient-1-2] DEBUG org.asynchttpclient.netty.channel.ChannelManager - Adding key: http://localhost:41185 for channel [id: 0x82d989aa, L:/127.0.0.1:14998 - R:localhost/127.0.0.1:41185]
16:17:05.363 [Forwarding sendKeysToElement on session 5de6fd151f8696168b97505e238c11ba to remote] DEBUG org.asynchttpclient.netty.request.NettyRequestSender - Using pooled Channel '[id: 0x82d989aa, L:/127.0.0.1:14998 - R:localhost/127.0.0.1:41185]' for 'POST' to 'http://localhost:41185/session/5de6fd151f8696168b97505e238c11ba/element/FC9AD445979E12DC7CF2B4A7009773B4_element_10/value'
16:17:05.363 [Forwarding sendKeysToElement on session 5de6fd151f8696168b97505e238c11ba to remote] DEBUG org.asynchttpclient.netty.request.NettyRequestSender - Using open Channel [id: 0x82d989aa, L:/127.0.0.1:14998 - R:localhost/127.0.0.1:41185] for POST '/session/5de6fd151f8696168b97505e238c11ba/element/FC9AD445979E12DC7CF2B4A7009773B4_element_10/value'
16:17:05.441 [AsyncHttpClient-1-2] DEBUG org.asynchttpclient.netty.handler.HttpHandler - 

Request DefaultHttpRequest(decodeResult: success, version: HTTP/1.1)
POST /session/5de6fd151f8696168b97505e238c11ba/element/FC9AD445979E12DC7CF2B4A7009773B4_element_10/value HTTP/1.1
User-Agent: selenium/4.8.1 (java windows)
Content-Length: 98
Content-Type: application/json; charset=utf-8
host: localhost:41185
accept: */*

Response DefaultHttpResponse(decodeResult: success, version: HTTP/1.1)
HTTP/1.1 200 OK
Content-Length: 14
Content-Type: application/json; charset=utf-8
cache-control: no-cache

16:17:05.441 [AsyncHttpClient-1-2] DEBUG org.asynchttpclient.netty.channel.ChannelManager - Adding key: http://localhost:41185 for channel [id: 0x82d989aa, L:/127.0.0.1:14998 - R:localhost/127.0.0.1:41185]
16:17:05.463 [Forwarding getAlertText on session 5de6fd151f8696168b97505e238c11ba to remote] DEBUG org.asynchttpclient.netty.request.NettyRequestSender - Using pooled Channel '[id: 0x82d989aa, L:/127.0.0.1:14998 - R:localhost/127.0.0.1:41185]' for 'GET' to 'http://localhost:41185/session/5de6fd151f8696168b97505e238c11ba/alert/text'
16:17:05.463 [Forwarding getAlertText on session 5de6fd151f8696168b97505e238c11ba to remote] DEBUG org.asynchttpclient.netty.request.NettyRequestSender - Using open Channel [id: 0x82d989aa, L:/127.0.0.1:14998 - R:localhost/127.0.0.1:41185] for GET '/session/5de6fd151f8696168b97505e238c11ba/alert/text'
16:17:05.465 [AsyncHttpClient-1-2] DEBUG org.asynchttpclient.netty.handler.HttpHandler - 

Request DefaultFullHttpRequest(decodeResult: success, version: HTTP/1.1, content: EmptyByteBufBE)
GET /session/5de6fd151f8696168b97505e238c11ba/alert/text HTTP/1.1
User-Agent: selenium/4.8.1 (java windows)
Cache-Control: no-cache
Content-Type: application/json; charset=utf-8
host: localhost:41185
accept: */*

Response DefaultHttpResponse(decodeResult: success, version: HTTP/1.1)
HTTP/1.1 404 Not Found
Content-Length: 807
Content-Type: application/json; charset=utf-8
cache-control: no-cache

16:17:05.465 [AsyncHttpClient-1-2] DEBUG org.asynchttpclient.netty.channel.ChannelManager - Adding key: http://localhost:41185 for channel [id: 0x82d989aa, L:/127.0.0.1:14998 - R:localhost/127.0.0.1:41185]
16:17:05.470 [Forwarding getCurrentUrl on session 5de6fd151f8696168b97505e238c11ba to remote] DEBUG org.asynchttpclient.netty.request.NettyRequestSender - Using pooled Channel '[id: 0x82d989aa, L:/127.0.0.1:14998 - R:localhost/127.0.0.1:41185]' for 'GET' to 'http://localhost:41185/session/5de6fd151f8696168b97505e238c11ba/url'
16:17:05.470 [Forwarding getCurrentUrl on session 5de6fd151f8696168b97505e238c11ba to remote] DEBUG org.asynchttpclient.netty.request.NettyRequestSender - Using open Channel [id: 0x82d989aa, L:/127.0.0.1:14998 - R:localhost/127.0.0.1:41185] for GET '/session/5de6fd151f8696168b97505e238c11ba/url'
16:17:05.482 [AsyncHttpClient-1-2] DEBUG org.asynchttpclient.netty.handler.HttpHandler - 

Request DefaultFullHttpRequest(decodeResult: success, version: HTTP/1.1, content: EmptyByteBufBE)
GET /session/5de6fd151f8696168b97505e238c11ba/url HTTP/1.1
User-Agent: selenium/4.8.1 (java windows)
Cache-Control: no-cache
Content-Type: application/json; charset=utf-8
host: localhost:41185
accept: */*

Response DefaultHttpResponse(decodeResult: success, version: HTTP/1.1)
HTTP/1.1 200 OK
Content-Length: 64
Content-Type: application/json; charset=utf-8
cache-control: no-cache

16:17:05.482 [AsyncHttpClient-1-2] DEBUG org.asynchttpclient.netty.channel.ChannelManager - Adding key: http://localhost:41185 for channel [id: 0x82d989aa, L:/127.0.0.1:14998 - R:localhost/127.0.0.1:41185]
16:17:05.486 [Forwarding screenshot on session 5de6fd151f8696168b97505e238c11ba to remote] DEBUG org.asynchttpclient.netty.request.NettyRequestSender - Using pooled Channel '[id: 0x82d989aa, L:/127.0.0.1:14998 - R:localhost/127.0.0.1:41185]' for 'GET' to 'http://localhost:41185/session/5de6fd151f8696168b97505e238c11ba/screenshot'
16:17:05.486 [Forwarding screenshot on session 5de6fd151f8696168b97505e238c11ba to remote] DEBUG org.asynchttpclient.netty.request.NettyRequestSender - Using open Channel [id: 0x82d989aa, L:/127.0.0.1:14998 - R:localhost/127.0.0.1:41185] for GET '/session/5de6fd151f8696168b97505e238c11ba/screenshot'
16:17:05.656 [AsyncHttpClient-1-2] DEBUG org.asynchttpclient.netty.handler.HttpHandler - 

Request DefaultFullHttpRequest(decodeResult: success, version: HTTP/1.1, content: EmptyByteBufBE)
GET /session/5de6fd151f8696168b97505e238c11ba/screenshot HTTP/1.1
User-Agent: selenium/4.8.1 (java windows)
Cache-Control: no-cache
Content-Type: application/json; charset=utf-8
host: localhost:41185
accept: */*

Response DefaultHttpResponse(decodeResult: success, version: HTTP/1.1)
HTTP/1.1 200 OK
Content-Length: 116472
Content-Type: application/json; charset=utf-8
cache-control: no-cache

16:17:05.657 [AsyncHttpClient-1-2] DEBUG org.asynchttpclient.netty.channel.ChannelManager - Adding key: http://localhost:41185 for channel [id: 0x82d989aa, L:/127.0.0.1:14998 - R:localhost/127.0.0.1:41185]
16:17:05.662 [main] DEBUG net.serenitybdd.core.photography.Darkroom - Send negative for processing for target\site\serenity\10c0543f84fda70c96c47ee15584a4b82a193b1d28d1587b27c90db53d2c5bd4.png
16:17:05.663 [main] DEBUG net.thucydides.core.steps.StepInterceptor - STEP DONE: inputEmail
16:17:05.663 [Darkroom Processing Line] DEBUG net.serenitybdd.core.photography.DarkroomProcessingLine - Processing screenshot image in /var/screenshots/screenshot-5082870848767876556
16:17:05.663 [Darkroom Processing Line] DEBUG net.serenitybdd.core.photography.DarkroomProcessingLine - Saving screenshot to target\site\serenity\10c0543f84fda70c96c47ee15584a4b82a193b1d28d1587b27c90db53d2c5bd4.png
  &amp#27;[32mWhen &amp#27;[0m&amp#27;[32mI input email wrong email&amp#27;[0m                                      &amp#27;[90m# Starter.Stepdefitions.Failed2SigninSteps.inputEmailWrongEmail()&amp#27;[0m
16:17:05.672 [Forwarding getPageSource on session 5de6fd151f8696168b97505e238c11ba to remote] DEBUG org.asynchttpclient.netty.request.NettyRequestSender - Using pooled Channel '[id: 0x82d989aa, L:/127.0.0.1:14998 - R:localhost/127.0.0.1:41185]' for 'POST' to 'http://localhost:41185/session/5de6fd151f8696168b97505e238c11ba/execute/sync'
16:17:05.672 [Forwarding getPageSource on session 5de6fd151f8696168b97505e238c11ba to remote] DEBUG org.asynchttpclient.netty.request.NettyRequestSender - Using open Channel [id: 0x82d989aa, L:/127.0.0.1:14998 - R:localhost/127.0.0.1:41185] for POST '/session/5de6fd151f8696168b97505e238c11ba/execute/sync'
16:17:05.676 [AsyncHttpClient-1-2] DEBUG org.asynchttpclient.netty.handler.HttpHandler - 

Request DefaultHttpRequest(decodeResult: success, version: HTTP/1.1)
POST /session/5de6fd151f8696168b97505e238c11ba/execute/sync HTTP/1.1
User-Agent: selenium/4.8.1 (java windows)
Content-Length: 176
Content-Type: application/json; charset=utf-8
host: localhost:41185
accept: */*

Response DefaultHttpResponse(decodeResult: success, version: HTTP/1.1)
HTTP/1.1 200 OK
Content-Length: 6009
Content-Type: application/json; charset=utf-8
cache-control: no-cache

16:17:05.677 [AsyncHttpClient-1-2] DEBUG org.asynchttpclient.netty.channel.ChannelManager - Adding key: http://localhost:41185 for channel [id: 0x82d989aa, L:/127.0.0.1:14998 - R:localhost/127.0.0.1:41185]
16:17:05.678 [Forwarding getCurrentUrl on session 5de6fd151f8696168b97505e238c11ba to remote] DEBUG org.asynchttpclient.netty.request.NettyRequestSender - Using pooled Channel '[id: 0x82d989aa, L:/127.0.0.1:14998 - R:localhost/127.0.0.1:41185]' for 'GET' to 'http://localhost:41185/session/5de6fd151f8696168b97505e238c11ba/url'
16:17:05.678 [Forwarding getCurrentUrl on session 5de6fd151f8696168b97505e238c11ba to remote] DEBUG org.asynchttpclient.netty.request.NettyRequestSender - Using open Channel [id: 0x82d989aa, L:/127.0.0.1:14998 - R:localhost/127.0.0.1:41185] for GET '/session/5de6fd151f8696168b97505e238c11ba/url'
16:17:05.686 [AsyncHttpClient-1-2] DEBUG org.asynchttpclient.netty.handler.HttpHandler - 

Request DefaultFullHttpRequest(decodeResult: success, version: HTTP/1.1, content: EmptyByteBufBE)
GET /session/5de6fd151f8696168b97505e238c11ba/url HTTP/1.1
User-Agent: selenium/4.8.1 (java windows)
Cache-Control: no-cache
Content-Type: application/json; charset=utf-8
host: localhost:41185
accept: */*

Response DefaultHttpResponse(decodeResult: success, version: HTTP/1.1)
HTTP/1.1 200 OK
Content-Length: 64
Content-Type: application/json; charset=utf-8
cache-control: no-cache

16:17:05.686 [AsyncHttpClient-1-2] DEBUG org.asynchttpclient.netty.channel.ChannelManager - Adding key: http://localhost:41185 for channel [id: 0x82d989aa, L:/127.0.0.1:14998 - R:localhost/127.0.0.1:41185]
16:17:05.844 [AsyncHttpClient-1-1] DEBUG org.asynchttpclient.netty.channel.DefaultChannelPool - Entry count for : http://localhost:14999 : 1
16:17:05.844 [AsyncHttpClient-1-1] DEBUG org.asynchttpclient.netty.channel.DefaultChannelPool - Entry count for : http://localhost:41185 : 1
16:17:06.582 [Forwarding getAlertText on session 5de6fd151f8696168b97505e238c11ba to remote] DEBUG org.asynchttpclient.netty.request.NettyRequestSender - Using pooled Channel '[id: 0x82d989aa, L:/127.0.0.1:14998 - R:localhost/127.0.0.1:41185]' for 'GET' to 'http://localhost:41185/session/5de6fd151f8696168b97505e238c11ba/alert/text'
16:17:06.582 [Forwarding getAlertText on session 5de6fd151f8696168b97505e238c11ba to remote] DEBUG org.asynchttpclient.netty.request.NettyRequestSender - Using open Channel [id: 0x82d989aa, L:/127.0.0.1:14998 - R:localhost/127.0.0.1:41185] for GET '/session/5de6fd151f8696168b97505e238c11ba/alert/text'
16:17:06.583 [AsyncHttpClient-1-2] DEBUG org.asynchttpclient.netty.handler.HttpHandler - 

Request DefaultFullHttpRequest(decodeResult: success, version: HTTP/1.1, content: EmptyByteBufBE)
GET /session/5de6fd151f8696168b97505e238c11ba/alert/text HTTP/1.1
User-Agent: selenium/4.8.1 (java windows)
Cache-Control: no-cache
Content-Type: application/json; charset=utf-8
host: localhost:41185
accept: */*

Response DefaultHttpResponse(decodeResult: success, version: HTTP/1.1)
HTTP/1.1 404 Not Found
Content-Length: 807
Content-Type: application/json; charset=utf-8
cache-control: no-cache

16:17:06.583 [AsyncHttpClient-1-2] DEBUG org.asynchttpclient.netty.channel.ChannelManager - Adding key: http://localhost:41185 for channel [id: 0x82d989aa, L:/127.0.0.1:14998 - R:localhost/127.0.0.1:41185]
16:17:06.584 [Forwarding getCurrentUrl on session 5de6fd151f8696168b97505e238c11ba to remote] DEBUG org.asynchttpclient.netty.request.NettyRequestSender - Using pooled Channel '[id: 0x82d989aa, L:/127.0.0.1:14998 - R:localhost/127.0.0.1:41185]' for 'GET' to 'http://localhost:41185/session/5de6fd151f8696168b97505e238c11ba/url'
16:17:06.584 [Forwarding getCurrentUrl on session 5de6fd151f8696168b97505e238c11ba to remote] DEBUG org.asynchttpclient.netty.request.NettyRequestSender - Using open Channel [id: 0x82d989aa, L:/127.0.0.1:14998 - R:localhost/127.0.0.1:41185] for GET '/session/5de6fd151f8696168b97505e238c11ba/url'
16:17:06.588 [AsyncHttpClient-1-2] DEBUG org.asynchttpclient.netty.handler.HttpHandler - 

Request DefaultFullHttpRequest(decodeResult: success, version: HTTP/1.1, content: EmptyByteBufBE)
GET /session/5de6fd151f8696168b97505e238c11ba/url HTTP/1.1
User-Agent: selenium/4.8.1 (java windows)
Cache-Control: no-cache
Content-Type: application/json; charset=utf-8
host: localhost:41185
accept: */*

Response DefaultHttpResponse(decodeResult: success, version: HTTP/1.1)
HTTP/1.1 200 OK
Content-Length: 64
Content-Type: application/json; charset=utf-8
cache-control: no-cache

16:17:06.588 [AsyncHttpClient-1-2] DEBUG org.asynchttpclient.netty.channel.ChannelManager - Adding key: http://localhost:41185 for channel [id: 0x82d989aa, L:/127.0.0.1:14998 - R:localhost/127.0.0.1:41185]
16:17:06.589 [Forwarding screenshot on session 5de6fd151f8696168b97505e238c11ba to remote] DEBUG org.asynchttpclient.netty.request.NettyRequestSender - Using pooled Channel '[id: 0x82d989aa, L:/127.0.0.1:14998 - R:localhost/127.0.0.1:41185]' for 'GET' to 'http://localhost:41185/session/5de6fd151f8696168b97505e238c11ba/screenshot'
16:17:06.589 [Forwarding screenshot on session 5de6fd151f8696168b97505e238c11ba to remote] DEBUG org.asynchttpclient.netty.request.NettyRequestSender - Using open Channel [id: 0x82d989aa, L:/127.0.0.1:14998 - R:localhost/127.0.0.1:41185] for GET '/session/5de6fd151f8696168b97505e238c11ba/screenshot'
16:17:06.685 [AsyncHttpClient-1-2] DEBUG org.asynchttpclient.netty.handler.HttpHandler - 

Request DefaultFullHttpRequest(decodeResult: success, version: HTTP/1.1, content: EmptyByteBufBE)
GET /session/5de6fd151f8696168b97505e238c11ba/screenshot HTTP/1.1
User-Agent: selenium/4.8.1 (java windows)
Cache-Control: no-cache
Content-Type: application/json; charset=utf-8
host: localhost:41185
accept: */*

Response DefaultHttpResponse(decodeResult: success, version: HTTP/1.1)
HTTP/1.1 200 OK
Content-Length: 116452
Content-Type: application/json; charset=utf-8
cache-control: no-cache

16:17:06.686 [AsyncHttpClient-1-2] DEBUG org.asynchttpclient.netty.channel.ChannelManager - Adding key: http://localhost:41185 for channel [id: 0x82d989aa, L:/127.0.0.1:14998 - R:localhost/127.0.0.1:41185]
16:17:06.695 [main] DEBUG net.serenitybdd.core.photography.Darkroom - Send negative for processing for target\site\serenity\3943ff7234b4dbbb9dbf29b23fca94b2c6cc43172251b153169a33eaf59d9b29.png
16:17:06.696 [Darkroom Processing Line] DEBUG net.serenitybdd.core.photography.DarkroomProcessingLine - Processing screenshot image in /var/screenshots/screenshot-6157169056379921595
16:17:06.696 [Darkroom Processing Line] DEBUG net.serenitybdd.core.photography.DarkroomProcessingLine - Saving screenshot to target\site\serenity\3943ff7234b4dbbb9dbf29b23fca94b2c6cc43172251b153169a33eaf59d9b29.png
16:17:06.699 [Forwarding getPageSource on session 5de6fd151f8696168b97505e238c11ba to remote] DEBUG org.asynchttpclient.netty.request.NettyRequestSender - Using pooled Channel '[id: 0x82d989aa, L:/127.0.0.1:14998 - R:localhost/127.0.0.1:41185]' for 'POST' to 'http://localhost:41185/session/5de6fd151f8696168b97505e238c11ba/execute/sync'
16:17:06.699 [Forwarding getPageSource on session 5de6fd151f8696168b97505e238c11ba to remote] DEBUG org.asynchttpclient.netty.request.NettyRequestSender - Using open Channel [id: 0x82d989aa, L:/127.0.0.1:14998 - R:localhost/127.0.0.1:41185] for POST '/session/5de6fd151f8696168b97505e238c11ba/execute/sync'
16:17:06.710 [AsyncHttpClient-1-2] DEBUG org.asynchttpclient.netty.handler.HttpHandler - 

Request DefaultHttpRequest(decodeResult: success, version: HTTP/1.1)
POST /session/5de6fd151f8696168b97505e238c11ba/execute/sync HTTP/1.1
User-Agent: selenium/4.8.1 (java windows)
Content-Length: 176
Content-Type: application/json; charset=utf-8
host: localhost:41185
accept: */*

Response DefaultHttpResponse(decodeResult: success, version: HTTP/1.1)
HTTP/1.1 200 OK
Content-Length: 6009
Content-Type: application/json; charset=utf-8
cache-control: no-cache

16:17:06.711 [AsyncHttpClient-1-2] DEBUG org.asynchttpclient.netty.channel.ChannelManager - Adding key: http://localhost:41185 for channel [id: 0x82d989aa, L:/127.0.0.1:14998 - R:localhost/127.0.0.1:41185]
16:17:06.715 [Forwarding getCurrentUrl on session 5de6fd151f8696168b97505e238c11ba to remote] DEBUG org.asynchttpclient.netty.request.NettyRequestSender - Using pooled Channel '[id: 0x82d989aa, L:/127.0.0.1:14998 - R:localhost/127.0.0.1:41185]' for 'GET' to 'http://localhost:41185/session/5de6fd151f8696168b97505e238c11ba/url'
16:17:06.716 [Forwarding getCurrentUrl on session 5de6fd151f8696168b97505e238c11ba to remote] DEBUG org.asynchttpclient.netty.request.NettyRequestSender - Using open Channel [id: 0x82d989aa, L:/127.0.0.1:14998 - R:localhost/127.0.0.1:41185] for GET '/session/5de6fd151f8696168b97505e238c11ba/url'
16:17:06.944 [AsyncHttpClient-1-1] DEBUG org.asynchttpclient.netty.channel.DefaultChannelPool - Entry count for : http://localhost:14999 : 1
16:17:08.044 [AsyncHttpClient-1-1] DEBUG org.asynchttpclient.netty.channel.DefaultChannelPool - Entry count for : http://localhost:14999 : 1
16:17:09.144 [AsyncHttpClient-1-1] DEBUG org.asynchttpclient.netty.channel.DefaultChannelPool - Entry count for : http://localhost:14999 : 1
16:17:10.243 [AsyncHttpClient-1-1] DEBUG org.asynchttpclient.netty.channel.DefaultChannelPool - Entry count for : http://localhost:14999 : 1
16:17:11.343 [AsyncHttpClient-1-1] DEBUG org.asynchttpclient.netty.channel.DefaultChannelPool - Entry count for : http://localhost:14999 : 1
16:17:12.443 [AsyncHttpClient-1-1] DEBUG org.asynchttpclient.netty.channel.DefaultChannelPool - Entry count for : http://localhost:14999 : 1
16:17:13.544 [AsyncHttpClient-1-1] DEBUG org.asynchttpclient.netty.channel.DefaultChannelPool - Entry count for : http://localhost:14999 : 1
16:17:14.148 [AsyncHttpClient-1-2] DEBUG org.asynchttpclient.netty.handler.HttpHandler - 

Request DefaultFullHttpRequest(decodeResult: success, version: HTTP/1.1, content: EmptyByteBufBE)
GET /session/5de6fd151f8696168b97505e238c11ba/url HTTP/1.1
User-Agent: selenium/4.8.1 (java windows)
Cache-Control: no-cache
Content-Type: application/json; charset=utf-8
host: localhost:41185
accept: */*

Response DefaultHttpResponse(decodeResult: success, version: HTTP/1.1)
HTTP/1.1 200 OK
Content-Length: 64
Content-Type: application/json; charset=utf-8
cache-control: no-cache

16:17:14.149 [AsyncHttpClient-1-2] DEBUG org.asynchttpclient.netty.channel.ChannelManager - Adding key: http://localhost:41185 for channel [id: 0x82d989aa, L:/127.0.0.1:14998 - R:localhost/127.0.0.1:41185]
16:17:14.190 [main] DEBUG net.thucydides.core.steps.StepInterceptor - STARTING STEP: Failed2SigninSteps.inputPasswordWrongEmail - inputPassword
16:17:14.193 [Forwarding findElement on session 5de6fd151f8696168b97505e238c11ba to remote] DEBUG org.asynchttpclient.netty.request.NettyRequestSender - Using pooled Channel '[id: 0x82d989aa, L:/127.0.0.1:14998 - R:localhost/127.0.0.1:41185]' for 'POST' to 'http://localhost:41185/session/5de6fd151f8696168b97505e238c11ba/element'
16:17:14.193 [Forwarding findElement on session 5de6fd151f8696168b97505e238c11ba to remote] DEBUG org.asynchttpclient.netty.request.NettyRequestSender - Using open Channel [id: 0x82d989aa, L:/127.0.0.1:14998 - R:localhost/127.0.0.1:41185] for POST '/session/5de6fd151f8696168b97505e238c11ba/element'
16:17:14.206 [AsyncHttpClient-1-2] DEBUG org.asynchttpclient.netty.handler.HttpHandler - 

Request DefaultHttpRequest(decodeResult: success, version: HTTP/1.1)
POST /session/5de6fd151f8696168b97505e238c11ba/element HTTP/1.1
User-Agent: selenium/4.8.1 (java windows)
Content-Length: 70
Content-Type: application/json; charset=utf-8
host: localhost:41185
accept: */*

Response DefaultHttpResponse(decodeResult: success, version: HTTP/1.1)
HTTP/1.1 200 OK
Content-Length: 95
Content-Type: application/json; charset=utf-8
cache-control: no-cache

16:17:14.207 [AsyncHttpClient-1-2] DEBUG org.asynchttpclient.netty.channel.ChannelManager - Adding key: http://localhost:41185 for channel [id: 0x82d989aa, L:/127.0.0.1:14998 - R:localhost/127.0.0.1:41185]
16:17:14.208 [Forwarding clearElement on session 5de6fd151f8696168b97505e238c11ba to remote] DEBUG org.asynchttpclient.netty.request.NettyRequestSender - Using pooled Channel '[id: 0x82d989aa, L:/127.0.0.1:14998 - R:localhost/127.0.0.1:41185]' for 'POST' to 'http://localhost:41185/session/5de6fd151f8696168b97505e238c11ba/element/FC9AD445979E12DC7CF2B4A7009773B4_element_13/clear'
16:17:14.208 [Forwarding clearElement on session 5de6fd151f8696168b97505e238c11ba to remote] DEBUG org.asynchttpclient.netty.request.NettyRequestSender - Using open Channel [id: 0x82d989aa, L:/127.0.0.1:14998 - R:localhost/127.0.0.1:41185] for POST '/session/5de6fd151f8696168b97505e238c11ba/element/FC9AD445979E12DC7CF2B4A7009773B4_element_13/clear'
16:17:14.236 [AsyncHttpClient-1-2] DEBUG org.asynchttpclient.netty.handler.HttpHandler - 

Request DefaultHttpRequest(decodeResult: success, version: HTTP/1.1)
POST /session/5de6fd151f8696168b97505e238c11ba/element/FC9AD445979E12DC7CF2B4A7009773B4_element_13/clear HTTP/1.1
User-Agent: selenium/4.8.1 (java windows)
Content-Length: 57
Content-Type: application/json; charset=utf-8
host: localhost:41185
accept: */*

Response DefaultHttpResponse(decodeResult: success, version: HTTP/1.1)
HTTP/1.1 200 OK
Content-Length: 14
Content-Type: application/json; charset=utf-8
cache-control: no-cache

16:17:14.236 [AsyncHttpClient-1-2] DEBUG org.asynchttpclient.netty.channel.ChannelManager - Adding key: http://localhost:41185 for channel [id: 0x82d989aa, L:/127.0.0.1:14998 - R:localhost/127.0.0.1:41185]
16:17:14.238 [Forwarding sendKeysToElement on session 5de6fd151f8696168b97505e238c11ba to remote] DEBUG org.asynchttpclient.netty.request.NettyRequestSender - Using pooled Channel '[id: 0x82d989aa, L:/127.0.0.1:14998 - R:localhost/127.0.0.1:41185]' for 'POST' to 'http://localhost:41185/session/5de6fd151f8696168b97505e238c11ba/element/FC9AD445979E12DC7CF2B4A7009773B4_element_13/value'
16:17:14.238 [Forwarding sendKeysToElement on session 5de6fd151f8696168b97505e238c11ba to remote] DEBUG org.asynchttpclient.netty.request.NettyRequestSender - Using open Channel [id: 0x82d989aa, L:/127.0.0.1:14998 - R:localhost/127.0.0.1:41185] for POST '/session/5de6fd151f8696168b97505e238c11ba/element/FC9AD445979E12DC7CF2B4A7009773B4_element_13/value'
16:17:14.643 [AsyncHttpClient-1-1] DEBUG org.asynchttpclient.netty.channel.DefaultChannelPool - Entry count for : http://localhost:14999 : 1
16:17:15.744 [AsyncHttpClient-1-1] DEBUG org.asynchttpclient.netty.channel.DefaultChannelPool - Entry count for : http://localhost:14999 : 1
16:17:15.851 [AsyncHttpClient-1-2] DEBUG org.asynchttpclient.netty.handler.HttpHandler - 

Request DefaultHttpRequest(decodeResult: success, version: HTTP/1.1)
POST /session/5de6fd151f8696168b97505e238c11ba/element/FC9AD445979E12DC7CF2B4A7009773B4_element_13/value HTTP/1.1
User-Agent: selenium/4.8.1 (java windows)
Content-Length: 168
Content-Type: application/json; charset=utf-8
host: localhost:41185
accept: */*

Response DefaultHttpResponse(decodeResult: success, version: HTTP/1.1)
HTTP/1.1 200 OK
Content-Length: 14
Content-Type: application/json; charset=utf-8
cache-control: no-cache

16:17:15.851 [AsyncHttpClient-1-2] DEBUG org.asynchttpclient.netty.channel.ChannelManager - Adding key: http://localhost:41185 for channel [id: 0x82d989aa, L:/127.0.0.1:14998 - R:localhost/127.0.0.1:41185]
16:17:15.859 [Forwarding getAlertText on session 5de6fd151f8696168b97505e238c11ba to remote] DEBUG org.asynchttpclient.netty.request.NettyRequestSender - Using pooled Channel '[id: 0x82d989aa, L:/127.0.0.1:14998 - R:localhost/127.0.0.1:41185]' for 'GET' to 'http://localhost:41185/session/5de6fd151f8696168b97505e238c11ba/alert/text'
16:17:15.859 [Forwarding getAlertText on session 5de6fd151f8696168b97505e238c11ba to remote] DEBUG org.asynchttpclient.netty.request.NettyRequestSender - Using open Channel [id: 0x82d989aa, L:/127.0.0.1:14998 - R:localhost/127.0.0.1:41185] for GET '/session/5de6fd151f8696168b97505e238c11ba/alert/text'
16:17:15.861 [AsyncHttpClient-1-2] DEBUG org.asynchttpclient.netty.handler.HttpHandler - 

Request DefaultFullHttpRequest(decodeResult: success, version: HTTP/1.1, content: EmptyByteBufBE)
GET /session/5de6fd151f8696168b97505e238c11ba/alert/text HTTP/1.1
User-Agent: selenium/4.8.1 (java windows)
Cache-Control: no-cache
Content-Type: application/json; charset=utf-8
host: localhost:41185
accept: */*

Response DefaultHttpResponse(decodeResult: success, version: HTTP/1.1)
HTTP/1.1 404 Not Found
Content-Length: 807
Content-Type: application/json; charset=utf-8
cache-control: no-cache

16:17:15.861 [AsyncHttpClient-1-2] DEBUG org.asynchttpclient.netty.channel.ChannelManager - Adding key: http://localhost:41185 for channel [id: 0x82d989aa, L:/127.0.0.1:14998 - R:localhost/127.0.0.1:41185]
16:17:15.862 [Forwarding getCurrentUrl on session 5de6fd151f8696168b97505e238c11ba to remote] DEBUG org.asynchttpclient.netty.request.NettyRequestSender - Using pooled Channel '[id: 0x82d989aa, L:/127.0.0.1:14998 - R:localhost/127.0.0.1:41185]' for 'GET' to 'http://localhost:41185/session/5de6fd151f8696168b97505e238c11ba/url'
16:17:15.862 [Forwarding getCurrentUrl on session 5de6fd151f8696168b97505e238c11ba to remote] DEBUG org.asynchttpclient.netty.request.NettyRequestSender - Using open Channel [id: 0x82d989aa, L:/127.0.0.1:14998 - R:localhost/127.0.0.1:41185] for GET '/session/5de6fd151f8696168b97505e238c11ba/url'
16:17:15.867 [AsyncHttpClient-1-2] DEBUG org.asynchttpclient.netty.handler.HttpHandler - 

Request DefaultFullHttpRequest(decodeResult: success, version: HTTP/1.1, content: EmptyByteBufBE)
GET /session/5de6fd151f8696168b97505e238c11ba/url HTTP/1.1
User-Agent: selenium/4.8.1 (java windows)
Cache-Control: no-cache
Content-Type: application/json; charset=utf-8
host: localhost:41185
accept: */*

Response DefaultHttpResponse(decodeResult: success, version: HTTP/1.1)
HTTP/1.1 200 OK
Content-Length: 64
Content-Type: application/json; charset=utf-8
cache-control: no-cache

16:17:15.867 [AsyncHttpClient-1-2] DEBUG org.asynchttpclient.netty.channel.ChannelManager - Adding key: http://localhost:41185 for channel [id: 0x82d989aa, L:/127.0.0.1:14998 - R:localhost/127.0.0.1:41185]
16:17:15.868 [Forwarding screenshot on session 5de6fd151f8696168b97505e238c11ba to remote] DEBUG org.asynchttpclient.netty.request.NettyRequestSender - Using pooled Channel '[id: 0x82d989aa, L:/127.0.0.1:14998 - R:localhost/127.0.0.1:41185]' for 'GET' to 'http://localhost:41185/session/5de6fd151f8696168b97505e238c11ba/screenshot'
16:17:15.868 [Forwarding screenshot on session 5de6fd151f8696168b97505e238c11ba to remote] DEBUG org.asynchttpclient.netty.request.NettyRequestSender - Using open Channel [id: 0x82d989aa, L:/127.0.0.1:14998 - R:localhost/127.0.0.1:41185] for GET '/session/5de6fd151f8696168b97505e238c11ba/screenshot'
16:17:15.967 [AsyncHttpClient-1-2] DEBUG org.asynchttpclient.netty.handler.HttpHandler - 

Request DefaultFullHttpRequest(decodeResult: success, version: HTTP/1.1, content: EmptyByteBufBE)
GET /session/5de6fd151f8696168b97505e238c11ba/screenshot HTTP/1.1
User-Agent: selenium/4.8.1 (java windows)
Cache-Control: no-cache
Content-Type: application/json; charset=utf-8
host: localhost:41185
accept: */*

Response DefaultHttpResponse(decodeResult: success, version: HTTP/1.1)
HTTP/1.1 200 OK
Content-Length: 124336
Content-Type: application/json; charset=utf-8
cache-control: no-cache

16:17:15.967 [AsyncHttpClient-1-2] DEBUG org.asynchttpclient.netty.channel.ChannelManager - Adding key: http://localhost:41185 for channel [id: 0x82d989aa, L:/127.0.0.1:14998 - R:localhost/127.0.0.1:41185]
16:17:15.973 [main] DEBUG net.serenitybdd.core.photography.Darkroom - Send negative for processing for target\site\serenity\82999a20f622ee6e4ba86cd397bcdba9e46ef6c7b1cebe1c76534577854518a0.png
16:17:15.973 [main] DEBUG net.thucydides.core.steps.StepInterceptor - STEP DONE: inputPassword
  &amp#27;[32mAnd &amp#27;[0m&amp#27;[32mI input password wrong email&amp#27;[0m                                    &amp#27;[90m# Starter.Stepdefitions.Failed2SigninSteps.inputPasswordWrongEmail()&amp#27;[0m
16:17:15.973 [Darkroom Processing Line] DEBUG net.serenitybdd.core.photography.DarkroomProcessingLine - Processing screenshot image in /var/screenshots/screenshot-5683897701028535375
16:17:15.973 [Darkroom Processing Line] DEBUG net.serenitybdd.core.photography.DarkroomProcessingLine - Saving screenshot to target\site\serenity\82999a20f622ee6e4ba86cd397bcdba9e46ef6c7b1cebe1c76534577854518a0.png
16:17:15.984 [Forwarding getPageSource on session 5de6fd151f8696168b97505e238c11ba to remote] DEBUG org.asynchttpclient.netty.request.NettyRequestSender - Using pooled Channel '[id: 0x82d989aa, L:/127.0.0.1:14998 - R:localhost/127.0.0.1:41185]' for 'POST' to 'http://localhost:41185/session/5de6fd151f8696168b97505e238c11ba/execute/sync'
16:17:15.984 [Forwarding getPageSource on session 5de6fd151f8696168b97505e238c11ba to remote] DEBUG org.asynchttpclient.netty.request.NettyRequestSender - Using open Channel [id: 0x82d989aa, L:/127.0.0.1:14998 - R:localhost/127.0.0.1:41185] for POST '/session/5de6fd151f8696168b97505e238c11ba/execute/sync'
16:17:15.989 [AsyncHttpClient-1-2] DEBUG org.asynchttpclient.netty.handler.HttpHandler - 

Request DefaultHttpRequest(decodeResult: success, version: HTTP/1.1)
POST /session/5de6fd151f8696168b97505e238c11ba/execute/sync HTTP/1.1
User-Agent: selenium/4.8.1 (java windows)
Content-Length: 176
Content-Type: application/json; charset=utf-8
host: localhost:41185
accept: */*

Response DefaultHttpResponse(decodeResult: success, version: HTTP/1.1)
HTTP/1.1 200 OK
Content-Length: 6089
Content-Type: application/json; charset=utf-8
cache-control: no-cache

16:17:15.989 [AsyncHttpClient-1-2] DEBUG org.asynchttpclient.netty.channel.ChannelManager - Adding key: http://localhost:41185 for channel [id: 0x82d989aa, L:/127.0.0.1:14998 - R:localhost/127.0.0.1:41185]
16:17:15.991 [Forwarding getCurrentUrl on session 5de6fd151f8696168b97505e238c11ba to remote] DEBUG org.asynchttpclient.netty.request.NettyRequestSender - Using pooled Channel '[id: 0x82d989aa, L:/127.0.0.1:14998 - R:localhost/127.0.0.1:41185]' for 'GET' to 'http://localhost:41185/session/5de6fd151f8696168b97505e238c11ba/url'
16:17:15.991 [Forwarding getCurrentUrl on session 5de6fd151f8696168b97505e238c11ba to remote] DEBUG org.asynchttpclient.netty.request.NettyRequestSender - Using open Channel [id: 0x82d989aa, L:/127.0.0.1:14998 - R:localhost/127.0.0.1:41185] for GET '/session/5de6fd151f8696168b97505e238c11ba/url'
16:17:15.995 [AsyncHttpClient-1-2] DEBUG org.asynchttpclient.netty.handler.HttpHandler - 

Request DefaultFullHttpRequest(decodeResult: success, version: HTTP/1.1, content: EmptyByteBufBE)
GET /session/5de6fd151f8696168b97505e238c11ba/url HTTP/1.1
User-Agent: selenium/4.8.1 (java windows)
Cache-Control: no-cache
Content-Type: application/json; charset=utf-8
host: localhost:41185
accept: */*

Response DefaultHttpResponse(decodeResult: success, version: HTTP/1.1)
HTTP/1.1 200 OK
Content-Length: 64
Content-Type: application/json; charset=utf-8
cache-control: no-cache

16:17:15.995 [AsyncHttpClient-1-2] DEBUG org.asynchttpclient.netty.channel.ChannelManager - Adding key: http://localhost:41185 for channel [id: 0x82d989aa, L:/127.0.0.1:14998 - R:localhost/127.0.0.1:41185]
16:17:16.004 [Forwarding getPageSource on session 5de6fd151f8696168b97505e238c11ba to remote] DEBUG org.asynchttpclient.netty.request.NettyRequestSender - Using pooled Channel '[id: 0x82d989aa, L:/127.0.0.1:14998 - R:localhost/127.0.0.1:41185]' for 'POST' to 'http://localhost:41185/session/5de6fd151f8696168b97505e238c11ba/execute/sync'
16:17:16.005 [Forwarding getPageSource on session 5de6fd151f8696168b97505e238c11ba to remote] DEBUG org.asynchttpclient.netty.request.NettyRequestSender - Using open Channel [id: 0x82d989aa, L:/127.0.0.1:14998 - R:localhost/127.0.0.1:41185] for POST '/session/5de6fd151f8696168b97505e238c11ba/execute/sync'
16:17:16.009 [AsyncHttpClient-1-2] DEBUG org.asynchttpclient.netty.handler.HttpHandler - 

Request DefaultHttpRequest(decodeResult: success, version: HTTP/1.1)
POST /session/5de6fd151f8696168b97505e238c11ba/execute/sync HTTP/1.1
User-Agent: selenium/4.8.1 (java windows)
Content-Length: 176
Content-Type: application/json; charset=utf-8
host: localhost:41185
accept: */*

Response DefaultHttpResponse(decodeResult: success, version: HTTP/1.1)
HTTP/1.1 200 OK
Content-Length: 6089
Content-Type: application/json; charset=utf-8
cache-control: no-cache

16:17:16.009 [AsyncHttpClient-1-2] DEBUG org.asynchttpclient.netty.channel.ChannelManager - Adding key: http://localhost:41185 for channel [id: 0x82d989aa, L:/127.0.0.1:14998 - R:localhost/127.0.0.1:41185]
16:17:16.011 [Forwarding getCurrentUrl on session 5de6fd151f8696168b97505e238c11ba to remote] DEBUG org.asynchttpclient.netty.request.NettyRequestSender - Using pooled Channel '[id: 0x82d989aa, L:/127.0.0.1:14998 - R:localhost/127.0.0.1:41185]' for 'GET' to 'http://localhost:41185/session/5de6fd151f8696168b97505e238c11ba/url'
16:17:16.011 [Forwarding getCurrentUrl on session 5de6fd151f8696168b97505e238c11ba to remote] DEBUG org.asynchttpclient.netty.request.NettyRequestSender - Using open Channel [id: 0x82d989aa, L:/127.0.0.1:14998 - R:localhost/127.0.0.1:41185] for GET '/session/5de6fd151f8696168b97505e238c11ba/url'
16:17:16.015 [AsyncHttpClient-1-2] DEBUG org.asynchttpclient.netty.handler.HttpHandler - 

Request DefaultFullHttpRequest(decodeResult: success, version: HTTP/1.1, content: EmptyByteBufBE)
GET /session/5de6fd151f8696168b97505e238c11ba/url HTTP/1.1
User-Agent: selenium/4.8.1 (java windows)
Cache-Control: no-cache
Content-Type: application/json; charset=utf-8
host: localhost:41185
accept: */*

Response DefaultHttpResponse(decodeResult: success, version: HTTP/1.1)
HTTP/1.1 200 OK
Content-Length: 64
Content-Type: application/json; charset=utf-8
cache-control: no-cache

16:17:16.015 [AsyncHttpClient-1-2] DEBUG org.asynchttpclient.netty.channel.ChannelManager - Adding key: http://localhost:41185 for channel [id: 0x82d989aa, L:/127.0.0.1:14998 - R:localhost/127.0.0.1:41185]
16:17:16.221 [main] DEBUG net.thucydides.core.steps.StepInterceptor - STARTING STEP: Failed2SigninSteps.clickLoginWrongEmail - clickLoginButton
16:17:16.226 [Forwarding findElement on session 5de6fd151f8696168b97505e238c11ba to remote] DEBUG org.asynchttpclient.netty.request.NettyRequestSender - Using pooled Channel '[id: 0x82d989aa, L:/127.0.0.1:14998 - R:localhost/127.0.0.1:41185]' for 'POST' to 'http://localhost:41185/session/5de6fd151f8696168b97505e238c11ba/element'
16:17:16.226 [Forwarding findElement on session 5de6fd151f8696168b97505e238c11ba to remote] DEBUG org.asynchttpclient.netty.request.NettyRequestSender - Using open Channel [id: 0x82d989aa, L:/127.0.0.1:14998 - R:localhost/127.0.0.1:41185] for POST '/session/5de6fd151f8696168b97505e238c11ba/element'
16:17:16.238 [AsyncHttpClient-1-2] DEBUG org.asynchttpclient.netty.handler.HttpHandler - 

Request DefaultHttpRequest(decodeResult: success, version: HTTP/1.1)
POST /session/5de6fd151f8696168b97505e238c11ba/element HTTP/1.1
User-Agent: selenium/4.8.1 (java windows)
Content-Length: 69
Content-Type: application/json; charset=utf-8
host: localhost:41185
accept: */*

Response DefaultHttpResponse(decodeResult: success, version: HTTP/1.1)
HTTP/1.1 200 OK
Content-Length: 95
Content-Type: application/json; charset=utf-8
cache-control: no-cache

16:17:16.238 [AsyncHttpClient-1-2] DEBUG org.asynchttpclient.netty.channel.ChannelManager - Adding key: http://localhost:41185 for channel [id: 0x82d989aa, L:/127.0.0.1:14998 - R:localhost/127.0.0.1:41185]
16:17:16.239 [Forwarding getElementTagName on session 5de6fd151f8696168b97505e238c11ba to remote] DEBUG org.asynchttpclient.netty.request.NettyRequestSender - Using pooled Channel '[id: 0x82d989aa, L:/127.0.0.1:14998 - R:localhost/127.0.0.1:41185]' for 'GET' to 'http://localhost:41185/session/5de6fd151f8696168b97505e238c11ba/element/FC9AD445979E12DC7CF2B4A7009773B4_element_18/name'
16:17:16.239 [Forwarding getElementTagName on session 5de6fd151f8696168b97505e238c11ba to remote] DEBUG org.asynchttpclient.netty.request.NettyRequestSender - Using open Channel [id: 0x82d989aa, L:/127.0.0.1:14998 - R:localhost/127.0.0.1:41185] for GET '/session/5de6fd151f8696168b97505e238c11ba/element/FC9AD445979E12DC7CF2B4A7009773B4_element_18/name'
16:17:16.245 [AsyncHttpClient-1-2] DEBUG org.asynchttpclient.netty.handler.HttpHandler - 

Request DefaultFullHttpRequest(decodeResult: success, version: HTTP/1.1, content: EmptyByteBufBE)
GET /session/5de6fd151f8696168b97505e238c11ba/element/FC9AD445979E12DC7CF2B4A7009773B4_element_18/name HTTP/1.1
User-Agent: selenium/4.8.1 (java windows)
Cache-Control: no-cache
Content-Type: application/json; charset=utf-8
host: localhost:41185
accept: */*

Response DefaultHttpResponse(decodeResult: success, version: HTTP/1.1)
HTTP/1.1 200 OK
Content-Length: 18
Content-Type: application/json; charset=utf-8
cache-control: no-cache

16:17:16.245 [AsyncHttpClient-1-2] DEBUG org.asynchttpclient.netty.channel.ChannelManager - Adding key: http://localhost:41185 for channel [id: 0x82d989aa, L:/127.0.0.1:14998 - R:localhost/127.0.0.1:41185]
16:17:16.247 [Forwarding getElementTagName on session 5de6fd151f8696168b97505e238c11ba to remote] DEBUG org.asynchttpclient.netty.request.NettyRequestSender - Using pooled Channel '[id: 0x82d989aa, L:/127.0.0.1:14998 - R:localhost/127.0.0.1:41185]' for 'GET' to 'http://localhost:41185/session/5de6fd151f8696168b97505e238c11ba/element/FC9AD445979E12DC7CF2B4A7009773B4_element_18/name'
16:17:16.247 [Forwarding getElementTagName on session 5de6fd151f8696168b97505e238c11ba to remote] DEBUG org.asynchttpclient.netty.request.NettyRequestSender - Using open Channel [id: 0x82d989aa, L:/127.0.0.1:14998 - R:localhost/127.0.0.1:41185] for GET '/session/5de6fd151f8696168b97505e238c11ba/element/FC9AD445979E12DC7CF2B4A7009773B4_element_18/name'
16:17:16.252 [AsyncHttpClient-1-2] DEBUG org.asynchttpclient.netty.handler.HttpHandler - 

Request DefaultFullHttpRequest(decodeResult: success, version: HTTP/1.1, content: EmptyByteBufBE)
GET /session/5de6fd151f8696168b97505e238c11ba/element/FC9AD445979E12DC7CF2B4A7009773B4_element_18/name HTTP/1.1
User-Agent: selenium/4.8.1 (java windows)
Cache-Control: no-cache
Content-Type: application/json; charset=utf-8
host: localhost:41185
accept: */*

Response DefaultHttpResponse(decodeResult: success, version: HTTP/1.1)
HTTP/1.1 200 OK
Content-Length: 18
Content-Type: application/json; charset=utf-8
cache-control: no-cache

16:17:16.255 [AsyncHttpClient-1-2] DEBUG org.asynchttpclient.netty.channel.ChannelManager - Adding key: http://localhost:41185 for channel [id: 0x82d989aa, L:/127.0.0.1:14998 - R:localhost/127.0.0.1:41185]
16:17:16.258 [Forwarding isElementEnabled on session 5de6fd151f8696168b97505e238c11ba to remote] DEBUG org.asynchttpclient.netty.request.NettyRequestSender - Using pooled Channel '[id: 0x82d989aa, L:/127.0.0.1:14998 - R:localhost/127.0.0.1:41185]' for 'GET' to 'http://localhost:41185/session/5de6fd151f8696168b97505e238c11ba/element/FC9AD445979E12DC7CF2B4A7009773B4_element_18/enabled'
16:17:16.258 [Forwarding isElementEnabled on session 5de6fd151f8696168b97505e238c11ba to remote] DEBUG org.asynchttpclient.netty.request.NettyRequestSender - Using open Channel [id: 0x82d989aa, L:/127.0.0.1:14998 - R:localhost/127.0.0.1:41185] for GET '/session/5de6fd151f8696168b97505e238c11ba/element/FC9AD445979E12DC7CF2B4A7009773B4_element_18/enabled'
16:17:16.265 [AsyncHttpClient-1-2] DEBUG org.asynchttpclient.netty.handler.HttpHandler - 

Request DefaultFullHttpRequest(decodeResult: success, version: HTTP/1.1, content: EmptyByteBufBE)
GET /session/5de6fd151f8696168b97505e238c11ba/element/FC9AD445979E12DC7CF2B4A7009773B4_element_18/enabled HTTP/1.1
User-Agent: selenium/4.8.1 (java windows)
Cache-Control: no-cache
Content-Type: application/json; charset=utf-8
host: localhost:41185
accept: */*

Response DefaultHttpResponse(decodeResult: success, version: HTTP/1.1)
HTTP/1.1 200 OK
Content-Length: 14
Content-Type: application/json; charset=utf-8
cache-control: no-cache

16:17:16.265 [AsyncHttpClient-1-2] DEBUG org.asynchttpclient.netty.channel.ChannelManager - Adding key: http://localhost:41185 for channel [id: 0x82d989aa, L:/127.0.0.1:14998 - R:localhost/127.0.0.1:41185]
16:17:16.266 [Forwarding isElementEnabled on session 5de6fd151f8696168b97505e238c11ba to remote] DEBUG org.asynchttpclient.netty.request.NettyRequestSender - Using pooled Channel '[id: 0x82d989aa, L:/127.0.0.1:14998 - R:localhost/127.0.0.1:41185]' for 'GET' to 'http://localhost:41185/session/5de6fd151f8696168b97505e238c11ba/element/FC9AD445979E12DC7CF2B4A7009773B4_element_18/enabled'
16:17:16.266 [Forwarding isElementEnabled on session 5de6fd151f8696168b97505e238c11ba to remote] DEBUG org.asynchttpclient.netty.request.NettyRequestSender - Using open Channel [id: 0x82d989aa, L:/127.0.0.1:14998 - R:localhost/127.0.0.1:41185] for GET '/session/5de6fd151f8696168b97505e238c11ba/element/FC9AD445979E12DC7CF2B4A7009773B4_element_18/enabled'
16:17:16.272 [AsyncHttpClient-1-2] DEBUG org.asynchttpclient.netty.handler.HttpHandler - 

Request DefaultFullHttpRequest(decodeResult: success, version: HTTP/1.1, content: EmptyByteBufBE)
GET /session/5de6fd151f8696168b97505e238c11ba/element/FC9AD445979E12DC7CF2B4A7009773B4_element_18/enabled HTTP/1.1
User-Agent: selenium/4.8.1 (java windows)
Cache-Control: no-cache
Content-Type: application/json; charset=utf-8
host: localhost:41185
accept: */*

Response DefaultHttpResponse(decodeResult: success, version: HTTP/1.1)
HTTP/1.1 200 OK
Content-Length: 14
Content-Type: application/json; charset=utf-8
cache-control: no-cache

16:17:16.272 [AsyncHttpClient-1-2] DEBUG org.asynchttpclient.netty.channel.ChannelManager - Adding key: http://localhost:41185 for channel [id: 0x82d989aa, L:/127.0.0.1:14998 - R:localhost/127.0.0.1:41185]
16:17:16.274 [Forwarding findElement on session 5de6fd151f8696168b97505e238c11ba to remote] DEBUG org.asynchttpclient.netty.request.NettyRequestSender - Using pooled Channel '[id: 0x82d989aa, L:/127.0.0.1:14998 - R:localhost/127.0.0.1:41185]' for 'POST' to 'http://localhost:41185/session/5de6fd151f8696168b97505e238c11ba/element'
16:17:16.274 [Forwarding findElement on session 5de6fd151f8696168b97505e238c11ba to remote] DEBUG org.asynchttpclient.netty.request.NettyRequestSender - Using open Channel [id: 0x82d989aa, L:/127.0.0.1:14998 - R:localhost/127.0.0.1:41185] for POST '/session/5de6fd151f8696168b97505e238c11ba/element'
16:17:16.283 [AsyncHttpClient-1-2] DEBUG org.asynchttpclient.netty.handler.HttpHandler - 

Request DefaultHttpRequest(decodeResult: success, version: HTTP/1.1)
POST /session/5de6fd151f8696168b97505e238c11ba/element HTTP/1.1
User-Agent: selenium/4.8.1 (java windows)
Content-Length: 69
Content-Type: application/json; charset=utf-8
host: localhost:41185
accept: */*

Response DefaultHttpResponse(decodeResult: success, version: HTTP/1.1)
HTTP/1.1 200 OK
Content-Length: 95
Content-Type: application/json; charset=utf-8
cache-control: no-cache

16:17:16.283 [AsyncHttpClient-1-2] DEBUG org.asynchttpclient.netty.channel.ChannelManager - Adding key: http://localhost:41185 for channel [id: 0x82d989aa, L:/127.0.0.1:14998 - R:localhost/127.0.0.1:41185]
16:17:16.284 [Forwarding clickElement on session 5de6fd151f8696168b97505e238c11ba to remote] DEBUG org.asynchttpclient.netty.request.NettyRequestSender - Using pooled Channel '[id: 0x82d989aa, L:/127.0.0.1:14998 - R:localhost/127.0.0.1:41185]' for 'POST' to 'http://localhost:41185/session/5de6fd151f8696168b97505e238c11ba/element/FC9AD445979E12DC7CF2B4A7009773B4_element_18/click'
16:17:16.284 [Forwarding clickElement on session 5de6fd151f8696168b97505e238c11ba to remote] DEBUG org.asynchttpclient.netty.request.NettyRequestSender - Using open Channel [id: 0x82d989aa, L:/127.0.0.1:14998 - R:localhost/127.0.0.1:41185] for POST '/session/5de6fd151f8696168b97505e238c11ba/element/FC9AD445979E12DC7CF2B4A7009773B4_element_18/click'
16:17:16.346 [AsyncHttpClient-1-2] DEBUG org.asynchttpclient.netty.handler.HttpHandler - 

Request DefaultHttpRequest(decodeResult: success, version: HTTP/1.1)
POST /session/5de6fd151f8696168b97505e238c11ba/element/FC9AD445979E12DC7CF2B4A7009773B4_element_18/click HTTP/1.1
User-Agent: selenium/4.8.1 (java windows)
Content-Length: 57
Content-Type: application/json; charset=utf-8
host: localhost:41185
accept: */*

Response DefaultHttpResponse(decodeResult: success, version: HTTP/1.1)
HTTP/1.1 200 OK
Content-Length: 14
Content-Type: application/json; charset=utf-8
cache-control: no-cache

16:17:16.346 [AsyncHttpClient-1-2] DEBUG org.asynchttpclient.netty.channel.ChannelManager - Adding key: http://localhost:41185 for channel [id: 0x82d989aa, L:/127.0.0.1:14998 - R:localhost/127.0.0.1:41185]
16:17:16.358 [Forwarding getAlertText on session 5de6fd151f8696168b97505e238c11ba to remote] DEBUG org.asynchttpclient.netty.request.NettyRequestSender - Using pooled Channel '[id: 0x82d989aa, L:/127.0.0.1:14998 - R:localhost/127.0.0.1:41185]' for 'GET' to 'http://localhost:41185/session/5de6fd151f8696168b97505e238c11ba/alert/text'
16:17:16.359 [Forwarding getAlertText on session 5de6fd151f8696168b97505e238c11ba to remote] DEBUG org.asynchttpclient.netty.request.NettyRequestSender - Using open Channel [id: 0x82d989aa, L:/127.0.0.1:14998 - R:localhost/127.0.0.1:41185] for GET '/session/5de6fd151f8696168b97505e238c11ba/alert/text'
16:17:16.361 [AsyncHttpClient-1-2] DEBUG org.asynchttpclient.netty.handler.HttpHandler - 

Request DefaultFullHttpRequest(decodeResult: success, version: HTTP/1.1, content: EmptyByteBufBE)
GET /session/5de6fd151f8696168b97505e238c11ba/alert/text HTTP/1.1
User-Agent: selenium/4.8.1 (java windows)
Cache-Control: no-cache
Content-Type: application/json; charset=utf-8
host: localhost:41185
accept: */*

Response DefaultHttpResponse(decodeResult: success, version: HTTP/1.1)
HTTP/1.1 404 Not Found
Content-Length: 807
Content-Type: application/json; charset=utf-8
cache-control: no-cache

16:17:16.361 [AsyncHttpClient-1-2] DEBUG org.asynchttpclient.netty.channel.ChannelManager - Adding key: http://localhost:41185 for channel [id: 0x82d989aa, L:/127.0.0.1:14998 - R:localhost/127.0.0.1:41185]
16:17:16.363 [Forwarding getCurrentUrl on session 5de6fd151f8696168b97505e238c11ba to remote] DEBUG org.asynchttpclient.netty.request.NettyRequestSender - Using pooled Channel '[id: 0x82d989aa, L:/127.0.0.1:14998 - R:localhost/127.0.0.1:41185]' for 'GET' to 'http://localhost:41185/session/5de6fd151f8696168b97505e238c11ba/url'
16:17:16.363 [Forwarding getCurrentUrl on session 5de6fd151f8696168b97505e238c11ba to remote] DEBUG org.asynchttpclient.netty.request.NettyRequestSender - Using open Channel [id: 0x82d989aa, L:/127.0.0.1:14998 - R:localhost/127.0.0.1:41185] for GET '/session/5de6fd151f8696168b97505e238c11ba/url'
16:17:16.368 [AsyncHttpClient-1-2] DEBUG org.asynchttpclient.netty.handler.HttpHandler - 

Request DefaultFullHttpRequest(decodeResult: success, version: HTTP/1.1, content: EmptyByteBufBE)
GET /session/5de6fd151f8696168b97505e238c11ba/url HTTP/1.1
User-Agent: selenium/4.8.1 (java windows)
Cache-Control: no-cache
Content-Type: application/json; charset=utf-8
host: localhost:41185
accept: */*

Response DefaultHttpResponse(decodeResult: success, version: HTTP/1.1)
HTTP/1.1 200 OK
Content-Length: 64
Content-Type: application/json; charset=utf-8
cache-control: no-cache

16:17:16.368 [AsyncHttpClient-1-2] DEBUG org.asynchttpclient.netty.channel.ChannelManager - Adding key: http://localhost:41185 for channel [id: 0x82d989aa, L:/127.0.0.1:14998 - R:localhost/127.0.0.1:41185]
16:17:16.369 [Forwarding screenshot on session 5de6fd151f8696168b97505e238c11ba to remote] DEBUG org.asynchttpclient.netty.request.NettyRequestSender - Using pooled Channel '[id: 0x82d989aa, L:/127.0.0.1:14998 - R:localhost/127.0.0.1:41185]' for 'GET' to 'http://localhost:41185/session/5de6fd151f8696168b97505e238c11ba/screenshot'
16:17:16.369 [Forwarding screenshot on session 5de6fd151f8696168b97505e238c11ba to remote] DEBUG org.asynchttpclient.netty.request.NettyRequestSender - Using open Channel [id: 0x82d989aa, L:/127.0.0.1:14998 - R:localhost/127.0.0.1:41185] for GET '/session/5de6fd151f8696168b97505e238c11ba/screenshot'
16:17:16.843 [AsyncHttpClient-1-1] DEBUG org.asynchttpclient.netty.channel.DefaultChannelPool - Entry count for : http://localhost:14999 : 1
16:17:16.913 [AsyncHttpClient-1-2] DEBUG org.asynchttpclient.netty.handler.HttpHandler - 

Request DefaultFullHttpRequest(decodeResult: success, version: HTTP/1.1, content: EmptyByteBufBE)
GET /session/5de6fd151f8696168b97505e238c11ba/screenshot HTTP/1.1
User-Agent: selenium/4.8.1 (java windows)
Cache-Control: no-cache
Content-Type: application/json; charset=utf-8
host: localhost:41185
accept: */*

Response DefaultHttpResponse(decodeResult: success, version: HTTP/1.1)
HTTP/1.1 200 OK
Content-Length: 128164
Content-Type: application/json; charset=utf-8
cache-control: no-cache

16:17:16.913 [AsyncHttpClient-1-2] DEBUG org.asynchttpclient.netty.channel.ChannelManager - Adding key: http://localhost:41185 for channel [id: 0x82d989aa, L:/127.0.0.1:14998 - R:localhost/127.0.0.1:41185]
16:17:16.921 [main] DEBUG net.serenitybdd.core.photography.Darkroom - Send negative for processing for target\site\serenity\acfea99cf0a145d1fd14753a1112973634d727936a91acba529afa474930b5b4.png
16:17:16.923 [main] DEBUG net.thucydides.core.steps.StepInterceptor - STEP DONE: clickLoginButton
16:17:16.923 [Darkroom Processing Line] DEBUG net.serenitybdd.core.photography.DarkroomProcessingLine - Processing screenshot image in /var/screenshots/screenshot-2554892377795916837
16:17:16.923 [Darkroom Processing Line] DEBUG net.serenitybdd.core.photography.DarkroomProcessingLine - Saving screenshot to target\site\serenity\acfea99cf0a145d1fd14753a1112973634d727936a91acba529afa474930b5b4.png
  &amp#27;[32mAnd &amp#27;[0m&amp#27;[32mI click sign in wrong email&amp#27;[0m                                     &amp#27;[90m# Starter.Stepdefitions.Failed2SigninSteps.clickLoginWrongEmail()&amp#27;[0m
16:17:16.934 [Forwarding getPageSource on session 5de6fd151f8696168b97505e238c11ba to remote] DEBUG org.asynchttpclient.netty.request.NettyRequestSender - Using pooled Channel '[id: 0x82d989aa, L:/127.0.0.1:14998 - R:localhost/127.0.0.1:41185]' for 'POST' to 'http://localhost:41185/session/5de6fd151f8696168b97505e238c11ba/execute/sync'
16:17:16.934 [Forwarding getPageSource on session 5de6fd151f8696168b97505e238c11ba to remote] DEBUG org.asynchttpclient.netty.request.NettyRequestSender - Using open Channel [id: 0x82d989aa, L:/127.0.0.1:14998 - R:localhost/127.0.0.1:41185] for POST '/session/5de6fd151f8696168b97505e238c11ba/execute/sync'
16:17:16.943 [AsyncHttpClient-1-2] DEBUG org.asynchttpclient.netty.handler.HttpHandler - 

Request DefaultHttpRequest(decodeResult: success, version: HTTP/1.1)
POST /session/5de6fd151f8696168b97505e238c11ba/execute/sync HTTP/1.1
User-Agent: selenium/4.8.1 (java windows)
Content-Length: 176
Content-Type: application/json; charset=utf-8
host: localhost:41185
accept: */*

Response DefaultHttpResponse(decodeResult: success, version: HTTP/1.1)
HTTP/1.1 200 OK
Content-Length: 6089
Content-Type: application/json; charset=utf-8
cache-control: no-cache

16:17:16.944 [AsyncHttpClient-1-2] DEBUG org.asynchttpclient.netty.channel.ChannelManager - Adding key: http://localhost:41185 for channel [id: 0x82d989aa, L:/127.0.0.1:14998 - R:localhost/127.0.0.1:41185]
16:17:16.946 [Forwarding getCurrentUrl on session 5de6fd151f8696168b97505e238c11ba to remote] DEBUG org.asynchttpclient.netty.request.NettyRequestSender - Using pooled Channel '[id: 0x82d989aa, L:/127.0.0.1:14998 - R:localhost/127.0.0.1:41185]' for 'GET' to 'http://localhost:41185/session/5de6fd151f8696168b97505e238c11ba/url'
16:17:16.946 [Forwarding getCurrentUrl on session 5de6fd151f8696168b97505e238c11ba to remote] DEBUG org.asynchttpclient.netty.request.NettyRequestSender - Using open Channel [id: 0x82d989aa, L:/127.0.0.1:14998 - R:localhost/127.0.0.1:41185] for GET '/session/5de6fd151f8696168b97505e238c11ba/url'
16:17:16.951 [AsyncHttpClient-1-2] DEBUG org.asynchttpclient.netty.handler.HttpHandler - 

Request DefaultFullHttpRequest(decodeResult: success, version: HTTP/1.1, content: EmptyByteBufBE)
GET /session/5de6fd151f8696168b97505e238c11ba/url HTTP/1.1
User-Agent: selenium/4.8.1 (java windows)
Cache-Control: no-cache
Content-Type: application/json; charset=utf-8
host: localhost:41185
accept: */*

Response DefaultHttpResponse(decodeResult: success, version: HTTP/1.1)
HTTP/1.1 200 OK
Content-Length: 64
Content-Type: application/json; charset=utf-8
cache-control: no-cache

16:17:16.951 [AsyncHttpClient-1-2] DEBUG org.asynchttpclient.netty.channel.ChannelManager - Adding key: http://localhost:41185 for channel [id: 0x82d989aa, L:/127.0.0.1:14998 - R:localhost/127.0.0.1:41185]
16:17:17.015 [Forwarding getAlertText on session 5de6fd151f8696168b97505e238c11ba to remote] DEBUG org.asynchttpclient.netty.request.NettyRequestSender - Using pooled Channel '[id: 0x82d989aa, L:/127.0.0.1:14998 - R:localhost/127.0.0.1:41185]' for 'GET' to 'http://localhost:41185/session/5de6fd151f8696168b97505e238c11ba/alert/text'
16:17:17.015 [Forwarding getAlertText on session 5de6fd151f8696168b97505e238c11ba to remote] DEBUG org.asynchttpclient.netty.request.NettyRequestSender - Using open Channel [id: 0x82d989aa, L:/127.0.0.1:14998 - R:localhost/127.0.0.1:41185] for GET '/session/5de6fd151f8696168b97505e238c11ba/alert/text'
16:17:17.017 [AsyncHttpClient-1-2] DEBUG org.asynchttpclient.netty.handler.HttpHandler - 

Request DefaultFullHttpRequest(decodeResult: success, version: HTTP/1.1, content: EmptyByteBufBE)
GET /session/5de6fd151f8696168b97505e238c11ba/alert/text HTTP/1.1
User-Agent: selenium/4.8.1 (java windows)
Cache-Control: no-cache
Content-Type: application/json; charset=utf-8
host: localhost:41185
accept: */*

Response DefaultHttpResponse(decodeResult: success, version: HTTP/1.1)
HTTP/1.1 404 Not Found
Content-Length: 807
Content-Type: application/json; charset=utf-8
cache-control: no-cache

16:17:17.017 [AsyncHttpClient-1-2] DEBUG org.asynchttpclient.netty.channel.ChannelManager - Adding key: http://localhost:41185 for channel [id: 0x82d989aa, L:/127.0.0.1:14998 - R:localhost/127.0.0.1:41185]
16:17:17.019 [Forwarding getCurrentUrl on session 5de6fd151f8696168b97505e238c11ba to remote] DEBUG org.asynchttpclient.netty.request.NettyRequestSender - Using pooled Channel '[id: 0x82d989aa, L:/127.0.0.1:14998 - R:localhost/127.0.0.1:41185]' for 'GET' to 'http://localhost:41185/session/5de6fd151f8696168b97505e238c11ba/url'
16:17:17.019 [Forwarding getCurrentUrl on session 5de6fd151f8696168b97505e238c11ba to remote] DEBUG org.asynchttpclient.netty.request.NettyRequestSender - Using open Channel [id: 0x82d989aa, L:/127.0.0.1:14998 - R:localhost/127.0.0.1:41185] for GET '/session/5de6fd151f8696168b97505e238c11ba/url'
16:17:17.028 [AsyncHttpClient-1-2] DEBUG org.asynchttpclient.netty.handler.HttpHandler - 

Request DefaultFullHttpRequest(decodeResult: success, version: HTTP/1.1, content: EmptyByteBufBE)
GET /session/5de6fd151f8696168b97505e238c11ba/url HTTP/1.1
User-Agent: selenium/4.8.1 (java windows)
Cache-Control: no-cache
Content-Type: application/json; charset=utf-8
host: localhost:41185
accept: */*

Response DefaultHttpResponse(decodeResult: success, version: HTTP/1.1)
HTTP/1.1 200 OK
Content-Length: 64
Content-Type: application/json; charset=utf-8
cache-control: no-cache

16:17:17.028 [AsyncHttpClient-1-2] DEBUG org.asynchttpclient.netty.channel.ChannelManager - Adding key: http://localhost:41185 for channel [id: 0x82d989aa, L:/127.0.0.1:14998 - R:localhost/127.0.0.1:41185]
16:17:17.029 [Forwarding screenshot on session 5de6fd151f8696168b97505e238c11ba to remote] DEBUG org.asynchttpclient.netty.request.NettyRequestSender - Using pooled Channel '[id: 0x82d989aa, L:/127.0.0.1:14998 - R:localhost/127.0.0.1:41185]' for 'GET' to 'http://localhost:41185/session/5de6fd151f8696168b97505e238c11ba/screenshot'
16:17:17.029 [Forwarding screenshot on session 5de6fd151f8696168b97505e238c11ba to remote] DEBUG org.asynchttpclient.netty.request.NettyRequestSender - Using open Channel [id: 0x82d989aa, L:/127.0.0.1:14998 - R:localhost/127.0.0.1:41185] for GET '/session/5de6fd151f8696168b97505e238c11ba/screenshot'
16:17:17.200 [AsyncHttpClient-1-2] DEBUG org.asynchttpclient.netty.handler.HttpHandler - 

Request DefaultFullHttpRequest(decodeResult: success, version: HTTP/1.1, content: EmptyByteBufBE)
GET /session/5de6fd151f8696168b97505e238c11ba/screenshot HTTP/1.1
User-Agent: selenium/4.8.1 (java windows)
Cache-Control: no-cache
Content-Type: application/json; charset=utf-8
host: localhost:41185
accept: */*

Response DefaultHttpResponse(decodeResult: success, version: HTTP/1.1)
HTTP/1.1 200 OK
Content-Length: 128008
Content-Type: application/json; charset=utf-8
cache-control: no-cache

16:17:17.201 [AsyncHttpClient-1-2] DEBUG org.asynchttpclient.netty.channel.ChannelManager - Adding key: http://localhost:41185 for channel [id: 0x82d989aa, L:/127.0.0.1:14998 - R:localhost/127.0.0.1:41185]
16:17:17.210 [main] DEBUG net.serenitybdd.core.photography.Darkroom - Send negative for processing for target\site\serenity\203d5d6e808733d94622372c6a0a1635d6c43a2d69201db705014a3b4df89c66.png
16:17:17.210 [Darkroom Processing Line] DEBUG net.serenitybdd.core.photography.DarkroomProcessingLine - Processing screenshot image in /var/screenshots/screenshot-1229203986855936177
16:17:17.210 [Darkroom Processing Line] DEBUG net.serenitybdd.core.photography.DarkroomProcessingLine - Saving screenshot to target\site\serenity\203d5d6e808733d94622372c6a0a1635d6c43a2d69201db705014a3b4df89c66.png
16:17:17.211 [Forwarding getPageSource on session 5de6fd151f8696168b97505e238c11ba to remote] DEBUG org.asynchttpclient.netty.request.NettyRequestSender - Using pooled Channel '[id: 0x82d989aa, L:/127.0.0.1:14998 - R:localhost/127.0.0.1:41185]' for 'POST' to 'http://localhost:41185/session/5de6fd151f8696168b97505e238c11ba/execute/sync'
16:17:17.211 [Forwarding getPageSource on session 5de6fd151f8696168b97505e238c11ba to remote] DEBUG org.asynchttpclient.netty.request.NettyRequestSender - Using open Channel [id: 0x82d989aa, L:/127.0.0.1:14998 - R:localhost/127.0.0.1:41185] for POST '/session/5de6fd151f8696168b97505e238c11ba/execute/sync'
16:17:17.216 [AsyncHttpClient-1-2] DEBUG org.asynchttpclient.netty.handler.HttpHandler - 

Request DefaultHttpRequest(decodeResult: success, version: HTTP/1.1)
POST /session/5de6fd151f8696168b97505e238c11ba/execute/sync HTTP/1.1
User-Agent: selenium/4.8.1 (java windows)
Content-Length: 176
Content-Type: application/json; charset=utf-8
host: localhost:41185
accept: */*

Response DefaultHttpResponse(decodeResult: success, version: HTTP/1.1)
HTTP/1.1 200 OK
Content-Length: 6089
Content-Type: application/json; charset=utf-8
cache-control: no-cache

16:17:17.216 [AsyncHttpClient-1-2] DEBUG org.asynchttpclient.netty.channel.ChannelManager - Adding key: http://localhost:41185 for channel [id: 0x82d989aa, L:/127.0.0.1:14998 - R:localhost/127.0.0.1:41185]
16:17:17.217 [Forwarding getCurrentUrl on session 5de6fd151f8696168b97505e238c11ba to remote] DEBUG org.asynchttpclient.netty.request.NettyRequestSender - Using pooled Channel '[id: 0x82d989aa, L:/127.0.0.1:14998 - R:localhost/127.0.0.1:41185]' for 'GET' to 'http://localhost:41185/session/5de6fd151f8696168b97505e238c11ba/url'
16:17:17.217 [Forwarding getCurrentUrl on session 5de6fd151f8696168b97505e238c11ba to remote] DEBUG org.asynchttpclient.netty.request.NettyRequestSender - Using open Channel [id: 0x82d989aa, L:/127.0.0.1:14998 - R:localhost/127.0.0.1:41185] for GET '/session/5de6fd151f8696168b97505e238c11ba/url'
16:17:17.226 [AsyncHttpClient-1-2] DEBUG org.asynchttpclient.netty.handler.HttpHandler - 

Request DefaultFullHttpRequest(decodeResult: success, version: HTTP/1.1, content: EmptyByteBufBE)
GET /session/5de6fd151f8696168b97505e238c11ba/url HTTP/1.1
User-Agent: selenium/4.8.1 (java windows)
Cache-Control: no-cache
Content-Type: application/json; charset=utf-8
host: localhost:41185
accept: */*

Response DefaultHttpResponse(decodeResult: success, version: HTTP/1.1)
HTTP/1.1 200 OK
Content-Length: 64
Content-Type: application/json; charset=utf-8
cache-control: no-cache

16:17:17.226 [AsyncHttpClient-1-2] DEBUG org.asynchttpclient.netty.channel.ChannelManager - Adding key: http://localhost:41185 for channel [id: 0x82d989aa, L:/127.0.0.1:14998 - R:localhost/127.0.0.1:41185]
16:17:17.270 [main] DEBUG net.thucydides.core.steps.StepInterceptor - STARTING STEP: Failed2SigninSteps.onTheHomePageWrongEmail - errorMessageAppear
16:17:17.280 [Forwarding findElement on session 5de6fd151f8696168b97505e238c11ba to remote] DEBUG org.asynchttpclient.netty.request.NettyRequestSender - Using pooled Channel '[id: 0x82d989aa, L:/127.0.0.1:14998 - R:localhost/127.0.0.1:41185]' for 'POST' to 'http://localhost:41185/session/5de6fd151f8696168b97505e238c11ba/element'
16:17:17.280 [Forwarding findElement on session 5de6fd151f8696168b97505e238c11ba to remote] DEBUG org.asynchttpclient.netty.request.NettyRequestSender - Using open Channel [id: 0x82d989aa, L:/127.0.0.1:14998 - R:localhost/127.0.0.1:41185] for POST '/session/5de6fd151f8696168b97505e238c11ba/element'
16:17:17.301 [AsyncHttpClient-1-2] DEBUG org.asynchttpclient.netty.handler.HttpHandler - 

Request DefaultHttpRequest(decodeResult: success, version: HTTP/1.1)
POST /session/5de6fd151f8696168b97505e238c11ba/element HTTP/1.1
User-Agent: selenium/4.8.1 (java windows)
Content-Length: 83
Content-Type: application/json; charset=utf-8
host: localhost:41185
accept: */*

Response DefaultHttpResponse(decodeResult: success, version: HTTP/1.1)
HTTP/1.1 200 OK
Content-Length: 95
Content-Type: application/json; charset=utf-8
cache-control: no-cache

16:17:17.301 [AsyncHttpClient-1-2] DEBUG org.asynchttpclient.netty.channel.ChannelManager - Adding key: http://localhost:41185 for channel [id: 0x82d989aa, L:/127.0.0.1:14998 - R:localhost/127.0.0.1:41185]
16:17:17.308 [Forwarding isElementDisplayed on session 5de6fd151f8696168b97505e238c11ba to remote] DEBUG org.asynchttpclient.netty.request.NettyRequestSender - Using pooled Channel '[id: 0x82d989aa, L:/127.0.0.1:14998 - R:localhost/127.0.0.1:41185]' for 'POST' to 'http://localhost:41185/session/5de6fd151f8696168b97505e238c11ba/execute/sync'
16:17:17.308 [Forwarding isElementDisplayed on session 5de6fd151f8696168b97505e238c11ba to remote] DEBUG org.asynchttpclient.netty.request.NettyRequestSender - Using open Channel [id: 0x82d989aa, L:/127.0.0.1:14998 - R:localhost/127.0.0.1:41185] for POST '/session/5de6fd151f8696168b97505e238c11ba/execute/sync'
16:17:17.327 [AsyncHttpClient-1-2] DEBUG org.asynchttpclient.netty.handler.HttpHandler - 

Request DefaultHttpRequest(decodeResult: success, version: HTTP/1.1)
POST /session/5de6fd151f8696168b97505e238c11ba/execute/sync HTTP/1.1
User-Agent: selenium/4.8.1 (java windows)
Content-Length: 48814
Content-Type: application/json; charset=utf-8
host: localhost:41185
accept: */*

Response DefaultHttpResponse(decodeResult: success, version: HTTP/1.1)
HTTP/1.1 200 OK
Content-Length: 14
Content-Type: application/json; charset=utf-8
cache-control: no-cache

16:17:17.327 [AsyncHttpClient-1-2] DEBUG org.asynchttpclient.netty.channel.ChannelManager - Adding key: http://localhost:41185 for channel [id: 0x82d989aa, L:/127.0.0.1:14998 - R:localhost/127.0.0.1:41185]
16:17:17.332 [Forwarding getAlertText on session 5de6fd151f8696168b97505e238c11ba to remote] DEBUG org.asynchttpclient.netty.request.NettyRequestSender - Using pooled Channel '[id: 0x82d989aa, L:/127.0.0.1:14998 - R:localhost/127.0.0.1:41185]' for 'GET' to 'http://localhost:41185/session/5de6fd151f8696168b97505e238c11ba/alert/text'
16:17:17.333 [Forwarding getAlertText on session 5de6fd151f8696168b97505e238c11ba to remote] DEBUG org.asynchttpclient.netty.request.NettyRequestSender - Using open Channel [id: 0x82d989aa, L:/127.0.0.1:14998 - R:localhost/127.0.0.1:41185] for GET '/session/5de6fd151f8696168b97505e238c11ba/alert/text'
16:17:17.334 [AsyncHttpClient-1-2] DEBUG org.asynchttpclient.netty.handler.HttpHandler - 

Request DefaultFullHttpRequest(decodeResult: success, version: HTTP/1.1, content: EmptyByteBufBE)
GET /session/5de6fd151f8696168b97505e238c11ba/alert/text HTTP/1.1
User-Agent: selenium/4.8.1 (java windows)
Cache-Control: no-cache
Content-Type: application/json; charset=utf-8
host: localhost:41185
accept: */*

Response DefaultHttpResponse(decodeResult: success, version: HTTP/1.1)
HTTP/1.1 404 Not Found
Content-Length: 807
Content-Type: application/json; charset=utf-8
cache-control: no-cache

16:17:17.334 [AsyncHttpClient-1-2] DEBUG org.asynchttpclient.netty.channel.ChannelManager - Adding key: http://localhost:41185 for channel [id: 0x82d989aa, L:/127.0.0.1:14998 - R:localhost/127.0.0.1:41185]
16:17:17.335 [Forwarding getCurrentUrl on session 5de6fd151f8696168b97505e238c11ba to remote] DEBUG org.asynchttpclient.netty.request.NettyRequestSender - Using pooled Channel '[id: 0x82d989aa, L:/127.0.0.1:14998 - R:localhost/127.0.0.1:41185]' for 'GET' to 'http://localhost:41185/session/5de6fd151f8696168b97505e238c11ba/url'
16:17:17.335 [Forwarding getCurrentUrl on session 5de6fd151f8696168b97505e238c11ba to remote] DEBUG org.asynchttpclient.netty.request.NettyRequestSender - Using open Channel [id: 0x82d989aa, L:/127.0.0.1:14998 - R:localhost/127.0.0.1:41185] for GET '/session/5de6fd151f8696168b97505e238c11ba/url'
16:17:17.344 [AsyncHttpClient-1-2] DEBUG org.asynchttpclient.netty.handler.HttpHandler - 

Request DefaultFullHttpRequest(decodeResult: success, version: HTTP/1.1, content: EmptyByteBufBE)
GET /session/5de6fd151f8696168b97505e238c11ba/url HTTP/1.1
User-Agent: selenium/4.8.1 (java windows)
Cache-Control: no-cache
Content-Type: application/json; charset=utf-8
host: localhost:41185
accept: */*

Response DefaultHttpResponse(decodeResult: success, version: HTTP/1.1)
HTTP/1.1 200 OK
Content-Length: 64
Content-Type: application/json; charset=utf-8
cache-control: no-cache

16:17:17.344 [AsyncHttpClient-1-2] DEBUG org.asynchttpclient.netty.channel.ChannelManager - Adding key: http://localhost:41185 for channel [id: 0x82d989aa, L:/127.0.0.1:14998 - R:localhost/127.0.0.1:41185]
16:17:17.345 [Forwarding screenshot on session 5de6fd151f8696168b97505e238c11ba to remote] DEBUG org.asynchttpclient.netty.request.NettyRequestSender - Using pooled Channel '[id: 0x82d989aa, L:/127.0.0.1:14998 - R:localhost/127.0.0.1:41185]' for 'GET' to 'http://localhost:41185/session/5de6fd151f8696168b97505e238c11ba/screenshot'
16:17:17.345 [Forwarding screenshot on session 5de6fd151f8696168b97505e238c11ba to remote] DEBUG org.asynchttpclient.netty.request.NettyRequestSender - Using open Channel [id: 0x82d989aa, L:/127.0.0.1:14998 - R:localhost/127.0.0.1:41185] for GET '/session/5de6fd151f8696168b97505e238c11ba/screenshot'
16:17:17.539 [AsyncHttpClient-1-2] DEBUG org.asynchttpclient.netty.handler.HttpHandler - 

Request DefaultFullHttpRequest(decodeResult: success, version: HTTP/1.1, content: EmptyByteBufBE)
GET /session/5de6fd151f8696168b97505e238c11ba/screenshot HTTP/1.1
User-Agent: selenium/4.8.1 (java windows)
Cache-Control: no-cache
Content-Type: application/json; charset=utf-8
host: localhost:41185
accept: */*

Response DefaultHttpResponse(decodeResult: success, version: HTTP/1.1)
HTTP/1.1 200 OK
Content-Length: 128144
Content-Type: application/json; charset=utf-8
cache-control: no-cache

16:17:17.542 [AsyncHttpClient-1-2] DEBUG org.asynchttpclient.netty.channel.ChannelManager - Adding key: http://localhost:41185 for channel [id: 0x82d989aa, L:/127.0.0.1:14998 - R:localhost/127.0.0.1:41185]
16:17:17.548 [main] DEBUG net.serenitybdd.core.photography.Darkroom - Send negative for processing for target\site\serenity\4954c576520f1cd20c95434fe8acc9669fc918398398138f7773e5f7bdf807ab.png
16:17:17.548 [main] DEBUG net.thucydides.core.steps.StepInterceptor - STEP DONE: errorMessageAppear
16:17:17.548 [Darkroom Processing Line] DEBUG net.serenitybdd.core.photography.DarkroomProcessingLine - Processing screenshot image in /var/screenshots/screenshot-8355592997469229091
  &amp#27;[32mThen &amp#27;[0m&amp#27;[32mI am on the home page wrong email&amp#27;[0m                              &amp#27;[90m# Starter.Stepdefitions.Failed2SigninSteps.onTheHomePageWrongEmail()&amp#27;[0m
16:17:17.549 [Darkroom Processing Line] DEBUG net.serenitybdd.core.photography.DarkroomProcessingLine - Saving screenshot to target\site\serenity\4954c576520f1cd20c95434fe8acc9669fc918398398138f7773e5f7bdf807ab.png
16:17:17.554 [main] INFO  - 
  _____   ___   ___   _____     ___     _     ___   ___   ___   ___  
 |_   _| | __| / __| |_   _|   | _ \   /_\   / __| / __| | __| |   \ 
   | |   | _|  \__ \   | |     |  _/  / _ \  \__ \ \__ \ | _|  | |) |
   |_|   |___| |___/   |_|     |_|   /_/ \_\ |___/ |___/ |___| |___/ 

As user, I have be able to failed login because wrong email
----------------------------------------------------------------------
16:17:17.559 [AsyncHttpClient-1-4] DEBUG org.asynchttpclient.netty.handler.WebSocketHandler - Channel Closed: [id: 0xe9a44275, L:/127.0.0.1:15005 ! R:localhost/127.0.0.1:14999] with attribute NettyResponseFuture{currentRetry=0,
	isDone=1,
	isCancelled=0,
	asyncHandler=org.asynchttpclient.ws.WebSocketUpgradeHandler@15e4b2e,
	nettyRequest=org.asynchttpclient.netty.request.NettyRequest@195d331,
	future=java.util.concurrent.CompletableFuture@fae050[Completed normally],
	uri=ws://localhost:14999/devtools/browser/73da9ebf-b988-4e75-944f-34b7b3019e51,
	keepAlive=true,
	redirectCount=0,
	timeoutsHolder=null,
	inAuth=0,
	touch=1687684615091}
16:17:17.559 [AsyncHttpClient-1-4] DEBUG org.asynchttpclient.netty.channel.ChannelManager - Closing Channel [id: 0xe9a44275, L:/127.0.0.1:15005 ! R:localhost/127.0.0.1:14999] 
16:17:17.560 [Driver Command Executor] DEBUG org.asynchttpclient.netty.request.NettyRequestSender - Using pooled Channel '[id: 0x82d989aa, L:/127.0.0.1:14998 - R:localhost/127.0.0.1:41185]' for 'DELETE' to 'http://localhost:41185/session/5de6fd151f8696168b97505e238c11ba'
16:17:17.560 [Driver Command Executor] DEBUG org.asynchttpclient.netty.request.NettyRequestSender - Using open Channel [id: 0x82d989aa, L:/127.0.0.1:14998 - R:localhost/127.0.0.1:41185] for DELETE '/session/5de6fd151f8696168b97505e238c11ba'
16:17:17.943 [AsyncHttpClient-1-1] DEBUG org.asynchttpclient.netty.channel.DefaultChannelPool - Entry count for : http://localhost:14999 : 1
16:17:19.044 [AsyncHttpClient-1-1] DEBUG org.asynchttpclient.netty.channel.DefaultChannelPool - Entry count for : http://localhost:14999 : 1
16:17:20.144 [AsyncHttpClient-1-1] DEBUG org.asynchttpclient.netty.channel.DefaultChannelPool - Entry count for : http://localhost:14999 : 1
16:17:21.243 [AsyncHttpClient-1-1] DEBUG org.asynchttpclient.netty.channel.DefaultChannelPool - Entry count for : http://localhost:14999 : 1
16:17:21.998 [AsyncHttpClient-1-3] DEBUG org.asynchttpclient.netty.handler.HttpHandler - Unexpected I/O exception on channel [id: 0xc82f5616, L:/127.0.0.1:15004 - R:localhost/127.0.0.1:14999]
java.io.IOException: An existing connection was forcibly closed by the remote host
	at sun.nio.ch.SocketDispatcher.read0(Native Method)
	at sun.nio.ch.SocketDispatcher.read(SocketDispatcher.java:43)
	at sun.nio.ch.IOUtil.readIntoNativeBuffer(IOUtil.java:223)
	at sun.nio.ch.IOUtil.read(IOUtil.java:192)
	at sun.nio.ch.SocketChannelImpl.read(SocketChannelImpl.java:379)
	at io.netty.buffer.PooledByteBuf.setBytes(PooledByteBuf.java:259)
	at io.netty.buffer.AbstractByteBuf.writeBytes(AbstractByteBuf.java:1132)
	at io.netty.channel.socket.nio.NioSocketChannel.doReadBytes(NioSocketChannel.java:357)
	at io.netty.channel.nio.AbstractNioByteChannel$NioByteUnsafe.read(AbstractNioByteChannel.java:151)
	at io.netty.channel.nio.NioEventLoop.processSelectedKey(NioEventLoop.java:788)
	at io.netty.channel.nio.NioEventLoop.processSelectedKeysOptimized(NioEventLoop.java:724)
	at io.netty.channel.nio.NioEventLoop.processSelectedKeys(NioEventLoop.java:650)
	at io.netty.channel.nio.NioEventLoop.run(NioEventLoop.java:562)
	at io.netty.util.concurrent.SingleThreadEventExecutor$4.run(SingleThreadEventExecutor.java:997)
	at io.netty.util.internal.ThreadExecutorMap$2.run(ThreadExecutorMap.java:74)
	at io.netty.util.concurrent.FastThreadLocalRunnable.run(FastThreadLocalRunnable.java:30)
	at java.lang.Thread.run(Thread.java:745)
16:17:21.998 [AsyncHttpClient-1-3] DEBUG org.asynchttpclient.netty.channel.ChannelManager - Closing Channel [id: 0xc82f5616, L:/127.0.0.1:15004 - R:localhost/127.0.0.1:14999] 
16:17:21.999 [AsyncHttpClient-1-3] DEBUG org.asynchttpclient.netty.handler.HttpHandler - Channel Closed: [id: 0xc82f5616, L:/127.0.0.1:15004 ! R:localhost/127.0.0.1:14999] with attribute DISCARD
16:17:22.176 [AsyncHttpClient-1-2] DEBUG org.asynchttpclient.netty.handler.HttpHandler - 

Request DefaultFullHttpRequest(decodeResult: success, version: HTTP/1.1, content: EmptyByteBufBE)
DELETE /session/5de6fd151f8696168b97505e238c11ba HTTP/1.1
User-Agent: selenium/4.8.1 (java windows)
Content-Type: application/json; charset=utf-8
host: localhost:41185
accept: */*

Response DefaultHttpResponse(decodeResult: success, version: HTTP/1.1)
HTTP/1.1 200 OK
Content-Length: 14
Content-Type: application/json; charset=utf-8
cache-control: no-cache

16:17:22.176 [AsyncHttpClient-1-2] DEBUG org.asynchttpclient.netty.channel.ChannelManager - Adding key: http://localhost:41185 for channel [id: 0x82d989aa, L:/127.0.0.1:14998 - R:localhost/127.0.0.1:41185]
16:17:22.344 [AsyncHttpClient-1-1] DEBUG org.asynchttpclient.netty.channel.DefaultChannelPool - Entry count for : http://localhost:14999 : 1
16:17:22.344 [AsyncHttpClient-1-1] DEBUG org.asynchttpclient.netty.channel.DefaultChannelPool - Entry count for : http://localhost:41185 : 1
16:17:22.344 [AsyncHttpClient-1-1] DEBUG org.asynchttpclient.netty.channel.DefaultChannelPool - Adding Candidate expired Channel [id: 0xc82f5616, L:/127.0.0.1:15004 ! R:localhost/127.0.0.1:14999] isIdleTimeoutExpired=false isRemotelyClosed=true isTtlExpired=false
16:17:22.344 [AsyncHttpClient-1-1] DEBUG org.asynchttpclient.netty.channel.DefaultChannelPool - Closing Idle Channel [id: 0xc82f5616, L:/127.0.0.1:15004 ! R:localhost/127.0.0.1:14999]
16:17:22.344 [AsyncHttpClient-1-1] DEBUG org.asynchttpclient.netty.channel.DefaultChannelPool - Closed 1 connections out of 2 in 0 ms
16:17:22.557 [AsyncHttpClient-1-2] DEBUG org.asynchttpclient.netty.handler.HttpHandler - Channel Closed: [id: 0x82d989aa, L:/127.0.0.1:14998 ! R:localhost/127.0.0.1:41185] with attribute DISCARD
]]></system-out>
    <system-err><![CDATA[Starting ChromeDriver 114.0.5735.90 (386bc09e8f4f2e025eddae123f36f6263096ae49-refs/branch-heads/5735@{#1052}) on port 41185
Only local connections are allowed.
Please see https://chromedriver.chromium.org/security-considerations for suggestions on keeping ChromeDriver safe.
ChromeDriver was started successfully.
Jun 25, 2023 4:16:55 PM org.openqa.selenium.devtools.CdpVersionFinder findNearestMatch
WARNING: Unable to find an exact match for CDP version 114, so returning the closest version found: 110
]]></system-err>
  </testcase>
  <testcase name="As user, I have be able to failed login because wrong password" classname="User be able to sign in" time="27.114">
    <system-out><![CDATA[
@wrong-password
Scenario: As user, I have be able to failed login because wrong password &amp#27;[90m# src/test/resources/Feature/Signin.feature:31&amp#27;[0m
16:17:23.131 [main] DEBUG io.cucumber.core.plugin.SerenityReporter - Running feature from file:///C:/Users/USER/IdeaProjects/Capston_webtesting/src/test/resources/Feature/Signin.feature
16:17:23.131 [main] WARN io.cucumber.core.plugin.SerenityReporter - Feature from file:///C:/Users/USER/IdeaProjects/Capston_webtesting/src/test/resources/Feature/Signin.feature is not under the 'features' directory. Requirements report will not be correctly generated!
16:17:23.133 [main] INFO  - 
  _____   ___   ___   _____     ___   _____     _     ___   _____   ___   ___  
 |_   _| | __| / __| |_   _|   / __| |_   _|   /_\   | _ \ |_   _| | __| |   \ 
   | |   | _|  \__ \   | |     \__ \   | |    / _ \  |   /   | |   | _|  | |) |
   |_|   |___| |___/   |_|     |___/   |_|   /_/ \_\ |_|_\   |_|   |___| |___/ 

As user, I have be able to failed login because wrong password(user-be-able-to-sign-in;as-user--i-have-be-able-to-failed-login-because-wrong-password)
--------------------------------------------------------------------------------
16:17:23.156 [main] DEBUG net.thucydides.core.steps.StepInterceptor - STARTING STEP: Failed3SigninSteps.onLoginPageWrongPassword - openPage
16:17:23.444 [AsyncHttpClient-1-1] DEBUG org.asynchttpclient.netty.channel.DefaultChannelPool - Entry count for : http://localhost:41185 : 1
16:17:23.444 [AsyncHttpClient-1-1] DEBUG org.asynchttpclient.netty.channel.DefaultChannelPool - Adding Candidate expired Channel [id: 0x82d989aa, L:/127.0.0.1:14998 ! R:localhost/127.0.0.1:41185] isIdleTimeoutExpired=false isRemotelyClosed=true isTtlExpired=false
16:17:23.444 [AsyncHttpClient-1-1] DEBUG org.asynchttpclient.netty.channel.DefaultChannelPool - Closing Idle Channel [id: 0x82d989aa, L:/127.0.0.1:14998 ! R:localhost/127.0.0.1:41185]
16:17:23.444 [AsyncHttpClient-1-1] DEBUG org.asynchttpclient.netty.channel.DefaultChannelPool - Closed 1 connections out of 1 in 0 ms
16:17:24.566 [main] INFO net.serenitybdd.core.webdriver.driverproviders.ChromeDriverProvider - Starting Chrome driver instance with capabilities:
16:17:24.566 [main] INFO net.serenitybdd.core.webdriver.driverproviders.ChromeDriverProvider - Capabilities {acceptInsecureCerts: false, browserName: chrome, goog:chromeOptions: {args: [remote-allow-origins=*], extensions: []}}
16:17:26.231 [AsyncHttpClient-1-5] DEBUG org.asynchttpclient.netty.channel.NettyConnectListener - Using new Channel '[id: 0x7b338615, L:/127.0.0.1:15018 - R:localhost/127.0.0.1:43654]' for 'POST' to '/session'
16:17:28.787 [AsyncHttpClient-1-5] DEBUG org.asynchttpclient.netty.handler.HttpHandler - 

Request DefaultHttpRequest(decodeResult: success, version: HTTP/1.1)
POST /session HTTP/1.1
User-Agent: selenium/4.8.1 (java windows)
Content-Length: 507
Content-Type: application/json; charset=utf-8
host: localhost:43654
accept: */*

Response DefaultHttpResponse(decodeResult: success, version: HTTP/1.1)
HTTP/1.1 200 OK
Content-Length: 860
Content-Type: application/json; charset=utf-8
cache-control: no-cache

16:17:28.788 [AsyncHttpClient-1-5] DEBUG org.asynchttpclient.netty.channel.ChannelManager - Adding key: http://localhost:43654 for channel [id: 0x7b338615, L:/127.0.0.1:15018 - R:localhost/127.0.0.1:43654]
16:17:28.803 [AsyncHttpClient-1-6] DEBUG org.asynchttpclient.netty.channel.NettyConnectListener - Using new Channel '[id: 0x14d41534, L:/127.0.0.1:15025 - R:localhost/127.0.0.1:15019]' for 'GET' to '/json/version'
16:17:28.803 [AsyncHttpClient-1-6] DEBUG org.asynchttpclient.netty.handler.HttpHandler - 

Request DefaultFullHttpRequest(decodeResult: success, version: HTTP/1.1, content: EmptyByteBufBE)
GET /json/version HTTP/1.1
User-Agent: selenium/4.8.1 (java windows)
host: localhost:15019
accept: */*

Response DefaultHttpResponse(decodeResult: success, version: HTTP/1.1)
HTTP/1.1 200 OK
Content-Security-Policy: frame-ancestors 'none'
Content-Length: 424
Content-Type: application/json; charset=UTF-8

16:17:28.804 [AsyncHttpClient-1-6] DEBUG org.asynchttpclient.netty.channel.ChannelManager - Adding key: http://localhost:15019 for channel [id: 0x14d41534, L:/127.0.0.1:15025 - R:localhost/127.0.0.1:15019]
16:17:28.806 [AsyncHttpClient-1-7] DEBUG org.asynchttpclient.netty.channel.NettyConnectListener - Using new Channel '[id: 0xef0cfeda, L:/127.0.0.1:15026 - R:localhost/127.0.0.1:15019]' for 'GET' to '/devtools/browser/a41375a9-c26e-4bc5-b9ff-ccc4c5ece370'
16:17:28.807 [AsyncHttpClient-1-7] DEBUG org.asynchttpclient.netty.handler.WebSocketHandler - 

Request DefaultFullHttpRequest(decodeResult: success, version: HTTP/1.1, content: EmptyByteBufBE)
GET /devtools/browser/a41375a9-c26e-4bc5-b9ff-ccc4c5ece370 HTTP/1.1
upgrade: websocket
connection: upgrade
sec-websocket-key: MpE1K77NrSgyFgi+XZHfXg==
sec-websocket-version: 13
origin: http://localhost:15019
host: localhost:15019
accept: */*
user-agent: AHC/2.1

Response DefaultHttpResponse(decodeResult: success, version: HTTP/1.1)
HTTP/1.1 101 WebSocket Protocol Handshake
Upgrade: WebSocket
Connection: Upgrade
Sec-WebSocket-Accept: ku0+Ey4tmSuDFr3rj/jqP+JerPE=

16:17:28.818 [Forwarding get on session 48e9b7c26a7cde16e53e9e4fdd334fb8 to remote] DEBUG org.asynchttpclient.netty.request.NettyRequestSender - Using pooled Channel '[id: 0x7b338615, L:/127.0.0.1:15018 - R:localhost/127.0.0.1:43654]' for 'POST' to 'http://localhost:43654/session/48e9b7c26a7cde16e53e9e4fdd334fb8/url'
16:17:28.818 [Forwarding get on session 48e9b7c26a7cde16e53e9e4fdd334fb8 to remote] DEBUG org.asynchttpclient.netty.request.NettyRequestSender - Using open Channel [id: 0x7b338615, L:/127.0.0.1:15018 - R:localhost/127.0.0.1:43654] for POST '/session/48e9b7c26a7cde16e53e9e4fdd334fb8/url'
16:17:28.943 [AsyncHttpClient-1-1] DEBUG org.asynchttpclient.netty.channel.DefaultChannelPool - Entry count for : http://localhost:15019 : 1
16:17:30.046 [AsyncHttpClient-1-1] DEBUG org.asynchttpclient.netty.channel.DefaultChannelPool - Entry count for : http://localhost:15019 : 1
16:17:31.143 [AsyncHttpClient-1-1] DEBUG org.asynchttpclient.netty.channel.DefaultChannelPool - Entry count for : http://localhost:15019 : 1
16:17:32.244 [AsyncHttpClient-1-1] DEBUG org.asynchttpclient.netty.channel.DefaultChannelPool - Entry count for : http://localhost:15019 : 1
16:17:33.344 [AsyncHttpClient-1-1] DEBUG org.asynchttpclient.netty.channel.DefaultChannelPool - Entry count for : http://localhost:15019 : 1
16:17:34.443 [AsyncHttpClient-1-1] DEBUG org.asynchttpclient.netty.channel.DefaultChannelPool - Entry count for : http://localhost:15019 : 1
16:17:35.544 [AsyncHttpClient-1-1] DEBUG org.asynchttpclient.netty.channel.DefaultChannelPool - Entry count for : http://localhost:15019 : 1
16:17:36.644 [AsyncHttpClient-1-1] DEBUG org.asynchttpclient.netty.channel.DefaultChannelPool - Entry count for : http://localhost:15019 : 1
16:17:37.499 [AsyncHttpClient-1-5] DEBUG org.asynchttpclient.netty.handler.HttpHandler - 

Request DefaultHttpRequest(decodeResult: success, version: HTTP/1.1)
POST /session/48e9b7c26a7cde16e53e9e4fdd334fb8/url HTTP/1.1
User-Agent: selenium/4.8.1 (java windows)
Content-Length: 82
Content-Type: application/json; charset=utf-8
host: localhost:43654
accept: */*

Response DefaultHttpResponse(decodeResult: success, version: HTTP/1.1)
HTTP/1.1 200 OK
Content-Length: 14
Content-Type: application/json; charset=utf-8
cache-control: no-cache

16:17:37.500 [AsyncHttpClient-1-5] DEBUG org.asynchttpclient.netty.channel.ChannelManager - Adding key: http://localhost:43654 for channel [id: 0x7b338615, L:/127.0.0.1:15018 - R:localhost/127.0.0.1:43654]
16:17:37.502 [Forwarding setTimeout on session 48e9b7c26a7cde16e53e9e4fdd334fb8 to remote] DEBUG org.asynchttpclient.netty.request.NettyRequestSender - Using pooled Channel '[id: 0x7b338615, L:/127.0.0.1:15018 - R:localhost/127.0.0.1:43654]' for 'POST' to 'http://localhost:43654/session/48e9b7c26a7cde16e53e9e4fdd334fb8/timeouts'
16:17:37.502 [Forwarding setTimeout on session 48e9b7c26a7cde16e53e9e4fdd334fb8 to remote] DEBUG org.asynchttpclient.netty.request.NettyRequestSender - Using open Channel [id: 0x7b338615, L:/127.0.0.1:15018 - R:localhost/127.0.0.1:43654] for POST '/session/48e9b7c26a7cde16e53e9e4fdd334fb8/timeouts'
16:17:37.503 [AsyncHttpClient-1-5] DEBUG org.asynchttpclient.netty.handler.HttpHandler - 

Request DefaultHttpRequest(decodeResult: success, version: HTTP/1.1)
POST /session/48e9b7c26a7cde16e53e9e4fdd334fb8/timeouts HTTP/1.1
User-Agent: selenium/4.8.1 (java windows)
Content-Length: 22
Content-Type: application/json; charset=utf-8
host: localhost:43654
accept: */*

Response DefaultHttpResponse(decodeResult: success, version: HTTP/1.1)
HTTP/1.1 200 OK
Content-Length: 14
Content-Type: application/json; charset=utf-8
cache-control: no-cache

16:17:37.503 [AsyncHttpClient-1-5] DEBUG org.asynchttpclient.netty.channel.ChannelManager - Adding key: http://localhost:43654 for channel [id: 0x7b338615, L:/127.0.0.1:15018 - R:localhost/127.0.0.1:43654]
16:17:37.520 [Forwarding getAlertText on session 48e9b7c26a7cde16e53e9e4fdd334fb8 to remote] DEBUG org.asynchttpclient.netty.request.NettyRequestSender - Using pooled Channel '[id: 0x7b338615, L:/127.0.0.1:15018 - R:localhost/127.0.0.1:43654]' for 'GET' to 'http://localhost:43654/session/48e9b7c26a7cde16e53e9e4fdd334fb8/alert/text'
16:17:37.520 [Forwarding getAlertText on session 48e9b7c26a7cde16e53e9e4fdd334fb8 to remote] DEBUG org.asynchttpclient.netty.request.NettyRequestSender - Using open Channel [id: 0x7b338615, L:/127.0.0.1:15018 - R:localhost/127.0.0.1:43654] for GET '/session/48e9b7c26a7cde16e53e9e4fdd334fb8/alert/text'
16:17:37.522 [AsyncHttpClient-1-5] DEBUG org.asynchttpclient.netty.handler.HttpHandler - 

Request DefaultFullHttpRequest(decodeResult: success, version: HTTP/1.1, content: EmptyByteBufBE)
GET /session/48e9b7c26a7cde16e53e9e4fdd334fb8/alert/text HTTP/1.1
User-Agent: selenium/4.8.1 (java windows)
Cache-Control: no-cache
Content-Type: application/json; charset=utf-8
host: localhost:43654
accept: */*

Response DefaultHttpResponse(decodeResult: success, version: HTTP/1.1)
HTTP/1.1 404 Not Found
Content-Length: 807
Content-Type: application/json; charset=utf-8
cache-control: no-cache

16:17:37.522 [AsyncHttpClient-1-5] DEBUG org.asynchttpclient.netty.channel.ChannelManager - Adding key: http://localhost:43654 for channel [id: 0x7b338615, L:/127.0.0.1:15018 - R:localhost/127.0.0.1:43654]
16:17:37.525 [Forwarding getCurrentUrl on session 48e9b7c26a7cde16e53e9e4fdd334fb8 to remote] DEBUG org.asynchttpclient.netty.request.NettyRequestSender - Using pooled Channel '[id: 0x7b338615, L:/127.0.0.1:15018 - R:localhost/127.0.0.1:43654]' for 'GET' to 'http://localhost:43654/session/48e9b7c26a7cde16e53e9e4fdd334fb8/url'
16:17:37.525 [Forwarding getCurrentUrl on session 48e9b7c26a7cde16e53e9e4fdd334fb8 to remote] DEBUG org.asynchttpclient.netty.request.NettyRequestSender - Using open Channel [id: 0x7b338615, L:/127.0.0.1:15018 - R:localhost/127.0.0.1:43654] for GET '/session/48e9b7c26a7cde16e53e9e4fdd334fb8/url'
16:17:37.533 [AsyncHttpClient-1-5] DEBUG org.asynchttpclient.netty.handler.HttpHandler - 

Request DefaultFullHttpRequest(decodeResult: success, version: HTTP/1.1, content: EmptyByteBufBE)
GET /session/48e9b7c26a7cde16e53e9e4fdd334fb8/url HTTP/1.1
User-Agent: selenium/4.8.1 (java windows)
Cache-Control: no-cache
Content-Type: application/json; charset=utf-8
host: localhost:43654
accept: */*

Response DefaultHttpResponse(decodeResult: success, version: HTTP/1.1)
HTTP/1.1 200 OK
Content-Length: 64
Content-Type: application/json; charset=utf-8
cache-control: no-cache

16:17:37.534 [AsyncHttpClient-1-5] DEBUG org.asynchttpclient.netty.channel.ChannelManager - Adding key: http://localhost:43654 for channel [id: 0x7b338615, L:/127.0.0.1:15018 - R:localhost/127.0.0.1:43654]
16:17:37.536 [Forwarding screenshot on session 48e9b7c26a7cde16e53e9e4fdd334fb8 to remote] DEBUG org.asynchttpclient.netty.request.NettyRequestSender - Using pooled Channel '[id: 0x7b338615, L:/127.0.0.1:15018 - R:localhost/127.0.0.1:43654]' for 'GET' to 'http://localhost:43654/session/48e9b7c26a7cde16e53e9e4fdd334fb8/screenshot'
16:17:37.536 [Forwarding screenshot on session 48e9b7c26a7cde16e53e9e4fdd334fb8 to remote] DEBUG org.asynchttpclient.netty.request.NettyRequestSender - Using open Channel [id: 0x7b338615, L:/127.0.0.1:15018 - R:localhost/127.0.0.1:43654] for GET '/session/48e9b7c26a7cde16e53e9e4fdd334fb8/screenshot'
16:17:37.743 [AsyncHttpClient-1-1] DEBUG org.asynchttpclient.netty.channel.DefaultChannelPool - Entry count for : http://localhost:15019 : 1
16:17:38.843 [AsyncHttpClient-1-1] DEBUG org.asynchttpclient.netty.channel.DefaultChannelPool - Entry count for : http://localhost:15019 : 1
16:17:39.943 [AsyncHttpClient-1-1] DEBUG org.asynchttpclient.netty.channel.DefaultChannelPool - Entry count for : http://localhost:15019 : 1
16:17:41.043 [AsyncHttpClient-1-1] DEBUG org.asynchttpclient.netty.channel.DefaultChannelPool - Entry count for : http://localhost:15019 : 1
16:17:42.143 [AsyncHttpClient-1-1] DEBUG org.asynchttpclient.netty.channel.DefaultChannelPool - Entry count for : http://localhost:15019 : 1
16:17:42.666 [AsyncHttpClient-1-5] DEBUG org.asynchttpclient.netty.handler.HttpHandler - 

Request DefaultFullHttpRequest(decodeResult: success, version: HTTP/1.1, content: EmptyByteBufBE)
GET /session/48e9b7c26a7cde16e53e9e4fdd334fb8/screenshot HTTP/1.1
User-Agent: selenium/4.8.1 (java windows)
Cache-Control: no-cache
Content-Type: application/json; charset=utf-8
host: localhost:43654
accept: */*

Response DefaultHttpResponse(decodeResult: success, version: HTTP/1.1)
HTTP/1.1 200 OK
Content-Length: 125580
Content-Type: application/json; charset=utf-8
cache-control: no-cache

16:17:42.667 [AsyncHttpClient-1-5] DEBUG org.asynchttpclient.netty.channel.ChannelManager - Adding key: http://localhost:43654 for channel [id: 0x7b338615, L:/127.0.0.1:15018 - R:localhost/127.0.0.1:43654]
16:17:42.674 [main] DEBUG net.serenitybdd.core.photography.Darkroom - Send negative for processing for target\site\serenity\ccb94ee3b183862011abf47996db7c6ab1ad97fa806bc5f8198c267c124a2f52.png
16:17:42.674 [main] DEBUG net.thucydides.core.steps.StepInterceptor - STEP DONE: openPage
  &amp#27;[32mGiven &amp#27;[0m&amp#27;[32mI am on the sign in page wrong password&amp#27;[0m                          &amp#27;[90m# Starter.Stepdefitions.Failed3SigninSteps.onLoginPageWrongPassword()&amp#27;[0m
16:17:42.684 [Forwarding getPageSource on session 48e9b7c26a7cde16e53e9e4fdd334fb8 to remote] DEBUG org.asynchttpclient.netty.request.NettyRequestSender - Using pooled Channel '[id: 0x7b338615, L:/127.0.0.1:15018 - R:localhost/127.0.0.1:43654]' for 'POST' to 'http://localhost:43654/session/48e9b7c26a7cde16e53e9e4fdd334fb8/execute/sync'
16:17:42.684 [Forwarding getPageSource on session 48e9b7c26a7cde16e53e9e4fdd334fb8 to remote] DEBUG org.asynchttpclient.netty.request.NettyRequestSender - Using open Channel [id: 0x7b338615, L:/127.0.0.1:15018 - R:localhost/127.0.0.1:43654] for POST '/session/48e9b7c26a7cde16e53e9e4fdd334fb8/execute/sync'
16:17:42.691 [AsyncHttpClient-1-5] DEBUG org.asynchttpclient.netty.handler.HttpHandler - 

Request DefaultHttpRequest(decodeResult: success, version: HTTP/1.1)
POST /session/48e9b7c26a7cde16e53e9e4fdd334fb8/execute/sync HTTP/1.1
User-Agent: selenium/4.8.1 (java windows)
Content-Length: 176
Content-Type: application/json; charset=utf-8
host: localhost:43654
accept: */*

Response DefaultHttpResponse(decodeResult: success, version: HTTP/1.1)
HTTP/1.1 200 OK
Content-Length: 5992
Content-Type: application/json; charset=utf-8
cache-control: no-cache

16:17:42.691 [AsyncHttpClient-1-5] DEBUG org.asynchttpclient.netty.channel.ChannelManager - Adding key: http://localhost:43654 for channel [id: 0x7b338615, L:/127.0.0.1:15018 - R:localhost/127.0.0.1:43654]
16:17:42.693 [Forwarding getCurrentUrl on session 48e9b7c26a7cde16e53e9e4fdd334fb8 to remote] DEBUG org.asynchttpclient.netty.request.NettyRequestSender - Using pooled Channel '[id: 0x7b338615, L:/127.0.0.1:15018 - R:localhost/127.0.0.1:43654]' for 'GET' to 'http://localhost:43654/session/48e9b7c26a7cde16e53e9e4fdd334fb8/url'
16:17:42.693 [Forwarding getCurrentUrl on session 48e9b7c26a7cde16e53e9e4fdd334fb8 to remote] DEBUG org.asynchttpclient.netty.request.NettyRequestSender - Using open Channel [id: 0x7b338615, L:/127.0.0.1:15018 - R:localhost/127.0.0.1:43654] for GET '/session/48e9b7c26a7cde16e53e9e4fdd334fb8/url'
16:17:42.698 [AsyncHttpClient-1-5] DEBUG org.asynchttpclient.netty.handler.HttpHandler - 

Request DefaultFullHttpRequest(decodeResult: success, version: HTTP/1.1, content: EmptyByteBufBE)
GET /session/48e9b7c26a7cde16e53e9e4fdd334fb8/url HTTP/1.1
User-Agent: selenium/4.8.1 (java windows)
Cache-Control: no-cache
Content-Type: application/json; charset=utf-8
host: localhost:43654
accept: */*

Response DefaultHttpResponse(decodeResult: success, version: HTTP/1.1)
HTTP/1.1 200 OK
Content-Length: 64
Content-Type: application/json; charset=utf-8
cache-control: no-cache

16:17:42.698 [AsyncHttpClient-1-5] DEBUG org.asynchttpclient.netty.channel.ChannelManager - Adding key: http://localhost:43654 for channel [id: 0x7b338615, L:/127.0.0.1:15018 - R:localhost/127.0.0.1:43654]
16:17:42.706 [Forwarding getPageSource on session 48e9b7c26a7cde16e53e9e4fdd334fb8 to remote] DEBUG org.asynchttpclient.netty.request.NettyRequestSender - Using pooled Channel '[id: 0x7b338615, L:/127.0.0.1:15018 - R:localhost/127.0.0.1:43654]' for 'POST' to 'http://localhost:43654/session/48e9b7c26a7cde16e53e9e4fdd334fb8/execute/sync'
16:17:42.707 [Forwarding getPageSource on session 48e9b7c26a7cde16e53e9e4fdd334fb8 to remote] DEBUG org.asynchttpclient.netty.request.NettyRequestSender - Using open Channel [id: 0x7b338615, L:/127.0.0.1:15018 - R:localhost/127.0.0.1:43654] for POST '/session/48e9b7c26a7cde16e53e9e4fdd334fb8/execute/sync'
16:17:42.712 [AsyncHttpClient-1-5] DEBUG org.asynchttpclient.netty.handler.HttpHandler - 

Request DefaultHttpRequest(decodeResult: success, version: HTTP/1.1)
POST /session/48e9b7c26a7cde16e53e9e4fdd334fb8/execute/sync HTTP/1.1
User-Agent: selenium/4.8.1 (java windows)
Content-Length: 176
Content-Type: application/json; charset=utf-8
host: localhost:43654
accept: */*

Response DefaultHttpResponse(decodeResult: success, version: HTTP/1.1)
HTTP/1.1 200 OK
Content-Length: 5992
Content-Type: application/json; charset=utf-8
cache-control: no-cache

16:17:42.712 [AsyncHttpClient-1-5] DEBUG org.asynchttpclient.netty.channel.ChannelManager - Adding key: http://localhost:43654 for channel [id: 0x7b338615, L:/127.0.0.1:15018 - R:localhost/127.0.0.1:43654]
16:17:42.714 [Forwarding getCurrentUrl on session 48e9b7c26a7cde16e53e9e4fdd334fb8 to remote] DEBUG org.asynchttpclient.netty.request.NettyRequestSender - Using pooled Channel '[id: 0x7b338615, L:/127.0.0.1:15018 - R:localhost/127.0.0.1:43654]' for 'GET' to 'http://localhost:43654/session/48e9b7c26a7cde16e53e9e4fdd334fb8/url'
16:17:42.714 [Forwarding getCurrentUrl on session 48e9b7c26a7cde16e53e9e4fdd334fb8 to remote] DEBUG org.asynchttpclient.netty.request.NettyRequestSender - Using open Channel [id: 0x7b338615, L:/127.0.0.1:15018 - R:localhost/127.0.0.1:43654] for GET '/session/48e9b7c26a7cde16e53e9e4fdd334fb8/url'
16:17:42.718 [AsyncHttpClient-1-5] DEBUG org.asynchttpclient.netty.handler.HttpHandler - 

Request DefaultFullHttpRequest(decodeResult: success, version: HTTP/1.1, content: EmptyByteBufBE)
GET /session/48e9b7c26a7cde16e53e9e4fdd334fb8/url HTTP/1.1
User-Agent: selenium/4.8.1 (java windows)
Cache-Control: no-cache
Content-Type: application/json; charset=utf-8
host: localhost:43654
accept: */*

Response DefaultHttpResponse(decodeResult: success, version: HTTP/1.1)
HTTP/1.1 200 OK
Content-Length: 64
Content-Type: application/json; charset=utf-8
cache-control: no-cache

16:17:42.718 [AsyncHttpClient-1-5] DEBUG org.asynchttpclient.netty.channel.ChannelManager - Adding key: http://localhost:43654 for channel [id: 0x7b338615, L:/127.0.0.1:15018 - R:localhost/127.0.0.1:43654]
16:17:42.720 [main] DEBUG net.thucydides.core.steps.StepInterceptor - STARTING STEP: Failed3SigninSteps.inputEmailWrongPassword - inputEmail
16:17:42.726 [Forwarding findElement on session 48e9b7c26a7cde16e53e9e4fdd334fb8 to remote] DEBUG org.asynchttpclient.netty.request.NettyRequestSender - Using pooled Channel '[id: 0x7b338615, L:/127.0.0.1:15018 - R:localhost/127.0.0.1:43654]' for 'POST' to 'http://localhost:43654/session/48e9b7c26a7cde16e53e9e4fdd334fb8/element'
16:17:42.726 [Forwarding findElement on session 48e9b7c26a7cde16e53e9e4fdd334fb8 to remote] DEBUG org.asynchttpclient.netty.request.NettyRequestSender - Using open Channel [id: 0x7b338615, L:/127.0.0.1:15018 - R:localhost/127.0.0.1:43654] for POST '/session/48e9b7c26a7cde16e53e9e4fdd334fb8/element'
16:17:42.740 [AsyncHttpClient-1-5] DEBUG org.asynchttpclient.netty.handler.HttpHandler - 

Request DefaultHttpRequest(decodeResult: success, version: HTTP/1.1)
POST /session/48e9b7c26a7cde16e53e9e4fdd334fb8/element HTTP/1.1
User-Agent: selenium/4.8.1 (java windows)
Content-Length: 67
Content-Type: application/json; charset=utf-8
host: localhost:43654
accept: */*

Response DefaultHttpResponse(decodeResult: success, version: HTTP/1.1)
HTTP/1.1 200 OK
Content-Length: 95
Content-Type: application/json; charset=utf-8
cache-control: no-cache

16:17:42.741 [AsyncHttpClient-1-5] DEBUG org.asynchttpclient.netty.channel.ChannelManager - Adding key: http://localhost:43654 for channel [id: 0x7b338615, L:/127.0.0.1:15018 - R:localhost/127.0.0.1:43654]
16:17:42.742 [Forwarding clearElement on session 48e9b7c26a7cde16e53e9e4fdd334fb8 to remote] DEBUG org.asynchttpclient.netty.request.NettyRequestSender - Using pooled Channel '[id: 0x7b338615, L:/127.0.0.1:15018 - R:localhost/127.0.0.1:43654]' for 'POST' to 'http://localhost:43654/session/48e9b7c26a7cde16e53e9e4fdd334fb8/element/6648D3231F6300EF67903F23BE977709_element_10/clear'
16:17:42.742 [Forwarding clearElement on session 48e9b7c26a7cde16e53e9e4fdd334fb8 to remote] DEBUG org.asynchttpclient.netty.request.NettyRequestSender - Using open Channel [id: 0x7b338615, L:/127.0.0.1:15018 - R:localhost/127.0.0.1:43654] for POST '/session/48e9b7c26a7cde16e53e9e4fdd334fb8/element/6648D3231F6300EF67903F23BE977709_element_10/clear'
16:17:42.781 [AsyncHttpClient-1-5] DEBUG org.asynchttpclient.netty.handler.HttpHandler - 

Request DefaultHttpRequest(decodeResult: success, version: HTTP/1.1)
POST /session/48e9b7c26a7cde16e53e9e4fdd334fb8/element/6648D3231F6300EF67903F23BE977709_element_10/clear HTTP/1.1
User-Agent: selenium/4.8.1 (java windows)
Content-Length: 57
Content-Type: application/json; charset=utf-8
host: localhost:43654
accept: */*

Response DefaultHttpResponse(decodeResult: success, version: HTTP/1.1)
HTTP/1.1 200 OK
Content-Length: 14
Content-Type: application/json; charset=utf-8
cache-control: no-cache

16:17:42.781 [AsyncHttpClient-1-5] DEBUG org.asynchttpclient.netty.channel.ChannelManager - Adding key: http://localhost:43654 for channel [id: 0x7b338615, L:/127.0.0.1:15018 - R:localhost/127.0.0.1:43654]
16:17:42.783 [Forwarding sendKeysToElement on session 48e9b7c26a7cde16e53e9e4fdd334fb8 to remote] DEBUG org.asynchttpclient.netty.request.NettyRequestSender - Using pooled Channel '[id: 0x7b338615, L:/127.0.0.1:15018 - R:localhost/127.0.0.1:43654]' for 'POST' to 'http://localhost:43654/session/48e9b7c26a7cde16e53e9e4fdd334fb8/element/6648D3231F6300EF67903F23BE977709_element_10/value'
16:17:42.783 [Forwarding sendKeysToElement on session 48e9b7c26a7cde16e53e9e4fdd334fb8 to remote] DEBUG org.asynchttpclient.netty.request.NettyRequestSender - Using open Channel [id: 0x7b338615, L:/127.0.0.1:15018 - R:localhost/127.0.0.1:43654] for POST '/session/48e9b7c26a7cde16e53e9e4fdd334fb8/element/6648D3231F6300EF67903F23BE977709_element_10/value'
16:17:43.082 [AsyncHttpClient-1-5] DEBUG org.asynchttpclient.netty.handler.HttpHandler - 

Request DefaultHttpRequest(decodeResult: success, version: HTTP/1.1)
POST /session/48e9b7c26a7cde16e53e9e4fdd334fb8/element/6648D3231F6300EF67903F23BE977709_element_10/value HTTP/1.1
User-Agent: selenium/4.8.1 (java windows)
Content-Length: 248
Content-Type: application/json; charset=utf-8
host: localhost:43654
accept: */*

Response DefaultHttpResponse(decodeResult: success, version: HTTP/1.1)
HTTP/1.1 200 OK
Content-Length: 14
Content-Type: application/json; charset=utf-8
cache-control: no-cache

16:17:43.083 [AsyncHttpClient-1-5] DEBUG org.asynchttpclient.netty.channel.ChannelManager - Adding key: http://localhost:43654 for channel [id: 0x7b338615, L:/127.0.0.1:15018 - R:localhost/127.0.0.1:43654]
16:17:43.094 [Forwarding getAlertText on session 48e9b7c26a7cde16e53e9e4fdd334fb8 to remote] DEBUG org.asynchttpclient.netty.request.NettyRequestSender - Using pooled Channel '[id: 0x7b338615, L:/127.0.0.1:15018 - R:localhost/127.0.0.1:43654]' for 'GET' to 'http://localhost:43654/session/48e9b7c26a7cde16e53e9e4fdd334fb8/alert/text'
16:17:43.094 [Forwarding getAlertText on session 48e9b7c26a7cde16e53e9e4fdd334fb8 to remote] DEBUG org.asynchttpclient.netty.request.NettyRequestSender - Using open Channel [id: 0x7b338615, L:/127.0.0.1:15018 - R:localhost/127.0.0.1:43654] for GET '/session/48e9b7c26a7cde16e53e9e4fdd334fb8/alert/text'
16:17:43.096 [AsyncHttpClient-1-5] DEBUG org.asynchttpclient.netty.handler.HttpHandler - 

Request DefaultFullHttpRequest(decodeResult: success, version: HTTP/1.1, content: EmptyByteBufBE)
GET /session/48e9b7c26a7cde16e53e9e4fdd334fb8/alert/text HTTP/1.1
User-Agent: selenium/4.8.1 (java windows)
Cache-Control: no-cache
Content-Type: application/json; charset=utf-8
host: localhost:43654
accept: */*

Response DefaultHttpResponse(decodeResult: success, version: HTTP/1.1)
HTTP/1.1 404 Not Found
Content-Length: 807
Content-Type: application/json; charset=utf-8
cache-control: no-cache

16:17:43.096 [AsyncHttpClient-1-5] DEBUG org.asynchttpclient.netty.channel.ChannelManager - Adding key: http://localhost:43654 for channel [id: 0x7b338615, L:/127.0.0.1:15018 - R:localhost/127.0.0.1:43654]
16:17:43.098 [Forwarding getCurrentUrl on session 48e9b7c26a7cde16e53e9e4fdd334fb8 to remote] DEBUG org.asynchttpclient.netty.request.NettyRequestSender - Using pooled Channel '[id: 0x7b338615, L:/127.0.0.1:15018 - R:localhost/127.0.0.1:43654]' for 'GET' to 'http://localhost:43654/session/48e9b7c26a7cde16e53e9e4fdd334fb8/url'
16:17:43.098 [Forwarding getCurrentUrl on session 48e9b7c26a7cde16e53e9e4fdd334fb8 to remote] DEBUG org.asynchttpclient.netty.request.NettyRequestSender - Using open Channel [id: 0x7b338615, L:/127.0.0.1:15018 - R:localhost/127.0.0.1:43654] for GET '/session/48e9b7c26a7cde16e53e9e4fdd334fb8/url'
16:17:43.101 [AsyncHttpClient-1-5] DEBUG org.asynchttpclient.netty.handler.HttpHandler - 

Request DefaultFullHttpRequest(decodeResult: success, version: HTTP/1.1, content: EmptyByteBufBE)
GET /session/48e9b7c26a7cde16e53e9e4fdd334fb8/url HTTP/1.1
User-Agent: selenium/4.8.1 (java windows)
Cache-Control: no-cache
Content-Type: application/json; charset=utf-8
host: localhost:43654
accept: */*

Response DefaultHttpResponse(decodeResult: success, version: HTTP/1.1)
HTTP/1.1 200 OK
Content-Length: 64
Content-Type: application/json; charset=utf-8
cache-control: no-cache

16:17:43.101 [AsyncHttpClient-1-5] DEBUG org.asynchttpclient.netty.channel.ChannelManager - Adding key: http://localhost:43654 for channel [id: 0x7b338615, L:/127.0.0.1:15018 - R:localhost/127.0.0.1:43654]
16:17:43.102 [Forwarding screenshot on session 48e9b7c26a7cde16e53e9e4fdd334fb8 to remote] DEBUG org.asynchttpclient.netty.request.NettyRequestSender - Using pooled Channel '[id: 0x7b338615, L:/127.0.0.1:15018 - R:localhost/127.0.0.1:43654]' for 'GET' to 'http://localhost:43654/session/48e9b7c26a7cde16e53e9e4fdd334fb8/screenshot'
16:17:43.102 [Forwarding screenshot on session 48e9b7c26a7cde16e53e9e4fdd334fb8 to remote] DEBUG org.asynchttpclient.netty.request.NettyRequestSender - Using open Channel [id: 0x7b338615, L:/127.0.0.1:15018 - R:localhost/127.0.0.1:43654] for GET '/session/48e9b7c26a7cde16e53e9e4fdd334fb8/screenshot'
16:17:43.181 [AsyncHttpClient-1-5] DEBUG org.asynchttpclient.netty.handler.HttpHandler - 

Request DefaultFullHttpRequest(decodeResult: success, version: HTTP/1.1, content: EmptyByteBufBE)
GET /session/48e9b7c26a7cde16e53e9e4fdd334fb8/screenshot HTTP/1.1
User-Agent: selenium/4.8.1 (java windows)
Cache-Control: no-cache
Content-Type: application/json; charset=utf-8
host: localhost:43654
accept: */*

Response DefaultHttpResponse(decodeResult: success, version: HTTP/1.1)
HTTP/1.1 200 OK
Content-Length: 126752
Content-Type: application/json; charset=utf-8
cache-control: no-cache

16:17:43.182 [AsyncHttpClient-1-5] DEBUG org.asynchttpclient.netty.channel.ChannelManager - Adding key: http://localhost:43654 for channel [id: 0x7b338615, L:/127.0.0.1:15018 - R:localhost/127.0.0.1:43654]
16:17:43.187 [main] DEBUG net.serenitybdd.core.photography.Darkroom - Send negative for processing for target\site\serenity\eceebb27d5e2574ae5e8f6a48e241e6dce72d4369fab83e216015bd08e0fb600.png
16:17:43.188 [main] DEBUG net.thucydides.core.steps.StepInterceptor - STEP DONE: inputEmail
16:17:43.188 [Darkroom Processing Line] DEBUG net.serenitybdd.core.photography.DarkroomProcessingLine - Processing screenshot image in /var/screenshots/screenshot-980714462530365999
16:17:43.188 [Darkroom Processing Line] DEBUG net.serenitybdd.core.photography.DarkroomProcessingLine - Saving screenshot to target\site\serenity\eceebb27d5e2574ae5e8f6a48e241e6dce72d4369fab83e216015bd08e0fb600.png
  &amp#27;[32mWhen &amp#27;[0m&amp#27;[32mI input email wrong password&amp#27;[0m                                      &amp#27;[90m# Starter.Stepdefitions.Failed3SigninSteps.inputEmailWrongPassword()&amp#27;[0m
16:17:43.197 [Forwarding getPageSource on session 48e9b7c26a7cde16e53e9e4fdd334fb8 to remote] DEBUG org.asynchttpclient.netty.request.NettyRequestSender - Using pooled Channel '[id: 0x7b338615, L:/127.0.0.1:15018 - R:localhost/127.0.0.1:43654]' for 'POST' to 'http://localhost:43654/session/48e9b7c26a7cde16e53e9e4fdd334fb8/execute/sync'
16:17:43.198 [Forwarding getPageSource on session 48e9b7c26a7cde16e53e9e4fdd334fb8 to remote] DEBUG org.asynchttpclient.netty.request.NettyRequestSender - Using open Channel [id: 0x7b338615, L:/127.0.0.1:15018 - R:localhost/127.0.0.1:43654] for POST '/session/48e9b7c26a7cde16e53e9e4fdd334fb8/execute/sync'
16:17:43.202 [AsyncHttpClient-1-5] DEBUG org.asynchttpclient.netty.handler.HttpHandler - 

Request DefaultHttpRequest(decodeResult: success, version: HTTP/1.1)
POST /session/48e9b7c26a7cde16e53e9e4fdd334fb8/execute/sync HTTP/1.1
User-Agent: selenium/4.8.1 (java windows)
Content-Length: 176
Content-Type: application/json; charset=utf-8
host: localhost:43654
accept: */*

Response DefaultHttpResponse(decodeResult: success, version: HTTP/1.1)
HTTP/1.1 200 OK
Content-Length: 6024
Content-Type: application/json; charset=utf-8
cache-control: no-cache

16:17:43.203 [AsyncHttpClient-1-5] DEBUG org.asynchttpclient.netty.channel.ChannelManager - Adding key: http://localhost:43654 for channel [id: 0x7b338615, L:/127.0.0.1:15018 - R:localhost/127.0.0.1:43654]
16:17:43.207 [Forwarding getCurrentUrl on session 48e9b7c26a7cde16e53e9e4fdd334fb8 to remote] DEBUG org.asynchttpclient.netty.request.NettyRequestSender - Using pooled Channel '[id: 0x7b338615, L:/127.0.0.1:15018 - R:localhost/127.0.0.1:43654]' for 'GET' to 'http://localhost:43654/session/48e9b7c26a7cde16e53e9e4fdd334fb8/url'
16:17:43.207 [Forwarding getCurrentUrl on session 48e9b7c26a7cde16e53e9e4fdd334fb8 to remote] DEBUG org.asynchttpclient.netty.request.NettyRequestSender - Using open Channel [id: 0x7b338615, L:/127.0.0.1:15018 - R:localhost/127.0.0.1:43654] for GET '/session/48e9b7c26a7cde16e53e9e4fdd334fb8/url'
16:17:43.211 [AsyncHttpClient-1-5] DEBUG org.asynchttpclient.netty.handler.HttpHandler - 

Request DefaultFullHttpRequest(decodeResult: success, version: HTTP/1.1, content: EmptyByteBufBE)
GET /session/48e9b7c26a7cde16e53e9e4fdd334fb8/url HTTP/1.1
User-Agent: selenium/4.8.1 (java windows)
Cache-Control: no-cache
Content-Type: application/json; charset=utf-8
host: localhost:43654
accept: */*

Response DefaultHttpResponse(decodeResult: success, version: HTTP/1.1)
HTTP/1.1 200 OK
Content-Length: 64
Content-Type: application/json; charset=utf-8
cache-control: no-cache

16:17:43.211 [AsyncHttpClient-1-5] DEBUG org.asynchttpclient.netty.channel.ChannelManager - Adding key: http://localhost:43654 for channel [id: 0x7b338615, L:/127.0.0.1:15018 - R:localhost/127.0.0.1:43654]
16:17:43.230 [Forwarding getPageSource on session 48e9b7c26a7cde16e53e9e4fdd334fb8 to remote] DEBUG org.asynchttpclient.netty.request.NettyRequestSender - Using pooled Channel '[id: 0x7b338615, L:/127.0.0.1:15018 - R:localhost/127.0.0.1:43654]' for 'POST' to 'http://localhost:43654/session/48e9b7c26a7cde16e53e9e4fdd334fb8/execute/sync'
16:17:43.231 [Forwarding getPageSource on session 48e9b7c26a7cde16e53e9e4fdd334fb8 to remote] DEBUG org.asynchttpclient.netty.request.NettyRequestSender - Using open Channel [id: 0x7b338615, L:/127.0.0.1:15018 - R:localhost/127.0.0.1:43654] for POST '/session/48e9b7c26a7cde16e53e9e4fdd334fb8/execute/sync'
16:17:43.236 [AsyncHttpClient-1-5] DEBUG org.asynchttpclient.netty.handler.HttpHandler - 

Request DefaultHttpRequest(decodeResult: success, version: HTTP/1.1)
POST /session/48e9b7c26a7cde16e53e9e4fdd334fb8/execute/sync HTTP/1.1
User-Agent: selenium/4.8.1 (java windows)
Content-Length: 176
Content-Type: application/json; charset=utf-8
host: localhost:43654
accept: */*

Response DefaultHttpResponse(decodeResult: success, version: HTTP/1.1)
HTTP/1.1 200 OK
Content-Length: 6024
Content-Type: application/json; charset=utf-8
cache-control: no-cache

16:17:43.237 [AsyncHttpClient-1-5] DEBUG org.asynchttpclient.netty.channel.ChannelManager - Adding key: http://localhost:43654 for channel [id: 0x7b338615, L:/127.0.0.1:15018 - R:localhost/127.0.0.1:43654]
16:17:43.239 [Forwarding getCurrentUrl on session 48e9b7c26a7cde16e53e9e4fdd334fb8 to remote] DEBUG org.asynchttpclient.netty.request.NettyRequestSender - Using pooled Channel '[id: 0x7b338615, L:/127.0.0.1:15018 - R:localhost/127.0.0.1:43654]' for 'GET' to 'http://localhost:43654/session/48e9b7c26a7cde16e53e9e4fdd334fb8/url'
16:17:43.239 [Forwarding getCurrentUrl on session 48e9b7c26a7cde16e53e9e4fdd334fb8 to remote] DEBUG org.asynchttpclient.netty.request.NettyRequestSender - Using open Channel [id: 0x7b338615, L:/127.0.0.1:15018 - R:localhost/127.0.0.1:43654] for GET '/session/48e9b7c26a7cde16e53e9e4fdd334fb8/url'
16:17:43.244 [AsyncHttpClient-1-1] DEBUG org.asynchttpclient.netty.channel.DefaultChannelPool - Entry count for : http://localhost:15019 : 1
16:17:43.244 [AsyncHttpClient-1-5] DEBUG org.asynchttpclient.netty.handler.HttpHandler - 

Request DefaultFullHttpRequest(decodeResult: success, version: HTTP/1.1, content: EmptyByteBufBE)
GET /session/48e9b7c26a7cde16e53e9e4fdd334fb8/url HTTP/1.1
User-Agent: selenium/4.8.1 (java windows)
Cache-Control: no-cache
Content-Type: application/json; charset=utf-8
host: localhost:43654
accept: */*

Response DefaultHttpResponse(decodeResult: success, version: HTTP/1.1)
HTTP/1.1 200 OK
Content-Length: 64
Content-Type: application/json; charset=utf-8
cache-control: no-cache

16:17:43.244 [AsyncHttpClient-1-5] DEBUG org.asynchttpclient.netty.channel.ChannelManager - Adding key: http://localhost:43654 for channel [id: 0x7b338615, L:/127.0.0.1:15018 - R:localhost/127.0.0.1:43654]
16:17:43.246 [main] DEBUG net.thucydides.core.steps.StepInterceptor - STARTING STEP: Failed3SigninSteps.inputPasswordWrongPassword - inputPassword
16:17:43.249 [Forwarding findElement on session 48e9b7c26a7cde16e53e9e4fdd334fb8 to remote] DEBUG org.asynchttpclient.netty.request.NettyRequestSender - Using pooled Channel '[id: 0x7b338615, L:/127.0.0.1:15018 - R:localhost/127.0.0.1:43654]' for 'POST' to 'http://localhost:43654/session/48e9b7c26a7cde16e53e9e4fdd334fb8/element'
16:17:43.249 [Forwarding findElement on session 48e9b7c26a7cde16e53e9e4fdd334fb8 to remote] DEBUG org.asynchttpclient.netty.request.NettyRequestSender - Using open Channel [id: 0x7b338615, L:/127.0.0.1:15018 - R:localhost/127.0.0.1:43654] for POST '/session/48e9b7c26a7cde16e53e9e4fdd334fb8/element'
16:17:43.267 [AsyncHttpClient-1-5] DEBUG org.asynchttpclient.netty.handler.HttpHandler - 

Request DefaultHttpRequest(decodeResult: success, version: HTTP/1.1)
POST /session/48e9b7c26a7cde16e53e9e4fdd334fb8/element HTTP/1.1
User-Agent: selenium/4.8.1 (java windows)
Content-Length: 70
Content-Type: application/json; charset=utf-8
host: localhost:43654
accept: */*

Response DefaultHttpResponse(decodeResult: success, version: HTTP/1.1)
HTTP/1.1 200 OK
Content-Length: 95
Content-Type: application/json; charset=utf-8
cache-control: no-cache

16:17:43.268 [AsyncHttpClient-1-5] DEBUG org.asynchttpclient.netty.channel.ChannelManager - Adding key: http://localhost:43654 for channel [id: 0x7b338615, L:/127.0.0.1:15018 - R:localhost/127.0.0.1:43654]
16:17:43.269 [Forwarding clearElement on session 48e9b7c26a7cde16e53e9e4fdd334fb8 to remote] DEBUG org.asynchttpclient.netty.request.NettyRequestSender - Using pooled Channel '[id: 0x7b338615, L:/127.0.0.1:15018 - R:localhost/127.0.0.1:43654]' for 'POST' to 'http://localhost:43654/session/48e9b7c26a7cde16e53e9e4fdd334fb8/element/6648D3231F6300EF67903F23BE977709_element_13/clear'
16:17:43.269 [Forwarding clearElement on session 48e9b7c26a7cde16e53e9e4fdd334fb8 to remote] DEBUG org.asynchttpclient.netty.request.NettyRequestSender - Using open Channel [id: 0x7b338615, L:/127.0.0.1:15018 - R:localhost/127.0.0.1:43654] for POST '/session/48e9b7c26a7cde16e53e9e4fdd334fb8/element/6648D3231F6300EF67903F23BE977709_element_13/clear'
16:17:43.303 [AsyncHttpClient-1-5] DEBUG org.asynchttpclient.netty.handler.HttpHandler - 

Request DefaultHttpRequest(decodeResult: success, version: HTTP/1.1)
POST /session/48e9b7c26a7cde16e53e9e4fdd334fb8/element/6648D3231F6300EF67903F23BE977709_element_13/clear HTTP/1.1
User-Agent: selenium/4.8.1 (java windows)
Content-Length: 57
Content-Type: application/json; charset=utf-8
host: localhost:43654
accept: */*

Response DefaultHttpResponse(decodeResult: success, version: HTTP/1.1)
HTTP/1.1 200 OK
Content-Length: 14
Content-Type: application/json; charset=utf-8
cache-control: no-cache

16:17:43.303 [AsyncHttpClient-1-5] DEBUG org.asynchttpclient.netty.channel.ChannelManager - Adding key: http://localhost:43654 for channel [id: 0x7b338615, L:/127.0.0.1:15018 - R:localhost/127.0.0.1:43654]
16:17:43.305 [Forwarding sendKeysToElement on session 48e9b7c26a7cde16e53e9e4fdd334fb8 to remote] DEBUG org.asynchttpclient.netty.request.NettyRequestSender - Using pooled Channel '[id: 0x7b338615, L:/127.0.0.1:15018 - R:localhost/127.0.0.1:43654]' for 'POST' to 'http://localhost:43654/session/48e9b7c26a7cde16e53e9e4fdd334fb8/element/6648D3231F6300EF67903F23BE977709_element_13/value'
16:17:43.305 [Forwarding sendKeysToElement on session 48e9b7c26a7cde16e53e9e4fdd334fb8 to remote] DEBUG org.asynchttpclient.netty.request.NettyRequestSender - Using open Channel [id: 0x7b338615, L:/127.0.0.1:15018 - R:localhost/127.0.0.1:43654] for POST '/session/48e9b7c26a7cde16e53e9e4fdd334fb8/element/6648D3231F6300EF67903F23BE977709_element_13/value'
16:17:43.367 [AsyncHttpClient-1-5] DEBUG org.asynchttpclient.netty.handler.HttpHandler - 

Request DefaultHttpRequest(decodeResult: success, version: HTTP/1.1)
POST /session/48e9b7c26a7cde16e53e9e4fdd334fb8/element/6648D3231F6300EF67903F23BE977709_element_13/value HTTP/1.1
User-Agent: selenium/4.8.1 (java windows)
Content-Length: 89
Content-Type: application/json; charset=utf-8
host: localhost:43654
accept: */*

Response DefaultHttpResponse(decodeResult: success, version: HTTP/1.1)
HTTP/1.1 200 OK
Content-Length: 14
Content-Type: application/json; charset=utf-8
cache-control: no-cache

16:17:43.367 [AsyncHttpClient-1-5] DEBUG org.asynchttpclient.netty.channel.ChannelManager - Adding key: http://localhost:43654 for channel [id: 0x7b338615, L:/127.0.0.1:15018 - R:localhost/127.0.0.1:43654]
16:17:43.375 [Forwarding getAlertText on session 48e9b7c26a7cde16e53e9e4fdd334fb8 to remote] DEBUG org.asynchttpclient.netty.request.NettyRequestSender - Using pooled Channel '[id: 0x7b338615, L:/127.0.0.1:15018 - R:localhost/127.0.0.1:43654]' for 'GET' to 'http://localhost:43654/session/48e9b7c26a7cde16e53e9e4fdd334fb8/alert/text'
16:17:43.375 [Forwarding getAlertText on session 48e9b7c26a7cde16e53e9e4fdd334fb8 to remote] DEBUG org.asynchttpclient.netty.request.NettyRequestSender - Using open Channel [id: 0x7b338615, L:/127.0.0.1:15018 - R:localhost/127.0.0.1:43654] for GET '/session/48e9b7c26a7cde16e53e9e4fdd334fb8/alert/text'
16:17:43.376 [AsyncHttpClient-1-5] DEBUG org.asynchttpclient.netty.handler.HttpHandler - 

Request DefaultFullHttpRequest(decodeResult: success, version: HTTP/1.1, content: EmptyByteBufBE)
GET /session/48e9b7c26a7cde16e53e9e4fdd334fb8/alert/text HTTP/1.1
User-Agent: selenium/4.8.1 (java windows)
Cache-Control: no-cache
Content-Type: application/json; charset=utf-8
host: localhost:43654
accept: */*

Response DefaultHttpResponse(decodeResult: success, version: HTTP/1.1)
HTTP/1.1 404 Not Found
Content-Length: 807
Content-Type: application/json; charset=utf-8
cache-control: no-cache

16:17:43.377 [AsyncHttpClient-1-5] DEBUG org.asynchttpclient.netty.channel.ChannelManager - Adding key: http://localhost:43654 for channel [id: 0x7b338615, L:/127.0.0.1:15018 - R:localhost/127.0.0.1:43654]
16:17:43.378 [Forwarding getCurrentUrl on session 48e9b7c26a7cde16e53e9e4fdd334fb8 to remote] DEBUG org.asynchttpclient.netty.request.NettyRequestSender - Using pooled Channel '[id: 0x7b338615, L:/127.0.0.1:15018 - R:localhost/127.0.0.1:43654]' for 'GET' to 'http://localhost:43654/session/48e9b7c26a7cde16e53e9e4fdd334fb8/url'
16:17:43.378 [Forwarding getCurrentUrl on session 48e9b7c26a7cde16e53e9e4fdd334fb8 to remote] DEBUG org.asynchttpclient.netty.request.NettyRequestSender - Using open Channel [id: 0x7b338615, L:/127.0.0.1:15018 - R:localhost/127.0.0.1:43654] for GET '/session/48e9b7c26a7cde16e53e9e4fdd334fb8/url'
16:17:43.383 [AsyncHttpClient-1-5] DEBUG org.asynchttpclient.netty.handler.HttpHandler - 

Request DefaultFullHttpRequest(decodeResult: success, version: HTTP/1.1, content: EmptyByteBufBE)
GET /session/48e9b7c26a7cde16e53e9e4fdd334fb8/url HTTP/1.1
User-Agent: selenium/4.8.1 (java windows)
Cache-Control: no-cache
Content-Type: application/json; charset=utf-8
host: localhost:43654
accept: */*

Response DefaultHttpResponse(decodeResult: success, version: HTTP/1.1)
HTTP/1.1 200 OK
Content-Length: 64
Content-Type: application/json; charset=utf-8
cache-control: no-cache

16:17:43.383 [AsyncHttpClient-1-5] DEBUG org.asynchttpclient.netty.channel.ChannelManager - Adding key: http://localhost:43654 for channel [id: 0x7b338615, L:/127.0.0.1:15018 - R:localhost/127.0.0.1:43654]
16:17:43.384 [Forwarding screenshot on session 48e9b7c26a7cde16e53e9e4fdd334fb8 to remote] DEBUG org.asynchttpclient.netty.request.NettyRequestSender - Using pooled Channel '[id: 0x7b338615, L:/127.0.0.1:15018 - R:localhost/127.0.0.1:43654]' for 'GET' to 'http://localhost:43654/session/48e9b7c26a7cde16e53e9e4fdd334fb8/screenshot'
16:17:43.384 [Forwarding screenshot on session 48e9b7c26a7cde16e53e9e4fdd334fb8 to remote] DEBUG org.asynchttpclient.netty.request.NettyRequestSender - Using open Channel [id: 0x7b338615, L:/127.0.0.1:15018 - R:localhost/127.0.0.1:43654] for GET '/session/48e9b7c26a7cde16e53e9e4fdd334fb8/screenshot'
16:17:43.535 [AsyncHttpClient-1-5] DEBUG org.asynchttpclient.netty.handler.HttpHandler - 

Request DefaultFullHttpRequest(decodeResult: success, version: HTTP/1.1, content: EmptyByteBufBE)
GET /session/48e9b7c26a7cde16e53e9e4fdd334fb8/screenshot HTTP/1.1
User-Agent: selenium/4.8.1 (java windows)
Cache-Control: no-cache
Content-Type: application/json; charset=utf-8
host: localhost:43654
accept: */*

Response DefaultHttpResponse(decodeResult: success, version: HTTP/1.1)
HTTP/1.1 200 OK
Content-Length: 126940
Content-Type: application/json; charset=utf-8
cache-control: no-cache

16:17:43.536 [AsyncHttpClient-1-5] DEBUG org.asynchttpclient.netty.channel.ChannelManager - Adding key: http://localhost:43654 for channel [id: 0x7b338615, L:/127.0.0.1:15018 - R:localhost/127.0.0.1:43654]
16:17:43.542 [main] DEBUG net.serenitybdd.core.photography.Darkroom - Send negative for processing for target\site\serenity\397519dc18f665cdfeb7f3c4a8952aa3b392ae10819913a9cdf7fb7ce0d92f62.png
16:17:43.542 [main] DEBUG net.thucydides.core.steps.StepInterceptor - STEP DONE: inputPassword
16:17:43.542 [Darkroom Processing Line] DEBUG net.serenitybdd.core.photography.DarkroomProcessingLine - Processing screenshot image in /var/screenshots/screenshot-5848044989716272333
16:17:43.542 [Darkroom Processing Line] DEBUG net.serenitybdd.core.photography.DarkroomProcessingLine - Saving screenshot to target\site\serenity\397519dc18f665cdfeb7f3c4a8952aa3b392ae10819913a9cdf7fb7ce0d92f62.png
  &amp#27;[32mAnd &amp#27;[0m&amp#27;[32mI input password wrong password&amp#27;[0m                                    &amp#27;[90m# Starter.Stepdefitions.Failed3SigninSteps.inputPasswordWrongPassword()&amp#27;[0m
16:17:43.553 [Forwarding getPageSource on session 48e9b7c26a7cde16e53e9e4fdd334fb8 to remote] DEBUG org.asynchttpclient.netty.request.NettyRequestSender - Using pooled Channel '[id: 0x7b338615, L:/127.0.0.1:15018 - R:localhost/127.0.0.1:43654]' for 'POST' to 'http://localhost:43654/session/48e9b7c26a7cde16e53e9e4fdd334fb8/execute/sync'
16:17:43.553 [Forwarding getPageSource on session 48e9b7c26a7cde16e53e9e4fdd334fb8 to remote] DEBUG org.asynchttpclient.netty.request.NettyRequestSender - Using open Channel [id: 0x7b338615, L:/127.0.0.1:15018 - R:localhost/127.0.0.1:43654] for POST '/session/48e9b7c26a7cde16e53e9e4fdd334fb8/execute/sync'
16:17:43.558 [AsyncHttpClient-1-5] DEBUG org.asynchttpclient.netty.handler.HttpHandler - 

Request DefaultHttpRequest(decodeResult: success, version: HTTP/1.1)
POST /session/48e9b7c26a7cde16e53e9e4fdd334fb8/execute/sync HTTP/1.1
User-Agent: selenium/4.8.1 (java windows)
Content-Length: 176
Content-Type: application/json; charset=utf-8
host: localhost:43654
accept: */*

Response DefaultHttpResponse(decodeResult: success, version: HTTP/1.1)
HTTP/1.1 200 OK
Content-Length: 6024
Content-Type: application/json; charset=utf-8
cache-control: no-cache

16:17:43.558 [AsyncHttpClient-1-5] DEBUG org.asynchttpclient.netty.channel.ChannelManager - Adding key: http://localhost:43654 for channel [id: 0x7b338615, L:/127.0.0.1:15018 - R:localhost/127.0.0.1:43654]
16:17:43.560 [Forwarding getCurrentUrl on session 48e9b7c26a7cde16e53e9e4fdd334fb8 to remote] DEBUG org.asynchttpclient.netty.request.NettyRequestSender - Using pooled Channel '[id: 0x7b338615, L:/127.0.0.1:15018 - R:localhost/127.0.0.1:43654]' for 'GET' to 'http://localhost:43654/session/48e9b7c26a7cde16e53e9e4fdd334fb8/url'
16:17:43.560 [Forwarding getCurrentUrl on session 48e9b7c26a7cde16e53e9e4fdd334fb8 to remote] DEBUG org.asynchttpclient.netty.request.NettyRequestSender - Using open Channel [id: 0x7b338615, L:/127.0.0.1:15018 - R:localhost/127.0.0.1:43654] for GET '/session/48e9b7c26a7cde16e53e9e4fdd334fb8/url'
16:17:43.565 [AsyncHttpClient-1-5] DEBUG org.asynchttpclient.netty.handler.HttpHandler - 

Request DefaultFullHttpRequest(decodeResult: success, version: HTTP/1.1, content: EmptyByteBufBE)
GET /session/48e9b7c26a7cde16e53e9e4fdd334fb8/url HTTP/1.1
User-Agent: selenium/4.8.1 (java windows)
Cache-Control: no-cache
Content-Type: application/json; charset=utf-8
host: localhost:43654
accept: */*

Response DefaultHttpResponse(decodeResult: success, version: HTTP/1.1)
HTTP/1.1 200 OK
Content-Length: 64
Content-Type: application/json; charset=utf-8
cache-control: no-cache

16:17:43.565 [AsyncHttpClient-1-5] DEBUG org.asynchttpclient.netty.channel.ChannelManager - Adding key: http://localhost:43654 for channel [id: 0x7b338615, L:/127.0.0.1:15018 - R:localhost/127.0.0.1:43654]
16:17:43.814 [Forwarding getAlertText on session 48e9b7c26a7cde16e53e9e4fdd334fb8 to remote] DEBUG org.asynchttpclient.netty.request.NettyRequestSender - Using pooled Channel '[id: 0x7b338615, L:/127.0.0.1:15018 - R:localhost/127.0.0.1:43654]' for 'GET' to 'http://localhost:43654/session/48e9b7c26a7cde16e53e9e4fdd334fb8/alert/text'
16:17:43.814 [Forwarding getAlertText on session 48e9b7c26a7cde16e53e9e4fdd334fb8 to remote] DEBUG org.asynchttpclient.netty.request.NettyRequestSender - Using open Channel [id: 0x7b338615, L:/127.0.0.1:15018 - R:localhost/127.0.0.1:43654] for GET '/session/48e9b7c26a7cde16e53e9e4fdd334fb8/alert/text'
16:17:43.817 [AsyncHttpClient-1-5] DEBUG org.asynchttpclient.netty.handler.HttpHandler - 

Request DefaultFullHttpRequest(decodeResult: success, version: HTTP/1.1, content: EmptyByteBufBE)
GET /session/48e9b7c26a7cde16e53e9e4fdd334fb8/alert/text HTTP/1.1
User-Agent: selenium/4.8.1 (java windows)
Cache-Control: no-cache
Content-Type: application/json; charset=utf-8
host: localhost:43654
accept: */*

Response DefaultHttpResponse(decodeResult: success, version: HTTP/1.1)
HTTP/1.1 404 Not Found
Content-Length: 807
Content-Type: application/json; charset=utf-8
cache-control: no-cache

16:17:43.817 [AsyncHttpClient-1-5] DEBUG org.asynchttpclient.netty.channel.ChannelManager - Adding key: http://localhost:43654 for channel [id: 0x7b338615, L:/127.0.0.1:15018 - R:localhost/127.0.0.1:43654]
16:17:43.819 [Forwarding getCurrentUrl on session 48e9b7c26a7cde16e53e9e4fdd334fb8 to remote] DEBUG org.asynchttpclient.netty.request.NettyRequestSender - Using pooled Channel '[id: 0x7b338615, L:/127.0.0.1:15018 - R:localhost/127.0.0.1:43654]' for 'GET' to 'http://localhost:43654/session/48e9b7c26a7cde16e53e9e4fdd334fb8/url'
16:17:43.819 [Forwarding getCurrentUrl on session 48e9b7c26a7cde16e53e9e4fdd334fb8 to remote] DEBUG org.asynchttpclient.netty.request.NettyRequestSender - Using open Channel [id: 0x7b338615, L:/127.0.0.1:15018 - R:localhost/127.0.0.1:43654] for GET '/session/48e9b7c26a7cde16e53e9e4fdd334fb8/url'
16:17:43.824 [AsyncHttpClient-1-5] DEBUG org.asynchttpclient.netty.handler.HttpHandler - 

Request DefaultFullHttpRequest(decodeResult: success, version: HTTP/1.1, content: EmptyByteBufBE)
GET /session/48e9b7c26a7cde16e53e9e4fdd334fb8/url HTTP/1.1
User-Agent: selenium/4.8.1 (java windows)
Cache-Control: no-cache
Content-Type: application/json; charset=utf-8
host: localhost:43654
accept: */*

Response DefaultHttpResponse(decodeResult: success, version: HTTP/1.1)
HTTP/1.1 200 OK
Content-Length: 64
Content-Type: application/json; charset=utf-8
cache-control: no-cache

16:17:43.825 [AsyncHttpClient-1-5] DEBUG org.asynchttpclient.netty.channel.ChannelManager - Adding key: http://localhost:43654 for channel [id: 0x7b338615, L:/127.0.0.1:15018 - R:localhost/127.0.0.1:43654]
16:17:43.825 [Forwarding screenshot on session 48e9b7c26a7cde16e53e9e4fdd334fb8 to remote] DEBUG org.asynchttpclient.netty.request.NettyRequestSender - Using pooled Channel '[id: 0x7b338615, L:/127.0.0.1:15018 - R:localhost/127.0.0.1:43654]' for 'GET' to 'http://localhost:43654/session/48e9b7c26a7cde16e53e9e4fdd334fb8/screenshot'
16:17:43.825 [Forwarding screenshot on session 48e9b7c26a7cde16e53e9e4fdd334fb8 to remote] DEBUG org.asynchttpclient.netty.request.NettyRequestSender - Using open Channel [id: 0x7b338615, L:/127.0.0.1:15018 - R:localhost/127.0.0.1:43654] for GET '/session/48e9b7c26a7cde16e53e9e4fdd334fb8/screenshot'
16:17:43.901 [AsyncHttpClient-1-5] DEBUG org.asynchttpclient.netty.handler.HttpHandler - 

Request DefaultFullHttpRequest(decodeResult: success, version: HTTP/1.1, content: EmptyByteBufBE)
GET /session/48e9b7c26a7cde16e53e9e4fdd334fb8/screenshot HTTP/1.1
User-Agent: selenium/4.8.1 (java windows)
Cache-Control: no-cache
Content-Type: application/json; charset=utf-8
host: localhost:43654
accept: */*

Response DefaultHttpResponse(decodeResult: success, version: HTTP/1.1)
HTTP/1.1 200 OK
Content-Length: 126784
Content-Type: application/json; charset=utf-8
cache-control: no-cache

16:17:43.902 [AsyncHttpClient-1-5] DEBUG org.asynchttpclient.netty.channel.ChannelManager - Adding key: http://localhost:43654 for channel [id: 0x7b338615, L:/127.0.0.1:15018 - R:localhost/127.0.0.1:43654]
16:17:43.908 [main] DEBUG net.serenitybdd.core.photography.Darkroom - Send negative for processing for target\site\serenity\a14c6b0d525848b84a1020a1d8e21e731d82957b142e0104ee8bfcf494033ef3.png
16:17:43.908 [Darkroom Processing Line] DEBUG net.serenitybdd.core.photography.DarkroomProcessingLine - Processing screenshot image in /var/screenshots/screenshot-5762168127953901445
16:17:43.908 [Darkroom Processing Line] DEBUG net.serenitybdd.core.photography.DarkroomProcessingLine - Saving screenshot to target\site\serenity\a14c6b0d525848b84a1020a1d8e21e731d82957b142e0104ee8bfcf494033ef3.png
16:17:43.909 [Forwarding getPageSource on session 48e9b7c26a7cde16e53e9e4fdd334fb8 to remote] DEBUG org.asynchttpclient.netty.request.NettyRequestSender - Using pooled Channel '[id: 0x7b338615, L:/127.0.0.1:15018 - R:localhost/127.0.0.1:43654]' for 'POST' to 'http://localhost:43654/session/48e9b7c26a7cde16e53e9e4fdd334fb8/execute/sync'
16:17:43.909 [Forwarding getPageSource on session 48e9b7c26a7cde16e53e9e4fdd334fb8 to remote] DEBUG org.asynchttpclient.netty.request.NettyRequestSender - Using open Channel [id: 0x7b338615, L:/127.0.0.1:15018 - R:localhost/127.0.0.1:43654] for POST '/session/48e9b7c26a7cde16e53e9e4fdd334fb8/execute/sync'
16:17:43.915 [AsyncHttpClient-1-5] DEBUG org.asynchttpclient.netty.handler.HttpHandler - 

Request DefaultHttpRequest(decodeResult: success, version: HTTP/1.1)
POST /session/48e9b7c26a7cde16e53e9e4fdd334fb8/execute/sync HTTP/1.1
User-Agent: selenium/4.8.1 (java windows)
Content-Length: 176
Content-Type: application/json; charset=utf-8
host: localhost:43654
accept: */*

Response DefaultHttpResponse(decodeResult: success, version: HTTP/1.1)
HTTP/1.1 200 OK
Content-Length: 6024
Content-Type: application/json; charset=utf-8
cache-control: no-cache

16:17:43.915 [AsyncHttpClient-1-5] DEBUG org.asynchttpclient.netty.channel.ChannelManager - Adding key: http://localhost:43654 for channel [id: 0x7b338615, L:/127.0.0.1:15018 - R:localhost/127.0.0.1:43654]
16:17:43.918 [Forwarding getCurrentUrl on session 48e9b7c26a7cde16e53e9e4fdd334fb8 to remote] DEBUG org.asynchttpclient.netty.request.NettyRequestSender - Using pooled Channel '[id: 0x7b338615, L:/127.0.0.1:15018 - R:localhost/127.0.0.1:43654]' for 'GET' to 'http://localhost:43654/session/48e9b7c26a7cde16e53e9e4fdd334fb8/url'
16:17:43.918 [Forwarding getCurrentUrl on session 48e9b7c26a7cde16e53e9e4fdd334fb8 to remote] DEBUG org.asynchttpclient.netty.request.NettyRequestSender - Using open Channel [id: 0x7b338615, L:/127.0.0.1:15018 - R:localhost/127.0.0.1:43654] for GET '/session/48e9b7c26a7cde16e53e9e4fdd334fb8/url'
16:17:43.923 [AsyncHttpClient-1-5] DEBUG org.asynchttpclient.netty.handler.HttpHandler - 

Request DefaultFullHttpRequest(decodeResult: success, version: HTTP/1.1, content: EmptyByteBufBE)
GET /session/48e9b7c26a7cde16e53e9e4fdd334fb8/url HTTP/1.1
User-Agent: selenium/4.8.1 (java windows)
Cache-Control: no-cache
Content-Type: application/json; charset=utf-8
host: localhost:43654
accept: */*

Response DefaultHttpResponse(decodeResult: success, version: HTTP/1.1)
HTTP/1.1 200 OK
Content-Length: 64
Content-Type: application/json; charset=utf-8
cache-control: no-cache

16:17:43.923 [AsyncHttpClient-1-5] DEBUG org.asynchttpclient.netty.channel.ChannelManager - Adding key: http://localhost:43654 for channel [id: 0x7b338615, L:/127.0.0.1:15018 - R:localhost/127.0.0.1:43654]
16:17:44.284 [main] DEBUG net.thucydides.core.steps.StepInterceptor - STARTING STEP: Failed3SigninSteps.clickLoginWrongPassword - clickLoginButton
16:17:44.287 [Forwarding findElement on session 48e9b7c26a7cde16e53e9e4fdd334fb8 to remote] DEBUG org.asynchttpclient.netty.request.NettyRequestSender - Using pooled Channel '[id: 0x7b338615, L:/127.0.0.1:15018 - R:localhost/127.0.0.1:43654]' for 'POST' to 'http://localhost:43654/session/48e9b7c26a7cde16e53e9e4fdd334fb8/element'
16:17:44.287 [Forwarding findElement on session 48e9b7c26a7cde16e53e9e4fdd334fb8 to remote] DEBUG org.asynchttpclient.netty.request.NettyRequestSender - Using open Channel [id: 0x7b338615, L:/127.0.0.1:15018 - R:localhost/127.0.0.1:43654] for POST '/session/48e9b7c26a7cde16e53e9e4fdd334fb8/element'
16:17:44.301 [AsyncHttpClient-1-5] DEBUG org.asynchttpclient.netty.handler.HttpHandler - 

Request DefaultHttpRequest(decodeResult: success, version: HTTP/1.1)
POST /session/48e9b7c26a7cde16e53e9e4fdd334fb8/element HTTP/1.1
User-Agent: selenium/4.8.1 (java windows)
Content-Length: 69
Content-Type: application/json; charset=utf-8
host: localhost:43654
accept: */*

Response DefaultHttpResponse(decodeResult: success, version: HTTP/1.1)
HTTP/1.1 200 OK
Content-Length: 95
Content-Type: application/json; charset=utf-8
cache-control: no-cache

16:17:44.301 [AsyncHttpClient-1-5] DEBUG org.asynchttpclient.netty.channel.ChannelManager - Adding key: http://localhost:43654 for channel [id: 0x7b338615, L:/127.0.0.1:15018 - R:localhost/127.0.0.1:43654]
16:17:44.302 [Forwarding getElementTagName on session 48e9b7c26a7cde16e53e9e4fdd334fb8 to remote] DEBUG org.asynchttpclient.netty.request.NettyRequestSender - Using pooled Channel '[id: 0x7b338615, L:/127.0.0.1:15018 - R:localhost/127.0.0.1:43654]' for 'GET' to 'http://localhost:43654/session/48e9b7c26a7cde16e53e9e4fdd334fb8/element/6648D3231F6300EF67903F23BE977709_element_18/name'
16:17:44.303 [Forwarding getElementTagName on session 48e9b7c26a7cde16e53e9e4fdd334fb8 to remote] DEBUG org.asynchttpclient.netty.request.NettyRequestSender - Using open Channel [id: 0x7b338615, L:/127.0.0.1:15018 - R:localhost/127.0.0.1:43654] for GET '/session/48e9b7c26a7cde16e53e9e4fdd334fb8/element/6648D3231F6300EF67903F23BE977709_element_18/name'
16:17:44.308 [AsyncHttpClient-1-5] DEBUG org.asynchttpclient.netty.handler.HttpHandler - 

Request DefaultFullHttpRequest(decodeResult: success, version: HTTP/1.1, content: EmptyByteBufBE)
GET /session/48e9b7c26a7cde16e53e9e4fdd334fb8/element/6648D3231F6300EF67903F23BE977709_element_18/name HTTP/1.1
User-Agent: selenium/4.8.1 (java windows)
Cache-Control: no-cache
Content-Type: application/json; charset=utf-8
host: localhost:43654
accept: */*

Response DefaultHttpResponse(decodeResult: success, version: HTTP/1.1)
HTTP/1.1 200 OK
Content-Length: 18
Content-Type: application/json; charset=utf-8
cache-control: no-cache

16:17:44.308 [AsyncHttpClient-1-5] DEBUG org.asynchttpclient.netty.channel.ChannelManager - Adding key: http://localhost:43654 for channel [id: 0x7b338615, L:/127.0.0.1:15018 - R:localhost/127.0.0.1:43654]
16:17:44.310 [Forwarding getElementTagName on session 48e9b7c26a7cde16e53e9e4fdd334fb8 to remote] DEBUG org.asynchttpclient.netty.request.NettyRequestSender - Using pooled Channel '[id: 0x7b338615, L:/127.0.0.1:15018 - R:localhost/127.0.0.1:43654]' for 'GET' to 'http://localhost:43654/session/48e9b7c26a7cde16e53e9e4fdd334fb8/element/6648D3231F6300EF67903F23BE977709_element_18/name'
16:17:44.310 [Forwarding getElementTagName on session 48e9b7c26a7cde16e53e9e4fdd334fb8 to remote] DEBUG org.asynchttpclient.netty.request.NettyRequestSender - Using open Channel [id: 0x7b338615, L:/127.0.0.1:15018 - R:localhost/127.0.0.1:43654] for GET '/session/48e9b7c26a7cde16e53e9e4fdd334fb8/element/6648D3231F6300EF67903F23BE977709_element_18/name'
16:17:44.315 [AsyncHttpClient-1-5] DEBUG org.asynchttpclient.netty.handler.HttpHandler - 

Request DefaultFullHttpRequest(decodeResult: success, version: HTTP/1.1, content: EmptyByteBufBE)
GET /session/48e9b7c26a7cde16e53e9e4fdd334fb8/element/6648D3231F6300EF67903F23BE977709_element_18/name HTTP/1.1
User-Agent: selenium/4.8.1 (java windows)
Cache-Control: no-cache
Content-Type: application/json; charset=utf-8
host: localhost:43654
accept: */*

Response DefaultHttpResponse(decodeResult: success, version: HTTP/1.1)
HTTP/1.1 200 OK
Content-Length: 18
Content-Type: application/json; charset=utf-8
cache-control: no-cache

16:17:44.315 [AsyncHttpClient-1-5] DEBUG org.asynchttpclient.netty.channel.ChannelManager - Adding key: http://localhost:43654 for channel [id: 0x7b338615, L:/127.0.0.1:15018 - R:localhost/127.0.0.1:43654]
16:17:44.317 [Forwarding isElementEnabled on session 48e9b7c26a7cde16e53e9e4fdd334fb8 to remote] DEBUG org.asynchttpclient.netty.request.NettyRequestSender - Using pooled Channel '[id: 0x7b338615, L:/127.0.0.1:15018 - R:localhost/127.0.0.1:43654]' for 'GET' to 'http://localhost:43654/session/48e9b7c26a7cde16e53e9e4fdd334fb8/element/6648D3231F6300EF67903F23BE977709_element_18/enabled'
16:17:44.318 [Forwarding isElementEnabled on session 48e9b7c26a7cde16e53e9e4fdd334fb8 to remote] DEBUG org.asynchttpclient.netty.request.NettyRequestSender - Using open Channel [id: 0x7b338615, L:/127.0.0.1:15018 - R:localhost/127.0.0.1:43654] for GET '/session/48e9b7c26a7cde16e53e9e4fdd334fb8/element/6648D3231F6300EF67903F23BE977709_element_18/enabled'
16:17:44.324 [AsyncHttpClient-1-5] DEBUG org.asynchttpclient.netty.handler.HttpHandler - 

Request DefaultFullHttpRequest(decodeResult: success, version: HTTP/1.1, content: EmptyByteBufBE)
GET /session/48e9b7c26a7cde16e53e9e4fdd334fb8/element/6648D3231F6300EF67903F23BE977709_element_18/enabled HTTP/1.1
User-Agent: selenium/4.8.1 (java windows)
Cache-Control: no-cache
Content-Type: application/json; charset=utf-8
host: localhost:43654
accept: */*

Response DefaultHttpResponse(decodeResult: success, version: HTTP/1.1)
HTTP/1.1 200 OK
Content-Length: 14
Content-Type: application/json; charset=utf-8
cache-control: no-cache

16:17:44.324 [AsyncHttpClient-1-5] DEBUG org.asynchttpclient.netty.channel.ChannelManager - Adding key: http://localhost:43654 for channel [id: 0x7b338615, L:/127.0.0.1:15018 - R:localhost/127.0.0.1:43654]
16:17:44.325 [Forwarding isElementEnabled on session 48e9b7c26a7cde16e53e9e4fdd334fb8 to remote] DEBUG org.asynchttpclient.netty.request.NettyRequestSender - Using pooled Channel '[id: 0x7b338615, L:/127.0.0.1:15018 - R:localhost/127.0.0.1:43654]' for 'GET' to 'http://localhost:43654/session/48e9b7c26a7cde16e53e9e4fdd334fb8/element/6648D3231F6300EF67903F23BE977709_element_18/enabled'
16:17:44.325 [Forwarding isElementEnabled on session 48e9b7c26a7cde16e53e9e4fdd334fb8 to remote] DEBUG org.asynchttpclient.netty.request.NettyRequestSender - Using open Channel [id: 0x7b338615, L:/127.0.0.1:15018 - R:localhost/127.0.0.1:43654] for GET '/session/48e9b7c26a7cde16e53e9e4fdd334fb8/element/6648D3231F6300EF67903F23BE977709_element_18/enabled'
16:17:44.331 [AsyncHttpClient-1-5] DEBUG org.asynchttpclient.netty.handler.HttpHandler - 

Request DefaultFullHttpRequest(decodeResult: success, version: HTTP/1.1, content: EmptyByteBufBE)
GET /session/48e9b7c26a7cde16e53e9e4fdd334fb8/element/6648D3231F6300EF67903F23BE977709_element_18/enabled HTTP/1.1
User-Agent: selenium/4.8.1 (java windows)
Cache-Control: no-cache
Content-Type: application/json; charset=utf-8
host: localhost:43654
accept: */*

Response DefaultHttpResponse(decodeResult: success, version: HTTP/1.1)
HTTP/1.1 200 OK
Content-Length: 14
Content-Type: application/json; charset=utf-8
cache-control: no-cache

16:17:44.332 [AsyncHttpClient-1-5] DEBUG org.asynchttpclient.netty.channel.ChannelManager - Adding key: http://localhost:43654 for channel [id: 0x7b338615, L:/127.0.0.1:15018 - R:localhost/127.0.0.1:43654]
16:17:44.333 [Forwarding findElement on session 48e9b7c26a7cde16e53e9e4fdd334fb8 to remote] DEBUG org.asynchttpclient.netty.request.NettyRequestSender - Using pooled Channel '[id: 0x7b338615, L:/127.0.0.1:15018 - R:localhost/127.0.0.1:43654]' for 'POST' to 'http://localhost:43654/session/48e9b7c26a7cde16e53e9e4fdd334fb8/element'
16:17:44.334 [Forwarding findElement on session 48e9b7c26a7cde16e53e9e4fdd334fb8 to remote] DEBUG org.asynchttpclient.netty.request.NettyRequestSender - Using open Channel [id: 0x7b338615, L:/127.0.0.1:15018 - R:localhost/127.0.0.1:43654] for POST '/session/48e9b7c26a7cde16e53e9e4fdd334fb8/element'
16:17:44.341 [AsyncHttpClient-1-5] DEBUG org.asynchttpclient.netty.handler.HttpHandler - 

Request DefaultHttpRequest(decodeResult: success, version: HTTP/1.1)
POST /session/48e9b7c26a7cde16e53e9e4fdd334fb8/element HTTP/1.1
User-Agent: selenium/4.8.1 (java windows)
Content-Length: 69
Content-Type: application/json; charset=utf-8
host: localhost:43654
accept: */*

Response DefaultHttpResponse(decodeResult: success, version: HTTP/1.1)
HTTP/1.1 200 OK
Content-Length: 95
Content-Type: application/json; charset=utf-8
cache-control: no-cache

16:17:44.342 [AsyncHttpClient-1-5] DEBUG org.asynchttpclient.netty.channel.ChannelManager - Adding key: http://localhost:43654 for channel [id: 0x7b338615, L:/127.0.0.1:15018 - R:localhost/127.0.0.1:43654]
16:17:44.343 [AsyncHttpClient-1-1] DEBUG org.asynchttpclient.netty.channel.DefaultChannelPool - Entry count for : http://localhost:15019 : 1
16:17:44.343 [Forwarding clickElement on session 48e9b7c26a7cde16e53e9e4fdd334fb8 to remote] DEBUG org.asynchttpclient.netty.request.NettyRequestSender - Using pooled Channel '[id: 0x7b338615, L:/127.0.0.1:15018 - R:localhost/127.0.0.1:43654]' for 'POST' to 'http://localhost:43654/session/48e9b7c26a7cde16e53e9e4fdd334fb8/element/6648D3231F6300EF67903F23BE977709_element_18/click'
16:17:44.343 [Forwarding clickElement on session 48e9b7c26a7cde16e53e9e4fdd334fb8 to remote] DEBUG org.asynchttpclient.netty.request.NettyRequestSender - Using open Channel [id: 0x7b338615, L:/127.0.0.1:15018 - R:localhost/127.0.0.1:43654] for POST '/session/48e9b7c26a7cde16e53e9e4fdd334fb8/element/6648D3231F6300EF67903F23BE977709_element_18/click'
16:17:44.417 [AsyncHttpClient-1-5] DEBUG org.asynchttpclient.netty.handler.HttpHandler - 

Request DefaultHttpRequest(decodeResult: success, version: HTTP/1.1)
POST /session/48e9b7c26a7cde16e53e9e4fdd334fb8/element/6648D3231F6300EF67903F23BE977709_element_18/click HTTP/1.1
User-Agent: selenium/4.8.1 (java windows)
Content-Length: 57
Content-Type: application/json; charset=utf-8
host: localhost:43654
accept: */*

Response DefaultHttpResponse(decodeResult: success, version: HTTP/1.1)
HTTP/1.1 200 OK
Content-Length: 14
Content-Type: application/json; charset=utf-8
cache-control: no-cache

16:17:44.418 [AsyncHttpClient-1-5] DEBUG org.asynchttpclient.netty.channel.ChannelManager - Adding key: http://localhost:43654 for channel [id: 0x7b338615, L:/127.0.0.1:15018 - R:localhost/127.0.0.1:43654]
16:17:44.429 [Forwarding getAlertText on session 48e9b7c26a7cde16e53e9e4fdd334fb8 to remote] DEBUG org.asynchttpclient.netty.request.NettyRequestSender - Using pooled Channel '[id: 0x7b338615, L:/127.0.0.1:15018 - R:localhost/127.0.0.1:43654]' for 'GET' to 'http://localhost:43654/session/48e9b7c26a7cde16e53e9e4fdd334fb8/alert/text'
16:17:44.429 [Forwarding getAlertText on session 48e9b7c26a7cde16e53e9e4fdd334fb8 to remote] DEBUG org.asynchttpclient.netty.request.NettyRequestSender - Using open Channel [id: 0x7b338615, L:/127.0.0.1:15018 - R:localhost/127.0.0.1:43654] for GET '/session/48e9b7c26a7cde16e53e9e4fdd334fb8/alert/text'
16:17:44.433 [AsyncHttpClient-1-5] DEBUG org.asynchttpclient.netty.handler.HttpHandler - 

Request DefaultFullHttpRequest(decodeResult: success, version: HTTP/1.1, content: EmptyByteBufBE)
GET /session/48e9b7c26a7cde16e53e9e4fdd334fb8/alert/text HTTP/1.1
User-Agent: selenium/4.8.1 (java windows)
Cache-Control: no-cache
Content-Type: application/json; charset=utf-8
host: localhost:43654
accept: */*

Response DefaultHttpResponse(decodeResult: success, version: HTTP/1.1)
HTTP/1.1 404 Not Found
Content-Length: 807
Content-Type: application/json; charset=utf-8
cache-control: no-cache

16:17:44.434 [AsyncHttpClient-1-5] DEBUG org.asynchttpclient.netty.channel.ChannelManager - Adding key: http://localhost:43654 for channel [id: 0x7b338615, L:/127.0.0.1:15018 - R:localhost/127.0.0.1:43654]
16:17:44.436 [Forwarding getCurrentUrl on session 48e9b7c26a7cde16e53e9e4fdd334fb8 to remote] DEBUG org.asynchttpclient.netty.request.NettyRequestSender - Using pooled Channel '[id: 0x7b338615, L:/127.0.0.1:15018 - R:localhost/127.0.0.1:43654]' for 'GET' to 'http://localhost:43654/session/48e9b7c26a7cde16e53e9e4fdd334fb8/url'
16:17:44.436 [Forwarding getCurrentUrl on session 48e9b7c26a7cde16e53e9e4fdd334fb8 to remote] DEBUG org.asynchttpclient.netty.request.NettyRequestSender - Using open Channel [id: 0x7b338615, L:/127.0.0.1:15018 - R:localhost/127.0.0.1:43654] for GET '/session/48e9b7c26a7cde16e53e9e4fdd334fb8/url'
16:17:44.442 [AsyncHttpClient-1-5] DEBUG org.asynchttpclient.netty.handler.HttpHandler - 

Request DefaultFullHttpRequest(decodeResult: success, version: HTTP/1.1, content: EmptyByteBufBE)
GET /session/48e9b7c26a7cde16e53e9e4fdd334fb8/url HTTP/1.1
User-Agent: selenium/4.8.1 (java windows)
Cache-Control: no-cache
Content-Type: application/json; charset=utf-8
host: localhost:43654
accept: */*

Response DefaultHttpResponse(decodeResult: success, version: HTTP/1.1)
HTTP/1.1 200 OK
Content-Length: 64
Content-Type: application/json; charset=utf-8
cache-control: no-cache

16:17:44.442 [AsyncHttpClient-1-5] DEBUG org.asynchttpclient.netty.channel.ChannelManager - Adding key: http://localhost:43654 for channel [id: 0x7b338615, L:/127.0.0.1:15018 - R:localhost/127.0.0.1:43654]
16:17:44.445 [Forwarding screenshot on session 48e9b7c26a7cde16e53e9e4fdd334fb8 to remote] DEBUG org.asynchttpclient.netty.request.NettyRequestSender - Using pooled Channel '[id: 0x7b338615, L:/127.0.0.1:15018 - R:localhost/127.0.0.1:43654]' for 'GET' to 'http://localhost:43654/session/48e9b7c26a7cde16e53e9e4fdd334fb8/screenshot'
16:17:44.445 [Forwarding screenshot on session 48e9b7c26a7cde16e53e9e4fdd334fb8 to remote] DEBUG org.asynchttpclient.netty.request.NettyRequestSender - Using open Channel [id: 0x7b338615, L:/127.0.0.1:15018 - R:localhost/127.0.0.1:43654] for GET '/session/48e9b7c26a7cde16e53e9e4fdd334fb8/screenshot'
16:17:44.588 [AsyncHttpClient-1-5] DEBUG org.asynchttpclient.netty.handler.HttpHandler - 

Request DefaultFullHttpRequest(decodeResult: success, version: HTTP/1.1, content: EmptyByteBufBE)
GET /session/48e9b7c26a7cde16e53e9e4fdd334fb8/screenshot HTTP/1.1
User-Agent: selenium/4.8.1 (java windows)
Cache-Control: no-cache
Content-Type: application/json; charset=utf-8
host: localhost:43654
accept: */*

Response DefaultHttpResponse(decodeResult: success, version: HTTP/1.1)
HTTP/1.1 200 OK
Content-Length: 127280
Content-Type: application/json; charset=utf-8
cache-control: no-cache

16:17:44.589 [AsyncHttpClient-1-5] DEBUG org.asynchttpclient.netty.channel.ChannelManager - Adding key: http://localhost:43654 for channel [id: 0x7b338615, L:/127.0.0.1:15018 - R:localhost/127.0.0.1:43654]
16:17:44.594 [main] DEBUG net.serenitybdd.core.photography.Darkroom - Send negative for processing for target\site\serenity\b32e27bd0ec11678161f49ecfdcc72aefe85c712e05910e61846c3125f76c76e.png
16:17:44.595 [main] DEBUG net.thucydides.core.steps.StepInterceptor - STEP DONE: clickLoginButton
16:17:44.595 [Darkroom Processing Line] DEBUG net.serenitybdd.core.photography.DarkroomProcessingLine - Processing screenshot image in /var/screenshots/screenshot-7546842763123884089
16:17:44.595 [Darkroom Processing Line] DEBUG net.serenitybdd.core.photography.DarkroomProcessingLine - Saving screenshot to target\site\serenity\b32e27bd0ec11678161f49ecfdcc72aefe85c712e05910e61846c3125f76c76e.png
  &amp#27;[32mAnd &amp#27;[0m&amp#27;[32mI click sign in wrong password&amp#27;[0m                                     &amp#27;[90m# Starter.Stepdefitions.Failed3SigninSteps.clickLoginWrongPassword()&amp#27;[0m
16:17:44.606 [Forwarding getPageSource on session 48e9b7c26a7cde16e53e9e4fdd334fb8 to remote] DEBUG org.asynchttpclient.netty.request.NettyRequestSender - Using pooled Channel '[id: 0x7b338615, L:/127.0.0.1:15018 - R:localhost/127.0.0.1:43654]' for 'POST' to 'http://localhost:43654/session/48e9b7c26a7cde16e53e9e4fdd334fb8/execute/sync'
16:17:44.606 [Forwarding getPageSource on session 48e9b7c26a7cde16e53e9e4fdd334fb8 to remote] DEBUG org.asynchttpclient.netty.request.NettyRequestSender - Using open Channel [id: 0x7b338615, L:/127.0.0.1:15018 - R:localhost/127.0.0.1:43654] for POST '/session/48e9b7c26a7cde16e53e9e4fdd334fb8/execute/sync'
16:17:44.612 [AsyncHttpClient-1-5] DEBUG org.asynchttpclient.netty.handler.HttpHandler - 

Request DefaultHttpRequest(decodeResult: success, version: HTTP/1.1)
POST /session/48e9b7c26a7cde16e53e9e4fdd334fb8/execute/sync HTTP/1.1
User-Agent: selenium/4.8.1 (java windows)
Content-Length: 176
Content-Type: application/json; charset=utf-8
host: localhost:43654
accept: */*

Response DefaultHttpResponse(decodeResult: success, version: HTTP/1.1)
HTTP/1.1 200 OK
Content-Length: 6066
Content-Type: application/json; charset=utf-8
cache-control: no-cache

16:17:44.612 [AsyncHttpClient-1-5] DEBUG org.asynchttpclient.netty.channel.ChannelManager - Adding key: http://localhost:43654 for channel [id: 0x7b338615, L:/127.0.0.1:15018 - R:localhost/127.0.0.1:43654]
16:17:44.616 [Forwarding getCurrentUrl on session 48e9b7c26a7cde16e53e9e4fdd334fb8 to remote] DEBUG org.asynchttpclient.netty.request.NettyRequestSender - Using pooled Channel '[id: 0x7b338615, L:/127.0.0.1:15018 - R:localhost/127.0.0.1:43654]' for 'GET' to 'http://localhost:43654/session/48e9b7c26a7cde16e53e9e4fdd334fb8/url'
16:17:44.617 [Forwarding getCurrentUrl on session 48e9b7c26a7cde16e53e9e4fdd334fb8 to remote] DEBUG org.asynchttpclient.netty.request.NettyRequestSender - Using open Channel [id: 0x7b338615, L:/127.0.0.1:15018 - R:localhost/127.0.0.1:43654] for GET '/session/48e9b7c26a7cde16e53e9e4fdd334fb8/url'
16:17:44.621 [AsyncHttpClient-1-5] DEBUG org.asynchttpclient.netty.handler.HttpHandler - 

Request DefaultFullHttpRequest(decodeResult: success, version: HTTP/1.1, content: EmptyByteBufBE)
GET /session/48e9b7c26a7cde16e53e9e4fdd334fb8/url HTTP/1.1
User-Agent: selenium/4.8.1 (java windows)
Cache-Control: no-cache
Content-Type: application/json; charset=utf-8
host: localhost:43654
accept: */*

Response DefaultHttpResponse(decodeResult: success, version: HTTP/1.1)
HTTP/1.1 200 OK
Content-Length: 64
Content-Type: application/json; charset=utf-8
cache-control: no-cache

16:17:44.622 [AsyncHttpClient-1-5] DEBUG org.asynchttpclient.netty.channel.ChannelManager - Adding key: http://localhost:43654 for channel [id: 0x7b338615, L:/127.0.0.1:15018 - R:localhost/127.0.0.1:43654]
16:17:44.644 [Forwarding getPageSource on session 48e9b7c26a7cde16e53e9e4fdd334fb8 to remote] DEBUG org.asynchttpclient.netty.request.NettyRequestSender - Using pooled Channel '[id: 0x7b338615, L:/127.0.0.1:15018 - R:localhost/127.0.0.1:43654]' for 'POST' to 'http://localhost:43654/session/48e9b7c26a7cde16e53e9e4fdd334fb8/execute/sync'
16:17:44.645 [Forwarding getPageSource on session 48e9b7c26a7cde16e53e9e4fdd334fb8 to remote] DEBUG org.asynchttpclient.netty.request.NettyRequestSender - Using open Channel [id: 0x7b338615, L:/127.0.0.1:15018 - R:localhost/127.0.0.1:43654] for POST '/session/48e9b7c26a7cde16e53e9e4fdd334fb8/execute/sync'
16:17:44.651 [AsyncHttpClient-1-5] DEBUG org.asynchttpclient.netty.handler.HttpHandler - 

Request DefaultHttpRequest(decodeResult: success, version: HTTP/1.1)
POST /session/48e9b7c26a7cde16e53e9e4fdd334fb8/execute/sync HTTP/1.1
User-Agent: selenium/4.8.1 (java windows)
Content-Length: 176
Content-Type: application/json; charset=utf-8
host: localhost:43654
accept: */*

Response DefaultHttpResponse(decodeResult: success, version: HTTP/1.1)
HTTP/1.1 200 OK
Content-Length: 6066
Content-Type: application/json; charset=utf-8
cache-control: no-cache

16:17:44.651 [AsyncHttpClient-1-5] DEBUG org.asynchttpclient.netty.channel.ChannelManager - Adding key: http://localhost:43654 for channel [id: 0x7b338615, L:/127.0.0.1:15018 - R:localhost/127.0.0.1:43654]
16:17:44.653 [Forwarding getCurrentUrl on session 48e9b7c26a7cde16e53e9e4fdd334fb8 to remote] DEBUG org.asynchttpclient.netty.request.NettyRequestSender - Using pooled Channel '[id: 0x7b338615, L:/127.0.0.1:15018 - R:localhost/127.0.0.1:43654]' for 'GET' to 'http://localhost:43654/session/48e9b7c26a7cde16e53e9e4fdd334fb8/url'
16:17:44.653 [Forwarding getCurrentUrl on session 48e9b7c26a7cde16e53e9e4fdd334fb8 to remote] DEBUG org.asynchttpclient.netty.request.NettyRequestSender - Using open Channel [id: 0x7b338615, L:/127.0.0.1:15018 - R:localhost/127.0.0.1:43654] for GET '/session/48e9b7c26a7cde16e53e9e4fdd334fb8/url'
16:17:44.658 [AsyncHttpClient-1-5] DEBUG org.asynchttpclient.netty.handler.HttpHandler - 

Request DefaultFullHttpRequest(decodeResult: success, version: HTTP/1.1, content: EmptyByteBufBE)
GET /session/48e9b7c26a7cde16e53e9e4fdd334fb8/url HTTP/1.1
User-Agent: selenium/4.8.1 (java windows)
Cache-Control: no-cache
Content-Type: application/json; charset=utf-8
host: localhost:43654
accept: */*

Response DefaultHttpResponse(decodeResult: success, version: HTTP/1.1)
HTTP/1.1 200 OK
Content-Length: 64
Content-Type: application/json; charset=utf-8
cache-control: no-cache

16:17:44.658 [AsyncHttpClient-1-5] DEBUG org.asynchttpclient.netty.channel.ChannelManager - Adding key: http://localhost:43654 for channel [id: 0x7b338615, L:/127.0.0.1:15018 - R:localhost/127.0.0.1:43654]
16:17:44.660 [main] DEBUG net.thucydides.core.steps.StepInterceptor - STARTING STEP: Failed3SigninSteps.onTheHomePageWrongPassword - errorMessageAppearr
16:17:44.663 [Forwarding findElement on session 48e9b7c26a7cde16e53e9e4fdd334fb8 to remote] DEBUG org.asynchttpclient.netty.request.NettyRequestSender - Using pooled Channel '[id: 0x7b338615, L:/127.0.0.1:15018 - R:localhost/127.0.0.1:43654]' for 'POST' to 'http://localhost:43654/session/48e9b7c26a7cde16e53e9e4fdd334fb8/element'
16:17:44.664 [Forwarding findElement on session 48e9b7c26a7cde16e53e9e4fdd334fb8 to remote] DEBUG org.asynchttpclient.netty.request.NettyRequestSender - Using open Channel [id: 0x7b338615, L:/127.0.0.1:15018 - R:localhost/127.0.0.1:43654] for POST '/session/48e9b7c26a7cde16e53e9e4fdd334fb8/element'
16:17:44.680 [AsyncHttpClient-1-5] DEBUG org.asynchttpclient.netty.handler.HttpHandler - 

Request DefaultHttpRequest(decodeResult: success, version: HTTP/1.1)
POST /session/48e9b7c26a7cde16e53e9e4fdd334fb8/element HTTP/1.1
User-Agent: selenium/4.8.1 (java windows)
Content-Length: 64
Content-Type: application/json; charset=utf-8
host: localhost:43654
accept: */*

Response DefaultHttpResponse(decodeResult: success, version: HTTP/1.1)
HTTP/1.1 200 OK
Content-Length: 95
Content-Type: application/json; charset=utf-8
cache-control: no-cache

16:17:44.680 [AsyncHttpClient-1-5] DEBUG org.asynchttpclient.netty.channel.ChannelManager - Adding key: http://localhost:43654 for channel [id: 0x7b338615, L:/127.0.0.1:15018 - R:localhost/127.0.0.1:43654]
16:17:44.687 [Forwarding isElementDisplayed on session 48e9b7c26a7cde16e53e9e4fdd334fb8 to remote] DEBUG org.asynchttpclient.netty.request.NettyRequestSender - Using pooled Channel '[id: 0x7b338615, L:/127.0.0.1:15018 - R:localhost/127.0.0.1:43654]' for 'POST' to 'http://localhost:43654/session/48e9b7c26a7cde16e53e9e4fdd334fb8/execute/sync'
16:17:44.687 [Forwarding isElementDisplayed on session 48e9b7c26a7cde16e53e9e4fdd334fb8 to remote] DEBUG org.asynchttpclient.netty.request.NettyRequestSender - Using open Channel [id: 0x7b338615, L:/127.0.0.1:15018 - R:localhost/127.0.0.1:43654] for POST '/session/48e9b7c26a7cde16e53e9e4fdd334fb8/execute/sync'
16:17:44.704 [AsyncHttpClient-1-5] DEBUG org.asynchttpclient.netty.handler.HttpHandler - 

Request DefaultHttpRequest(decodeResult: success, version: HTTP/1.1)
POST /session/48e9b7c26a7cde16e53e9e4fdd334fb8/execute/sync HTTP/1.1
User-Agent: selenium/4.8.1 (java windows)
Content-Length: 48814
Content-Type: application/json; charset=utf-8
host: localhost:43654
accept: */*

Response DefaultHttpResponse(decodeResult: success, version: HTTP/1.1)
HTTP/1.1 200 OK
Content-Length: 14
Content-Type: application/json; charset=utf-8
cache-control: no-cache

16:17:44.704 [AsyncHttpClient-1-5] DEBUG org.asynchttpclient.netty.channel.ChannelManager - Adding key: http://localhost:43654 for channel [id: 0x7b338615, L:/127.0.0.1:15018 - R:localhost/127.0.0.1:43654]
16:17:44.712 [Forwarding getAlertText on session 48e9b7c26a7cde16e53e9e4fdd334fb8 to remote] DEBUG org.asynchttpclient.netty.request.NettyRequestSender - Using pooled Channel '[id: 0x7b338615, L:/127.0.0.1:15018 - R:localhost/127.0.0.1:43654]' for 'GET' to 'http://localhost:43654/session/48e9b7c26a7cde16e53e9e4fdd334fb8/alert/text'
16:17:44.712 [Forwarding getAlertText on session 48e9b7c26a7cde16e53e9e4fdd334fb8 to remote] DEBUG org.asynchttpclient.netty.request.NettyRequestSender - Using open Channel [id: 0x7b338615, L:/127.0.0.1:15018 - R:localhost/127.0.0.1:43654] for GET '/session/48e9b7c26a7cde16e53e9e4fdd334fb8/alert/text'
16:17:44.714 [AsyncHttpClient-1-5] DEBUG org.asynchttpclient.netty.handler.HttpHandler - 

Request DefaultFullHttpRequest(decodeResult: success, version: HTTP/1.1, content: EmptyByteBufBE)
GET /session/48e9b7c26a7cde16e53e9e4fdd334fb8/alert/text HTTP/1.1
User-Agent: selenium/4.8.1 (java windows)
Cache-Control: no-cache
Content-Type: application/json; charset=utf-8
host: localhost:43654
accept: */*

Response DefaultHttpResponse(decodeResult: success, version: HTTP/1.1)
HTTP/1.1 404 Not Found
Content-Length: 807
Content-Type: application/json; charset=utf-8
cache-control: no-cache

16:17:44.714 [AsyncHttpClient-1-5] DEBUG org.asynchttpclient.netty.channel.ChannelManager - Adding key: http://localhost:43654 for channel [id: 0x7b338615, L:/127.0.0.1:15018 - R:localhost/127.0.0.1:43654]
16:17:44.716 [Forwarding getCurrentUrl on session 48e9b7c26a7cde16e53e9e4fdd334fb8 to remote] DEBUG org.asynchttpclient.netty.request.NettyRequestSender - Using pooled Channel '[id: 0x7b338615, L:/127.0.0.1:15018 - R:localhost/127.0.0.1:43654]' for 'GET' to 'http://localhost:43654/session/48e9b7c26a7cde16e53e9e4fdd334fb8/url'
16:17:44.716 [Forwarding getCurrentUrl on session 48e9b7c26a7cde16e53e9e4fdd334fb8 to remote] DEBUG org.asynchttpclient.netty.request.NettyRequestSender - Using open Channel [id: 0x7b338615, L:/127.0.0.1:15018 - R:localhost/127.0.0.1:43654] for GET '/session/48e9b7c26a7cde16e53e9e4fdd334fb8/url'
16:17:44.720 [AsyncHttpClient-1-5] DEBUG org.asynchttpclient.netty.handler.HttpHandler - 

Request DefaultFullHttpRequest(decodeResult: success, version: HTTP/1.1, content: EmptyByteBufBE)
GET /session/48e9b7c26a7cde16e53e9e4fdd334fb8/url HTTP/1.1
User-Agent: selenium/4.8.1 (java windows)
Cache-Control: no-cache
Content-Type: application/json; charset=utf-8
host: localhost:43654
accept: */*

Response DefaultHttpResponse(decodeResult: success, version: HTTP/1.1)
HTTP/1.1 200 OK
Content-Length: 64
Content-Type: application/json; charset=utf-8
cache-control: no-cache

16:17:44.720 [AsyncHttpClient-1-5] DEBUG org.asynchttpclient.netty.channel.ChannelManager - Adding key: http://localhost:43654 for channel [id: 0x7b338615, L:/127.0.0.1:15018 - R:localhost/127.0.0.1:43654]
16:17:44.721 [Forwarding screenshot on session 48e9b7c26a7cde16e53e9e4fdd334fb8 to remote] DEBUG org.asynchttpclient.netty.request.NettyRequestSender - Using pooled Channel '[id: 0x7b338615, L:/127.0.0.1:15018 - R:localhost/127.0.0.1:43654]' for 'GET' to 'http://localhost:43654/session/48e9b7c26a7cde16e53e9e4fdd334fb8/screenshot'
16:17:44.721 [Forwarding screenshot on session 48e9b7c26a7cde16e53e9e4fdd334fb8 to remote] DEBUG org.asynchttpclient.netty.request.NettyRequestSender - Using open Channel [id: 0x7b338615, L:/127.0.0.1:15018 - R:localhost/127.0.0.1:43654] for GET '/session/48e9b7c26a7cde16e53e9e4fdd334fb8/screenshot'
16:17:44.804 [AsyncHttpClient-1-5] DEBUG org.asynchttpclient.netty.handler.HttpHandler - 

Request DefaultFullHttpRequest(decodeResult: success, version: HTTP/1.1, content: EmptyByteBufBE)
GET /session/48e9b7c26a7cde16e53e9e4fdd334fb8/screenshot HTTP/1.1
User-Agent: selenium/4.8.1 (java windows)
Cache-Control: no-cache
Content-Type: application/json; charset=utf-8
host: localhost:43654
accept: */*

Response DefaultHttpResponse(decodeResult: success, version: HTTP/1.1)
HTTP/1.1 200 OK
Content-Length: 127136
Content-Type: application/json; charset=utf-8
cache-control: no-cache

16:17:44.805 [AsyncHttpClient-1-5] DEBUG org.asynchttpclient.netty.channel.ChannelManager - Adding key: http://localhost:43654 for channel [id: 0x7b338615, L:/127.0.0.1:15018 - R:localhost/127.0.0.1:43654]
16:17:44.811 [main] DEBUG net.serenitybdd.core.photography.Darkroom - Send negative for processing for target\site\serenity\07af8b5e8d6ac3c41711ce00bdeb2b7ffa27cf1da1fd3d51f5a418e1cb738261.png
16:17:44.811 [main] DEBUG net.thucydides.core.steps.StepInterceptor - STEP DONE: errorMessageAppearr
16:17:44.811 [Darkroom Processing Line] DEBUG net.serenitybdd.core.photography.DarkroomProcessingLine - Processing screenshot image in /var/screenshots/screenshot-6198880363110872281
  &amp#27;[32mThen &amp#27;[0m&amp#27;[32mI am on the home page wrong password&amp#27;[0m                              &amp#27;[90m# Starter.Stepdefitions.Failed3SigninSteps.onTheHomePageWrongPassword()&amp#27;[0m
16:17:44.811 [Darkroom Processing Line] DEBUG net.serenitybdd.core.photography.DarkroomProcessingLine - Saving screenshot to target\site\serenity\07af8b5e8d6ac3c41711ce00bdeb2b7ffa27cf1da1fd3d51f5a418e1cb738261.png
16:17:44.818 [main] INFO  - 
  _____   ___   ___   _____     ___     _     ___   ___   ___   ___  
 |_   _| | __| / __| |_   _|   | _ \   /_\   / __| / __| | __| |   \ 
   | |   | _|  \__ \   | |     |  _/  / _ \  \__ \ \__ \ | _|  | |) |
   |_|   |___| |___/   |_|     |_|   /_/ \_\ |___/ |___/ |___| |___/ 

As user, I have be able to failed login because wrong password
----------------------------------------------------------------------
16:17:44.819 [AsyncHttpClient-1-7] DEBUG org.asynchttpclient.netty.handler.WebSocketHandler - Channel Closed: [id: 0xef0cfeda, L:/127.0.0.1:15026 ! R:localhost/127.0.0.1:15019] with attribute NettyResponseFuture{currentRetry=0,
	isDone=1,
	isCancelled=0,
	asyncHandler=org.asynchttpclient.ws.WebSocketUpgradeHandler@1b89919,
	nettyRequest=org.asynchttpclient.netty.request.NettyRequest@ff6c6e,
	future=java.util.concurrent.CompletableFuture@94cd4c[Completed normally],
	uri=ws://localhost:15019/devtools/browser/a41375a9-c26e-4bc5-b9ff-ccc4c5ece370,
	keepAlive=true,
	redirectCount=0,
	timeoutsHolder=null,
	inAuth=0,
	touch=1687684648807}
16:17:44.820 [AsyncHttpClient-1-7] DEBUG org.asynchttpclient.netty.channel.ChannelManager - Closing Channel [id: 0xef0cfeda, L:/127.0.0.1:15026 ! R:localhost/127.0.0.1:15019] 
16:17:44.820 [Driver Command Executor] DEBUG org.asynchttpclient.netty.request.NettyRequestSender - Using pooled Channel '[id: 0x7b338615, L:/127.0.0.1:15018 - R:localhost/127.0.0.1:43654]' for 'DELETE' to 'http://localhost:43654/session/48e9b7c26a7cde16e53e9e4fdd334fb8'
16:17:44.820 [Driver Command Executor] DEBUG org.asynchttpclient.netty.request.NettyRequestSender - Using open Channel [id: 0x7b338615, L:/127.0.0.1:15018 - R:localhost/127.0.0.1:43654] for DELETE '/session/48e9b7c26a7cde16e53e9e4fdd334fb8'
16:17:45.444 [AsyncHttpClient-1-1] DEBUG org.asynchttpclient.netty.channel.DefaultChannelPool - Entry count for : http://localhost:15019 : 1
16:17:46.544 [AsyncHttpClient-1-1] DEBUG org.asynchttpclient.netty.channel.DefaultChannelPool - Entry count for : http://localhost:15019 : 1
16:17:47.644 [AsyncHttpClient-1-1] DEBUG org.asynchttpclient.netty.channel.DefaultChannelPool - Entry count for : http://localhost:15019 : 1
16:17:48.071 [AsyncHttpClient-1-6] DEBUG org.asynchttpclient.netty.handler.HttpHandler - Unexpected I/O exception on channel [id: 0x14d41534, L:/127.0.0.1:15025 - R:localhost/127.0.0.1:15019]
java.io.IOException: An existing connection was forcibly closed by the remote host
	at sun.nio.ch.SocketDispatcher.read0(Native Method)
	at sun.nio.ch.SocketDispatcher.read(SocketDispatcher.java:43)
	at sun.nio.ch.IOUtil.readIntoNativeBuffer(IOUtil.java:223)
	at sun.nio.ch.IOUtil.read(IOUtil.java:192)
	at sun.nio.ch.SocketChannelImpl.read(SocketChannelImpl.java:379)
	at io.netty.buffer.PooledByteBuf.setBytes(PooledByteBuf.java:259)
	at io.netty.buffer.AbstractByteBuf.writeBytes(AbstractByteBuf.java:1132)
	at io.netty.channel.socket.nio.NioSocketChannel.doReadBytes(NioSocketChannel.java:357)
	at io.netty.channel.nio.AbstractNioByteChannel$NioByteUnsafe.read(AbstractNioByteChannel.java:151)
	at io.netty.channel.nio.NioEventLoop.processSelectedKey(NioEventLoop.java:788)
	at io.netty.channel.nio.NioEventLoop.processSelectedKeysOptimized(NioEventLoop.java:724)
	at io.netty.channel.nio.NioEventLoop.processSelectedKeys(NioEventLoop.java:650)
	at io.netty.channel.nio.NioEventLoop.run(NioEventLoop.java:562)
	at io.netty.util.concurrent.SingleThreadEventExecutor$4.run(SingleThreadEventExecutor.java:997)
	at io.netty.util.internal.ThreadExecutorMap$2.run(ThreadExecutorMap.java:74)
	at io.netty.util.concurrent.FastThreadLocalRunnable.run(FastThreadLocalRunnable.java:30)
	at java.lang.Thread.run(Thread.java:745)
16:17:48.071 [AsyncHttpClient-1-6] DEBUG org.asynchttpclient.netty.channel.ChannelManager - Closing Channel [id: 0x14d41534, L:/127.0.0.1:15025 - R:localhost/127.0.0.1:15019] 
16:17:48.071 [AsyncHttpClient-1-6] DEBUG org.asynchttpclient.netty.handler.HttpHandler - Channel Closed: [id: 0x14d41534, L:/127.0.0.1:15025 ! R:localhost/127.0.0.1:15019] with attribute DISCARD
16:17:48.744 [AsyncHttpClient-1-1] DEBUG org.asynchttpclient.netty.channel.DefaultChannelPool - Entry count for : http://localhost:15019 : 1
16:17:48.744 [AsyncHttpClient-1-1] DEBUG org.asynchttpclient.netty.channel.DefaultChannelPool - Adding Candidate expired Channel [id: 0x14d41534, L:/127.0.0.1:15025 ! R:localhost/127.0.0.1:15019] isIdleTimeoutExpired=false isRemotelyClosed=true isTtlExpired=false
16:17:48.744 [AsyncHttpClient-1-1] DEBUG org.asynchttpclient.netty.channel.DefaultChannelPool - Closing Idle Channel [id: 0x14d41534, L:/127.0.0.1:15025 ! R:localhost/127.0.0.1:15019]
16:17:48.744 [AsyncHttpClient-1-1] DEBUG org.asynchttpclient.netty.channel.DefaultChannelPool - Closed 1 connections out of 1 in 0 ms
16:17:48.773 [AsyncHttpClient-1-5] DEBUG org.asynchttpclient.netty.handler.HttpHandler - 

Request DefaultFullHttpRequest(decodeResult: success, version: HTTP/1.1, content: EmptyByteBufBE)
DELETE /session/48e9b7c26a7cde16e53e9e4fdd334fb8 HTTP/1.1
User-Agent: selenium/4.8.1 (java windows)
Content-Type: application/json; charset=utf-8
host: localhost:43654
accept: */*

Response DefaultHttpResponse(decodeResult: success, version: HTTP/1.1)
HTTP/1.1 200 OK
Content-Length: 14
Content-Type: application/json; charset=utf-8
cache-control: no-cache

16:17:48.774 [AsyncHttpClient-1-5] DEBUG org.asynchttpclient.netty.channel.ChannelManager - Adding key: http://localhost:43654 for channel [id: 0x7b338615, L:/127.0.0.1:15018 - R:localhost/127.0.0.1:43654]
16:17:49.366 [AsyncHttpClient-1-5] DEBUG org.asynchttpclient.netty.handler.HttpHandler - Channel Closed: [id: 0x7b338615, L:/127.0.0.1:15018 ! R:localhost/127.0.0.1:43654] with attribute DISCARD
16:17:49.843 [AsyncHttpClient-1-1] DEBUG org.asynchttpclient.netty.channel.DefaultChannelPool - Entry count for : http://localhost:43654 : 1
16:17:49.843 [AsyncHttpClient-1-1] DEBUG org.asynchttpclient.netty.channel.DefaultChannelPool - Adding Candidate expired Channel [id: 0x7b338615, L:/127.0.0.1:15018 ! R:localhost/127.0.0.1:43654] isIdleTimeoutExpired=false isRemotelyClosed=true isTtlExpired=false
16:17:49.843 [AsyncHttpClient-1-1] DEBUG org.asynchttpclient.netty.channel.DefaultChannelPool - Closing Idle Channel [id: 0x7b338615, L:/127.0.0.1:15018 ! R:localhost/127.0.0.1:43654]
16:17:49.843 [AsyncHttpClient-1-1] DEBUG org.asynchttpclient.netty.channel.DefaultChannelPool - Closed 1 connections out of 1 in 0 ms
]]></system-out>
    <system-err><![CDATA[Starting ChromeDriver 114.0.5735.90 (386bc09e8f4f2e025eddae123f36f6263096ae49-refs/branch-heads/5735@{#1052}) on port 43654
Only local connections are allowed.
Please see https://chromedriver.chromium.org/security-considerations for suggestions on keeping ChromeDriver safe.
ChromeDriver was started successfully.
Jun 25, 2023 4:17:28 PM org.openqa.selenium.devtools.CdpVersionFinder findNearestMatch
WARNING: Unable to find an exact match for CDP version 114, so returning the closest version found: 110
]]></system-err>
  </testcase>
  <testcase name="As user, I have be able to failed sign in because email and password field empty" classname="User be able to sign in" time="33.176">
    <system-out><![CDATA[
@all-fields-empty
Scenario: As user, I have be able to failed sign in because email and password field empty &amp#27;[90m# src/test/resources/Feature/Signin.feature:39&amp#27;[0m
16:17:50.253 [main] DEBUG io.cucumber.core.plugin.SerenityReporter - Running feature from file:///C:/Users/USER/IdeaProjects/Capston_webtesting/src/test/resources/Feature/Signin.feature
16:17:50.253 [main] WARN io.cucumber.core.plugin.SerenityReporter - Feature from file:///C:/Users/USER/IdeaProjects/Capston_webtesting/src/test/resources/Feature/Signin.feature is not under the 'features' directory. Requirements report will not be correctly generated!
16:17:50.254 [main] INFO  - 
  _____   ___   ___   _____     ___   _____     _     ___   _____   ___   ___  
 |_   _| | __| / __| |_   _|   / __| |_   _|   /_\   | _ \ |_   _| | __| |   \ 
   | |   | _|  \__ \   | |     \__ \   | |    / _ \  |   /   | |   | _|  | |) |
   |_|   |___| |___/   |_|     |___/   |_|   /_/ \_\ |_|_\   |_|   |___| |___/ 

As user, I have be able to failed sign in because email and password field empty(user-be-able-to-sign-in;as-user--i-have-be-able-to-failed-sign-in-because-email-and-password-field-empty)
--------------------------------------------------------------------------------
16:17:50.272 [main] DEBUG net.thucydides.core.steps.StepInterceptor - STARTING STEP: Failed4SigninSteps.onLoginPageEmptyFields - openPage
16:17:50.330 [main] INFO net.serenitybdd.core.webdriver.driverproviders.ChromeDriverProvider - Starting Chrome driver instance with capabilities:
16:17:50.330 [main] INFO net.serenitybdd.core.webdriver.driverproviders.ChromeDriverProvider - Capabilities {acceptInsecureCerts: false, browserName: chrome, goog:chromeOptions: {args: [remote-allow-origins=*], extensions: []}}
16:17:50.395 [AsyncHttpClient-1-8] DEBUG org.asynchttpclient.netty.channel.NettyConnectListener - Using new Channel '[id: 0x9cfcfc9b, L:/127.0.0.1:15038 - R:localhost/127.0.0.1:17603]' for 'POST' to '/session'
16:17:54.876 [AsyncHttpClient-1-8] DEBUG org.asynchttpclient.netty.handler.HttpHandler - 

Request DefaultHttpRequest(decodeResult: success, version: HTTP/1.1)
POST /session HTTP/1.1
User-Agent: selenium/4.8.1 (java windows)
Content-Length: 507
Content-Type: application/json; charset=utf-8
host: localhost:17603
accept: */*

Response DefaultHttpResponse(decodeResult: success, version: HTTP/1.1)
HTTP/1.1 200 OK
Content-Length: 860
Content-Type: application/json; charset=utf-8
cache-control: no-cache

16:17:54.876 [AsyncHttpClient-1-8] DEBUG org.asynchttpclient.netty.channel.ChannelManager - Adding key: http://localhost:17603 for channel [id: 0x9cfcfc9b, L:/127.0.0.1:15038 - R:localhost/127.0.0.1:17603]
16:17:54.883 [AsyncHttpClient-1-9] DEBUG org.asynchttpclient.netty.channel.NettyConnectListener - Using new Channel '[id: 0x65f66266, L:/127.0.0.1:15044 - R:localhost/127.0.0.1:15039]' for 'GET' to '/json/version'
16:17:54.884 [AsyncHttpClient-1-9] DEBUG org.asynchttpclient.netty.handler.HttpHandler - 

Request DefaultFullHttpRequest(decodeResult: success, version: HTTP/1.1, content: EmptyByteBufBE)
GET /json/version HTTP/1.1
User-Agent: selenium/4.8.1 (java windows)
host: localhost:15039
accept: */*

Response DefaultHttpResponse(decodeResult: success, version: HTTP/1.1)
HTTP/1.1 200 OK
Content-Security-Policy: frame-ancestors 'none'
Content-Length: 424
Content-Type: application/json; charset=UTF-8

16:17:54.884 [AsyncHttpClient-1-9] DEBUG org.asynchttpclient.netty.channel.ChannelManager - Adding key: http://localhost:15039 for channel [id: 0x65f66266, L:/127.0.0.1:15044 - R:localhost/127.0.0.1:15039]
16:17:54.887 [AsyncHttpClient-1-2] DEBUG org.asynchttpclient.netty.channel.NettyConnectListener - Using new Channel '[id: 0x8d41be69, L:/127.0.0.1:15045 - R:localhost/127.0.0.1:15039]' for 'GET' to '/devtools/browser/15638b05-b003-4c87-aa0b-62ef7fa69440'
16:17:54.887 [AsyncHttpClient-1-2] DEBUG org.asynchttpclient.netty.handler.WebSocketHandler - 

Request DefaultFullHttpRequest(decodeResult: success, version: HTTP/1.1, content: EmptyByteBufBE)
GET /devtools/browser/15638b05-b003-4c87-aa0b-62ef7fa69440 HTTP/1.1
upgrade: websocket
connection: upgrade
sec-websocket-key: NwXY5QkNPVTGaK/FiTgBIQ==
sec-websocket-version: 13
origin: http://localhost:15039
host: localhost:15039
accept: */*
user-agent: AHC/2.1

Response DefaultHttpResponse(decodeResult: success, version: HTTP/1.1)
HTTP/1.1 101 WebSocket Protocol Handshake
Upgrade: WebSocket
Connection: Upgrade
Sec-WebSocket-Accept: 8r6oZ8OItwU56LqqZDUwYMuvHPE=

16:17:54.890 [Forwarding get on session 115016c14ddae0cf0a2c77fe0d3f64fd to remote] DEBUG org.asynchttpclient.netty.request.NettyRequestSender - Using pooled Channel '[id: 0x9cfcfc9b, L:/127.0.0.1:15038 - R:localhost/127.0.0.1:17603]' for 'POST' to 'http://localhost:17603/session/115016c14ddae0cf0a2c77fe0d3f64fd/url'
16:17:54.890 [Forwarding get on session 115016c14ddae0cf0a2c77fe0d3f64fd to remote] DEBUG org.asynchttpclient.netty.request.NettyRequestSender - Using open Channel [id: 0x9cfcfc9b, L:/127.0.0.1:15038 - R:localhost/127.0.0.1:17603] for POST '/session/115016c14ddae0cf0a2c77fe0d3f64fd/url'
16:17:55.344 [AsyncHttpClient-1-1] DEBUG org.asynchttpclient.netty.channel.DefaultChannelPool - Entry count for : http://localhost:15039 : 1
16:17:56.444 [AsyncHttpClient-1-1] DEBUG org.asynchttpclient.netty.channel.DefaultChannelPool - Entry count for : http://localhost:15039 : 1
16:17:57.544 [AsyncHttpClient-1-1] DEBUG org.asynchttpclient.netty.channel.DefaultChannelPool - Entry count for : http://localhost:15039 : 1
16:17:58.644 [AsyncHttpClient-1-1] DEBUG org.asynchttpclient.netty.channel.DefaultChannelPool - Entry count for : http://localhost:15039 : 1
16:17:59.743 [AsyncHttpClient-1-1] DEBUG org.asynchttpclient.netty.channel.DefaultChannelPool - Entry count for : http://localhost:15039 : 1
16:18:00.843 [AsyncHttpClient-1-1] DEBUG org.asynchttpclient.netty.channel.DefaultChannelPool - Entry count for : http://localhost:15039 : 1
16:18:01.944 [AsyncHttpClient-1-1] DEBUG org.asynchttpclient.netty.channel.DefaultChannelPool - Entry count for : http://localhost:15039 : 1
16:18:03.044 [AsyncHttpClient-1-1] DEBUG org.asynchttpclient.netty.channel.DefaultChannelPool - Entry count for : http://localhost:15039 : 1
16:18:04.144 [AsyncHttpClient-1-1] DEBUG org.asynchttpclient.netty.channel.DefaultChannelPool - Entry count for : http://localhost:15039 : 1
16:18:05.244 [AsyncHttpClient-1-1] DEBUG org.asynchttpclient.netty.channel.DefaultChannelPool - Entry count for : http://localhost:15039 : 1
16:18:06.343 [AsyncHttpClient-1-1] DEBUG org.asynchttpclient.netty.channel.DefaultChannelPool - Entry count for : http://localhost:15039 : 1
16:18:07.444 [AsyncHttpClient-1-1] DEBUG org.asynchttpclient.netty.channel.DefaultChannelPool - Entry count for : http://localhost:15039 : 1
16:18:08.111 [AsyncHttpClient-1-8] DEBUG org.asynchttpclient.netty.handler.HttpHandler - 

Request DefaultHttpRequest(decodeResult: success, version: HTTP/1.1)
POST /session/115016c14ddae0cf0a2c77fe0d3f64fd/url HTTP/1.1
User-Agent: selenium/4.8.1 (java windows)
Content-Length: 82
Content-Type: application/json; charset=utf-8
host: localhost:17603
accept: */*

Response DefaultHttpResponse(decodeResult: success, version: HTTP/1.1)
HTTP/1.1 200 OK
Content-Length: 14
Content-Type: application/json; charset=utf-8
cache-control: no-cache

16:18:08.113 [AsyncHttpClient-1-8] DEBUG org.asynchttpclient.netty.channel.ChannelManager - Adding key: http://localhost:17603 for channel [id: 0x9cfcfc9b, L:/127.0.0.1:15038 - R:localhost/127.0.0.1:17603]
16:18:08.121 [Forwarding setTimeout on session 115016c14ddae0cf0a2c77fe0d3f64fd to remote] DEBUG org.asynchttpclient.netty.request.NettyRequestSender - Using pooled Channel '[id: 0x9cfcfc9b, L:/127.0.0.1:15038 - R:localhost/127.0.0.1:17603]' for 'POST' to 'http://localhost:17603/session/115016c14ddae0cf0a2c77fe0d3f64fd/timeouts'
16:18:08.122 [Forwarding setTimeout on session 115016c14ddae0cf0a2c77fe0d3f64fd to remote] DEBUG org.asynchttpclient.netty.request.NettyRequestSender - Using open Channel [id: 0x9cfcfc9b, L:/127.0.0.1:15038 - R:localhost/127.0.0.1:17603] for POST '/session/115016c14ddae0cf0a2c77fe0d3f64fd/timeouts'
16:18:08.128 [AsyncHttpClient-1-8] DEBUG org.asynchttpclient.netty.handler.HttpHandler - 

Request DefaultHttpRequest(decodeResult: success, version: HTTP/1.1)
POST /session/115016c14ddae0cf0a2c77fe0d3f64fd/timeouts HTTP/1.1
User-Agent: selenium/4.8.1 (java windows)
Content-Length: 22
Content-Type: application/json; charset=utf-8
host: localhost:17603
accept: */*

Response DefaultHttpResponse(decodeResult: success, version: HTTP/1.1)
HTTP/1.1 200 OK
Content-Length: 14
Content-Type: application/json; charset=utf-8
cache-control: no-cache

16:18:08.128 [AsyncHttpClient-1-8] DEBUG org.asynchttpclient.netty.channel.ChannelManager - Adding key: http://localhost:17603 for channel [id: 0x9cfcfc9b, L:/127.0.0.1:15038 - R:localhost/127.0.0.1:17603]
16:18:08.149 [Forwarding getAlertText on session 115016c14ddae0cf0a2c77fe0d3f64fd to remote] DEBUG org.asynchttpclient.netty.request.NettyRequestSender - Using pooled Channel '[id: 0x9cfcfc9b, L:/127.0.0.1:15038 - R:localhost/127.0.0.1:17603]' for 'GET' to 'http://localhost:17603/session/115016c14ddae0cf0a2c77fe0d3f64fd/alert/text'
16:18:08.149 [Forwarding getAlertText on session 115016c14ddae0cf0a2c77fe0d3f64fd to remote] DEBUG org.asynchttpclient.netty.request.NettyRequestSender - Using open Channel [id: 0x9cfcfc9b, L:/127.0.0.1:15038 - R:localhost/127.0.0.1:17603] for GET '/session/115016c14ddae0cf0a2c77fe0d3f64fd/alert/text'
16:18:08.152 [AsyncHttpClient-1-8] DEBUG org.asynchttpclient.netty.handler.HttpHandler - 

Request DefaultFullHttpRequest(decodeResult: success, version: HTTP/1.1, content: EmptyByteBufBE)
GET /session/115016c14ddae0cf0a2c77fe0d3f64fd/alert/text HTTP/1.1
User-Agent: selenium/4.8.1 (java windows)
Cache-Control: no-cache
Content-Type: application/json; charset=utf-8
host: localhost:17603
accept: */*

Response DefaultHttpResponse(decodeResult: success, version: HTTP/1.1)
HTTP/1.1 404 Not Found
Content-Length: 807
Content-Type: application/json; charset=utf-8
cache-control: no-cache

16:18:08.152 [AsyncHttpClient-1-8] DEBUG org.asynchttpclient.netty.channel.ChannelManager - Adding key: http://localhost:17603 for channel [id: 0x9cfcfc9b, L:/127.0.0.1:15038 - R:localhost/127.0.0.1:17603]
16:18:08.155 [Forwarding getCurrentUrl on session 115016c14ddae0cf0a2c77fe0d3f64fd to remote] DEBUG org.asynchttpclient.netty.request.NettyRequestSender - Using pooled Channel '[id: 0x9cfcfc9b, L:/127.0.0.1:15038 - R:localhost/127.0.0.1:17603]' for 'GET' to 'http://localhost:17603/session/115016c14ddae0cf0a2c77fe0d3f64fd/url'
16:18:08.155 [Forwarding getCurrentUrl on session 115016c14ddae0cf0a2c77fe0d3f64fd to remote] DEBUG org.asynchttpclient.netty.request.NettyRequestSender - Using open Channel [id: 0x9cfcfc9b, L:/127.0.0.1:15038 - R:localhost/127.0.0.1:17603] for GET '/session/115016c14ddae0cf0a2c77fe0d3f64fd/url'
16:18:08.161 [AsyncHttpClient-1-8] DEBUG org.asynchttpclient.netty.handler.HttpHandler - 

Request DefaultFullHttpRequest(decodeResult: success, version: HTTP/1.1, content: EmptyByteBufBE)
GET /session/115016c14ddae0cf0a2c77fe0d3f64fd/url HTTP/1.1
User-Agent: selenium/4.8.1 (java windows)
Cache-Control: no-cache
Content-Type: application/json; charset=utf-8
host: localhost:17603
accept: */*

Response DefaultHttpResponse(decodeResult: success, version: HTTP/1.1)
HTTP/1.1 200 OK
Content-Length: 64
Content-Type: application/json; charset=utf-8
cache-control: no-cache

16:18:08.162 [AsyncHttpClient-1-8] DEBUG org.asynchttpclient.netty.channel.ChannelManager - Adding key: http://localhost:17603 for channel [id: 0x9cfcfc9b, L:/127.0.0.1:15038 - R:localhost/127.0.0.1:17603]
16:18:08.163 [Forwarding screenshot on session 115016c14ddae0cf0a2c77fe0d3f64fd to remote] DEBUG org.asynchttpclient.netty.request.NettyRequestSender - Using pooled Channel '[id: 0x9cfcfc9b, L:/127.0.0.1:15038 - R:localhost/127.0.0.1:17603]' for 'GET' to 'http://localhost:17603/session/115016c14ddae0cf0a2c77fe0d3f64fd/screenshot'
16:18:08.163 [Forwarding screenshot on session 115016c14ddae0cf0a2c77fe0d3f64fd to remote] DEBUG org.asynchttpclient.netty.request.NettyRequestSender - Using open Channel [id: 0x9cfcfc9b, L:/127.0.0.1:15038 - R:localhost/127.0.0.1:17603] for GET '/session/115016c14ddae0cf0a2c77fe0d3f64fd/screenshot'
16:18:08.543 [AsyncHttpClient-1-1] DEBUG org.asynchttpclient.netty.channel.DefaultChannelPool - Entry count for : http://localhost:15039 : 1
16:18:09.644 [AsyncHttpClient-1-1] DEBUG org.asynchttpclient.netty.channel.DefaultChannelPool - Entry count for : http://localhost:15039 : 1
16:18:10.744 [AsyncHttpClient-1-1] DEBUG org.asynchttpclient.netty.channel.DefaultChannelPool - Entry count for : http://localhost:15039 : 1
16:18:11.844 [AsyncHttpClient-1-1] DEBUG org.asynchttpclient.netty.channel.DefaultChannelPool - Entry count for : http://localhost:15039 : 1
16:18:12.944 [AsyncHttpClient-1-1] DEBUG org.asynchttpclient.netty.channel.DefaultChannelPool - Entry count for : http://localhost:15039 : 1
16:18:14.043 [AsyncHttpClient-1-1] DEBUG org.asynchttpclient.netty.channel.DefaultChannelPool - Entry count for : http://localhost:15039 : 1
16:18:14.776 [AsyncHttpClient-1-8] DEBUG org.asynchttpclient.netty.handler.HttpHandler - 

Request DefaultFullHttpRequest(decodeResult: success, version: HTTP/1.1, content: EmptyByteBufBE)
GET /session/115016c14ddae0cf0a2c77fe0d3f64fd/screenshot HTTP/1.1
User-Agent: selenium/4.8.1 (java windows)
Cache-Control: no-cache
Content-Type: application/json; charset=utf-8
host: localhost:17603
accept: */*

Response DefaultHttpResponse(decodeResult: success, version: HTTP/1.1)
HTTP/1.1 200 OK
Content-Length: 117684
Content-Type: application/json; charset=utf-8
cache-control: no-cache

16:18:14.779 [AsyncHttpClient-1-8] DEBUG org.asynchttpclient.netty.channel.ChannelManager - Adding key: http://localhost:17603 for channel [id: 0x9cfcfc9b, L:/127.0.0.1:15038 - R:localhost/127.0.0.1:17603]
16:18:14.795 [main] DEBUG net.serenitybdd.core.photography.Darkroom - Send negative for processing for target\site\serenity\5271af833f0df7b27752c2edc61a3bd125452b86dc26b1185d7a95f24df95dfa.png
16:18:14.796 [main] DEBUG net.thucydides.core.steps.StepInterceptor - STEP DONE: openPage
  &amp#27;[32mGiven &amp#27;[0m&amp#27;[32mI am on the sign in page email and password field empty&amp#27;[0m                            &amp#27;[90m# Starter.Stepdefitions.Failed4SigninSteps.onLoginPageEmptyFields()&amp#27;[0m
16:18:14.810 [Forwarding getPageSource on session 115016c14ddae0cf0a2c77fe0d3f64fd to remote] DEBUG org.asynchttpclient.netty.request.NettyRequestSender - Using pooled Channel '[id: 0x9cfcfc9b, L:/127.0.0.1:15038 - R:localhost/127.0.0.1:17603]' for 'POST' to 'http://localhost:17603/session/115016c14ddae0cf0a2c77fe0d3f64fd/execute/sync'
16:18:14.810 [Forwarding getPageSource on session 115016c14ddae0cf0a2c77fe0d3f64fd to remote] DEBUG org.asynchttpclient.netty.request.NettyRequestSender - Using open Channel [id: 0x9cfcfc9b, L:/127.0.0.1:15038 - R:localhost/127.0.0.1:17603] for POST '/session/115016c14ddae0cf0a2c77fe0d3f64fd/execute/sync'
16:18:14.817 [AsyncHttpClient-1-8] DEBUG org.asynchttpclient.netty.handler.HttpHandler - 

Request DefaultHttpRequest(decodeResult: success, version: HTTP/1.1)
POST /session/115016c14ddae0cf0a2c77fe0d3f64fd/execute/sync HTTP/1.1
User-Agent: selenium/4.8.1 (java windows)
Content-Length: 176
Content-Type: application/json; charset=utf-8
host: localhost:17603
accept: */*

Response DefaultHttpResponse(decodeResult: success, version: HTTP/1.1)
HTTP/1.1 200 OK
Content-Length: 5992
Content-Type: application/json; charset=utf-8
cache-control: no-cache

16:18:14.817 [AsyncHttpClient-1-8] DEBUG org.asynchttpclient.netty.channel.ChannelManager - Adding key: http://localhost:17603 for channel [id: 0x9cfcfc9b, L:/127.0.0.1:15038 - R:localhost/127.0.0.1:17603]
16:18:14.822 [Forwarding getCurrentUrl on session 115016c14ddae0cf0a2c77fe0d3f64fd to remote] DEBUG org.asynchttpclient.netty.request.NettyRequestSender - Using pooled Channel '[id: 0x9cfcfc9b, L:/127.0.0.1:15038 - R:localhost/127.0.0.1:17603]' for 'GET' to 'http://localhost:17603/session/115016c14ddae0cf0a2c77fe0d3f64fd/url'
16:18:14.822 [Forwarding getCurrentUrl on session 115016c14ddae0cf0a2c77fe0d3f64fd to remote] DEBUG org.asynchttpclient.netty.request.NettyRequestSender - Using open Channel [id: 0x9cfcfc9b, L:/127.0.0.1:15038 - R:localhost/127.0.0.1:17603] for GET '/session/115016c14ddae0cf0a2c77fe0d3f64fd/url'
16:18:14.827 [AsyncHttpClient-1-8] DEBUG org.asynchttpclient.netty.handler.HttpHandler - 

Request DefaultFullHttpRequest(decodeResult: success, version: HTTP/1.1, content: EmptyByteBufBE)
GET /session/115016c14ddae0cf0a2c77fe0d3f64fd/url HTTP/1.1
User-Agent: selenium/4.8.1 (java windows)
Cache-Control: no-cache
Content-Type: application/json; charset=utf-8
host: localhost:17603
accept: */*

Response DefaultHttpResponse(decodeResult: success, version: HTTP/1.1)
HTTP/1.1 200 OK
Content-Length: 64
Content-Type: application/json; charset=utf-8
cache-control: no-cache

16:18:14.828 [AsyncHttpClient-1-8] DEBUG org.asynchttpclient.netty.channel.ChannelManager - Adding key: http://localhost:17603 for channel [id: 0x9cfcfc9b, L:/127.0.0.1:15038 - R:localhost/127.0.0.1:17603]
16:18:14.992 [Forwarding getAlertText on session 115016c14ddae0cf0a2c77fe0d3f64fd to remote] DEBUG org.asynchttpclient.netty.request.NettyRequestSender - Using pooled Channel '[id: 0x9cfcfc9b, L:/127.0.0.1:15038 - R:localhost/127.0.0.1:17603]' for 'GET' to 'http://localhost:17603/session/115016c14ddae0cf0a2c77fe0d3f64fd/alert/text'
16:18:14.993 [Forwarding getAlertText on session 115016c14ddae0cf0a2c77fe0d3f64fd to remote] DEBUG org.asynchttpclient.netty.request.NettyRequestSender - Using open Channel [id: 0x9cfcfc9b, L:/127.0.0.1:15038 - R:localhost/127.0.0.1:17603] for GET '/session/115016c14ddae0cf0a2c77fe0d3f64fd/alert/text'
16:18:14.995 [AsyncHttpClient-1-8] DEBUG org.asynchttpclient.netty.handler.HttpHandler - 

Request DefaultFullHttpRequest(decodeResult: success, version: HTTP/1.1, content: EmptyByteBufBE)
GET /session/115016c14ddae0cf0a2c77fe0d3f64fd/alert/text HTTP/1.1
User-Agent: selenium/4.8.1 (java windows)
Cache-Control: no-cache
Content-Type: application/json; charset=utf-8
host: localhost:17603
accept: */*

Response DefaultHttpResponse(decodeResult: success, version: HTTP/1.1)
HTTP/1.1 404 Not Found
Content-Length: 807
Content-Type: application/json; charset=utf-8
cache-control: no-cache

16:18:14.996 [AsyncHttpClient-1-8] DEBUG org.asynchttpclient.netty.channel.ChannelManager - Adding key: http://localhost:17603 for channel [id: 0x9cfcfc9b, L:/127.0.0.1:15038 - R:localhost/127.0.0.1:17603]
16:18:14.998 [Forwarding getCurrentUrl on session 115016c14ddae0cf0a2c77fe0d3f64fd to remote] DEBUG org.asynchttpclient.netty.request.NettyRequestSender - Using pooled Channel '[id: 0x9cfcfc9b, L:/127.0.0.1:15038 - R:localhost/127.0.0.1:17603]' for 'GET' to 'http://localhost:17603/session/115016c14ddae0cf0a2c77fe0d3f64fd/url'
16:18:14.998 [Forwarding getCurrentUrl on session 115016c14ddae0cf0a2c77fe0d3f64fd to remote] DEBUG org.asynchttpclient.netty.request.NettyRequestSender - Using open Channel [id: 0x9cfcfc9b, L:/127.0.0.1:15038 - R:localhost/127.0.0.1:17603] for GET '/session/115016c14ddae0cf0a2c77fe0d3f64fd/url'
16:18:15.004 [AsyncHttpClient-1-8] DEBUG org.asynchttpclient.netty.handler.HttpHandler - 

Request DefaultFullHttpRequest(decodeResult: success, version: HTTP/1.1, content: EmptyByteBufBE)
GET /session/115016c14ddae0cf0a2c77fe0d3f64fd/url HTTP/1.1
User-Agent: selenium/4.8.1 (java windows)
Cache-Control: no-cache
Content-Type: application/json; charset=utf-8
host: localhost:17603
accept: */*

Response DefaultHttpResponse(decodeResult: success, version: HTTP/1.1)
HTTP/1.1 200 OK
Content-Length: 64
Content-Type: application/json; charset=utf-8
cache-control: no-cache

16:18:15.005 [AsyncHttpClient-1-8] DEBUG org.asynchttpclient.netty.channel.ChannelManager - Adding key: http://localhost:17603 for channel [id: 0x9cfcfc9b, L:/127.0.0.1:15038 - R:localhost/127.0.0.1:17603]
16:18:15.006 [Forwarding screenshot on session 115016c14ddae0cf0a2c77fe0d3f64fd to remote] DEBUG org.asynchttpclient.netty.request.NettyRequestSender - Using pooled Channel '[id: 0x9cfcfc9b, L:/127.0.0.1:15038 - R:localhost/127.0.0.1:17603]' for 'GET' to 'http://localhost:17603/session/115016c14ddae0cf0a2c77fe0d3f64fd/screenshot'
16:18:15.007 [Forwarding screenshot on session 115016c14ddae0cf0a2c77fe0d3f64fd to remote] DEBUG org.asynchttpclient.netty.request.NettyRequestSender - Using open Channel [id: 0x9cfcfc9b, L:/127.0.0.1:15038 - R:localhost/127.0.0.1:17603] for GET '/session/115016c14ddae0cf0a2c77fe0d3f64fd/screenshot'
16:18:15.093 [AsyncHttpClient-1-8] DEBUG org.asynchttpclient.netty.handler.HttpHandler - 

Request DefaultFullHttpRequest(decodeResult: success, version: HTTP/1.1, content: EmptyByteBufBE)
GET /session/115016c14ddae0cf0a2c77fe0d3f64fd/screenshot HTTP/1.1
User-Agent: selenium/4.8.1 (java windows)
Cache-Control: no-cache
Content-Type: application/json; charset=utf-8
host: localhost:17603
accept: */*

Response DefaultHttpResponse(decodeResult: success, version: HTTP/1.1)
HTTP/1.1 200 OK
Content-Length: 125580
Content-Type: application/json; charset=utf-8
cache-control: no-cache

16:18:15.094 [AsyncHttpClient-1-8] DEBUG org.asynchttpclient.netty.channel.ChannelManager - Adding key: http://localhost:17603 for channel [id: 0x9cfcfc9b, L:/127.0.0.1:15038 - R:localhost/127.0.0.1:17603]
16:18:15.100 [main] DEBUG net.serenitybdd.core.photography.Darkroom - Send negative for processing for target\site\serenity\ccb94ee3b183862011abf47996db7c6ab1ad97fa806bc5f8198c267c124a2f52.png
16:18:15.101 [Forwarding getPageSource on session 115016c14ddae0cf0a2c77fe0d3f64fd to remote] DEBUG org.asynchttpclient.netty.request.NettyRequestSender - Using pooled Channel '[id: 0x9cfcfc9b, L:/127.0.0.1:15038 - R:localhost/127.0.0.1:17603]' for 'POST' to 'http://localhost:17603/session/115016c14ddae0cf0a2c77fe0d3f64fd/execute/sync'
16:18:15.101 [Forwarding getPageSource on session 115016c14ddae0cf0a2c77fe0d3f64fd to remote] DEBUG org.asynchttpclient.netty.request.NettyRequestSender - Using open Channel [id: 0x9cfcfc9b, L:/127.0.0.1:15038 - R:localhost/127.0.0.1:17603] for POST '/session/115016c14ddae0cf0a2c77fe0d3f64fd/execute/sync'
16:18:15.106 [AsyncHttpClient-1-8] DEBUG org.asynchttpclient.netty.handler.HttpHandler - 

Request DefaultHttpRequest(decodeResult: success, version: HTTP/1.1)
POST /session/115016c14ddae0cf0a2c77fe0d3f64fd/execute/sync HTTP/1.1
User-Agent: selenium/4.8.1 (java windows)
Content-Length: 176
Content-Type: application/json; charset=utf-8
host: localhost:17603
accept: */*

Response DefaultHttpResponse(decodeResult: success, version: HTTP/1.1)
HTTP/1.1 200 OK
Content-Length: 5992
Content-Type: application/json; charset=utf-8
cache-control: no-cache

16:18:15.106 [AsyncHttpClient-1-8] DEBUG org.asynchttpclient.netty.channel.ChannelManager - Adding key: http://localhost:17603 for channel [id: 0x9cfcfc9b, L:/127.0.0.1:15038 - R:localhost/127.0.0.1:17603]
16:18:15.109 [Forwarding getCurrentUrl on session 115016c14ddae0cf0a2c77fe0d3f64fd to remote] DEBUG org.asynchttpclient.netty.request.NettyRequestSender - Using pooled Channel '[id: 0x9cfcfc9b, L:/127.0.0.1:15038 - R:localhost/127.0.0.1:17603]' for 'GET' to 'http://localhost:17603/session/115016c14ddae0cf0a2c77fe0d3f64fd/url'
16:18:15.109 [Forwarding getCurrentUrl on session 115016c14ddae0cf0a2c77fe0d3f64fd to remote] DEBUG org.asynchttpclient.netty.request.NettyRequestSender - Using open Channel [id: 0x9cfcfc9b, L:/127.0.0.1:15038 - R:localhost/127.0.0.1:17603] for GET '/session/115016c14ddae0cf0a2c77fe0d3f64fd/url'
16:18:15.112 [AsyncHttpClient-1-8] DEBUG org.asynchttpclient.netty.handler.HttpHandler - 

Request DefaultFullHttpRequest(decodeResult: success, version: HTTP/1.1, content: EmptyByteBufBE)
GET /session/115016c14ddae0cf0a2c77fe0d3f64fd/url HTTP/1.1
User-Agent: selenium/4.8.1 (java windows)
Cache-Control: no-cache
Content-Type: application/json; charset=utf-8
host: localhost:17603
accept: */*

Response DefaultHttpResponse(decodeResult: success, version: HTTP/1.1)
HTTP/1.1 200 OK
Content-Length: 64
Content-Type: application/json; charset=utf-8
cache-control: no-cache

16:18:15.113 [AsyncHttpClient-1-8] DEBUG org.asynchttpclient.netty.channel.ChannelManager - Adding key: http://localhost:17603 for channel [id: 0x9cfcfc9b, L:/127.0.0.1:15038 - R:localhost/127.0.0.1:17603]
16:18:15.143 [AsyncHttpClient-1-1] DEBUG org.asynchttpclient.netty.channel.DefaultChannelPool - Entry count for : http://localhost:17603 : 1
16:18:15.143 [AsyncHttpClient-1-1] DEBUG org.asynchttpclient.netty.channel.DefaultChannelPool - Entry count for : http://localhost:15039 : 1
16:18:15.679 [main] DEBUG net.thucydides.core.steps.StepInterceptor - STARTING STEP: Failed4SigninSteps.inputEmailEmptyFields - inputEmail
16:18:15.683 [Forwarding findElement on session 115016c14ddae0cf0a2c77fe0d3f64fd to remote] DEBUG org.asynchttpclient.netty.request.NettyRequestSender - Using pooled Channel '[id: 0x9cfcfc9b, L:/127.0.0.1:15038 - R:localhost/127.0.0.1:17603]' for 'POST' to 'http://localhost:17603/session/115016c14ddae0cf0a2c77fe0d3f64fd/element'
16:18:15.683 [Forwarding findElement on session 115016c14ddae0cf0a2c77fe0d3f64fd to remote] DEBUG org.asynchttpclient.netty.request.NettyRequestSender - Using open Channel [id: 0x9cfcfc9b, L:/127.0.0.1:15038 - R:localhost/127.0.0.1:17603] for POST '/session/115016c14ddae0cf0a2c77fe0d3f64fd/element'
16:18:15.697 [AsyncHttpClient-1-8] DEBUG org.asynchttpclient.netty.handler.HttpHandler - 

Request DefaultHttpRequest(decodeResult: success, version: HTTP/1.1)
POST /session/115016c14ddae0cf0a2c77fe0d3f64fd/element HTTP/1.1
User-Agent: selenium/4.8.1 (java windows)
Content-Length: 67
Content-Type: application/json; charset=utf-8
host: localhost:17603
accept: */*

Response DefaultHttpResponse(decodeResult: success, version: HTTP/1.1)
HTTP/1.1 200 OK
Content-Length: 95
Content-Type: application/json; charset=utf-8
cache-control: no-cache

16:18:15.697 [AsyncHttpClient-1-8] DEBUG org.asynchttpclient.netty.channel.ChannelManager - Adding key: http://localhost:17603 for channel [id: 0x9cfcfc9b, L:/127.0.0.1:15038 - R:localhost/127.0.0.1:17603]
16:18:15.698 [Forwarding clearElement on session 115016c14ddae0cf0a2c77fe0d3f64fd to remote] DEBUG org.asynchttpclient.netty.request.NettyRequestSender - Using pooled Channel '[id: 0x9cfcfc9b, L:/127.0.0.1:15038 - R:localhost/127.0.0.1:17603]' for 'POST' to 'http://localhost:17603/session/115016c14ddae0cf0a2c77fe0d3f64fd/element/3E5D5DF26BE6EF588FDEA8A72B23AD34_element_10/clear'
16:18:15.698 [Forwarding clearElement on session 115016c14ddae0cf0a2c77fe0d3f64fd to remote] DEBUG org.asynchttpclient.netty.request.NettyRequestSender - Using open Channel [id: 0x9cfcfc9b, L:/127.0.0.1:15038 - R:localhost/127.0.0.1:17603] for POST '/session/115016c14ddae0cf0a2c77fe0d3f64fd/element/3E5D5DF26BE6EF588FDEA8A72B23AD34_element_10/clear'
16:18:15.738 [AsyncHttpClient-1-8] DEBUG org.asynchttpclient.netty.handler.HttpHandler - 

Request DefaultHttpRequest(decodeResult: success, version: HTTP/1.1)
POST /session/115016c14ddae0cf0a2c77fe0d3f64fd/element/3E5D5DF26BE6EF588FDEA8A72B23AD34_element_10/clear HTTP/1.1
User-Agent: selenium/4.8.1 (java windows)
Content-Length: 57
Content-Type: application/json; charset=utf-8
host: localhost:17603
accept: */*

Response DefaultHttpResponse(decodeResult: success, version: HTTP/1.1)
HTTP/1.1 200 OK
Content-Length: 14
Content-Type: application/json; charset=utf-8
cache-control: no-cache

16:18:15.738 [AsyncHttpClient-1-8] DEBUG org.asynchttpclient.netty.channel.ChannelManager - Adding key: http://localhost:17603 for channel [id: 0x9cfcfc9b, L:/127.0.0.1:15038 - R:localhost/127.0.0.1:17603]
16:18:15.739 [Forwarding sendKeysToElement on session 115016c14ddae0cf0a2c77fe0d3f64fd to remote] DEBUG org.asynchttpclient.netty.request.NettyRequestSender - Using pooled Channel '[id: 0x9cfcfc9b, L:/127.0.0.1:15038 - R:localhost/127.0.0.1:17603]' for 'POST' to 'http://localhost:17603/session/115016c14ddae0cf0a2c77fe0d3f64fd/element/3E5D5DF26BE6EF588FDEA8A72B23AD34_element_10/value'
16:18:15.739 [Forwarding sendKeysToElement on session 115016c14ddae0cf0a2c77fe0d3f64fd to remote] DEBUG org.asynchttpclient.netty.request.NettyRequestSender - Using open Channel [id: 0x9cfcfc9b, L:/127.0.0.1:15038 - R:localhost/127.0.0.1:17603] for POST '/session/115016c14ddae0cf0a2c77fe0d3f64fd/element/3E5D5DF26BE6EF588FDEA8A72B23AD34_element_10/value'
16:18:15.790 [AsyncHttpClient-1-8] DEBUG org.asynchttpclient.netty.handler.HttpHandler - 

Request DefaultHttpRequest(decodeResult: success, version: HTTP/1.1)
POST /session/115016c14ddae0cf0a2c77fe0d3f64fd/element/3E5D5DF26BE6EF588FDEA8A72B23AD34_element_10/value HTTP/1.1
User-Agent: selenium/4.8.1 (java windows)
Content-Length: 89
Content-Type: application/json; charset=utf-8
host: localhost:17603
accept: */*

Response DefaultHttpResponse(decodeResult: success, version: HTTP/1.1)
HTTP/1.1 200 OK
Content-Length: 14
Content-Type: application/json; charset=utf-8
cache-control: no-cache

16:18:15.790 [AsyncHttpClient-1-8] DEBUG org.asynchttpclient.netty.channel.ChannelManager - Adding key: http://localhost:17603 for channel [id: 0x9cfcfc9b, L:/127.0.0.1:15038 - R:localhost/127.0.0.1:17603]
16:18:15.807 [Forwarding getAlertText on session 115016c14ddae0cf0a2c77fe0d3f64fd to remote] DEBUG org.asynchttpclient.netty.request.NettyRequestSender - Using pooled Channel '[id: 0x9cfcfc9b, L:/127.0.0.1:15038 - R:localhost/127.0.0.1:17603]' for 'GET' to 'http://localhost:17603/session/115016c14ddae0cf0a2c77fe0d3f64fd/alert/text'
16:18:15.807 [Forwarding getAlertText on session 115016c14ddae0cf0a2c77fe0d3f64fd to remote] DEBUG org.asynchttpclient.netty.request.NettyRequestSender - Using open Channel [id: 0x9cfcfc9b, L:/127.0.0.1:15038 - R:localhost/127.0.0.1:17603] for GET '/session/115016c14ddae0cf0a2c77fe0d3f64fd/alert/text'
16:18:15.811 [AsyncHttpClient-1-8] DEBUG org.asynchttpclient.netty.handler.HttpHandler - 

Request DefaultFullHttpRequest(decodeResult: success, version: HTTP/1.1, content: EmptyByteBufBE)
GET /session/115016c14ddae0cf0a2c77fe0d3f64fd/alert/text HTTP/1.1
User-Agent: selenium/4.8.1 (java windows)
Cache-Control: no-cache
Content-Type: application/json; charset=utf-8
host: localhost:17603
accept: */*

Response DefaultHttpResponse(decodeResult: success, version: HTTP/1.1)
HTTP/1.1 404 Not Found
Content-Length: 807
Content-Type: application/json; charset=utf-8
cache-control: no-cache

16:18:15.811 [AsyncHttpClient-1-8] DEBUG org.asynchttpclient.netty.channel.ChannelManager - Adding key: http://localhost:17603 for channel [id: 0x9cfcfc9b, L:/127.0.0.1:15038 - R:localhost/127.0.0.1:17603]
16:18:15.813 [Forwarding getCurrentUrl on session 115016c14ddae0cf0a2c77fe0d3f64fd to remote] DEBUG org.asynchttpclient.netty.request.NettyRequestSender - Using pooled Channel '[id: 0x9cfcfc9b, L:/127.0.0.1:15038 - R:localhost/127.0.0.1:17603]' for 'GET' to 'http://localhost:17603/session/115016c14ddae0cf0a2c77fe0d3f64fd/url'
16:18:15.813 [Forwarding getCurrentUrl on session 115016c14ddae0cf0a2c77fe0d3f64fd to remote] DEBUG org.asynchttpclient.netty.request.NettyRequestSender - Using open Channel [id: 0x9cfcfc9b, L:/127.0.0.1:15038 - R:localhost/127.0.0.1:17603] for GET '/session/115016c14ddae0cf0a2c77fe0d3f64fd/url'
16:18:15.817 [AsyncHttpClient-1-8] DEBUG org.asynchttpclient.netty.handler.HttpHandler - 

Request DefaultFullHttpRequest(decodeResult: success, version: HTTP/1.1, content: EmptyByteBufBE)
GET /session/115016c14ddae0cf0a2c77fe0d3f64fd/url HTTP/1.1
User-Agent: selenium/4.8.1 (java windows)
Cache-Control: no-cache
Content-Type: application/json; charset=utf-8
host: localhost:17603
accept: */*

Response DefaultHttpResponse(decodeResult: success, version: HTTP/1.1)
HTTP/1.1 200 OK
Content-Length: 64
Content-Type: application/json; charset=utf-8
cache-control: no-cache

16:18:15.817 [AsyncHttpClient-1-8] DEBUG org.asynchttpclient.netty.channel.ChannelManager - Adding key: http://localhost:17603 for channel [id: 0x9cfcfc9b, L:/127.0.0.1:15038 - R:localhost/127.0.0.1:17603]
16:18:15.818 [Forwarding screenshot on session 115016c14ddae0cf0a2c77fe0d3f64fd to remote] DEBUG org.asynchttpclient.netty.request.NettyRequestSender - Using pooled Channel '[id: 0x9cfcfc9b, L:/127.0.0.1:15038 - R:localhost/127.0.0.1:17603]' for 'GET' to 'http://localhost:17603/session/115016c14ddae0cf0a2c77fe0d3f64fd/screenshot'
16:18:15.819 [Forwarding screenshot on session 115016c14ddae0cf0a2c77fe0d3f64fd to remote] DEBUG org.asynchttpclient.netty.request.NettyRequestSender - Using open Channel [id: 0x9cfcfc9b, L:/127.0.0.1:15038 - R:localhost/127.0.0.1:17603] for GET '/session/115016c14ddae0cf0a2c77fe0d3f64fd/screenshot'
16:18:15.936 [AsyncHttpClient-1-8] DEBUG org.asynchttpclient.netty.handler.HttpHandler - 

Request DefaultFullHttpRequest(decodeResult: success, version: HTTP/1.1, content: EmptyByteBufBE)
GET /session/115016c14ddae0cf0a2c77fe0d3f64fd/screenshot HTTP/1.1
User-Agent: selenium/4.8.1 (java windows)
Cache-Control: no-cache
Content-Type: application/json; charset=utf-8
host: localhost:17603
accept: */*

Response DefaultHttpResponse(decodeResult: success, version: HTTP/1.1)
HTTP/1.1 200 OK
Content-Length: 125908
Content-Type: application/json; charset=utf-8
cache-control: no-cache

16:18:15.937 [AsyncHttpClient-1-8] DEBUG org.asynchttpclient.netty.channel.ChannelManager - Adding key: http://localhost:17603 for channel [id: 0x9cfcfc9b, L:/127.0.0.1:15038 - R:localhost/127.0.0.1:17603]
16:18:15.947 [main] DEBUG net.serenitybdd.core.photography.Darkroom - Send negative for processing for target\site\serenity\94b118aabc096da82c07a4518e0a33a05b0b7db4700aafe6b496a0111ec90b4d.png
16:18:15.947 [main] DEBUG net.thucydides.core.steps.StepInterceptor - STEP DONE: inputEmail
16:18:15.947 [Darkroom Processing Line] DEBUG net.serenitybdd.core.photography.DarkroomProcessingLine - Processing screenshot image in /var/screenshots/screenshot-3238126295692245144
16:18:15.947 [Darkroom Processing Line] DEBUG net.serenitybdd.core.photography.DarkroomProcessingLine - Saving screenshot to target\site\serenity\94b118aabc096da82c07a4518e0a33a05b0b7db4700aafe6b496a0111ec90b4d.png
  &amp#27;[32mWhen &amp#27;[0m&amp#27;[32mI input email email and password field empty&amp#27;[0m                                        &amp#27;[90m# Starter.Stepdefitions.Failed4SigninSteps.inputEmailEmptyFields()&amp#27;[0m
16:18:15.960 [Forwarding getPageSource on session 115016c14ddae0cf0a2c77fe0d3f64fd to remote] DEBUG org.asynchttpclient.netty.request.NettyRequestSender - Using pooled Channel '[id: 0x9cfcfc9b, L:/127.0.0.1:15038 - R:localhost/127.0.0.1:17603]' for 'POST' to 'http://localhost:17603/session/115016c14ddae0cf0a2c77fe0d3f64fd/execute/sync'
16:18:15.960 [Forwarding getPageSource on session 115016c14ddae0cf0a2c77fe0d3f64fd to remote] DEBUG org.asynchttpclient.netty.request.NettyRequestSender - Using open Channel [id: 0x9cfcfc9b, L:/127.0.0.1:15038 - R:localhost/127.0.0.1:17603] for POST '/session/115016c14ddae0cf0a2c77fe0d3f64fd/execute/sync'
16:18:15.965 [AsyncHttpClient-1-8] DEBUG org.asynchttpclient.netty.handler.HttpHandler - 

Request DefaultHttpRequest(decodeResult: success, version: HTTP/1.1)
POST /session/115016c14ddae0cf0a2c77fe0d3f64fd/execute/sync HTTP/1.1
User-Agent: selenium/4.8.1 (java windows)
Content-Length: 176
Content-Type: application/json; charset=utf-8
host: localhost:17603
accept: */*

Response DefaultHttpResponse(decodeResult: success, version: HTTP/1.1)
HTTP/1.1 200 OK
Content-Length: 6008
Content-Type: application/json; charset=utf-8
cache-control: no-cache

16:18:15.965 [AsyncHttpClient-1-8] DEBUG org.asynchttpclient.netty.channel.ChannelManager - Adding key: http://localhost:17603 for channel [id: 0x9cfcfc9b, L:/127.0.0.1:15038 - R:localhost/127.0.0.1:17603]
16:18:15.967 [Forwarding getCurrentUrl on session 115016c14ddae0cf0a2c77fe0d3f64fd to remote] DEBUG org.asynchttpclient.netty.request.NettyRequestSender - Using pooled Channel '[id: 0x9cfcfc9b, L:/127.0.0.1:15038 - R:localhost/127.0.0.1:17603]' for 'GET' to 'http://localhost:17603/session/115016c14ddae0cf0a2c77fe0d3f64fd/url'
16:18:15.967 [Forwarding getCurrentUrl on session 115016c14ddae0cf0a2c77fe0d3f64fd to remote] DEBUG org.asynchttpclient.netty.request.NettyRequestSender - Using open Channel [id: 0x9cfcfc9b, L:/127.0.0.1:15038 - R:localhost/127.0.0.1:17603] for GET '/session/115016c14ddae0cf0a2c77fe0d3f64fd/url'
16:18:15.971 [AsyncHttpClient-1-8] DEBUG org.asynchttpclient.netty.handler.HttpHandler - 

Request DefaultFullHttpRequest(decodeResult: success, version: HTTP/1.1, content: EmptyByteBufBE)
GET /session/115016c14ddae0cf0a2c77fe0d3f64fd/url HTTP/1.1
User-Agent: selenium/4.8.1 (java windows)
Cache-Control: no-cache
Content-Type: application/json; charset=utf-8
host: localhost:17603
accept: */*

Response DefaultHttpResponse(decodeResult: success, version: HTTP/1.1)
HTTP/1.1 200 OK
Content-Length: 64
Content-Type: application/json; charset=utf-8
cache-control: no-cache

16:18:15.972 [AsyncHttpClient-1-8] DEBUG org.asynchttpclient.netty.channel.ChannelManager - Adding key: http://localhost:17603 for channel [id: 0x9cfcfc9b, L:/127.0.0.1:15038 - R:localhost/127.0.0.1:17603]
16:18:16.176 [Forwarding getAlertText on session 115016c14ddae0cf0a2c77fe0d3f64fd to remote] DEBUG org.asynchttpclient.netty.request.NettyRequestSender - Using pooled Channel '[id: 0x9cfcfc9b, L:/127.0.0.1:15038 - R:localhost/127.0.0.1:17603]' for 'GET' to 'http://localhost:17603/session/115016c14ddae0cf0a2c77fe0d3f64fd/alert/text'
16:18:16.176 [Forwarding getAlertText on session 115016c14ddae0cf0a2c77fe0d3f64fd to remote] DEBUG org.asynchttpclient.netty.request.NettyRequestSender - Using open Channel [id: 0x9cfcfc9b, L:/127.0.0.1:15038 - R:localhost/127.0.0.1:17603] for GET '/session/115016c14ddae0cf0a2c77fe0d3f64fd/alert/text'
16:18:16.178 [AsyncHttpClient-1-8] DEBUG org.asynchttpclient.netty.handler.HttpHandler - 

Request DefaultFullHttpRequest(decodeResult: success, version: HTTP/1.1, content: EmptyByteBufBE)
GET /session/115016c14ddae0cf0a2c77fe0d3f64fd/alert/text HTTP/1.1
User-Agent: selenium/4.8.1 (java windows)
Cache-Control: no-cache
Content-Type: application/json; charset=utf-8
host: localhost:17603
accept: */*

Response DefaultHttpResponse(decodeResult: success, version: HTTP/1.1)
HTTP/1.1 404 Not Found
Content-Length: 807
Content-Type: application/json; charset=utf-8
cache-control: no-cache

16:18:16.178 [AsyncHttpClient-1-8] DEBUG org.asynchttpclient.netty.channel.ChannelManager - Adding key: http://localhost:17603 for channel [id: 0x9cfcfc9b, L:/127.0.0.1:15038 - R:localhost/127.0.0.1:17603]
16:18:16.179 [Forwarding getCurrentUrl on session 115016c14ddae0cf0a2c77fe0d3f64fd to remote] DEBUG org.asynchttpclient.netty.request.NettyRequestSender - Using pooled Channel '[id: 0x9cfcfc9b, L:/127.0.0.1:15038 - R:localhost/127.0.0.1:17603]' for 'GET' to 'http://localhost:17603/session/115016c14ddae0cf0a2c77fe0d3f64fd/url'
16:18:16.179 [Forwarding getCurrentUrl on session 115016c14ddae0cf0a2c77fe0d3f64fd to remote] DEBUG org.asynchttpclient.netty.request.NettyRequestSender - Using open Channel [id: 0x9cfcfc9b, L:/127.0.0.1:15038 - R:localhost/127.0.0.1:17603] for GET '/session/115016c14ddae0cf0a2c77fe0d3f64fd/url'
16:18:16.184 [AsyncHttpClient-1-8] DEBUG org.asynchttpclient.netty.handler.HttpHandler - 

Request DefaultFullHttpRequest(decodeResult: success, version: HTTP/1.1, content: EmptyByteBufBE)
GET /session/115016c14ddae0cf0a2c77fe0d3f64fd/url HTTP/1.1
User-Agent: selenium/4.8.1 (java windows)
Cache-Control: no-cache
Content-Type: application/json; charset=utf-8
host: localhost:17603
accept: */*

Response DefaultHttpResponse(decodeResult: success, version: HTTP/1.1)
HTTP/1.1 200 OK
Content-Length: 64
Content-Type: application/json; charset=utf-8
cache-control: no-cache

16:18:16.184 [AsyncHttpClient-1-8] DEBUG org.asynchttpclient.netty.channel.ChannelManager - Adding key: http://localhost:17603 for channel [id: 0x9cfcfc9b, L:/127.0.0.1:15038 - R:localhost/127.0.0.1:17603]
16:18:16.185 [Forwarding screenshot on session 115016c14ddae0cf0a2c77fe0d3f64fd to remote] DEBUG org.asynchttpclient.netty.request.NettyRequestSender - Using pooled Channel '[id: 0x9cfcfc9b, L:/127.0.0.1:15038 - R:localhost/127.0.0.1:17603]' for 'GET' to 'http://localhost:17603/session/115016c14ddae0cf0a2c77fe0d3f64fd/screenshot'
16:18:16.185 [Forwarding screenshot on session 115016c14ddae0cf0a2c77fe0d3f64fd to remote] DEBUG org.asynchttpclient.netty.request.NettyRequestSender - Using open Channel [id: 0x9cfcfc9b, L:/127.0.0.1:15038 - R:localhost/127.0.0.1:17603] for GET '/session/115016c14ddae0cf0a2c77fe0d3f64fd/screenshot'
16:18:16.243 [AsyncHttpClient-1-1] DEBUG org.asynchttpclient.netty.channel.DefaultChannelPool - Entry count for : http://localhost:15039 : 1
16:18:16.279 [AsyncHttpClient-1-8] DEBUG org.asynchttpclient.netty.handler.HttpHandler - 

Request DefaultFullHttpRequest(decodeResult: success, version: HTTP/1.1, content: EmptyByteBufBE)
GET /session/115016c14ddae0cf0a2c77fe0d3f64fd/screenshot HTTP/1.1
User-Agent: selenium/4.8.1 (java windows)
Cache-Control: no-cache
Content-Type: application/json; charset=utf-8
host: localhost:17603
accept: */*

Response DefaultHttpResponse(decodeResult: success, version: HTTP/1.1)
HTTP/1.1 200 OK
Content-Length: 125912
Content-Type: application/json; charset=utf-8
cache-control: no-cache

16:18:16.280 [AsyncHttpClient-1-8] DEBUG org.asynchttpclient.netty.channel.ChannelManager - Adding key: http://localhost:17603 for channel [id: 0x9cfcfc9b, L:/127.0.0.1:15038 - R:localhost/127.0.0.1:17603]
16:18:16.286 [main] DEBUG net.serenitybdd.core.photography.Darkroom - Send negative for processing for target\site\serenity\df65c7f3e7842b47373540ab10329dfd59ba7cb0c044c37d239af9c308b453c1.png
16:18:16.286 [Darkroom Processing Line] DEBUG net.serenitybdd.core.photography.DarkroomProcessingLine - Processing screenshot image in /var/screenshots/screenshot-3502584456922505166
16:18:16.286 [Darkroom Processing Line] DEBUG net.serenitybdd.core.photography.DarkroomProcessingLine - Saving screenshot to target\site\serenity\df65c7f3e7842b47373540ab10329dfd59ba7cb0c044c37d239af9c308b453c1.png
16:18:16.287 [Forwarding getPageSource on session 115016c14ddae0cf0a2c77fe0d3f64fd to remote] DEBUG org.asynchttpclient.netty.request.NettyRequestSender - Using pooled Channel '[id: 0x9cfcfc9b, L:/127.0.0.1:15038 - R:localhost/127.0.0.1:17603]' for 'POST' to 'http://localhost:17603/session/115016c14ddae0cf0a2c77fe0d3f64fd/execute/sync'
16:18:16.287 [Forwarding getPageSource on session 115016c14ddae0cf0a2c77fe0d3f64fd to remote] DEBUG org.asynchttpclient.netty.request.NettyRequestSender - Using open Channel [id: 0x9cfcfc9b, L:/127.0.0.1:15038 - R:localhost/127.0.0.1:17603] for POST '/session/115016c14ddae0cf0a2c77fe0d3f64fd/execute/sync'
16:18:16.293 [AsyncHttpClient-1-8] DEBUG org.asynchttpclient.netty.handler.HttpHandler - 

Request DefaultHttpRequest(decodeResult: success, version: HTTP/1.1)
POST /session/115016c14ddae0cf0a2c77fe0d3f64fd/execute/sync HTTP/1.1
User-Agent: selenium/4.8.1 (java windows)
Content-Length: 176
Content-Type: application/json; charset=utf-8
host: localhost:17603
accept: */*

Response DefaultHttpResponse(decodeResult: success, version: HTTP/1.1)
HTTP/1.1 200 OK
Content-Length: 6008
Content-Type: application/json; charset=utf-8
cache-control: no-cache

16:18:16.293 [AsyncHttpClient-1-8] DEBUG org.asynchttpclient.netty.channel.ChannelManager - Adding key: http://localhost:17603 for channel [id: 0x9cfcfc9b, L:/127.0.0.1:15038 - R:localhost/127.0.0.1:17603]
16:18:16.296 [Forwarding getCurrentUrl on session 115016c14ddae0cf0a2c77fe0d3f64fd to remote] DEBUG org.asynchttpclient.netty.request.NettyRequestSender - Using pooled Channel '[id: 0x9cfcfc9b, L:/127.0.0.1:15038 - R:localhost/127.0.0.1:17603]' for 'GET' to 'http://localhost:17603/session/115016c14ddae0cf0a2c77fe0d3f64fd/url'
16:18:16.296 [Forwarding getCurrentUrl on session 115016c14ddae0cf0a2c77fe0d3f64fd to remote] DEBUG org.asynchttpclient.netty.request.NettyRequestSender - Using open Channel [id: 0x9cfcfc9b, L:/127.0.0.1:15038 - R:localhost/127.0.0.1:17603] for GET '/session/115016c14ddae0cf0a2c77fe0d3f64fd/url'
16:18:16.301 [AsyncHttpClient-1-8] DEBUG org.asynchttpclient.netty.handler.HttpHandler - 

Request DefaultFullHttpRequest(decodeResult: success, version: HTTP/1.1, content: EmptyByteBufBE)
GET /session/115016c14ddae0cf0a2c77fe0d3f64fd/url HTTP/1.1
User-Agent: selenium/4.8.1 (java windows)
Cache-Control: no-cache
Content-Type: application/json; charset=utf-8
host: localhost:17603
accept: */*

Response DefaultHttpResponse(decodeResult: success, version: HTTP/1.1)
HTTP/1.1 200 OK
Content-Length: 64
Content-Type: application/json; charset=utf-8
cache-control: no-cache

16:18:16.301 [AsyncHttpClient-1-8] DEBUG org.asynchttpclient.netty.channel.ChannelManager - Adding key: http://localhost:17603 for channel [id: 0x9cfcfc9b, L:/127.0.0.1:15038 - R:localhost/127.0.0.1:17603]
16:18:16.303 [main] DEBUG net.thucydides.core.steps.StepInterceptor - STARTING STEP: Failed4SigninSteps.inputPasswordEmptyFields - inputPassword
16:18:16.306 [Forwarding findElement on session 115016c14ddae0cf0a2c77fe0d3f64fd to remote] DEBUG org.asynchttpclient.netty.request.NettyRequestSender - Using pooled Channel '[id: 0x9cfcfc9b, L:/127.0.0.1:15038 - R:localhost/127.0.0.1:17603]' for 'POST' to 'http://localhost:17603/session/115016c14ddae0cf0a2c77fe0d3f64fd/element'
16:18:16.306 [Forwarding findElement on session 115016c14ddae0cf0a2c77fe0d3f64fd to remote] DEBUG org.asynchttpclient.netty.request.NettyRequestSender - Using open Channel [id: 0x9cfcfc9b, L:/127.0.0.1:15038 - R:localhost/127.0.0.1:17603] for POST '/session/115016c14ddae0cf0a2c77fe0d3f64fd/element'
16:18:16.319 [AsyncHttpClient-1-8] DEBUG org.asynchttpclient.netty.handler.HttpHandler - 

Request DefaultHttpRequest(decodeResult: success, version: HTTP/1.1)
POST /session/115016c14ddae0cf0a2c77fe0d3f64fd/element HTTP/1.1
User-Agent: selenium/4.8.1 (java windows)
Content-Length: 70
Content-Type: application/json; charset=utf-8
host: localhost:17603
accept: */*

Response DefaultHttpResponse(decodeResult: success, version: HTTP/1.1)
HTTP/1.1 200 OK
Content-Length: 95
Content-Type: application/json; charset=utf-8
cache-control: no-cache

16:18:16.319 [AsyncHttpClient-1-8] DEBUG org.asynchttpclient.netty.channel.ChannelManager - Adding key: http://localhost:17603 for channel [id: 0x9cfcfc9b, L:/127.0.0.1:15038 - R:localhost/127.0.0.1:17603]
16:18:16.321 [Forwarding clearElement on session 115016c14ddae0cf0a2c77fe0d3f64fd to remote] DEBUG org.asynchttpclient.netty.request.NettyRequestSender - Using pooled Channel '[id: 0x9cfcfc9b, L:/127.0.0.1:15038 - R:localhost/127.0.0.1:17603]' for 'POST' to 'http://localhost:17603/session/115016c14ddae0cf0a2c77fe0d3f64fd/element/3E5D5DF26BE6EF588FDEA8A72B23AD34_element_13/clear'
16:18:16.321 [Forwarding clearElement on session 115016c14ddae0cf0a2c77fe0d3f64fd to remote] DEBUG org.asynchttpclient.netty.request.NettyRequestSender - Using open Channel [id: 0x9cfcfc9b, L:/127.0.0.1:15038 - R:localhost/127.0.0.1:17603] for POST '/session/115016c14ddae0cf0a2c77fe0d3f64fd/element/3E5D5DF26BE6EF588FDEA8A72B23AD34_element_13/clear'
16:18:16.346 [AsyncHttpClient-1-8] DEBUG org.asynchttpclient.netty.handler.HttpHandler - 

Request DefaultHttpRequest(decodeResult: success, version: HTTP/1.1)
POST /session/115016c14ddae0cf0a2c77fe0d3f64fd/element/3E5D5DF26BE6EF588FDEA8A72B23AD34_element_13/clear HTTP/1.1
User-Agent: selenium/4.8.1 (java windows)
Content-Length: 57
Content-Type: application/json; charset=utf-8
host: localhost:17603
accept: */*

Response DefaultHttpResponse(decodeResult: success, version: HTTP/1.1)
HTTP/1.1 200 OK
Content-Length: 14
Content-Type: application/json; charset=utf-8
cache-control: no-cache

16:18:16.346 [AsyncHttpClient-1-8] DEBUG org.asynchttpclient.netty.channel.ChannelManager - Adding key: http://localhost:17603 for channel [id: 0x9cfcfc9b, L:/127.0.0.1:15038 - R:localhost/127.0.0.1:17603]
16:18:16.347 [Forwarding sendKeysToElement on session 115016c14ddae0cf0a2c77fe0d3f64fd to remote] DEBUG org.asynchttpclient.netty.request.NettyRequestSender - Using pooled Channel '[id: 0x9cfcfc9b, L:/127.0.0.1:15038 - R:localhost/127.0.0.1:17603]' for 'POST' to 'http://localhost:17603/session/115016c14ddae0cf0a2c77fe0d3f64fd/element/3E5D5DF26BE6EF588FDEA8A72B23AD34_element_13/value'
16:18:16.348 [Forwarding sendKeysToElement on session 115016c14ddae0cf0a2c77fe0d3f64fd to remote] DEBUG org.asynchttpclient.netty.request.NettyRequestSender - Using open Channel [id: 0x9cfcfc9b, L:/127.0.0.1:15038 - R:localhost/127.0.0.1:17603] for POST '/session/115016c14ddae0cf0a2c77fe0d3f64fd/element/3E5D5DF26BE6EF588FDEA8A72B23AD34_element_13/value'
16:18:16.416 [AsyncHttpClient-1-8] DEBUG org.asynchttpclient.netty.handler.HttpHandler - 

Request DefaultHttpRequest(decodeResult: success, version: HTTP/1.1)
POST /session/115016c14ddae0cf0a2c77fe0d3f64fd/element/3E5D5DF26BE6EF588FDEA8A72B23AD34_element_13/value HTTP/1.1
User-Agent: selenium/4.8.1 (java windows)
Content-Length: 89
Content-Type: application/json; charset=utf-8
host: localhost:17603
accept: */*

Response DefaultHttpResponse(decodeResult: success, version: HTTP/1.1)
HTTP/1.1 200 OK
Content-Length: 14
Content-Type: application/json; charset=utf-8
cache-control: no-cache

16:18:16.417 [AsyncHttpClient-1-8] DEBUG org.asynchttpclient.netty.channel.ChannelManager - Adding key: http://localhost:17603 for channel [id: 0x9cfcfc9b, L:/127.0.0.1:15038 - R:localhost/127.0.0.1:17603]
16:18:16.423 [Forwarding getAlertText on session 115016c14ddae0cf0a2c77fe0d3f64fd to remote] DEBUG org.asynchttpclient.netty.request.NettyRequestSender - Using pooled Channel '[id: 0x9cfcfc9b, L:/127.0.0.1:15038 - R:localhost/127.0.0.1:17603]' for 'GET' to 'http://localhost:17603/session/115016c14ddae0cf0a2c77fe0d3f64fd/alert/text'
16:18:16.423 [Forwarding getAlertText on session 115016c14ddae0cf0a2c77fe0d3f64fd to remote] DEBUG org.asynchttpclient.netty.request.NettyRequestSender - Using open Channel [id: 0x9cfcfc9b, L:/127.0.0.1:15038 - R:localhost/127.0.0.1:17603] for GET '/session/115016c14ddae0cf0a2c77fe0d3f64fd/alert/text'
16:18:16.424 [AsyncHttpClient-1-8] DEBUG org.asynchttpclient.netty.handler.HttpHandler - 

Request DefaultFullHttpRequest(decodeResult: success, version: HTTP/1.1, content: EmptyByteBufBE)
GET /session/115016c14ddae0cf0a2c77fe0d3f64fd/alert/text HTTP/1.1
User-Agent: selenium/4.8.1 (java windows)
Cache-Control: no-cache
Content-Type: application/json; charset=utf-8
host: localhost:17603
accept: */*

Response DefaultHttpResponse(decodeResult: success, version: HTTP/1.1)
HTTP/1.1 404 Not Found
Content-Length: 807
Content-Type: application/json; charset=utf-8
cache-control: no-cache

16:18:16.425 [AsyncHttpClient-1-8] DEBUG org.asynchttpclient.netty.channel.ChannelManager - Adding key: http://localhost:17603 for channel [id: 0x9cfcfc9b, L:/127.0.0.1:15038 - R:localhost/127.0.0.1:17603]
16:18:16.428 [Forwarding getCurrentUrl on session 115016c14ddae0cf0a2c77fe0d3f64fd to remote] DEBUG org.asynchttpclient.netty.request.NettyRequestSender - Using pooled Channel '[id: 0x9cfcfc9b, L:/127.0.0.1:15038 - R:localhost/127.0.0.1:17603]' for 'GET' to 'http://localhost:17603/session/115016c14ddae0cf0a2c77fe0d3f64fd/url'
16:18:16.429 [Forwarding getCurrentUrl on session 115016c14ddae0cf0a2c77fe0d3f64fd to remote] DEBUG org.asynchttpclient.netty.request.NettyRequestSender - Using open Channel [id: 0x9cfcfc9b, L:/127.0.0.1:15038 - R:localhost/127.0.0.1:17603] for GET '/session/115016c14ddae0cf0a2c77fe0d3f64fd/url'
16:18:16.432 [AsyncHttpClient-1-8] DEBUG org.asynchttpclient.netty.handler.HttpHandler - 

Request DefaultFullHttpRequest(decodeResult: success, version: HTTP/1.1, content: EmptyByteBufBE)
GET /session/115016c14ddae0cf0a2c77fe0d3f64fd/url HTTP/1.1
User-Agent: selenium/4.8.1 (java windows)
Cache-Control: no-cache
Content-Type: application/json; charset=utf-8
host: localhost:17603
accept: */*

Response DefaultHttpResponse(decodeResult: success, version: HTTP/1.1)
HTTP/1.1 200 OK
Content-Length: 64
Content-Type: application/json; charset=utf-8
cache-control: no-cache

16:18:16.432 [AsyncHttpClient-1-8] DEBUG org.asynchttpclient.netty.channel.ChannelManager - Adding key: http://localhost:17603 for channel [id: 0x9cfcfc9b, L:/127.0.0.1:15038 - R:localhost/127.0.0.1:17603]
16:18:16.433 [Forwarding screenshot on session 115016c14ddae0cf0a2c77fe0d3f64fd to remote] DEBUG org.asynchttpclient.netty.request.NettyRequestSender - Using pooled Channel '[id: 0x9cfcfc9b, L:/127.0.0.1:15038 - R:localhost/127.0.0.1:17603]' for 'GET' to 'http://localhost:17603/session/115016c14ddae0cf0a2c77fe0d3f64fd/screenshot'
16:18:16.433 [Forwarding screenshot on session 115016c14ddae0cf0a2c77fe0d3f64fd to remote] DEBUG org.asynchttpclient.netty.request.NettyRequestSender - Using open Channel [id: 0x9cfcfc9b, L:/127.0.0.1:15038 - R:localhost/127.0.0.1:17603] for GET '/session/115016c14ddae0cf0a2c77fe0d3f64fd/screenshot'
16:18:16.550 [AsyncHttpClient-1-8] DEBUG org.asynchttpclient.netty.handler.HttpHandler - 

Request DefaultFullHttpRequest(decodeResult: success, version: HTTP/1.1, content: EmptyByteBufBE)
GET /session/115016c14ddae0cf0a2c77fe0d3f64fd/screenshot HTTP/1.1
User-Agent: selenium/4.8.1 (java windows)
Cache-Control: no-cache
Content-Type: application/json; charset=utf-8
host: localhost:17603
accept: */*

Response DefaultHttpResponse(decodeResult: success, version: HTTP/1.1)
HTTP/1.1 200 OK
Content-Length: 126560
Content-Type: application/json; charset=utf-8
cache-control: no-cache

16:18:16.551 [AsyncHttpClient-1-8] DEBUG org.asynchttpclient.netty.channel.ChannelManager - Adding key: http://localhost:17603 for channel [id: 0x9cfcfc9b, L:/127.0.0.1:15038 - R:localhost/127.0.0.1:17603]
16:18:16.562 [main] DEBUG net.serenitybdd.core.photography.Darkroom - Send negative for processing for target\site\serenity\5c23e944b41965f6bba0ae43a3cd2400e246a17e67ed471687049178df408185.png
16:18:16.562 [main] DEBUG net.thucydides.core.steps.StepInterceptor - STEP DONE: inputPassword
16:18:16.562 [Darkroom Processing Line] DEBUG net.serenitybdd.core.photography.DarkroomProcessingLine - Processing screenshot image in /var/screenshots/screenshot-2219864677373663611
  &amp#27;[32mAnd &amp#27;[0m&amp#27;[32mI input password email and password field empty&amp#27;[0m                                      &amp#27;[90m# Starter.Stepdefitions.Failed4SigninSteps.inputPasswordEmptyFields()&amp#27;[0m
16:18:16.562 [Darkroom Processing Line] DEBUG net.serenitybdd.core.photography.DarkroomProcessingLine - Saving screenshot to target\site\serenity\5c23e944b41965f6bba0ae43a3cd2400e246a17e67ed471687049178df408185.png
16:18:16.571 [Forwarding getPageSource on session 115016c14ddae0cf0a2c77fe0d3f64fd to remote] DEBUG org.asynchttpclient.netty.request.NettyRequestSender - Using pooled Channel '[id: 0x9cfcfc9b, L:/127.0.0.1:15038 - R:localhost/127.0.0.1:17603]' for 'POST' to 'http://localhost:17603/session/115016c14ddae0cf0a2c77fe0d3f64fd/execute/sync'
16:18:16.571 [Forwarding getPageSource on session 115016c14ddae0cf0a2c77fe0d3f64fd to remote] DEBUG org.asynchttpclient.netty.request.NettyRequestSender - Using open Channel [id: 0x9cfcfc9b, L:/127.0.0.1:15038 - R:localhost/127.0.0.1:17603] for POST '/session/115016c14ddae0cf0a2c77fe0d3f64fd/execute/sync'
16:18:16.579 [AsyncHttpClient-1-8] DEBUG org.asynchttpclient.netty.handler.HttpHandler - 

Request DefaultHttpRequest(decodeResult: success, version: HTTP/1.1)
POST /session/115016c14ddae0cf0a2c77fe0d3f64fd/execute/sync HTTP/1.1
User-Agent: selenium/4.8.1 (java windows)
Content-Length: 176
Content-Type: application/json; charset=utf-8
host: localhost:17603
accept: */*

Response DefaultHttpResponse(decodeResult: success, version: HTTP/1.1)
HTTP/1.1 200 OK
Content-Length: 6067
Content-Type: application/json; charset=utf-8
cache-control: no-cache

16:18:16.579 [AsyncHttpClient-1-8] DEBUG org.asynchttpclient.netty.channel.ChannelManager - Adding key: http://localhost:17603 for channel [id: 0x9cfcfc9b, L:/127.0.0.1:15038 - R:localhost/127.0.0.1:17603]
16:18:16.581 [Forwarding getCurrentUrl on session 115016c14ddae0cf0a2c77fe0d3f64fd to remote] DEBUG org.asynchttpclient.netty.request.NettyRequestSender - Using pooled Channel '[id: 0x9cfcfc9b, L:/127.0.0.1:15038 - R:localhost/127.0.0.1:17603]' for 'GET' to 'http://localhost:17603/session/115016c14ddae0cf0a2c77fe0d3f64fd/url'
16:18:16.582 [Forwarding getCurrentUrl on session 115016c14ddae0cf0a2c77fe0d3f64fd to remote] DEBUG org.asynchttpclient.netty.request.NettyRequestSender - Using open Channel [id: 0x9cfcfc9b, L:/127.0.0.1:15038 - R:localhost/127.0.0.1:17603] for GET '/session/115016c14ddae0cf0a2c77fe0d3f64fd/url'
16:18:16.586 [AsyncHttpClient-1-8] DEBUG org.asynchttpclient.netty.handler.HttpHandler - 

Request DefaultFullHttpRequest(decodeResult: success, version: HTTP/1.1, content: EmptyByteBufBE)
GET /session/115016c14ddae0cf0a2c77fe0d3f64fd/url HTTP/1.1
User-Agent: selenium/4.8.1 (java windows)
Cache-Control: no-cache
Content-Type: application/json; charset=utf-8
host: localhost:17603
accept: */*

Response DefaultHttpResponse(decodeResult: success, version: HTTP/1.1)
HTTP/1.1 200 OK
Content-Length: 64
Content-Type: application/json; charset=utf-8
cache-control: no-cache

16:18:16.586 [AsyncHttpClient-1-8] DEBUG org.asynchttpclient.netty.channel.ChannelManager - Adding key: http://localhost:17603 for channel [id: 0x9cfcfc9b, L:/127.0.0.1:15038 - R:localhost/127.0.0.1:17603]
16:18:17.026 [Forwarding getAlertText on session 115016c14ddae0cf0a2c77fe0d3f64fd to remote] DEBUG org.asynchttpclient.netty.request.NettyRequestSender - Using pooled Channel '[id: 0x9cfcfc9b, L:/127.0.0.1:15038 - R:localhost/127.0.0.1:17603]' for 'GET' to 'http://localhost:17603/session/115016c14ddae0cf0a2c77fe0d3f64fd/alert/text'
16:18:17.026 [Forwarding getAlertText on session 115016c14ddae0cf0a2c77fe0d3f64fd to remote] DEBUG org.asynchttpclient.netty.request.NettyRequestSender - Using open Channel [id: 0x9cfcfc9b, L:/127.0.0.1:15038 - R:localhost/127.0.0.1:17603] for GET '/session/115016c14ddae0cf0a2c77fe0d3f64fd/alert/text'
16:18:17.029 [AsyncHttpClient-1-8] DEBUG org.asynchttpclient.netty.handler.HttpHandler - 

Request DefaultFullHttpRequest(decodeResult: success, version: HTTP/1.1, content: EmptyByteBufBE)
GET /session/115016c14ddae0cf0a2c77fe0d3f64fd/alert/text HTTP/1.1
User-Agent: selenium/4.8.1 (java windows)
Cache-Control: no-cache
Content-Type: application/json; charset=utf-8
host: localhost:17603
accept: */*

Response DefaultHttpResponse(decodeResult: success, version: HTTP/1.1)
HTTP/1.1 404 Not Found
Content-Length: 807
Content-Type: application/json; charset=utf-8
cache-control: no-cache

16:18:17.029 [AsyncHttpClient-1-8] DEBUG org.asynchttpclient.netty.channel.ChannelManager - Adding key: http://localhost:17603 for channel [id: 0x9cfcfc9b, L:/127.0.0.1:15038 - R:localhost/127.0.0.1:17603]
16:18:17.030 [Forwarding getCurrentUrl on session 115016c14ddae0cf0a2c77fe0d3f64fd to remote] DEBUG org.asynchttpclient.netty.request.NettyRequestSender - Using pooled Channel '[id: 0x9cfcfc9b, L:/127.0.0.1:15038 - R:localhost/127.0.0.1:17603]' for 'GET' to 'http://localhost:17603/session/115016c14ddae0cf0a2c77fe0d3f64fd/url'
16:18:17.030 [Forwarding getCurrentUrl on session 115016c14ddae0cf0a2c77fe0d3f64fd to remote] DEBUG org.asynchttpclient.netty.request.NettyRequestSender - Using open Channel [id: 0x9cfcfc9b, L:/127.0.0.1:15038 - R:localhost/127.0.0.1:17603] for GET '/session/115016c14ddae0cf0a2c77fe0d3f64fd/url'
16:18:17.036 [AsyncHttpClient-1-8] DEBUG org.asynchttpclient.netty.handler.HttpHandler - 

Request DefaultFullHttpRequest(decodeResult: success, version: HTTP/1.1, content: EmptyByteBufBE)
GET /session/115016c14ddae0cf0a2c77fe0d3f64fd/url HTTP/1.1
User-Agent: selenium/4.8.1 (java windows)
Cache-Control: no-cache
Content-Type: application/json; charset=utf-8
host: localhost:17603
accept: */*

Response DefaultHttpResponse(decodeResult: success, version: HTTP/1.1)
HTTP/1.1 200 OK
Content-Length: 64
Content-Type: application/json; charset=utf-8
cache-control: no-cache

16:18:17.036 [AsyncHttpClient-1-8] DEBUG org.asynchttpclient.netty.channel.ChannelManager - Adding key: http://localhost:17603 for channel [id: 0x9cfcfc9b, L:/127.0.0.1:15038 - R:localhost/127.0.0.1:17603]
16:18:17.037 [Forwarding screenshot on session 115016c14ddae0cf0a2c77fe0d3f64fd to remote] DEBUG org.asynchttpclient.netty.request.NettyRequestSender - Using pooled Channel '[id: 0x9cfcfc9b, L:/127.0.0.1:15038 - R:localhost/127.0.0.1:17603]' for 'GET' to 'http://localhost:17603/session/115016c14ddae0cf0a2c77fe0d3f64fd/screenshot'
16:18:17.037 [Forwarding screenshot on session 115016c14ddae0cf0a2c77fe0d3f64fd to remote] DEBUG org.asynchttpclient.netty.request.NettyRequestSender - Using open Channel [id: 0x9cfcfc9b, L:/127.0.0.1:15038 - R:localhost/127.0.0.1:17603] for GET '/session/115016c14ddae0cf0a2c77fe0d3f64fd/screenshot'
16:18:17.139 [AsyncHttpClient-1-8] DEBUG org.asynchttpclient.netty.handler.HttpHandler - 

Request DefaultFullHttpRequest(decodeResult: success, version: HTTP/1.1, content: EmptyByteBufBE)
GET /session/115016c14ddae0cf0a2c77fe0d3f64fd/screenshot HTTP/1.1
User-Agent: selenium/4.8.1 (java windows)
Cache-Control: no-cache
Content-Type: application/json; charset=utf-8
host: localhost:17603
accept: */*

Response DefaultHttpResponse(decodeResult: success, version: HTTP/1.1)
HTTP/1.1 200 OK
Content-Length: 126368
Content-Type: application/json; charset=utf-8
cache-control: no-cache

16:18:17.140 [AsyncHttpClient-1-8] DEBUG org.asynchttpclient.netty.channel.ChannelManager - Adding key: http://localhost:17603 for channel [id: 0x9cfcfc9b, L:/127.0.0.1:15038 - R:localhost/127.0.0.1:17603]
16:18:17.146 [main] DEBUG net.serenitybdd.core.photography.Darkroom - Send negative for processing for target\site\serenity\76ea0f36de3eaed4aea9020eca93338e3e1a279be62c953b6cf5abf1775925a8.png
16:18:17.146 [Darkroom Processing Line] DEBUG net.serenitybdd.core.photography.DarkroomProcessingLine - Processing screenshot image in /var/screenshots/screenshot-3784747596424590178
16:18:17.146 [Darkroom Processing Line] DEBUG net.serenitybdd.core.photography.DarkroomProcessingLine - Saving screenshot to target\site\serenity\76ea0f36de3eaed4aea9020eca93338e3e1a279be62c953b6cf5abf1775925a8.png
16:18:17.147 [Forwarding getPageSource on session 115016c14ddae0cf0a2c77fe0d3f64fd to remote] DEBUG org.asynchttpclient.netty.request.NettyRequestSender - Using pooled Channel '[id: 0x9cfcfc9b, L:/127.0.0.1:15038 - R:localhost/127.0.0.1:17603]' for 'POST' to 'http://localhost:17603/session/115016c14ddae0cf0a2c77fe0d3f64fd/execute/sync'
16:18:17.148 [Forwarding getPageSource on session 115016c14ddae0cf0a2c77fe0d3f64fd to remote] DEBUG org.asynchttpclient.netty.request.NettyRequestSender - Using open Channel [id: 0x9cfcfc9b, L:/127.0.0.1:15038 - R:localhost/127.0.0.1:17603] for POST '/session/115016c14ddae0cf0a2c77fe0d3f64fd/execute/sync'
16:18:17.153 [AsyncHttpClient-1-8] DEBUG org.asynchttpclient.netty.handler.HttpHandler - 

Request DefaultHttpRequest(decodeResult: success, version: HTTP/1.1)
POST /session/115016c14ddae0cf0a2c77fe0d3f64fd/execute/sync HTTP/1.1
User-Agent: selenium/4.8.1 (java windows)
Content-Length: 176
Content-Type: application/json; charset=utf-8
host: localhost:17603
accept: */*

Response DefaultHttpResponse(decodeResult: success, version: HTTP/1.1)
HTTP/1.1 200 OK
Content-Length: 6067
Content-Type: application/json; charset=utf-8
cache-control: no-cache

16:18:17.153 [AsyncHttpClient-1-8] DEBUG org.asynchttpclient.netty.channel.ChannelManager - Adding key: http://localhost:17603 for channel [id: 0x9cfcfc9b, L:/127.0.0.1:15038 - R:localhost/127.0.0.1:17603]
16:18:17.155 [Forwarding getCurrentUrl on session 115016c14ddae0cf0a2c77fe0d3f64fd to remote] DEBUG org.asynchttpclient.netty.request.NettyRequestSender - Using pooled Channel '[id: 0x9cfcfc9b, L:/127.0.0.1:15038 - R:localhost/127.0.0.1:17603]' for 'GET' to 'http://localhost:17603/session/115016c14ddae0cf0a2c77fe0d3f64fd/url'
16:18:17.155 [Forwarding getCurrentUrl on session 115016c14ddae0cf0a2c77fe0d3f64fd to remote] DEBUG org.asynchttpclient.netty.request.NettyRequestSender - Using open Channel [id: 0x9cfcfc9b, L:/127.0.0.1:15038 - R:localhost/127.0.0.1:17603] for GET '/session/115016c14ddae0cf0a2c77fe0d3f64fd/url'
16:18:17.160 [AsyncHttpClient-1-8] DEBUG org.asynchttpclient.netty.handler.HttpHandler - 

Request DefaultFullHttpRequest(decodeResult: success, version: HTTP/1.1, content: EmptyByteBufBE)
GET /session/115016c14ddae0cf0a2c77fe0d3f64fd/url HTTP/1.1
User-Agent: selenium/4.8.1 (java windows)
Cache-Control: no-cache
Content-Type: application/json; charset=utf-8
host: localhost:17603
accept: */*

Response DefaultHttpResponse(decodeResult: success, version: HTTP/1.1)
HTTP/1.1 200 OK
Content-Length: 64
Content-Type: application/json; charset=utf-8
cache-control: no-cache

16:18:17.160 [AsyncHttpClient-1-8] DEBUG org.asynchttpclient.netty.channel.ChannelManager - Adding key: http://localhost:17603 for channel [id: 0x9cfcfc9b, L:/127.0.0.1:15038 - R:localhost/127.0.0.1:17603]
16:18:17.287 [main] DEBUG net.thucydides.core.steps.StepInterceptor - STARTING STEP: Failed4SigninSteps.clickLoginEmptyFields - clickLoginButton
16:18:17.298 [Forwarding findElement on session 115016c14ddae0cf0a2c77fe0d3f64fd to remote] DEBUG org.asynchttpclient.netty.request.NettyRequestSender - Using pooled Channel '[id: 0x9cfcfc9b, L:/127.0.0.1:15038 - R:localhost/127.0.0.1:17603]' for 'POST' to 'http://localhost:17603/session/115016c14ddae0cf0a2c77fe0d3f64fd/element'
16:18:17.298 [Forwarding findElement on session 115016c14ddae0cf0a2c77fe0d3f64fd to remote] DEBUG org.asynchttpclient.netty.request.NettyRequestSender - Using open Channel [id: 0x9cfcfc9b, L:/127.0.0.1:15038 - R:localhost/127.0.0.1:17603] for POST '/session/115016c14ddae0cf0a2c77fe0d3f64fd/element'
16:18:17.322 [AsyncHttpClient-1-8] DEBUG org.asynchttpclient.netty.handler.HttpHandler - 

Request DefaultHttpRequest(decodeResult: success, version: HTTP/1.1)
POST /session/115016c14ddae0cf0a2c77fe0d3f64fd/element HTTP/1.1
User-Agent: selenium/4.8.1 (java windows)
Content-Length: 69
Content-Type: application/json; charset=utf-8
host: localhost:17603
accept: */*

Response DefaultHttpResponse(decodeResult: success, version: HTTP/1.1)
HTTP/1.1 200 OK
Content-Length: 95
Content-Type: application/json; charset=utf-8
cache-control: no-cache

16:18:17.323 [AsyncHttpClient-1-8] DEBUG org.asynchttpclient.netty.channel.ChannelManager - Adding key: http://localhost:17603 for channel [id: 0x9cfcfc9b, L:/127.0.0.1:15038 - R:localhost/127.0.0.1:17603]
16:18:17.324 [Forwarding getElementTagName on session 115016c14ddae0cf0a2c77fe0d3f64fd to remote] DEBUG org.asynchttpclient.netty.request.NettyRequestSender - Using pooled Channel '[id: 0x9cfcfc9b, L:/127.0.0.1:15038 - R:localhost/127.0.0.1:17603]' for 'GET' to 'http://localhost:17603/session/115016c14ddae0cf0a2c77fe0d3f64fd/element/3E5D5DF26BE6EF588FDEA8A72B23AD34_element_18/name'
16:18:17.325 [Forwarding getElementTagName on session 115016c14ddae0cf0a2c77fe0d3f64fd to remote] DEBUG org.asynchttpclient.netty.request.NettyRequestSender - Using open Channel [id: 0x9cfcfc9b, L:/127.0.0.1:15038 - R:localhost/127.0.0.1:17603] for GET '/session/115016c14ddae0cf0a2c77fe0d3f64fd/element/3E5D5DF26BE6EF588FDEA8A72B23AD34_element_18/name'
16:18:17.331 [AsyncHttpClient-1-8] DEBUG org.asynchttpclient.netty.handler.HttpHandler - 

Request DefaultFullHttpRequest(decodeResult: success, version: HTTP/1.1, content: EmptyByteBufBE)
GET /session/115016c14ddae0cf0a2c77fe0d3f64fd/element/3E5D5DF26BE6EF588FDEA8A72B23AD34_element_18/name HTTP/1.1
User-Agent: selenium/4.8.1 (java windows)
Cache-Control: no-cache
Content-Type: application/json; charset=utf-8
host: localhost:17603
accept: */*

Response DefaultHttpResponse(decodeResult: success, version: HTTP/1.1)
HTTP/1.1 200 OK
Content-Length: 18
Content-Type: application/json; charset=utf-8
cache-control: no-cache

16:18:17.332 [AsyncHttpClient-1-8] DEBUG org.asynchttpclient.netty.channel.ChannelManager - Adding key: http://localhost:17603 for channel [id: 0x9cfcfc9b, L:/127.0.0.1:15038 - R:localhost/127.0.0.1:17603]
16:18:17.333 [Forwarding getElementTagName on session 115016c14ddae0cf0a2c77fe0d3f64fd to remote] DEBUG org.asynchttpclient.netty.request.NettyRequestSender - Using pooled Channel '[id: 0x9cfcfc9b, L:/127.0.0.1:15038 - R:localhost/127.0.0.1:17603]' for 'GET' to 'http://localhost:17603/session/115016c14ddae0cf0a2c77fe0d3f64fd/element/3E5D5DF26BE6EF588FDEA8A72B23AD34_element_18/name'
16:18:17.333 [Forwarding getElementTagName on session 115016c14ddae0cf0a2c77fe0d3f64fd to remote] DEBUG org.asynchttpclient.netty.request.NettyRequestSender - Using open Channel [id: 0x9cfcfc9b, L:/127.0.0.1:15038 - R:localhost/127.0.0.1:17603] for GET '/session/115016c14ddae0cf0a2c77fe0d3f64fd/element/3E5D5DF26BE6EF588FDEA8A72B23AD34_element_18/name'
16:18:17.338 [AsyncHttpClient-1-8] DEBUG org.asynchttpclient.netty.handler.HttpHandler - 

Request DefaultFullHttpRequest(decodeResult: success, version: HTTP/1.1, content: EmptyByteBufBE)
GET /session/115016c14ddae0cf0a2c77fe0d3f64fd/element/3E5D5DF26BE6EF588FDEA8A72B23AD34_element_18/name HTTP/1.1
User-Agent: selenium/4.8.1 (java windows)
Cache-Control: no-cache
Content-Type: application/json; charset=utf-8
host: localhost:17603
accept: */*

Response DefaultHttpResponse(decodeResult: success, version: HTTP/1.1)
HTTP/1.1 200 OK
Content-Length: 18
Content-Type: application/json; charset=utf-8
cache-control: no-cache

16:18:17.338 [AsyncHttpClient-1-8] DEBUG org.asynchttpclient.netty.channel.ChannelManager - Adding key: http://localhost:17603 for channel [id: 0x9cfcfc9b, L:/127.0.0.1:15038 - R:localhost/127.0.0.1:17603]
16:18:17.341 [Forwarding isElementEnabled on session 115016c14ddae0cf0a2c77fe0d3f64fd to remote] DEBUG org.asynchttpclient.netty.request.NettyRequestSender - Using pooled Channel '[id: 0x9cfcfc9b, L:/127.0.0.1:15038 - R:localhost/127.0.0.1:17603]' for 'GET' to 'http://localhost:17603/session/115016c14ddae0cf0a2c77fe0d3f64fd/element/3E5D5DF26BE6EF588FDEA8A72B23AD34_element_18/enabled'
16:18:17.341 [Forwarding isElementEnabled on session 115016c14ddae0cf0a2c77fe0d3f64fd to remote] DEBUG org.asynchttpclient.netty.request.NettyRequestSender - Using open Channel [id: 0x9cfcfc9b, L:/127.0.0.1:15038 - R:localhost/127.0.0.1:17603] for GET '/session/115016c14ddae0cf0a2c77fe0d3f64fd/element/3E5D5DF26BE6EF588FDEA8A72B23AD34_element_18/enabled'
16:18:17.344 [AsyncHttpClient-1-1] DEBUG org.asynchttpclient.netty.channel.DefaultChannelPool - Entry count for : http://localhost:15039 : 1
16:18:17.349 [AsyncHttpClient-1-8] DEBUG org.asynchttpclient.netty.handler.HttpHandler - 

Request DefaultFullHttpRequest(decodeResult: success, version: HTTP/1.1, content: EmptyByteBufBE)
GET /session/115016c14ddae0cf0a2c77fe0d3f64fd/element/3E5D5DF26BE6EF588FDEA8A72B23AD34_element_18/enabled HTTP/1.1
User-Agent: selenium/4.8.1 (java windows)
Cache-Control: no-cache
Content-Type: application/json; charset=utf-8
host: localhost:17603
accept: */*

Response DefaultHttpResponse(decodeResult: success, version: HTTP/1.1)
HTTP/1.1 200 OK
Content-Length: 14
Content-Type: application/json; charset=utf-8
cache-control: no-cache

16:18:17.349 [AsyncHttpClient-1-8] DEBUG org.asynchttpclient.netty.channel.ChannelManager - Adding key: http://localhost:17603 for channel [id: 0x9cfcfc9b, L:/127.0.0.1:15038 - R:localhost/127.0.0.1:17603]
16:18:17.350 [Forwarding isElementEnabled on session 115016c14ddae0cf0a2c77fe0d3f64fd to remote] DEBUG org.asynchttpclient.netty.request.NettyRequestSender - Using pooled Channel '[id: 0x9cfcfc9b, L:/127.0.0.1:15038 - R:localhost/127.0.0.1:17603]' for 'GET' to 'http://localhost:17603/session/115016c14ddae0cf0a2c77fe0d3f64fd/element/3E5D5DF26BE6EF588FDEA8A72B23AD34_element_18/enabled'
16:18:17.350 [Forwarding isElementEnabled on session 115016c14ddae0cf0a2c77fe0d3f64fd to remote] DEBUG org.asynchttpclient.netty.request.NettyRequestSender - Using open Channel [id: 0x9cfcfc9b, L:/127.0.0.1:15038 - R:localhost/127.0.0.1:17603] for GET '/session/115016c14ddae0cf0a2c77fe0d3f64fd/element/3E5D5DF26BE6EF588FDEA8A72B23AD34_element_18/enabled'
16:18:17.364 [AsyncHttpClient-1-8] DEBUG org.asynchttpclient.netty.handler.HttpHandler - 

Request DefaultFullHttpRequest(decodeResult: success, version: HTTP/1.1, content: EmptyByteBufBE)
GET /session/115016c14ddae0cf0a2c77fe0d3f64fd/element/3E5D5DF26BE6EF588FDEA8A72B23AD34_element_18/enabled HTTP/1.1
User-Agent: selenium/4.8.1 (java windows)
Cache-Control: no-cache
Content-Type: application/json; charset=utf-8
host: localhost:17603
accept: */*

Response DefaultHttpResponse(decodeResult: success, version: HTTP/1.1)
HTTP/1.1 200 OK
Content-Length: 14
Content-Type: application/json; charset=utf-8
cache-control: no-cache

16:18:17.364 [AsyncHttpClient-1-8] DEBUG org.asynchttpclient.netty.channel.ChannelManager - Adding key: http://localhost:17603 for channel [id: 0x9cfcfc9b, L:/127.0.0.1:15038 - R:localhost/127.0.0.1:17603]
16:18:17.367 [Forwarding findElement on session 115016c14ddae0cf0a2c77fe0d3f64fd to remote] DEBUG org.asynchttpclient.netty.request.NettyRequestSender - Using pooled Channel '[id: 0x9cfcfc9b, L:/127.0.0.1:15038 - R:localhost/127.0.0.1:17603]' for 'POST' to 'http://localhost:17603/session/115016c14ddae0cf0a2c77fe0d3f64fd/element'
16:18:17.367 [Forwarding findElement on session 115016c14ddae0cf0a2c77fe0d3f64fd to remote] DEBUG org.asynchttpclient.netty.request.NettyRequestSender - Using open Channel [id: 0x9cfcfc9b, L:/127.0.0.1:15038 - R:localhost/127.0.0.1:17603] for POST '/session/115016c14ddae0cf0a2c77fe0d3f64fd/element'
16:18:17.376 [AsyncHttpClient-1-8] DEBUG org.asynchttpclient.netty.handler.HttpHandler - 

Request DefaultHttpRequest(decodeResult: success, version: HTTP/1.1)
POST /session/115016c14ddae0cf0a2c77fe0d3f64fd/element HTTP/1.1
User-Agent: selenium/4.8.1 (java windows)
Content-Length: 69
Content-Type: application/json; charset=utf-8
host: localhost:17603
accept: */*

Response DefaultHttpResponse(decodeResult: success, version: HTTP/1.1)
HTTP/1.1 200 OK
Content-Length: 95
Content-Type: application/json; charset=utf-8
cache-control: no-cache

16:18:17.377 [AsyncHttpClient-1-8] DEBUG org.asynchttpclient.netty.channel.ChannelManager - Adding key: http://localhost:17603 for channel [id: 0x9cfcfc9b, L:/127.0.0.1:15038 - R:localhost/127.0.0.1:17603]
16:18:17.378 [Forwarding clickElement on session 115016c14ddae0cf0a2c77fe0d3f64fd to remote] DEBUG org.asynchttpclient.netty.request.NettyRequestSender - Using pooled Channel '[id: 0x9cfcfc9b, L:/127.0.0.1:15038 - R:localhost/127.0.0.1:17603]' for 'POST' to 'http://localhost:17603/session/115016c14ddae0cf0a2c77fe0d3f64fd/element/3E5D5DF26BE6EF588FDEA8A72B23AD34_element_18/click'
16:18:17.378 [Forwarding clickElement on session 115016c14ddae0cf0a2c77fe0d3f64fd to remote] DEBUG org.asynchttpclient.netty.request.NettyRequestSender - Using open Channel [id: 0x9cfcfc9b, L:/127.0.0.1:15038 - R:localhost/127.0.0.1:17603] for POST '/session/115016c14ddae0cf0a2c77fe0d3f64fd/element/3E5D5DF26BE6EF588FDEA8A72B23AD34_element_18/click'
16:18:17.523 [AsyncHttpClient-1-8] DEBUG org.asynchttpclient.netty.handler.HttpHandler - 

Request DefaultHttpRequest(decodeResult: success, version: HTTP/1.1)
POST /session/115016c14ddae0cf0a2c77fe0d3f64fd/element/3E5D5DF26BE6EF588FDEA8A72B23AD34_element_18/click HTTP/1.1
User-Agent: selenium/4.8.1 (java windows)
Content-Length: 57
Content-Type: application/json; charset=utf-8
host: localhost:17603
accept: */*

Response DefaultHttpResponse(decodeResult: success, version: HTTP/1.1)
HTTP/1.1 200 OK
Content-Length: 14
Content-Type: application/json; charset=utf-8
cache-control: no-cache

16:18:17.523 [AsyncHttpClient-1-8] DEBUG org.asynchttpclient.netty.channel.ChannelManager - Adding key: http://localhost:17603 for channel [id: 0x9cfcfc9b, L:/127.0.0.1:15038 - R:localhost/127.0.0.1:17603]
16:18:17.541 [Forwarding getAlertText on session 115016c14ddae0cf0a2c77fe0d3f64fd to remote] DEBUG org.asynchttpclient.netty.request.NettyRequestSender - Using pooled Channel '[id: 0x9cfcfc9b, L:/127.0.0.1:15038 - R:localhost/127.0.0.1:17603]' for 'GET' to 'http://localhost:17603/session/115016c14ddae0cf0a2c77fe0d3f64fd/alert/text'
16:18:17.541 [Forwarding getAlertText on session 115016c14ddae0cf0a2c77fe0d3f64fd to remote] DEBUG org.asynchttpclient.netty.request.NettyRequestSender - Using open Channel [id: 0x9cfcfc9b, L:/127.0.0.1:15038 - R:localhost/127.0.0.1:17603] for GET '/session/115016c14ddae0cf0a2c77fe0d3f64fd/alert/text'
16:18:17.548 [AsyncHttpClient-1-8] DEBUG org.asynchttpclient.netty.handler.HttpHandler - 

Request DefaultFullHttpRequest(decodeResult: success, version: HTTP/1.1, content: EmptyByteBufBE)
GET /session/115016c14ddae0cf0a2c77fe0d3f64fd/alert/text HTTP/1.1
User-Agent: selenium/4.8.1 (java windows)
Cache-Control: no-cache
Content-Type: application/json; charset=utf-8
host: localhost:17603
accept: */*

Response DefaultHttpResponse(decodeResult: success, version: HTTP/1.1)
HTTP/1.1 404 Not Found
Content-Length: 807
Content-Type: application/json; charset=utf-8
cache-control: no-cache

16:18:17.548 [AsyncHttpClient-1-8] DEBUG org.asynchttpclient.netty.channel.ChannelManager - Adding key: http://localhost:17603 for channel [id: 0x9cfcfc9b, L:/127.0.0.1:15038 - R:localhost/127.0.0.1:17603]
16:18:17.550 [Forwarding getCurrentUrl on session 115016c14ddae0cf0a2c77fe0d3f64fd to remote] DEBUG org.asynchttpclient.netty.request.NettyRequestSender - Using pooled Channel '[id: 0x9cfcfc9b, L:/127.0.0.1:15038 - R:localhost/127.0.0.1:17603]' for 'GET' to 'http://localhost:17603/session/115016c14ddae0cf0a2c77fe0d3f64fd/url'
16:18:17.550 [Forwarding getCurrentUrl on session 115016c14ddae0cf0a2c77fe0d3f64fd to remote] DEBUG org.asynchttpclient.netty.request.NettyRequestSender - Using open Channel [id: 0x9cfcfc9b, L:/127.0.0.1:15038 - R:localhost/127.0.0.1:17603] for GET '/session/115016c14ddae0cf0a2c77fe0d3f64fd/url'
16:18:17.557 [AsyncHttpClient-1-8] DEBUG org.asynchttpclient.netty.handler.HttpHandler - 

Request DefaultFullHttpRequest(decodeResult: success, version: HTTP/1.1, content: EmptyByteBufBE)
GET /session/115016c14ddae0cf0a2c77fe0d3f64fd/url HTTP/1.1
User-Agent: selenium/4.8.1 (java windows)
Cache-Control: no-cache
Content-Type: application/json; charset=utf-8
host: localhost:17603
accept: */*

Response DefaultHttpResponse(decodeResult: success, version: HTTP/1.1)
HTTP/1.1 200 OK
Content-Length: 64
Content-Type: application/json; charset=utf-8
cache-control: no-cache

16:18:17.557 [AsyncHttpClient-1-8] DEBUG org.asynchttpclient.netty.channel.ChannelManager - Adding key: http://localhost:17603 for channel [id: 0x9cfcfc9b, L:/127.0.0.1:15038 - R:localhost/127.0.0.1:17603]
16:18:17.561 [Forwarding screenshot on session 115016c14ddae0cf0a2c77fe0d3f64fd to remote] DEBUG org.asynchttpclient.netty.request.NettyRequestSender - Using pooled Channel '[id: 0x9cfcfc9b, L:/127.0.0.1:15038 - R:localhost/127.0.0.1:17603]' for 'GET' to 'http://localhost:17603/session/115016c14ddae0cf0a2c77fe0d3f64fd/screenshot'
16:18:17.562 [Forwarding screenshot on session 115016c14ddae0cf0a2c77fe0d3f64fd to remote] DEBUG org.asynchttpclient.netty.request.NettyRequestSender - Using open Channel [id: 0x9cfcfc9b, L:/127.0.0.1:15038 - R:localhost/127.0.0.1:17603] for GET '/session/115016c14ddae0cf0a2c77fe0d3f64fd/screenshot'
16:18:17.760 [AsyncHttpClient-1-8] DEBUG org.asynchttpclient.netty.handler.HttpHandler - 

Request DefaultFullHttpRequest(decodeResult: success, version: HTTP/1.1, content: EmptyByteBufBE)
GET /session/115016c14ddae0cf0a2c77fe0d3f64fd/screenshot HTTP/1.1
User-Agent: selenium/4.8.1 (java windows)
Cache-Control: no-cache
Content-Type: application/json; charset=utf-8
host: localhost:17603
accept: */*

Response DefaultHttpResponse(decodeResult: success, version: HTTP/1.1)
HTTP/1.1 200 OK
Content-Length: 125360
Content-Type: application/json; charset=utf-8
cache-control: no-cache

16:18:17.761 [AsyncHttpClient-1-8] DEBUG org.asynchttpclient.netty.channel.ChannelManager - Adding key: http://localhost:17603 for channel [id: 0x9cfcfc9b, L:/127.0.0.1:15038 - R:localhost/127.0.0.1:17603]
16:18:17.768 [main] DEBUG net.serenitybdd.core.photography.Darkroom - Send negative for processing for target\site\serenity\0e15838d5aba356a2b815ef5fcdac1a7934488725f5db0e0d6257ae143c8c8e1.png
16:18:17.769 [main] DEBUG net.thucydides.core.steps.StepInterceptor - STEP DONE: clickLoginButton
16:18:17.769 [Darkroom Processing Line] DEBUG net.serenitybdd.core.photography.DarkroomProcessingLine - Processing screenshot image in /var/screenshots/screenshot-4605429189966333958
16:18:17.769 [Darkroom Processing Line] DEBUG net.serenitybdd.core.photography.DarkroomProcessingLine - Saving screenshot to target\site\serenity\0e15838d5aba356a2b815ef5fcdac1a7934488725f5db0e0d6257ae143c8c8e1.png
  &amp#27;[32mAnd &amp#27;[0m&amp#27;[32mI click sign in email and password field empty&amp#27;[0m                                       &amp#27;[90m# Starter.Stepdefitions.Failed4SigninSteps.clickLoginEmptyFields()&amp#27;[0m
16:18:17.780 [Forwarding getPageSource on session 115016c14ddae0cf0a2c77fe0d3f64fd to remote] DEBUG org.asynchttpclient.netty.request.NettyRequestSender - Using pooled Channel '[id: 0x9cfcfc9b, L:/127.0.0.1:15038 - R:localhost/127.0.0.1:17603]' for 'POST' to 'http://localhost:17603/session/115016c14ddae0cf0a2c77fe0d3f64fd/execute/sync'
16:18:17.780 [Forwarding getPageSource on session 115016c14ddae0cf0a2c77fe0d3f64fd to remote] DEBUG org.asynchttpclient.netty.request.NettyRequestSender - Using open Channel [id: 0x9cfcfc9b, L:/127.0.0.1:15038 - R:localhost/127.0.0.1:17603] for POST '/session/115016c14ddae0cf0a2c77fe0d3f64fd/execute/sync'
16:18:17.785 [AsyncHttpClient-1-8] DEBUG org.asynchttpclient.netty.handler.HttpHandler - 

Request DefaultHttpRequest(decodeResult: success, version: HTTP/1.1)
POST /session/115016c14ddae0cf0a2c77fe0d3f64fd/execute/sync HTTP/1.1
User-Agent: selenium/4.8.1 (java windows)
Content-Length: 176
Content-Type: application/json; charset=utf-8
host: localhost:17603
accept: */*

Response DefaultHttpResponse(decodeResult: success, version: HTTP/1.1)
HTTP/1.1 200 OK
Content-Length: 6109
Content-Type: application/json; charset=utf-8
cache-control: no-cache

16:18:17.785 [AsyncHttpClient-1-8] DEBUG org.asynchttpclient.netty.channel.ChannelManager - Adding key: http://localhost:17603 for channel [id: 0x9cfcfc9b, L:/127.0.0.1:15038 - R:localhost/127.0.0.1:17603]
16:18:17.788 [Forwarding getCurrentUrl on session 115016c14ddae0cf0a2c77fe0d3f64fd to remote] DEBUG org.asynchttpclient.netty.request.NettyRequestSender - Using pooled Channel '[id: 0x9cfcfc9b, L:/127.0.0.1:15038 - R:localhost/127.0.0.1:17603]' for 'GET' to 'http://localhost:17603/session/115016c14ddae0cf0a2c77fe0d3f64fd/url'
16:18:17.788 [Forwarding getCurrentUrl on session 115016c14ddae0cf0a2c77fe0d3f64fd to remote] DEBUG org.asynchttpclient.netty.request.NettyRequestSender - Using open Channel [id: 0x9cfcfc9b, L:/127.0.0.1:15038 - R:localhost/127.0.0.1:17603] for GET '/session/115016c14ddae0cf0a2c77fe0d3f64fd/url'
16:18:17.793 [AsyncHttpClient-1-8] DEBUG org.asynchttpclient.netty.handler.HttpHandler - 

Request DefaultFullHttpRequest(decodeResult: success, version: HTTP/1.1, content: EmptyByteBufBE)
GET /session/115016c14ddae0cf0a2c77fe0d3f64fd/url HTTP/1.1
User-Agent: selenium/4.8.1 (java windows)
Cache-Control: no-cache
Content-Type: application/json; charset=utf-8
host: localhost:17603
accept: */*

Response DefaultHttpResponse(decodeResult: success, version: HTTP/1.1)
HTTP/1.1 200 OK
Content-Length: 64
Content-Type: application/json; charset=utf-8
cache-control: no-cache

16:18:17.793 [AsyncHttpClient-1-8] DEBUG org.asynchttpclient.netty.channel.ChannelManager - Adding key: http://localhost:17603 for channel [id: 0x9cfcfc9b, L:/127.0.0.1:15038 - R:localhost/127.0.0.1:17603]
16:18:17.952 [Forwarding getAlertText on session 115016c14ddae0cf0a2c77fe0d3f64fd to remote] DEBUG org.asynchttpclient.netty.request.NettyRequestSender - Using pooled Channel '[id: 0x9cfcfc9b, L:/127.0.0.1:15038 - R:localhost/127.0.0.1:17603]' for 'GET' to 'http://localhost:17603/session/115016c14ddae0cf0a2c77fe0d3f64fd/alert/text'
16:18:17.953 [Forwarding getAlertText on session 115016c14ddae0cf0a2c77fe0d3f64fd to remote] DEBUG org.asynchttpclient.netty.request.NettyRequestSender - Using open Channel [id: 0x9cfcfc9b, L:/127.0.0.1:15038 - R:localhost/127.0.0.1:17603] for GET '/session/115016c14ddae0cf0a2c77fe0d3f64fd/alert/text'
16:18:17.955 [AsyncHttpClient-1-8] DEBUG org.asynchttpclient.netty.handler.HttpHandler - 

Request DefaultFullHttpRequest(decodeResult: success, version: HTTP/1.1, content: EmptyByteBufBE)
GET /session/115016c14ddae0cf0a2c77fe0d3f64fd/alert/text HTTP/1.1
User-Agent: selenium/4.8.1 (java windows)
Cache-Control: no-cache
Content-Type: application/json; charset=utf-8
host: localhost:17603
accept: */*

Response DefaultHttpResponse(decodeResult: success, version: HTTP/1.1)
HTTP/1.1 404 Not Found
Content-Length: 807
Content-Type: application/json; charset=utf-8
cache-control: no-cache

16:18:17.955 [AsyncHttpClient-1-8] DEBUG org.asynchttpclient.netty.channel.ChannelManager - Adding key: http://localhost:17603 for channel [id: 0x9cfcfc9b, L:/127.0.0.1:15038 - R:localhost/127.0.0.1:17603]
16:18:17.957 [Forwarding getCurrentUrl on session 115016c14ddae0cf0a2c77fe0d3f64fd to remote] DEBUG org.asynchttpclient.netty.request.NettyRequestSender - Using pooled Channel '[id: 0x9cfcfc9b, L:/127.0.0.1:15038 - R:localhost/127.0.0.1:17603]' for 'GET' to 'http://localhost:17603/session/115016c14ddae0cf0a2c77fe0d3f64fd/url'
16:18:17.957 [Forwarding getCurrentUrl on session 115016c14ddae0cf0a2c77fe0d3f64fd to remote] DEBUG org.asynchttpclient.netty.request.NettyRequestSender - Using open Channel [id: 0x9cfcfc9b, L:/127.0.0.1:15038 - R:localhost/127.0.0.1:17603] for GET '/session/115016c14ddae0cf0a2c77fe0d3f64fd/url'
16:18:17.966 [AsyncHttpClient-1-8] DEBUG org.asynchttpclient.netty.handler.HttpHandler - 

Request DefaultFullHttpRequest(decodeResult: success, version: HTTP/1.1, content: EmptyByteBufBE)
GET /session/115016c14ddae0cf0a2c77fe0d3f64fd/url HTTP/1.1
User-Agent: selenium/4.8.1 (java windows)
Cache-Control: no-cache
Content-Type: application/json; charset=utf-8
host: localhost:17603
accept: */*

Response DefaultHttpResponse(decodeResult: success, version: HTTP/1.1)
HTTP/1.1 200 OK
Content-Length: 64
Content-Type: application/json; charset=utf-8
cache-control: no-cache

16:18:17.966 [AsyncHttpClient-1-8] DEBUG org.asynchttpclient.netty.channel.ChannelManager - Adding key: http://localhost:17603 for channel [id: 0x9cfcfc9b, L:/127.0.0.1:15038 - R:localhost/127.0.0.1:17603]
16:18:17.967 [Forwarding screenshot on session 115016c14ddae0cf0a2c77fe0d3f64fd to remote] DEBUG org.asynchttpclient.netty.request.NettyRequestSender - Using pooled Channel '[id: 0x9cfcfc9b, L:/127.0.0.1:15038 - R:localhost/127.0.0.1:17603]' for 'GET' to 'http://localhost:17603/session/115016c14ddae0cf0a2c77fe0d3f64fd/screenshot'
16:18:17.967 [Forwarding screenshot on session 115016c14ddae0cf0a2c77fe0d3f64fd to remote] DEBUG org.asynchttpclient.netty.request.NettyRequestSender - Using open Channel [id: 0x9cfcfc9b, L:/127.0.0.1:15038 - R:localhost/127.0.0.1:17603] for GET '/session/115016c14ddae0cf0a2c77fe0d3f64fd/screenshot'
16:18:18.042 [AsyncHttpClient-1-8] DEBUG org.asynchttpclient.netty.handler.HttpHandler - 

Request DefaultFullHttpRequest(decodeResult: success, version: HTTP/1.1, content: EmptyByteBufBE)
GET /session/115016c14ddae0cf0a2c77fe0d3f64fd/screenshot HTTP/1.1
User-Agent: selenium/4.8.1 (java windows)
Cache-Control: no-cache
Content-Type: application/json; charset=utf-8
host: localhost:17603
accept: */*

Response DefaultHttpResponse(decodeResult: success, version: HTTP/1.1)
HTTP/1.1 200 OK
Content-Length: 125356
Content-Type: application/json; charset=utf-8
cache-control: no-cache

16:18:18.043 [AsyncHttpClient-1-8] DEBUG org.asynchttpclient.netty.channel.ChannelManager - Adding key: http://localhost:17603 for channel [id: 0x9cfcfc9b, L:/127.0.0.1:15038 - R:localhost/127.0.0.1:17603]
16:18:18.048 [main] DEBUG net.serenitybdd.core.photography.Darkroom - Send negative for processing for target\site\serenity\8719cdd807487da2777cf532dda710681d9ba64cfba4be078ef0a283f9acb6b2.png
16:18:18.049 [Darkroom Processing Line] DEBUG net.serenitybdd.core.photography.DarkroomProcessingLine - Processing screenshot image in /var/screenshots/screenshot-2028602265317459898
16:18:18.049 [Darkroom Processing Line] DEBUG net.serenitybdd.core.photography.DarkroomProcessingLine - Saving screenshot to target\site\serenity\8719cdd807487da2777cf532dda710681d9ba64cfba4be078ef0a283f9acb6b2.png
16:18:18.050 [Forwarding getPageSource on session 115016c14ddae0cf0a2c77fe0d3f64fd to remote] DEBUG org.asynchttpclient.netty.request.NettyRequestSender - Using pooled Channel '[id: 0x9cfcfc9b, L:/127.0.0.1:15038 - R:localhost/127.0.0.1:17603]' for 'POST' to 'http://localhost:17603/session/115016c14ddae0cf0a2c77fe0d3f64fd/execute/sync'
16:18:18.050 [Forwarding getPageSource on session 115016c14ddae0cf0a2c77fe0d3f64fd to remote] DEBUG org.asynchttpclient.netty.request.NettyRequestSender - Using open Channel [id: 0x9cfcfc9b, L:/127.0.0.1:15038 - R:localhost/127.0.0.1:17603] for POST '/session/115016c14ddae0cf0a2c77fe0d3f64fd/execute/sync'
16:18:18.055 [AsyncHttpClient-1-8] DEBUG org.asynchttpclient.netty.handler.HttpHandler - 

Request DefaultHttpRequest(decodeResult: success, version: HTTP/1.1)
POST /session/115016c14ddae0cf0a2c77fe0d3f64fd/execute/sync HTTP/1.1
User-Agent: selenium/4.8.1 (java windows)
Content-Length: 176
Content-Type: application/json; charset=utf-8
host: localhost:17603
accept: */*

Response DefaultHttpResponse(decodeResult: success, version: HTTP/1.1)
HTTP/1.1 200 OK
Content-Length: 6109
Content-Type: application/json; charset=utf-8
cache-control: no-cache

16:18:18.056 [AsyncHttpClient-1-8] DEBUG org.asynchttpclient.netty.channel.ChannelManager - Adding key: http://localhost:17603 for channel [id: 0x9cfcfc9b, L:/127.0.0.1:15038 - R:localhost/127.0.0.1:17603]
16:18:18.058 [Forwarding getCurrentUrl on session 115016c14ddae0cf0a2c77fe0d3f64fd to remote] DEBUG org.asynchttpclient.netty.request.NettyRequestSender - Using pooled Channel '[id: 0x9cfcfc9b, L:/127.0.0.1:15038 - R:localhost/127.0.0.1:17603]' for 'GET' to 'http://localhost:17603/session/115016c14ddae0cf0a2c77fe0d3f64fd/url'
16:18:18.058 [Forwarding getCurrentUrl on session 115016c14ddae0cf0a2c77fe0d3f64fd to remote] DEBUG org.asynchttpclient.netty.request.NettyRequestSender - Using open Channel [id: 0x9cfcfc9b, L:/127.0.0.1:15038 - R:localhost/127.0.0.1:17603] for GET '/session/115016c14ddae0cf0a2c77fe0d3f64fd/url'
16:18:18.062 [AsyncHttpClient-1-8] DEBUG org.asynchttpclient.netty.handler.HttpHandler - 

Request DefaultFullHttpRequest(decodeResult: success, version: HTTP/1.1, content: EmptyByteBufBE)
GET /session/115016c14ddae0cf0a2c77fe0d3f64fd/url HTTP/1.1
User-Agent: selenium/4.8.1 (java windows)
Cache-Control: no-cache
Content-Type: application/json; charset=utf-8
host: localhost:17603
accept: */*

Response DefaultHttpResponse(decodeResult: success, version: HTTP/1.1)
HTTP/1.1 200 OK
Content-Length: 64
Content-Type: application/json; charset=utf-8
cache-control: no-cache

16:18:18.062 [AsyncHttpClient-1-8] DEBUG org.asynchttpclient.netty.channel.ChannelManager - Adding key: http://localhost:17603 for channel [id: 0x9cfcfc9b, L:/127.0.0.1:15038 - R:localhost/127.0.0.1:17603]
16:18:18.443 [AsyncHttpClient-1-1] DEBUG org.asynchttpclient.netty.channel.DefaultChannelPool - Entry count for : http://localhost:17603 : 1
16:18:18.443 [AsyncHttpClient-1-1] DEBUG org.asynchttpclient.netty.channel.DefaultChannelPool - Entry count for : http://localhost:15039 : 1
16:18:18.558 [main] DEBUG net.thucydides.core.steps.StepInterceptor - STARTING STEP: Failed4SigninSteps.onTheHomePageEmptyFields - errorMessageAppear
16:18:18.572 [Forwarding findElement on session 115016c14ddae0cf0a2c77fe0d3f64fd to remote] DEBUG org.asynchttpclient.netty.request.NettyRequestSender - Using pooled Channel '[id: 0x9cfcfc9b, L:/127.0.0.1:15038 - R:localhost/127.0.0.1:17603]' for 'POST' to 'http://localhost:17603/session/115016c14ddae0cf0a2c77fe0d3f64fd/element'
16:18:18.573 [Forwarding findElement on session 115016c14ddae0cf0a2c77fe0d3f64fd to remote] DEBUG org.asynchttpclient.netty.request.NettyRequestSender - Using open Channel [id: 0x9cfcfc9b, L:/127.0.0.1:15038 - R:localhost/127.0.0.1:17603] for POST '/session/115016c14ddae0cf0a2c77fe0d3f64fd/element'
16:18:18.597 [AsyncHttpClient-1-8] DEBUG org.asynchttpclient.netty.handler.HttpHandler - 

Request DefaultHttpRequest(decodeResult: success, version: HTTP/1.1)
POST /session/115016c14ddae0cf0a2c77fe0d3f64fd/element HTTP/1.1
User-Agent: selenium/4.8.1 (java windows)
Content-Length: 83
Content-Type: application/json; charset=utf-8
host: localhost:17603
accept: */*

Response DefaultHttpResponse(decodeResult: success, version: HTTP/1.1)
HTTP/1.1 200 OK
Content-Length: 95
Content-Type: application/json; charset=utf-8
cache-control: no-cache

16:18:18.597 [AsyncHttpClient-1-8] DEBUG org.asynchttpclient.netty.channel.ChannelManager - Adding key: http://localhost:17603 for channel [id: 0x9cfcfc9b, L:/127.0.0.1:15038 - R:localhost/127.0.0.1:17603]
16:18:18.604 [Forwarding isElementDisplayed on session 115016c14ddae0cf0a2c77fe0d3f64fd to remote] DEBUG org.asynchttpclient.netty.request.NettyRequestSender - Using pooled Channel '[id: 0x9cfcfc9b, L:/127.0.0.1:15038 - R:localhost/127.0.0.1:17603]' for 'POST' to 'http://localhost:17603/session/115016c14ddae0cf0a2c77fe0d3f64fd/execute/sync'
16:18:18.604 [Forwarding isElementDisplayed on session 115016c14ddae0cf0a2c77fe0d3f64fd to remote] DEBUG org.asynchttpclient.netty.request.NettyRequestSender - Using open Channel [id: 0x9cfcfc9b, L:/127.0.0.1:15038 - R:localhost/127.0.0.1:17603] for POST '/session/115016c14ddae0cf0a2c77fe0d3f64fd/execute/sync'
16:18:18.619 [AsyncHttpClient-1-8] DEBUG org.asynchttpclient.netty.handler.HttpHandler - 

Request DefaultHttpRequest(decodeResult: success, version: HTTP/1.1)
POST /session/115016c14ddae0cf0a2c77fe0d3f64fd/execute/sync HTTP/1.1
User-Agent: selenium/4.8.1 (java windows)
Content-Length: 48814
Content-Type: application/json; charset=utf-8
host: localhost:17603
accept: */*

Response DefaultHttpResponse(decodeResult: success, version: HTTP/1.1)
HTTP/1.1 200 OK
Content-Length: 14
Content-Type: application/json; charset=utf-8
cache-control: no-cache

16:18:18.619 [AsyncHttpClient-1-8] DEBUG org.asynchttpclient.netty.channel.ChannelManager - Adding key: http://localhost:17603 for channel [id: 0x9cfcfc9b, L:/127.0.0.1:15038 - R:localhost/127.0.0.1:17603]
16:18:18.624 [Forwarding getAlertText on session 115016c14ddae0cf0a2c77fe0d3f64fd to remote] DEBUG org.asynchttpclient.netty.request.NettyRequestSender - Using pooled Channel '[id: 0x9cfcfc9b, L:/127.0.0.1:15038 - R:localhost/127.0.0.1:17603]' for 'GET' to 'http://localhost:17603/session/115016c14ddae0cf0a2c77fe0d3f64fd/alert/text'
16:18:18.625 [Forwarding getAlertText on session 115016c14ddae0cf0a2c77fe0d3f64fd to remote] DEBUG org.asynchttpclient.netty.request.NettyRequestSender - Using open Channel [id: 0x9cfcfc9b, L:/127.0.0.1:15038 - R:localhost/127.0.0.1:17603] for GET '/session/115016c14ddae0cf0a2c77fe0d3f64fd/alert/text'
16:18:18.626 [AsyncHttpClient-1-8] DEBUG org.asynchttpclient.netty.handler.HttpHandler - 

Request DefaultFullHttpRequest(decodeResult: success, version: HTTP/1.1, content: EmptyByteBufBE)
GET /session/115016c14ddae0cf0a2c77fe0d3f64fd/alert/text HTTP/1.1
User-Agent: selenium/4.8.1 (java windows)
Cache-Control: no-cache
Content-Type: application/json; charset=utf-8
host: localhost:17603
accept: */*

Response DefaultHttpResponse(decodeResult: success, version: HTTP/1.1)
HTTP/1.1 404 Not Found
Content-Length: 807
Content-Type: application/json; charset=utf-8
cache-control: no-cache

16:18:18.627 [AsyncHttpClient-1-8] DEBUG org.asynchttpclient.netty.channel.ChannelManager - Adding key: http://localhost:17603 for channel [id: 0x9cfcfc9b, L:/127.0.0.1:15038 - R:localhost/127.0.0.1:17603]
16:18:18.628 [Forwarding getCurrentUrl on session 115016c14ddae0cf0a2c77fe0d3f64fd to remote] DEBUG org.asynchttpclient.netty.request.NettyRequestSender - Using pooled Channel '[id: 0x9cfcfc9b, L:/127.0.0.1:15038 - R:localhost/127.0.0.1:17603]' for 'GET' to 'http://localhost:17603/session/115016c14ddae0cf0a2c77fe0d3f64fd/url'
16:18:18.628 [Forwarding getCurrentUrl on session 115016c14ddae0cf0a2c77fe0d3f64fd to remote] DEBUG org.asynchttpclient.netty.request.NettyRequestSender - Using open Channel [id: 0x9cfcfc9b, L:/127.0.0.1:15038 - R:localhost/127.0.0.1:17603] for GET '/session/115016c14ddae0cf0a2c77fe0d3f64fd/url'
16:18:18.632 [AsyncHttpClient-1-8] DEBUG org.asynchttpclient.netty.handler.HttpHandler - 

Request DefaultFullHttpRequest(decodeResult: success, version: HTTP/1.1, content: EmptyByteBufBE)
GET /session/115016c14ddae0cf0a2c77fe0d3f64fd/url HTTP/1.1
User-Agent: selenium/4.8.1 (java windows)
Cache-Control: no-cache
Content-Type: application/json; charset=utf-8
host: localhost:17603
accept: */*

Response DefaultHttpResponse(decodeResult: success, version: HTTP/1.1)
HTTP/1.1 200 OK
Content-Length: 64
Content-Type: application/json; charset=utf-8
cache-control: no-cache

16:18:18.632 [AsyncHttpClient-1-8] DEBUG org.asynchttpclient.netty.channel.ChannelManager - Adding key: http://localhost:17603 for channel [id: 0x9cfcfc9b, L:/127.0.0.1:15038 - R:localhost/127.0.0.1:17603]
16:18:18.633 [Forwarding screenshot on session 115016c14ddae0cf0a2c77fe0d3f64fd to remote] DEBUG org.asynchttpclient.netty.request.NettyRequestSender - Using pooled Channel '[id: 0x9cfcfc9b, L:/127.0.0.1:15038 - R:localhost/127.0.0.1:17603]' for 'GET' to 'http://localhost:17603/session/115016c14ddae0cf0a2c77fe0d3f64fd/screenshot'
16:18:18.633 [Forwarding screenshot on session 115016c14ddae0cf0a2c77fe0d3f64fd to remote] DEBUG org.asynchttpclient.netty.request.NettyRequestSender - Using open Channel [id: 0x9cfcfc9b, L:/127.0.0.1:15038 - R:localhost/127.0.0.1:17603] for GET '/session/115016c14ddae0cf0a2c77fe0d3f64fd/screenshot'
16:18:18.711 [AsyncHttpClient-1-8] DEBUG org.asynchttpclient.netty.handler.HttpHandler - 

Request DefaultFullHttpRequest(decodeResult: success, version: HTTP/1.1, content: EmptyByteBufBE)
GET /session/115016c14ddae0cf0a2c77fe0d3f64fd/screenshot HTTP/1.1
User-Agent: selenium/4.8.1 (java windows)
Cache-Control: no-cache
Content-Type: application/json; charset=utf-8
host: localhost:17603
accept: */*

Response DefaultHttpResponse(decodeResult: success, version: HTTP/1.1)
HTTP/1.1 200 OK
Content-Length: 125356
Content-Type: application/json; charset=utf-8
cache-control: no-cache

16:18:18.712 [AsyncHttpClient-1-8] DEBUG org.asynchttpclient.netty.channel.ChannelManager - Adding key: http://localhost:17603 for channel [id: 0x9cfcfc9b, L:/127.0.0.1:15038 - R:localhost/127.0.0.1:17603]
16:18:18.717 [main] DEBUG net.serenitybdd.core.photography.Darkroom - Send negative for processing for target\site\serenity\8719cdd807487da2777cf532dda710681d9ba64cfba4be078ef0a283f9acb6b2.png
16:18:18.718 [main] DEBUG net.thucydides.core.steps.StepInterceptor - STEP DONE: errorMessageAppear
  &amp#27;[32mThen &amp#27;[0m&amp#27;[32mI am on the home page email and password field empty&amp#27;[0m                                &amp#27;[90m# Starter.Stepdefitions.Failed4SigninSteps.onTheHomePageEmptyFields()&amp#27;[0m
16:18:18.723 [main] INFO  - 
  _____   ___   ___   _____     ___     _     ___   ___   ___   ___  
 |_   _| | __| / __| |_   _|   | _ \   /_\   / __| / __| | __| |   \ 
   | |   | _|  \__ \   | |     |  _/  / _ \  \__ \ \__ \ | _|  | |) |
   |_|   |___| |___/   |_|     |_|   /_/ \_\ |___/ |___/ |___| |___/ 

As user, I have be able to failed sign in because email and password field empty
----------------------------------------------------------------------
16:18:18.724 [AsyncHttpClient-1-2] DEBUG org.asynchttpclient.netty.handler.WebSocketHandler - Channel Closed: [id: 0x8d41be69, L:/127.0.0.1:15045 ! R:localhost/127.0.0.1:15039] with attribute NettyResponseFuture{currentRetry=0,
	isDone=1,
	isCancelled=0,
	asyncHandler=org.asynchttpclient.ws.WebSocketUpgradeHandler@14e6308,
	nettyRequest=org.asynchttpclient.netty.request.NettyRequest@18baad3,
	future=java.util.concurrent.CompletableFuture@1a33626[Completed normally],
	uri=ws://localhost:15039/devtools/browser/15638b05-b003-4c87-aa0b-62ef7fa69440,
	keepAlive=true,
	redirectCount=0,
	timeoutsHolder=null,
	inAuth=0,
	touch=1687684674888}
16:18:18.725 [AsyncHttpClient-1-2] DEBUG org.asynchttpclient.netty.channel.ChannelManager - Closing Channel [id: 0x8d41be69, L:/127.0.0.1:15045 ! R:localhost/127.0.0.1:15039] 
16:18:18.725 [Driver Command Executor] DEBUG org.asynchttpclient.netty.request.NettyRequestSender - Using pooled Channel '[id: 0x9cfcfc9b, L:/127.0.0.1:15038 - R:localhost/127.0.0.1:17603]' for 'DELETE' to 'http://localhost:17603/session/115016c14ddae0cf0a2c77fe0d3f64fd'
16:18:18.725 [Driver Command Executor] DEBUG org.asynchttpclient.netty.request.NettyRequestSender - Using open Channel [id: 0x9cfcfc9b, L:/127.0.0.1:15038 - R:localhost/127.0.0.1:17603] for DELETE '/session/115016c14ddae0cf0a2c77fe0d3f64fd'
16:18:19.544 [AsyncHttpClient-1-1] DEBUG org.asynchttpclient.netty.channel.DefaultChannelPool - Entry count for : http://localhost:15039 : 1
16:18:20.643 [AsyncHttpClient-1-1] DEBUG org.asynchttpclient.netty.channel.DefaultChannelPool - Entry count for : http://localhost:15039 : 1
16:18:21.335 [AsyncHttpClient-1-9] DEBUG org.asynchttpclient.netty.handler.HttpHandler - Unexpected I/O exception on channel [id: 0x65f66266, L:/127.0.0.1:15044 - R:localhost/127.0.0.1:15039]
java.io.IOException: An existing connection was forcibly closed by the remote host
	at sun.nio.ch.SocketDispatcher.read0(Native Method)
	at sun.nio.ch.SocketDispatcher.read(SocketDispatcher.java:43)
	at sun.nio.ch.IOUtil.readIntoNativeBuffer(IOUtil.java:223)
	at sun.nio.ch.IOUtil.read(IOUtil.java:192)
	at sun.nio.ch.SocketChannelImpl.read(SocketChannelImpl.java:379)
	at io.netty.buffer.PooledByteBuf.setBytes(PooledByteBuf.java:259)
	at io.netty.buffer.AbstractByteBuf.writeBytes(AbstractByteBuf.java:1132)
	at io.netty.channel.socket.nio.NioSocketChannel.doReadBytes(NioSocketChannel.java:357)
	at io.netty.channel.nio.AbstractNioByteChannel$NioByteUnsafe.read(AbstractNioByteChannel.java:151)
	at io.netty.channel.nio.NioEventLoop.processSelectedKey(NioEventLoop.java:788)
	at io.netty.channel.nio.NioEventLoop.processSelectedKeysOptimized(NioEventLoop.java:724)
	at io.netty.channel.nio.NioEventLoop.processSelectedKeys(NioEventLoop.java:650)
	at io.netty.channel.nio.NioEventLoop.run(NioEventLoop.java:562)
	at io.netty.util.concurrent.SingleThreadEventExecutor$4.run(SingleThreadEventExecutor.java:997)
	at io.netty.util.internal.ThreadExecutorMap$2.run(ThreadExecutorMap.java:74)
	at io.netty.util.concurrent.FastThreadLocalRunnable.run(FastThreadLocalRunnable.java:30)
	at java.lang.Thread.run(Thread.java:745)
16:18:21.335 [AsyncHttpClient-1-9] DEBUG org.asynchttpclient.netty.channel.ChannelManager - Closing Channel [id: 0x65f66266, L:/127.0.0.1:15044 - R:localhost/127.0.0.1:15039] 
16:18:21.335 [AsyncHttpClient-1-9] DEBUG org.asynchttpclient.netty.handler.HttpHandler - Channel Closed: [id: 0x65f66266, L:/127.0.0.1:15044 ! R:localhost/127.0.0.1:15039] with attribute DISCARD
16:18:21.744 [AsyncHttpClient-1-1] DEBUG org.asynchttpclient.netty.channel.DefaultChannelPool - Entry count for : http://localhost:15039 : 1
16:18:21.744 [AsyncHttpClient-1-1] DEBUG org.asynchttpclient.netty.channel.DefaultChannelPool - Adding Candidate expired Channel [id: 0x65f66266, L:/127.0.0.1:15044 ! R:localhost/127.0.0.1:15039] isIdleTimeoutExpired=false isRemotelyClosed=true isTtlExpired=false
16:18:21.744 [AsyncHttpClient-1-1] DEBUG org.asynchttpclient.netty.channel.DefaultChannelPool - Closing Idle Channel [id: 0x65f66266, L:/127.0.0.1:15044 ! R:localhost/127.0.0.1:15039]
16:18:21.744 [AsyncHttpClient-1-1] DEBUG org.asynchttpclient.netty.channel.DefaultChannelPool - Closed 1 connections out of 1 in 0 ms
16:18:22.370 [AsyncHttpClient-1-8] DEBUG org.asynchttpclient.netty.handler.HttpHandler - 

Request DefaultFullHttpRequest(decodeResult: success, version: HTTP/1.1, content: EmptyByteBufBE)
DELETE /session/115016c14ddae0cf0a2c77fe0d3f64fd HTTP/1.1
User-Agent: selenium/4.8.1 (java windows)
Content-Type: application/json; charset=utf-8
host: localhost:17603
accept: */*

Response DefaultHttpResponse(decodeResult: success, version: HTTP/1.1)
HTTP/1.1 200 OK
Content-Length: 14
Content-Type: application/json; charset=utf-8
cache-control: no-cache

16:18:22.370 [AsyncHttpClient-1-8] DEBUG org.asynchttpclient.netty.channel.ChannelManager - Adding key: http://localhost:17603 for channel [id: 0x9cfcfc9b, L:/127.0.0.1:15038 - R:localhost/127.0.0.1:17603]
16:18:22.813 [AsyncHttpClient-1-8] DEBUG org.asynchttpclient.netty.handler.HttpHandler - Channel Closed: [id: 0x9cfcfc9b, L:/127.0.0.1:15038 ! R:localhost/127.0.0.1:17603] with attribute DISCARD
16:18:22.844 [AsyncHttpClient-1-1] DEBUG org.asynchttpclient.netty.channel.DefaultChannelPool - Entry count for : http://localhost:17603 : 1
16:18:22.844 [AsyncHttpClient-1-1] DEBUG org.asynchttpclient.netty.channel.DefaultChannelPool - Adding Candidate expired Channel [id: 0x9cfcfc9b, L:/127.0.0.1:15038 ! R:localhost/127.0.0.1:17603] isIdleTimeoutExpired=false isRemotelyClosed=true isTtlExpired=false
16:18:22.844 [AsyncHttpClient-1-1] DEBUG org.asynchttpclient.netty.channel.DefaultChannelPool - Closing Idle Channel [id: 0x9cfcfc9b, L:/127.0.0.1:15038 ! R:localhost/127.0.0.1:17603]
16:18:22.844 [AsyncHttpClient-1-1] DEBUG org.asynchttpclient.netty.channel.DefaultChannelPool - Closed 1 connections out of 1 in 0 ms
]]></system-out>
    <system-err><![CDATA[Starting ChromeDriver 114.0.5735.90 (386bc09e8f4f2e025eddae123f36f6263096ae49-refs/branch-heads/5735@{#1052}) on port 17603
Only local connections are allowed.
Please see https://chromedriver.chromium.org/security-considerations for suggestions on keeping ChromeDriver safe.
ChromeDriver was started successfully.
Jun 25, 2023 4:17:54 PM org.openqa.selenium.devtools.CdpVersionFinder findNearestMatch
WARNING: Unable to find an exact match for CDP version 114, so returning the closest version found: 110
]]></system-err>
  </testcase>
  <testcase name="As a user, I have successfully view the Stock Cashout" classname="Stock Cashout View" time="50.073">
    <system-out><![CDATA[16:18:23.413 [main] DEBUG io.cucumber.core.plugin.SerenityReporter - Running feature from file:///C:/Users/USER/IdeaProjects/Capston_webtesting/src/test/resources/Feature/StockCashout.feature
16:18:23.413 [main] WARN io.cucumber.core.plugin.SerenityReporter - Feature from file:///C:/Users/USER/IdeaProjects/Capston_webtesting/src/test/resources/Feature/StockCashout.feature is not under the 'features' directory. Requirements report will not be correctly generated!
16:18:23.417 [main] DEBUG net.thucydides.core.steps.StepEventBus - Test suite started for story net.thucydides.core.model.Story@28f13c16
16:18:23.417 [main] INFO  - Test Suite Started: Stock Cashout View

@StockCashout
Scenario: As a user, I have successfully view the Stock Cashout &amp#27;[90m# src/test/resources/Feature/StockCashout.feature:3&amp#27;[0m
16:18:23.433 [main] DEBUG io.cucumber.core.plugin.SerenityReporter - Running feature from file:///C:/Users/USER/IdeaProjects/Capston_webtesting/src/test/resources/Feature/StockCashout.feature
16:18:23.433 [main] WARN io.cucumber.core.plugin.SerenityReporter - Feature from file:///C:/Users/USER/IdeaProjects/Capston_webtesting/src/test/resources/Feature/StockCashout.feature is not under the 'features' directory. Requirements report will not be correctly generated!
16:18:23.437 [main] INFO  - 
  _____   ___   ___   _____     ___   _____     _     ___   _____   ___   ___  
 |_   _| | __| / __| |_   _|   / __| |_   _|   /_\   | _ \ |_   _| | __| |   \ 
   | |   | _|  \__ \   | |     \__ \   | |    / _ \  |   /   | |   | _|  | |) |
   |_|   |___| |___/   |_|     |___/   |_|   /_/ \_\ |_|_\   |_|   |___| |___/ 

As a user, I have successfully view the Stock Cashout(stock-cashout-view;as-a-user--i-have-successfully-view-the-stock-cashout)
--------------------------------------------------------------------------------
16:18:23.542 [main] DEBUG net.thucydides.core.steps.StepInterceptor - STARTING STEP: StockCasoutSteps.onnSignInPage - openPage
16:18:23.614 [main] INFO net.serenitybdd.core.webdriver.driverproviders.ChromeDriverProvider - Starting Chrome driver instance with capabilities:
16:18:23.615 [main] INFO net.serenitybdd.core.webdriver.driverproviders.ChromeDriverProvider - Capabilities {acceptInsecureCerts: false, browserName: chrome, goog:chromeOptions: {args: [remote-allow-origins=*], extensions: []}}
16:18:24.194 [AsyncHttpClient-1-3] DEBUG org.asynchttpclient.netty.channel.NettyConnectListener - Using new Channel '[id: 0xd57b9c8b, L:/127.0.0.1:15060 - R:localhost/127.0.0.1:3383]' for 'POST' to '/session'
16:18:29.597 [AsyncHttpClient-1-3] DEBUG org.asynchttpclient.netty.handler.HttpHandler - 

Request DefaultHttpRequest(decodeResult: success, version: HTTP/1.1)
POST /session HTTP/1.1
User-Agent: selenium/4.8.1 (java windows)
Content-Length: 507
Content-Type: application/json; charset=utf-8
host: localhost:3383
accept: */*

Response DefaultHttpResponse(decodeResult: success, version: HTTP/1.1)
HTTP/1.1 200 OK
Content-Length: 859
Content-Type: application/json; charset=utf-8
cache-control: no-cache

16:18:29.598 [AsyncHttpClient-1-3] DEBUG org.asynchttpclient.netty.channel.ChannelManager - Adding key: http://localhost:3383 for channel [id: 0xd57b9c8b, L:/127.0.0.1:15060 - R:localhost/127.0.0.1:3383]
16:18:29.613 [AsyncHttpClient-1-4] DEBUG org.asynchttpclient.netty.channel.NettyConnectListener - Using new Channel '[id: 0xcc010b79, L:/127.0.0.1:15067 - R:localhost/127.0.0.1:15061]' for 'GET' to '/json/version'
16:18:29.614 [AsyncHttpClient-1-4] DEBUG org.asynchttpclient.netty.handler.HttpHandler - 

Request DefaultFullHttpRequest(decodeResult: success, version: HTTP/1.1, content: EmptyByteBufBE)
GET /json/version HTTP/1.1
User-Agent: selenium/4.8.1 (java windows)
host: localhost:15061
accept: */*

Response DefaultHttpResponse(decodeResult: success, version: HTTP/1.1)
HTTP/1.1 200 OK
Content-Security-Policy: frame-ancestors 'none'
Content-Length: 424
Content-Type: application/json; charset=UTF-8

16:18:29.614 [AsyncHttpClient-1-4] DEBUG org.asynchttpclient.netty.channel.ChannelManager - Adding key: http://localhost:15061 for channel [id: 0xcc010b79, L:/127.0.0.1:15067 - R:localhost/127.0.0.1:15061]
16:18:29.617 [AsyncHttpClient-1-5] DEBUG org.asynchttpclient.netty.channel.NettyConnectListener - Using new Channel '[id: 0x010c1ad7, L:/127.0.0.1:15068 - R:localhost/127.0.0.1:15061]' for 'GET' to '/devtools/browser/2c623f24-ba01-466c-a81b-01dae33e0a7d'
16:18:29.617 [AsyncHttpClient-1-5] DEBUG org.asynchttpclient.netty.handler.WebSocketHandler - 

Request DefaultFullHttpRequest(decodeResult: success, version: HTTP/1.1, content: EmptyByteBufBE)
GET /devtools/browser/2c623f24-ba01-466c-a81b-01dae33e0a7d HTTP/1.1
upgrade: websocket
connection: upgrade
sec-websocket-key: FhX15wEYfF7HRsyd8laL0g==
sec-websocket-version: 13
origin: http://localhost:15061
host: localhost:15061
accept: */*
user-agent: AHC/2.1

Response DefaultHttpResponse(decodeResult: success, version: HTTP/1.1)
HTTP/1.1 101 WebSocket Protocol Handshake
Upgrade: WebSocket
Connection: Upgrade
Sec-WebSocket-Accept: XfXJyZgvLxH6hXnkeByZ3S4wOKY=

16:18:29.626 [Forwarding get on session 55c9a23eba2293eb3c62c9cbc4cb9967 to remote] DEBUG org.asynchttpclient.netty.request.NettyRequestSender - Using pooled Channel '[id: 0xd57b9c8b, L:/127.0.0.1:15060 - R:localhost/127.0.0.1:3383]' for 'POST' to 'http://localhost:3383/session/55c9a23eba2293eb3c62c9cbc4cb9967/url'
16:18:29.626 [Forwarding get on session 55c9a23eba2293eb3c62c9cbc4cb9967 to remote] DEBUG org.asynchttpclient.netty.request.NettyRequestSender - Using open Channel [id: 0xd57b9c8b, L:/127.0.0.1:15060 - R:localhost/127.0.0.1:3383] for POST '/session/55c9a23eba2293eb3c62c9cbc4cb9967/url'
16:18:30.544 [AsyncHttpClient-1-1] DEBUG org.asynchttpclient.netty.channel.DefaultChannelPool - Entry count for : http://localhost:15061 : 1
16:18:31.644 [AsyncHttpClient-1-1] DEBUG org.asynchttpclient.netty.channel.DefaultChannelPool - Entry count for : http://localhost:15061 : 1
16:18:32.744 [AsyncHttpClient-1-1] DEBUG org.asynchttpclient.netty.channel.DefaultChannelPool - Entry count for : http://localhost:15061 : 1
16:18:33.843 [AsyncHttpClient-1-1] DEBUG org.asynchttpclient.netty.channel.DefaultChannelPool - Entry count for : http://localhost:15061 : 1
16:18:34.944 [AsyncHttpClient-1-1] DEBUG org.asynchttpclient.netty.channel.DefaultChannelPool - Entry count for : http://localhost:15061 : 1
16:18:36.043 [AsyncHttpClient-1-1] DEBUG org.asynchttpclient.netty.channel.DefaultChannelPool - Entry count for : http://localhost:15061 : 1
16:18:37.143 [AsyncHttpClient-1-1] DEBUG org.asynchttpclient.netty.channel.DefaultChannelPool - Entry count for : http://localhost:15061 : 1
16:18:38.243 [AsyncHttpClient-1-1] DEBUG org.asynchttpclient.netty.channel.DefaultChannelPool - Entry count for : http://localhost:15061 : 1
16:18:39.344 [AsyncHttpClient-1-1] DEBUG org.asynchttpclient.netty.channel.DefaultChannelPool - Entry count for : http://localhost:15061 : 1
16:18:40.444 [AsyncHttpClient-1-1] DEBUG org.asynchttpclient.netty.channel.DefaultChannelPool - Entry count for : http://localhost:15061 : 1
16:18:41.543 [AsyncHttpClient-1-1] DEBUG org.asynchttpclient.netty.channel.DefaultChannelPool - Entry count for : http://localhost:15061 : 1
16:18:42.644 [AsyncHttpClient-1-1] DEBUG org.asynchttpclient.netty.channel.DefaultChannelPool - Entry count for : http://localhost:15061 : 1
16:18:42.852 [AsyncHttpClient-1-3] DEBUG org.asynchttpclient.netty.handler.HttpHandler - 

Request DefaultHttpRequest(decodeResult: success, version: HTTP/1.1)
POST /session/55c9a23eba2293eb3c62c9cbc4cb9967/url HTTP/1.1
User-Agent: selenium/4.8.1 (java windows)
Content-Length: 82
Content-Type: application/json; charset=utf-8
host: localhost:3383
accept: */*

Response DefaultHttpResponse(decodeResult: success, version: HTTP/1.1)
HTTP/1.1 200 OK
Content-Length: 14
Content-Type: application/json; charset=utf-8
cache-control: no-cache

16:18:42.853 [AsyncHttpClient-1-3] DEBUG org.asynchttpclient.netty.channel.ChannelManager - Adding key: http://localhost:3383 for channel [id: 0xd57b9c8b, L:/127.0.0.1:15060 - R:localhost/127.0.0.1:3383]
16:18:42.856 [Forwarding setTimeout on session 55c9a23eba2293eb3c62c9cbc4cb9967 to remote] DEBUG org.asynchttpclient.netty.request.NettyRequestSender - Using pooled Channel '[id: 0xd57b9c8b, L:/127.0.0.1:15060 - R:localhost/127.0.0.1:3383]' for 'POST' to 'http://localhost:3383/session/55c9a23eba2293eb3c62c9cbc4cb9967/timeouts'
16:18:42.856 [Forwarding setTimeout on session 55c9a23eba2293eb3c62c9cbc4cb9967 to remote] DEBUG org.asynchttpclient.netty.request.NettyRequestSender - Using open Channel [id: 0xd57b9c8b, L:/127.0.0.1:15060 - R:localhost/127.0.0.1:3383] for POST '/session/55c9a23eba2293eb3c62c9cbc4cb9967/timeouts'
16:18:42.857 [AsyncHttpClient-1-3] DEBUG org.asynchttpclient.netty.handler.HttpHandler - 

Request DefaultHttpRequest(decodeResult: success, version: HTTP/1.1)
POST /session/55c9a23eba2293eb3c62c9cbc4cb9967/timeouts HTTP/1.1
User-Agent: selenium/4.8.1 (java windows)
Content-Length: 22
Content-Type: application/json; charset=utf-8
host: localhost:3383
accept: */*

Response DefaultHttpResponse(decodeResult: success, version: HTTP/1.1)
HTTP/1.1 200 OK
Content-Length: 14
Content-Type: application/json; charset=utf-8
cache-control: no-cache

16:18:42.858 [AsyncHttpClient-1-3] DEBUG org.asynchttpclient.netty.channel.ChannelManager - Adding key: http://localhost:3383 for channel [id: 0xd57b9c8b, L:/127.0.0.1:15060 - R:localhost/127.0.0.1:3383]
16:18:42.872 [main] DEBUG net.serenitybdd.core.photography.Darkroom - Opening darkroom
16:18:42.878 [Forwarding getAlertText on session 55c9a23eba2293eb3c62c9cbc4cb9967 to remote] DEBUG org.asynchttpclient.netty.request.NettyRequestSender - Using pooled Channel '[id: 0xd57b9c8b, L:/127.0.0.1:15060 - R:localhost/127.0.0.1:3383]' for 'GET' to 'http://localhost:3383/session/55c9a23eba2293eb3c62c9cbc4cb9967/alert/text'
16:18:42.878 [Forwarding getAlertText on session 55c9a23eba2293eb3c62c9cbc4cb9967 to remote] DEBUG org.asynchttpclient.netty.request.NettyRequestSender - Using open Channel [id: 0xd57b9c8b, L:/127.0.0.1:15060 - R:localhost/127.0.0.1:3383] for GET '/session/55c9a23eba2293eb3c62c9cbc4cb9967/alert/text'
16:18:42.879 [Darkroom Processing Line] DEBUG net.serenitybdd.core.photography.DarkroomProcessingLine - Darkroom processing line starting up
16:18:42.897 [AsyncHttpClient-1-3] DEBUG org.asynchttpclient.netty.handler.HttpHandler - 

Request DefaultFullHttpRequest(decodeResult: success, version: HTTP/1.1, content: EmptyByteBufBE)
GET /session/55c9a23eba2293eb3c62c9cbc4cb9967/alert/text HTTP/1.1
User-Agent: selenium/4.8.1 (java windows)
Cache-Control: no-cache
Content-Type: application/json; charset=utf-8
host: localhost:3383
accept: */*

Response DefaultHttpResponse(decodeResult: success, version: HTTP/1.1)
HTTP/1.1 404 Not Found
Content-Length: 807
Content-Type: application/json; charset=utf-8
cache-control: no-cache

16:18:42.897 [AsyncHttpClient-1-3] DEBUG org.asynchttpclient.netty.channel.ChannelManager - Adding key: http://localhost:3383 for channel [id: 0xd57b9c8b, L:/127.0.0.1:15060 - R:localhost/127.0.0.1:3383]
16:18:42.900 [Forwarding getCurrentUrl on session 55c9a23eba2293eb3c62c9cbc4cb9967 to remote] DEBUG org.asynchttpclient.netty.request.NettyRequestSender - Using pooled Channel '[id: 0xd57b9c8b, L:/127.0.0.1:15060 - R:localhost/127.0.0.1:3383]' for 'GET' to 'http://localhost:3383/session/55c9a23eba2293eb3c62c9cbc4cb9967/url'
16:18:42.900 [Forwarding getCurrentUrl on session 55c9a23eba2293eb3c62c9cbc4cb9967 to remote] DEBUG org.asynchttpclient.netty.request.NettyRequestSender - Using open Channel [id: 0xd57b9c8b, L:/127.0.0.1:15060 - R:localhost/127.0.0.1:3383] for GET '/session/55c9a23eba2293eb3c62c9cbc4cb9967/url'
16:18:42.905 [AsyncHttpClient-1-3] DEBUG org.asynchttpclient.netty.handler.HttpHandler - 

Request DefaultFullHttpRequest(decodeResult: success, version: HTTP/1.1, content: EmptyByteBufBE)
GET /session/55c9a23eba2293eb3c62c9cbc4cb9967/url HTTP/1.1
User-Agent: selenium/4.8.1 (java windows)
Cache-Control: no-cache
Content-Type: application/json; charset=utf-8
host: localhost:3383
accept: */*

Response DefaultHttpResponse(decodeResult: success, version: HTTP/1.1)
HTTP/1.1 200 OK
Content-Length: 64
Content-Type: application/json; charset=utf-8
cache-control: no-cache

16:18:42.905 [AsyncHttpClient-1-3] DEBUG org.asynchttpclient.netty.channel.ChannelManager - Adding key: http://localhost:3383 for channel [id: 0xd57b9c8b, L:/127.0.0.1:15060 - R:localhost/127.0.0.1:3383]
16:18:42.906 [Forwarding screenshot on session 55c9a23eba2293eb3c62c9cbc4cb9967 to remote] DEBUG org.asynchttpclient.netty.request.NettyRequestSender - Using pooled Channel '[id: 0xd57b9c8b, L:/127.0.0.1:15060 - R:localhost/127.0.0.1:3383]' for 'GET' to 'http://localhost:3383/session/55c9a23eba2293eb3c62c9cbc4cb9967/screenshot'
16:18:42.906 [Forwarding screenshot on session 55c9a23eba2293eb3c62c9cbc4cb9967 to remote] DEBUG org.asynchttpclient.netty.request.NettyRequestSender - Using open Channel [id: 0xd57b9c8b, L:/127.0.0.1:15060 - R:localhost/127.0.0.1:3383] for GET '/session/55c9a23eba2293eb3c62c9cbc4cb9967/screenshot'
16:18:43.208 [AsyncHttpClient-1-3] DEBUG org.asynchttpclient.netty.handler.HttpHandler - 

Request DefaultFullHttpRequest(decodeResult: success, version: HTTP/1.1, content: EmptyByteBufBE)
GET /session/55c9a23eba2293eb3c62c9cbc4cb9967/screenshot HTTP/1.1
User-Agent: selenium/4.8.1 (java windows)
Cache-Control: no-cache
Content-Type: application/json; charset=utf-8
host: localhost:3383
accept: */*

Response DefaultHttpResponse(decodeResult: success, version: HTTP/1.1)
HTTP/1.1 200 OK
Content-Length: 46940
Content-Type: application/json; charset=utf-8
cache-control: no-cache

16:18:43.210 [AsyncHttpClient-1-3] DEBUG org.asynchttpclient.netty.channel.ChannelManager - Adding key: http://localhost:3383 for channel [id: 0xd57b9c8b, L:/127.0.0.1:15060 - R:localhost/127.0.0.1:3383]
16:18:43.214 [main] DEBUG net.serenitybdd.core.photography.Darkroom - Send negative for processing for target\site\serenity\b276c4c5569dbdc991b227431bed16b6d8e89de34f7e00b4fcfdc739991c907c.png
16:18:43.214 [main] DEBUG net.thucydides.core.steps.StepInterceptor - STEP DONE: openPage
  &amp#27;[32mGiven &amp#27;[0m&amp#27;[32mI am on the signn in pageeee&amp#27;[0m                            &amp#27;[90m# Starter.Stepdefitions.StockCasoutSteps.onnSignInPage()&amp#27;[0m
16:18:43.225 [Forwarding getPageSource on session 55c9a23eba2293eb3c62c9cbc4cb9967 to remote] DEBUG org.asynchttpclient.netty.request.NettyRequestSender - Using pooled Channel '[id: 0xd57b9c8b, L:/127.0.0.1:15060 - R:localhost/127.0.0.1:3383]' for 'POST' to 'http://localhost:3383/session/55c9a23eba2293eb3c62c9cbc4cb9967/execute/sync'
16:18:43.225 [Forwarding getPageSource on session 55c9a23eba2293eb3c62c9cbc4cb9967 to remote] DEBUG org.asynchttpclient.netty.request.NettyRequestSender - Using open Channel [id: 0xd57b9c8b, L:/127.0.0.1:15060 - R:localhost/127.0.0.1:3383] for POST '/session/55c9a23eba2293eb3c62c9cbc4cb9967/execute/sync'
16:18:43.230 [AsyncHttpClient-1-3] DEBUG org.asynchttpclient.netty.handler.HttpHandler - 

Request DefaultHttpRequest(decodeResult: success, version: HTTP/1.1)
POST /session/55c9a23eba2293eb3c62c9cbc4cb9967/execute/sync HTTP/1.1
User-Agent: selenium/4.8.1 (java windows)
Content-Length: 176
Content-Type: application/json; charset=utf-8
host: localhost:3383
accept: */*

Response DefaultHttpResponse(decodeResult: success, version: HTTP/1.1)
HTTP/1.1 200 OK
Content-Length: 5992
Content-Type: application/json; charset=utf-8
cache-control: no-cache

16:18:43.230 [AsyncHttpClient-1-3] DEBUG org.asynchttpclient.netty.channel.ChannelManager - Adding key: http://localhost:3383 for channel [id: 0xd57b9c8b, L:/127.0.0.1:15060 - R:localhost/127.0.0.1:3383]
16:18:43.232 [Forwarding getCurrentUrl on session 55c9a23eba2293eb3c62c9cbc4cb9967 to remote] DEBUG org.asynchttpclient.netty.request.NettyRequestSender - Using pooled Channel '[id: 0xd57b9c8b, L:/127.0.0.1:15060 - R:localhost/127.0.0.1:3383]' for 'GET' to 'http://localhost:3383/session/55c9a23eba2293eb3c62c9cbc4cb9967/url'
16:18:43.232 [Forwarding getCurrentUrl on session 55c9a23eba2293eb3c62c9cbc4cb9967 to remote] DEBUG org.asynchttpclient.netty.request.NettyRequestSender - Using open Channel [id: 0xd57b9c8b, L:/127.0.0.1:15060 - R:localhost/127.0.0.1:3383] for GET '/session/55c9a23eba2293eb3c62c9cbc4cb9967/url'
16:18:43.236 [AsyncHttpClient-1-3] DEBUG org.asynchttpclient.netty.handler.HttpHandler - 

Request DefaultFullHttpRequest(decodeResult: success, version: HTTP/1.1, content: EmptyByteBufBE)
GET /session/55c9a23eba2293eb3c62c9cbc4cb9967/url HTTP/1.1
User-Agent: selenium/4.8.1 (java windows)
Cache-Control: no-cache
Content-Type: application/json; charset=utf-8
host: localhost:3383
accept: */*

Response DefaultHttpResponse(decodeResult: success, version: HTTP/1.1)
HTTP/1.1 200 OK
Content-Length: 64
Content-Type: application/json; charset=utf-8
cache-control: no-cache

16:18:43.237 [AsyncHttpClient-1-3] DEBUG org.asynchttpclient.netty.channel.ChannelManager - Adding key: http://localhost:3383 for channel [id: 0xd57b9c8b, L:/127.0.0.1:15060 - R:localhost/127.0.0.1:3383]
16:18:43.477 [Forwarding getAlertText on session 55c9a23eba2293eb3c62c9cbc4cb9967 to remote] DEBUG org.asynchttpclient.netty.request.NettyRequestSender - Using pooled Channel '[id: 0xd57b9c8b, L:/127.0.0.1:15060 - R:localhost/127.0.0.1:3383]' for 'GET' to 'http://localhost:3383/session/55c9a23eba2293eb3c62c9cbc4cb9967/alert/text'
16:18:43.478 [Forwarding getAlertText on session 55c9a23eba2293eb3c62c9cbc4cb9967 to remote] DEBUG org.asynchttpclient.netty.request.NettyRequestSender - Using open Channel [id: 0xd57b9c8b, L:/127.0.0.1:15060 - R:localhost/127.0.0.1:3383] for GET '/session/55c9a23eba2293eb3c62c9cbc4cb9967/alert/text'
16:18:43.744 [AsyncHttpClient-1-1] DEBUG org.asynchttpclient.netty.channel.DefaultChannelPool - Entry count for : http://localhost:15061 : 1
16:18:44.844 [AsyncHttpClient-1-1] DEBUG org.asynchttpclient.netty.channel.DefaultChannelPool - Entry count for : http://localhost:15061 : 1
16:18:45.943 [AsyncHttpClient-1-1] DEBUG org.asynchttpclient.netty.channel.DefaultChannelPool - Entry count for : http://localhost:15061 : 1
16:18:47.043 [AsyncHttpClient-1-1] DEBUG org.asynchttpclient.netty.channel.DefaultChannelPool - Entry count for : http://localhost:15061 : 1
16:18:48.144 [AsyncHttpClient-1-1] DEBUG org.asynchttpclient.netty.channel.DefaultChannelPool - Entry count for : http://localhost:15061 : 1
16:18:48.972 [AsyncHttpClient-1-3] DEBUG org.asynchttpclient.netty.handler.HttpHandler - 

Request DefaultFullHttpRequest(decodeResult: success, version: HTTP/1.1, content: EmptyByteBufBE)
GET /session/55c9a23eba2293eb3c62c9cbc4cb9967/alert/text HTTP/1.1
User-Agent: selenium/4.8.1 (java windows)
Cache-Control: no-cache
Content-Type: application/json; charset=utf-8
host: localhost:3383
accept: */*

Response DefaultHttpResponse(decodeResult: success, version: HTTP/1.1)
HTTP/1.1 404 Not Found
Content-Length: 807
Content-Type: application/json; charset=utf-8
cache-control: no-cache

16:18:48.972 [AsyncHttpClient-1-3] DEBUG org.asynchttpclient.netty.channel.ChannelManager - Adding key: http://localhost:3383 for channel [id: 0xd57b9c8b, L:/127.0.0.1:15060 - R:localhost/127.0.0.1:3383]
16:18:48.974 [Forwarding getCurrentUrl on session 55c9a23eba2293eb3c62c9cbc4cb9967 to remote] DEBUG org.asynchttpclient.netty.request.NettyRequestSender - Using pooled Channel '[id: 0xd57b9c8b, L:/127.0.0.1:15060 - R:localhost/127.0.0.1:3383]' for 'GET' to 'http://localhost:3383/session/55c9a23eba2293eb3c62c9cbc4cb9967/url'
16:18:48.974 [Forwarding getCurrentUrl on session 55c9a23eba2293eb3c62c9cbc4cb9967 to remote] DEBUG org.asynchttpclient.netty.request.NettyRequestSender - Using open Channel [id: 0xd57b9c8b, L:/127.0.0.1:15060 - R:localhost/127.0.0.1:3383] for GET '/session/55c9a23eba2293eb3c62c9cbc4cb9967/url'
16:18:49.025 [AsyncHttpClient-1-3] DEBUG org.asynchttpclient.netty.handler.HttpHandler - 

Request DefaultFullHttpRequest(decodeResult: success, version: HTTP/1.1, content: EmptyByteBufBE)
GET /session/55c9a23eba2293eb3c62c9cbc4cb9967/url HTTP/1.1
User-Agent: selenium/4.8.1 (java windows)
Cache-Control: no-cache
Content-Type: application/json; charset=utf-8
host: localhost:3383
accept: */*

Response DefaultHttpResponse(decodeResult: success, version: HTTP/1.1)
HTTP/1.1 200 OK
Content-Length: 64
Content-Type: application/json; charset=utf-8
cache-control: no-cache

16:18:49.025 [AsyncHttpClient-1-3] DEBUG org.asynchttpclient.netty.channel.ChannelManager - Adding key: http://localhost:3383 for channel [id: 0xd57b9c8b, L:/127.0.0.1:15060 - R:localhost/127.0.0.1:3383]
16:18:49.026 [Forwarding screenshot on session 55c9a23eba2293eb3c62c9cbc4cb9967 to remote] DEBUG org.asynchttpclient.netty.request.NettyRequestSender - Using pooled Channel '[id: 0xd57b9c8b, L:/127.0.0.1:15060 - R:localhost/127.0.0.1:3383]' for 'GET' to 'http://localhost:3383/session/55c9a23eba2293eb3c62c9cbc4cb9967/screenshot'
16:18:49.027 [Forwarding screenshot on session 55c9a23eba2293eb3c62c9cbc4cb9967 to remote] DEBUG org.asynchttpclient.netty.request.NettyRequestSender - Using open Channel [id: 0xd57b9c8b, L:/127.0.0.1:15060 - R:localhost/127.0.0.1:3383] for GET '/session/55c9a23eba2293eb3c62c9cbc4cb9967/screenshot'
16:18:49.137 [AsyncHttpClient-1-3] DEBUG org.asynchttpclient.netty.handler.HttpHandler - 

Request DefaultFullHttpRequest(decodeResult: success, version: HTTP/1.1, content: EmptyByteBufBE)
GET /session/55c9a23eba2293eb3c62c9cbc4cb9967/screenshot HTTP/1.1
User-Agent: selenium/4.8.1 (java windows)
Cache-Control: no-cache
Content-Type: application/json; charset=utf-8
host: localhost:3383
accept: */*

Response DefaultHttpResponse(decodeResult: success, version: HTTP/1.1)
HTTP/1.1 200 OK
Content-Length: 125580
Content-Type: application/json; charset=utf-8
cache-control: no-cache

16:18:49.137 [AsyncHttpClient-1-3] DEBUG org.asynchttpclient.netty.channel.ChannelManager - Adding key: http://localhost:3383 for channel [id: 0xd57b9c8b, L:/127.0.0.1:15060 - R:localhost/127.0.0.1:3383]
16:18:49.146 [main] DEBUG net.serenitybdd.core.photography.Darkroom - Send negative for processing for target\site\serenity\ccb94ee3b183862011abf47996db7c6ab1ad97fa806bc5f8198c267c124a2f52.png
16:18:49.148 [Forwarding getPageSource on session 55c9a23eba2293eb3c62c9cbc4cb9967 to remote] DEBUG org.asynchttpclient.netty.request.NettyRequestSender - Using pooled Channel '[id: 0xd57b9c8b, L:/127.0.0.1:15060 - R:localhost/127.0.0.1:3383]' for 'POST' to 'http://localhost:3383/session/55c9a23eba2293eb3c62c9cbc4cb9967/execute/sync'
16:18:49.148 [Forwarding getPageSource on session 55c9a23eba2293eb3c62c9cbc4cb9967 to remote] DEBUG org.asynchttpclient.netty.request.NettyRequestSender - Using open Channel [id: 0xd57b9c8b, L:/127.0.0.1:15060 - R:localhost/127.0.0.1:3383] for POST '/session/55c9a23eba2293eb3c62c9cbc4cb9967/execute/sync'
16:18:49.154 [AsyncHttpClient-1-3] DEBUG org.asynchttpclient.netty.handler.HttpHandler - 

Request DefaultHttpRequest(decodeResult: success, version: HTTP/1.1)
POST /session/55c9a23eba2293eb3c62c9cbc4cb9967/execute/sync HTTP/1.1
User-Agent: selenium/4.8.1 (java windows)
Content-Length: 176
Content-Type: application/json; charset=utf-8
host: localhost:3383
accept: */*

Response DefaultHttpResponse(decodeResult: success, version: HTTP/1.1)
HTTP/1.1 200 OK
Content-Length: 5992
Content-Type: application/json; charset=utf-8
cache-control: no-cache

16:18:49.154 [AsyncHttpClient-1-3] DEBUG org.asynchttpclient.netty.channel.ChannelManager - Adding key: http://localhost:3383 for channel [id: 0xd57b9c8b, L:/127.0.0.1:15060 - R:localhost/127.0.0.1:3383]
16:18:49.156 [Forwarding getCurrentUrl on session 55c9a23eba2293eb3c62c9cbc4cb9967 to remote] DEBUG org.asynchttpclient.netty.request.NettyRequestSender - Using pooled Channel '[id: 0xd57b9c8b, L:/127.0.0.1:15060 - R:localhost/127.0.0.1:3383]' for 'GET' to 'http://localhost:3383/session/55c9a23eba2293eb3c62c9cbc4cb9967/url'
16:18:49.157 [Forwarding getCurrentUrl on session 55c9a23eba2293eb3c62c9cbc4cb9967 to remote] DEBUG org.asynchttpclient.netty.request.NettyRequestSender - Using open Channel [id: 0xd57b9c8b, L:/127.0.0.1:15060 - R:localhost/127.0.0.1:3383] for GET '/session/55c9a23eba2293eb3c62c9cbc4cb9967/url'
16:18:49.161 [AsyncHttpClient-1-3] DEBUG org.asynchttpclient.netty.handler.HttpHandler - 

Request DefaultFullHttpRequest(decodeResult: success, version: HTTP/1.1, content: EmptyByteBufBE)
GET /session/55c9a23eba2293eb3c62c9cbc4cb9967/url HTTP/1.1
User-Agent: selenium/4.8.1 (java windows)
Cache-Control: no-cache
Content-Type: application/json; charset=utf-8
host: localhost:3383
accept: */*

Response DefaultHttpResponse(decodeResult: success, version: HTTP/1.1)
HTTP/1.1 200 OK
Content-Length: 64
Content-Type: application/json; charset=utf-8
cache-control: no-cache

16:18:49.161 [AsyncHttpClient-1-3] DEBUG org.asynchttpclient.netty.channel.ChannelManager - Adding key: http://localhost:3383 for channel [id: 0xd57b9c8b, L:/127.0.0.1:15060 - R:localhost/127.0.0.1:3383]
16:18:49.163 [main] DEBUG net.thucydides.core.steps.StepInterceptor - STARTING STEP: StockCasoutSteps.inputttEmailll - inputttEmailll
16:18:49.167 [Forwarding findElement on session 55c9a23eba2293eb3c62c9cbc4cb9967 to remote] DEBUG org.asynchttpclient.netty.request.NettyRequestSender - Using pooled Channel '[id: 0xd57b9c8b, L:/127.0.0.1:15060 - R:localhost/127.0.0.1:3383]' for 'POST' to 'http://localhost:3383/session/55c9a23eba2293eb3c62c9cbc4cb9967/element'
16:18:49.167 [Forwarding findElement on session 55c9a23eba2293eb3c62c9cbc4cb9967 to remote] DEBUG org.asynchttpclient.netty.request.NettyRequestSender - Using open Channel [id: 0xd57b9c8b, L:/127.0.0.1:15060 - R:localhost/127.0.0.1:3383] for POST '/session/55c9a23eba2293eb3c62c9cbc4cb9967/element'
16:18:49.186 [AsyncHttpClient-1-3] DEBUG org.asynchttpclient.netty.handler.HttpHandler - 

Request DefaultHttpRequest(decodeResult: success, version: HTTP/1.1)
POST /session/55c9a23eba2293eb3c62c9cbc4cb9967/element HTTP/1.1
User-Agent: selenium/4.8.1 (java windows)
Content-Length: 67
Content-Type: application/json; charset=utf-8
host: localhost:3383
accept: */*

Response DefaultHttpResponse(decodeResult: success, version: HTTP/1.1)
HTTP/1.1 200 OK
Content-Length: 94
Content-Type: application/json; charset=utf-8
cache-control: no-cache

16:18:49.186 [AsyncHttpClient-1-3] DEBUG org.asynchttpclient.netty.channel.ChannelManager - Adding key: http://localhost:3383 for channel [id: 0xd57b9c8b, L:/127.0.0.1:15060 - R:localhost/127.0.0.1:3383]
16:18:49.187 [Forwarding clearElement on session 55c9a23eba2293eb3c62c9cbc4cb9967 to remote] DEBUG org.asynchttpclient.netty.request.NettyRequestSender - Using pooled Channel '[id: 0xd57b9c8b, L:/127.0.0.1:15060 - R:localhost/127.0.0.1:3383]' for 'POST' to 'http://localhost:3383/session/55c9a23eba2293eb3c62c9cbc4cb9967/element/D3550DB7A964A37A77F8B6E525148F3E_element_9/clear'
16:18:49.187 [Forwarding clearElement on session 55c9a23eba2293eb3c62c9cbc4cb9967 to remote] DEBUG org.asynchttpclient.netty.request.NettyRequestSender - Using open Channel [id: 0xd57b9c8b, L:/127.0.0.1:15060 - R:localhost/127.0.0.1:3383] for POST '/session/55c9a23eba2293eb3c62c9cbc4cb9967/element/D3550DB7A964A37A77F8B6E525148F3E_element_9/clear'
16:18:49.231 [AsyncHttpClient-1-3] DEBUG org.asynchttpclient.netty.handler.HttpHandler - 

Request DefaultHttpRequest(decodeResult: success, version: HTTP/1.1)
POST /session/55c9a23eba2293eb3c62c9cbc4cb9967/element/D3550DB7A964A37A77F8B6E525148F3E_element_9/clear HTTP/1.1
User-Agent: selenium/4.8.1 (java windows)
Content-Length: 56
Content-Type: application/json; charset=utf-8
host: localhost:3383
accept: */*

Response DefaultHttpResponse(decodeResult: success, version: HTTP/1.1)
HTTP/1.1 200 OK
Content-Length: 14
Content-Type: application/json; charset=utf-8
cache-control: no-cache

16:18:49.231 [AsyncHttpClient-1-3] DEBUG org.asynchttpclient.netty.channel.ChannelManager - Adding key: http://localhost:3383 for channel [id: 0xd57b9c8b, L:/127.0.0.1:15060 - R:localhost/127.0.0.1:3383]
16:18:49.233 [Forwarding sendKeysToElement on session 55c9a23eba2293eb3c62c9cbc4cb9967 to remote] DEBUG org.asynchttpclient.netty.request.NettyRequestSender - Using pooled Channel '[id: 0xd57b9c8b, L:/127.0.0.1:15060 - R:localhost/127.0.0.1:3383]' for 'POST' to 'http://localhost:3383/session/55c9a23eba2293eb3c62c9cbc4cb9967/element/D3550DB7A964A37A77F8B6E525148F3E_element_9/value'
16:18:49.234 [Forwarding sendKeysToElement on session 55c9a23eba2293eb3c62c9cbc4cb9967 to remote] DEBUG org.asynchttpclient.netty.request.NettyRequestSender - Using open Channel [id: 0xd57b9c8b, L:/127.0.0.1:15060 - R:localhost/127.0.0.1:3383] for POST '/session/55c9a23eba2293eb3c62c9cbc4cb9967/element/D3550DB7A964A37A77F8B6E525148F3E_element_9/value'
16:18:49.244 [AsyncHttpClient-1-1] DEBUG org.asynchttpclient.netty.channel.DefaultChannelPool - Entry count for : http://localhost:15061 : 1
16:18:50.344 [AsyncHttpClient-1-1] DEBUG org.asynchttpclient.netty.channel.DefaultChannelPool - Entry count for : http://localhost:15061 : 1
16:18:51.444 [AsyncHttpClient-1-1] DEBUG org.asynchttpclient.netty.channel.DefaultChannelPool - Entry count for : http://localhost:15061 : 1
16:18:52.544 [AsyncHttpClient-1-1] DEBUG org.asynchttpclient.netty.channel.DefaultChannelPool - Entry count for : http://localhost:15061 : 1
16:18:53.643 [AsyncHttpClient-1-1] DEBUG org.asynchttpclient.netty.channel.DefaultChannelPool - Entry count for : http://localhost:15061 : 1
16:18:54.744 [AsyncHttpClient-1-1] DEBUG org.asynchttpclient.netty.channel.DefaultChannelPool - Entry count for : http://localhost:15061 : 1
16:18:55.258 [AsyncHttpClient-1-3] DEBUG org.asynchttpclient.netty.handler.HttpHandler - 

Request DefaultHttpRequest(decodeResult: success, version: HTTP/1.1)
POST /session/55c9a23eba2293eb3c62c9cbc4cb9967/element/D3550DB7A964A37A77F8B6E525148F3E_element_9/value HTTP/1.1
User-Agent: selenium/4.8.1 (java windows)
Content-Length: 257
Content-Type: application/json; charset=utf-8
host: localhost:3383
accept: */*

Response DefaultHttpResponse(decodeResult: success, version: HTTP/1.1)
HTTP/1.1 200 OK
Content-Length: 14
Content-Type: application/json; charset=utf-8
cache-control: no-cache

16:18:55.259 [AsyncHttpClient-1-3] DEBUG org.asynchttpclient.netty.channel.ChannelManager - Adding key: http://localhost:3383 for channel [id: 0xd57b9c8b, L:/127.0.0.1:15060 - R:localhost/127.0.0.1:3383]
16:18:55.286 [Forwarding getAlertText on session 55c9a23eba2293eb3c62c9cbc4cb9967 to remote] DEBUG org.asynchttpclient.netty.request.NettyRequestSender - Using pooled Channel '[id: 0xd57b9c8b, L:/127.0.0.1:15060 - R:localhost/127.0.0.1:3383]' for 'GET' to 'http://localhost:3383/session/55c9a23eba2293eb3c62c9cbc4cb9967/alert/text'
16:18:55.286 [Forwarding getAlertText on session 55c9a23eba2293eb3c62c9cbc4cb9967 to remote] DEBUG org.asynchttpclient.netty.request.NettyRequestSender - Using open Channel [id: 0xd57b9c8b, L:/127.0.0.1:15060 - R:localhost/127.0.0.1:3383] for GET '/session/55c9a23eba2293eb3c62c9cbc4cb9967/alert/text'
16:18:55.288 [AsyncHttpClient-1-3] DEBUG org.asynchttpclient.netty.handler.HttpHandler - 

Request DefaultFullHttpRequest(decodeResult: success, version: HTTP/1.1, content: EmptyByteBufBE)
GET /session/55c9a23eba2293eb3c62c9cbc4cb9967/alert/text HTTP/1.1
User-Agent: selenium/4.8.1 (java windows)
Cache-Control: no-cache
Content-Type: application/json; charset=utf-8
host: localhost:3383
accept: */*

Response DefaultHttpResponse(decodeResult: success, version: HTTP/1.1)
HTTP/1.1 404 Not Found
Content-Length: 807
Content-Type: application/json; charset=utf-8
cache-control: no-cache

16:18:55.288 [AsyncHttpClient-1-3] DEBUG org.asynchttpclient.netty.channel.ChannelManager - Adding key: http://localhost:3383 for channel [id: 0xd57b9c8b, L:/127.0.0.1:15060 - R:localhost/127.0.0.1:3383]
16:18:55.291 [Forwarding getCurrentUrl on session 55c9a23eba2293eb3c62c9cbc4cb9967 to remote] DEBUG org.asynchttpclient.netty.request.NettyRequestSender - Using pooled Channel '[id: 0xd57b9c8b, L:/127.0.0.1:15060 - R:localhost/127.0.0.1:3383]' for 'GET' to 'http://localhost:3383/session/55c9a23eba2293eb3c62c9cbc4cb9967/url'
16:18:55.291 [Forwarding getCurrentUrl on session 55c9a23eba2293eb3c62c9cbc4cb9967 to remote] DEBUG org.asynchttpclient.netty.request.NettyRequestSender - Using open Channel [id: 0xd57b9c8b, L:/127.0.0.1:15060 - R:localhost/127.0.0.1:3383] for GET '/session/55c9a23eba2293eb3c62c9cbc4cb9967/url'
16:18:55.296 [AsyncHttpClient-1-3] DEBUG org.asynchttpclient.netty.handler.HttpHandler - 

Request DefaultFullHttpRequest(decodeResult: success, version: HTTP/1.1, content: EmptyByteBufBE)
GET /session/55c9a23eba2293eb3c62c9cbc4cb9967/url HTTP/1.1
User-Agent: selenium/4.8.1 (java windows)
Cache-Control: no-cache
Content-Type: application/json; charset=utf-8
host: localhost:3383
accept: */*

Response DefaultHttpResponse(decodeResult: success, version: HTTP/1.1)
HTTP/1.1 200 OK
Content-Length: 64
Content-Type: application/json; charset=utf-8
cache-control: no-cache

16:18:55.296 [AsyncHttpClient-1-3] DEBUG org.asynchttpclient.netty.channel.ChannelManager - Adding key: http://localhost:3383 for channel [id: 0xd57b9c8b, L:/127.0.0.1:15060 - R:localhost/127.0.0.1:3383]
16:18:55.297 [Forwarding screenshot on session 55c9a23eba2293eb3c62c9cbc4cb9967 to remote] DEBUG org.asynchttpclient.netty.request.NettyRequestSender - Using pooled Channel '[id: 0xd57b9c8b, L:/127.0.0.1:15060 - R:localhost/127.0.0.1:3383]' for 'GET' to 'http://localhost:3383/session/55c9a23eba2293eb3c62c9cbc4cb9967/screenshot'
16:18:55.297 [Forwarding screenshot on session 55c9a23eba2293eb3c62c9cbc4cb9967 to remote] DEBUG org.asynchttpclient.netty.request.NettyRequestSender - Using open Channel [id: 0xd57b9c8b, L:/127.0.0.1:15060 - R:localhost/127.0.0.1:3383] for GET '/session/55c9a23eba2293eb3c62c9cbc4cb9967/screenshot'
16:18:55.487 [AsyncHttpClient-1-3] DEBUG org.asynchttpclient.netty.handler.HttpHandler - 

Request DefaultFullHttpRequest(decodeResult: success, version: HTTP/1.1, content: EmptyByteBufBE)
GET /session/55c9a23eba2293eb3c62c9cbc4cb9967/screenshot HTTP/1.1
User-Agent: selenium/4.8.1 (java windows)
Cache-Control: no-cache
Content-Type: application/json; charset=utf-8
host: localhost:3383
accept: */*

Response DefaultHttpResponse(decodeResult: success, version: HTTP/1.1)
HTTP/1.1 200 OK
Content-Length: 126820
Content-Type: application/json; charset=utf-8
cache-control: no-cache

16:18:55.489 [AsyncHttpClient-1-3] DEBUG org.asynchttpclient.netty.channel.ChannelManager - Adding key: http://localhost:3383 for channel [id: 0xd57b9c8b, L:/127.0.0.1:15060 - R:localhost/127.0.0.1:3383]
16:18:55.499 [main] DEBUG net.serenitybdd.core.photography.Darkroom - Send negative for processing for target\site\serenity\d5c921523aaf42667f6a13e7307a277a487a592440bb852325e8c28f839f7667.png
16:18:55.499 [Darkroom Processing Line] DEBUG net.serenitybdd.core.photography.DarkroomProcessingLine - Processing screenshot image in /var/screenshots/screenshot-4143044244498247152
16:18:55.499 [main] DEBUG net.thucydides.core.steps.StepInterceptor - STEP DONE: inputttEmailll
16:18:55.499 [Darkroom Processing Line] DEBUG net.serenitybdd.core.photography.DarkroomProcessingLine - Saving screenshot to target\site\serenity\d5c921523aaf42667f6a13e7307a277a487a592440bb852325e8c28f839f7667.png
  &amp#27;[32mWhen &amp#27;[0m&amp#27;[32mI inputttt emailll&amp#27;[0m                                       &amp#27;[90m# Starter.Stepdefitions.StockCasoutSteps.inputttEmailll()&amp#27;[0m
16:18:55.515 [Forwarding getPageSource on session 55c9a23eba2293eb3c62c9cbc4cb9967 to remote] DEBUG org.asynchttpclient.netty.request.NettyRequestSender - Using pooled Channel '[id: 0xd57b9c8b, L:/127.0.0.1:15060 - R:localhost/127.0.0.1:3383]' for 'POST' to 'http://localhost:3383/session/55c9a23eba2293eb3c62c9cbc4cb9967/execute/sync'
16:18:55.515 [Forwarding getPageSource on session 55c9a23eba2293eb3c62c9cbc4cb9967 to remote] DEBUG org.asynchttpclient.netty.request.NettyRequestSender - Using open Channel [id: 0xd57b9c8b, L:/127.0.0.1:15060 - R:localhost/127.0.0.1:3383] for POST '/session/55c9a23eba2293eb3c62c9cbc4cb9967/execute/sync'
16:18:55.522 [AsyncHttpClient-1-3] DEBUG org.asynchttpclient.netty.handler.HttpHandler - 

Request DefaultHttpRequest(decodeResult: success, version: HTTP/1.1)
POST /session/55c9a23eba2293eb3c62c9cbc4cb9967/execute/sync HTTP/1.1
User-Agent: selenium/4.8.1 (java windows)
Content-Length: 176
Content-Type: application/json; charset=utf-8
host: localhost:3383
accept: */*

Response DefaultHttpResponse(decodeResult: success, version: HTTP/1.1)
HTTP/1.1 200 OK
Content-Length: 6025
Content-Type: application/json; charset=utf-8
cache-control: no-cache

16:18:55.522 [AsyncHttpClient-1-3] DEBUG org.asynchttpclient.netty.channel.ChannelManager - Adding key: http://localhost:3383 for channel [id: 0xd57b9c8b, L:/127.0.0.1:15060 - R:localhost/127.0.0.1:3383]
16:18:55.524 [Forwarding getCurrentUrl on session 55c9a23eba2293eb3c62c9cbc4cb9967 to remote] DEBUG org.asynchttpclient.netty.request.NettyRequestSender - Using pooled Channel '[id: 0xd57b9c8b, L:/127.0.0.1:15060 - R:localhost/127.0.0.1:3383]' for 'GET' to 'http://localhost:3383/session/55c9a23eba2293eb3c62c9cbc4cb9967/url'
16:18:55.524 [Forwarding getCurrentUrl on session 55c9a23eba2293eb3c62c9cbc4cb9967 to remote] DEBUG org.asynchttpclient.netty.request.NettyRequestSender - Using open Channel [id: 0xd57b9c8b, L:/127.0.0.1:15060 - R:localhost/127.0.0.1:3383] for GET '/session/55c9a23eba2293eb3c62c9cbc4cb9967/url'
16:18:55.529 [AsyncHttpClient-1-3] DEBUG org.asynchttpclient.netty.handler.HttpHandler - 

Request DefaultFullHttpRequest(decodeResult: success, version: HTTP/1.1, content: EmptyByteBufBE)
GET /session/55c9a23eba2293eb3c62c9cbc4cb9967/url HTTP/1.1
User-Agent: selenium/4.8.1 (java windows)
Cache-Control: no-cache
Content-Type: application/json; charset=utf-8
host: localhost:3383
accept: */*

Response DefaultHttpResponse(decodeResult: success, version: HTTP/1.1)
HTTP/1.1 200 OK
Content-Length: 64
Content-Type: application/json; charset=utf-8
cache-control: no-cache

16:18:55.530 [AsyncHttpClient-1-3] DEBUG org.asynchttpclient.netty.channel.ChannelManager - Adding key: http://localhost:3383 for channel [id: 0xd57b9c8b, L:/127.0.0.1:15060 - R:localhost/127.0.0.1:3383]
16:18:55.680 [Forwarding getAlertText on session 55c9a23eba2293eb3c62c9cbc4cb9967 to remote] DEBUG org.asynchttpclient.netty.request.NettyRequestSender - Using pooled Channel '[id: 0xd57b9c8b, L:/127.0.0.1:15060 - R:localhost/127.0.0.1:3383]' for 'GET' to 'http://localhost:3383/session/55c9a23eba2293eb3c62c9cbc4cb9967/alert/text'
16:18:55.680 [Forwarding getAlertText on session 55c9a23eba2293eb3c62c9cbc4cb9967 to remote] DEBUG org.asynchttpclient.netty.request.NettyRequestSender - Using open Channel [id: 0xd57b9c8b, L:/127.0.0.1:15060 - R:localhost/127.0.0.1:3383] for GET '/session/55c9a23eba2293eb3c62c9cbc4cb9967/alert/text'
16:18:55.682 [AsyncHttpClient-1-3] DEBUG org.asynchttpclient.netty.handler.HttpHandler - 

Request DefaultFullHttpRequest(decodeResult: success, version: HTTP/1.1, content: EmptyByteBufBE)
GET /session/55c9a23eba2293eb3c62c9cbc4cb9967/alert/text HTTP/1.1
User-Agent: selenium/4.8.1 (java windows)
Cache-Control: no-cache
Content-Type: application/json; charset=utf-8
host: localhost:3383
accept: */*

Response DefaultHttpResponse(decodeResult: success, version: HTTP/1.1)
HTTP/1.1 404 Not Found
Content-Length: 807
Content-Type: application/json; charset=utf-8
cache-control: no-cache

16:18:55.682 [AsyncHttpClient-1-3] DEBUG org.asynchttpclient.netty.channel.ChannelManager - Adding key: http://localhost:3383 for channel [id: 0xd57b9c8b, L:/127.0.0.1:15060 - R:localhost/127.0.0.1:3383]
16:18:55.684 [Forwarding getCurrentUrl on session 55c9a23eba2293eb3c62c9cbc4cb9967 to remote] DEBUG org.asynchttpclient.netty.request.NettyRequestSender - Using pooled Channel '[id: 0xd57b9c8b, L:/127.0.0.1:15060 - R:localhost/127.0.0.1:3383]' for 'GET' to 'http://localhost:3383/session/55c9a23eba2293eb3c62c9cbc4cb9967/url'
16:18:55.684 [Forwarding getCurrentUrl on session 55c9a23eba2293eb3c62c9cbc4cb9967 to remote] DEBUG org.asynchttpclient.netty.request.NettyRequestSender - Using open Channel [id: 0xd57b9c8b, L:/127.0.0.1:15060 - R:localhost/127.0.0.1:3383] for GET '/session/55c9a23eba2293eb3c62c9cbc4cb9967/url'
16:18:55.689 [AsyncHttpClient-1-3] DEBUG org.asynchttpclient.netty.handler.HttpHandler - 

Request DefaultFullHttpRequest(decodeResult: success, version: HTTP/1.1, content: EmptyByteBufBE)
GET /session/55c9a23eba2293eb3c62c9cbc4cb9967/url HTTP/1.1
User-Agent: selenium/4.8.1 (java windows)
Cache-Control: no-cache
Content-Type: application/json; charset=utf-8
host: localhost:3383
accept: */*

Response DefaultHttpResponse(decodeResult: success, version: HTTP/1.1)
HTTP/1.1 200 OK
Content-Length: 64
Content-Type: application/json; charset=utf-8
cache-control: no-cache

16:18:55.689 [AsyncHttpClient-1-3] DEBUG org.asynchttpclient.netty.channel.ChannelManager - Adding key: http://localhost:3383 for channel [id: 0xd57b9c8b, L:/127.0.0.1:15060 - R:localhost/127.0.0.1:3383]
16:18:55.690 [Forwarding screenshot on session 55c9a23eba2293eb3c62c9cbc4cb9967 to remote] DEBUG org.asynchttpclient.netty.request.NettyRequestSender - Using pooled Channel '[id: 0xd57b9c8b, L:/127.0.0.1:15060 - R:localhost/127.0.0.1:3383]' for 'GET' to 'http://localhost:3383/session/55c9a23eba2293eb3c62c9cbc4cb9967/screenshot'
16:18:55.690 [Forwarding screenshot on session 55c9a23eba2293eb3c62c9cbc4cb9967 to remote] DEBUG org.asynchttpclient.netty.request.NettyRequestSender - Using open Channel [id: 0xd57b9c8b, L:/127.0.0.1:15060 - R:localhost/127.0.0.1:3383] for GET '/session/55c9a23eba2293eb3c62c9cbc4cb9967/screenshot'
16:18:55.774 [AsyncHttpClient-1-3] DEBUG org.asynchttpclient.netty.handler.HttpHandler - 

Request DefaultFullHttpRequest(decodeResult: success, version: HTTP/1.1, content: EmptyByteBufBE)
GET /session/55c9a23eba2293eb3c62c9cbc4cb9967/screenshot HTTP/1.1
User-Agent: selenium/4.8.1 (java windows)
Cache-Control: no-cache
Content-Type: application/json; charset=utf-8
host: localhost:3383
accept: */*

Response DefaultHttpResponse(decodeResult: success, version: HTTP/1.1)
HTTP/1.1 200 OK
Content-Length: 126860
Content-Type: application/json; charset=utf-8
cache-control: no-cache

16:18:55.779 [AsyncHttpClient-1-3] DEBUG org.asynchttpclient.netty.channel.ChannelManager - Adding key: http://localhost:3383 for channel [id: 0xd57b9c8b, L:/127.0.0.1:15060 - R:localhost/127.0.0.1:3383]
16:18:55.785 [main] DEBUG net.serenitybdd.core.photography.Darkroom - Send negative for processing for target\site\serenity\8ea53f2fd0462607c1a1f7d4f2d323be033f245facd593f5983c52b2a015fa62.png
16:18:55.844 [AsyncHttpClient-1-1] DEBUG org.asynchttpclient.netty.channel.DefaultChannelPool - Entry count for : http://localhost:3383 : 1
16:18:55.844 [AsyncHttpClient-1-1] DEBUG org.asynchttpclient.netty.channel.DefaultChannelPool - Entry count for : http://localhost:15061 : 1
16:18:55.985 [Forwarding getPageSource on session 55c9a23eba2293eb3c62c9cbc4cb9967 to remote] DEBUG org.asynchttpclient.netty.request.NettyRequestSender - Using pooled Channel '[id: 0xd57b9c8b, L:/127.0.0.1:15060 - R:localhost/127.0.0.1:3383]' for 'POST' to 'http://localhost:3383/session/55c9a23eba2293eb3c62c9cbc4cb9967/execute/sync'
16:18:55.986 [Forwarding getPageSource on session 55c9a23eba2293eb3c62c9cbc4cb9967 to remote] DEBUG org.asynchttpclient.netty.request.NettyRequestSender - Using open Channel [id: 0xd57b9c8b, L:/127.0.0.1:15060 - R:localhost/127.0.0.1:3383] for POST '/session/55c9a23eba2293eb3c62c9cbc4cb9967/execute/sync'
16:18:56.407 [AsyncHttpClient-1-3] DEBUG org.asynchttpclient.netty.handler.HttpHandler - 

Request DefaultHttpRequest(decodeResult: success, version: HTTP/1.1)
POST /session/55c9a23eba2293eb3c62c9cbc4cb9967/execute/sync HTTP/1.1
User-Agent: selenium/4.8.1 (java windows)
Content-Length: 176
Content-Type: application/json; charset=utf-8
host: localhost:3383
accept: */*

Response DefaultHttpResponse(decodeResult: success, version: HTTP/1.1)
HTTP/1.1 200 OK
Content-Length: 6025
Content-Type: application/json; charset=utf-8
cache-control: no-cache

16:18:56.407 [AsyncHttpClient-1-3] DEBUG org.asynchttpclient.netty.channel.ChannelManager - Adding key: http://localhost:3383 for channel [id: 0xd57b9c8b, L:/127.0.0.1:15060 - R:localhost/127.0.0.1:3383]
16:18:56.412 [Forwarding getCurrentUrl on session 55c9a23eba2293eb3c62c9cbc4cb9967 to remote] DEBUG org.asynchttpclient.netty.request.NettyRequestSender - Using pooled Channel '[id: 0xd57b9c8b, L:/127.0.0.1:15060 - R:localhost/127.0.0.1:3383]' for 'GET' to 'http://localhost:3383/session/55c9a23eba2293eb3c62c9cbc4cb9967/url'
16:18:56.412 [Forwarding getCurrentUrl on session 55c9a23eba2293eb3c62c9cbc4cb9967 to remote] DEBUG org.asynchttpclient.netty.request.NettyRequestSender - Using open Channel [id: 0xd57b9c8b, L:/127.0.0.1:15060 - R:localhost/127.0.0.1:3383] for GET '/session/55c9a23eba2293eb3c62c9cbc4cb9967/url'
16:18:56.418 [AsyncHttpClient-1-3] DEBUG org.asynchttpclient.netty.handler.HttpHandler - 

Request DefaultFullHttpRequest(decodeResult: success, version: HTTP/1.1, content: EmptyByteBufBE)
GET /session/55c9a23eba2293eb3c62c9cbc4cb9967/url HTTP/1.1
User-Agent: selenium/4.8.1 (java windows)
Cache-Control: no-cache
Content-Type: application/json; charset=utf-8
host: localhost:3383
accept: */*

Response DefaultHttpResponse(decodeResult: success, version: HTTP/1.1)
HTTP/1.1 200 OK
Content-Length: 64
Content-Type: application/json; charset=utf-8
cache-control: no-cache

16:18:56.418 [AsyncHttpClient-1-3] DEBUG org.asynchttpclient.netty.channel.ChannelManager - Adding key: http://localhost:3383 for channel [id: 0xd57b9c8b, L:/127.0.0.1:15060 - R:localhost/127.0.0.1:3383]
16:18:56.441 [main] DEBUG net.thucydides.core.steps.StepInterceptor - STARTING STEP: StockCasoutSteps.inputttPassworddd - inputttPassworddd
16:18:56.451 [Forwarding findElement on session 55c9a23eba2293eb3c62c9cbc4cb9967 to remote] DEBUG org.asynchttpclient.netty.request.NettyRequestSender - Using pooled Channel '[id: 0xd57b9c8b, L:/127.0.0.1:15060 - R:localhost/127.0.0.1:3383]' for 'POST' to 'http://localhost:3383/session/55c9a23eba2293eb3c62c9cbc4cb9967/element'
16:18:56.451 [Forwarding findElement on session 55c9a23eba2293eb3c62c9cbc4cb9967 to remote] DEBUG org.asynchttpclient.netty.request.NettyRequestSender - Using open Channel [id: 0xd57b9c8b, L:/127.0.0.1:15060 - R:localhost/127.0.0.1:3383] for POST '/session/55c9a23eba2293eb3c62c9cbc4cb9967/element'
16:18:56.467 [AsyncHttpClient-1-3] DEBUG org.asynchttpclient.netty.handler.HttpHandler - 

Request DefaultHttpRequest(decodeResult: success, version: HTTP/1.1)
POST /session/55c9a23eba2293eb3c62c9cbc4cb9967/element HTTP/1.1
User-Agent: selenium/4.8.1 (java windows)
Content-Length: 70
Content-Type: application/json; charset=utf-8
host: localhost:3383
accept: */*

Response DefaultHttpResponse(decodeResult: success, version: HTTP/1.1)
HTTP/1.1 200 OK
Content-Length: 95
Content-Type: application/json; charset=utf-8
cache-control: no-cache

16:18:56.467 [AsyncHttpClient-1-3] DEBUG org.asynchttpclient.netty.channel.ChannelManager - Adding key: http://localhost:3383 for channel [id: 0xd57b9c8b, L:/127.0.0.1:15060 - R:localhost/127.0.0.1:3383]
16:18:56.468 [Forwarding clearElement on session 55c9a23eba2293eb3c62c9cbc4cb9967 to remote] DEBUG org.asynchttpclient.netty.request.NettyRequestSender - Using pooled Channel '[id: 0xd57b9c8b, L:/127.0.0.1:15060 - R:localhost/127.0.0.1:3383]' for 'POST' to 'http://localhost:3383/session/55c9a23eba2293eb3c62c9cbc4cb9967/element/D3550DB7A964A37A77F8B6E525148F3E_element_12/clear'
16:18:56.469 [Forwarding clearElement on session 55c9a23eba2293eb3c62c9cbc4cb9967 to remote] DEBUG org.asynchttpclient.netty.request.NettyRequestSender - Using open Channel [id: 0xd57b9c8b, L:/127.0.0.1:15060 - R:localhost/127.0.0.1:3383] for POST '/session/55c9a23eba2293eb3c62c9cbc4cb9967/element/D3550DB7A964A37A77F8B6E525148F3E_element_12/clear'
16:18:56.493 [AsyncHttpClient-1-3] DEBUG org.asynchttpclient.netty.handler.HttpHandler - 

Request DefaultHttpRequest(decodeResult: success, version: HTTP/1.1)
POST /session/55c9a23eba2293eb3c62c9cbc4cb9967/element/D3550DB7A964A37A77F8B6E525148F3E_element_12/clear HTTP/1.1
User-Agent: selenium/4.8.1 (java windows)
Content-Length: 57
Content-Type: application/json; charset=utf-8
host: localhost:3383
accept: */*

Response DefaultHttpResponse(decodeResult: success, version: HTTP/1.1)
HTTP/1.1 200 OK
Content-Length: 14
Content-Type: application/json; charset=utf-8
cache-control: no-cache

16:18:56.493 [AsyncHttpClient-1-3] DEBUG org.asynchttpclient.netty.channel.ChannelManager - Adding key: http://localhost:3383 for channel [id: 0xd57b9c8b, L:/127.0.0.1:15060 - R:localhost/127.0.0.1:3383]
16:18:56.495 [Forwarding sendKeysToElement on session 55c9a23eba2293eb3c62c9cbc4cb9967 to remote] DEBUG org.asynchttpclient.netty.request.NettyRequestSender - Using pooled Channel '[id: 0xd57b9c8b, L:/127.0.0.1:15060 - R:localhost/127.0.0.1:3383]' for 'POST' to 'http://localhost:3383/session/55c9a23eba2293eb3c62c9cbc4cb9967/element/D3550DB7A964A37A77F8B6E525148F3E_element_12/value'
16:18:56.495 [Forwarding sendKeysToElement on session 55c9a23eba2293eb3c62c9cbc4cb9967 to remote] DEBUG org.asynchttpclient.netty.request.NettyRequestSender - Using open Channel [id: 0xd57b9c8b, L:/127.0.0.1:15060 - R:localhost/127.0.0.1:3383] for POST '/session/55c9a23eba2293eb3c62c9cbc4cb9967/element/D3550DB7A964A37A77F8B6E525148F3E_element_12/value'
16:18:56.774 [AsyncHttpClient-1-3] DEBUG org.asynchttpclient.netty.handler.HttpHandler - 

Request DefaultHttpRequest(decodeResult: success, version: HTTP/1.1)
POST /session/55c9a23eba2293eb3c62c9cbc4cb9967/element/D3550DB7A964A37A77F8B6E525148F3E_element_12/value HTTP/1.1
User-Agent: selenium/4.8.1 (java windows)
Content-Length: 198
Content-Type: application/json; charset=utf-8
host: localhost:3383
accept: */*

Response DefaultHttpResponse(decodeResult: success, version: HTTP/1.1)
HTTP/1.1 200 OK
Content-Length: 14
Content-Type: application/json; charset=utf-8
cache-control: no-cache

16:18:56.774 [AsyncHttpClient-1-3] DEBUG org.asynchttpclient.netty.channel.ChannelManager - Adding key: http://localhost:3383 for channel [id: 0xd57b9c8b, L:/127.0.0.1:15060 - R:localhost/127.0.0.1:3383]
16:18:56.813 [Forwarding getAlertText on session 55c9a23eba2293eb3c62c9cbc4cb9967 to remote] DEBUG org.asynchttpclient.netty.request.NettyRequestSender - Using pooled Channel '[id: 0xd57b9c8b, L:/127.0.0.1:15060 - R:localhost/127.0.0.1:3383]' for 'GET' to 'http://localhost:3383/session/55c9a23eba2293eb3c62c9cbc4cb9967/alert/text'
16:18:56.813 [Forwarding getAlertText on session 55c9a23eba2293eb3c62c9cbc4cb9967 to remote] DEBUG org.asynchttpclient.netty.request.NettyRequestSender - Using open Channel [id: 0xd57b9c8b, L:/127.0.0.1:15060 - R:localhost/127.0.0.1:3383] for GET '/session/55c9a23eba2293eb3c62c9cbc4cb9967/alert/text'
16:18:56.817 [AsyncHttpClient-1-3] DEBUG org.asynchttpclient.netty.handler.HttpHandler - 

Request DefaultFullHttpRequest(decodeResult: success, version: HTTP/1.1, content: EmptyByteBufBE)
GET /session/55c9a23eba2293eb3c62c9cbc4cb9967/alert/text HTTP/1.1
User-Agent: selenium/4.8.1 (java windows)
Cache-Control: no-cache
Content-Type: application/json; charset=utf-8
host: localhost:3383
accept: */*

Response DefaultHttpResponse(decodeResult: success, version: HTTP/1.1)
HTTP/1.1 404 Not Found
Content-Length: 807
Content-Type: application/json; charset=utf-8
cache-control: no-cache

16:18:56.818 [AsyncHttpClient-1-3] DEBUG org.asynchttpclient.netty.channel.ChannelManager - Adding key: http://localhost:3383 for channel [id: 0xd57b9c8b, L:/127.0.0.1:15060 - R:localhost/127.0.0.1:3383]
16:18:56.820 [Forwarding getCurrentUrl on session 55c9a23eba2293eb3c62c9cbc4cb9967 to remote] DEBUG org.asynchttpclient.netty.request.NettyRequestSender - Using pooled Channel '[id: 0xd57b9c8b, L:/127.0.0.1:15060 - R:localhost/127.0.0.1:3383]' for 'GET' to 'http://localhost:3383/session/55c9a23eba2293eb3c62c9cbc4cb9967/url'
16:18:56.821 [Forwarding getCurrentUrl on session 55c9a23eba2293eb3c62c9cbc4cb9967 to remote] DEBUG org.asynchttpclient.netty.request.NettyRequestSender - Using open Channel [id: 0xd57b9c8b, L:/127.0.0.1:15060 - R:localhost/127.0.0.1:3383] for GET '/session/55c9a23eba2293eb3c62c9cbc4cb9967/url'
16:18:56.828 [AsyncHttpClient-1-3] DEBUG org.asynchttpclient.netty.handler.HttpHandler - 

Request DefaultFullHttpRequest(decodeResult: success, version: HTTP/1.1, content: EmptyByteBufBE)
GET /session/55c9a23eba2293eb3c62c9cbc4cb9967/url HTTP/1.1
User-Agent: selenium/4.8.1 (java windows)
Cache-Control: no-cache
Content-Type: application/json; charset=utf-8
host: localhost:3383
accept: */*

Response DefaultHttpResponse(decodeResult: success, version: HTTP/1.1)
HTTP/1.1 200 OK
Content-Length: 64
Content-Type: application/json; charset=utf-8
cache-control: no-cache

16:18:56.828 [AsyncHttpClient-1-3] DEBUG org.asynchttpclient.netty.channel.ChannelManager - Adding key: http://localhost:3383 for channel [id: 0xd57b9c8b, L:/127.0.0.1:15060 - R:localhost/127.0.0.1:3383]
16:18:56.829 [Forwarding screenshot on session 55c9a23eba2293eb3c62c9cbc4cb9967 to remote] DEBUG org.asynchttpclient.netty.request.NettyRequestSender - Using pooled Channel '[id: 0xd57b9c8b, L:/127.0.0.1:15060 - R:localhost/127.0.0.1:3383]' for 'GET' to 'http://localhost:3383/session/55c9a23eba2293eb3c62c9cbc4cb9967/screenshot'
16:18:56.830 [Forwarding screenshot on session 55c9a23eba2293eb3c62c9cbc4cb9967 to remote] DEBUG org.asynchttpclient.netty.request.NettyRequestSender - Using open Channel [id: 0xd57b9c8b, L:/127.0.0.1:15060 - R:localhost/127.0.0.1:3383] for GET '/session/55c9a23eba2293eb3c62c9cbc4cb9967/screenshot'
16:18:56.936 [AsyncHttpClient-1-3] DEBUG org.asynchttpclient.netty.handler.HttpHandler - 

Request DefaultFullHttpRequest(decodeResult: success, version: HTTP/1.1, content: EmptyByteBufBE)
GET /session/55c9a23eba2293eb3c62c9cbc4cb9967/screenshot HTTP/1.1
User-Agent: selenium/4.8.1 (java windows)
Cache-Control: no-cache
Content-Type: application/json; charset=utf-8
host: localhost:3383
accept: */*

Response DefaultHttpResponse(decodeResult: success, version: HTTP/1.1)
HTTP/1.1 200 OK
Content-Length: 124768
Content-Type: application/json; charset=utf-8
cache-control: no-cache

16:18:56.937 [AsyncHttpClient-1-3] DEBUG org.asynchttpclient.netty.channel.ChannelManager - Adding key: http://localhost:3383 for channel [id: 0xd57b9c8b, L:/127.0.0.1:15060 - R:localhost/127.0.0.1:3383]
16:18:56.942 [main] DEBUG net.serenitybdd.core.photography.Darkroom - Send negative for processing for target\site\serenity\a482bc7bd961aca5e94723349c45a43c2640dfe964600ce63e970df6c5797a73.png
16:18:56.943 [AsyncHttpClient-1-1] DEBUG org.asynchttpclient.netty.channel.DefaultChannelPool - Entry count for : http://localhost:3383 : 1
16:18:56.943 [main] DEBUG net.thucydides.core.steps.StepInterceptor - STEP DONE: inputttPassworddd
16:18:56.943 [AsyncHttpClient-1-1] DEBUG org.asynchttpclient.netty.channel.DefaultChannelPool - Entry count for : http://localhost:15061 : 1
  &amp#27;[32mAnd &amp#27;[0m&amp#27;[32mI inputtt passwordddd&amp#27;[0m                                     &amp#27;[90m# Starter.Stepdefitions.StockCasoutSteps.inputttPassworddd()&amp#27;[0m
16:18:56.953 [Forwarding getPageSource on session 55c9a23eba2293eb3c62c9cbc4cb9967 to remote] DEBUG org.asynchttpclient.netty.request.NettyRequestSender - Using pooled Channel '[id: 0xd57b9c8b, L:/127.0.0.1:15060 - R:localhost/127.0.0.1:3383]' for 'POST' to 'http://localhost:3383/session/55c9a23eba2293eb3c62c9cbc4cb9967/execute/sync'
16:18:56.953 [Forwarding getPageSource on session 55c9a23eba2293eb3c62c9cbc4cb9967 to remote] DEBUG org.asynchttpclient.netty.request.NettyRequestSender - Using open Channel [id: 0xd57b9c8b, L:/127.0.0.1:15060 - R:localhost/127.0.0.1:3383] for POST '/session/55c9a23eba2293eb3c62c9cbc4cb9967/execute/sync'
16:18:56.957 [AsyncHttpClient-1-3] DEBUG org.asynchttpclient.netty.handler.HttpHandler - 

Request DefaultHttpRequest(decodeResult: success, version: HTTP/1.1)
POST /session/55c9a23eba2293eb3c62c9cbc4cb9967/execute/sync HTTP/1.1
User-Agent: selenium/4.8.1 (java windows)
Content-Length: 176
Content-Type: application/json; charset=utf-8
host: localhost:3383
accept: */*

Response DefaultHttpResponse(decodeResult: success, version: HTTP/1.1)
HTTP/1.1 200 OK
Content-Length: 6036
Content-Type: application/json; charset=utf-8
cache-control: no-cache

16:18:56.957 [AsyncHttpClient-1-3] DEBUG org.asynchttpclient.netty.channel.ChannelManager - Adding key: http://localhost:3383 for channel [id: 0xd57b9c8b, L:/127.0.0.1:15060 - R:localhost/127.0.0.1:3383]
16:18:56.959 [Forwarding getCurrentUrl on session 55c9a23eba2293eb3c62c9cbc4cb9967 to remote] DEBUG org.asynchttpclient.netty.request.NettyRequestSender - Using pooled Channel '[id: 0xd57b9c8b, L:/127.0.0.1:15060 - R:localhost/127.0.0.1:3383]' for 'GET' to 'http://localhost:3383/session/55c9a23eba2293eb3c62c9cbc4cb9967/url'
16:18:56.959 [Forwarding getCurrentUrl on session 55c9a23eba2293eb3c62c9cbc4cb9967 to remote] DEBUG org.asynchttpclient.netty.request.NettyRequestSender - Using open Channel [id: 0xd57b9c8b, L:/127.0.0.1:15060 - R:localhost/127.0.0.1:3383] for GET '/session/55c9a23eba2293eb3c62c9cbc4cb9967/url'
16:18:56.963 [AsyncHttpClient-1-3] DEBUG org.asynchttpclient.netty.handler.HttpHandler - 

Request DefaultFullHttpRequest(decodeResult: success, version: HTTP/1.1, content: EmptyByteBufBE)
GET /session/55c9a23eba2293eb3c62c9cbc4cb9967/url HTTP/1.1
User-Agent: selenium/4.8.1 (java windows)
Cache-Control: no-cache
Content-Type: application/json; charset=utf-8
host: localhost:3383
accept: */*

Response DefaultHttpResponse(decodeResult: success, version: HTTP/1.1)
HTTP/1.1 200 OK
Content-Length: 64
Content-Type: application/json; charset=utf-8
cache-control: no-cache

16:18:56.963 [AsyncHttpClient-1-3] DEBUG org.asynchttpclient.netty.channel.ChannelManager - Adding key: http://localhost:3383 for channel [id: 0xd57b9c8b, L:/127.0.0.1:15060 - R:localhost/127.0.0.1:3383]
16:18:56.972 [Forwarding getPageSource on session 55c9a23eba2293eb3c62c9cbc4cb9967 to remote] DEBUG org.asynchttpclient.netty.request.NettyRequestSender - Using pooled Channel '[id: 0xd57b9c8b, L:/127.0.0.1:15060 - R:localhost/127.0.0.1:3383]' for 'POST' to 'http://localhost:3383/session/55c9a23eba2293eb3c62c9cbc4cb9967/execute/sync'
16:18:56.972 [Forwarding getPageSource on session 55c9a23eba2293eb3c62c9cbc4cb9967 to remote] DEBUG org.asynchttpclient.netty.request.NettyRequestSender - Using open Channel [id: 0xd57b9c8b, L:/127.0.0.1:15060 - R:localhost/127.0.0.1:3383] for POST '/session/55c9a23eba2293eb3c62c9cbc4cb9967/execute/sync'
16:18:56.976 [AsyncHttpClient-1-3] DEBUG org.asynchttpclient.netty.handler.HttpHandler - 

Request DefaultHttpRequest(decodeResult: success, version: HTTP/1.1)
POST /session/55c9a23eba2293eb3c62c9cbc4cb9967/execute/sync HTTP/1.1
User-Agent: selenium/4.8.1 (java windows)
Content-Length: 176
Content-Type: application/json; charset=utf-8
host: localhost:3383
accept: */*

Response DefaultHttpResponse(decodeResult: success, version: HTTP/1.1)
HTTP/1.1 200 OK
Content-Length: 6036
Content-Type: application/json; charset=utf-8
cache-control: no-cache

16:18:56.976 [AsyncHttpClient-1-3] DEBUG org.asynchttpclient.netty.channel.ChannelManager - Adding key: http://localhost:3383 for channel [id: 0xd57b9c8b, L:/127.0.0.1:15060 - R:localhost/127.0.0.1:3383]
16:18:56.978 [Forwarding getCurrentUrl on session 55c9a23eba2293eb3c62c9cbc4cb9967 to remote] DEBUG org.asynchttpclient.netty.request.NettyRequestSender - Using pooled Channel '[id: 0xd57b9c8b, L:/127.0.0.1:15060 - R:localhost/127.0.0.1:3383]' for 'GET' to 'http://localhost:3383/session/55c9a23eba2293eb3c62c9cbc4cb9967/url'
16:18:56.978 [Forwarding getCurrentUrl on session 55c9a23eba2293eb3c62c9cbc4cb9967 to remote] DEBUG org.asynchttpclient.netty.request.NettyRequestSender - Using open Channel [id: 0xd57b9c8b, L:/127.0.0.1:15060 - R:localhost/127.0.0.1:3383] for GET '/session/55c9a23eba2293eb3c62c9cbc4cb9967/url'
16:18:56.981 [AsyncHttpClient-1-3] DEBUG org.asynchttpclient.netty.handler.HttpHandler - 

Request DefaultFullHttpRequest(decodeResult: success, version: HTTP/1.1, content: EmptyByteBufBE)
GET /session/55c9a23eba2293eb3c62c9cbc4cb9967/url HTTP/1.1
User-Agent: selenium/4.8.1 (java windows)
Cache-Control: no-cache
Content-Type: application/json; charset=utf-8
host: localhost:3383
accept: */*

Response DefaultHttpResponse(decodeResult: success, version: HTTP/1.1)
HTTP/1.1 200 OK
Content-Length: 64
Content-Type: application/json; charset=utf-8
cache-control: no-cache

16:18:56.981 [AsyncHttpClient-1-3] DEBUG org.asynchttpclient.netty.channel.ChannelManager - Adding key: http://localhost:3383 for channel [id: 0xd57b9c8b, L:/127.0.0.1:15060 - R:localhost/127.0.0.1:3383]
16:18:56.983 [main] DEBUG net.thucydides.core.steps.StepInterceptor - STARTING STEP: StockCasoutSteps.clickkkSignInButtonnn - clickkkSignInButtonnn
16:18:56.987 [Forwarding findElement on session 55c9a23eba2293eb3c62c9cbc4cb9967 to remote] DEBUG org.asynchttpclient.netty.request.NettyRequestSender - Using pooled Channel '[id: 0xd57b9c8b, L:/127.0.0.1:15060 - R:localhost/127.0.0.1:3383]' for 'POST' to 'http://localhost:3383/session/55c9a23eba2293eb3c62c9cbc4cb9967/element'
16:18:56.987 [Forwarding findElement on session 55c9a23eba2293eb3c62c9cbc4cb9967 to remote] DEBUG org.asynchttpclient.netty.request.NettyRequestSender - Using open Channel [id: 0xd57b9c8b, L:/127.0.0.1:15060 - R:localhost/127.0.0.1:3383] for POST '/session/55c9a23eba2293eb3c62c9cbc4cb9967/element'
16:18:56.998 [AsyncHttpClient-1-3] DEBUG org.asynchttpclient.netty.handler.HttpHandler - 

Request DefaultHttpRequest(decodeResult: success, version: HTTP/1.1)
POST /session/55c9a23eba2293eb3c62c9cbc4cb9967/element HTTP/1.1
User-Agent: selenium/4.8.1 (java windows)
Content-Length: 69
Content-Type: application/json; charset=utf-8
host: localhost:3383
accept: */*

Response DefaultHttpResponse(decodeResult: success, version: HTTP/1.1)
HTTP/1.1 200 OK
Content-Length: 95
Content-Type: application/json; charset=utf-8
cache-control: no-cache

16:18:56.998 [AsyncHttpClient-1-3] DEBUG org.asynchttpclient.netty.channel.ChannelManager - Adding key: http://localhost:3383 for channel [id: 0xd57b9c8b, L:/127.0.0.1:15060 - R:localhost/127.0.0.1:3383]
16:18:57.000 [Forwarding getElementTagName on session 55c9a23eba2293eb3c62c9cbc4cb9967 to remote] DEBUG org.asynchttpclient.netty.request.NettyRequestSender - Using pooled Channel '[id: 0xd57b9c8b, L:/127.0.0.1:15060 - R:localhost/127.0.0.1:3383]' for 'GET' to 'http://localhost:3383/session/55c9a23eba2293eb3c62c9cbc4cb9967/element/D3550DB7A964A37A77F8B6E525148F3E_element_16/name'
16:18:57.000 [Forwarding getElementTagName on session 55c9a23eba2293eb3c62c9cbc4cb9967 to remote] DEBUG org.asynchttpclient.netty.request.NettyRequestSender - Using open Channel [id: 0xd57b9c8b, L:/127.0.0.1:15060 - R:localhost/127.0.0.1:3383] for GET '/session/55c9a23eba2293eb3c62c9cbc4cb9967/element/D3550DB7A964A37A77F8B6E525148F3E_element_16/name'
16:18:57.005 [AsyncHttpClient-1-3] DEBUG org.asynchttpclient.netty.handler.HttpHandler - 

Request DefaultFullHttpRequest(decodeResult: success, version: HTTP/1.1, content: EmptyByteBufBE)
GET /session/55c9a23eba2293eb3c62c9cbc4cb9967/element/D3550DB7A964A37A77F8B6E525148F3E_element_16/name HTTP/1.1
User-Agent: selenium/4.8.1 (java windows)
Cache-Control: no-cache
Content-Type: application/json; charset=utf-8
host: localhost:3383
accept: */*

Response DefaultHttpResponse(decodeResult: success, version: HTTP/1.1)
HTTP/1.1 200 OK
Content-Length: 18
Content-Type: application/json; charset=utf-8
cache-control: no-cache

16:18:57.005 [AsyncHttpClient-1-3] DEBUG org.asynchttpclient.netty.channel.ChannelManager - Adding key: http://localhost:3383 for channel [id: 0xd57b9c8b, L:/127.0.0.1:15060 - R:localhost/127.0.0.1:3383]
16:18:57.006 [Forwarding getElementTagName on session 55c9a23eba2293eb3c62c9cbc4cb9967 to remote] DEBUG org.asynchttpclient.netty.request.NettyRequestSender - Using pooled Channel '[id: 0xd57b9c8b, L:/127.0.0.1:15060 - R:localhost/127.0.0.1:3383]' for 'GET' to 'http://localhost:3383/session/55c9a23eba2293eb3c62c9cbc4cb9967/element/D3550DB7A964A37A77F8B6E525148F3E_element_16/name'
16:18:57.006 [Forwarding getElementTagName on session 55c9a23eba2293eb3c62c9cbc4cb9967 to remote] DEBUG org.asynchttpclient.netty.request.NettyRequestSender - Using open Channel [id: 0xd57b9c8b, L:/127.0.0.1:15060 - R:localhost/127.0.0.1:3383] for GET '/session/55c9a23eba2293eb3c62c9cbc4cb9967/element/D3550DB7A964A37A77F8B6E525148F3E_element_16/name'
16:18:57.010 [AsyncHttpClient-1-3] DEBUG org.asynchttpclient.netty.handler.HttpHandler - 

Request DefaultFullHttpRequest(decodeResult: success, version: HTTP/1.1, content: EmptyByteBufBE)
GET /session/55c9a23eba2293eb3c62c9cbc4cb9967/element/D3550DB7A964A37A77F8B6E525148F3E_element_16/name HTTP/1.1
User-Agent: selenium/4.8.1 (java windows)
Cache-Control: no-cache
Content-Type: application/json; charset=utf-8
host: localhost:3383
accept: */*

Response DefaultHttpResponse(decodeResult: success, version: HTTP/1.1)
HTTP/1.1 200 OK
Content-Length: 18
Content-Type: application/json; charset=utf-8
cache-control: no-cache

16:18:57.010 [AsyncHttpClient-1-3] DEBUG org.asynchttpclient.netty.channel.ChannelManager - Adding key: http://localhost:3383 for channel [id: 0xd57b9c8b, L:/127.0.0.1:15060 - R:localhost/127.0.0.1:3383]
16:18:57.012 [Forwarding isElementEnabled on session 55c9a23eba2293eb3c62c9cbc4cb9967 to remote] DEBUG org.asynchttpclient.netty.request.NettyRequestSender - Using pooled Channel '[id: 0xd57b9c8b, L:/127.0.0.1:15060 - R:localhost/127.0.0.1:3383]' for 'GET' to 'http://localhost:3383/session/55c9a23eba2293eb3c62c9cbc4cb9967/element/D3550DB7A964A37A77F8B6E525148F3E_element_16/enabled'
16:18:57.012 [Forwarding isElementEnabled on session 55c9a23eba2293eb3c62c9cbc4cb9967 to remote] DEBUG org.asynchttpclient.netty.request.NettyRequestSender - Using open Channel [id: 0xd57b9c8b, L:/127.0.0.1:15060 - R:localhost/127.0.0.1:3383] for GET '/session/55c9a23eba2293eb3c62c9cbc4cb9967/element/D3550DB7A964A37A77F8B6E525148F3E_element_16/enabled'
16:18:57.018 [AsyncHttpClient-1-3] DEBUG org.asynchttpclient.netty.handler.HttpHandler - 

Request DefaultFullHttpRequest(decodeResult: success, version: HTTP/1.1, content: EmptyByteBufBE)
GET /session/55c9a23eba2293eb3c62c9cbc4cb9967/element/D3550DB7A964A37A77F8B6E525148F3E_element_16/enabled HTTP/1.1
User-Agent: selenium/4.8.1 (java windows)
Cache-Control: no-cache
Content-Type: application/json; charset=utf-8
host: localhost:3383
accept: */*

Response DefaultHttpResponse(decodeResult: success, version: HTTP/1.1)
HTTP/1.1 200 OK
Content-Length: 14
Content-Type: application/json; charset=utf-8
cache-control: no-cache

16:18:57.018 [AsyncHttpClient-1-3] DEBUG org.asynchttpclient.netty.channel.ChannelManager - Adding key: http://localhost:3383 for channel [id: 0xd57b9c8b, L:/127.0.0.1:15060 - R:localhost/127.0.0.1:3383]
16:18:57.019 [Forwarding isElementEnabled on session 55c9a23eba2293eb3c62c9cbc4cb9967 to remote] DEBUG org.asynchttpclient.netty.request.NettyRequestSender - Using pooled Channel '[id: 0xd57b9c8b, L:/127.0.0.1:15060 - R:localhost/127.0.0.1:3383]' for 'GET' to 'http://localhost:3383/session/55c9a23eba2293eb3c62c9cbc4cb9967/element/D3550DB7A964A37A77F8B6E525148F3E_element_16/enabled'
16:18:57.020 [Forwarding isElementEnabled on session 55c9a23eba2293eb3c62c9cbc4cb9967 to remote] DEBUG org.asynchttpclient.netty.request.NettyRequestSender - Using open Channel [id: 0xd57b9c8b, L:/127.0.0.1:15060 - R:localhost/127.0.0.1:3383] for GET '/session/55c9a23eba2293eb3c62c9cbc4cb9967/element/D3550DB7A964A37A77F8B6E525148F3E_element_16/enabled'
16:18:57.025 [AsyncHttpClient-1-3] DEBUG org.asynchttpclient.netty.handler.HttpHandler - 

Request DefaultFullHttpRequest(decodeResult: success, version: HTTP/1.1, content: EmptyByteBufBE)
GET /session/55c9a23eba2293eb3c62c9cbc4cb9967/element/D3550DB7A964A37A77F8B6E525148F3E_element_16/enabled HTTP/1.1
User-Agent: selenium/4.8.1 (java windows)
Cache-Control: no-cache
Content-Type: application/json; charset=utf-8
host: localhost:3383
accept: */*

Response DefaultHttpResponse(decodeResult: success, version: HTTP/1.1)
HTTP/1.1 200 OK
Content-Length: 14
Content-Type: application/json; charset=utf-8
cache-control: no-cache

16:18:57.025 [AsyncHttpClient-1-3] DEBUG org.asynchttpclient.netty.channel.ChannelManager - Adding key: http://localhost:3383 for channel [id: 0xd57b9c8b, L:/127.0.0.1:15060 - R:localhost/127.0.0.1:3383]
16:18:57.027 [Forwarding findElement on session 55c9a23eba2293eb3c62c9cbc4cb9967 to remote] DEBUG org.asynchttpclient.netty.request.NettyRequestSender - Using pooled Channel '[id: 0xd57b9c8b, L:/127.0.0.1:15060 - R:localhost/127.0.0.1:3383]' for 'POST' to 'http://localhost:3383/session/55c9a23eba2293eb3c62c9cbc4cb9967/element'
16:18:57.027 [Forwarding findElement on session 55c9a23eba2293eb3c62c9cbc4cb9967 to remote] DEBUG org.asynchttpclient.netty.request.NettyRequestSender - Using open Channel [id: 0xd57b9c8b, L:/127.0.0.1:15060 - R:localhost/127.0.0.1:3383] for POST '/session/55c9a23eba2293eb3c62c9cbc4cb9967/element'
16:18:57.034 [AsyncHttpClient-1-3] DEBUG org.asynchttpclient.netty.handler.HttpHandler - 

Request DefaultHttpRequest(decodeResult: success, version: HTTP/1.1)
POST /session/55c9a23eba2293eb3c62c9cbc4cb9967/element HTTP/1.1
User-Agent: selenium/4.8.1 (java windows)
Content-Length: 69
Content-Type: application/json; charset=utf-8
host: localhost:3383
accept: */*

Response DefaultHttpResponse(decodeResult: success, version: HTTP/1.1)
HTTP/1.1 200 OK
Content-Length: 95
Content-Type: application/json; charset=utf-8
cache-control: no-cache

16:18:57.035 [AsyncHttpClient-1-3] DEBUG org.asynchttpclient.netty.channel.ChannelManager - Adding key: http://localhost:3383 for channel [id: 0xd57b9c8b, L:/127.0.0.1:15060 - R:localhost/127.0.0.1:3383]
16:18:57.036 [Forwarding clickElement on session 55c9a23eba2293eb3c62c9cbc4cb9967 to remote] DEBUG org.asynchttpclient.netty.request.NettyRequestSender - Using pooled Channel '[id: 0xd57b9c8b, L:/127.0.0.1:15060 - R:localhost/127.0.0.1:3383]' for 'POST' to 'http://localhost:3383/session/55c9a23eba2293eb3c62c9cbc4cb9967/element/D3550DB7A964A37A77F8B6E525148F3E_element_16/click'
16:18:57.036 [Forwarding clickElement on session 55c9a23eba2293eb3c62c9cbc4cb9967 to remote] DEBUG org.asynchttpclient.netty.request.NettyRequestSender - Using open Channel [id: 0xd57b9c8b, L:/127.0.0.1:15060 - R:localhost/127.0.0.1:3383] for POST '/session/55c9a23eba2293eb3c62c9cbc4cb9967/element/D3550DB7A964A37A77F8B6E525148F3E_element_16/click'
16:18:58.043 [AsyncHttpClient-1-1] DEBUG org.asynchttpclient.netty.channel.DefaultChannelPool - Entry count for : http://localhost:15061 : 1
16:18:58.393 [AsyncHttpClient-1-3] DEBUG org.asynchttpclient.netty.handler.HttpHandler - 

Request DefaultHttpRequest(decodeResult: success, version: HTTP/1.1)
POST /session/55c9a23eba2293eb3c62c9cbc4cb9967/element/D3550DB7A964A37A77F8B6E525148F3E_element_16/click HTTP/1.1
User-Agent: selenium/4.8.1 (java windows)
Content-Length: 57
Content-Type: application/json; charset=utf-8
host: localhost:3383
accept: */*

Response DefaultHttpResponse(decodeResult: success, version: HTTP/1.1)
HTTP/1.1 200 OK
Content-Length: 14
Content-Type: application/json; charset=utf-8
cache-control: no-cache

16:18:58.393 [AsyncHttpClient-1-3] DEBUG org.asynchttpclient.netty.channel.ChannelManager - Adding key: http://localhost:3383 for channel [id: 0xd57b9c8b, L:/127.0.0.1:15060 - R:localhost/127.0.0.1:3383]
16:18:58.404 [Forwarding getAlertText on session 55c9a23eba2293eb3c62c9cbc4cb9967 to remote] DEBUG org.asynchttpclient.netty.request.NettyRequestSender - Using pooled Channel '[id: 0xd57b9c8b, L:/127.0.0.1:15060 - R:localhost/127.0.0.1:3383]' for 'GET' to 'http://localhost:3383/session/55c9a23eba2293eb3c62c9cbc4cb9967/alert/text'
16:18:58.404 [Forwarding getAlertText on session 55c9a23eba2293eb3c62c9cbc4cb9967 to remote] DEBUG org.asynchttpclient.netty.request.NettyRequestSender - Using open Channel [id: 0xd57b9c8b, L:/127.0.0.1:15060 - R:localhost/127.0.0.1:3383] for GET '/session/55c9a23eba2293eb3c62c9cbc4cb9967/alert/text'
16:18:58.406 [AsyncHttpClient-1-3] DEBUG org.asynchttpclient.netty.handler.HttpHandler - 

Request DefaultFullHttpRequest(decodeResult: success, version: HTTP/1.1, content: EmptyByteBufBE)
GET /session/55c9a23eba2293eb3c62c9cbc4cb9967/alert/text HTTP/1.1
User-Agent: selenium/4.8.1 (java windows)
Cache-Control: no-cache
Content-Type: application/json; charset=utf-8
host: localhost:3383
accept: */*

Response DefaultHttpResponse(decodeResult: success, version: HTTP/1.1)
HTTP/1.1 404 Not Found
Content-Length: 807
Content-Type: application/json; charset=utf-8
cache-control: no-cache

16:18:58.406 [AsyncHttpClient-1-3] DEBUG org.asynchttpclient.netty.channel.ChannelManager - Adding key: http://localhost:3383 for channel [id: 0xd57b9c8b, L:/127.0.0.1:15060 - R:localhost/127.0.0.1:3383]
16:18:58.407 [Forwarding getCurrentUrl on session 55c9a23eba2293eb3c62c9cbc4cb9967 to remote] DEBUG org.asynchttpclient.netty.request.NettyRequestSender - Using pooled Channel '[id: 0xd57b9c8b, L:/127.0.0.1:15060 - R:localhost/127.0.0.1:3383]' for 'GET' to 'http://localhost:3383/session/55c9a23eba2293eb3c62c9cbc4cb9967/url'
16:18:58.408 [Forwarding getCurrentUrl on session 55c9a23eba2293eb3c62c9cbc4cb9967 to remote] DEBUG org.asynchttpclient.netty.request.NettyRequestSender - Using open Channel [id: 0xd57b9c8b, L:/127.0.0.1:15060 - R:localhost/127.0.0.1:3383] for GET '/session/55c9a23eba2293eb3c62c9cbc4cb9967/url'
16:18:58.412 [AsyncHttpClient-1-3] DEBUG org.asynchttpclient.netty.handler.HttpHandler - 

Request DefaultFullHttpRequest(decodeResult: success, version: HTTP/1.1, content: EmptyByteBufBE)
GET /session/55c9a23eba2293eb3c62c9cbc4cb9967/url HTTP/1.1
User-Agent: selenium/4.8.1 (java windows)
Cache-Control: no-cache
Content-Type: application/json; charset=utf-8
host: localhost:3383
accept: */*

Response DefaultHttpResponse(decodeResult: success, version: HTTP/1.1)
HTTP/1.1 200 OK
Content-Length: 64
Content-Type: application/json; charset=utf-8
cache-control: no-cache

16:18:58.413 [AsyncHttpClient-1-3] DEBUG org.asynchttpclient.netty.channel.ChannelManager - Adding key: http://localhost:3383 for channel [id: 0xd57b9c8b, L:/127.0.0.1:15060 - R:localhost/127.0.0.1:3383]
16:18:58.414 [Forwarding screenshot on session 55c9a23eba2293eb3c62c9cbc4cb9967 to remote] DEBUG org.asynchttpclient.netty.request.NettyRequestSender - Using pooled Channel '[id: 0xd57b9c8b, L:/127.0.0.1:15060 - R:localhost/127.0.0.1:3383]' for 'GET' to 'http://localhost:3383/session/55c9a23eba2293eb3c62c9cbc4cb9967/screenshot'
16:18:58.414 [Forwarding screenshot on session 55c9a23eba2293eb3c62c9cbc4cb9967 to remote] DEBUG org.asynchttpclient.netty.request.NettyRequestSender - Using open Channel [id: 0xd57b9c8b, L:/127.0.0.1:15060 - R:localhost/127.0.0.1:3383] for GET '/session/55c9a23eba2293eb3c62c9cbc4cb9967/screenshot'
16:18:58.517 [AsyncHttpClient-1-3] DEBUG org.asynchttpclient.netty.handler.HttpHandler - 

Request DefaultFullHttpRequest(decodeResult: success, version: HTTP/1.1, content: EmptyByteBufBE)
GET /session/55c9a23eba2293eb3c62c9cbc4cb9967/screenshot HTTP/1.1
User-Agent: selenium/4.8.1 (java windows)
Cache-Control: no-cache
Content-Type: application/json; charset=utf-8
host: localhost:3383
accept: */*

Response DefaultHttpResponse(decodeResult: success, version: HTTP/1.1)
HTTP/1.1 200 OK
Content-Length: 124468
Content-Type: application/json; charset=utf-8
cache-control: no-cache

16:18:58.518 [AsyncHttpClient-1-3] DEBUG org.asynchttpclient.netty.channel.ChannelManager - Adding key: http://localhost:3383 for channel [id: 0xd57b9c8b, L:/127.0.0.1:15060 - R:localhost/127.0.0.1:3383]
16:18:58.526 [main] DEBUG net.serenitybdd.core.photography.Darkroom - Send negative for processing for target\site\serenity\be0d26d0770e372f4b56fd17a8dd591b44e99d42b11b87380a4f81488627665e.png
16:18:58.527 [main] DEBUG net.thucydides.core.steps.StepInterceptor - STEP DONE: clickkkSignInButtonnn
  &amp#27;[32mAnd &amp#27;[0m&amp#27;[32mI clickk signn innn&amp#27;[0m                                       &amp#27;[90m# Starter.Stepdefitions.StockCasoutSteps.clickkkSignInButtonnn()&amp#27;[0m
16:18:58.545 [Forwarding getPageSource on session 55c9a23eba2293eb3c62c9cbc4cb9967 to remote] DEBUG org.asynchttpclient.netty.request.NettyRequestSender - Using pooled Channel '[id: 0xd57b9c8b, L:/127.0.0.1:15060 - R:localhost/127.0.0.1:3383]' for 'POST' to 'http://localhost:3383/session/55c9a23eba2293eb3c62c9cbc4cb9967/execute/sync'
16:18:58.545 [Forwarding getPageSource on session 55c9a23eba2293eb3c62c9cbc4cb9967 to remote] DEBUG org.asynchttpclient.netty.request.NettyRequestSender - Using open Channel [id: 0xd57b9c8b, L:/127.0.0.1:15060 - R:localhost/127.0.0.1:3383] for POST '/session/55c9a23eba2293eb3c62c9cbc4cb9967/execute/sync'
16:18:58.553 [AsyncHttpClient-1-3] DEBUG org.asynchttpclient.netty.handler.HttpHandler - 

Request DefaultHttpRequest(decodeResult: success, version: HTTP/1.1)
POST /session/55c9a23eba2293eb3c62c9cbc4cb9967/execute/sync HTTP/1.1
User-Agent: selenium/4.8.1 (java windows)
Content-Length: 176
Content-Type: application/json; charset=utf-8
host: localhost:3383
accept: */*

Response DefaultHttpResponse(decodeResult: success, version: HTTP/1.1)
HTTP/1.1 200 OK
Content-Length: 6020
Content-Type: application/json; charset=utf-8
cache-control: no-cache

16:18:58.553 [AsyncHttpClient-1-3] DEBUG org.asynchttpclient.netty.channel.ChannelManager - Adding key: http://localhost:3383 for channel [id: 0xd57b9c8b, L:/127.0.0.1:15060 - R:localhost/127.0.0.1:3383]
16:18:58.558 [Forwarding getCurrentUrl on session 55c9a23eba2293eb3c62c9cbc4cb9967 to remote] DEBUG org.asynchttpclient.netty.request.NettyRequestSender - Using pooled Channel '[id: 0xd57b9c8b, L:/127.0.0.1:15060 - R:localhost/127.0.0.1:3383]' for 'GET' to 'http://localhost:3383/session/55c9a23eba2293eb3c62c9cbc4cb9967/url'
16:18:58.559 [Forwarding getCurrentUrl on session 55c9a23eba2293eb3c62c9cbc4cb9967 to remote] DEBUG org.asynchttpclient.netty.request.NettyRequestSender - Using open Channel [id: 0xd57b9c8b, L:/127.0.0.1:15060 - R:localhost/127.0.0.1:3383] for GET '/session/55c9a23eba2293eb3c62c9cbc4cb9967/url'
16:18:58.564 [AsyncHttpClient-1-3] DEBUG org.asynchttpclient.netty.handler.HttpHandler - 

Request DefaultFullHttpRequest(decodeResult: success, version: HTTP/1.1, content: EmptyByteBufBE)
GET /session/55c9a23eba2293eb3c62c9cbc4cb9967/url HTTP/1.1
User-Agent: selenium/4.8.1 (java windows)
Cache-Control: no-cache
Content-Type: application/json; charset=utf-8
host: localhost:3383
accept: */*

Response DefaultHttpResponse(decodeResult: success, version: HTTP/1.1)
HTTP/1.1 200 OK
Content-Length: 64
Content-Type: application/json; charset=utf-8
cache-control: no-cache

16:18:58.564 [AsyncHttpClient-1-3] DEBUG org.asynchttpclient.netty.channel.ChannelManager - Adding key: http://localhost:3383 for channel [id: 0xd57b9c8b, L:/127.0.0.1:15060 - R:localhost/127.0.0.1:3383]
16:18:58.731 [Forwarding getAlertText on session 55c9a23eba2293eb3c62c9cbc4cb9967 to remote] DEBUG org.asynchttpclient.netty.request.NettyRequestSender - Using pooled Channel '[id: 0xd57b9c8b, L:/127.0.0.1:15060 - R:localhost/127.0.0.1:3383]' for 'GET' to 'http://localhost:3383/session/55c9a23eba2293eb3c62c9cbc4cb9967/alert/text'
16:18:58.731 [Forwarding getAlertText on session 55c9a23eba2293eb3c62c9cbc4cb9967 to remote] DEBUG org.asynchttpclient.netty.request.NettyRequestSender - Using open Channel [id: 0xd57b9c8b, L:/127.0.0.1:15060 - R:localhost/127.0.0.1:3383] for GET '/session/55c9a23eba2293eb3c62c9cbc4cb9967/alert/text'
16:18:58.733 [AsyncHttpClient-1-3] DEBUG org.asynchttpclient.netty.handler.HttpHandler - 

Request DefaultFullHttpRequest(decodeResult: success, version: HTTP/1.1, content: EmptyByteBufBE)
GET /session/55c9a23eba2293eb3c62c9cbc4cb9967/alert/text HTTP/1.1
User-Agent: selenium/4.8.1 (java windows)
Cache-Control: no-cache
Content-Type: application/json; charset=utf-8
host: localhost:3383
accept: */*

Response DefaultHttpResponse(decodeResult: success, version: HTTP/1.1)
HTTP/1.1 404 Not Found
Content-Length: 807
Content-Type: application/json; charset=utf-8
cache-control: no-cache

16:18:58.733 [AsyncHttpClient-1-3] DEBUG org.asynchttpclient.netty.channel.ChannelManager - Adding key: http://localhost:3383 for channel [id: 0xd57b9c8b, L:/127.0.0.1:15060 - R:localhost/127.0.0.1:3383]
16:18:58.734 [Forwarding getCurrentUrl on session 55c9a23eba2293eb3c62c9cbc4cb9967 to remote] DEBUG org.asynchttpclient.netty.request.NettyRequestSender - Using pooled Channel '[id: 0xd57b9c8b, L:/127.0.0.1:15060 - R:localhost/127.0.0.1:3383]' for 'GET' to 'http://localhost:3383/session/55c9a23eba2293eb3c62c9cbc4cb9967/url'
16:18:58.734 [Forwarding getCurrentUrl on session 55c9a23eba2293eb3c62c9cbc4cb9967 to remote] DEBUG org.asynchttpclient.netty.request.NettyRequestSender - Using open Channel [id: 0xd57b9c8b, L:/127.0.0.1:15060 - R:localhost/127.0.0.1:3383] for GET '/session/55c9a23eba2293eb3c62c9cbc4cb9967/url'
16:18:58.738 [AsyncHttpClient-1-3] DEBUG org.asynchttpclient.netty.handler.HttpHandler - 

Request DefaultFullHttpRequest(decodeResult: success, version: HTTP/1.1, content: EmptyByteBufBE)
GET /session/55c9a23eba2293eb3c62c9cbc4cb9967/url HTTP/1.1
User-Agent: selenium/4.8.1 (java windows)
Cache-Control: no-cache
Content-Type: application/json; charset=utf-8
host: localhost:3383
accept: */*

Response DefaultHttpResponse(decodeResult: success, version: HTTP/1.1)
HTTP/1.1 200 OK
Content-Length: 64
Content-Type: application/json; charset=utf-8
cache-control: no-cache

16:18:58.738 [AsyncHttpClient-1-3] DEBUG org.asynchttpclient.netty.channel.ChannelManager - Adding key: http://localhost:3383 for channel [id: 0xd57b9c8b, L:/127.0.0.1:15060 - R:localhost/127.0.0.1:3383]
16:18:58.739 [Forwarding screenshot on session 55c9a23eba2293eb3c62c9cbc4cb9967 to remote] DEBUG org.asynchttpclient.netty.request.NettyRequestSender - Using pooled Channel '[id: 0xd57b9c8b, L:/127.0.0.1:15060 - R:localhost/127.0.0.1:3383]' for 'GET' to 'http://localhost:3383/session/55c9a23eba2293eb3c62c9cbc4cb9967/screenshot'
16:18:58.739 [Forwarding screenshot on session 55c9a23eba2293eb3c62c9cbc4cb9967 to remote] DEBUG org.asynchttpclient.netty.request.NettyRequestSender - Using open Channel [id: 0xd57b9c8b, L:/127.0.0.1:15060 - R:localhost/127.0.0.1:3383] for GET '/session/55c9a23eba2293eb3c62c9cbc4cb9967/screenshot'
16:18:58.824 [AsyncHttpClient-1-3] DEBUG org.asynchttpclient.netty.handler.HttpHandler - 

Request DefaultFullHttpRequest(decodeResult: success, version: HTTP/1.1, content: EmptyByteBufBE)
GET /session/55c9a23eba2293eb3c62c9cbc4cb9967/screenshot HTTP/1.1
User-Agent: selenium/4.8.1 (java windows)
Cache-Control: no-cache
Content-Type: application/json; charset=utf-8
host: localhost:3383
accept: */*

Response DefaultHttpResponse(decodeResult: success, version: HTTP/1.1)
HTTP/1.1 200 OK
Content-Length: 124468
Content-Type: application/json; charset=utf-8
cache-control: no-cache

16:18:58.825 [AsyncHttpClient-1-3] DEBUG org.asynchttpclient.netty.channel.ChannelManager - Adding key: http://localhost:3383 for channel [id: 0xd57b9c8b, L:/127.0.0.1:15060 - R:localhost/127.0.0.1:3383]
16:18:58.835 [main] DEBUG net.serenitybdd.core.photography.Darkroom - Send negative for processing for target\site\serenity\be0d26d0770e372f4b56fd17a8dd591b44e99d42b11b87380a4f81488627665e.png
16:18:58.837 [Forwarding getPageSource on session 55c9a23eba2293eb3c62c9cbc4cb9967 to remote] DEBUG org.asynchttpclient.netty.request.NettyRequestSender - Using pooled Channel '[id: 0xd57b9c8b, L:/127.0.0.1:15060 - R:localhost/127.0.0.1:3383]' for 'POST' to 'http://localhost:3383/session/55c9a23eba2293eb3c62c9cbc4cb9967/execute/sync'
16:18:58.837 [Forwarding getPageSource on session 55c9a23eba2293eb3c62c9cbc4cb9967 to remote] DEBUG org.asynchttpclient.netty.request.NettyRequestSender - Using open Channel [id: 0xd57b9c8b, L:/127.0.0.1:15060 - R:localhost/127.0.0.1:3383] for POST '/session/55c9a23eba2293eb3c62c9cbc4cb9967/execute/sync'
16:18:58.842 [AsyncHttpClient-1-3] DEBUG org.asynchttpclient.netty.handler.HttpHandler - 

Request DefaultHttpRequest(decodeResult: success, version: HTTP/1.1)
POST /session/55c9a23eba2293eb3c62c9cbc4cb9967/execute/sync HTTP/1.1
User-Agent: selenium/4.8.1 (java windows)
Content-Length: 176
Content-Type: application/json; charset=utf-8
host: localhost:3383
accept: */*

Response DefaultHttpResponse(decodeResult: success, version: HTTP/1.1)
HTTP/1.1 200 OK
Content-Length: 6020
Content-Type: application/json; charset=utf-8
cache-control: no-cache

16:18:58.842 [AsyncHttpClient-1-3] DEBUG org.asynchttpclient.netty.channel.ChannelManager - Adding key: http://localhost:3383 for channel [id: 0xd57b9c8b, L:/127.0.0.1:15060 - R:localhost/127.0.0.1:3383]
16:18:58.844 [Forwarding getCurrentUrl on session 55c9a23eba2293eb3c62c9cbc4cb9967 to remote] DEBUG org.asynchttpclient.netty.request.NettyRequestSender - Using pooled Channel '[id: 0xd57b9c8b, L:/127.0.0.1:15060 - R:localhost/127.0.0.1:3383]' for 'GET' to 'http://localhost:3383/session/55c9a23eba2293eb3c62c9cbc4cb9967/url'
16:18:58.845 [Forwarding getCurrentUrl on session 55c9a23eba2293eb3c62c9cbc4cb9967 to remote] DEBUG org.asynchttpclient.netty.request.NettyRequestSender - Using open Channel [id: 0xd57b9c8b, L:/127.0.0.1:15060 - R:localhost/127.0.0.1:3383] for GET '/session/55c9a23eba2293eb3c62c9cbc4cb9967/url'
16:18:58.849 [AsyncHttpClient-1-3] DEBUG org.asynchttpclient.netty.handler.HttpHandler - 

Request DefaultFullHttpRequest(decodeResult: success, version: HTTP/1.1, content: EmptyByteBufBE)
GET /session/55c9a23eba2293eb3c62c9cbc4cb9967/url HTTP/1.1
User-Agent: selenium/4.8.1 (java windows)
Cache-Control: no-cache
Content-Type: application/json; charset=utf-8
host: localhost:3383
accept: */*

Response DefaultHttpResponse(decodeResult: success, version: HTTP/1.1)
HTTP/1.1 200 OK
Content-Length: 64
Content-Type: application/json; charset=utf-8
cache-control: no-cache

16:18:58.849 [AsyncHttpClient-1-3] DEBUG org.asynchttpclient.netty.channel.ChannelManager - Adding key: http://localhost:3383 for channel [id: 0xd57b9c8b, L:/127.0.0.1:15060 - R:localhost/127.0.0.1:3383]
16:18:59.080 [main] DEBUG net.thucydides.core.steps.StepInterceptor - STARTING STEP: StockCasoutSteps.ClickCashout - ClickCashout
16:18:59.098 [Forwarding findElement on session 55c9a23eba2293eb3c62c9cbc4cb9967 to remote] DEBUG org.asynchttpclient.netty.request.NettyRequestSender - Using pooled Channel '[id: 0xd57b9c8b, L:/127.0.0.1:15060 - R:localhost/127.0.0.1:3383]' for 'POST' to 'http://localhost:3383/session/55c9a23eba2293eb3c62c9cbc4cb9967/element'
16:18:59.099 [Forwarding findElement on session 55c9a23eba2293eb3c62c9cbc4cb9967 to remote] DEBUG org.asynchttpclient.netty.request.NettyRequestSender - Using open Channel [id: 0xd57b9c8b, L:/127.0.0.1:15060 - R:localhost/127.0.0.1:3383] for POST '/session/55c9a23eba2293eb3c62c9cbc4cb9967/element'
16:18:59.145 [AsyncHttpClient-1-1] DEBUG org.asynchttpclient.netty.channel.DefaultChannelPool - Entry count for : http://localhost:15061 : 1
16:19:00.244 [AsyncHttpClient-1-1] DEBUG org.asynchttpclient.netty.channel.DefaultChannelPool - Entry count for : http://localhost:15061 : 1
16:19:01.344 [AsyncHttpClient-1-1] DEBUG org.asynchttpclient.netty.channel.DefaultChannelPool - Entry count for : http://localhost:15061 : 1
16:19:02.444 [AsyncHttpClient-1-1] DEBUG org.asynchttpclient.netty.channel.DefaultChannelPool - Entry count for : http://localhost:15061 : 1
16:19:02.908 [AsyncHttpClient-1-3] DEBUG org.asynchttpclient.netty.handler.HttpHandler - 

Request DefaultHttpRequest(decodeResult: success, version: HTTP/1.1)
POST /session/55c9a23eba2293eb3c62c9cbc4cb9967/element HTTP/1.1
User-Agent: selenium/4.8.1 (java windows)
Content-Length: 81
Content-Type: application/json; charset=utf-8
host: localhost:3383
accept: */*

Response DefaultHttpResponse(decodeResult: success, version: HTTP/1.1)
HTTP/1.1 200 OK
Content-Length: 95
Content-Type: application/json; charset=utf-8
cache-control: no-cache

16:19:02.908 [AsyncHttpClient-1-3] DEBUG org.asynchttpclient.netty.channel.ChannelManager - Adding key: http://localhost:3383 for channel [id: 0xd57b9c8b, L:/127.0.0.1:15060 - R:localhost/127.0.0.1:3383]
16:19:02.910 [Forwarding getElementTagName on session 55c9a23eba2293eb3c62c9cbc4cb9967 to remote] DEBUG org.asynchttpclient.netty.request.NettyRequestSender - Using pooled Channel '[id: 0xd57b9c8b, L:/127.0.0.1:15060 - R:localhost/127.0.0.1:3383]' for 'GET' to 'http://localhost:3383/session/55c9a23eba2293eb3c62c9cbc4cb9967/element/D3550DB7A964A37A77F8B6E525148F3E_element_41/name'
16:19:02.910 [Forwarding getElementTagName on session 55c9a23eba2293eb3c62c9cbc4cb9967 to remote] DEBUG org.asynchttpclient.netty.request.NettyRequestSender - Using open Channel [id: 0xd57b9c8b, L:/127.0.0.1:15060 - R:localhost/127.0.0.1:3383] for GET '/session/55c9a23eba2293eb3c62c9cbc4cb9967/element/D3550DB7A964A37A77F8B6E525148F3E_element_41/name'
16:19:02.918 [AsyncHttpClient-1-3] DEBUG org.asynchttpclient.netty.handler.HttpHandler - 

Request DefaultFullHttpRequest(decodeResult: success, version: HTTP/1.1, content: EmptyByteBufBE)
GET /session/55c9a23eba2293eb3c62c9cbc4cb9967/element/D3550DB7A964A37A77F8B6E525148F3E_element_41/name HTTP/1.1
User-Agent: selenium/4.8.1 (java windows)
Cache-Control: no-cache
Content-Type: application/json; charset=utf-8
host: localhost:3383
accept: */*

Response DefaultHttpResponse(decodeResult: success, version: HTTP/1.1)
HTTP/1.1 200 OK
Content-Length: 13
Content-Type: application/json; charset=utf-8
cache-control: no-cache

16:19:02.918 [AsyncHttpClient-1-3] DEBUG org.asynchttpclient.netty.channel.ChannelManager - Adding key: http://localhost:3383 for channel [id: 0xd57b9c8b, L:/127.0.0.1:15060 - R:localhost/127.0.0.1:3383]
16:19:02.920 [Forwarding getElementTagName on session 55c9a23eba2293eb3c62c9cbc4cb9967 to remote] DEBUG org.asynchttpclient.netty.request.NettyRequestSender - Using pooled Channel '[id: 0xd57b9c8b, L:/127.0.0.1:15060 - R:localhost/127.0.0.1:3383]' for 'GET' to 'http://localhost:3383/session/55c9a23eba2293eb3c62c9cbc4cb9967/element/D3550DB7A964A37A77F8B6E525148F3E_element_41/name'
16:19:02.920 [Forwarding getElementTagName on session 55c9a23eba2293eb3c62c9cbc4cb9967 to remote] DEBUG org.asynchttpclient.netty.request.NettyRequestSender - Using open Channel [id: 0xd57b9c8b, L:/127.0.0.1:15060 - R:localhost/127.0.0.1:3383] for GET '/session/55c9a23eba2293eb3c62c9cbc4cb9967/element/D3550DB7A964A37A77F8B6E525148F3E_element_41/name'
16:19:02.926 [AsyncHttpClient-1-3] DEBUG org.asynchttpclient.netty.handler.HttpHandler - 

Request DefaultFullHttpRequest(decodeResult: success, version: HTTP/1.1, content: EmptyByteBufBE)
GET /session/55c9a23eba2293eb3c62c9cbc4cb9967/element/D3550DB7A964A37A77F8B6E525148F3E_element_41/name HTTP/1.1
User-Agent: selenium/4.8.1 (java windows)
Cache-Control: no-cache
Content-Type: application/json; charset=utf-8
host: localhost:3383
accept: */*

Response DefaultHttpResponse(decodeResult: success, version: HTTP/1.1)
HTTP/1.1 200 OK
Content-Length: 13
Content-Type: application/json; charset=utf-8
cache-control: no-cache

16:19:02.926 [AsyncHttpClient-1-3] DEBUG org.asynchttpclient.netty.channel.ChannelManager - Adding key: http://localhost:3383 for channel [id: 0xd57b9c8b, L:/127.0.0.1:15060 - R:localhost/127.0.0.1:3383]
16:19:02.928 [Forwarding findElement on session 55c9a23eba2293eb3c62c9cbc4cb9967 to remote] DEBUG org.asynchttpclient.netty.request.NettyRequestSender - Using pooled Channel '[id: 0xd57b9c8b, L:/127.0.0.1:15060 - R:localhost/127.0.0.1:3383]' for 'POST' to 'http://localhost:3383/session/55c9a23eba2293eb3c62c9cbc4cb9967/element'
16:19:02.928 [Forwarding findElement on session 55c9a23eba2293eb3c62c9cbc4cb9967 to remote] DEBUG org.asynchttpclient.netty.request.NettyRequestSender - Using open Channel [id: 0xd57b9c8b, L:/127.0.0.1:15060 - R:localhost/127.0.0.1:3383] for POST '/session/55c9a23eba2293eb3c62c9cbc4cb9967/element'
16:19:02.936 [AsyncHttpClient-1-3] DEBUG org.asynchttpclient.netty.handler.HttpHandler - 

Request DefaultHttpRequest(decodeResult: success, version: HTTP/1.1)
POST /session/55c9a23eba2293eb3c62c9cbc4cb9967/element HTTP/1.1
User-Agent: selenium/4.8.1 (java windows)
Content-Length: 81
Content-Type: application/json; charset=utf-8
host: localhost:3383
accept: */*

Response DefaultHttpResponse(decodeResult: success, version: HTTP/1.1)
HTTP/1.1 200 OK
Content-Length: 95
Content-Type: application/json; charset=utf-8
cache-control: no-cache

16:19:02.936 [AsyncHttpClient-1-3] DEBUG org.asynchttpclient.netty.channel.ChannelManager - Adding key: http://localhost:3383 for channel [id: 0xd57b9c8b, L:/127.0.0.1:15060 - R:localhost/127.0.0.1:3383]
16:19:02.937 [Forwarding clickElement on session 55c9a23eba2293eb3c62c9cbc4cb9967 to remote] DEBUG org.asynchttpclient.netty.request.NettyRequestSender - Using pooled Channel '[id: 0xd57b9c8b, L:/127.0.0.1:15060 - R:localhost/127.0.0.1:3383]' for 'POST' to 'http://localhost:3383/session/55c9a23eba2293eb3c62c9cbc4cb9967/element/D3550DB7A964A37A77F8B6E525148F3E_element_41/click'
16:19:02.937 [Forwarding clickElement on session 55c9a23eba2293eb3c62c9cbc4cb9967 to remote] DEBUG org.asynchttpclient.netty.request.NettyRequestSender - Using open Channel [id: 0xd57b9c8b, L:/127.0.0.1:15060 - R:localhost/127.0.0.1:3383] for POST '/session/55c9a23eba2293eb3c62c9cbc4cb9967/element/D3550DB7A964A37A77F8B6E525148F3E_element_41/click'
16:19:03.544 [AsyncHttpClient-1-1] DEBUG org.asynchttpclient.netty.channel.DefaultChannelPool - Entry count for : http://localhost:15061 : 1
16:19:03.779 [AsyncHttpClient-1-3] DEBUG org.asynchttpclient.netty.handler.HttpHandler - 

Request DefaultHttpRequest(decodeResult: success, version: HTTP/1.1)
POST /session/55c9a23eba2293eb3c62c9cbc4cb9967/element/D3550DB7A964A37A77F8B6E525148F3E_element_41/click HTTP/1.1
User-Agent: selenium/4.8.1 (java windows)
Content-Length: 57
Content-Type: application/json; charset=utf-8
host: localhost:3383
accept: */*

Response DefaultHttpResponse(decodeResult: success, version: HTTP/1.1)
HTTP/1.1 200 OK
Content-Length: 14
Content-Type: application/json; charset=utf-8
cache-control: no-cache

16:19:03.779 [AsyncHttpClient-1-3] DEBUG org.asynchttpclient.netty.channel.ChannelManager - Adding key: http://localhost:3383 for channel [id: 0xd57b9c8b, L:/127.0.0.1:15060 - R:localhost/127.0.0.1:3383]
16:19:03.788 [Forwarding getAlertText on session 55c9a23eba2293eb3c62c9cbc4cb9967 to remote] DEBUG org.asynchttpclient.netty.request.NettyRequestSender - Using pooled Channel '[id: 0xd57b9c8b, L:/127.0.0.1:15060 - R:localhost/127.0.0.1:3383]' for 'GET' to 'http://localhost:3383/session/55c9a23eba2293eb3c62c9cbc4cb9967/alert/text'
16:19:03.788 [Forwarding getAlertText on session 55c9a23eba2293eb3c62c9cbc4cb9967 to remote] DEBUG org.asynchttpclient.netty.request.NettyRequestSender - Using open Channel [id: 0xd57b9c8b, L:/127.0.0.1:15060 - R:localhost/127.0.0.1:3383] for GET '/session/55c9a23eba2293eb3c62c9cbc4cb9967/alert/text'
16:19:03.834 [AsyncHttpClient-1-3] DEBUG org.asynchttpclient.netty.handler.HttpHandler - 

Request DefaultFullHttpRequest(decodeResult: success, version: HTTP/1.1, content: EmptyByteBufBE)
GET /session/55c9a23eba2293eb3c62c9cbc4cb9967/alert/text HTTP/1.1
User-Agent: selenium/4.8.1 (java windows)
Cache-Control: no-cache
Content-Type: application/json; charset=utf-8
host: localhost:3383
accept: */*

Response DefaultHttpResponse(decodeResult: success, version: HTTP/1.1)
HTTP/1.1 404 Not Found
Content-Length: 807
Content-Type: application/json; charset=utf-8
cache-control: no-cache

16:19:03.835 [AsyncHttpClient-1-3] DEBUG org.asynchttpclient.netty.channel.ChannelManager - Adding key: http://localhost:3383 for channel [id: 0xd57b9c8b, L:/127.0.0.1:15060 - R:localhost/127.0.0.1:3383]
16:19:03.836 [Forwarding getCurrentUrl on session 55c9a23eba2293eb3c62c9cbc4cb9967 to remote] DEBUG org.asynchttpclient.netty.request.NettyRequestSender - Using pooled Channel '[id: 0xd57b9c8b, L:/127.0.0.1:15060 - R:localhost/127.0.0.1:3383]' for 'GET' to 'http://localhost:3383/session/55c9a23eba2293eb3c62c9cbc4cb9967/url'
16:19:03.836 [Forwarding getCurrentUrl on session 55c9a23eba2293eb3c62c9cbc4cb9967 to remote] DEBUG org.asynchttpclient.netty.request.NettyRequestSender - Using open Channel [id: 0xd57b9c8b, L:/127.0.0.1:15060 - R:localhost/127.0.0.1:3383] for GET '/session/55c9a23eba2293eb3c62c9cbc4cb9967/url'
16:19:03.842 [AsyncHttpClient-1-3] DEBUG org.asynchttpclient.netty.handler.HttpHandler - 

Request DefaultFullHttpRequest(decodeResult: success, version: HTTP/1.1, content: EmptyByteBufBE)
GET /session/55c9a23eba2293eb3c62c9cbc4cb9967/url HTTP/1.1
User-Agent: selenium/4.8.1 (java windows)
Cache-Control: no-cache
Content-Type: application/json; charset=utf-8
host: localhost:3383
accept: */*

Response DefaultHttpResponse(decodeResult: success, version: HTTP/1.1)
HTTP/1.1 200 OK
Content-Length: 65
Content-Type: application/json; charset=utf-8
cache-control: no-cache

16:19:03.842 [AsyncHttpClient-1-3] DEBUG org.asynchttpclient.netty.channel.ChannelManager - Adding key: http://localhost:3383 for channel [id: 0xd57b9c8b, L:/127.0.0.1:15060 - R:localhost/127.0.0.1:3383]
16:19:03.843 [Forwarding screenshot on session 55c9a23eba2293eb3c62c9cbc4cb9967 to remote] DEBUG org.asynchttpclient.netty.request.NettyRequestSender - Using pooled Channel '[id: 0xd57b9c8b, L:/127.0.0.1:15060 - R:localhost/127.0.0.1:3383]' for 'GET' to 'http://localhost:3383/session/55c9a23eba2293eb3c62c9cbc4cb9967/screenshot'
16:19:03.843 [Forwarding screenshot on session 55c9a23eba2293eb3c62c9cbc4cb9967 to remote] DEBUG org.asynchttpclient.netty.request.NettyRequestSender - Using open Channel [id: 0xd57b9c8b, L:/127.0.0.1:15060 - R:localhost/127.0.0.1:3383] for GET '/session/55c9a23eba2293eb3c62c9cbc4cb9967/screenshot'
16:19:04.643 [AsyncHttpClient-1-1] DEBUG org.asynchttpclient.netty.channel.DefaultChannelPool - Entry count for : http://localhost:15061 : 1
16:19:05.743 [AsyncHttpClient-1-1] DEBUG org.asynchttpclient.netty.channel.DefaultChannelPool - Entry count for : http://localhost:15061 : 1
16:19:06.843 [AsyncHttpClient-1-1] DEBUG org.asynchttpclient.netty.channel.DefaultChannelPool - Entry count for : http://localhost:15061 : 1
16:19:07.943 [AsyncHttpClient-1-1] DEBUG org.asynchttpclient.netty.channel.DefaultChannelPool - Entry count for : http://localhost:15061 : 1
16:19:08.239 [AsyncHttpClient-1-3] DEBUG org.asynchttpclient.netty.handler.HttpHandler - 

Request DefaultFullHttpRequest(decodeResult: success, version: HTTP/1.1, content: EmptyByteBufBE)
GET /session/55c9a23eba2293eb3c62c9cbc4cb9967/screenshot HTTP/1.1
User-Agent: selenium/4.8.1 (java windows)
Cache-Control: no-cache
Content-Type: application/json; charset=utf-8
host: localhost:3383
accept: */*

Response DefaultHttpResponse(decodeResult: success, version: HTTP/1.1)
HTTP/1.1 200 OK
Content-Length: 84508
Content-Type: application/json; charset=utf-8
cache-control: no-cache

16:19:08.239 [AsyncHttpClient-1-3] DEBUG org.asynchttpclient.netty.channel.ChannelManager - Adding key: http://localhost:3383 for channel [id: 0xd57b9c8b, L:/127.0.0.1:15060 - R:localhost/127.0.0.1:3383]
16:19:08.244 [main] DEBUG net.serenitybdd.core.photography.Darkroom - Send negative for processing for target\site\serenity\643014b2d49f8ee96b024cf2c23e0a43b189bdc0c8b116708acfbd424844ec48.png
16:19:08.244 [main] DEBUG net.thucydides.core.steps.StepInterceptor - STEP DONE: ClickCashout
  &amp#27;[32mAnd &amp#27;[0m&amp#27;[32mI click Stock Cashout&amp#27;[0m                                     &amp#27;[90m# Starter.Stepdefitions.StockCasoutSteps.ClickCashout()&amp#27;[0m
16:19:08.244 [Darkroom Processing Line] DEBUG net.serenitybdd.core.photography.DarkroomProcessingLine - Processing screenshot image in /var/screenshots/screenshot-1978421637882665773
16:19:08.244 [Darkroom Processing Line] DEBUG net.serenitybdd.core.photography.DarkroomProcessingLine - Saving screenshot to target\site\serenity\643014b2d49f8ee96b024cf2c23e0a43b189bdc0c8b116708acfbd424844ec48.png
16:19:08.254 [Forwarding getPageSource on session 55c9a23eba2293eb3c62c9cbc4cb9967 to remote] DEBUG org.asynchttpclient.netty.request.NettyRequestSender - Using pooled Channel '[id: 0xd57b9c8b, L:/127.0.0.1:15060 - R:localhost/127.0.0.1:3383]' for 'POST' to 'http://localhost:3383/session/55c9a23eba2293eb3c62c9cbc4cb9967/execute/sync'
16:19:08.255 [Forwarding getPageSource on session 55c9a23eba2293eb3c62c9cbc4cb9967 to remote] DEBUG org.asynchttpclient.netty.request.NettyRequestSender - Using open Channel [id: 0xd57b9c8b, L:/127.0.0.1:15060 - R:localhost/127.0.0.1:3383] for POST '/session/55c9a23eba2293eb3c62c9cbc4cb9967/execute/sync'
16:19:08.260 [AsyncHttpClient-1-3] DEBUG org.asynchttpclient.netty.handler.HttpHandler - 

Request DefaultHttpRequest(decodeResult: success, version: HTTP/1.1)
POST /session/55c9a23eba2293eb3c62c9cbc4cb9967/execute/sync HTTP/1.1
User-Agent: selenium/4.8.1 (java windows)
Content-Length: 176
Content-Type: application/json; charset=utf-8
host: localhost:3383
accept: */*

Response DefaultHttpResponse(decodeResult: success, version: HTTP/1.1)
HTTP/1.1 200 OK
Content-Length: 9227
Content-Type: application/json; charset=utf-8
cache-control: no-cache

16:19:08.260 [AsyncHttpClient-1-3] DEBUG org.asynchttpclient.netty.channel.ChannelManager - Adding key: http://localhost:3383 for channel [id: 0xd57b9c8b, L:/127.0.0.1:15060 - R:localhost/127.0.0.1:3383]
16:19:08.262 [Forwarding getCurrentUrl on session 55c9a23eba2293eb3c62c9cbc4cb9967 to remote] DEBUG org.asynchttpclient.netty.request.NettyRequestSender - Using pooled Channel '[id: 0xd57b9c8b, L:/127.0.0.1:15060 - R:localhost/127.0.0.1:3383]' for 'GET' to 'http://localhost:3383/session/55c9a23eba2293eb3c62c9cbc4cb9967/url'
16:19:08.262 [Forwarding getCurrentUrl on session 55c9a23eba2293eb3c62c9cbc4cb9967 to remote] DEBUG org.asynchttpclient.netty.request.NettyRequestSender - Using open Channel [id: 0xd57b9c8b, L:/127.0.0.1:15060 - R:localhost/127.0.0.1:3383] for GET '/session/55c9a23eba2293eb3c62c9cbc4cb9967/url'
16:19:08.266 [AsyncHttpClient-1-3] DEBUG org.asynchttpclient.netty.handler.HttpHandler - 

Request DefaultFullHttpRequest(decodeResult: success, version: HTTP/1.1, content: EmptyByteBufBE)
GET /session/55c9a23eba2293eb3c62c9cbc4cb9967/url HTTP/1.1
User-Agent: selenium/4.8.1 (java windows)
Cache-Control: no-cache
Content-Type: application/json; charset=utf-8
host: localhost:3383
accept: */*

Response DefaultHttpResponse(decodeResult: success, version: HTTP/1.1)
HTTP/1.1 200 OK
Content-Length: 65
Content-Type: application/json; charset=utf-8
cache-control: no-cache

16:19:08.266 [AsyncHttpClient-1-3] DEBUG org.asynchttpclient.netty.channel.ChannelManager - Adding key: http://localhost:3383 for channel [id: 0xd57b9c8b, L:/127.0.0.1:15060 - R:localhost/127.0.0.1:3383]
16:19:08.341 [Forwarding getAlertText on session 55c9a23eba2293eb3c62c9cbc4cb9967 to remote] DEBUG org.asynchttpclient.netty.request.NettyRequestSender - Using pooled Channel '[id: 0xd57b9c8b, L:/127.0.0.1:15060 - R:localhost/127.0.0.1:3383]' for 'GET' to 'http://localhost:3383/session/55c9a23eba2293eb3c62c9cbc4cb9967/alert/text'
16:19:08.341 [Forwarding getAlertText on session 55c9a23eba2293eb3c62c9cbc4cb9967 to remote] DEBUG org.asynchttpclient.netty.request.NettyRequestSender - Using open Channel [id: 0xd57b9c8b, L:/127.0.0.1:15060 - R:localhost/127.0.0.1:3383] for GET '/session/55c9a23eba2293eb3c62c9cbc4cb9967/alert/text'
16:19:08.342 [AsyncHttpClient-1-3] DEBUG org.asynchttpclient.netty.handler.HttpHandler - 

Request DefaultFullHttpRequest(decodeResult: success, version: HTTP/1.1, content: EmptyByteBufBE)
GET /session/55c9a23eba2293eb3c62c9cbc4cb9967/alert/text HTTP/1.1
User-Agent: selenium/4.8.1 (java windows)
Cache-Control: no-cache
Content-Type: application/json; charset=utf-8
host: localhost:3383
accept: */*

Response DefaultHttpResponse(decodeResult: success, version: HTTP/1.1)
HTTP/1.1 404 Not Found
Content-Length: 807
Content-Type: application/json; charset=utf-8
cache-control: no-cache

16:19:08.343 [AsyncHttpClient-1-3] DEBUG org.asynchttpclient.netty.channel.ChannelManager - Adding key: http://localhost:3383 for channel [id: 0xd57b9c8b, L:/127.0.0.1:15060 - R:localhost/127.0.0.1:3383]
16:19:08.344 [Forwarding getCurrentUrl on session 55c9a23eba2293eb3c62c9cbc4cb9967 to remote] DEBUG org.asynchttpclient.netty.request.NettyRequestSender - Using pooled Channel '[id: 0xd57b9c8b, L:/127.0.0.1:15060 - R:localhost/127.0.0.1:3383]' for 'GET' to 'http://localhost:3383/session/55c9a23eba2293eb3c62c9cbc4cb9967/url'
16:19:08.344 [Forwarding getCurrentUrl on session 55c9a23eba2293eb3c62c9cbc4cb9967 to remote] DEBUG org.asynchttpclient.netty.request.NettyRequestSender - Using open Channel [id: 0xd57b9c8b, L:/127.0.0.1:15060 - R:localhost/127.0.0.1:3383] for GET '/session/55c9a23eba2293eb3c62c9cbc4cb9967/url'
16:19:08.348 [AsyncHttpClient-1-3] DEBUG org.asynchttpclient.netty.handler.HttpHandler - 

Request DefaultFullHttpRequest(decodeResult: success, version: HTTP/1.1, content: EmptyByteBufBE)
GET /session/55c9a23eba2293eb3c62c9cbc4cb9967/url HTTP/1.1
User-Agent: selenium/4.8.1 (java windows)
Cache-Control: no-cache
Content-Type: application/json; charset=utf-8
host: localhost:3383
accept: */*

Response DefaultHttpResponse(decodeResult: success, version: HTTP/1.1)
HTTP/1.1 200 OK
Content-Length: 65
Content-Type: application/json; charset=utf-8
cache-control: no-cache

16:19:08.348 [AsyncHttpClient-1-3] DEBUG org.asynchttpclient.netty.channel.ChannelManager - Adding key: http://localhost:3383 for channel [id: 0xd57b9c8b, L:/127.0.0.1:15060 - R:localhost/127.0.0.1:3383]
16:19:08.349 [Forwarding screenshot on session 55c9a23eba2293eb3c62c9cbc4cb9967 to remote] DEBUG org.asynchttpclient.netty.request.NettyRequestSender - Using pooled Channel '[id: 0xd57b9c8b, L:/127.0.0.1:15060 - R:localhost/127.0.0.1:3383]' for 'GET' to 'http://localhost:3383/session/55c9a23eba2293eb3c62c9cbc4cb9967/screenshot'
16:19:08.349 [Forwarding screenshot on session 55c9a23eba2293eb3c62c9cbc4cb9967 to remote] DEBUG org.asynchttpclient.netty.request.NettyRequestSender - Using open Channel [id: 0xd57b9c8b, L:/127.0.0.1:15060 - R:localhost/127.0.0.1:3383] for GET '/session/55c9a23eba2293eb3c62c9cbc4cb9967/screenshot'
16:19:08.439 [AsyncHttpClient-1-3] DEBUG org.asynchttpclient.netty.handler.HttpHandler - 

Request DefaultFullHttpRequest(decodeResult: success, version: HTTP/1.1, content: EmptyByteBufBE)
GET /session/55c9a23eba2293eb3c62c9cbc4cb9967/screenshot HTTP/1.1
User-Agent: selenium/4.8.1 (java windows)
Cache-Control: no-cache
Content-Type: application/json; charset=utf-8
host: localhost:3383
accept: */*

Response DefaultHttpResponse(decodeResult: success, version: HTTP/1.1)
HTTP/1.1 200 OK
Content-Length: 84508
Content-Type: application/json; charset=utf-8
cache-control: no-cache

16:19:08.439 [AsyncHttpClient-1-3] DEBUG org.asynchttpclient.netty.channel.ChannelManager - Adding key: http://localhost:3383 for channel [id: 0xd57b9c8b, L:/127.0.0.1:15060 - R:localhost/127.0.0.1:3383]
16:19:08.443 [main] DEBUG net.serenitybdd.core.photography.Darkroom - Send negative for processing for target\site\serenity\643014b2d49f8ee96b024cf2c23e0a43b189bdc0c8b116708acfbd424844ec48.png
16:19:08.446 [Forwarding getPageSource on session 55c9a23eba2293eb3c62c9cbc4cb9967 to remote] DEBUG org.asynchttpclient.netty.request.NettyRequestSender - Using pooled Channel '[id: 0xd57b9c8b, L:/127.0.0.1:15060 - R:localhost/127.0.0.1:3383]' for 'POST' to 'http://localhost:3383/session/55c9a23eba2293eb3c62c9cbc4cb9967/execute/sync'
16:19:08.446 [Forwarding getPageSource on session 55c9a23eba2293eb3c62c9cbc4cb9967 to remote] DEBUG org.asynchttpclient.netty.request.NettyRequestSender - Using open Channel [id: 0xd57b9c8b, L:/127.0.0.1:15060 - R:localhost/127.0.0.1:3383] for POST '/session/55c9a23eba2293eb3c62c9cbc4cb9967/execute/sync'
16:19:08.451 [AsyncHttpClient-1-3] DEBUG org.asynchttpclient.netty.handler.HttpHandler - 

Request DefaultHttpRequest(decodeResult: success, version: HTTP/1.1)
POST /session/55c9a23eba2293eb3c62c9cbc4cb9967/execute/sync HTTP/1.1
User-Agent: selenium/4.8.1 (java windows)
Content-Length: 176
Content-Type: application/json; charset=utf-8
host: localhost:3383
accept: */*

Response DefaultHttpResponse(decodeResult: success, version: HTTP/1.1)
HTTP/1.1 200 OK
Content-Length: 9227
Content-Type: application/json; charset=utf-8
cache-control: no-cache

16:19:08.451 [AsyncHttpClient-1-3] DEBUG org.asynchttpclient.netty.channel.ChannelManager - Adding key: http://localhost:3383 for channel [id: 0xd57b9c8b, L:/127.0.0.1:15060 - R:localhost/127.0.0.1:3383]
16:19:08.454 [Forwarding getCurrentUrl on session 55c9a23eba2293eb3c62c9cbc4cb9967 to remote] DEBUG org.asynchttpclient.netty.request.NettyRequestSender - Using pooled Channel '[id: 0xd57b9c8b, L:/127.0.0.1:15060 - R:localhost/127.0.0.1:3383]' for 'GET' to 'http://localhost:3383/session/55c9a23eba2293eb3c62c9cbc4cb9967/url'
16:19:08.454 [Forwarding getCurrentUrl on session 55c9a23eba2293eb3c62c9cbc4cb9967 to remote] DEBUG org.asynchttpclient.netty.request.NettyRequestSender - Using open Channel [id: 0xd57b9c8b, L:/127.0.0.1:15060 - R:localhost/127.0.0.1:3383] for GET '/session/55c9a23eba2293eb3c62c9cbc4cb9967/url'
16:19:08.458 [AsyncHttpClient-1-3] DEBUG org.asynchttpclient.netty.handler.HttpHandler - 

Request DefaultFullHttpRequest(decodeResult: success, version: HTTP/1.1, content: EmptyByteBufBE)
GET /session/55c9a23eba2293eb3c62c9cbc4cb9967/url HTTP/1.1
User-Agent: selenium/4.8.1 (java windows)
Cache-Control: no-cache
Content-Type: application/json; charset=utf-8
host: localhost:3383
accept: */*

Response DefaultHttpResponse(decodeResult: success, version: HTTP/1.1)
HTTP/1.1 200 OK
Content-Length: 65
Content-Type: application/json; charset=utf-8
cache-control: no-cache

16:19:08.459 [AsyncHttpClient-1-3] DEBUG org.asynchttpclient.netty.channel.ChannelManager - Adding key: http://localhost:3383 for channel [id: 0xd57b9c8b, L:/127.0.0.1:15060 - R:localhost/127.0.0.1:3383]
16:19:08.546 [main] DEBUG net.thucydides.core.steps.StepInterceptor - STARTING STEP: StockCasoutSteps.ClickViewCashout - ClickViewCashout
16:19:08.551 [Forwarding findElement on session 55c9a23eba2293eb3c62c9cbc4cb9967 to remote] DEBUG org.asynchttpclient.netty.request.NettyRequestSender - Using pooled Channel '[id: 0xd57b9c8b, L:/127.0.0.1:15060 - R:localhost/127.0.0.1:3383]' for 'POST' to 'http://localhost:3383/session/55c9a23eba2293eb3c62c9cbc4cb9967/element'
16:19:08.551 [Forwarding findElement on session 55c9a23eba2293eb3c62c9cbc4cb9967 to remote] DEBUG org.asynchttpclient.netty.request.NettyRequestSender - Using open Channel [id: 0xd57b9c8b, L:/127.0.0.1:15060 - R:localhost/127.0.0.1:3383] for POST '/session/55c9a23eba2293eb3c62c9cbc4cb9967/element'
16:19:08.559 [AsyncHttpClient-1-3] DEBUG org.asynchttpclient.netty.handler.HttpHandler - 

Request DefaultHttpRequest(decodeResult: success, version: HTTP/1.1)
POST /session/55c9a23eba2293eb3c62c9cbc4cb9967/element HTTP/1.1
User-Agent: selenium/4.8.1 (java windows)
Content-Length: 81
Content-Type: application/json; charset=utf-8
host: localhost:3383
accept: */*

Response DefaultHttpResponse(decodeResult: success, version: HTTP/1.1)
HTTP/1.1 200 OK
Content-Length: 95
Content-Type: application/json; charset=utf-8
cache-control: no-cache

16:19:08.559 [AsyncHttpClient-1-3] DEBUG org.asynchttpclient.netty.channel.ChannelManager - Adding key: http://localhost:3383 for channel [id: 0xd57b9c8b, L:/127.0.0.1:15060 - R:localhost/127.0.0.1:3383]
16:19:08.561 [Forwarding getElementTagName on session 55c9a23eba2293eb3c62c9cbc4cb9967 to remote] DEBUG org.asynchttpclient.netty.request.NettyRequestSender - Using pooled Channel '[id: 0xd57b9c8b, L:/127.0.0.1:15060 - R:localhost/127.0.0.1:3383]' for 'GET' to 'http://localhost:3383/session/55c9a23eba2293eb3c62c9cbc4cb9967/element/D3550DB7A964A37A77F8B6E525148F3E_element_60/name'
16:19:08.561 [Forwarding getElementTagName on session 55c9a23eba2293eb3c62c9cbc4cb9967 to remote] DEBUG org.asynchttpclient.netty.request.NettyRequestSender - Using open Channel [id: 0xd57b9c8b, L:/127.0.0.1:15060 - R:localhost/127.0.0.1:3383] for GET '/session/55c9a23eba2293eb3c62c9cbc4cb9967/element/D3550DB7A964A37A77F8B6E525148F3E_element_60/name'
16:19:08.566 [AsyncHttpClient-1-3] DEBUG org.asynchttpclient.netty.handler.HttpHandler - 

Request DefaultFullHttpRequest(decodeResult: success, version: HTTP/1.1, content: EmptyByteBufBE)
GET /session/55c9a23eba2293eb3c62c9cbc4cb9967/element/D3550DB7A964A37A77F8B6E525148F3E_element_60/name HTTP/1.1
User-Agent: selenium/4.8.1 (java windows)
Cache-Control: no-cache
Content-Type: application/json; charset=utf-8
host: localhost:3383
accept: */*

Response DefaultHttpResponse(decodeResult: success, version: HTTP/1.1)
HTTP/1.1 200 OK
Content-Length: 13
Content-Type: application/json; charset=utf-8
cache-control: no-cache

16:19:08.566 [AsyncHttpClient-1-3] DEBUG org.asynchttpclient.netty.channel.ChannelManager - Adding key: http://localhost:3383 for channel [id: 0xd57b9c8b, L:/127.0.0.1:15060 - R:localhost/127.0.0.1:3383]
16:19:08.567 [Forwarding getElementTagName on session 55c9a23eba2293eb3c62c9cbc4cb9967 to remote] DEBUG org.asynchttpclient.netty.request.NettyRequestSender - Using pooled Channel '[id: 0xd57b9c8b, L:/127.0.0.1:15060 - R:localhost/127.0.0.1:3383]' for 'GET' to 'http://localhost:3383/session/55c9a23eba2293eb3c62c9cbc4cb9967/element/D3550DB7A964A37A77F8B6E525148F3E_element_60/name'
16:19:08.567 [Forwarding getElementTagName on session 55c9a23eba2293eb3c62c9cbc4cb9967 to remote] DEBUG org.asynchttpclient.netty.request.NettyRequestSender - Using open Channel [id: 0xd57b9c8b, L:/127.0.0.1:15060 - R:localhost/127.0.0.1:3383] for GET '/session/55c9a23eba2293eb3c62c9cbc4cb9967/element/D3550DB7A964A37A77F8B6E525148F3E_element_60/name'
16:19:08.572 [AsyncHttpClient-1-3] DEBUG org.asynchttpclient.netty.handler.HttpHandler - 

Request DefaultFullHttpRequest(decodeResult: success, version: HTTP/1.1, content: EmptyByteBufBE)
GET /session/55c9a23eba2293eb3c62c9cbc4cb9967/element/D3550DB7A964A37A77F8B6E525148F3E_element_60/name HTTP/1.1
User-Agent: selenium/4.8.1 (java windows)
Cache-Control: no-cache
Content-Type: application/json; charset=utf-8
host: localhost:3383
accept: */*

Response DefaultHttpResponse(decodeResult: success, version: HTTP/1.1)
HTTP/1.1 200 OK
Content-Length: 13
Content-Type: application/json; charset=utf-8
cache-control: no-cache

16:19:08.572 [AsyncHttpClient-1-3] DEBUG org.asynchttpclient.netty.channel.ChannelManager - Adding key: http://localhost:3383 for channel [id: 0xd57b9c8b, L:/127.0.0.1:15060 - R:localhost/127.0.0.1:3383]
16:19:08.575 [Forwarding findElement on session 55c9a23eba2293eb3c62c9cbc4cb9967 to remote] DEBUG org.asynchttpclient.netty.request.NettyRequestSender - Using pooled Channel '[id: 0xd57b9c8b, L:/127.0.0.1:15060 - R:localhost/127.0.0.1:3383]' for 'POST' to 'http://localhost:3383/session/55c9a23eba2293eb3c62c9cbc4cb9967/element'
16:19:08.575 [Forwarding findElement on session 55c9a23eba2293eb3c62c9cbc4cb9967 to remote] DEBUG org.asynchttpclient.netty.request.NettyRequestSender - Using open Channel [id: 0xd57b9c8b, L:/127.0.0.1:15060 - R:localhost/127.0.0.1:3383] for POST '/session/55c9a23eba2293eb3c62c9cbc4cb9967/element'
16:19:08.582 [AsyncHttpClient-1-3] DEBUG org.asynchttpclient.netty.handler.HttpHandler - 

Request DefaultHttpRequest(decodeResult: success, version: HTTP/1.1)
POST /session/55c9a23eba2293eb3c62c9cbc4cb9967/element HTTP/1.1
User-Agent: selenium/4.8.1 (java windows)
Content-Length: 81
Content-Type: application/json; charset=utf-8
host: localhost:3383
accept: */*

Response DefaultHttpResponse(decodeResult: success, version: HTTP/1.1)
HTTP/1.1 200 OK
Content-Length: 95
Content-Type: application/json; charset=utf-8
cache-control: no-cache

16:19:08.582 [AsyncHttpClient-1-3] DEBUG org.asynchttpclient.netty.channel.ChannelManager - Adding key: http://localhost:3383 for channel [id: 0xd57b9c8b, L:/127.0.0.1:15060 - R:localhost/127.0.0.1:3383]
16:19:08.584 [Forwarding clickElement on session 55c9a23eba2293eb3c62c9cbc4cb9967 to remote] DEBUG org.asynchttpclient.netty.request.NettyRequestSender - Using pooled Channel '[id: 0xd57b9c8b, L:/127.0.0.1:15060 - R:localhost/127.0.0.1:3383]' for 'POST' to 'http://localhost:3383/session/55c9a23eba2293eb3c62c9cbc4cb9967/element/D3550DB7A964A37A77F8B6E525148F3E_element_60/click'
16:19:08.584 [Forwarding clickElement on session 55c9a23eba2293eb3c62c9cbc4cb9967 to remote] DEBUG org.asynchttpclient.netty.request.NettyRequestSender - Using open Channel [id: 0xd57b9c8b, L:/127.0.0.1:15060 - R:localhost/127.0.0.1:3383] for POST '/session/55c9a23eba2293eb3c62c9cbc4cb9967/element/D3550DB7A964A37A77F8B6E525148F3E_element_60/click'
16:19:08.634 [AsyncHttpClient-1-3] DEBUG org.asynchttpclient.netty.handler.HttpHandler - 

Request DefaultHttpRequest(decodeResult: success, version: HTTP/1.1)
POST /session/55c9a23eba2293eb3c62c9cbc4cb9967/element/D3550DB7A964A37A77F8B6E525148F3E_element_60/click HTTP/1.1
User-Agent: selenium/4.8.1 (java windows)
Content-Length: 57
Content-Type: application/json; charset=utf-8
host: localhost:3383
accept: */*

Response DefaultHttpResponse(decodeResult: success, version: HTTP/1.1)
HTTP/1.1 200 OK
Content-Length: 14
Content-Type: application/json; charset=utf-8
cache-control: no-cache

16:19:08.634 [AsyncHttpClient-1-3] DEBUG org.asynchttpclient.netty.channel.ChannelManager - Adding key: http://localhost:3383 for channel [id: 0xd57b9c8b, L:/127.0.0.1:15060 - R:localhost/127.0.0.1:3383]
16:19:08.651 [Forwarding getAlertText on session 55c9a23eba2293eb3c62c9cbc4cb9967 to remote] DEBUG org.asynchttpclient.netty.request.NettyRequestSender - Using pooled Channel '[id: 0xd57b9c8b, L:/127.0.0.1:15060 - R:localhost/127.0.0.1:3383]' for 'GET' to 'http://localhost:3383/session/55c9a23eba2293eb3c62c9cbc4cb9967/alert/text'
16:19:08.651 [Forwarding getAlertText on session 55c9a23eba2293eb3c62c9cbc4cb9967 to remote] DEBUG org.asynchttpclient.netty.request.NettyRequestSender - Using open Channel [id: 0xd57b9c8b, L:/127.0.0.1:15060 - R:localhost/127.0.0.1:3383] for GET '/session/55c9a23eba2293eb3c62c9cbc4cb9967/alert/text'
16:19:08.653 [AsyncHttpClient-1-3] DEBUG org.asynchttpclient.netty.handler.HttpHandler - 

Request DefaultFullHttpRequest(decodeResult: success, version: HTTP/1.1, content: EmptyByteBufBE)
GET /session/55c9a23eba2293eb3c62c9cbc4cb9967/alert/text HTTP/1.1
User-Agent: selenium/4.8.1 (java windows)
Cache-Control: no-cache
Content-Type: application/json; charset=utf-8
host: localhost:3383
accept: */*

Response DefaultHttpResponse(decodeResult: success, version: HTTP/1.1)
HTTP/1.1 404 Not Found
Content-Length: 807
Content-Type: application/json; charset=utf-8
cache-control: no-cache

16:19:08.653 [AsyncHttpClient-1-3] DEBUG org.asynchttpclient.netty.channel.ChannelManager - Adding key: http://localhost:3383 for channel [id: 0xd57b9c8b, L:/127.0.0.1:15060 - R:localhost/127.0.0.1:3383]
16:19:08.654 [Forwarding getCurrentUrl on session 55c9a23eba2293eb3c62c9cbc4cb9967 to remote] DEBUG org.asynchttpclient.netty.request.NettyRequestSender - Using pooled Channel '[id: 0xd57b9c8b, L:/127.0.0.1:15060 - R:localhost/127.0.0.1:3383]' for 'GET' to 'http://localhost:3383/session/55c9a23eba2293eb3c62c9cbc4cb9967/url'
16:19:08.654 [Forwarding getCurrentUrl on session 55c9a23eba2293eb3c62c9cbc4cb9967 to remote] DEBUG org.asynchttpclient.netty.request.NettyRequestSender - Using open Channel [id: 0xd57b9c8b, L:/127.0.0.1:15060 - R:localhost/127.0.0.1:3383] for GET '/session/55c9a23eba2293eb3c62c9cbc4cb9967/url'
16:19:08.658 [AsyncHttpClient-1-3] DEBUG org.asynchttpclient.netty.handler.HttpHandler - 

Request DefaultFullHttpRequest(decodeResult: success, version: HTTP/1.1, content: EmptyByteBufBE)
GET /session/55c9a23eba2293eb3c62c9cbc4cb9967/url HTTP/1.1
User-Agent: selenium/4.8.1 (java windows)
Cache-Control: no-cache
Content-Type: application/json; charset=utf-8
host: localhost:3383
accept: */*

Response DefaultHttpResponse(decodeResult: success, version: HTTP/1.1)
HTTP/1.1 200 OK
Content-Length: 65
Content-Type: application/json; charset=utf-8
cache-control: no-cache

16:19:08.658 [AsyncHttpClient-1-3] DEBUG org.asynchttpclient.netty.channel.ChannelManager - Adding key: http://localhost:3383 for channel [id: 0xd57b9c8b, L:/127.0.0.1:15060 - R:localhost/127.0.0.1:3383]
16:19:08.660 [Forwarding screenshot on session 55c9a23eba2293eb3c62c9cbc4cb9967 to remote] DEBUG org.asynchttpclient.netty.request.NettyRequestSender - Using pooled Channel '[id: 0xd57b9c8b, L:/127.0.0.1:15060 - R:localhost/127.0.0.1:3383]' for 'GET' to 'http://localhost:3383/session/55c9a23eba2293eb3c62c9cbc4cb9967/screenshot'
16:19:08.660 [Forwarding screenshot on session 55c9a23eba2293eb3c62c9cbc4cb9967 to remote] DEBUG org.asynchttpclient.netty.request.NettyRequestSender - Using open Channel [id: 0xd57b9c8b, L:/127.0.0.1:15060 - R:localhost/127.0.0.1:3383] for GET '/session/55c9a23eba2293eb3c62c9cbc4cb9967/screenshot'
16:19:08.772 [AsyncHttpClient-1-3] DEBUG org.asynchttpclient.netty.handler.HttpHandler - 

Request DefaultFullHttpRequest(decodeResult: success, version: HTTP/1.1, content: EmptyByteBufBE)
GET /session/55c9a23eba2293eb3c62c9cbc4cb9967/screenshot HTTP/1.1
User-Agent: selenium/4.8.1 (java windows)
Cache-Control: no-cache
Content-Type: application/json; charset=utf-8
host: localhost:3383
accept: */*

Response DefaultHttpResponse(decodeResult: success, version: HTTP/1.1)
HTTP/1.1 200 OK
Content-Length: 84508
Content-Type: application/json; charset=utf-8
cache-control: no-cache

16:19:08.773 [AsyncHttpClient-1-3] DEBUG org.asynchttpclient.netty.channel.ChannelManager - Adding key: http://localhost:3383 for channel [id: 0xd57b9c8b, L:/127.0.0.1:15060 - R:localhost/127.0.0.1:3383]
16:19:08.779 [main] DEBUG net.serenitybdd.core.photography.Darkroom - Send negative for processing for target\site\serenity\643014b2d49f8ee96b024cf2c23e0a43b189bdc0c8b116708acfbd424844ec48.png
16:19:08.779 [main] DEBUG net.thucydides.core.steps.StepInterceptor - STEP DONE: ClickViewCashout
  &amp#27;[32mThen &amp#27;[0m&amp#27;[32mI see the Stock Cashout history&amp#27;[0m                          &amp#27;[90m# Starter.Stepdefitions.StockCasoutSteps.ClickViewCashout()&amp#27;[0m
16:19:08.787 [main] INFO  - 
  _____   ___   ___   _____     ___     _     ___   ___   ___   ___  
 |_   _| | __| / __| |_   _|   | _ \   /_\   / __| / __| | __| |   \ 
   | |   | _|  \__ \   | |     |  _/  / _ \  \__ \ \__ \ | _|  | |) |
   |_|   |___| |___/   |_|     |_|   /_/ \_\ |___/ |___/ |___| |___/ 

As a user, I have successfully view the Stock Cashout
----------------------------------------------------------------------
16:19:08.789 [AsyncHttpClient-1-5] DEBUG org.asynchttpclient.netty.handler.WebSocketHandler - Channel Closed: [id: 0x010c1ad7, L:/127.0.0.1:15068 ! R:localhost/127.0.0.1:15061] with attribute NettyResponseFuture{currentRetry=0,
	isDone=1,
	isCancelled=0,
	asyncHandler=org.asynchttpclient.ws.WebSocketUpgradeHandler@bfe23,
	nettyRequest=org.asynchttpclient.netty.request.NettyRequest@14cc3c1,
	future=java.util.concurrent.CompletableFuture@46d15f[Completed normally],
	uri=ws://localhost:15061/devtools/browser/2c623f24-ba01-466c-a81b-01dae33e0a7d,
	keepAlive=true,
	redirectCount=0,
	timeoutsHolder=null,
	inAuth=0,
	touch=1687684709618}
16:19:08.789 [AsyncHttpClient-1-5] DEBUG org.asynchttpclient.netty.channel.ChannelManager - Closing Channel [id: 0x010c1ad7, L:/127.0.0.1:15068 ! R:localhost/127.0.0.1:15061] 
16:19:08.789 [Driver Command Executor] DEBUG org.asynchttpclient.netty.request.NettyRequestSender - Using pooled Channel '[id: 0xd57b9c8b, L:/127.0.0.1:15060 - R:localhost/127.0.0.1:3383]' for 'DELETE' to 'http://localhost:3383/session/55c9a23eba2293eb3c62c9cbc4cb9967'
16:19:08.789 [Driver Command Executor] DEBUG org.asynchttpclient.netty.request.NettyRequestSender - Using open Channel [id: 0xd57b9c8b, L:/127.0.0.1:15060 - R:localhost/127.0.0.1:3383] for DELETE '/session/55c9a23eba2293eb3c62c9cbc4cb9967'
16:19:09.043 [AsyncHttpClient-1-1] DEBUG org.asynchttpclient.netty.channel.DefaultChannelPool - Entry count for : http://localhost:15061 : 1
16:19:10.143 [AsyncHttpClient-1-1] DEBUG org.asynchttpclient.netty.channel.DefaultChannelPool - Entry count for : http://localhost:15061 : 1
16:19:11.244 [AsyncHttpClient-1-1] DEBUG org.asynchttpclient.netty.channel.DefaultChannelPool - Entry count for : http://localhost:15061 : 1
16:19:12.343 [AsyncHttpClient-1-1] DEBUG org.asynchttpclient.netty.channel.DefaultChannelPool - Entry count for : http://localhost:15061 : 1
16:19:12.419 [AsyncHttpClient-1-4] DEBUG org.asynchttpclient.netty.handler.HttpHandler - Unexpected I/O exception on channel [id: 0xcc010b79, L:/127.0.0.1:15067 - R:localhost/127.0.0.1:15061]
java.io.IOException: An existing connection was forcibly closed by the remote host
	at sun.nio.ch.SocketDispatcher.read0(Native Method)
	at sun.nio.ch.SocketDispatcher.read(SocketDispatcher.java:43)
	at sun.nio.ch.IOUtil.readIntoNativeBuffer(IOUtil.java:223)
	at sun.nio.ch.IOUtil.read(IOUtil.java:192)
	at sun.nio.ch.SocketChannelImpl.read(SocketChannelImpl.java:379)
	at io.netty.buffer.PooledByteBuf.setBytes(PooledByteBuf.java:259)
	at io.netty.buffer.AbstractByteBuf.writeBytes(AbstractByteBuf.java:1132)
	at io.netty.channel.socket.nio.NioSocketChannel.doReadBytes(NioSocketChannel.java:357)
	at io.netty.channel.nio.AbstractNioByteChannel$NioByteUnsafe.read(AbstractNioByteChannel.java:151)
	at io.netty.channel.nio.NioEventLoop.processSelectedKey(NioEventLoop.java:788)
	at io.netty.channel.nio.NioEventLoop.processSelectedKeysOptimized(NioEventLoop.java:724)
	at io.netty.channel.nio.NioEventLoop.processSelectedKeys(NioEventLoop.java:650)
	at io.netty.channel.nio.NioEventLoop.run(NioEventLoop.java:562)
	at io.netty.util.concurrent.SingleThreadEventExecutor$4.run(SingleThreadEventExecutor.java:997)
	at io.netty.util.internal.ThreadExecutorMap$2.run(ThreadExecutorMap.java:74)
	at io.netty.util.concurrent.FastThreadLocalRunnable.run(FastThreadLocalRunnable.java:30)
	at java.lang.Thread.run(Thread.java:745)
16:19:12.419 [AsyncHttpClient-1-4] DEBUG org.asynchttpclient.netty.channel.ChannelManager - Closing Channel [id: 0xcc010b79, L:/127.0.0.1:15067 - R:localhost/127.0.0.1:15061] 
16:19:12.420 [AsyncHttpClient-1-4] DEBUG org.asynchttpclient.netty.handler.HttpHandler - Channel Closed: [id: 0xcc010b79, L:/127.0.0.1:15067 ! R:localhost/127.0.0.1:15061] with attribute DISCARD
16:19:12.696 [AsyncHttpClient-1-3] DEBUG org.asynchttpclient.netty.handler.HttpHandler - 

Request DefaultFullHttpRequest(decodeResult: success, version: HTTP/1.1, content: EmptyByteBufBE)
DELETE /session/55c9a23eba2293eb3c62c9cbc4cb9967 HTTP/1.1
User-Agent: selenium/4.8.1 (java windows)
Content-Type: application/json; charset=utf-8
host: localhost:3383
accept: */*

Response DefaultHttpResponse(decodeResult: success, version: HTTP/1.1)
HTTP/1.1 200 OK
Content-Length: 14
Content-Type: application/json; charset=utf-8
cache-control: no-cache

16:19:12.697 [AsyncHttpClient-1-3] DEBUG org.asynchttpclient.netty.channel.ChannelManager - Adding key: http://localhost:3383 for channel [id: 0xd57b9c8b, L:/127.0.0.1:15060 - R:localhost/127.0.0.1:3383]
16:19:12.926 [AsyncHttpClient-1-3] DEBUG org.asynchttpclient.netty.handler.HttpHandler - Channel Closed: [id: 0xd57b9c8b, L:/127.0.0.1:15060 ! R:localhost/127.0.0.1:3383] with attribute DISCARD
16:19:13.443 [AsyncHttpClient-1-1] DEBUG org.asynchttpclient.netty.channel.DefaultChannelPool - Entry count for : http://localhost:3383 : 1
16:19:13.443 [AsyncHttpClient-1-1] DEBUG org.asynchttpclient.netty.channel.DefaultChannelPool - Entry count for : http://localhost:15061 : 1
16:19:13.443 [AsyncHttpClient-1-1] DEBUG org.asynchttpclient.netty.channel.DefaultChannelPool - Adding Candidate expired Channel [id: 0xd57b9c8b, L:/127.0.0.1:15060 ! R:localhost/127.0.0.1:3383] isIdleTimeoutExpired=false isRemotelyClosed=true isTtlExpired=false
16:19:13.443 [AsyncHttpClient-1-1] DEBUG org.asynchttpclient.netty.channel.DefaultChannelPool - Closing Idle Channel [id: 0xd57b9c8b, L:/127.0.0.1:15060 ! R:localhost/127.0.0.1:3383]
16:19:13.443 [AsyncHttpClient-1-1] DEBUG org.asynchttpclient.netty.channel.DefaultChannelPool - Adding Candidate expired Channel [id: 0xcc010b79, L:/127.0.0.1:15067 ! R:localhost/127.0.0.1:15061] isIdleTimeoutExpired=false isRemotelyClosed=true isTtlExpired=false
16:19:13.443 [AsyncHttpClient-1-1] DEBUG org.asynchttpclient.netty.channel.DefaultChannelPool - Closing Idle Channel [id: 0xcc010b79, L:/127.0.0.1:15067 ! R:localhost/127.0.0.1:15061]
16:19:13.443 [AsyncHttpClient-1-1] DEBUG org.asynchttpclient.netty.channel.DefaultChannelPool - Closed 2 connections out of 2 in 0 ms
]]></system-out>
    <system-err><![CDATA[Starting ChromeDriver 114.0.5735.90 (386bc09e8f4f2e025eddae123f36f6263096ae49-refs/branch-heads/5735@{#1052}) on port 3383
Only local connections are allowed.
Please see https://chromedriver.chromium.org/security-considerations for suggestions on keeping ChromeDriver safe.
ChromeDriver was started successfully.
Jun 25, 2023 4:18:29 PM org.openqa.selenium.devtools.CdpVersionFinder findNearestMatch
WARNING: Unable to find an exact match for CDP version 114, so returning the closest version found: 110
]]></system-err>
  </testcase>
</testsuite>