<?xml version="1.0" encoding="UTF-8"?>
<testsuite xmlns:xsi="http://www.w3.org/2001/XMLSchema-instance" xsi:noNamespaceSchemaLocation="https://maven.apache.org/surefire/maven-failsafe-plugin/xsd/failsafe-test-report-3.0.xsd" version="3.0" name="Starter.CucumberTestSuite" time="460.531" tests="10" errors="1" skipped="0" failures="0">
  <properties>
    <property name="sun.desktop" value="windows"/>
    <property name="awt.toolkit" value="sun.awt.windows.WToolkit"/>
    <property name="java.specification.version" value="1.8"/>
    <property name="file.encoding.pkg" value="sun.io"/>
    <property name="webdriver.chrome.driver" value="src/test/resources/webdriver/chromedriver.exe"/>
    <property name="sun.cpu.isalist" value="pentium_pro+mmx pentium_pro pentium+mmx pentium i486 i386 i86"/>
    <property name="sun.jnu.encoding" value="Cp1252"/>
    <property name="java.class.path" value="C:\Users\USER\IdeaProjects\Capston_webtesting\target\test-classes;C:\Users\USER\IdeaProjects\Capston_webtesting\target\Capston_webtesting-1.0-SNAPSHOT.jar;C:\Users\USER\.m2\repository\net\serenity-bdd\serenity-core\3.6.21\serenity-core-3.6.21.jar;C:\Users\USER\.m2\repository\net\serenity-bdd\serenity-model\3.6.21\serenity-model-3.6.21.jar;C:\Users\USER\.m2\repository\org\apache\commons\commons-text\1.10.0\commons-text-1.10.0.jar;C:\Users\USER\.m2\repository\commons-net\commons-net\3.9.0\commons-net-3.9.0.jar;C:\Users\USER\.m2\repository\com\google\guava\guava\31.1-jre\guava-31.1-jre.jar;C:\Users\USER\.m2\repository\com\google\guava\failureaccess\1.0.1\failureaccess-1.0.1.jar;C:\Users\USER\.m2\repository\com\google\guava\listenablefuture\9999.0-empty-to-avoid-conflict-with-guava\listenablefuture-9999.0-empty-to-avoid-conflict-with-guava.jar;C:\Users\USER\.m2\repository\com\google\code\findbugs\jsr305\3.0.2\jsr305-3.0.2.jar;C:\Users\USER\.m2\repository\org\checkerframework\checker-qual\3.12.0\checker-qual-3.12.0.jar;C:\Users\USER\.m2\repository\com\google\errorprone\error_prone_annotations\2.11.0\error_prone_annotations-2.11.0.jar;C:\Users\USER\.m2\repository\com\google\j2objc\j2objc-annotations\1.3\j2objc-annotations-1.3.jar;C:\Users\USER\.m2\repository\com\google\inject\guice\5.1.0\guice-5.1.0.jar;C:\Users\USER\.m2\repository\javax\inject\javax.inject\1\javax.inject-1.jar;C:\Users\USER\.m2\repository\aopalliance\aopalliance\1.0\aopalliance-1.0.jar;C:\Users\USER\.m2\repository\org\jsoup\jsoup\1.14.3\jsoup-1.14.3.jar;C:\Users\USER\.m2\repository\com\thoughtworks\xstream\xstream\1.4.20\xstream-1.4.20.jar;C:\Users\USER\.m2\repository\io\github\x-stream\mxparser\1.2.2\mxparser-1.2.2.jar;C:\Users\USER\.m2\repository\xmlpull\xmlpull\1.1.3.1\xmlpull-1.1.3.1.jar;C:\Users\USER\.m2\repository\com\typesafe\config\1.4.2\config-1.4.2.jar;C:\Users\USER\.m2\repository\org\imgscalr\imgscalr-lib\4.2\imgscalr-lib-4.2.jar;C:\Users\USER\.m2\repository\org\awaitility\awaitility\4.2.0\awaitility-4.2.0.jar;C:\Users\USER\.m2\repository\org\freemarker\freemarker\2.3.31\freemarker-2.3.31.jar;C:\Users\USER\.m2\repository\io\github\classgraph\classgraph\4.8.138\classgraph-4.8.138.jar;C:\Users\USER\.m2\repository\net\sourceforge\jexcelapi\jxl\2.6.12\jxl-2.6.12.jar;C:\Users\USER\.m2\repository\net\bytebuddy\byte-buddy-agent\1.14.2\byte-buddy-agent-1.14.2.jar;C:\Users\USER\.m2\repository\org\objenesis\objenesis\3.3\objenesis-3.3.jar;C:\Users\USER\.m2\repository\net\serenity-bdd\serenity-reports\3.6.21\serenity-reports-3.6.21.jar;C:\Users\USER\.m2\repository\net\serenity-bdd\serenity-stats\3.6.21\serenity-stats-3.6.21.jar;C:\Users\USER\.m2\repository\net\serenity-bdd\serenity-reports-configuration\3.6.21\serenity-reports-configuration-3.6.21.jar;C:\Users\USER\.m2\repository\com\vladsch\flexmark\flexmark-all\0.62.2\flexmark-all-0.62.2.jar;C:\Users\USER\.m2\repository\com\vladsch\flexmark\flexmark\0.62.2\flexmark-0.62.2.jar;C:\Users\USER\.m2\repository\com\vladsch\flexmark\flexmark-ext-abbreviation\0.62.2\flexmark-ext-abbreviation-0.62.2.jar;C:\Users\USER\.m2\repository\com\vladsch\flexmark\flexmark-util\0.62.2\flexmark-util-0.62.2.jar;C:\Users\USER\.m2\repository\com\vladsch\flexmark\flexmark-ext-admonition\0.62.2\flexmark-ext-admonition-0.62.2.jar;C:\Users\USER\.m2\repository\com\vladsch\flexmark\flexmark-ext-anchorlink\0.62.2\flexmark-ext-anchorlink-0.62.2.jar;C:\Users\USER\.m2\repository\com\vladsch\flexmark\flexmark-ext-aside\0.62.2\flexmark-ext-aside-0.62.2.jar;C:\Users\USER\.m2\repository\com\vladsch\flexmark\flexmark-ext-attributes\0.62.2\flexmark-ext-attributes-0.62.2.jar;C:\Users\USER\.m2\repository\com\vladsch\flexmark\flexmark-ext-autolink\0.62.2\flexmark-ext-autolink-0.62.2.jar;C:\Users\USER\.m2\repository\org\nibor\autolink\autolink\0.6.0\autolink-0.6.0.jar;C:\Users\USER\.m2\repository\com\vladsch\flexmark\flexmark-ext-definition\0.62.2\flexmark-ext-definition-0.62.2.jar;C:\Users\USER\.m2\repository\com\vladsch\flexmark\flexmark-ext-emoji\0.62.2\flexmark-ext-emoji-0.62.2.jar;C:\Users\USER\.m2\repository\com\vladsch\flexmark\flexmark-ext-enumerated-reference\0.62.2\flexmark-ext-enumerated-reference-0.62.2.jar;C:\Users\USER\.m2\repository\com\vladsch\flexmark\flexmark-ext-escaped-character\0.62.2\flexmark-ext-escaped-character-0.62.2.jar;C:\Users\USER\.m2\repository\com\vladsch\flexmark\flexmark-ext-footnotes\0.62.2\flexmark-ext-footnotes-0.62.2.jar;C:\Users\USER\.m2\repository\com\vladsch\flexmark\flexmark-ext-gfm-issues\0.62.2\flexmark-ext-gfm-issues-0.62.2.jar;C:\Users\USER\.m2\repository\com\vladsch\flexmark\flexmark-ext-gfm-strikethrough\0.62.2\flexmark-ext-gfm-strikethrough-0.62.2.jar;C:\Users\USER\.m2\repository\com\vladsch\flexmark\flexmark-ext-gfm-tasklist\0.62.2\flexmark-ext-gfm-tasklist-0.62.2.jar;C:\Users\USER\.m2\repository\com\vladsch\flexmark\flexmark-ext-gfm-users\0.62.2\flexmark-ext-gfm-users-0.62.2.jar;C:\Users\USER\.m2\repository\com\vladsch\flexmark\flexmark-ext-gitlab\0.62.2\flexmark-ext-gitlab-0.62.2.jar;C:\Users\USER\.m2\repository\com\vladsch\flexmark\flexmark-ext-jekyll-front-matter\0.62.2\flexmark-ext-jekyll-front-matter-0.62.2.jar;C:\Users\USER\.m2\repository\com\vladsch\flexmark\flexmark-ext-jekyll-tag\0.62.2\flexmark-ext-jekyll-tag-0.62.2.jar;C:\Users\USER\.m2\repository\com\vladsch\flexmark\flexmark-ext-media-tags\0.62.2\flexmark-ext-media-tags-0.62.2.jar;C:\Users\USER\.m2\repository\com\vladsch\flexmark\flexmark-ext-macros\0.62.2\flexmark-ext-macros-0.62.2.jar;C:\Users\USER\.m2\repository\com\vladsch\flexmark\flexmark-ext-ins\0.62.2\flexmark-ext-ins-0.62.2.jar;C:\Users\USER\.m2\repository\com\vladsch\flexmark\flexmark-ext-xwiki-macros\0.62.2\flexmark-ext-xwiki-macros-0.62.2.jar;C:\Users\USER\.m2\repository\com\vladsch\flexmark\flexmark-ext-superscript\0.62.2\flexmark-ext-superscript-0.62.2.jar;C:\Users\USER\.m2\repository\com\vladsch\flexmark\flexmark-ext-tables\0.62.2\flexmark-ext-tables-0.62.2.jar;C:\Users\USER\.m2\repository\com\vladsch\flexmark\flexmark-ext-toc\0.62.2\flexmark-ext-toc-0.62.2.jar;C:\Users\USER\.m2\repository\com\vladsch\flexmark\flexmark-ext-typographic\0.62.2\flexmark-ext-typographic-0.62.2.jar;C:\Users\USER\.m2\repository\com\vladsch\flexmark\flexmark-ext-wikilink\0.62.2\flexmark-ext-wikilink-0.62.2.jar;C:\Users\USER\.m2\repository\com\vladsch\flexmark\flexmark-ext-yaml-front-matter\0.62.2\flexmark-ext-yaml-front-matter-0.62.2.jar;C:\Users\USER\.m2\repository\com\vladsch\flexmark\flexmark-ext-youtube-embedded\0.62.2\flexmark-ext-youtube-embedded-0.62.2.jar;C:\Users\USER\.m2\repository\com\vladsch\flexmark\flexmark-html2md-converter\0.62.2\flexmark-html2md-converter-0.62.2.jar;C:\Users\USER\.m2\repository\com\vladsch\flexmark\flexmark-jira-converter\0.62.2\flexmark-jira-converter-0.62.2.jar;C:\Users\USER\.m2\repository\com\vladsch\flexmark\flexmark-pdf-converter\0.62.2\flexmark-pdf-converter-0.62.2.jar;C:\Users\USER\.m2\repository\com\openhtmltopdf\openhtmltopdf-core\1.0.0\openhtmltopdf-core-1.0.0.jar;C:\Users\USER\.m2\repository\com\openhtmltopdf\openhtmltopdf-pdfbox\1.0.0\openhtmltopdf-pdfbox-1.0.0.jar;C:\Users\USER\.m2\repository\org\apache\pdfbox\pdfbox\2.0.16\pdfbox-2.0.16.jar;C:\Users\USER\.m2\repository\org\apache\pdfbox\fontbox\2.0.16\fontbox-2.0.16.jar;C:\Users\USER\.m2\repository\org\apache\pdfbox\xmpbox\2.0.16\xmpbox-2.0.16.jar;C:\Users\USER\.m2\repository\de\rototor\pdfbox\graphics2d\0.24\graphics2d-0.24.jar;C:\Users\USER\.m2\repository\com\openhtmltopdf\openhtmltopdf-rtl-support\1.0.0\openhtmltopdf-rtl-support-1.0.0.jar;C:\Users\USER\.m2\repository\com\openhtmltopdf\openhtmltopdf-jsoup-dom-converter\1.0.0\openhtmltopdf-jsoup-dom-converter-1.0.0.jar;C:\Users\USER\.m2\repository\com\vladsch\flexmark\flexmark-profile-pegdown\0.62.2\flexmark-profile-pegdown-0.62.2.jar;C:\Users\USER\.m2\repository\com\vladsch\flexmark\flexmark-util-ast\0.62.2\flexmark-util-ast-0.62.2.jar;C:\Users\USER\.m2\repository\com\vladsch\flexmark\flexmark-util-builder\0.62.2\flexmark-util-builder-0.62.2.jar;C:\Users\USER\.m2\repository\com\vladsch\flexmark\flexmark-util-collection\0.62.2\flexmark-util-collection-0.62.2.jar;C:\Users\USER\.m2\repository\com\vladsch\flexmark\flexmark-util-data\0.62.2\flexmark-util-data-0.62.2.jar;C:\Users\USER\.m2\repository\com\vladsch\flexmark\flexmark-util-dependency\0.62.2\flexmark-util-dependency-0.62.2.jar;C:\Users\USER\.m2\repository\com\vladsch\flexmark\flexmark-util-format\0.62.2\flexmark-util-format-0.62.2.jar;C:\Users\USER\.m2\repository\com\vladsch\flexmark\flexmark-util-html\0.62.2\flexmark-util-html-0.62.2.jar;C:\Users\USER\.m2\repository\com\vladsch\flexmark\flexmark-util-misc\0.62.2\flexmark-util-misc-0.62.2.jar;C:\Users\USER\.m2\repository\com\vladsch\flexmark\flexmark-util-options\0.62.2\flexmark-util-options-0.62.2.jar;C:\Users\USER\.m2\repository\com\vladsch\flexmark\flexmark-util-sequence\0.62.2\flexmark-util-sequence-0.62.2.jar;C:\Users\USER\.m2\repository\com\vladsch\flexmark\flexmark-util-visitor\0.62.2\flexmark-util-visitor-0.62.2.jar;C:\Users\USER\.m2\repository\com\vladsch\flexmark\flexmark-youtrack-converter\0.62.2\flexmark-youtrack-converter-0.62.2.jar;C:\Users\USER\.m2\repository\com\ibm\icu\icu4j\72.1\icu4j-72.1.jar;C:\Users\USER\.m2\repository\es\nitaur\markdown\txtmark\0.16\txtmark-0.16.jar;C:\Users\USER\.m2\repository\net\serenity-bdd\serenity-report-resources\3.6.21\serenity-report-resources-3.6.21.jar;C:\Users\USER\.m2\repository\com\google\code\gson\gson\2.10.1\gson-2.10.1.jar;C:\Users\USER\.m2\repository\com\fasterxml\jackson\core\jackson-core\2.15.0-rc1\jackson-core-2.15.0-rc1.jar;C:\Users\USER\.m2\repository\com\fasterxml\jackson\core\jackson-databind\2.15.0-rc1\jackson-databind-2.15.0-rc1.jar;C:\Users\USER\.m2\repository\com\fasterxml\jackson\core\jackson-annotations\2.15.0-rc1\jackson-annotations-2.15.0-rc1.jar;C:\Users\USER\.m2\repository\commons-codec\commons-codec\1.15\commons-codec-1.15.jar;C:\Users\USER\.m2\repository\commons-io\commons-io\2.11.0\commons-io-2.11.0.jar;C:\Users\USER\.m2\repository\org\apache\httpcomponents\httpclient\4.5.13\httpclient-4.5.13.jar;C:\Users\USER\.m2\repository\org\apache\httpcomponents\httpcore\4.4.13\httpcore-4.4.13.jar;C:\Users\USER\.m2\repository\commons-logging\commons-logging\1.2\commons-logging-1.2.jar;C:\Users\USER\.m2\repository\org\seleniumhq\selenium\selenium-java\4.8.1\selenium-java-4.8.1.jar;C:\Users\USER\.m2\repository\org\seleniumhq\selenium\selenium-devtools-v108\4.8.1\selenium-devtools-v108-4.8.1.jar;C:\Users\USER\.m2\repository\org\seleniumhq\selenium\selenium-devtools-v109\4.8.1\selenium-devtools-v109-4.8.1.jar;C:\Users\USER\.m2\repository\org\seleniumhq\selenium\selenium-devtools-v110\4.8.1\selenium-devtools-v110-4.8.1.jar;C:\Users\USER\.m2\repository\org\seleniumhq\selenium\selenium-devtools-v85\4.8.1\selenium-devtools-v85-4.8.1.jar;C:\Users\USER\.m2\repository\org\seleniumhq\selenium\selenium-remote-driver\4.8.1\selenium-remote-driver-4.8.1.jar;C:\Users\USER\.m2\repository\com\beust\jcommander\1.82\jcommander-1.82.jar;C:\Users\USER\.m2\repository\io\netty\netty-buffer\4.1.87.Final\netty-buffer-4.1.87.Final.jar;C:\Users\USER\.m2\repository\io\netty\netty-codec-http\4.1.87.Final\netty-codec-http-4.1.87.Final.jar;C:\Users\USER\.m2\repository\io\netty\netty-codec\4.1.87.Final\netty-codec-4.1.87.Final.jar;C:\Users\USER\.m2\repository\io\netty\netty-handler\4.1.87.Final\netty-handler-4.1.87.Final.jar;C:\Users\USER\.m2\repository\io\netty\netty-common\4.1.87.Final\netty-common-4.1.87.Final.jar;C:\Users\USER\.m2\repository\io\netty\netty-transport-classes-epoll\4.1.87.Final\netty-transport-classes-epoll-4.1.87.Final.jar;C:\Users\USER\.m2\repository\io\netty\netty-transport-classes-kqueue\4.1.87.Final\netty-transport-classes-kqueue-4.1.87.Final.jar;C:\Users\USER\.m2\repository\io\netty\netty-transport-native-epoll\4.1.87.Final\netty-transport-native-epoll-4.1.87.Final.jar;C:\Users\USER\.m2\repository\io\netty\netty-transport-native-kqueue\4.1.87.Final\netty-transport-native-kqueue-4.1.87.Final.jar;C:\Users\USER\.m2\repository\io\netty\netty-transport-native-unix-common\4.1.87.Final\netty-transport-native-unix-common-4.1.87.Final.jar;C:\Users\USER\.m2\repository\io\netty\netty-transport\4.1.87.Final\netty-transport-4.1.87.Final.jar;C:\Users\USER\.m2\repository\io\netty\netty-resolver\4.1.87.Final\netty-resolver-4.1.87.Final.jar;C:\Users\USER\.m2\repository\io\opentelemetry\opentelemetry-api\1.22.0\opentelemetry-api-1.22.0.jar;C:\Users\USER\.m2\repository\io\opentelemetry\opentelemetry-context\1.22.0\opentelemetry-context-1.22.0.jar;C:\Users\USER\.m2\repository\io\opentelemetry\opentelemetry-exporter-logging\1.22.0\opentelemetry-exporter-logging-1.22.0.jar;C:\Users\USER\.m2\repository\io\opentelemetry\opentelemetry-sdk-metrics\1.22.0\opentelemetry-sdk-metrics-1.22.0.jar;C:\Users\USER\.m2\repository\io\opentelemetry\opentelemetry-sdk-logs\1.22.0-alpha\opentelemetry-sdk-logs-1.22.0-alpha.jar;C:\Users\USER\.m2\repository\io\opentelemetry\opentelemetry-api-logs\1.22.0-alpha\opentelemetry-api-logs-1.22.0-alpha.jar;C:\Users\USER\.m2\repository\io\opentelemetry\opentelemetry-sdk-common\1.22.0\opentelemetry-sdk-common-1.22.0.jar;C:\Users\USER\.m2\repository\io\opentelemetry\opentelemetry-sdk-extension-autoconfigure-spi\1.22.0\opentelemetry-sdk-extension-autoconfigure-spi-1.22.0.jar;C:\Users\USER\.m2\repository\io\opentelemetry\opentelemetry-sdk-extension-autoconfigure\1.22.0-alpha\opentelemetry-sdk-extension-autoconfigure-1.22.0-alpha.jar;C:\Users\USER\.m2\repository\io\opentelemetry\opentelemetry-sdk-trace\1.22.0\opentelemetry-sdk-trace-1.22.0.jar;C:\Users\USER\.m2\repository\io\opentelemetry\opentelemetry-sdk\1.22.0\opentelemetry-sdk-1.22.0.jar;C:\Users\USER\.m2\repository\io\opentelemetry\opentelemetry-semconv\1.22.0-alpha\opentelemetry-semconv-1.22.0-alpha.jar;C:\Users\USER\.m2\repository\io\ous\jtoml\2.0.0\jtoml-2.0.0.jar;C:\Users\USER\.m2\repository\org\apache\commons\commons-exec\1.3\commons-exec-1.3.jar;C:\Users\USER\.m2\repository\org\asynchttpclient\async-http-client\2.12.3\async-http-client-2.12.3.jar;C:\Users\USER\.m2\repository\org\asynchttpclient\async-http-client-netty-utils\2.12.3\async-http-client-netty-utils-2.12.3.jar;C:\Users\USER\.m2\repository\io\netty\netty-codec-socks\4.1.60.Final\netty-codec-socks-4.1.60.Final.jar;C:\Users\USER\.m2\repository\io\netty\netty-handler-proxy\4.1.60.Final\netty-handler-proxy-4.1.60.Final.jar;C:\Users\USER\.m2\repository\io\netty\netty-transport-native-epoll\4.1.60.Final\netty-transport-native-epoll-4.1.60.Final-linux-x86_64.jar;C:\Users\USER\.m2\repository\io\netty\netty-transport-native-kqueue\4.1.60.Final\netty-transport-native-kqueue-4.1.60.Final-osx-x86_64.jar;C:\Users\USER\.m2\repository\org\reactivestreams\reactive-streams\1.0.3\reactive-streams-1.0.3.jar;C:\Users\USER\.m2\repository\com\typesafe\netty\netty-reactive-streams\2.0.4\netty-reactive-streams-2.0.4.jar;C:\Users\USER\.m2\repository\org\seleniumhq\selenium\selenium-manager\4.8.1\selenium-manager-4.8.1.jar;C:\Users\USER\.m2\repository\org\seleniumhq\selenium\selenium-safari-driver\4.8.1\selenium-safari-driver-4.8.1.jar;C:\Users\USER\.m2\repository\org\seleniumhq\selenium\selenium-api\4.8.1\selenium-api-4.8.1.jar;C:\Users\USER\.m2\repository\org\seleniumhq\selenium\selenium-support\4.8.1\selenium-support-4.8.1.jar;C:\Users\USER\.m2\repository\com\google\auto\service\auto-service-annotations\1.0.1\auto-service-annotations-1.0.1.jar;C:\Users\USER\.m2\repository\com\google\auto\service\auto-service\1.0.1\auto-service-1.0.1.jar;C:\Users\USER\.m2\repository\com\google\auto\auto-common\1.2\auto-common-1.2.jar;C:\Users\USER\.m2\repository\org\seleniumhq\selenium\selenium-json\4.8.1\selenium-json-4.8.1.jar;C:\Users\USER\.m2\repository\org\seleniumhq\selenium\selenium-chrome-driver\4.8.1\selenium-chrome-driver-4.8.1.jar;C:\Users\USER\.m2\repository\org\seleniumhq\selenium\selenium-chromium-driver\4.8.1\selenium-chromium-driver-4.8.1.jar;C:\Users\USER\.m2\repository\org\seleniumhq\selenium\selenium-firefox-driver\4.8.1\selenium-firefox-driver-4.8.1.jar;C:\Users\USER\.m2\repository\org\seleniumhq\selenium\selenium-http\4.8.1\selenium-http-4.8.1.jar;C:\Users\USER\.m2\repository\dev\failsafe\failsafe\3.3.0\failsafe-3.3.0.jar;C:\Users\USER\.m2\repository\org\seleniumhq\selenium\selenium-edge-driver\4.8.1\selenium-edge-driver-4.8.1.jar;C:\Users\USER\.m2\repository\org\seleniumhq\selenium\selenium-ie-driver\4.8.1\selenium-ie-driver-4.8.1.jar;C:\Users\USER\.m2\repository\org\projectlombok\lombok\1.18.20\lombok-1.18.20.jar;C:\Users\USER\.m2\repository\io\appium\java-client\8.3.0\java-client-8.3.0.jar;C:\Users\USER\.m2\repository\commons-validator\commons-validator\1.7\commons-validator-1.7.jar;C:\Users\USER\.m2\repository\commons-digester\commons-digester\2.1\commons-digester-2.1.jar;C:\Users\USER\.m2\repository\org\apache\groovy\groovy\4.0.10\groovy-4.0.10.jar;C:\Users\USER\.m2\repository\net\sf\opencsv\opencsv\2.0\opencsv-2.0.jar;C:\Users\USER\.m2\repository\commons-beanutils\commons-beanutils\1.9.4\commons-beanutils-1.9.4.jar;C:\Users\USER\.m2\repository\org\apache\commons\commons-lang3\3.12.0\commons-lang3-3.12.0.jar;C:\Users\USER\.m2\repository\commons-collections\commons-collections\3.2.2\commons-collections-3.2.2.jar;C:\Users\USER\.m2\repository\org\fluentlenium\fluentlenium-core\0.10.2\fluentlenium-core-0.10.2.jar;C:\Users\USER\.m2\repository\io\github\bonigarcia\webdrivermanager\5.3.0\webdrivermanager-5.3.0.jar;C:\Users\USER\.m2\repository\com\github\docker-java\docker-java\3.2.13\docker-java-3.2.13.jar;C:\Users\USER\.m2\repository\com\github\docker-java\docker-java-core\3.2.13\docker-java-core-3.2.13.jar;C:\Users\USER\.m2\repository\com\github\docker-java\docker-java-api\3.2.13\docker-java-api-3.2.13.jar;C:\Users\USER\.m2\repository\org\apache\commons\commons-compress\1.21\commons-compress-1.21.jar;C:\Users\USER\.m2\repository\org\bouncycastle\bcpkix-jdk15on\1.64\bcpkix-jdk15on-1.64.jar;C:\Users\USER\.m2\repository\org\bouncycastle\bcprov-jdk15on\1.64\bcprov-jdk15on-1.64.jar;C:\Users\USER\.m2\repository\org\slf4j\jcl-over-slf4j\1.7.30\jcl-over-slf4j-1.7.30.jar;C:\Users\USER\.m2\repository\com\github\docker-java\docker-java-transport-httpclient5\3.2.13\docker-java-transport-httpclient5-3.2.13.jar;C:\Users\USER\.m2\repository\com\github\docker-java\docker-java-transport\3.2.13\docker-java-transport-3.2.13.jar;C:\Users\USER\.m2\repository\net\java\dev\jna\jna\5.8.0\jna-5.8.0.jar;C:\Users\USER\.m2\repository\org\brotli\dec\0.1.2\dec-0.1.2.jar;C:\Users\USER\.m2\repository\org\apache\httpcomponents\client5\httpclient5\5.1.3\httpclient5-5.1.3.jar;C:\Users\USER\.m2\repository\org\apache\httpcomponents\core5\httpcore5\5.1.3\httpcore5-5.1.3.jar;C:\Users\USER\.m2\repository\org\apache\httpcomponents\core5\httpcore5-h2\5.1.3\httpcore5-h2-5.1.3.jar;C:\Users\USER\.m2\repository\com\jhlabs\filters\2.0.235\filters-2.0.235.jar;C:\Users\USER\.m2\repository\com\paulhammant\ngwebdriver\1.1.6\ngwebdriver-1.1.6.jar;C:\Users\USER\.m2\repository\joda-time\joda-time\2.12.2\joda-time-2.12.2.jar;C:\Users\USER\.m2\repository\org\hamcrest\hamcrest\2.2\hamcrest-2.2.jar;C:\Users\USER\.m2\repository\com\google\jimfs\jimfs\1.2\jimfs-1.2.jar;C:\Users\USER\.m2\repository\org\mockito\mockito-core\3.3.3\mockito-core-3.3.3.jar;C:\Users\USER\.m2\repository\javax\xml\bind\jaxb-api\2.3.1\jaxb-api-2.3.1.jar;C:\Users\USER\.m2\repository\javax\activation\javax.activation-api\1.2.0\javax.activation-api-1.2.0.jar;C:\Users\USER\.m2\repository\com\sun\xml\bind\jaxb-core\2.3.0.1\jaxb-core-2.3.0.1.jar;C:\Users\USER\.m2\repository\com\sun\xml\bind\jaxb-impl\2.3.3\jaxb-impl-2.3.3.jar;C:\Users\USER\.m2\repository\jakarta\xml\bind\jakarta.xml.bind-api\2.3.3\jakarta.xml.bind-api-2.3.3.jar;C:\Users\USER\.m2\repository\com\sun\activation\jakarta.activation\1.2.2\jakarta.activation-1.2.2.jar;C:\Users\USER\.m2\repository\javax\activation\activation\1.1.1\activation-1.1.1.jar;C:\Users\USER\.m2\repository\net\serenity-bdd\serenity-cucumber\3.6.21\serenity-cucumber-3.6.21.jar;C:\Users\USER\.m2\repository\io\cucumber\cucumber-core\7.11.0\cucumber-core-7.11.0.jar;C:\Users\USER\.m2\repository\io\cucumber\cucumber-gherkin\7.11.0\cucumber-gherkin-7.11.0.jar;C:\Users\USER\.m2\repository\io\cucumber\cucumber-gherkin-messages\7.11.0\cucumber-gherkin-messages-7.11.0.jar;C:\Users\USER\.m2\repository\io\cucumber\gherkin\26.0.3\gherkin-26.0.3.jar;C:\Users\USER\.m2\repository\io\cucumber\messages\21.0.1\messages-21.0.1.jar;C:\Users\USER\.m2\repository\io\cucumber\tag-expressions\5.0.1\tag-expressions-5.0.1.jar;C:\Users\USER\.m2\repository\io\cucumber\cucumber-expressions\16.1.1\cucumber-expressions-16.1.1.jar;C:\Users\USER\.m2\repository\io\cucumber\datatable\7.11.0\datatable-7.11.0.jar;C:\Users\USER\.m2\repository\io\cucumber\cucumber-plugin\7.11.0\cucumber-plugin-7.11.0.jar;C:\Users\USER\.m2\repository\io\cucumber\docstring\7.11.0\docstring-7.11.0.jar;C:\Users\USER\.m2\repository\io\cucumber\html-formatter\20.2.1\html-formatter-20.2.1.jar;C:\Users\USER\.m2\repository\io\cucumber\junit-xml-formatter\0.1.0\junit-xml-formatter-0.1.0.jar;C:\Users\USER\.m2\repository\io\cucumber\ci-environment\9.1.0\ci-environment-9.1.0.jar;C:\Users\USER\.m2\repository\io\cucumber\cucumber-java\7.11.0\cucumber-java-7.11.0.jar;C:\Users\USER\.m2\repository\io\cucumber\cucumber-junit\7.11.0\cucumber-junit-7.11.0.jar;C:\Users\USER\.m2\repository\org\apache\commons\commons-csv\1.5\commons-csv-1.5.jar;C:\Users\USER\.m2\repository\net\serenity-bdd\serenity-screenplay\3.6.21\serenity-screenplay-3.6.21.jar;C:\Users\USER\.m2\repository\net\serenity-bdd\serenity-screenplay-webdriver\3.6.21\serenity-screenplay-webdriver-3.6.21.jar;C:\Users\USER\.m2\repository\net\serenity-bdd\serenity-ensure\3.6.21\serenity-ensure-3.6.21.jar;C:\Users\USER\.m2\repository\net\serenity-bdd\serenity-junit\3.6.21\serenity-junit-3.6.21.jar;C:\Users\USER\.m2\repository\org\jetbrains\kotlin\kotlin-stdlib\1.8.10\kotlin-stdlib-1.8.10.jar;C:\Users\USER\.m2\repository\org\jetbrains\kotlin\kotlin-stdlib-common\1.8.10\kotlin-stdlib-common-1.8.10.jar;C:\Users\USER\.m2\repository\org\jetbrains\annotations\13.0\annotations-13.0.jar;C:\Users\USER\.m2\repository\org\junit\platform\junit-platform-launcher\1.8.2\junit-platform-launcher-1.8.2.jar;C:\Users\USER\.m2\repository\org\junit\platform\junit-platform-engine\1.8.2\junit-platform-engine-1.8.2.jar;C:\Users\USER\.m2\repository\org\opentest4j\opentest4j\1.2.0\opentest4j-1.2.0.jar;C:\Users\USER\.m2\repository\org\junit\platform\junit-platform-commons\1.8.2\junit-platform-commons-1.8.2.jar;C:\Users\USER\.m2\repository\org\apiguardian\apiguardian-api\1.1.2\apiguardian-api-1.1.2.jar;C:\Users\USER\.m2\repository\org\junit\jupiter\junit-jupiter-engine\5.8.2\junit-jupiter-engine-5.8.2.jar;C:\Users\USER\.m2\repository\org\junit\jupiter\junit-jupiter-api\5.8.2\junit-jupiter-api-5.8.2.jar;C:\Users\USER\.m2\repository\org\junit\vintage\junit-vintage-engine\5.8.2\junit-vintage-engine-5.8.2.jar;C:\Users\USER\.m2\repository\junit\junit\4.13.2\junit-4.13.2.jar;C:\Users\USER\.m2\repository\org\hamcrest\hamcrest-core\1.3\hamcrest-core-1.3.jar;C:\Users\USER\.m2\repository\ch\qos\logback\logback-classic\1.2.10\logback-classic-1.2.10.jar;C:\Users\USER\.m2\repository\ch\qos\logback\logback-core\1.2.10\logback-core-1.2.10.jar;C:\Users\USER\.m2\repository\org\slf4j\slf4j-api\1.7.32\slf4j-api-1.7.32.jar;C:\Users\USER\.m2\repository\org\assertj\assertj-core\3.23.1\assertj-core-3.23.1.jar;C:\Users\USER\.m2\repository\net\bytebuddy\byte-buddy\1.12.10\byte-buddy-1.12.10.jar;C:\Users\USER\.m2\repository\com\github\javafaker\javafaker\1.0.2\javafaker-1.0.2.jar;C:\Users\USER\.m2\repository\org\yaml\snakeyaml\1.23\snakeyaml-1.23-android.jar;C:\Users\USER\.m2\repository\com\github\mifmif\generex\1.0.2\generex-1.0.2.jar;C:\Users\USER\.m2\repository\dk\brics\automaton\automaton\1.11-8\automaton-1.11-8.jar;"/>
    <property name="java.vm.vendor" value="Oracle Corporation"/>
    <property name="sun.arch.data.model" value="32"/>
    <property name="user.variant" value=""/>
    <property name="java.vendor.url" value="http://java.oracle.com/"/>
    <property name="user.timezone" value="Asia/Bangkok"/>
    <property name="java.vm.specification.version" value="1.8"/>
    <property name="os.name" value="Windows 8.1"/>
    <property name="user.country" value="US"/>
    <property name="sun.java.launcher" value="SUN_STANDARD"/>
    <property name="sun.boot.library.path" value="C:\Program Files (x86)\Java\jdk1.8.0_31\jre\bin"/>
    <property name="sun.java.command" value="C:\Users\USER\AppData\Local\Temp\surefire7851478284276237658\surefirebooter2108382596061847218.jar C:\Users\USER\AppData\Local\Temp\surefire7851478284276237658 2023-06-25T14-04-39_808-jvmRun1 surefire3888427380773185116tmp surefire_01962487873519133069tmp"/>
    <property name="surefire.test.class.path" value="C:\Users\USER\IdeaProjects\Capston_webtesting\target\test-classes;C:\Users\USER\IdeaProjects\Capston_webtesting\target\Capston_webtesting-1.0-SNAPSHOT.jar;C:\Users\USER\.m2\repository\net\serenity-bdd\serenity-core\3.6.21\serenity-core-3.6.21.jar;C:\Users\USER\.m2\repository\net\serenity-bdd\serenity-model\3.6.21\serenity-model-3.6.21.jar;C:\Users\USER\.m2\repository\org\apache\commons\commons-text\1.10.0\commons-text-1.10.0.jar;C:\Users\USER\.m2\repository\commons-net\commons-net\3.9.0\commons-net-3.9.0.jar;C:\Users\USER\.m2\repository\com\google\guava\guava\31.1-jre\guava-31.1-jre.jar;C:\Users\USER\.m2\repository\com\google\guava\failureaccess\1.0.1\failureaccess-1.0.1.jar;C:\Users\USER\.m2\repository\com\google\guava\listenablefuture\9999.0-empty-to-avoid-conflict-with-guava\listenablefuture-9999.0-empty-to-avoid-conflict-with-guava.jar;C:\Users\USER\.m2\repository\com\google\code\findbugs\jsr305\3.0.2\jsr305-3.0.2.jar;C:\Users\USER\.m2\repository\org\checkerframework\checker-qual\3.12.0\checker-qual-3.12.0.jar;C:\Users\USER\.m2\repository\com\google\errorprone\error_prone_annotations\2.11.0\error_prone_annotations-2.11.0.jar;C:\Users\USER\.m2\repository\com\google\j2objc\j2objc-annotations\1.3\j2objc-annotations-1.3.jar;C:\Users\USER\.m2\repository\com\google\inject\guice\5.1.0\guice-5.1.0.jar;C:\Users\USER\.m2\repository\javax\inject\javax.inject\1\javax.inject-1.jar;C:\Users\USER\.m2\repository\aopalliance\aopalliance\1.0\aopalliance-1.0.jar;C:\Users\USER\.m2\repository\org\jsoup\jsoup\1.14.3\jsoup-1.14.3.jar;C:\Users\USER\.m2\repository\com\thoughtworks\xstream\xstream\1.4.20\xstream-1.4.20.jar;C:\Users\USER\.m2\repository\io\github\x-stream\mxparser\1.2.2\mxparser-1.2.2.jar;C:\Users\USER\.m2\repository\xmlpull\xmlpull\1.1.3.1\xmlpull-1.1.3.1.jar;C:\Users\USER\.m2\repository\com\typesafe\config\1.4.2\config-1.4.2.jar;C:\Users\USER\.m2\repository\org\imgscalr\imgscalr-lib\4.2\imgscalr-lib-4.2.jar;C:\Users\USER\.m2\repository\org\awaitility\awaitility\4.2.0\awaitility-4.2.0.jar;C:\Users\USER\.m2\repository\org\freemarker\freemarker\2.3.31\freemarker-2.3.31.jar;C:\Users\USER\.m2\repository\io\github\classgraph\classgraph\4.8.138\classgraph-4.8.138.jar;C:\Users\USER\.m2\repository\net\sourceforge\jexcelapi\jxl\2.6.12\jxl-2.6.12.jar;C:\Users\USER\.m2\repository\net\bytebuddy\byte-buddy-agent\1.14.2\byte-buddy-agent-1.14.2.jar;C:\Users\USER\.m2\repository\org\objenesis\objenesis\3.3\objenesis-3.3.jar;C:\Users\USER\.m2\repository\net\serenity-bdd\serenity-reports\3.6.21\serenity-reports-3.6.21.jar;C:\Users\USER\.m2\repository\net\serenity-bdd\serenity-stats\3.6.21\serenity-stats-3.6.21.jar;C:\Users\USER\.m2\repository\net\serenity-bdd\serenity-reports-configuration\3.6.21\serenity-reports-configuration-3.6.21.jar;C:\Users\USER\.m2\repository\com\vladsch\flexmark\flexmark-all\0.62.2\flexmark-all-0.62.2.jar;C:\Users\USER\.m2\repository\com\vladsch\flexmark\flexmark\0.62.2\flexmark-0.62.2.jar;C:\Users\USER\.m2\repository\com\vladsch\flexmark\flexmark-ext-abbreviation\0.62.2\flexmark-ext-abbreviation-0.62.2.jar;C:\Users\USER\.m2\repository\com\vladsch\flexmark\flexmark-util\0.62.2\flexmark-util-0.62.2.jar;C:\Users\USER\.m2\repository\com\vladsch\flexmark\flexmark-ext-admonition\0.62.2\flexmark-ext-admonition-0.62.2.jar;C:\Users\USER\.m2\repository\com\vladsch\flexmark\flexmark-ext-anchorlink\0.62.2\flexmark-ext-anchorlink-0.62.2.jar;C:\Users\USER\.m2\repository\com\vladsch\flexmark\flexmark-ext-aside\0.62.2\flexmark-ext-aside-0.62.2.jar;C:\Users\USER\.m2\repository\com\vladsch\flexmark\flexmark-ext-attributes\0.62.2\flexmark-ext-attributes-0.62.2.jar;C:\Users\USER\.m2\repository\com\vladsch\flexmark\flexmark-ext-autolink\0.62.2\flexmark-ext-autolink-0.62.2.jar;C:\Users\USER\.m2\repository\org\nibor\autolink\autolink\0.6.0\autolink-0.6.0.jar;C:\Users\USER\.m2\repository\com\vladsch\flexmark\flexmark-ext-definition\0.62.2\flexmark-ext-definition-0.62.2.jar;C:\Users\USER\.m2\repository\com\vladsch\flexmark\flexmark-ext-emoji\0.62.2\flexmark-ext-emoji-0.62.2.jar;C:\Users\USER\.m2\repository\com\vladsch\flexmark\flexmark-ext-enumerated-reference\0.62.2\flexmark-ext-enumerated-reference-0.62.2.jar;C:\Users\USER\.m2\repository\com\vladsch\flexmark\flexmark-ext-escaped-character\0.62.2\flexmark-ext-escaped-character-0.62.2.jar;C:\Users\USER\.m2\repository\com\vladsch\flexmark\flexmark-ext-footnotes\0.62.2\flexmark-ext-footnotes-0.62.2.jar;C:\Users\USER\.m2\repository\com\vladsch\flexmark\flexmark-ext-gfm-issues\0.62.2\flexmark-ext-gfm-issues-0.62.2.jar;C:\Users\USER\.m2\repository\com\vladsch\flexmark\flexmark-ext-gfm-strikethrough\0.62.2\flexmark-ext-gfm-strikethrough-0.62.2.jar;C:\Users\USER\.m2\repository\com\vladsch\flexmark\flexmark-ext-gfm-tasklist\0.62.2\flexmark-ext-gfm-tasklist-0.62.2.jar;C:\Users\USER\.m2\repository\com\vladsch\flexmark\flexmark-ext-gfm-users\0.62.2\flexmark-ext-gfm-users-0.62.2.jar;C:\Users\USER\.m2\repository\com\vladsch\flexmark\flexmark-ext-gitlab\0.62.2\flexmark-ext-gitlab-0.62.2.jar;C:\Users\USER\.m2\repository\com\vladsch\flexmark\flexmark-ext-jekyll-front-matter\0.62.2\flexmark-ext-jekyll-front-matter-0.62.2.jar;C:\Users\USER\.m2\repository\com\vladsch\flexmark\flexmark-ext-jekyll-tag\0.62.2\flexmark-ext-jekyll-tag-0.62.2.jar;C:\Users\USER\.m2\repository\com\vladsch\flexmark\flexmark-ext-media-tags\0.62.2\flexmark-ext-media-tags-0.62.2.jar;C:\Users\USER\.m2\repository\com\vladsch\flexmark\flexmark-ext-macros\0.62.2\flexmark-ext-macros-0.62.2.jar;C:\Users\USER\.m2\repository\com\vladsch\flexmark\flexmark-ext-ins\0.62.2\flexmark-ext-ins-0.62.2.jar;C:\Users\USER\.m2\repository\com\vladsch\flexmark\flexmark-ext-xwiki-macros\0.62.2\flexmark-ext-xwiki-macros-0.62.2.jar;C:\Users\USER\.m2\repository\com\vladsch\flexmark\flexmark-ext-superscript\0.62.2\flexmark-ext-superscript-0.62.2.jar;C:\Users\USER\.m2\repository\com\vladsch\flexmark\flexmark-ext-tables\0.62.2\flexmark-ext-tables-0.62.2.jar;C:\Users\USER\.m2\repository\com\vladsch\flexmark\flexmark-ext-toc\0.62.2\flexmark-ext-toc-0.62.2.jar;C:\Users\USER\.m2\repository\com\vladsch\flexmark\flexmark-ext-typographic\0.62.2\flexmark-ext-typographic-0.62.2.jar;C:\Users\USER\.m2\repository\com\vladsch\flexmark\flexmark-ext-wikilink\0.62.2\flexmark-ext-wikilink-0.62.2.jar;C:\Users\USER\.m2\repository\com\vladsch\flexmark\flexmark-ext-yaml-front-matter\0.62.2\flexmark-ext-yaml-front-matter-0.62.2.jar;C:\Users\USER\.m2\repository\com\vladsch\flexmark\flexmark-ext-youtube-embedded\0.62.2\flexmark-ext-youtube-embedded-0.62.2.jar;C:\Users\USER\.m2\repository\com\vladsch\flexmark\flexmark-html2md-converter\0.62.2\flexmark-html2md-converter-0.62.2.jar;C:\Users\USER\.m2\repository\com\vladsch\flexmark\flexmark-jira-converter\0.62.2\flexmark-jira-converter-0.62.2.jar;C:\Users\USER\.m2\repository\com\vladsch\flexmark\flexmark-pdf-converter\0.62.2\flexmark-pdf-converter-0.62.2.jar;C:\Users\USER\.m2\repository\com\openhtmltopdf\openhtmltopdf-core\1.0.0\openhtmltopdf-core-1.0.0.jar;C:\Users\USER\.m2\repository\com\openhtmltopdf\openhtmltopdf-pdfbox\1.0.0\openhtmltopdf-pdfbox-1.0.0.jar;C:\Users\USER\.m2\repository\org\apache\pdfbox\pdfbox\2.0.16\pdfbox-2.0.16.jar;C:\Users\USER\.m2\repository\org\apache\pdfbox\fontbox\2.0.16\fontbox-2.0.16.jar;C:\Users\USER\.m2\repository\org\apache\pdfbox\xmpbox\2.0.16\xmpbox-2.0.16.jar;C:\Users\USER\.m2\repository\de\rototor\pdfbox\graphics2d\0.24\graphics2d-0.24.jar;C:\Users\USER\.m2\repository\com\openhtmltopdf\openhtmltopdf-rtl-support\1.0.0\openhtmltopdf-rtl-support-1.0.0.jar;C:\Users\USER\.m2\repository\com\openhtmltopdf\openhtmltopdf-jsoup-dom-converter\1.0.0\openhtmltopdf-jsoup-dom-converter-1.0.0.jar;C:\Users\USER\.m2\repository\com\vladsch\flexmark\flexmark-profile-pegdown\0.62.2\flexmark-profile-pegdown-0.62.2.jar;C:\Users\USER\.m2\repository\com\vladsch\flexmark\flexmark-util-ast\0.62.2\flexmark-util-ast-0.62.2.jar;C:\Users\USER\.m2\repository\com\vladsch\flexmark\flexmark-util-builder\0.62.2\flexmark-util-builder-0.62.2.jar;C:\Users\USER\.m2\repository\com\vladsch\flexmark\flexmark-util-collection\0.62.2\flexmark-util-collection-0.62.2.jar;C:\Users\USER\.m2\repository\com\vladsch\flexmark\flexmark-util-data\0.62.2\flexmark-util-data-0.62.2.jar;C:\Users\USER\.m2\repository\com\vladsch\flexmark\flexmark-util-dependency\0.62.2\flexmark-util-dependency-0.62.2.jar;C:\Users\USER\.m2\repository\com\vladsch\flexmark\flexmark-util-format\0.62.2\flexmark-util-format-0.62.2.jar;C:\Users\USER\.m2\repository\com\vladsch\flexmark\flexmark-util-html\0.62.2\flexmark-util-html-0.62.2.jar;C:\Users\USER\.m2\repository\com\vladsch\flexmark\flexmark-util-misc\0.62.2\flexmark-util-misc-0.62.2.jar;C:\Users\USER\.m2\repository\com\vladsch\flexmark\flexmark-util-options\0.62.2\flexmark-util-options-0.62.2.jar;C:\Users\USER\.m2\repository\com\vladsch\flexmark\flexmark-util-sequence\0.62.2\flexmark-util-sequence-0.62.2.jar;C:\Users\USER\.m2\repository\com\vladsch\flexmark\flexmark-util-visitor\0.62.2\flexmark-util-visitor-0.62.2.jar;C:\Users\USER\.m2\repository\com\vladsch\flexmark\flexmark-youtrack-converter\0.62.2\flexmark-youtrack-converter-0.62.2.jar;C:\Users\USER\.m2\repository\com\ibm\icu\icu4j\72.1\icu4j-72.1.jar;C:\Users\USER\.m2\repository\es\nitaur\markdown\txtmark\0.16\txtmark-0.16.jar;C:\Users\USER\.m2\repository\net\serenity-bdd\serenity-report-resources\3.6.21\serenity-report-resources-3.6.21.jar;C:\Users\USER\.m2\repository\com\google\code\gson\gson\2.10.1\gson-2.10.1.jar;C:\Users\USER\.m2\repository\com\fasterxml\jackson\core\jackson-core\2.15.0-rc1\jackson-core-2.15.0-rc1.jar;C:\Users\USER\.m2\repository\com\fasterxml\jackson\core\jackson-databind\2.15.0-rc1\jackson-databind-2.15.0-rc1.jar;C:\Users\USER\.m2\repository\com\fasterxml\jackson\core\jackson-annotations\2.15.0-rc1\jackson-annotations-2.15.0-rc1.jar;C:\Users\USER\.m2\repository\commons-codec\commons-codec\1.15\commons-codec-1.15.jar;C:\Users\USER\.m2\repository\commons-io\commons-io\2.11.0\commons-io-2.11.0.jar;C:\Users\USER\.m2\repository\org\apache\httpcomponents\httpclient\4.5.13\httpclient-4.5.13.jar;C:\Users\USER\.m2\repository\org\apache\httpcomponents\httpcore\4.4.13\httpcore-4.4.13.jar;C:\Users\USER\.m2\repository\commons-logging\commons-logging\1.2\commons-logging-1.2.jar;C:\Users\USER\.m2\repository\org\seleniumhq\selenium\selenium-java\4.8.1\selenium-java-4.8.1.jar;C:\Users\USER\.m2\repository\org\seleniumhq\selenium\selenium-devtools-v108\4.8.1\selenium-devtools-v108-4.8.1.jar;C:\Users\USER\.m2\repository\org\seleniumhq\selenium\selenium-devtools-v109\4.8.1\selenium-devtools-v109-4.8.1.jar;C:\Users\USER\.m2\repository\org\seleniumhq\selenium\selenium-devtools-v110\4.8.1\selenium-devtools-v110-4.8.1.jar;C:\Users\USER\.m2\repository\org\seleniumhq\selenium\selenium-devtools-v85\4.8.1\selenium-devtools-v85-4.8.1.jar;C:\Users\USER\.m2\repository\org\seleniumhq\selenium\selenium-remote-driver\4.8.1\selenium-remote-driver-4.8.1.jar;C:\Users\USER\.m2\repository\com\beust\jcommander\1.82\jcommander-1.82.jar;C:\Users\USER\.m2\repository\io\netty\netty-buffer\4.1.87.Final\netty-buffer-4.1.87.Final.jar;C:\Users\USER\.m2\repository\io\netty\netty-codec-http\4.1.87.Final\netty-codec-http-4.1.87.Final.jar;C:\Users\USER\.m2\repository\io\netty\netty-codec\4.1.87.Final\netty-codec-4.1.87.Final.jar;C:\Users\USER\.m2\repository\io\netty\netty-handler\4.1.87.Final\netty-handler-4.1.87.Final.jar;C:\Users\USER\.m2\repository\io\netty\netty-common\4.1.87.Final\netty-common-4.1.87.Final.jar;C:\Users\USER\.m2\repository\io\netty\netty-transport-classes-epoll\4.1.87.Final\netty-transport-classes-epoll-4.1.87.Final.jar;C:\Users\USER\.m2\repository\io\netty\netty-transport-classes-kqueue\4.1.87.Final\netty-transport-classes-kqueue-4.1.87.Final.jar;C:\Users\USER\.m2\repository\io\netty\netty-transport-native-epoll\4.1.87.Final\netty-transport-native-epoll-4.1.87.Final.jar;C:\Users\USER\.m2\repository\io\netty\netty-transport-native-kqueue\4.1.87.Final\netty-transport-native-kqueue-4.1.87.Final.jar;C:\Users\USER\.m2\repository\io\netty\netty-transport-native-unix-common\4.1.87.Final\netty-transport-native-unix-common-4.1.87.Final.jar;C:\Users\USER\.m2\repository\io\netty\netty-transport\4.1.87.Final\netty-transport-4.1.87.Final.jar;C:\Users\USER\.m2\repository\io\netty\netty-resolver\4.1.87.Final\netty-resolver-4.1.87.Final.jar;C:\Users\USER\.m2\repository\io\opentelemetry\opentelemetry-api\1.22.0\opentelemetry-api-1.22.0.jar;C:\Users\USER\.m2\repository\io\opentelemetry\opentelemetry-context\1.22.0\opentelemetry-context-1.22.0.jar;C:\Users\USER\.m2\repository\io\opentelemetry\opentelemetry-exporter-logging\1.22.0\opentelemetry-exporter-logging-1.22.0.jar;C:\Users\USER\.m2\repository\io\opentelemetry\opentelemetry-sdk-metrics\1.22.0\opentelemetry-sdk-metrics-1.22.0.jar;C:\Users\USER\.m2\repository\io\opentelemetry\opentelemetry-sdk-logs\1.22.0-alpha\opentelemetry-sdk-logs-1.22.0-alpha.jar;C:\Users\USER\.m2\repository\io\opentelemetry\opentelemetry-api-logs\1.22.0-alpha\opentelemetry-api-logs-1.22.0-alpha.jar;C:\Users\USER\.m2\repository\io\opentelemetry\opentelemetry-sdk-common\1.22.0\opentelemetry-sdk-common-1.22.0.jar;C:\Users\USER\.m2\repository\io\opentelemetry\opentelemetry-sdk-extension-autoconfigure-spi\1.22.0\opentelemetry-sdk-extension-autoconfigure-spi-1.22.0.jar;C:\Users\USER\.m2\repository\io\opentelemetry\opentelemetry-sdk-extension-autoconfigure\1.22.0-alpha\opentelemetry-sdk-extension-autoconfigure-1.22.0-alpha.jar;C:\Users\USER\.m2\repository\io\opentelemetry\opentelemetry-sdk-trace\1.22.0\opentelemetry-sdk-trace-1.22.0.jar;C:\Users\USER\.m2\repository\io\opentelemetry\opentelemetry-sdk\1.22.0\opentelemetry-sdk-1.22.0.jar;C:\Users\USER\.m2\repository\io\opentelemetry\opentelemetry-semconv\1.22.0-alpha\opentelemetry-semconv-1.22.0-alpha.jar;C:\Users\USER\.m2\repository\io\ous\jtoml\2.0.0\jtoml-2.0.0.jar;C:\Users\USER\.m2\repository\org\apache\commons\commons-exec\1.3\commons-exec-1.3.jar;C:\Users\USER\.m2\repository\org\asynchttpclient\async-http-client\2.12.3\async-http-client-2.12.3.jar;C:\Users\USER\.m2\repository\org\asynchttpclient\async-http-client-netty-utils\2.12.3\async-http-client-netty-utils-2.12.3.jar;C:\Users\USER\.m2\repository\io\netty\netty-codec-socks\4.1.60.Final\netty-codec-socks-4.1.60.Final.jar;C:\Users\USER\.m2\repository\io\netty\netty-handler-proxy\4.1.60.Final\netty-handler-proxy-4.1.60.Final.jar;C:\Users\USER\.m2\repository\io\netty\netty-transport-native-epoll\4.1.60.Final\netty-transport-native-epoll-4.1.60.Final-linux-x86_64.jar;C:\Users\USER\.m2\repository\io\netty\netty-transport-native-kqueue\4.1.60.Final\netty-transport-native-kqueue-4.1.60.Final-osx-x86_64.jar;C:\Users\USER\.m2\repository\org\reactivestreams\reactive-streams\1.0.3\reactive-streams-1.0.3.jar;C:\Users\USER\.m2\repository\com\typesafe\netty\netty-reactive-streams\2.0.4\netty-reactive-streams-2.0.4.jar;C:\Users\USER\.m2\repository\org\seleniumhq\selenium\selenium-manager\4.8.1\selenium-manager-4.8.1.jar;C:\Users\USER\.m2\repository\org\seleniumhq\selenium\selenium-safari-driver\4.8.1\selenium-safari-driver-4.8.1.jar;C:\Users\USER\.m2\repository\org\seleniumhq\selenium\selenium-api\4.8.1\selenium-api-4.8.1.jar;C:\Users\USER\.m2\repository\org\seleniumhq\selenium\selenium-support\4.8.1\selenium-support-4.8.1.jar;C:\Users\USER\.m2\repository\com\google\auto\service\auto-service-annotations\1.0.1\auto-service-annotations-1.0.1.jar;C:\Users\USER\.m2\repository\com\google\auto\service\auto-service\1.0.1\auto-service-1.0.1.jar;C:\Users\USER\.m2\repository\com\google\auto\auto-common\1.2\auto-common-1.2.jar;C:\Users\USER\.m2\repository\org\seleniumhq\selenium\selenium-json\4.8.1\selenium-json-4.8.1.jar;C:\Users\USER\.m2\repository\org\seleniumhq\selenium\selenium-chrome-driver\4.8.1\selenium-chrome-driver-4.8.1.jar;C:\Users\USER\.m2\repository\org\seleniumhq\selenium\selenium-chromium-driver\4.8.1\selenium-chromium-driver-4.8.1.jar;C:\Users\USER\.m2\repository\org\seleniumhq\selenium\selenium-firefox-driver\4.8.1\selenium-firefox-driver-4.8.1.jar;C:\Users\USER\.m2\repository\org\seleniumhq\selenium\selenium-http\4.8.1\selenium-http-4.8.1.jar;C:\Users\USER\.m2\repository\dev\failsafe\failsafe\3.3.0\failsafe-3.3.0.jar;C:\Users\USER\.m2\repository\org\seleniumhq\selenium\selenium-edge-driver\4.8.1\selenium-edge-driver-4.8.1.jar;C:\Users\USER\.m2\repository\org\seleniumhq\selenium\selenium-ie-driver\4.8.1\selenium-ie-driver-4.8.1.jar;C:\Users\USER\.m2\repository\org\projectlombok\lombok\1.18.20\lombok-1.18.20.jar;C:\Users\USER\.m2\repository\io\appium\java-client\8.3.0\java-client-8.3.0.jar;C:\Users\USER\.m2\repository\commons-validator\commons-validator\1.7\commons-validator-1.7.jar;C:\Users\USER\.m2\repository\commons-digester\commons-digester\2.1\commons-digester-2.1.jar;C:\Users\USER\.m2\repository\org\apache\groovy\groovy\4.0.10\groovy-4.0.10.jar;C:\Users\USER\.m2\repository\net\sf\opencsv\opencsv\2.0\opencsv-2.0.jar;C:\Users\USER\.m2\repository\commons-beanutils\commons-beanutils\1.9.4\commons-beanutils-1.9.4.jar;C:\Users\USER\.m2\repository\org\apache\commons\commons-lang3\3.12.0\commons-lang3-3.12.0.jar;C:\Users\USER\.m2\repository\commons-collections\commons-collections\3.2.2\commons-collections-3.2.2.jar;C:\Users\USER\.m2\repository\org\fluentlenium\fluentlenium-core\0.10.2\fluentlenium-core-0.10.2.jar;C:\Users\USER\.m2\repository\io\github\bonigarcia\webdrivermanager\5.3.0\webdrivermanager-5.3.0.jar;C:\Users\USER\.m2\repository\com\github\docker-java\docker-java\3.2.13\docker-java-3.2.13.jar;C:\Users\USER\.m2\repository\com\github\docker-java\docker-java-core\3.2.13\docker-java-core-3.2.13.jar;C:\Users\USER\.m2\repository\com\github\docker-java\docker-java-api\3.2.13\docker-java-api-3.2.13.jar;C:\Users\USER\.m2\repository\org\apache\commons\commons-compress\1.21\commons-compress-1.21.jar;C:\Users\USER\.m2\repository\org\bouncycastle\bcpkix-jdk15on\1.64\bcpkix-jdk15on-1.64.jar;C:\Users\USER\.m2\repository\org\bouncycastle\bcprov-jdk15on\1.64\bcprov-jdk15on-1.64.jar;C:\Users\USER\.m2\repository\org\slf4j\jcl-over-slf4j\1.7.30\jcl-over-slf4j-1.7.30.jar;C:\Users\USER\.m2\repository\com\github\docker-java\docker-java-transport-httpclient5\3.2.13\docker-java-transport-httpclient5-3.2.13.jar;C:\Users\USER\.m2\repository\com\github\docker-java\docker-java-transport\3.2.13\docker-java-transport-3.2.13.jar;C:\Users\USER\.m2\repository\net\java\dev\jna\jna\5.8.0\jna-5.8.0.jar;C:\Users\USER\.m2\repository\org\brotli\dec\0.1.2\dec-0.1.2.jar;C:\Users\USER\.m2\repository\org\apache\httpcomponents\client5\httpclient5\5.1.3\httpclient5-5.1.3.jar;C:\Users\USER\.m2\repository\org\apache\httpcomponents\core5\httpcore5\5.1.3\httpcore5-5.1.3.jar;C:\Users\USER\.m2\repository\org\apache\httpcomponents\core5\httpcore5-h2\5.1.3\httpcore5-h2-5.1.3.jar;C:\Users\USER\.m2\repository\com\jhlabs\filters\2.0.235\filters-2.0.235.jar;C:\Users\USER\.m2\repository\com\paulhammant\ngwebdriver\1.1.6\ngwebdriver-1.1.6.jar;C:\Users\USER\.m2\repository\joda-time\joda-time\2.12.2\joda-time-2.12.2.jar;C:\Users\USER\.m2\repository\org\hamcrest\hamcrest\2.2\hamcrest-2.2.jar;C:\Users\USER\.m2\repository\com\google\jimfs\jimfs\1.2\jimfs-1.2.jar;C:\Users\USER\.m2\repository\org\mockito\mockito-core\3.3.3\mockito-core-3.3.3.jar;C:\Users\USER\.m2\repository\javax\xml\bind\jaxb-api\2.3.1\jaxb-api-2.3.1.jar;C:\Users\USER\.m2\repository\javax\activation\javax.activation-api\1.2.0\javax.activation-api-1.2.0.jar;C:\Users\USER\.m2\repository\com\sun\xml\bind\jaxb-core\2.3.0.1\jaxb-core-2.3.0.1.jar;C:\Users\USER\.m2\repository\com\sun\xml\bind\jaxb-impl\2.3.3\jaxb-impl-2.3.3.jar;C:\Users\USER\.m2\repository\jakarta\xml\bind\jakarta.xml.bind-api\2.3.3\jakarta.xml.bind-api-2.3.3.jar;C:\Users\USER\.m2\repository\com\sun\activation\jakarta.activation\1.2.2\jakarta.activation-1.2.2.jar;C:\Users\USER\.m2\repository\javax\activation\activation\1.1.1\activation-1.1.1.jar;C:\Users\USER\.m2\repository\net\serenity-bdd\serenity-cucumber\3.6.21\serenity-cucumber-3.6.21.jar;C:\Users\USER\.m2\repository\io\cucumber\cucumber-core\7.11.0\cucumber-core-7.11.0.jar;C:\Users\USER\.m2\repository\io\cucumber\cucumber-gherkin\7.11.0\cucumber-gherkin-7.11.0.jar;C:\Users\USER\.m2\repository\io\cucumber\cucumber-gherkin-messages\7.11.0\cucumber-gherkin-messages-7.11.0.jar;C:\Users\USER\.m2\repository\io\cucumber\gherkin\26.0.3\gherkin-26.0.3.jar;C:\Users\USER\.m2\repository\io\cucumber\messages\21.0.1\messages-21.0.1.jar;C:\Users\USER\.m2\repository\io\cucumber\tag-expressions\5.0.1\tag-expressions-5.0.1.jar;C:\Users\USER\.m2\repository\io\cucumber\cucumber-expressions\16.1.1\cucumber-expressions-16.1.1.jar;C:\Users\USER\.m2\repository\io\cucumber\datatable\7.11.0\datatable-7.11.0.jar;C:\Users\USER\.m2\repository\io\cucumber\cucumber-plugin\7.11.0\cucumber-plugin-7.11.0.jar;C:\Users\USER\.m2\repository\io\cucumber\docstring\7.11.0\docstring-7.11.0.jar;C:\Users\USER\.m2\repository\io\cucumber\html-formatter\20.2.1\html-formatter-20.2.1.jar;C:\Users\USER\.m2\repository\io\cucumber\junit-xml-formatter\0.1.0\junit-xml-formatter-0.1.0.jar;C:\Users\USER\.m2\repository\io\cucumber\ci-environment\9.1.0\ci-environment-9.1.0.jar;C:\Users\USER\.m2\repository\io\cucumber\cucumber-java\7.11.0\cucumber-java-7.11.0.jar;C:\Users\USER\.m2\repository\io\cucumber\cucumber-junit\7.11.0\cucumber-junit-7.11.0.jar;C:\Users\USER\.m2\repository\org\apache\commons\commons-csv\1.5\commons-csv-1.5.jar;C:\Users\USER\.m2\repository\net\serenity-bdd\serenity-screenplay\3.6.21\serenity-screenplay-3.6.21.jar;C:\Users\USER\.m2\repository\net\serenity-bdd\serenity-screenplay-webdriver\3.6.21\serenity-screenplay-webdriver-3.6.21.jar;C:\Users\USER\.m2\repository\net\serenity-bdd\serenity-ensure\3.6.21\serenity-ensure-3.6.21.jar;C:\Users\USER\.m2\repository\net\serenity-bdd\serenity-junit\3.6.21\serenity-junit-3.6.21.jar;C:\Users\USER\.m2\repository\org\jetbrains\kotlin\kotlin-stdlib\1.8.10\kotlin-stdlib-1.8.10.jar;C:\Users\USER\.m2\repository\org\jetbrains\kotlin\kotlin-stdlib-common\1.8.10\kotlin-stdlib-common-1.8.10.jar;C:\Users\USER\.m2\repository\org\jetbrains\annotations\13.0\annotations-13.0.jar;C:\Users\USER\.m2\repository\org\junit\platform\junit-platform-launcher\1.8.2\junit-platform-launcher-1.8.2.jar;C:\Users\USER\.m2\repository\org\junit\platform\junit-platform-engine\1.8.2\junit-platform-engine-1.8.2.jar;C:\Users\USER\.m2\repository\org\opentest4j\opentest4j\1.2.0\opentest4j-1.2.0.jar;C:\Users\USER\.m2\repository\org\junit\platform\junit-platform-commons\1.8.2\junit-platform-commons-1.8.2.jar;C:\Users\USER\.m2\repository\org\apiguardian\apiguardian-api\1.1.2\apiguardian-api-1.1.2.jar;C:\Users\USER\.m2\repository\org\junit\jupiter\junit-jupiter-engine\5.8.2\junit-jupiter-engine-5.8.2.jar;C:\Users\USER\.m2\repository\org\junit\jupiter\junit-jupiter-api\5.8.2\junit-jupiter-api-5.8.2.jar;C:\Users\USER\.m2\repository\org\junit\vintage\junit-vintage-engine\5.8.2\junit-vintage-engine-5.8.2.jar;C:\Users\USER\.m2\repository\junit\junit\4.13.2\junit-4.13.2.jar;C:\Users\USER\.m2\repository\org\hamcrest\hamcrest-core\1.3\hamcrest-core-1.3.jar;C:\Users\USER\.m2\repository\ch\qos\logback\logback-classic\1.2.10\logback-classic-1.2.10.jar;C:\Users\USER\.m2\repository\ch\qos\logback\logback-core\1.2.10\logback-core-1.2.10.jar;C:\Users\USER\.m2\repository\org\slf4j\slf4j-api\1.7.32\slf4j-api-1.7.32.jar;C:\Users\USER\.m2\repository\org\assertj\assertj-core\3.23.1\assertj-core-3.23.1.jar;C:\Users\USER\.m2\repository\net\bytebuddy\byte-buddy\1.12.10\byte-buddy-1.12.10.jar;C:\Users\USER\.m2\repository\com\github\javafaker\javafaker\1.0.2\javafaker-1.0.2.jar;C:\Users\USER\.m2\repository\org\yaml\snakeyaml\1.23\snakeyaml-1.23-android.jar;C:\Users\USER\.m2\repository\com\github\mifmif\generex\1.0.2\generex-1.0.2.jar;C:\Users\USER\.m2\repository\dk\brics\automaton\automaton\1.11-8\automaton-1.11-8.jar;"/>
    <property name="sun.cpu.endian" value="little"/>
    <property name="user.home" value="C:\Users\USER"/>
    <property name="user.language" value="en"/>
    <property name="java.specification.vendor" value="Oracle Corporation"/>
    <property name="java.home" value="C:\Program Files (x86)\Java\jdk1.8.0_31\jre"/>
    <property name="basedir" value="C:\Users\USER\IdeaProjects\Capston_webtesting"/>
    <property name="file.separator" value="\"/>
    <property name="line.separator" value="&#10;"/>
    <property name="java.vm.specification.vendor" value="Oracle Corporation"/>
    <property name="java.specification.name" value="Java Platform API Specification"/>
    <property name="java.awt.graphicsenv" value="sun.awt.Win32GraphicsEnvironment"/>
    <property name="surefire.real.class.path" value="C:\Users\USER\AppData\Local\Temp\surefire7851478284276237658\surefirebooter2108382596061847218.jar"/>
    <property name="sun.boot.class.path" value="C:\Program Files (x86)\Java\jdk1.8.0_31\jre\lib\resources.jar;C:\Program Files (x86)\Java\jdk1.8.0_31\jre\lib\rt.jar;C:\Program Files (x86)\Java\jdk1.8.0_31\jre\lib\sunrsasign.jar;C:\Program Files (x86)\Java\jdk1.8.0_31\jre\lib\jsse.jar;C:\Program Files (x86)\Java\jdk1.8.0_31\jre\lib\jce.jar;C:\Program Files (x86)\Java\jdk1.8.0_31\jre\lib\charsets.jar;C:\Program Files (x86)\Java\jdk1.8.0_31\jre\lib\jfr.jar;C:\Program Files (x86)\Java\jdk1.8.0_31\jre\classes"/>
    <property name="user.script" value=""/>
    <property name="java.protocol.handler.pkgs" value="com.google.common"/>
    <property name="sun.management.compiler" value="HotSpot Client Compiler"/>
    <property name="java.runtime.version" value="1.8.0_31-b13"/>
    <property name="user.name" value="USER"/>
    <property name="path.separator" value=";"/>
    <property name="os.version" value="6.3"/>
    <property name="java.endorsed.dirs" value="C:\Program Files (x86)\Java\jdk1.8.0_31\jre\lib\endorsed"/>
    <property name="java.runtime.name" value="Java(TM) SE Runtime Environment"/>
    <property name="file.encoding" value="Cp1252"/>
    <property name="webdriver.base.url" value=""/>
    <property name="java.vm.name" value="Java HotSpot(TM) Client VM"/>
    <property name="localRepository" value="C:\Users\USER\.m2\repository"/>
    <property name="java.vendor.url.bug" value="http://bugreport.sun.com/bugreport/"/>
    <property name="java.io.tmpdir" value="C:\Users\USER\AppData\Local\Temp\"/>
    <property name="java.version" value="1.8.0_31"/>
    <property name="user.dir" value="C:\Users\USER\IdeaProjects\Capston_webtesting"/>
    <property name="os.arch" value="x86"/>
    <property name="java.vm.specification.name" value="Java Virtual Machine Specification"/>
    <property name="java.awt.printerjob" value="sun.awt.windows.WPrinterJob"/>
    <property name="sun.os.patch.level" value=""/>
    <property name="java.library.path" value="C:\Program Files (x86)\Java\jdk1.8.0_31\jre\bin;C:\WINDOWS\Sun\Java\bin;C:\WINDOWS\system32;C:\WINDOWS;C:\ProgramData\Oracle\Java\javapath;C:\Program Files (x86)\VMware\VMware Workstation\bin\;C:\Program Files (x86)\Intel\TXE Components\TCS\;C:\Program Files\Intel\TXE Components\TCS\;C:\WINDOWS\system32;C:\WINDOWS;C:\WINDOWS\System32\Wbem;C:\WINDOWS\System32\WindowsPowerShell\v1.0\;C:\Program Files\Intel\TXE Components\DAL\;C:\Program Files (x86)\Intel\TXE Components\DAL\;C:\Program Files\Intel\TXE Components\IPT\;C:\Program Files (x86)\Intel\TXE Components\IPT\;C:\WINDOWS\System32\OpenSSH\;C:\Program Files\Microsoft\Web Platform Installer\;C:\Program Files (x86)\Microsoft ASP.NET\ASP.NET Web Pages\v1.0\;C:\Program Files (x86)\Windows Kits\8.0\Windows Performance Toolkit\;C:\Program Files\Microsoft SQL Server\110\Tools\Binn\;C:\Go\bin;C:\Program Files\Git\cmd;C:\Program Files\apache-maven-3.9.1\bin;C:\Program Files (x86)\Java\jdk1.8.0_31\bin;C:\Program Files\nodejs\;%ANDROID_HOME%\platform-tools;%ANDROID_HOME%\tools;C:\Users\USER\AppData\Local\Microsoft\WindowsApps;C:\Users\USER\go\bin;C:\Users\USER\AppData\Local\Programs\Microsoft VS Code\bin;C:\Program Files\JetBrains\IntelliJ IDEA Community Edition 2022.3.2\bin;;C:\Program Files (x86)\Java\jdk1.8.0_31\bin;C:\Users\USER\AppData\Local\GitHubDesktop\bin;C:\Users\USER\AppData\Roaming\npm;."/>
    <property name="java.vm.info" value="mixed mode"/>
    <property name="java.vendor" value="Oracle Corporation"/>
    <property name="java.vm.version" value="25.31-b07"/>
    <property name="java.ext.dirs" value="C:\Program Files (x86)\Java\jdk1.8.0_31\jre\lib\ext;C:\WINDOWS\Sun\Java\lib\ext"/>
    <property name="sun.io.unicode.encoding" value="UnicodeLittle"/>
    <property name="java.class.version" value="52.0"/>
  </properties>
  <testcase name="As a user, I have successfully added stock credit" classname="Add Stock Credit And Data" time="27.931">
    <error type="net.thucydides.core.webdriver.DriverConfigurationError"><![CDATA[net.thucydides.core.webdriver.DriverConfigurationError: Could not instantiate class org.openqa.selenium.chrome.ChromeDriver
Caused by: net.thucydides.core.webdriver.DriverConfigurationError: 
WebDriver was unable to create a new instance of type class org.openqa.selenium.chrome.ChromeDriver
WebDriver reported the following message: Could not start a new session. Possible causes are invalid address of the remote server or browser start-up failure. 
Host info: host: 'ASUS', ip: '192.168.59.1'
See below for more details.
Caused by: org.openqa.selenium.SessionNotCreatedException: 
Could not start a new session. Possible causes are invalid address of the remote server or browser start-up failure. 
Host info: host: 'ASUS', ip: '192.168.59.1'
Caused by: org.openqa.selenium.WebDriverException: 
Timed out waiting for driver process to start.
Build info: version: '4.8.1', revision: '8ebccac989'
System info: os.name: 'Windows 8.1', os.arch: 'x86', os.version: '6.3', java.version: '1.8.0_31'
Driver info: driver.version: ChromeDriver
]]></error>
    <system-out><![CDATA[14:04:47.290 [main] DEBUG net.thucydides.core.guice.Injectors - Created injector for module net.thucydides.core.guice.ThucydidesModule
14:04:47.901 [main] DEBUG io.cucumber.core.plugin.SerenityReporter - Running feature from file:///C:/Users/USER/IdeaProjects/Capston_webtesting/src/test/resources/Feature/AddStock.feature
14:04:47.901 [main] WARN io.cucumber.core.plugin.SerenityReporter - Feature from file:///C:/Users/USER/IdeaProjects/Capston_webtesting/src/test/resources/Feature/AddStock.feature is not under the 'features' directory. Requirements report will not be correctly generated!
14:04:48.227 [main] DEBUG net.thucydides.core.guice.Injectors - Created injector for module net.thucydides.core.guice.webdriver.WebDriverModule
14:04:48.262 [main] INFO  - 

-------------------------------------------------------------------------------------
     _______. _______ .______       _______ .__   __.  __  .___________.____    ____ 
    /       ||   ____||   _  \     |   ____||  \ |  | |  | |           |\   \  /   / 
   |   (----`|  |__   |  |_)  |    |  |__   |   \|  | |  | `---|  |----` \   \/   /  
    \   \    |   __|  |      /     |   __|  |  . `  | |  |     |  |       \_    _/   
.----)   |   |  |____ |  |\  \----.|  |____ |  |\   | |  |     |  |         |  |     
|_______/    |_______|| _| `._____||_______||__| \__| |__|     |__|         |__|    
                                                                                     
 News and tutorials at http://www.serenity-bdd.info                                  
 Documentation at https://wakaleo.gitbooks.io/the-serenity-book/content/             
 Join the Serenity Community on Gitter: https://gitter.im/serenity-bdd/serenity-core 
 Serenity BDD Support and Training at http://serenity-bdd.info/#/trainingandsupport  
-------------------------------------------------------------------------------------

14:04:48.266 [main] DEBUG net.thucydides.core.steps.StepEventBus - Test suite started for story net.thucydides.core.model.Story@c74c9a3
14:04:48.270 [main] INFO  - Test Suite Started: Add Stock Credit And Data
14:04:48.299 [main] DEBUG io.cucumber.core.plugin.SerenityReporter - Running feature from file:///C:/Users/USER/IdeaProjects/Capston_webtesting/src/test/resources/Feature/CustomerData.feature
14:04:48.299 [main] WARN io.cucumber.core.plugin.SerenityReporter - Feature from file:///C:/Users/USER/IdeaProjects/Capston_webtesting/src/test/resources/Feature/CustomerData.feature is not under the 'features' directory. Requirements report will not be correctly generated!
14:04:48.305 [main] DEBUG net.thucydides.core.steps.StepEventBus - Test suite started for story net.thucydides.core.model.Story@832221cb
14:04:48.305 [main] INFO  - Test Suite Started: Customer Data Search
14:04:48.306 [main] DEBUG io.cucumber.core.plugin.SerenityReporter - Running feature from file:///C:/Users/USER/IdeaProjects/Capston_webtesting/src/test/resources/Feature/CustomerTransaction.feature
14:04:48.306 [main] WARN io.cucumber.core.plugin.SerenityReporter - Feature from file:///C:/Users/USER/IdeaProjects/Capston_webtesting/src/test/resources/Feature/CustomerTransaction.feature is not under the 'features' directory. Requirements report will not be correctly generated!
14:04:48.311 [main] DEBUG net.thucydides.core.steps.StepEventBus - Test suite started for story net.thucydides.core.model.Story@7500110e
14:04:48.311 [main] INFO  - Test Suite Started: Customer Transaction View
14:04:48.312 [main] DEBUG io.cucumber.core.plugin.SerenityReporter - Running feature from file:///C:/Users/USER/IdeaProjects/Capston_webtesting/src/test/resources/Feature/Signin.feature
14:04:48.312 [main] WARN io.cucumber.core.plugin.SerenityReporter - Feature from file:///C:/Users/USER/IdeaProjects/Capston_webtesting/src/test/resources/Feature/Signin.feature is not under the 'features' directory. Requirements report will not be correctly generated!
14:04:48.321 [main] DEBUG net.thucydides.core.steps.StepEventBus - Test suite started for story net.thucydides.core.model.Story@5d6a7c13
14:04:48.321 [main] INFO  - Test Suite Started: User be able to sign in
14:04:48.322 [main] DEBUG io.cucumber.core.plugin.SerenityReporter - Running feature from file:///C:/Users/USER/IdeaProjects/Capston_webtesting/src/test/resources/Feature/StockCashout.feature
14:04:48.322 [main] WARN io.cucumber.core.plugin.SerenityReporter - Feature from file:///C:/Users/USER/IdeaProjects/Capston_webtesting/src/test/resources/Feature/StockCashout.feature is not under the 'features' directory. Requirements report will not be correctly generated!
14:04:48.329 [main] DEBUG net.thucydides.core.steps.StepEventBus - Test suite started for story net.thucydides.core.model.Story@28f13c16
14:04:48.330 [main] INFO  - Test Suite Started: Stock Cashout View
14:04:48.331 [main] DEBUG io.cucumber.core.plugin.SerenityReporter - Running feature from file:///C:/Users/USER/IdeaProjects/Capston_webtesting/src/test/resources/Feature/AddStock.feature
14:04:48.331 [main] WARN io.cucumber.core.plugin.SerenityReporter - Feature from file:///C:/Users/USER/IdeaProjects/Capston_webtesting/src/test/resources/Feature/AddStock.feature is not under the 'features' directory. Requirements report will not be correctly generated!
14:04:48.335 [main] DEBUG net.thucydides.core.steps.StepEventBus - Test suite started for story net.thucydides.core.model.Story@c74c9a3
14:04:48.336 [main] INFO  - Test Suite Started: Add Stock Credit And Data

@AddStock
Scenario: As a user, I have successfully added stock credit &amp#27;[90m# src/test/resources/Feature/AddStock.feature:3&amp#27;[0m
14:04:48.543 [main] DEBUG io.cucumber.core.plugin.SerenityReporter - Running feature from file:///C:/Users/USER/IdeaProjects/Capston_webtesting/src/test/resources/Feature/AddStock.feature
14:04:48.543 [main] WARN io.cucumber.core.plugin.SerenityReporter - Feature from file:///C:/Users/USER/IdeaProjects/Capston_webtesting/src/test/resources/Feature/AddStock.feature is not under the 'features' directory. Requirements report will not be correctly generated!
14:04:49.377 [main] INFO  - 
  _____   ___   ___   _____     ___   _____     _     ___   _____   ___   ___  
 |_   _| | __| / __| |_   _|   / __| |_   _|   /_\   | _ \ |_   _| | __| |   \ 
   | |   | _|  \__ \   | |     \__ \   | |    / _ \  |   /   | |   | _|  | |) |
   |_|   |___| |___/   |_|     |___/   |_|   /_/ \_\ |_|_\   |_|   |___| |___/ 

As a user, I have successfully added stock credit(add-stock-credit-and-data;as-a-user--i-have-successfully-added-stock-credit)
--------------------------------------------------------------------------------
14:04:52.796 [main] DEBUG net.thucydides.core.steps.StepInterceptor - STARTING STEP: AddStockCreditSteps.onSignInPage - openPage
14:04:53.016 [main] INFO net.serenitybdd.core.webdriver.driverproviders.ChromeDriverProvider - Starting Chrome driver instance with capabilities:
14:04:53.020 [main] INFO net.serenitybdd.core.webdriver.driverproviders.ChromeDriverProvider - Capabilities {acceptInsecureCerts: false, browserName: chrome, goog:chromeOptions: {args: [remote-allow-origins=*], extensions: []}}
14:04:54.194 [main] DEBUG io.netty.util.internal.logging.InternalLoggerFactory - Using SLF4J as the default logging framework
14:04:54.201 [main] DEBUG io.netty.util.ResourceLeakDetector - -Dio.netty.leakDetection.level: simple
14:04:54.201 [main] DEBUG io.netty.util.ResourceLeakDetector - -Dio.netty.leakDetection.targetRecords: 4
14:04:54.208 [main] DEBUG io.netty.util.ResourceLeakDetectorFactory - Loaded default ResourceLeakDetector: io.netty.util.ResourceLeakDetector@18bb184
14:04:54.256 [main] DEBUG io.netty.util.internal.PlatformDependent0 - -Dio.netty.noUnsafe: false
14:04:54.256 [main] DEBUG io.netty.util.internal.PlatformDependent0 - Java version: 8
14:04:54.258 [main] DEBUG io.netty.util.internal.PlatformDependent0 - sun.misc.Unsafe.theUnsafe: available
14:04:54.259 [main] DEBUG io.netty.util.internal.PlatformDependent0 - sun.misc.Unsafe.copyMemory: available
14:04:54.260 [main] DEBUG io.netty.util.internal.PlatformDependent0 - sun.misc.Unsafe.storeFence: available
14:04:54.261 [main] DEBUG io.netty.util.internal.PlatformDependent0 - java.nio.Buffer.address: available
14:04:54.261 [main] DEBUG io.netty.util.internal.PlatformDependent0 - direct buffer constructor: available
14:04:54.263 [main] DEBUG io.netty.util.internal.PlatformDependent0 - java.nio.Bits.unaligned: available, true
14:04:54.263 [main] DEBUG io.netty.util.internal.PlatformDependent0 - jdk.internal.misc.Unsafe.allocateUninitializedArray(int): unavailable prior to Java9
14:04:54.263 [main] DEBUG io.netty.util.internal.PlatformDependent0 - java.nio.DirectByteBuffer.<init>(long, int): available
14:04:54.263 [main] DEBUG io.netty.util.internal.PlatformDependent - sun.misc.Unsafe: available
14:04:54.264 [main] DEBUG io.netty.util.internal.PlatformDependent - -Dio.netty.tmpdir: C:\Users\USER\AppData\Local\Temp (java.io.tmpdir)
14:04:54.264 [main] DEBUG io.netty.util.internal.PlatformDependent - -Dio.netty.bitMode: 32 (sun.arch.data.model)
14:04:54.264 [main] DEBUG io.netty.util.internal.PlatformDependent - Platform: Windows
14:04:54.266 [main] DEBUG io.netty.util.internal.PlatformDependent - -Dio.netty.maxDirectMemory: 259522560 bytes
14:04:54.266 [main] DEBUG io.netty.util.internal.PlatformDependent - -Dio.netty.uninitializedArrayAllocationThreshold: -1
14:04:54.268 [main] DEBUG io.netty.util.internal.CleanerJava6 - java.nio.ByteBuffer.cleaner(): available
14:04:54.268 [main] DEBUG io.netty.util.internal.PlatformDependent - -Dio.netty.noPreferDirect: false
14:04:54.287 [main] DEBUG io.netty.util.internal.PlatformDependent - org.jctools-core.MpscChunkedArrayQueue: available
14:04:54.422 [main] DEBUG io.netty.util.internal.InternalThreadLocalMap - -Dio.netty.threadLocalMap.stringBuilder.initialSize: 1024
14:04:54.422 [main] DEBUG io.netty.util.internal.InternalThreadLocalMap - -Dio.netty.threadLocalMap.stringBuilder.maxSize: 4096
14:04:55.196 [main] DEBUG io.netty.handler.ssl.JdkSslContext - Default protocols (JDK): [TLSv1.2, TLSv1.1, TLSv1] 
14:04:55.196 [main] DEBUG io.netty.handler.ssl.JdkSslContext - Default cipher suites (JDK): [TLS_ECDHE_ECDSA_WITH_AES_128_GCM_SHA256, TLS_ECDHE_RSA_WITH_AES_128_GCM_SHA256, TLS_ECDHE_RSA_WITH_AES_128_CBC_SHA, TLS_RSA_WITH_AES_128_GCM_SHA256, TLS_RSA_WITH_AES_128_CBC_SHA]
14:04:55.294 [main] DEBUG io.netty.channel.MultithreadEventLoopGroup - -Dio.netty.eventLoopThreads: 8
14:04:55.313 [main] DEBUG io.netty.channel.nio.NioEventLoop - -Dio.netty.noKeySetOptimization: false
14:04:55.313 [main] DEBUG io.netty.channel.nio.NioEventLoop - -Dio.netty.selectorAutoRebuildThreshold: 512
14:04:55.437 [main] DEBUG io.netty.buffer.PooledByteBufAllocator - -Dio.netty.allocator.numHeapArenas: 8
14:04:55.437 [main] DEBUG io.netty.buffer.PooledByteBufAllocator - -Dio.netty.allocator.numDirectArenas: 8
14:04:55.437 [main] DEBUG io.netty.buffer.PooledByteBufAllocator - -Dio.netty.allocator.pageSize: 8192
14:04:55.437 [main] DEBUG io.netty.buffer.PooledByteBufAllocator - -Dio.netty.allocator.maxOrder: 9
14:04:55.437 [main] DEBUG io.netty.buffer.PooledByteBufAllocator - -Dio.netty.allocator.chunkSize: 4194304
14:04:55.437 [main] DEBUG io.netty.buffer.PooledByteBufAllocator - -Dio.netty.allocator.smallCacheSize: 256
14:04:55.437 [main] DEBUG io.netty.buffer.PooledByteBufAllocator - -Dio.netty.allocator.normalCacheSize: 64
14:04:55.437 [main] DEBUG io.netty.buffer.PooledByteBufAllocator - -Dio.netty.allocator.maxCachedBufferCapacity: 32768
14:04:55.438 [main] DEBUG io.netty.buffer.PooledByteBufAllocator - -Dio.netty.allocator.cacheTrimInterval: 8192
14:04:55.438 [main] DEBUG io.netty.buffer.PooledByteBufAllocator - -Dio.netty.allocator.cacheTrimIntervalMillis: 0
14:04:55.438 [main] DEBUG io.netty.buffer.PooledByteBufAllocator - -Dio.netty.allocator.useCacheForAllThreads: false
14:04:55.438 [main] DEBUG io.netty.buffer.PooledByteBufAllocator - -Dio.netty.allocator.maxCachedByteBuffersPerChunk: 1023
14:04:55.462 [main] DEBUG io.netty.buffer.ByteBufUtil - -Dio.netty.allocator.type: pooled
14:04:55.463 [main] DEBUG io.netty.buffer.ByteBufUtil - -Dio.netty.threadLocalDirectBufferSize: 0
14:04:55.463 [main] DEBUG io.netty.buffer.ByteBufUtil - -Dio.netty.maxThreadLocalCharBufferSize: 16384
  &amp#27;[31mGiven &amp#27;[0m&amp#27;[31mI am on the sign in pagee&amp#27;[0m                           &amp#27;[90m# Starter.Stepdefitions.AddStockCreditSteps.onSignInPage()&amp#27;[0m
      &amp#27;[31mnet.thucydides.core.webdriver.DriverConfigurationError: Could not instantiate class org.openqa.selenium.chrome.ChromeDriver
	at net.thucydides.core.webdriver.WebDriverFacade.newDriverInstance(WebDriverFacade.java:164)
	at net.thucydides.core.webdriver.WebDriverFacade.newProxyDriver(WebDriverFacade.java:152)
	at net.thucydides.core.webdriver.WebDriverFacade.getProxiedDriver(WebDriverFacade.java:122)
	at net.thucydides.core.webdriver.WebDriverFacade.get(WebDriverFacade.java:192)
	at net.serenitybdd.core.pages.PageObject.openPageAtUrl(PageObject.java:982)
	at net.serenitybdd.core.pages.PageObject.open(PageObject.java:880)
	at net.serenitybdd.core.pages.PageObject.open(PageObject.java:868)
	at Starter.Pages.AddStock.openPage(AddStock.java:31)
	at Starter.Pages.AddStock$ByteBuddy$ZaM4jUgJ.openPage$accessor$gDme466i(Unknown Source)
	at sun.reflect.NativeMethodAccessorImpl.invoke0(Native Method)
	at sun.reflect.NativeMethodAccessorImpl.invoke(NativeMethodAccessorImpl.java:62)
	at sun.reflect.DelegatingMethodAccessorImpl.invoke(DelegatingMethodAccessorImpl.java:43)
	at java.lang.reflect.Method.invoke(Method.java:483)
	at net.thucydides.core.steps.StepInterceptor.invokeMethod(StepInterceptor.java:518)
	at net.thucydides.core.steps.StepInterceptor.executeTestStepMethod(StepInterceptor.java:498)
	at net.thucydides.core.steps.StepInterceptor.runTestStep(StepInterceptor.java:472)
	at net.thucydides.core.steps.StepInterceptor.runOrSkipMethod(StepInterceptor.java:211)
	at net.thucydides.core.steps.StepInterceptor.testStepResult(StepInterceptor.java:198)
	at net.thucydides.core.steps.StepInterceptor.intercept(StepInterceptor.java:86)
	at net.thucydides.core.steps.ProxyConfiguration$InterceptorDispatcher.intercept(ProxyConfiguration.java:51)
	at Starter.Pages.AddStock$ByteBuddy$ZaM4jUgJ.openPage(Unknown Source)
	at Starter.Stepdefitions.AddStockCreditSteps.onSignInPage(AddStockCreditSteps.java:17)
	at âœ½.I am on the sign in pagee(file:///C:/Users/USER/IdeaProjects/Capston_webtesting/src/test/resources/Feature/AddStock.feature:4)
Caused by: net.thucydides.core.webdriver.DriverConfigurationError: WebDriver was unable to create a new instance of type class org.openqa.selenium.chrome.ChromeDriver
WebDriver reported the following message: Could not start a new session. Possible causes are invalid address of the remote server or browser start-up failure. 
Host info: host: 'ASUS', ip: '192.168.59.1'
See below for more details.
	at net.thucydides.core.webdriver.WebDriverFactory.newWebdriverInstance(WebDriverFactory.java:150)
	at net.thucydides.core.webdriver.WebDriverFacade.newDriverInstance(WebDriverFacade.java:161)
	at net.thucydides.core.webdriver.WebDriverFacade.newProxyDriver(WebDriverFacade.java:152)
	at net.thucydides.core.webdriver.WebDriverFacade.getProxiedDriver(WebDriverFacade.java:122)
	at net.thucydides.core.webdriver.WebDriverFacade.get(WebDriverFacade.java:192)
	at net.serenitybdd.core.pages.PageObject.openPageAtUrl(PageObject.java:982)
	at net.serenitybdd.core.pages.PageObject.open(PageObject.java:880)
	at net.serenitybdd.core.pages.PageObject.open(PageObject.java:868)
	at Starter.Pages.AddStock.openPage(AddStock.java:31)
	at Starter.Pages.AddStock$ByteBuddy$ZaM4jUgJ.openPage$accessor$gDme466i(Unknown Source)
	at sun.reflect.NativeMethodAccessorImpl.invoke0(Native Method)
	at sun.reflect.NativeMethodAccessorImpl.invoke(NativeMethodAccessorImpl.java:62)
	at sun.reflect.DelegatingMethodAccessorImpl.invoke(DelegatingMethodAccessorImpl.java:43)
	at java.lang.reflect.Method.invoke(Method.java:483)
	at net.thucydides.core.steps.StepInterceptor.invokeMethod(StepInterceptor.java:518)
	at net.thucydides.core.steps.StepInterceptor.executeTestStepMethod(StepInterceptor.java:498)
	at net.thucydides.core.steps.StepInterceptor.runTestStep(StepInterceptor.java:472)
	at net.thucydides.core.steps.StepInterceptor.runOrSkipMethod(StepInterceptor.java:211)
	at net.thucydides.core.steps.StepInterceptor.testStepResult(StepInterceptor.java:198)
	at net.thucydides.core.steps.StepInterceptor.intercept(StepInterceptor.java:86)
	at net.thucydides.core.steps.ProxyConfiguration$InterceptorDispatcher.intercept(ProxyConfiguration.java:51)
	at Starter.Pages.AddStock$ByteBuddy$ZaM4jUgJ.openPage(Unknown Source)
	at Starter.Stepdefitions.AddStockCreditSteps.onSignInPage(AddStockCreditSteps.java:17)
	at sun.reflect.NativeMethodAccessorImpl.invoke0(Native Method)
	at sun.reflect.NativeMethodAccessorImpl.invoke(NativeMethodAccessorImpl.java:62)
	at sun.reflect.DelegatingMethodAccessorImpl.invoke(DelegatingMethodAccessorImpl.java:43)
	at java.lang.reflect.Method.invoke(Method.java:483)
	at io.cucumber.java.Invoker.doInvoke(Invoker.java:66)
	at io.cucumber.java.Invoker.invoke(Invoker.java:24)
	at io.cucumber.java.AbstractGlueDefinition.invokeMethod(AbstractGlueDefinition.java:47)
	at io.cucumber.java.JavaStepDefinition.execute(JavaStepDefinition.java:29)
	at io.cucumber.core.runner.CoreStepDefinition.execute(CoreStepDefinition.java:66)
	at io.cucumber.core.runner.PickleStepDefinitionMatch.runStep(PickleStepDefinitionMatch.java:63)
	at io.cucumber.core.runner.ExecutionMode$1.execute(ExecutionMode.java:10)
	at io.cucumber.core.runner.TestStep.executeStep(TestStep.java:84)
	at io.cucumber.core.runner.TestStep.run(TestStep.java:56)
	at io.cucumber.core.runner.PickleStepTestStep.run(PickleStepTestStep.java:51)
	at io.cucumber.core.runner.TestCase.run(TestCase.java:84)
	at io.cucumber.core.runner.Runner.runPickle(Runner.java:75)
	at io.cucumber.junit.PickleRunners$NoStepDescriptions.lambda$run$0(PickleRunners.java:151)
	at io.cucumber.junit.PickleRunners$NoStepDescriptions$$Lambda$456/32643444.accept(Unknown Source)
	at io.cucumber.core.runtime.CucumberExecutionContext.lambda$runTestCase$5(CucumberExecutionContext.java:130)
	at io.cucumber.core.runtime.CucumberExecutionContext$$Lambda$457/21840510.run(Unknown Source)
	at io.cucumber.core.runtime.RethrowingThrowableCollector.executeAndThrow(RethrowingThrowableCollector.java:23)
	at io.cucumber.core.runtime.CucumberExecutionContext.runTestCase(CucumberExecutionContext.java:130)
	at io.cucumber.junit.PickleRunners$NoStepDescriptions.run(PickleRunners.java:148)
	at io.cucumber.junit.FeatureRunner.runChild(FeatureRunner.java:144)
	at io.cucumber.junit.FeatureRunner.runChild(FeatureRunner.java:28)
	at org.junit.runners.ParentRunner$4.run(ParentRunner.java:331)
	at org.junit.runners.ParentRunner$1.schedule(ParentRunner.java:79)
	at org.junit.runners.ParentRunner.runChildren(ParentRunner.java:329)
	at org.junit.runners.ParentRunner.access$100(ParentRunner.java:66)
	at org.junit.runners.ParentRunner$2.evaluate(ParentRunner.java:293)
	at org.junit.runners.ParentRunner$3.evaluate(ParentRunner.java:306)
	at org.junit.runners.ParentRunner.run(ParentRunner.java:413)
	at io.cucumber.junit.FeatureRunner.run(FeatureRunner.java:137)
	at io.cucumber.junit.CucumberSerenityBaseRunner.runChild(CucumberSerenityBaseRunner.java:330)
	at io.cucumber.junit.CucumberSerenityBaseRunner.runChild(CucumberSerenityBaseRunner.java:51)
	at org.junit.runners.ParentRunner$4.run(ParentRunner.java:331)
	at org.junit.runners.ParentRunner$1.schedule(ParentRunner.java:79)
	at org.junit.runners.ParentRunner.runChildren(ParentRunner.java:329)
	at org.junit.runners.ParentRunner.access$100(ParentRunner.java:66)
	at org.junit.runners.ParentRunner$2.evaluate(ParentRunner.java:293)
	at io.cucumber.junit.CucumberSerenityBaseRunner$RunCucumber.evaluate(CucumberSerenityBaseRunner.java:361)
	at org.junit.runners.ParentRunner$3.evaluate(ParentRunner.java:306)
	at org.junit.runners.ParentRunner.run(ParentRunner.java:413)
	at org.junit.runner.JUnitCore.run(JUnitCore.java:137)
	at org.junit.runner.JUnitCore.run(JUnitCore.java:115)
	at org.junit.vintage.engine.execution.RunnerExecutor.execute(RunnerExecutor.java:42)
	at org.junit.vintage.engine.VintageTestEngine.executeAllChildren(VintageTestEngine.java:80)
	at org.junit.vintage.engine.VintageTestEngine.execute(VintageTestEngine.java:72)
	at org.junit.platform.launcher.core.EngineExecutionOrchestrator.execute(EngineExecutionOrchestrator.java:107)
	at org.junit.platform.launcher.core.EngineExecutionOrchestrator.execute(EngineExecutionOrchestrator.java:88)
	at org.junit.platform.launcher.core.EngineExecutionOrchestrator.lambda$execute$0(EngineExecutionOrchestrator.java:54)
	at org.junit.platform.launcher.core.EngineExecutionOrchestrator$$Lambda$330/3274380.accept(Unknown Source)
	at org.junit.platform.launcher.core.EngineExecutionOrchestrator.withInterceptedStreams(EngineExecutionOrchestrator.java:67)
	at org.junit.platform.launcher.core.EngineExecutionOrchestrator.execute(EngineExecutionOrchestrator.java:52)
	at org.junit.platform.launcher.core.DefaultLauncher.execute(DefaultLauncher.java:114)
	at org.junit.platform.launcher.core.DefaultLauncher.execute(DefaultLauncher.java:86)
	at org.junit.platform.launcher.core.DefaultLauncherSession$DelegatingLauncher.execute(DefaultLauncherSession.java:86)
	at org.junit.platform.launcher.core.SessionPerRequestLauncher.execute(SessionPerRequestLauncher.java:53)
	at org.apache.maven.surefire.junitplatform.JUnitPlatformProvider.execute(JUnitPlatformProvider.java:188)
	at org.apache.maven.surefire.junitplatform.JUnitPlatformProvider.invokeAllTests(JUnitPlatformProvider.java:154)
	at org.apache.maven.surefire.junitplatform.JUnitPlatformProvider.invoke(JUnitPlatformProvider.java:128)
	at org.apache.maven.surefire.booter.ForkedBooter.runSuitesInProcess(ForkedBooter.java:428)
	at org.apache.maven.surefire.booter.ForkedBooter.execute(ForkedBooter.java:162)
	at org.apache.maven.surefire.booter.ForkedBooter.run(ForkedBooter.java:562)
	at org.apache.maven.surefire.booter.ForkedBooter.main(ForkedBooter.java:548)
Caused by: org.openqa.selenium.SessionNotCreatedException: Could not start a new session. Possible causes are invalid address of the remote server or browser start-up failure. 
Host info: host: 'ASUS', ip: '192.168.59.1'
	at org.openqa.selenium.remote.RemoteWebDriver.execute(RemoteWebDriver.java:561)
	at org.openqa.selenium.remote.RemoteWebDriver.startSession(RemoteWebDriver.java:229)
	at org.openqa.selenium.remote.RemoteWebDriver.<init>(RemoteWebDriver.java:157)
	at org.openqa.selenium.chromium.ChromiumDriver.<init>(ChromiumDriver.java:101)
	at org.openqa.selenium.chrome.ChromeDriver.<init>(ChromeDriver.java:82)
	at org.openqa.selenium.chrome.ChromeDriver.<init>(ChromeDriver.java:71)
	at net.serenitybdd.core.webdriver.driverproviders.ChromeDriverProvider.newInstance(ChromeDriverProvider.java:73)
	at net.thucydides.core.webdriver.WebDriverFactory.createWebDriver(WebDriverFactory.java:162)
	at net.thucydides.core.webdriver.WebDriverFactory.newWebdriverInstance(WebDriverFactory.java:140)
	... 87 more
Caused by: org.openqa.selenium.WebDriverException: Timed out waiting for driver process to start.
Build info: version: '4.8.1', revision: '8ebccac989'
System info: os.name: 'Windows 8.1', os.arch: 'x86', os.version: '6.3', java.version: '1.8.0_31'
Driver info: driver.version: ChromeDriver
	at org.openqa.selenium.remote.service.DriverService.start(DriverService.java:218)
	at org.openqa.selenium.remote.service.DriverCommandExecutor.execute(DriverCommandExecutor.java:98)
	at org.openqa.selenium.remote.RemoteWebDriver.execute(RemoteWebDriver.java:543)
	... 95 more
&amp#27;[0m
  &amp#27;[36mWhen &amp#27;[0m&amp#27;[36mI input emaill&amp#27;[0m                                       &amp#27;[90m# Starter.Stepdefitions.AddStockCreditSteps.inputEmaill()&amp#27;[0m
  &amp#27;[36mAnd &amp#27;[0m&amp#27;[36mI input passwordd&amp#27;[0m                                     &amp#27;[90m# Starter.Stepdefitions.AddStockCreditSteps.inputPasswordd()&amp#27;[0m
  &amp#27;[36mAnd &amp#27;[0m&amp#27;[36mI click sign inn&amp#27;[0m                                      &amp#27;[90m# Starter.Stepdefitions.AddStockCreditSteps.clickSignIn()&amp#27;[0m
  &amp#27;[36mAnd &amp#27;[0m&amp#27;[36mI Click stock Credit&amp#27;[0m                                  &amp#27;[90m# Starter.Stepdefitions.AddStockCreditSteps.CreditData()&amp#27;[0m
  &amp#27;[36mThen &amp#27;[0m&amp#27;[36mI click add stock credit&amp#27;[0m                             &amp#27;[90m# Starter.Stepdefitions.AddStockCreditSteps.ClickAddStockCredit()&amp#27;[0m
14:05:15.982 [main] ERROR  - 
  _____   ___   ___   _____     ___   ___   ___    ___    ___ 
 |_   _| | __| / __| |_   _|   | __| | _ \ | _ \  / _ \  | _ \
   | |   | _|  \__ \   | |     | _|  |   / |   / | (_) | |   /
   |_|   |___| |___/   |_|     |___| |_|_\ |_|_\  \___/  |_|_\

As a user, I have successfully added stock credit
---------------------------------------------------------------
14:05:15.985 [main] DEBUG  - RELATED ISSUES: 
14:05:16.258 [main] ERROR  -     Test failed at step: Open page
14:05:16.259 [main] ERROR  -     Could not instantiate class org.openqa.selenium.chrome.ChromeDriver
]]></system-out>
  </testcase>
  <testcase name="As a user, I have successfully added stock data" classname="Add Stock Credit And Data" time="194.043">
    <system-out><![CDATA[
Scenario: As a user, I have successfully added stock data &amp#27;[90m# src/test/resources/Feature/AddStock.feature:11&amp#27;[0m
14:05:16.421 [main] DEBUG io.cucumber.core.plugin.SerenityReporter - Running feature from file:///C:/Users/USER/IdeaProjects/Capston_webtesting/src/test/resources/Feature/AddStock.feature
14:05:16.421 [main] WARN io.cucumber.core.plugin.SerenityReporter - Feature from file:///C:/Users/USER/IdeaProjects/Capston_webtesting/src/test/resources/Feature/AddStock.feature is not under the 'features' directory. Requirements report will not be correctly generated!
14:05:16.424 [main] INFO  - 
  _____   ___   ___   _____     ___   _____     _     ___   _____   ___   ___  
 |_   _| | __| / __| |_   _|   / __| |_   _|   /_\   | _ \ |_   _| | __| |   \ 
   | |   | _|  \__ \   | |     \__ \   | |    / _ \  |   /   | |   | _|  | |) |
   |_|   |___| |___/   |_|     |___/   |_|   /_/ \_\ |_|_\   |_|   |___| |___/ 

As a user, I have successfully added stock data(add-stock-credit-and-data;as-a-user--i-have-successfully-added-stock-data)
--------------------------------------------------------------------------------
14:05:16.459 [main] DEBUG net.thucydides.core.steps.StepInterceptor - STARTING STEP: AddStockDataSteps.onnSignInPage - openPage
14:05:16.557 [main] INFO net.serenitybdd.core.webdriver.driverproviders.ChromeDriverProvider - Starting Chrome driver instance with capabilities:
14:05:16.557 [main] INFO net.serenitybdd.core.webdriver.driverproviders.ChromeDriverProvider - Capabilities {acceptInsecureCerts: false, browserName: chrome, goog:chromeOptions: {args: [remote-allow-origins=*], extensions: []}}
14:05:34.922 [Forwarding newSession on session null to remote] DEBUG io.netty.channel.DefaultChannelId - -Dio.netty.processId: 15336 (auto-detected)
14:05:34.943 [Forwarding newSession on session null to remote] DEBUG io.netty.util.NetUtil - -Djava.net.preferIPv4Stack: false
14:05:34.943 [Forwarding newSession on session null to remote] DEBUG io.netty.util.NetUtil - -Djava.net.preferIPv6Addresses: false
14:05:35.259 [Forwarding newSession on session null to remote] DEBUG io.netty.util.NetUtilInitializations - Loopback interface: lo (Software Loopback Interface 1, 127.0.0.1)
14:05:35.261 [Forwarding newSession on session null to remote] DEBUG io.netty.util.NetUtil - Failed to get SOMAXCONN from sysctl and file \proc\sys\net\core\somaxconn. Default: 200
14:05:35.286 [Forwarding newSession on session null to remote] DEBUG io.netty.channel.DefaultChannelId - -Dio.netty.machineId: 94:e9:79:ff:fe:ad:69:7d (auto-detected)
14:05:35.590 [AsyncHttpClient-1-2] DEBUG io.netty.buffer.AbstractByteBuf - -Dio.netty.buffer.checkAccessible: true
14:05:35.590 [AsyncHttpClient-1-2] DEBUG io.netty.buffer.AbstractByteBuf - -Dio.netty.buffer.checkBounds: true
14:05:35.590 [AsyncHttpClient-1-2] DEBUG io.netty.util.ResourceLeakDetectorFactory - Loaded default ResourceLeakDetector: io.netty.util.ResourceLeakDetector@1a65058
14:05:35.694 [AsyncHttpClient-1-2] DEBUG org.asynchttpclient.netty.channel.NettyConnectListener - Using new Channel '[id: 0x13972f16, L:/127.0.0.1:14105 - R:localhost/127.0.0.1:1137]' for 'POST' to '/session'
14:05:35.773 [AsyncHttpClient-1-2] DEBUG io.netty.util.Recycler - -Dio.netty.recycler.maxCapacityPerThread: 4096
14:05:35.773 [AsyncHttpClient-1-2] DEBUG io.netty.util.Recycler - -Dio.netty.recycler.ratio: 8
14:05:35.773 [AsyncHttpClient-1-2] DEBUG io.netty.util.Recycler - -Dio.netty.recycler.chunkSize: 32
14:05:35.773 [AsyncHttpClient-1-2] DEBUG io.netty.util.Recycler - -Dio.netty.recycler.blocking: false
14:06:46.227 [AsyncHttpClient-1-2] DEBUG io.netty.handler.codec.compression.Brotli - brotli4j not in the classpath; Brotli support will be unavailable.
14:06:46.228 [AsyncHttpClient-1-2] DEBUG org.asynchttpclient.netty.handler.HttpHandler - 

Request DefaultHttpRequest(decodeResult: success, version: HTTP/1.1)
POST /session HTTP/1.1
User-Agent: selenium/4.8.1 (java windows)
Content-Length: 507
Content-Type: application/json; charset=utf-8
host: localhost:1137
accept: */*

Response DefaultHttpResponse(decodeResult: success, version: HTTP/1.1)
HTTP/1.1 200 OK
Content-Length: 859
Content-Type: application/json; charset=utf-8
cache-control: no-cache

14:06:46.516 [AsyncHttpClient-1-2] DEBUG org.asynchttpclient.netty.channel.ChannelManager - Adding key: http://localhost:1137 for channel [id: 0x13972f16, L:/127.0.0.1:14105 - R:localhost/127.0.0.1:1137]
14:06:47.398 [AsyncHttpClient-1-1] DEBUG org.asynchttpclient.netty.channel.DefaultChannelPool - Entry count for : http://localhost:1137 : 1
14:06:48.598 [AsyncHttpClient-1-1] DEBUG org.asynchttpclient.netty.channel.DefaultChannelPool - Entry count for : http://localhost:1137 : 1
14:06:49.698 [AsyncHttpClient-1-1] DEBUG org.asynchttpclient.netty.channel.DefaultChannelPool - Entry count for : http://localhost:1137 : 1
14:06:50.798 [AsyncHttpClient-1-1] DEBUG org.asynchttpclient.netty.channel.DefaultChannelPool - Entry count for : http://localhost:1137 : 1
14:06:51.898 [AsyncHttpClient-1-1] DEBUG org.asynchttpclient.netty.channel.DefaultChannelPool - Entry count for : http://localhost:1137 : 1
14:06:52.998 [AsyncHttpClient-1-1] DEBUG org.asynchttpclient.netty.channel.DefaultChannelPool - Entry count for : http://localhost:1137 : 1
14:06:54.099 [AsyncHttpClient-1-1] DEBUG org.asynchttpclient.netty.channel.DefaultChannelPool - Entry count for : http://localhost:1137 : 1
14:06:55.198 [AsyncHttpClient-1-1] DEBUG org.asynchttpclient.netty.channel.DefaultChannelPool - Entry count for : http://localhost:1137 : 1
14:06:55.330 [AsyncHttpClient-1-3] DEBUG org.asynchttpclient.netty.channel.NettyConnectListener - Using new Channel '[id: 0x082d989b, L:/127.0.0.1:14121 - R:localhost/127.0.0.1:14108]' for 'GET' to '/json/version'
14:06:55.333 [AsyncHttpClient-1-3] DEBUG org.asynchttpclient.netty.handler.HttpHandler - 

Request DefaultFullHttpRequest(decodeResult: success, version: HTTP/1.1, content: EmptyByteBufBE)
GET /json/version HTTP/1.1
User-Agent: selenium/4.8.1 (java windows)
host: localhost:14108
accept: */*

Response DefaultHttpResponse(decodeResult: success, version: HTTP/1.1)
HTTP/1.1 200 OK
Content-Security-Policy: frame-ancestors 'none'
Content-Length: 424
Content-Type: application/json; charset=UTF-8

14:06:55.333 [AsyncHttpClient-1-3] DEBUG org.asynchttpclient.netty.channel.ChannelManager - Adding key: http://localhost:14108 for channel [id: 0x082d989b, L:/127.0.0.1:14121 - R:localhost/127.0.0.1:14108]
14:06:55.921 [main] DEBUG io.netty.util.internal.ThreadLocalRandom - -Dio.netty.initialSeedUniquifier: 0x06223084978cfa8e
14:06:56.024 [AsyncHttpClient-1-4] DEBUG org.asynchttpclient.netty.channel.NettyConnectListener - Using new Channel '[id: 0xf443f6af, L:/127.0.0.1:14122 - R:localhost/127.0.0.1:14108]' for 'GET' to '/devtools/browser/645cd5af-8808-4ec1-b5f1-3199ceb45fcf'
14:06:56.026 [AsyncHttpClient-1-4] DEBUG org.asynchttpclient.netty.handler.WebSocketHandler - 

Request DefaultFullHttpRequest(decodeResult: success, version: HTTP/1.1, content: EmptyByteBufBE)
GET /devtools/browser/645cd5af-8808-4ec1-b5f1-3199ceb45fcf HTTP/1.1
upgrade: websocket
connection: upgrade
sec-websocket-key: ZT7DDjOaePcvuEbRr/0A0A==
sec-websocket-version: 13
origin: http://localhost:14108
host: localhost:14108
accept: */*
user-agent: AHC/2.1

Response DefaultHttpResponse(decodeResult: success, version: HTTP/1.1)
HTTP/1.1 101 WebSocket Protocol Handshake
Upgrade: WebSocket
Connection: Upgrade
Sec-WebSocket-Accept: ESSNbt1EgQZHOgTyeDbZj+ySNy8=

14:06:56.298 [AsyncHttpClient-1-1] DEBUG org.asynchttpclient.netty.channel.DefaultChannelPool - Entry count for : http://localhost:14108 : 1
14:06:56.298 [AsyncHttpClient-1-1] DEBUG org.asynchttpclient.netty.channel.DefaultChannelPool - Entry count for : http://localhost:1137 : 1
14:06:57.398 [AsyncHttpClient-1-1] DEBUG org.asynchttpclient.netty.channel.DefaultChannelPool - Entry count for : http://localhost:14108 : 1
14:06:57.398 [AsyncHttpClient-1-1] DEBUG org.asynchttpclient.netty.channel.DefaultChannelPool - Entry count for : http://localhost:1137 : 1
14:06:58.498 [AsyncHttpClient-1-1] DEBUG org.asynchttpclient.netty.channel.DefaultChannelPool - Entry count for : http://localhost:14108 : 1
14:06:58.498 [AsyncHttpClient-1-1] DEBUG org.asynchttpclient.netty.channel.DefaultChannelPool - Entry count for : http://localhost:1137 : 1
14:06:59.598 [AsyncHttpClient-1-1] DEBUG org.asynchttpclient.netty.channel.DefaultChannelPool - Entry count for : http://localhost:14108 : 1
14:06:59.598 [AsyncHttpClient-1-1] DEBUG org.asynchttpclient.netty.channel.DefaultChannelPool - Entry count for : http://localhost:1137 : 1
14:06:59.659 [Forwarding get on session 33d1128866044b0999f8440b2ece548a to remote] DEBUG org.asynchttpclient.netty.request.NettyRequestSender - Using pooled Channel '[id: 0x13972f16, L:/127.0.0.1:14105 - R:localhost/127.0.0.1:1137]' for 'POST' to 'http://localhost:1137/session/33d1128866044b0999f8440b2ece548a/url'
14:06:59.659 [Forwarding get on session 33d1128866044b0999f8440b2ece548a to remote] DEBUG org.asynchttpclient.netty.request.NettyRequestSender - Using open Channel [id: 0x13972f16, L:/127.0.0.1:14105 - R:localhost/127.0.0.1:1137] for POST '/session/33d1128866044b0999f8440b2ece548a/url'
14:07:00.699 [AsyncHttpClient-1-1] DEBUG org.asynchttpclient.netty.channel.DefaultChannelPool - Entry count for : http://localhost:14108 : 1
14:07:01.799 [AsyncHttpClient-1-1] DEBUG org.asynchttpclient.netty.channel.DefaultChannelPool - Entry count for : http://localhost:14108 : 1
14:07:02.899 [AsyncHttpClient-1-1] DEBUG org.asynchttpclient.netty.channel.DefaultChannelPool - Entry count for : http://localhost:14108 : 1
14:07:03.998 [AsyncHttpClient-1-1] DEBUG org.asynchttpclient.netty.channel.DefaultChannelPool - Entry count for : http://localhost:14108 : 1
14:07:05.098 [AsyncHttpClient-1-1] DEBUG org.asynchttpclient.netty.channel.DefaultChannelPool - Entry count for : http://localhost:14108 : 1
14:07:06.197 [AsyncHttpClient-1-1] DEBUG org.asynchttpclient.netty.channel.DefaultChannelPool - Entry count for : http://localhost:14108 : 1
14:07:07.297 [AsyncHttpClient-1-1] DEBUG org.asynchttpclient.netty.channel.DefaultChannelPool - Entry count for : http://localhost:14108 : 1
14:07:08.398 [AsyncHttpClient-1-1] DEBUG org.asynchttpclient.netty.channel.DefaultChannelPool - Entry count for : http://localhost:14108 : 1
14:07:09.499 [AsyncHttpClient-1-1] DEBUG org.asynchttpclient.netty.channel.DefaultChannelPool - Entry count for : http://localhost:14108 : 1
14:07:10.597 [AsyncHttpClient-1-1] DEBUG org.asynchttpclient.netty.channel.DefaultChannelPool - Entry count for : http://localhost:14108 : 1
14:07:11.697 [AsyncHttpClient-1-1] DEBUG org.asynchttpclient.netty.channel.DefaultChannelPool - Entry count for : http://localhost:14108 : 1
14:07:12.797 [AsyncHttpClient-1-1] DEBUG org.asynchttpclient.netty.channel.DefaultChannelPool - Entry count for : http://localhost:14108 : 1
14:07:13.898 [AsyncHttpClient-1-1] DEBUG org.asynchttpclient.netty.channel.DefaultChannelPool - Entry count for : http://localhost:14108 : 1
14:07:14.997 [AsyncHttpClient-1-1] DEBUG org.asynchttpclient.netty.channel.DefaultChannelPool - Entry count for : http://localhost:14108 : 1
14:07:16.099 [AsyncHttpClient-1-1] DEBUG org.asynchttpclient.netty.channel.DefaultChannelPool - Entry count for : http://localhost:14108 : 1
14:07:17.199 [AsyncHttpClient-1-1] DEBUG org.asynchttpclient.netty.channel.DefaultChannelPool - Entry count for : http://localhost:14108 : 1
14:07:18.299 [AsyncHttpClient-1-1] DEBUG org.asynchttpclient.netty.channel.DefaultChannelPool - Entry count for : http://localhost:14108 : 1
14:07:19.399 [AsyncHttpClient-1-1] DEBUG org.asynchttpclient.netty.channel.DefaultChannelPool - Entry count for : http://localhost:14108 : 1
14:07:20.499 [AsyncHttpClient-1-1] DEBUG org.asynchttpclient.netty.channel.DefaultChannelPool - Entry count for : http://localhost:14108 : 1
14:07:21.599 [AsyncHttpClient-1-1] DEBUG org.asynchttpclient.netty.channel.DefaultChannelPool - Entry count for : http://localhost:14108 : 1
14:07:22.699 [AsyncHttpClient-1-1] DEBUG org.asynchttpclient.netty.channel.DefaultChannelPool - Entry count for : http://localhost:14108 : 1
14:07:22.763 [AsyncHttpClient-1-2] DEBUG org.asynchttpclient.netty.handler.HttpHandler - 

Request DefaultHttpRequest(decodeResult: success, version: HTTP/1.1)
POST /session/33d1128866044b0999f8440b2ece548a/url HTTP/1.1
User-Agent: selenium/4.8.1 (java windows)
Content-Length: 82
Content-Type: application/json; charset=utf-8
host: localhost:1137
accept: */*

Response DefaultHttpResponse(decodeResult: success, version: HTTP/1.1)
HTTP/1.1 200 OK
Content-Length: 14
Content-Type: application/json; charset=utf-8
cache-control: no-cache

14:07:22.764 [AsyncHttpClient-1-2] DEBUG org.asynchttpclient.netty.channel.ChannelManager - Adding key: http://localhost:1137 for channel [id: 0x13972f16, L:/127.0.0.1:14105 - R:localhost/127.0.0.1:1137]
14:07:22.913 [Forwarding setTimeout on session 33d1128866044b0999f8440b2ece548a to remote] DEBUG org.asynchttpclient.netty.request.NettyRequestSender - Using pooled Channel '[id: 0x13972f16, L:/127.0.0.1:14105 - R:localhost/127.0.0.1:1137]' for 'POST' to 'http://localhost:1137/session/33d1128866044b0999f8440b2ece548a/timeouts'
14:07:22.913 [Forwarding setTimeout on session 33d1128866044b0999f8440b2ece548a to remote] DEBUG org.asynchttpclient.netty.request.NettyRequestSender - Using open Channel [id: 0x13972f16, L:/127.0.0.1:14105 - R:localhost/127.0.0.1:1137] for POST '/session/33d1128866044b0999f8440b2ece548a/timeouts'
14:07:23.364 [AsyncHttpClient-1-2] DEBUG org.asynchttpclient.netty.handler.HttpHandler - 

Request DefaultHttpRequest(decodeResult: success, version: HTTP/1.1)
POST /session/33d1128866044b0999f8440b2ece548a/timeouts HTTP/1.1
User-Agent: selenium/4.8.1 (java windows)
Content-Length: 22
Content-Type: application/json; charset=utf-8
host: localhost:1137
accept: */*

Response DefaultHttpResponse(decodeResult: success, version: HTTP/1.1)
HTTP/1.1 200 OK
Content-Length: 14
Content-Type: application/json; charset=utf-8
cache-control: no-cache

14:07:23.364 [AsyncHttpClient-1-2] DEBUG org.asynchttpclient.netty.channel.ChannelManager - Adding key: http://localhost:1137 for channel [id: 0x13972f16, L:/127.0.0.1:14105 - R:localhost/127.0.0.1:1137]
14:07:23.799 [AsyncHttpClient-1-1] DEBUG org.asynchttpclient.netty.channel.DefaultChannelPool - Entry count for : http://localhost:14108 : 1
14:07:23.799 [AsyncHttpClient-1-1] DEBUG org.asynchttpclient.netty.channel.DefaultChannelPool - Entry count for : http://localhost:1137 : 1
14:07:24.823 [main] DEBUG net.serenitybdd.core.photography.Darkroom - Opening darkroom
14:07:24.897 [AsyncHttpClient-1-1] DEBUG org.asynchttpclient.netty.channel.DefaultChannelPool - Entry count for : http://localhost:14108 : 1
14:07:24.897 [AsyncHttpClient-1-1] DEBUG org.asynchttpclient.netty.channel.DefaultChannelPool - Entry count for : http://localhost:1137 : 1
14:07:25.913 [Darkroom Processing Line] DEBUG net.serenitybdd.core.photography.DarkroomProcessingLine - Darkroom processing line starting up
14:07:25.997 [AsyncHttpClient-1-1] DEBUG org.asynchttpclient.netty.channel.DefaultChannelPool - Entry count for : http://localhost:14108 : 1
14:07:25.997 [AsyncHttpClient-1-1] DEBUG org.asynchttpclient.netty.channel.DefaultChannelPool - Entry count for : http://localhost:1137 : 1
14:07:27.097 [AsyncHttpClient-1-1] DEBUG org.asynchttpclient.netty.channel.DefaultChannelPool - Entry count for : http://localhost:14108 : 1
14:07:27.097 [AsyncHttpClient-1-1] DEBUG org.asynchttpclient.netty.channel.DefaultChannelPool - Entry count for : http://localhost:1137 : 1
14:07:28.199 [AsyncHttpClient-1-1] DEBUG org.asynchttpclient.netty.channel.DefaultChannelPool - Entry count for : http://localhost:14108 : 1
14:07:28.199 [AsyncHttpClient-1-1] DEBUG org.asynchttpclient.netty.channel.DefaultChannelPool - Entry count for : http://localhost:1137 : 1
14:07:29.299 [AsyncHttpClient-1-1] DEBUG org.asynchttpclient.netty.channel.DefaultChannelPool - Entry count for : http://localhost:14108 : 1
14:07:29.299 [AsyncHttpClient-1-1] DEBUG org.asynchttpclient.netty.channel.DefaultChannelPool - Entry count for : http://localhost:1137 : 1
14:07:30.398 [AsyncHttpClient-1-1] DEBUG org.asynchttpclient.netty.channel.DefaultChannelPool - Entry count for : http://localhost:14108 : 1
14:07:30.398 [AsyncHttpClient-1-1] DEBUG org.asynchttpclient.netty.channel.DefaultChannelPool - Entry count for : http://localhost:1137 : 1
14:07:31.270 [Forwarding getAlertText on session 33d1128866044b0999f8440b2ece548a to remote] DEBUG org.asynchttpclient.netty.request.NettyRequestSender - Using pooled Channel '[id: 0x13972f16, L:/127.0.0.1:14105 - R:localhost/127.0.0.1:1137]' for 'GET' to 'http://localhost:1137/session/33d1128866044b0999f8440b2ece548a/alert/text'
14:07:31.270 [Forwarding getAlertText on session 33d1128866044b0999f8440b2ece548a to remote] DEBUG org.asynchttpclient.netty.request.NettyRequestSender - Using open Channel [id: 0x13972f16, L:/127.0.0.1:14105 - R:localhost/127.0.0.1:1137] for GET '/session/33d1128866044b0999f8440b2ece548a/alert/text'
14:07:31.499 [AsyncHttpClient-1-1] DEBUG org.asynchttpclient.netty.channel.DefaultChannelPool - Entry count for : http://localhost:14108 : 1
14:07:32.597 [AsyncHttpClient-1-1] DEBUG org.asynchttpclient.netty.channel.DefaultChannelPool - Entry count for : http://localhost:14108 : 1
14:07:33.699 [AsyncHttpClient-1-1] DEBUG org.asynchttpclient.netty.channel.DefaultChannelPool - Entry count for : http://localhost:14108 : 1
14:07:34.232 [AsyncHttpClient-1-2] DEBUG org.asynchttpclient.netty.handler.HttpHandler - 

Request DefaultFullHttpRequest(decodeResult: success, version: HTTP/1.1, content: EmptyByteBufBE)
GET /session/33d1128866044b0999f8440b2ece548a/alert/text HTTP/1.1
User-Agent: selenium/4.8.1 (java windows)
Cache-Control: no-cache
Content-Type: application/json; charset=utf-8
host: localhost:1137
accept: */*

Response DefaultHttpResponse(decodeResult: success, version: HTTP/1.1)
HTTP/1.1 404 Not Found
Content-Length: 807
Content-Type: application/json; charset=utf-8
cache-control: no-cache

14:07:34.232 [AsyncHttpClient-1-2] DEBUG org.asynchttpclient.netty.channel.ChannelManager - Adding key: http://localhost:1137 for channel [id: 0x13972f16, L:/127.0.0.1:14105 - R:localhost/127.0.0.1:1137]
14:07:34.798 [AsyncHttpClient-1-1] DEBUG org.asynchttpclient.netty.channel.DefaultChannelPool - Entry count for : http://localhost:14108 : 1
14:07:34.798 [AsyncHttpClient-1-1] DEBUG org.asynchttpclient.netty.channel.DefaultChannelPool - Entry count for : http://localhost:1137 : 1
14:07:34.822 [Forwarding getCurrentUrl on session 33d1128866044b0999f8440b2ece548a to remote] DEBUG org.asynchttpclient.netty.request.NettyRequestSender - Using pooled Channel '[id: 0x13972f16, L:/127.0.0.1:14105 - R:localhost/127.0.0.1:1137]' for 'GET' to 'http://localhost:1137/session/33d1128866044b0999f8440b2ece548a/url'
14:07:34.822 [Forwarding getCurrentUrl on session 33d1128866044b0999f8440b2ece548a to remote] DEBUG org.asynchttpclient.netty.request.NettyRequestSender - Using open Channel [id: 0x13972f16, L:/127.0.0.1:14105 - R:localhost/127.0.0.1:1137] for GET '/session/33d1128866044b0999f8440b2ece548a/url'
14:07:35.218 [AsyncHttpClient-1-2] DEBUG org.asynchttpclient.netty.handler.HttpHandler - 

Request DefaultFullHttpRequest(decodeResult: success, version: HTTP/1.1, content: EmptyByteBufBE)
GET /session/33d1128866044b0999f8440b2ece548a/url HTTP/1.1
User-Agent: selenium/4.8.1 (java windows)
Cache-Control: no-cache
Content-Type: application/json; charset=utf-8
host: localhost:1137
accept: */*

Response DefaultHttpResponse(decodeResult: success, version: HTTP/1.1)
HTTP/1.1 200 OK
Content-Length: 64
Content-Type: application/json; charset=utf-8
cache-control: no-cache

14:07:35.218 [AsyncHttpClient-1-2] DEBUG org.asynchttpclient.netty.channel.ChannelManager - Adding key: http://localhost:1137 for channel [id: 0x13972f16, L:/127.0.0.1:14105 - R:localhost/127.0.0.1:1137]
14:07:35.223 [Forwarding screenshot on session 33d1128866044b0999f8440b2ece548a to remote] DEBUG org.asynchttpclient.netty.request.NettyRequestSender - Using pooled Channel '[id: 0x13972f16, L:/127.0.0.1:14105 - R:localhost/127.0.0.1:1137]' for 'GET' to 'http://localhost:1137/session/33d1128866044b0999f8440b2ece548a/screenshot'
14:07:35.224 [Forwarding screenshot on session 33d1128866044b0999f8440b2ece548a to remote] DEBUG org.asynchttpclient.netty.request.NettyRequestSender - Using open Channel [id: 0x13972f16, L:/127.0.0.1:14105 - R:localhost/127.0.0.1:1137] for GET '/session/33d1128866044b0999f8440b2ece548a/screenshot'
14:07:35.899 [AsyncHttpClient-1-1] DEBUG org.asynchttpclient.netty.channel.DefaultChannelPool - Entry count for : http://localhost:14108 : 1
14:07:36.999 [AsyncHttpClient-1-1] DEBUG org.asynchttpclient.netty.channel.DefaultChannelPool - Entry count for : http://localhost:14108 : 1
14:07:38.099 [AsyncHttpClient-1-1] DEBUG org.asynchttpclient.netty.channel.DefaultChannelPool - Entry count for : http://localhost:14108 : 1
14:07:39.198 [AsyncHttpClient-1-1] DEBUG org.asynchttpclient.netty.channel.DefaultChannelPool - Entry count for : http://localhost:14108 : 1
14:07:39.294 [AsyncHttpClient-1-2] DEBUG org.asynchttpclient.netty.handler.HttpHandler - 

Request DefaultFullHttpRequest(decodeResult: success, version: HTTP/1.1, content: EmptyByteBufBE)
GET /session/33d1128866044b0999f8440b2ece548a/screenshot HTTP/1.1
User-Agent: selenium/4.8.1 (java windows)
Cache-Control: no-cache
Content-Type: application/json; charset=utf-8
host: localhost:1137
accept: */*

Response DefaultHttpResponse(decodeResult: success, version: HTTP/1.1)
HTTP/1.1 200 OK
Content-Length: 125596
Content-Type: application/json; charset=utf-8
cache-control: no-cache

14:07:39.296 [AsyncHttpClient-1-2] DEBUG org.asynchttpclient.netty.channel.ChannelManager - Adding key: http://localhost:1137 for channel [id: 0x13972f16, L:/127.0.0.1:14105 - R:localhost/127.0.0.1:1137]
14:07:40.299 [AsyncHttpClient-1-1] DEBUG org.asynchttpclient.netty.channel.DefaultChannelPool - Entry count for : http://localhost:14108 : 1
14:07:40.299 [AsyncHttpClient-1-1] DEBUG org.asynchttpclient.netty.channel.DefaultChannelPool - Entry count for : http://localhost:1137 : 1
14:07:41.398 [AsyncHttpClient-1-1] DEBUG org.asynchttpclient.netty.channel.DefaultChannelPool - Entry count for : http://localhost:14108 : 1
14:07:41.398 [AsyncHttpClient-1-1] DEBUG org.asynchttpclient.netty.channel.DefaultChannelPool - Entry count for : http://localhost:1137 : 1
14:07:42.499 [AsyncHttpClient-1-1] DEBUG org.asynchttpclient.netty.channel.DefaultChannelPool - Entry count for : http://localhost:14108 : 1
14:07:42.499 [AsyncHttpClient-1-1] DEBUG org.asynchttpclient.netty.channel.DefaultChannelPool - Entry count for : http://localhost:1137 : 1
14:07:43.599 [AsyncHttpClient-1-1] DEBUG org.asynchttpclient.netty.channel.DefaultChannelPool - Entry count for : http://localhost:14108 : 1
14:07:43.599 [AsyncHttpClient-1-1] DEBUG org.asynchttpclient.netty.channel.DefaultChannelPool - Entry count for : http://localhost:1137 : 1
14:07:44.697 [AsyncHttpClient-1-1] DEBUG org.asynchttpclient.netty.channel.DefaultChannelPool - Entry count for : http://localhost:14108 : 1
14:07:44.697 [AsyncHttpClient-1-1] DEBUG org.asynchttpclient.netty.channel.DefaultChannelPool - Entry count for : http://localhost:1137 : 1
14:07:45.798 [AsyncHttpClient-1-1] DEBUG org.asynchttpclient.netty.channel.DefaultChannelPool - Entry count for : http://localhost:14108 : 1
14:07:45.798 [AsyncHttpClient-1-1] DEBUG org.asynchttpclient.netty.channel.DefaultChannelPool - Entry count for : http://localhost:1137 : 1
14:07:46.898 [AsyncHttpClient-1-1] DEBUG org.asynchttpclient.netty.channel.DefaultChannelPool - Entry count for : http://localhost:14108 : 1
14:07:46.898 [AsyncHttpClient-1-1] DEBUG org.asynchttpclient.netty.channel.DefaultChannelPool - Entry count for : http://localhost:1137 : 1
14:07:47.999 [AsyncHttpClient-1-1] DEBUG org.asynchttpclient.netty.channel.DefaultChannelPool - Entry count for : http://localhost:14108 : 1
14:07:47.999 [AsyncHttpClient-1-1] DEBUG org.asynchttpclient.netty.channel.DefaultChannelPool - Entry count for : http://localhost:1137 : 1
14:07:49.099 [AsyncHttpClient-1-1] DEBUG org.asynchttpclient.netty.channel.DefaultChannelPool - Entry count for : http://localhost:14108 : 1
14:07:49.099 [AsyncHttpClient-1-1] DEBUG org.asynchttpclient.netty.channel.DefaultChannelPool - Entry count for : http://localhost:1137 : 1
14:07:50.199 [AsyncHttpClient-1-1] DEBUG org.asynchttpclient.netty.channel.DefaultChannelPool - Entry count for : http://localhost:14108 : 1
14:07:50.199 [AsyncHttpClient-1-1] DEBUG org.asynchttpclient.netty.channel.DefaultChannelPool - Entry count for : http://localhost:1137 : 1
14:07:51.299 [AsyncHttpClient-1-1] DEBUG org.asynchttpclient.netty.channel.DefaultChannelPool - Entry count for : http://localhost:14108 : 1
14:07:51.299 [AsyncHttpClient-1-1] DEBUG org.asynchttpclient.netty.channel.DefaultChannelPool - Entry count for : http://localhost:1137 : 1
14:07:51.983 [main] DEBUG net.serenitybdd.core.photography.Darkroom - Send negative for processing for target\site\serenity\830bdd557b85a27d44613b64a7d39bdd5ce5e9cd6eedc8befa21a1ab815b1265.png
14:07:51.984 [Darkroom Processing Line] DEBUG net.serenitybdd.core.photography.DarkroomProcessingLine - Processing screenshot image in /var/screenshots/screenshot-4060015541926738216
14:07:51.984 [Darkroom Processing Line] DEBUG net.serenitybdd.core.photography.DarkroomProcessingLine - Saving screenshot to target\site\serenity\830bdd557b85a27d44613b64a7d39bdd5ce5e9cd6eedc8befa21a1ab815b1265.png
14:07:52.021 [main] DEBUG net.thucydides.core.steps.StepInterceptor - STEP DONE: openPage
  &amp#27;[32mGiven &amp#27;[0m&amp#27;[32mI am onn the sign in pagee&amp#27;[0m                        &amp#27;[90m# Starter.Stepdefitions.AddStockDataSteps.onnSignInPage()&amp#27;[0m
14:07:52.136 [Forwarding getAlertText on session 33d1128866044b0999f8440b2ece548a to remote] DEBUG org.asynchttpclient.netty.request.NettyRequestSender - Using pooled Channel '[id: 0x13972f16, L:/127.0.0.1:14105 - R:localhost/127.0.0.1:1137]' for 'GET' to 'http://localhost:1137/session/33d1128866044b0999f8440b2ece548a/alert/text'
14:07:52.136 [Forwarding getAlertText on session 33d1128866044b0999f8440b2ece548a to remote] DEBUG org.asynchttpclient.netty.request.NettyRequestSender - Using open Channel [id: 0x13972f16, L:/127.0.0.1:14105 - R:localhost/127.0.0.1:1137] for GET '/session/33d1128866044b0999f8440b2ece548a/alert/text'
14:07:52.137 [AsyncHttpClient-1-2] DEBUG org.asynchttpclient.netty.handler.HttpHandler - 

Request DefaultFullHttpRequest(decodeResult: success, version: HTTP/1.1, content: EmptyByteBufBE)
GET /session/33d1128866044b0999f8440b2ece548a/alert/text HTTP/1.1
User-Agent: selenium/4.8.1 (java windows)
Cache-Control: no-cache
Content-Type: application/json; charset=utf-8
host: localhost:1137
accept: */*

Response DefaultHttpResponse(decodeResult: success, version: HTTP/1.1)
HTTP/1.1 404 Not Found
Content-Length: 807
Content-Type: application/json; charset=utf-8
cache-control: no-cache

14:07:52.137 [AsyncHttpClient-1-2] DEBUG org.asynchttpclient.netty.channel.ChannelManager - Adding key: http://localhost:1137 for channel [id: 0x13972f16, L:/127.0.0.1:14105 - R:localhost/127.0.0.1:1137]
14:07:52.140 [Forwarding getCurrentUrl on session 33d1128866044b0999f8440b2ece548a to remote] DEBUG org.asynchttpclient.netty.request.NettyRequestSender - Using pooled Channel '[id: 0x13972f16, L:/127.0.0.1:14105 - R:localhost/127.0.0.1:1137]' for 'GET' to 'http://localhost:1137/session/33d1128866044b0999f8440b2ece548a/url'
14:07:52.140 [Forwarding getCurrentUrl on session 33d1128866044b0999f8440b2ece548a to remote] DEBUG org.asynchttpclient.netty.request.NettyRequestSender - Using open Channel [id: 0x13972f16, L:/127.0.0.1:14105 - R:localhost/127.0.0.1:1137] for GET '/session/33d1128866044b0999f8440b2ece548a/url'
14:07:52.145 [AsyncHttpClient-1-2] DEBUG org.asynchttpclient.netty.handler.HttpHandler - 

Request DefaultFullHttpRequest(decodeResult: success, version: HTTP/1.1, content: EmptyByteBufBE)
GET /session/33d1128866044b0999f8440b2ece548a/url HTTP/1.1
User-Agent: selenium/4.8.1 (java windows)
Cache-Control: no-cache
Content-Type: application/json; charset=utf-8
host: localhost:1137
accept: */*

Response DefaultHttpResponse(decodeResult: success, version: HTTP/1.1)
HTTP/1.1 200 OK
Content-Length: 64
Content-Type: application/json; charset=utf-8
cache-control: no-cache

14:07:52.145 [AsyncHttpClient-1-2] DEBUG org.asynchttpclient.netty.channel.ChannelManager - Adding key: http://localhost:1137 for channel [id: 0x13972f16, L:/127.0.0.1:14105 - R:localhost/127.0.0.1:1137]
14:07:52.147 [Forwarding screenshot on session 33d1128866044b0999f8440b2ece548a to remote] DEBUG org.asynchttpclient.netty.request.NettyRequestSender - Using pooled Channel '[id: 0x13972f16, L:/127.0.0.1:14105 - R:localhost/127.0.0.1:1137]' for 'GET' to 'http://localhost:1137/session/33d1128866044b0999f8440b2ece548a/screenshot'
14:07:52.147 [Forwarding screenshot on session 33d1128866044b0999f8440b2ece548a to remote] DEBUG org.asynchttpclient.netty.request.NettyRequestSender - Using open Channel [id: 0x13972f16, L:/127.0.0.1:14105 - R:localhost/127.0.0.1:1137] for GET '/session/33d1128866044b0999f8440b2ece548a/screenshot'
14:07:52.256 [AsyncHttpClient-1-2] DEBUG org.asynchttpclient.netty.handler.HttpHandler - 

Request DefaultFullHttpRequest(decodeResult: success, version: HTTP/1.1, content: EmptyByteBufBE)
GET /session/33d1128866044b0999f8440b2ece548a/screenshot HTTP/1.1
User-Agent: selenium/4.8.1 (java windows)
Cache-Control: no-cache
Content-Type: application/json; charset=utf-8
host: localhost:1137
accept: */*

Response DefaultHttpResponse(decodeResult: success, version: HTTP/1.1)
HTTP/1.1 200 OK
Content-Length: 125596
Content-Type: application/json; charset=utf-8
cache-control: no-cache

14:07:52.258 [AsyncHttpClient-1-2] DEBUG org.asynchttpclient.netty.channel.ChannelManager - Adding key: http://localhost:1137 for channel [id: 0x13972f16, L:/127.0.0.1:14105 - R:localhost/127.0.0.1:1137]
14:07:52.267 [main] DEBUG net.serenitybdd.core.photography.Darkroom - Send negative for processing for target\site\serenity\830bdd557b85a27d44613b64a7d39bdd5ce5e9cd6eedc8befa21a1ab815b1265.png
14:07:52.281 [Forwarding getPageSource on session 33d1128866044b0999f8440b2ece548a to remote] DEBUG org.asynchttpclient.netty.request.NettyRequestSender - Using pooled Channel '[id: 0x13972f16, L:/127.0.0.1:14105 - R:localhost/127.0.0.1:1137]' for 'POST' to 'http://localhost:1137/session/33d1128866044b0999f8440b2ece548a/execute/sync'
14:07:52.282 [Forwarding getPageSource on session 33d1128866044b0999f8440b2ece548a to remote] DEBUG org.asynchttpclient.netty.request.NettyRequestSender - Using open Channel [id: 0x13972f16, L:/127.0.0.1:14105 - R:localhost/127.0.0.1:1137] for POST '/session/33d1128866044b0999f8440b2ece548a/execute/sync'
14:07:52.397 [AsyncHttpClient-1-1] DEBUG org.asynchttpclient.netty.channel.DefaultChannelPool - Entry count for : http://localhost:14108 : 1
14:07:52.426 [AsyncHttpClient-1-2] DEBUG org.asynchttpclient.netty.handler.HttpHandler - 

Request DefaultHttpRequest(decodeResult: success, version: HTTP/1.1)
POST /session/33d1128866044b0999f8440b2ece548a/execute/sync HTTP/1.1
User-Agent: selenium/4.8.1 (java windows)
Content-Length: 176
Content-Type: application/json; charset=utf-8
host: localhost:1137
accept: */*

Response DefaultHttpResponse(decodeResult: success, version: HTTP/1.1)
HTTP/1.1 200 OK
Content-Length: 5992
Content-Type: application/json; charset=utf-8
cache-control: no-cache

14:07:52.426 [AsyncHttpClient-1-2] DEBUG org.asynchttpclient.netty.channel.ChannelManager - Adding key: http://localhost:1137 for channel [id: 0x13972f16, L:/127.0.0.1:14105 - R:localhost/127.0.0.1:1137]
14:07:52.850 [Forwarding getCurrentUrl on session 33d1128866044b0999f8440b2ece548a to remote] DEBUG org.asynchttpclient.netty.request.NettyRequestSender - Using pooled Channel '[id: 0x13972f16, L:/127.0.0.1:14105 - R:localhost/127.0.0.1:1137]' for 'GET' to 'http://localhost:1137/session/33d1128866044b0999f8440b2ece548a/url'
14:07:52.850 [Forwarding getCurrentUrl on session 33d1128866044b0999f8440b2ece548a to remote] DEBUG org.asynchttpclient.netty.request.NettyRequestSender - Using open Channel [id: 0x13972f16, L:/127.0.0.1:14105 - R:localhost/127.0.0.1:1137] for GET '/session/33d1128866044b0999f8440b2ece548a/url'
14:07:52.856 [AsyncHttpClient-1-2] DEBUG org.asynchttpclient.netty.handler.HttpHandler - 

Request DefaultFullHttpRequest(decodeResult: success, version: HTTP/1.1, content: EmptyByteBufBE)
GET /session/33d1128866044b0999f8440b2ece548a/url HTTP/1.1
User-Agent: selenium/4.8.1 (java windows)
Cache-Control: no-cache
Content-Type: application/json; charset=utf-8
host: localhost:1137
accept: */*

Response DefaultHttpResponse(decodeResult: success, version: HTTP/1.1)
HTTP/1.1 200 OK
Content-Length: 64
Content-Type: application/json; charset=utf-8
cache-control: no-cache

14:07:52.856 [AsyncHttpClient-1-2] DEBUG org.asynchttpclient.netty.channel.ChannelManager - Adding key: http://localhost:1137 for channel [id: 0x13972f16, L:/127.0.0.1:14105 - R:localhost/127.0.0.1:1137]
14:07:52.883 [Forwarding getAlertText on session 33d1128866044b0999f8440b2ece548a to remote] DEBUG org.asynchttpclient.netty.request.NettyRequestSender - Using pooled Channel '[id: 0x13972f16, L:/127.0.0.1:14105 - R:localhost/127.0.0.1:1137]' for 'GET' to 'http://localhost:1137/session/33d1128866044b0999f8440b2ece548a/alert/text'
14:07:52.883 [Forwarding getAlertText on session 33d1128866044b0999f8440b2ece548a to remote] DEBUG org.asynchttpclient.netty.request.NettyRequestSender - Using open Channel [id: 0x13972f16, L:/127.0.0.1:14105 - R:localhost/127.0.0.1:1137] for GET '/session/33d1128866044b0999f8440b2ece548a/alert/text'
14:07:52.886 [AsyncHttpClient-1-2] DEBUG org.asynchttpclient.netty.handler.HttpHandler - 

Request DefaultFullHttpRequest(decodeResult: success, version: HTTP/1.1, content: EmptyByteBufBE)
GET /session/33d1128866044b0999f8440b2ece548a/alert/text HTTP/1.1
User-Agent: selenium/4.8.1 (java windows)
Cache-Control: no-cache
Content-Type: application/json; charset=utf-8
host: localhost:1137
accept: */*

Response DefaultHttpResponse(decodeResult: success, version: HTTP/1.1)
HTTP/1.1 404 Not Found
Content-Length: 807
Content-Type: application/json; charset=utf-8
cache-control: no-cache

14:07:52.886 [AsyncHttpClient-1-2] DEBUG org.asynchttpclient.netty.channel.ChannelManager - Adding key: http://localhost:1137 for channel [id: 0x13972f16, L:/127.0.0.1:14105 - R:localhost/127.0.0.1:1137]
14:07:52.889 [Forwarding getCurrentUrl on session 33d1128866044b0999f8440b2ece548a to remote] DEBUG org.asynchttpclient.netty.request.NettyRequestSender - Using pooled Channel '[id: 0x13972f16, L:/127.0.0.1:14105 - R:localhost/127.0.0.1:1137]' for 'GET' to 'http://localhost:1137/session/33d1128866044b0999f8440b2ece548a/url'
14:07:52.889 [Forwarding getCurrentUrl on session 33d1128866044b0999f8440b2ece548a to remote] DEBUG org.asynchttpclient.netty.request.NettyRequestSender - Using open Channel [id: 0x13972f16, L:/127.0.0.1:14105 - R:localhost/127.0.0.1:1137] for GET '/session/33d1128866044b0999f8440b2ece548a/url'
14:07:52.895 [AsyncHttpClient-1-2] DEBUG org.asynchttpclient.netty.handler.HttpHandler - 

Request DefaultFullHttpRequest(decodeResult: success, version: HTTP/1.1, content: EmptyByteBufBE)
GET /session/33d1128866044b0999f8440b2ece548a/url HTTP/1.1
User-Agent: selenium/4.8.1 (java windows)
Cache-Control: no-cache
Content-Type: application/json; charset=utf-8
host: localhost:1137
accept: */*

Response DefaultHttpResponse(decodeResult: success, version: HTTP/1.1)
HTTP/1.1 200 OK
Content-Length: 64
Content-Type: application/json; charset=utf-8
cache-control: no-cache

14:07:52.895 [AsyncHttpClient-1-2] DEBUG org.asynchttpclient.netty.channel.ChannelManager - Adding key: http://localhost:1137 for channel [id: 0x13972f16, L:/127.0.0.1:14105 - R:localhost/127.0.0.1:1137]
14:07:52.896 [Forwarding screenshot on session 33d1128866044b0999f8440b2ece548a to remote] DEBUG org.asynchttpclient.netty.request.NettyRequestSender - Using pooled Channel '[id: 0x13972f16, L:/127.0.0.1:14105 - R:localhost/127.0.0.1:1137]' for 'GET' to 'http://localhost:1137/session/33d1128866044b0999f8440b2ece548a/screenshot'
14:07:52.897 [Forwarding screenshot on session 33d1128866044b0999f8440b2ece548a to remote] DEBUG org.asynchttpclient.netty.request.NettyRequestSender - Using open Channel [id: 0x13972f16, L:/127.0.0.1:14105 - R:localhost/127.0.0.1:1137] for GET '/session/33d1128866044b0999f8440b2ece548a/screenshot'
14:07:53.010 [AsyncHttpClient-1-2] DEBUG org.asynchttpclient.netty.handler.HttpHandler - 

Request DefaultFullHttpRequest(decodeResult: success, version: HTTP/1.1, content: EmptyByteBufBE)
GET /session/33d1128866044b0999f8440b2ece548a/screenshot HTTP/1.1
User-Agent: selenium/4.8.1 (java windows)
Cache-Control: no-cache
Content-Type: application/json; charset=utf-8
host: localhost:1137
accept: */*

Response DefaultHttpResponse(decodeResult: success, version: HTTP/1.1)
HTTP/1.1 200 OK
Content-Length: 125596
Content-Type: application/json; charset=utf-8
cache-control: no-cache

14:07:53.012 [AsyncHttpClient-1-2] DEBUG org.asynchttpclient.netty.channel.ChannelManager - Adding key: http://localhost:1137 for channel [id: 0x13972f16, L:/127.0.0.1:14105 - R:localhost/127.0.0.1:1137]
14:07:53.020 [main] DEBUG net.serenitybdd.core.photography.Darkroom - Send negative for processing for target\site\serenity\830bdd557b85a27d44613b64a7d39bdd5ce5e9cd6eedc8befa21a1ab815b1265.png
14:07:53.025 [Forwarding getPageSource on session 33d1128866044b0999f8440b2ece548a to remote] DEBUG org.asynchttpclient.netty.request.NettyRequestSender - Using pooled Channel '[id: 0x13972f16, L:/127.0.0.1:14105 - R:localhost/127.0.0.1:1137]' for 'POST' to 'http://localhost:1137/session/33d1128866044b0999f8440b2ece548a/execute/sync'
14:07:53.025 [Forwarding getPageSource on session 33d1128866044b0999f8440b2ece548a to remote] DEBUG org.asynchttpclient.netty.request.NettyRequestSender - Using open Channel [id: 0x13972f16, L:/127.0.0.1:14105 - R:localhost/127.0.0.1:1137] for POST '/session/33d1128866044b0999f8440b2ece548a/execute/sync'
14:07:53.032 [AsyncHttpClient-1-2] DEBUG org.asynchttpclient.netty.handler.HttpHandler - 

Request DefaultHttpRequest(decodeResult: success, version: HTTP/1.1)
POST /session/33d1128866044b0999f8440b2ece548a/execute/sync HTTP/1.1
User-Agent: selenium/4.8.1 (java windows)
Content-Length: 176
Content-Type: application/json; charset=utf-8
host: localhost:1137
accept: */*

Response DefaultHttpResponse(decodeResult: success, version: HTTP/1.1)
HTTP/1.1 200 OK
Content-Length: 5992
Content-Type: application/json; charset=utf-8
cache-control: no-cache

14:07:53.032 [AsyncHttpClient-1-2] DEBUG org.asynchttpclient.netty.channel.ChannelManager - Adding key: http://localhost:1137 for channel [id: 0x13972f16, L:/127.0.0.1:14105 - R:localhost/127.0.0.1:1137]
14:07:53.038 [Forwarding getCurrentUrl on session 33d1128866044b0999f8440b2ece548a to remote] DEBUG org.asynchttpclient.netty.request.NettyRequestSender - Using pooled Channel '[id: 0x13972f16, L:/127.0.0.1:14105 - R:localhost/127.0.0.1:1137]' for 'GET' to 'http://localhost:1137/session/33d1128866044b0999f8440b2ece548a/url'
14:07:53.039 [Forwarding getCurrentUrl on session 33d1128866044b0999f8440b2ece548a to remote] DEBUG org.asynchttpclient.netty.request.NettyRequestSender - Using open Channel [id: 0x13972f16, L:/127.0.0.1:14105 - R:localhost/127.0.0.1:1137] for GET '/session/33d1128866044b0999f8440b2ece548a/url'
14:07:53.044 [AsyncHttpClient-1-2] DEBUG org.asynchttpclient.netty.handler.HttpHandler - 

Request DefaultFullHttpRequest(decodeResult: success, version: HTTP/1.1, content: EmptyByteBufBE)
GET /session/33d1128866044b0999f8440b2ece548a/url HTTP/1.1
User-Agent: selenium/4.8.1 (java windows)
Cache-Control: no-cache
Content-Type: application/json; charset=utf-8
host: localhost:1137
accept: */*

Response DefaultHttpResponse(decodeResult: success, version: HTTP/1.1)
HTTP/1.1 200 OK
Content-Length: 64
Content-Type: application/json; charset=utf-8
cache-control: no-cache

14:07:53.044 [AsyncHttpClient-1-2] DEBUG org.asynchttpclient.netty.channel.ChannelManager - Adding key: http://localhost:1137 for channel [id: 0x13972f16, L:/127.0.0.1:14105 - R:localhost/127.0.0.1:1137]
14:07:53.047 [main] DEBUG net.thucydides.core.steps.StepInterceptor - STARTING STEP: AddStockDataSteps.inputtEmaill - inputEmaill
14:07:53.168 [Forwarding findElement on session 33d1128866044b0999f8440b2ece548a to remote] DEBUG org.asynchttpclient.netty.request.NettyRequestSender - Using pooled Channel '[id: 0x13972f16, L:/127.0.0.1:14105 - R:localhost/127.0.0.1:1137]' for 'POST' to 'http://localhost:1137/session/33d1128866044b0999f8440b2ece548a/element'
14:07:53.168 [Forwarding findElement on session 33d1128866044b0999f8440b2ece548a to remote] DEBUG org.asynchttpclient.netty.request.NettyRequestSender - Using open Channel [id: 0x13972f16, L:/127.0.0.1:14105 - R:localhost/127.0.0.1:1137] for POST '/session/33d1128866044b0999f8440b2ece548a/element'
14:07:53.498 [AsyncHttpClient-1-1] DEBUG org.asynchttpclient.netty.channel.DefaultChannelPool - Entry count for : http://localhost:14108 : 1
14:07:53.973 [AsyncHttpClient-1-2] DEBUG org.asynchttpclient.netty.handler.HttpHandler - 

Request DefaultHttpRequest(decodeResult: success, version: HTTP/1.1)
POST /session/33d1128866044b0999f8440b2ece548a/element HTTP/1.1
User-Agent: selenium/4.8.1 (java windows)
Content-Length: 67
Content-Type: application/json; charset=utf-8
host: localhost:1137
accept: */*

Response DefaultHttpResponse(decodeResult: success, version: HTTP/1.1)
HTTP/1.1 200 OK
Content-Length: 95
Content-Type: application/json; charset=utf-8
cache-control: no-cache

14:07:53.973 [AsyncHttpClient-1-2] DEBUG org.asynchttpclient.netty.channel.ChannelManager - Adding key: http://localhost:1137 for channel [id: 0x13972f16, L:/127.0.0.1:14105 - R:localhost/127.0.0.1:1137]
14:07:53.978 [Forwarding clearElement on session 33d1128866044b0999f8440b2ece548a to remote] DEBUG org.asynchttpclient.netty.request.NettyRequestSender - Using pooled Channel '[id: 0x13972f16, L:/127.0.0.1:14105 - R:localhost/127.0.0.1:1137]' for 'POST' to 'http://localhost:1137/session/33d1128866044b0999f8440b2ece548a/element/7CDEC4DF7094460B24770620D855D691_element_14/clear'
14:07:53.978 [Forwarding clearElement on session 33d1128866044b0999f8440b2ece548a to remote] DEBUG org.asynchttpclient.netty.request.NettyRequestSender - Using open Channel [id: 0x13972f16, L:/127.0.0.1:14105 - R:localhost/127.0.0.1:1137] for POST '/session/33d1128866044b0999f8440b2ece548a/element/7CDEC4DF7094460B24770620D855D691_element_14/clear'
14:07:54.304 [AsyncHttpClient-1-2] DEBUG org.asynchttpclient.netty.handler.HttpHandler - 

Request DefaultHttpRequest(decodeResult: success, version: HTTP/1.1)
POST /session/33d1128866044b0999f8440b2ece548a/element/7CDEC4DF7094460B24770620D855D691_element_14/clear HTTP/1.1
User-Agent: selenium/4.8.1 (java windows)
Content-Length: 57
Content-Type: application/json; charset=utf-8
host: localhost:1137
accept: */*

Response DefaultHttpResponse(decodeResult: success, version: HTTP/1.1)
HTTP/1.1 200 OK
Content-Length: 14
Content-Type: application/json; charset=utf-8
cache-control: no-cache

14:07:54.305 [AsyncHttpClient-1-2] DEBUG org.asynchttpclient.netty.channel.ChannelManager - Adding key: http://localhost:1137 for channel [id: 0x13972f16, L:/127.0.0.1:14105 - R:localhost/127.0.0.1:1137]
14:07:54.312 [Forwarding sendKeysToElement on session 33d1128866044b0999f8440b2ece548a to remote] DEBUG org.asynchttpclient.netty.request.NettyRequestSender - Using pooled Channel '[id: 0x13972f16, L:/127.0.0.1:14105 - R:localhost/127.0.0.1:1137]' for 'POST' to 'http://localhost:1137/session/33d1128866044b0999f8440b2ece548a/element/7CDEC4DF7094460B24770620D855D691_element_14/value'
14:07:54.312 [Forwarding sendKeysToElement on session 33d1128866044b0999f8440b2ece548a to remote] DEBUG org.asynchttpclient.netty.request.NettyRequestSender - Using open Channel [id: 0x13972f16, L:/127.0.0.1:14105 - R:localhost/127.0.0.1:1137] for POST '/session/33d1128866044b0999f8440b2ece548a/element/7CDEC4DF7094460B24770620D855D691_element_14/value'
14:07:54.598 [AsyncHttpClient-1-1] DEBUG org.asynchttpclient.netty.channel.DefaultChannelPool - Entry count for : http://localhost:14108 : 1
14:07:55.698 [AsyncHttpClient-1-1] DEBUG org.asynchttpclient.netty.channel.DefaultChannelPool - Entry count for : http://localhost:14108 : 1
14:07:55.698 [AsyncHttpClient-1-1] DEBUG org.asynchttpclient.netty.channel.DefaultChannelPool - Adding Candidate expired Channel [id: 0x082d989b, L:/127.0.0.1:14121 - R:localhost/127.0.0.1:14108] isIdleTimeoutExpired=true isRemotelyClosed=false isTtlExpired=false
14:07:55.698 [AsyncHttpClient-1-1] DEBUG org.asynchttpclient.netty.channel.DefaultChannelPool - Closing Idle Channel [id: 0x082d989b, L:/127.0.0.1:14121 - R:localhost/127.0.0.1:14108]
14:07:55.699 [AsyncHttpClient-1-1] DEBUG org.asynchttpclient.netty.channel.DefaultChannelPool - Closed 1 connections out of 1 in 1 ms
14:07:55.701 [AsyncHttpClient-1-3] DEBUG org.asynchttpclient.netty.handler.HttpHandler - Channel Closed: [id: 0x082d989b, L:/127.0.0.1:14121 ! R:localhost/127.0.0.1:14108] with attribute DISCARD
14:07:57.384 [AsyncHttpClient-1-2] DEBUG org.asynchttpclient.netty.handler.HttpHandler - 

Request DefaultHttpRequest(decodeResult: success, version: HTTP/1.1)
POST /session/33d1128866044b0999f8440b2ece548a/element/7CDEC4DF7094460B24770620D855D691_element_14/value HTTP/1.1
User-Agent: selenium/4.8.1 (java windows)
Content-Length: 258
Content-Type: application/json; charset=utf-8
host: localhost:1137
accept: */*

Response DefaultHttpResponse(decodeResult: success, version: HTTP/1.1)
HTTP/1.1 200 OK
Content-Length: 14
Content-Type: application/json; charset=utf-8
cache-control: no-cache

14:07:57.384 [AsyncHttpClient-1-2] DEBUG org.asynchttpclient.netty.channel.ChannelManager - Adding key: http://localhost:1137 for channel [id: 0x13972f16, L:/127.0.0.1:14105 - R:localhost/127.0.0.1:1137]
14:07:57.582 [Forwarding getAlertText on session 33d1128866044b0999f8440b2ece548a to remote] DEBUG org.asynchttpclient.netty.request.NettyRequestSender - Using pooled Channel '[id: 0x13972f16, L:/127.0.0.1:14105 - R:localhost/127.0.0.1:1137]' for 'GET' to 'http://localhost:1137/session/33d1128866044b0999f8440b2ece548a/alert/text'
14:07:57.582 [Forwarding getAlertText on session 33d1128866044b0999f8440b2ece548a to remote] DEBUG org.asynchttpclient.netty.request.NettyRequestSender - Using open Channel [id: 0x13972f16, L:/127.0.0.1:14105 - R:localhost/127.0.0.1:1137] for GET '/session/33d1128866044b0999f8440b2ece548a/alert/text'
14:07:57.584 [AsyncHttpClient-1-2] DEBUG org.asynchttpclient.netty.handler.HttpHandler - 

Request DefaultFullHttpRequest(decodeResult: success, version: HTTP/1.1, content: EmptyByteBufBE)
GET /session/33d1128866044b0999f8440b2ece548a/alert/text HTTP/1.1
User-Agent: selenium/4.8.1 (java windows)
Cache-Control: no-cache
Content-Type: application/json; charset=utf-8
host: localhost:1137
accept: */*

Response DefaultHttpResponse(decodeResult: success, version: HTTP/1.1)
HTTP/1.1 404 Not Found
Content-Length: 807
Content-Type: application/json; charset=utf-8
cache-control: no-cache

14:07:57.585 [AsyncHttpClient-1-2] DEBUG org.asynchttpclient.netty.channel.ChannelManager - Adding key: http://localhost:1137 for channel [id: 0x13972f16, L:/127.0.0.1:14105 - R:localhost/127.0.0.1:1137]
14:07:57.588 [Forwarding getCurrentUrl on session 33d1128866044b0999f8440b2ece548a to remote] DEBUG org.asynchttpclient.netty.request.NettyRequestSender - Using pooled Channel '[id: 0x13972f16, L:/127.0.0.1:14105 - R:localhost/127.0.0.1:1137]' for 'GET' to 'http://localhost:1137/session/33d1128866044b0999f8440b2ece548a/url'
14:07:57.588 [Forwarding getCurrentUrl on session 33d1128866044b0999f8440b2ece548a to remote] DEBUG org.asynchttpclient.netty.request.NettyRequestSender - Using open Channel [id: 0x13972f16, L:/127.0.0.1:14105 - R:localhost/127.0.0.1:1137] for GET '/session/33d1128866044b0999f8440b2ece548a/url'
14:07:57.593 [AsyncHttpClient-1-2] DEBUG org.asynchttpclient.netty.handler.HttpHandler - 

Request DefaultFullHttpRequest(decodeResult: success, version: HTTP/1.1, content: EmptyByteBufBE)
GET /session/33d1128866044b0999f8440b2ece548a/url HTTP/1.1
User-Agent: selenium/4.8.1 (java windows)
Cache-Control: no-cache
Content-Type: application/json; charset=utf-8
host: localhost:1137
accept: */*

Response DefaultHttpResponse(decodeResult: success, version: HTTP/1.1)
HTTP/1.1 200 OK
Content-Length: 64
Content-Type: application/json; charset=utf-8
cache-control: no-cache

14:07:57.599 [AsyncHttpClient-1-2] DEBUG org.asynchttpclient.netty.channel.ChannelManager - Adding key: http://localhost:1137 for channel [id: 0x13972f16, L:/127.0.0.1:14105 - R:localhost/127.0.0.1:1137]
14:07:57.601 [Forwarding screenshot on session 33d1128866044b0999f8440b2ece548a to remote] DEBUG org.asynchttpclient.netty.request.NettyRequestSender - Using pooled Channel '[id: 0x13972f16, L:/127.0.0.1:14105 - R:localhost/127.0.0.1:1137]' for 'GET' to 'http://localhost:1137/session/33d1128866044b0999f8440b2ece548a/screenshot'
14:07:57.601 [Forwarding screenshot on session 33d1128866044b0999f8440b2ece548a to remote] DEBUG org.asynchttpclient.netty.request.NettyRequestSender - Using open Channel [id: 0x13972f16, L:/127.0.0.1:14105 - R:localhost/127.0.0.1:1137] for GET '/session/33d1128866044b0999f8440b2ece548a/screenshot'
14:07:57.704 [AsyncHttpClient-1-2] DEBUG org.asynchttpclient.netty.handler.HttpHandler - 

Request DefaultFullHttpRequest(decodeResult: success, version: HTTP/1.1, content: EmptyByteBufBE)
GET /session/33d1128866044b0999f8440b2ece548a/screenshot HTTP/1.1
User-Agent: selenium/4.8.1 (java windows)
Cache-Control: no-cache
Content-Type: application/json; charset=utf-8
host: localhost:1137
accept: */*

Response DefaultHttpResponse(decodeResult: success, version: HTTP/1.1)
HTTP/1.1 200 OK
Content-Length: 126836
Content-Type: application/json; charset=utf-8
cache-control: no-cache

14:07:57.706 [AsyncHttpClient-1-2] DEBUG org.asynchttpclient.netty.channel.ChannelManager - Adding key: http://localhost:1137 for channel [id: 0x13972f16, L:/127.0.0.1:14105 - R:localhost/127.0.0.1:1137]
14:07:57.715 [main] DEBUG net.serenitybdd.core.photography.Darkroom - Send negative for processing for target\site\serenity\b6345a1d6e9f2ec67aae42d8203198a6c68df04ea1c5f4d2425c48462b4cd2c0.png
14:07:57.715 [Darkroom Processing Line] DEBUG net.serenitybdd.core.photography.DarkroomProcessingLine - Processing screenshot image in /var/screenshots/screenshot-7632000731765721599
14:07:57.715 [main] DEBUG net.thucydides.core.steps.StepInterceptor - STEP DONE: inputEmaill
14:07:57.715 [Darkroom Processing Line] DEBUG net.serenitybdd.core.photography.DarkroomProcessingLine - Saving screenshot to target\site\serenity\b6345a1d6e9f2ec67aae42d8203198a6c68df04ea1c5f4d2425c48462b4cd2c0.png
  &amp#27;[32mWhen &amp#27;[0m&amp#27;[32mI inputt emaill&amp#27;[0m                                    &amp#27;[90m# Starter.Stepdefitions.AddStockDataSteps.inputtEmaill()&amp#27;[0m
14:07:57.735 [Forwarding getPageSource on session 33d1128866044b0999f8440b2ece548a to remote] DEBUG org.asynchttpclient.netty.request.NettyRequestSender - Using pooled Channel '[id: 0x13972f16, L:/127.0.0.1:14105 - R:localhost/127.0.0.1:1137]' for 'POST' to 'http://localhost:1137/session/33d1128866044b0999f8440b2ece548a/execute/sync'
14:07:57.735 [Forwarding getPageSource on session 33d1128866044b0999f8440b2ece548a to remote] DEBUG org.asynchttpclient.netty.request.NettyRequestSender - Using open Channel [id: 0x13972f16, L:/127.0.0.1:14105 - R:localhost/127.0.0.1:1137] for POST '/session/33d1128866044b0999f8440b2ece548a/execute/sync'
14:07:57.741 [AsyncHttpClient-1-2] DEBUG org.asynchttpclient.netty.handler.HttpHandler - 

Request DefaultHttpRequest(decodeResult: success, version: HTTP/1.1)
POST /session/33d1128866044b0999f8440b2ece548a/execute/sync HTTP/1.1
User-Agent: selenium/4.8.1 (java windows)
Content-Length: 176
Content-Type: application/json; charset=utf-8
host: localhost:1137
accept: */*

Response DefaultHttpResponse(decodeResult: success, version: HTTP/1.1)
HTTP/1.1 200 OK
Content-Length: 6025
Content-Type: application/json; charset=utf-8
cache-control: no-cache

14:07:57.742 [AsyncHttpClient-1-2] DEBUG org.asynchttpclient.netty.channel.ChannelManager - Adding key: http://localhost:1137 for channel [id: 0x13972f16, L:/127.0.0.1:14105 - R:localhost/127.0.0.1:1137]
14:07:57.747 [Forwarding getCurrentUrl on session 33d1128866044b0999f8440b2ece548a to remote] DEBUG org.asynchttpclient.netty.request.NettyRequestSender - Using pooled Channel '[id: 0x13972f16, L:/127.0.0.1:14105 - R:localhost/127.0.0.1:1137]' for 'GET' to 'http://localhost:1137/session/33d1128866044b0999f8440b2ece548a/url'
14:07:57.748 [Forwarding getCurrentUrl on session 33d1128866044b0999f8440b2ece548a to remote] DEBUG org.asynchttpclient.netty.request.NettyRequestSender - Using open Channel [id: 0x13972f16, L:/127.0.0.1:14105 - R:localhost/127.0.0.1:1137] for GET '/session/33d1128866044b0999f8440b2ece548a/url'
14:07:57.752 [AsyncHttpClient-1-2] DEBUG org.asynchttpclient.netty.handler.HttpHandler - 

Request DefaultFullHttpRequest(decodeResult: success, version: HTTP/1.1, content: EmptyByteBufBE)
GET /session/33d1128866044b0999f8440b2ece548a/url HTTP/1.1
User-Agent: selenium/4.8.1 (java windows)
Cache-Control: no-cache
Content-Type: application/json; charset=utf-8
host: localhost:1137
accept: */*

Response DefaultHttpResponse(decodeResult: success, version: HTTP/1.1)
HTTP/1.1 200 OK
Content-Length: 64
Content-Type: application/json; charset=utf-8
cache-control: no-cache

14:07:57.753 [AsyncHttpClient-1-2] DEBUG org.asynchttpclient.netty.channel.ChannelManager - Adding key: http://localhost:1137 for channel [id: 0x13972f16, L:/127.0.0.1:14105 - R:localhost/127.0.0.1:1137]
14:07:57.769 [Forwarding getAlertText on session 33d1128866044b0999f8440b2ece548a to remote] DEBUG org.asynchttpclient.netty.request.NettyRequestSender - Using pooled Channel '[id: 0x13972f16, L:/127.0.0.1:14105 - R:localhost/127.0.0.1:1137]' for 'GET' to 'http://localhost:1137/session/33d1128866044b0999f8440b2ece548a/alert/text'
14:07:57.770 [Forwarding getAlertText on session 33d1128866044b0999f8440b2ece548a to remote] DEBUG org.asynchttpclient.netty.request.NettyRequestSender - Using open Channel [id: 0x13972f16, L:/127.0.0.1:14105 - R:localhost/127.0.0.1:1137] for GET '/session/33d1128866044b0999f8440b2ece548a/alert/text'
14:07:57.772 [AsyncHttpClient-1-2] DEBUG org.asynchttpclient.netty.handler.HttpHandler - 

Request DefaultFullHttpRequest(decodeResult: success, version: HTTP/1.1, content: EmptyByteBufBE)
GET /session/33d1128866044b0999f8440b2ece548a/alert/text HTTP/1.1
User-Agent: selenium/4.8.1 (java windows)
Cache-Control: no-cache
Content-Type: application/json; charset=utf-8
host: localhost:1137
accept: */*

Response DefaultHttpResponse(decodeResult: success, version: HTTP/1.1)
HTTP/1.1 404 Not Found
Content-Length: 807
Content-Type: application/json; charset=utf-8
cache-control: no-cache

14:07:57.772 [AsyncHttpClient-1-2] DEBUG org.asynchttpclient.netty.channel.ChannelManager - Adding key: http://localhost:1137 for channel [id: 0x13972f16, L:/127.0.0.1:14105 - R:localhost/127.0.0.1:1137]
14:07:57.774 [Forwarding getCurrentUrl on session 33d1128866044b0999f8440b2ece548a to remote] DEBUG org.asynchttpclient.netty.request.NettyRequestSender - Using pooled Channel '[id: 0x13972f16, L:/127.0.0.1:14105 - R:localhost/127.0.0.1:1137]' for 'GET' to 'http://localhost:1137/session/33d1128866044b0999f8440b2ece548a/url'
14:07:57.775 [Forwarding getCurrentUrl on session 33d1128866044b0999f8440b2ece548a to remote] DEBUG org.asynchttpclient.netty.request.NettyRequestSender - Using open Channel [id: 0x13972f16, L:/127.0.0.1:14105 - R:localhost/127.0.0.1:1137] for GET '/session/33d1128866044b0999f8440b2ece548a/url'
14:07:57.780 [AsyncHttpClient-1-2] DEBUG org.asynchttpclient.netty.handler.HttpHandler - 

Request DefaultFullHttpRequest(decodeResult: success, version: HTTP/1.1, content: EmptyByteBufBE)
GET /session/33d1128866044b0999f8440b2ece548a/url HTTP/1.1
User-Agent: selenium/4.8.1 (java windows)
Cache-Control: no-cache
Content-Type: application/json; charset=utf-8
host: localhost:1137
accept: */*

Response DefaultHttpResponse(decodeResult: success, version: HTTP/1.1)
HTTP/1.1 200 OK
Content-Length: 64
Content-Type: application/json; charset=utf-8
cache-control: no-cache

14:07:57.780 [AsyncHttpClient-1-2] DEBUG org.asynchttpclient.netty.channel.ChannelManager - Adding key: http://localhost:1137 for channel [id: 0x13972f16, L:/127.0.0.1:14105 - R:localhost/127.0.0.1:1137]
14:07:57.782 [Forwarding screenshot on session 33d1128866044b0999f8440b2ece548a to remote] DEBUG org.asynchttpclient.netty.request.NettyRequestSender - Using pooled Channel '[id: 0x13972f16, L:/127.0.0.1:14105 - R:localhost/127.0.0.1:1137]' for 'GET' to 'http://localhost:1137/session/33d1128866044b0999f8440b2ece548a/screenshot'
14:07:57.782 [Forwarding screenshot on session 33d1128866044b0999f8440b2ece548a to remote] DEBUG org.asynchttpclient.netty.request.NettyRequestSender - Using open Channel [id: 0x13972f16, L:/127.0.0.1:14105 - R:localhost/127.0.0.1:1137] for GET '/session/33d1128866044b0999f8440b2ece548a/screenshot'
14:07:57.951 [AsyncHttpClient-1-2] DEBUG org.asynchttpclient.netty.handler.HttpHandler - 

Request DefaultFullHttpRequest(decodeResult: success, version: HTTP/1.1, content: EmptyByteBufBE)
GET /session/33d1128866044b0999f8440b2ece548a/screenshot HTTP/1.1
User-Agent: selenium/4.8.1 (java windows)
Cache-Control: no-cache
Content-Type: application/json; charset=utf-8
host: localhost:1137
accept: */*

Response DefaultHttpResponse(decodeResult: success, version: HTTP/1.1)
HTTP/1.1 200 OK
Content-Length: 126836
Content-Type: application/json; charset=utf-8
cache-control: no-cache

14:07:57.953 [AsyncHttpClient-1-2] DEBUG org.asynchttpclient.netty.channel.ChannelManager - Adding key: http://localhost:1137 for channel [id: 0x13972f16, L:/127.0.0.1:14105 - R:localhost/127.0.0.1:1137]
14:07:57.967 [main] DEBUG net.serenitybdd.core.photography.Darkroom - Send negative for processing for target\site\serenity\b6345a1d6e9f2ec67aae42d8203198a6c68df04ea1c5f4d2425c48462b4cd2c0.png
14:07:57.971 [Forwarding getPageSource on session 33d1128866044b0999f8440b2ece548a to remote] DEBUG org.asynchttpclient.netty.request.NettyRequestSender - Using pooled Channel '[id: 0x13972f16, L:/127.0.0.1:14105 - R:localhost/127.0.0.1:1137]' for 'POST' to 'http://localhost:1137/session/33d1128866044b0999f8440b2ece548a/execute/sync'
14:07:57.971 [Forwarding getPageSource on session 33d1128866044b0999f8440b2ece548a to remote] DEBUG org.asynchttpclient.netty.request.NettyRequestSender - Using open Channel [id: 0x13972f16, L:/127.0.0.1:14105 - R:localhost/127.0.0.1:1137] for POST '/session/33d1128866044b0999f8440b2ece548a/execute/sync'
14:07:57.984 [AsyncHttpClient-1-2] DEBUG org.asynchttpclient.netty.handler.HttpHandler - 

Request DefaultHttpRequest(decodeResult: success, version: HTTP/1.1)
POST /session/33d1128866044b0999f8440b2ece548a/execute/sync HTTP/1.1
User-Agent: selenium/4.8.1 (java windows)
Content-Length: 176
Content-Type: application/json; charset=utf-8
host: localhost:1137
accept: */*

Response DefaultHttpResponse(decodeResult: success, version: HTTP/1.1)
HTTP/1.1 200 OK
Content-Length: 6025
Content-Type: application/json; charset=utf-8
cache-control: no-cache

14:07:57.984 [AsyncHttpClient-1-2] DEBUG org.asynchttpclient.netty.channel.ChannelManager - Adding key: http://localhost:1137 for channel [id: 0x13972f16, L:/127.0.0.1:14105 - R:localhost/127.0.0.1:1137]
14:07:57.992 [Forwarding getCurrentUrl on session 33d1128866044b0999f8440b2ece548a to remote] DEBUG org.asynchttpclient.netty.request.NettyRequestSender - Using pooled Channel '[id: 0x13972f16, L:/127.0.0.1:14105 - R:localhost/127.0.0.1:1137]' for 'GET' to 'http://localhost:1137/session/33d1128866044b0999f8440b2ece548a/url'
14:07:57.993 [Forwarding getCurrentUrl on session 33d1128866044b0999f8440b2ece548a to remote] DEBUG org.asynchttpclient.netty.request.NettyRequestSender - Using open Channel [id: 0x13972f16, L:/127.0.0.1:14105 - R:localhost/127.0.0.1:1137] for GET '/session/33d1128866044b0999f8440b2ece548a/url'
14:07:58.006 [AsyncHttpClient-1-2] DEBUG org.asynchttpclient.netty.handler.HttpHandler - 

Request DefaultFullHttpRequest(decodeResult: success, version: HTTP/1.1, content: EmptyByteBufBE)
GET /session/33d1128866044b0999f8440b2ece548a/url HTTP/1.1
User-Agent: selenium/4.8.1 (java windows)
Cache-Control: no-cache
Content-Type: application/json; charset=utf-8
host: localhost:1137
accept: */*

Response DefaultHttpResponse(decodeResult: success, version: HTTP/1.1)
HTTP/1.1 200 OK
Content-Length: 64
Content-Type: application/json; charset=utf-8
cache-control: no-cache

14:07:58.006 [AsyncHttpClient-1-2] DEBUG org.asynchttpclient.netty.channel.ChannelManager - Adding key: http://localhost:1137 for channel [id: 0x13972f16, L:/127.0.0.1:14105 - R:localhost/127.0.0.1:1137]
14:07:58.010 [main] DEBUG net.thucydides.core.steps.StepInterceptor - STARTING STEP: AddStockDataSteps.inputtPasswordd - inputPasswordd
14:07:58.016 [Forwarding findElement on session 33d1128866044b0999f8440b2ece548a to remote] DEBUG org.asynchttpclient.netty.request.NettyRequestSender - Using pooled Channel '[id: 0x13972f16, L:/127.0.0.1:14105 - R:localhost/127.0.0.1:1137]' for 'POST' to 'http://localhost:1137/session/33d1128866044b0999f8440b2ece548a/element'
14:07:58.016 [Forwarding findElement on session 33d1128866044b0999f8440b2ece548a to remote] DEBUG org.asynchttpclient.netty.request.NettyRequestSender - Using open Channel [id: 0x13972f16, L:/127.0.0.1:14105 - R:localhost/127.0.0.1:1137] for POST '/session/33d1128866044b0999f8440b2ece548a/element'
14:07:58.039 [AsyncHttpClient-1-2] DEBUG org.asynchttpclient.netty.handler.HttpHandler - 

Request DefaultHttpRequest(decodeResult: success, version: HTTP/1.1)
POST /session/33d1128866044b0999f8440b2ece548a/element HTTP/1.1
User-Agent: selenium/4.8.1 (java windows)
Content-Length: 70
Content-Type: application/json; charset=utf-8
host: localhost:1137
accept: */*

Response DefaultHttpResponse(decodeResult: success, version: HTTP/1.1)
HTTP/1.1 200 OK
Content-Length: 94
Content-Type: application/json; charset=utf-8
cache-control: no-cache

14:07:58.039 [AsyncHttpClient-1-2] DEBUG org.asynchttpclient.netty.channel.ChannelManager - Adding key: http://localhost:1137 for channel [id: 0x13972f16, L:/127.0.0.1:14105 - R:localhost/127.0.0.1:1137]
14:07:58.042 [Forwarding clearElement on session 33d1128866044b0999f8440b2ece548a to remote] DEBUG org.asynchttpclient.netty.request.NettyRequestSender - Using pooled Channel '[id: 0x13972f16, L:/127.0.0.1:14105 - R:localhost/127.0.0.1:1137]' for 'POST' to 'http://localhost:1137/session/33d1128866044b0999f8440b2ece548a/element/7CDEC4DF7094460B24770620D855D691_element_4/clear'
14:07:58.042 [Forwarding clearElement on session 33d1128866044b0999f8440b2ece548a to remote] DEBUG org.asynchttpclient.netty.request.NettyRequestSender - Using open Channel [id: 0x13972f16, L:/127.0.0.1:14105 - R:localhost/127.0.0.1:1137] for POST '/session/33d1128866044b0999f8440b2ece548a/element/7CDEC4DF7094460B24770620D855D691_element_4/clear'
14:07:58.083 [AsyncHttpClient-1-2] DEBUG org.asynchttpclient.netty.handler.HttpHandler - 

Request DefaultHttpRequest(decodeResult: success, version: HTTP/1.1)
POST /session/33d1128866044b0999f8440b2ece548a/element/7CDEC4DF7094460B24770620D855D691_element_4/clear HTTP/1.1
User-Agent: selenium/4.8.1 (java windows)
Content-Length: 56
Content-Type: application/json; charset=utf-8
host: localhost:1137
accept: */*

Response DefaultHttpResponse(decodeResult: success, version: HTTP/1.1)
HTTP/1.1 200 OK
Content-Length: 14
Content-Type: application/json; charset=utf-8
cache-control: no-cache

14:07:58.084 [AsyncHttpClient-1-2] DEBUG org.asynchttpclient.netty.channel.ChannelManager - Adding key: http://localhost:1137 for channel [id: 0x13972f16, L:/127.0.0.1:14105 - R:localhost/127.0.0.1:1137]
14:07:58.089 [Forwarding sendKeysToElement on session 33d1128866044b0999f8440b2ece548a to remote] DEBUG org.asynchttpclient.netty.request.NettyRequestSender - Using pooled Channel '[id: 0x13972f16, L:/127.0.0.1:14105 - R:localhost/127.0.0.1:1137]' for 'POST' to 'http://localhost:1137/session/33d1128866044b0999f8440b2ece548a/element/7CDEC4DF7094460B24770620D855D691_element_4/value'
14:07:58.089 [Forwarding sendKeysToElement on session 33d1128866044b0999f8440b2ece548a to remote] DEBUG org.asynchttpclient.netty.request.NettyRequestSender - Using open Channel [id: 0x13972f16, L:/127.0.0.1:14105 - R:localhost/127.0.0.1:1137] for POST '/session/33d1128866044b0999f8440b2ece548a/element/7CDEC4DF7094460B24770620D855D691_element_4/value'
14:07:58.662 [AsyncHttpClient-1-2] DEBUG org.asynchttpclient.netty.handler.HttpHandler - 

Request DefaultHttpRequest(decodeResult: success, version: HTTP/1.1)
POST /session/33d1128866044b0999f8440b2ece548a/element/7CDEC4DF7094460B24770620D855D691_element_4/value HTTP/1.1
User-Agent: selenium/4.8.1 (java windows)
Content-Length: 197
Content-Type: application/json; charset=utf-8
host: localhost:1137
accept: */*

Response DefaultHttpResponse(decodeResult: success, version: HTTP/1.1)
HTTP/1.1 200 OK
Content-Length: 14
Content-Type: application/json; charset=utf-8
cache-control: no-cache

14:07:58.663 [AsyncHttpClient-1-2] DEBUG org.asynchttpclient.netty.channel.ChannelManager - Adding key: http://localhost:1137 for channel [id: 0x13972f16, L:/127.0.0.1:14105 - R:localhost/127.0.0.1:1137]
14:07:58.680 [Forwarding getAlertText on session 33d1128866044b0999f8440b2ece548a to remote] DEBUG org.asynchttpclient.netty.request.NettyRequestSender - Using pooled Channel '[id: 0x13972f16, L:/127.0.0.1:14105 - R:localhost/127.0.0.1:1137]' for 'GET' to 'http://localhost:1137/session/33d1128866044b0999f8440b2ece548a/alert/text'
14:07:58.680 [Forwarding getAlertText on session 33d1128866044b0999f8440b2ece548a to remote] DEBUG org.asynchttpclient.netty.request.NettyRequestSender - Using open Channel [id: 0x13972f16, L:/127.0.0.1:14105 - R:localhost/127.0.0.1:1137] for GET '/session/33d1128866044b0999f8440b2ece548a/alert/text'
14:07:58.682 [AsyncHttpClient-1-2] DEBUG org.asynchttpclient.netty.handler.HttpHandler - 

Request DefaultFullHttpRequest(decodeResult: success, version: HTTP/1.1, content: EmptyByteBufBE)
GET /session/33d1128866044b0999f8440b2ece548a/alert/text HTTP/1.1
User-Agent: selenium/4.8.1 (java windows)
Cache-Control: no-cache
Content-Type: application/json; charset=utf-8
host: localhost:1137
accept: */*

Response DefaultHttpResponse(decodeResult: success, version: HTTP/1.1)
HTTP/1.1 404 Not Found
Content-Length: 807
Content-Type: application/json; charset=utf-8
cache-control: no-cache

14:07:58.683 [AsyncHttpClient-1-2] DEBUG org.asynchttpclient.netty.channel.ChannelManager - Adding key: http://localhost:1137 for channel [id: 0x13972f16, L:/127.0.0.1:14105 - R:localhost/127.0.0.1:1137]
14:07:58.686 [Forwarding getCurrentUrl on session 33d1128866044b0999f8440b2ece548a to remote] DEBUG org.asynchttpclient.netty.request.NettyRequestSender - Using pooled Channel '[id: 0x13972f16, L:/127.0.0.1:14105 - R:localhost/127.0.0.1:1137]' for 'GET' to 'http://localhost:1137/session/33d1128866044b0999f8440b2ece548a/url'
14:07:58.687 [Forwarding getCurrentUrl on session 33d1128866044b0999f8440b2ece548a to remote] DEBUG org.asynchttpclient.netty.request.NettyRequestSender - Using open Channel [id: 0x13972f16, L:/127.0.0.1:14105 - R:localhost/127.0.0.1:1137] for GET '/session/33d1128866044b0999f8440b2ece548a/url'
14:07:58.692 [AsyncHttpClient-1-2] DEBUG org.asynchttpclient.netty.handler.HttpHandler - 

Request DefaultFullHttpRequest(decodeResult: success, version: HTTP/1.1, content: EmptyByteBufBE)
GET /session/33d1128866044b0999f8440b2ece548a/url HTTP/1.1
User-Agent: selenium/4.8.1 (java windows)
Cache-Control: no-cache
Content-Type: application/json; charset=utf-8
host: localhost:1137
accept: */*

Response DefaultHttpResponse(decodeResult: success, version: HTTP/1.1)
HTTP/1.1 200 OK
Content-Length: 64
Content-Type: application/json; charset=utf-8
cache-control: no-cache

14:07:58.692 [AsyncHttpClient-1-2] DEBUG org.asynchttpclient.netty.channel.ChannelManager - Adding key: http://localhost:1137 for channel [id: 0x13972f16, L:/127.0.0.1:14105 - R:localhost/127.0.0.1:1137]
14:07:58.694 [Forwarding screenshot on session 33d1128866044b0999f8440b2ece548a to remote] DEBUG org.asynchttpclient.netty.request.NettyRequestSender - Using pooled Channel '[id: 0x13972f16, L:/127.0.0.1:14105 - R:localhost/127.0.0.1:1137]' for 'GET' to 'http://localhost:1137/session/33d1128866044b0999f8440b2ece548a/screenshot'
14:07:58.694 [Forwarding screenshot on session 33d1128866044b0999f8440b2ece548a to remote] DEBUG org.asynchttpclient.netty.request.NettyRequestSender - Using open Channel [id: 0x13972f16, L:/127.0.0.1:14105 - R:localhost/127.0.0.1:1137] for GET '/session/33d1128866044b0999f8440b2ece548a/screenshot'
14:07:58.808 [AsyncHttpClient-1-2] DEBUG org.asynchttpclient.netty.handler.HttpHandler - 

Request DefaultFullHttpRequest(decodeResult: success, version: HTTP/1.1, content: EmptyByteBufBE)
GET /session/33d1128866044b0999f8440b2ece548a/screenshot HTTP/1.1
User-Agent: selenium/4.8.1 (java windows)
Cache-Control: no-cache
Content-Type: application/json; charset=utf-8
host: localhost:1137
accept: */*

Response DefaultHttpResponse(decodeResult: success, version: HTTP/1.1)
HTTP/1.1 200 OK
Content-Length: 124768
Content-Type: application/json; charset=utf-8
cache-control: no-cache

14:07:58.810 [AsyncHttpClient-1-2] DEBUG org.asynchttpclient.netty.channel.ChannelManager - Adding key: http://localhost:1137 for channel [id: 0x13972f16, L:/127.0.0.1:14105 - R:localhost/127.0.0.1:1137]
14:07:58.819 [main] DEBUG net.serenitybdd.core.photography.Darkroom - Send negative for processing for target\site\serenity\a482bc7bd961aca5e94723349c45a43c2640dfe964600ce63e970df6c5797a73.png
14:07:58.819 [main] DEBUG net.thucydides.core.steps.StepInterceptor - STEP DONE: inputPasswordd
14:07:58.819 [Darkroom Processing Line] DEBUG net.serenitybdd.core.photography.DarkroomProcessingLine - Processing screenshot image in /var/screenshots/screenshot-1878011163286041269
  &amp#27;[32mAnd &amp#27;[0m&amp#27;[32mI inputt passwordd&amp#27;[0m                                  &amp#27;[90m# Starter.Stepdefitions.AddStockDataSteps.inputtPasswordd()&amp#27;[0m
14:07:58.819 [Darkroom Processing Line] DEBUG net.serenitybdd.core.photography.DarkroomProcessingLine - Saving screenshot to target\site\serenity\a482bc7bd961aca5e94723349c45a43c2640dfe964600ce63e970df6c5797a73.png
14:07:58.841 [Forwarding getPageSource on session 33d1128866044b0999f8440b2ece548a to remote] DEBUG org.asynchttpclient.netty.request.NettyRequestSender - Using pooled Channel '[id: 0x13972f16, L:/127.0.0.1:14105 - R:localhost/127.0.0.1:1137]' for 'POST' to 'http://localhost:1137/session/33d1128866044b0999f8440b2ece548a/execute/sync'
14:07:58.841 [Forwarding getPageSource on session 33d1128866044b0999f8440b2ece548a to remote] DEBUG org.asynchttpclient.netty.request.NettyRequestSender - Using open Channel [id: 0x13972f16, L:/127.0.0.1:14105 - R:localhost/127.0.0.1:1137] for POST '/session/33d1128866044b0999f8440b2ece548a/execute/sync'
14:07:58.848 [AsyncHttpClient-1-2] DEBUG org.asynchttpclient.netty.handler.HttpHandler - 

Request DefaultHttpRequest(decodeResult: success, version: HTTP/1.1)
POST /session/33d1128866044b0999f8440b2ece548a/execute/sync HTTP/1.1
User-Agent: selenium/4.8.1 (java windows)
Content-Length: 176
Content-Type: application/json; charset=utf-8
host: localhost:1137
accept: */*

Response DefaultHttpResponse(decodeResult: success, version: HTTP/1.1)
HTTP/1.1 200 OK
Content-Length: 6036
Content-Type: application/json; charset=utf-8
cache-control: no-cache

14:07:58.848 [AsyncHttpClient-1-2] DEBUG org.asynchttpclient.netty.channel.ChannelManager - Adding key: http://localhost:1137 for channel [id: 0x13972f16, L:/127.0.0.1:14105 - R:localhost/127.0.0.1:1137]
14:07:58.854 [Forwarding getCurrentUrl on session 33d1128866044b0999f8440b2ece548a to remote] DEBUG org.asynchttpclient.netty.request.NettyRequestSender - Using pooled Channel '[id: 0x13972f16, L:/127.0.0.1:14105 - R:localhost/127.0.0.1:1137]' for 'GET' to 'http://localhost:1137/session/33d1128866044b0999f8440b2ece548a/url'
14:07:58.854 [Forwarding getCurrentUrl on session 33d1128866044b0999f8440b2ece548a to remote] DEBUG org.asynchttpclient.netty.request.NettyRequestSender - Using open Channel [id: 0x13972f16, L:/127.0.0.1:14105 - R:localhost/127.0.0.1:1137] for GET '/session/33d1128866044b0999f8440b2ece548a/url'
14:07:58.859 [AsyncHttpClient-1-2] DEBUG org.asynchttpclient.netty.handler.HttpHandler - 

Request DefaultFullHttpRequest(decodeResult: success, version: HTTP/1.1, content: EmptyByteBufBE)
GET /session/33d1128866044b0999f8440b2ece548a/url HTTP/1.1
User-Agent: selenium/4.8.1 (java windows)
Cache-Control: no-cache
Content-Type: application/json; charset=utf-8
host: localhost:1137
accept: */*

Response DefaultHttpResponse(decodeResult: success, version: HTTP/1.1)
HTTP/1.1 200 OK
Content-Length: 64
Content-Type: application/json; charset=utf-8
cache-control: no-cache

14:07:58.860 [AsyncHttpClient-1-2] DEBUG org.asynchttpclient.netty.channel.ChannelManager - Adding key: http://localhost:1137 for channel [id: 0x13972f16, L:/127.0.0.1:14105 - R:localhost/127.0.0.1:1137]
14:07:58.900 [Forwarding getAlertText on session 33d1128866044b0999f8440b2ece548a to remote] DEBUG org.asynchttpclient.netty.request.NettyRequestSender - Using pooled Channel '[id: 0x13972f16, L:/127.0.0.1:14105 - R:localhost/127.0.0.1:1137]' for 'GET' to 'http://localhost:1137/session/33d1128866044b0999f8440b2ece548a/alert/text'
14:07:58.900 [Forwarding getAlertText on session 33d1128866044b0999f8440b2ece548a to remote] DEBUG org.asynchttpclient.netty.request.NettyRequestSender - Using open Channel [id: 0x13972f16, L:/127.0.0.1:14105 - R:localhost/127.0.0.1:1137] for GET '/session/33d1128866044b0999f8440b2ece548a/alert/text'
14:07:58.902 [AsyncHttpClient-1-2] DEBUG org.asynchttpclient.netty.handler.HttpHandler - 

Request DefaultFullHttpRequest(decodeResult: success, version: HTTP/1.1, content: EmptyByteBufBE)
GET /session/33d1128866044b0999f8440b2ece548a/alert/text HTTP/1.1
User-Agent: selenium/4.8.1 (java windows)
Cache-Control: no-cache
Content-Type: application/json; charset=utf-8
host: localhost:1137
accept: */*

Response DefaultHttpResponse(decodeResult: success, version: HTTP/1.1)
HTTP/1.1 404 Not Found
Content-Length: 807
Content-Type: application/json; charset=utf-8
cache-control: no-cache

14:07:58.902 [AsyncHttpClient-1-2] DEBUG org.asynchttpclient.netty.channel.ChannelManager - Adding key: http://localhost:1137 for channel [id: 0x13972f16, L:/127.0.0.1:14105 - R:localhost/127.0.0.1:1137]
14:07:58.905 [Forwarding getCurrentUrl on session 33d1128866044b0999f8440b2ece548a to remote] DEBUG org.asynchttpclient.netty.request.NettyRequestSender - Using pooled Channel '[id: 0x13972f16, L:/127.0.0.1:14105 - R:localhost/127.0.0.1:1137]' for 'GET' to 'http://localhost:1137/session/33d1128866044b0999f8440b2ece548a/url'
14:07:58.906 [Forwarding getCurrentUrl on session 33d1128866044b0999f8440b2ece548a to remote] DEBUG org.asynchttpclient.netty.request.NettyRequestSender - Using open Channel [id: 0x13972f16, L:/127.0.0.1:14105 - R:localhost/127.0.0.1:1137] for GET '/session/33d1128866044b0999f8440b2ece548a/url'
14:07:58.911 [AsyncHttpClient-1-2] DEBUG org.asynchttpclient.netty.handler.HttpHandler - 

Request DefaultFullHttpRequest(decodeResult: success, version: HTTP/1.1, content: EmptyByteBufBE)
GET /session/33d1128866044b0999f8440b2ece548a/url HTTP/1.1
User-Agent: selenium/4.8.1 (java windows)
Cache-Control: no-cache
Content-Type: application/json; charset=utf-8
host: localhost:1137
accept: */*

Response DefaultHttpResponse(decodeResult: success, version: HTTP/1.1)
HTTP/1.1 200 OK
Content-Length: 64
Content-Type: application/json; charset=utf-8
cache-control: no-cache

14:07:58.911 [AsyncHttpClient-1-2] DEBUG org.asynchttpclient.netty.channel.ChannelManager - Adding key: http://localhost:1137 for channel [id: 0x13972f16, L:/127.0.0.1:14105 - R:localhost/127.0.0.1:1137]
14:07:58.913 [Forwarding screenshot on session 33d1128866044b0999f8440b2ece548a to remote] DEBUG org.asynchttpclient.netty.request.NettyRequestSender - Using pooled Channel '[id: 0x13972f16, L:/127.0.0.1:14105 - R:localhost/127.0.0.1:1137]' for 'GET' to 'http://localhost:1137/session/33d1128866044b0999f8440b2ece548a/screenshot'
14:07:58.913 [Forwarding screenshot on session 33d1128866044b0999f8440b2ece548a to remote] DEBUG org.asynchttpclient.netty.request.NettyRequestSender - Using open Channel [id: 0x13972f16, L:/127.0.0.1:14105 - R:localhost/127.0.0.1:1137] for GET '/session/33d1128866044b0999f8440b2ece548a/screenshot'
14:07:59.028 [AsyncHttpClient-1-2] DEBUG org.asynchttpclient.netty.handler.HttpHandler - 

Request DefaultFullHttpRequest(decodeResult: success, version: HTTP/1.1, content: EmptyByteBufBE)
GET /session/33d1128866044b0999f8440b2ece548a/screenshot HTTP/1.1
User-Agent: selenium/4.8.1 (java windows)
Cache-Control: no-cache
Content-Type: application/json; charset=utf-8
host: localhost:1137
accept: */*

Response DefaultHttpResponse(decodeResult: success, version: HTTP/1.1)
HTTP/1.1 200 OK
Content-Length: 124768
Content-Type: application/json; charset=utf-8
cache-control: no-cache

14:07:59.030 [AsyncHttpClient-1-2] DEBUG org.asynchttpclient.netty.channel.ChannelManager - Adding key: http://localhost:1137 for channel [id: 0x13972f16, L:/127.0.0.1:14105 - R:localhost/127.0.0.1:1137]
14:07:59.038 [main] DEBUG net.serenitybdd.core.photography.Darkroom - Send negative for processing for target\site\serenity\a482bc7bd961aca5e94723349c45a43c2640dfe964600ce63e970df6c5797a73.png
14:07:59.041 [Forwarding getPageSource on session 33d1128866044b0999f8440b2ece548a to remote] DEBUG org.asynchttpclient.netty.request.NettyRequestSender - Using pooled Channel '[id: 0x13972f16, L:/127.0.0.1:14105 - R:localhost/127.0.0.1:1137]' for 'POST' to 'http://localhost:1137/session/33d1128866044b0999f8440b2ece548a/execute/sync'
14:07:59.042 [Forwarding getPageSource on session 33d1128866044b0999f8440b2ece548a to remote] DEBUG org.asynchttpclient.netty.request.NettyRequestSender - Using open Channel [id: 0x13972f16, L:/127.0.0.1:14105 - R:localhost/127.0.0.1:1137] for POST '/session/33d1128866044b0999f8440b2ece548a/execute/sync'
14:07:59.048 [AsyncHttpClient-1-2] DEBUG org.asynchttpclient.netty.handler.HttpHandler - 

Request DefaultHttpRequest(decodeResult: success, version: HTTP/1.1)
POST /session/33d1128866044b0999f8440b2ece548a/execute/sync HTTP/1.1
User-Agent: selenium/4.8.1 (java windows)
Content-Length: 176
Content-Type: application/json; charset=utf-8
host: localhost:1137
accept: */*

Response DefaultHttpResponse(decodeResult: success, version: HTTP/1.1)
HTTP/1.1 200 OK
Content-Length: 6036
Content-Type: application/json; charset=utf-8
cache-control: no-cache

14:07:59.049 [AsyncHttpClient-1-2] DEBUG org.asynchttpclient.netty.channel.ChannelManager - Adding key: http://localhost:1137 for channel [id: 0x13972f16, L:/127.0.0.1:14105 - R:localhost/127.0.0.1:1137]
14:07:59.057 [Forwarding getCurrentUrl on session 33d1128866044b0999f8440b2ece548a to remote] DEBUG org.asynchttpclient.netty.request.NettyRequestSender - Using pooled Channel '[id: 0x13972f16, L:/127.0.0.1:14105 - R:localhost/127.0.0.1:1137]' for 'GET' to 'http://localhost:1137/session/33d1128866044b0999f8440b2ece548a/url'
14:07:59.057 [Forwarding getCurrentUrl on session 33d1128866044b0999f8440b2ece548a to remote] DEBUG org.asynchttpclient.netty.request.NettyRequestSender - Using open Channel [id: 0x13972f16, L:/127.0.0.1:14105 - R:localhost/127.0.0.1:1137] for GET '/session/33d1128866044b0999f8440b2ece548a/url'
14:07:59.063 [AsyncHttpClient-1-2] DEBUG org.asynchttpclient.netty.handler.HttpHandler - 

Request DefaultFullHttpRequest(decodeResult: success, version: HTTP/1.1, content: EmptyByteBufBE)
GET /session/33d1128866044b0999f8440b2ece548a/url HTTP/1.1
User-Agent: selenium/4.8.1 (java windows)
Cache-Control: no-cache
Content-Type: application/json; charset=utf-8
host: localhost:1137
accept: */*

Response DefaultHttpResponse(decodeResult: success, version: HTTP/1.1)
HTTP/1.1 200 OK
Content-Length: 64
Content-Type: application/json; charset=utf-8
cache-control: no-cache

14:07:59.063 [AsyncHttpClient-1-2] DEBUG org.asynchttpclient.netty.channel.ChannelManager - Adding key: http://localhost:1137 for channel [id: 0x13972f16, L:/127.0.0.1:14105 - R:localhost/127.0.0.1:1137]
14:07:59.066 [main] DEBUG net.thucydides.core.steps.StepInterceptor - STARTING STEP: AddStockDataSteps.clickSignInn - clickLoginButtonn
14:07:59.125 [Forwarding findElement on session 33d1128866044b0999f8440b2ece548a to remote] DEBUG org.asynchttpclient.netty.request.NettyRequestSender - Using pooled Channel '[id: 0x13972f16, L:/127.0.0.1:14105 - R:localhost/127.0.0.1:1137]' for 'POST' to 'http://localhost:1137/session/33d1128866044b0999f8440b2ece548a/element'
14:07:59.125 [Forwarding findElement on session 33d1128866044b0999f8440b2ece548a to remote] DEBUG org.asynchttpclient.netty.request.NettyRequestSender - Using open Channel [id: 0x13972f16, L:/127.0.0.1:14105 - R:localhost/127.0.0.1:1137] for POST '/session/33d1128866044b0999f8440b2ece548a/element'
14:07:59.142 [AsyncHttpClient-1-2] DEBUG org.asynchttpclient.netty.handler.HttpHandler - 

Request DefaultHttpRequest(decodeResult: success, version: HTTP/1.1)
POST /session/33d1128866044b0999f8440b2ece548a/element HTTP/1.1
User-Agent: selenium/4.8.1 (java windows)
Content-Length: 69
Content-Type: application/json; charset=utf-8
host: localhost:1137
accept: */*

Response DefaultHttpResponse(decodeResult: success, version: HTTP/1.1)
HTTP/1.1 200 OK
Content-Length: 95
Content-Type: application/json; charset=utf-8
cache-control: no-cache

14:07:59.142 [AsyncHttpClient-1-2] DEBUG org.asynchttpclient.netty.channel.ChannelManager - Adding key: http://localhost:1137 for channel [id: 0x13972f16, L:/127.0.0.1:14105 - R:localhost/127.0.0.1:1137]
14:07:59.145 [Forwarding getElementTagName on session 33d1128866044b0999f8440b2ece548a to remote] DEBUG org.asynchttpclient.netty.request.NettyRequestSender - Using pooled Channel '[id: 0x13972f16, L:/127.0.0.1:14105 - R:localhost/127.0.0.1:1137]' for 'GET' to 'http://localhost:1137/session/33d1128866044b0999f8440b2ece548a/element/7CDEC4DF7094460B24770620D855D691_element_21/name'
14:07:59.145 [Forwarding getElementTagName on session 33d1128866044b0999f8440b2ece548a to remote] DEBUG org.asynchttpclient.netty.request.NettyRequestSender - Using open Channel [id: 0x13972f16, L:/127.0.0.1:14105 - R:localhost/127.0.0.1:1137] for GET '/session/33d1128866044b0999f8440b2ece548a/element/7CDEC4DF7094460B24770620D855D691_element_21/name'
14:07:59.152 [AsyncHttpClient-1-2] DEBUG org.asynchttpclient.netty.handler.HttpHandler - 

Request DefaultFullHttpRequest(decodeResult: success, version: HTTP/1.1, content: EmptyByteBufBE)
GET /session/33d1128866044b0999f8440b2ece548a/element/7CDEC4DF7094460B24770620D855D691_element_21/name HTTP/1.1
User-Agent: selenium/4.8.1 (java windows)
Cache-Control: no-cache
Content-Type: application/json; charset=utf-8
host: localhost:1137
accept: */*

Response DefaultHttpResponse(decodeResult: success, version: HTTP/1.1)
HTTP/1.1 200 OK
Content-Length: 18
Content-Type: application/json; charset=utf-8
cache-control: no-cache

14:07:59.152 [AsyncHttpClient-1-2] DEBUG org.asynchttpclient.netty.channel.ChannelManager - Adding key: http://localhost:1137 for channel [id: 0x13972f16, L:/127.0.0.1:14105 - R:localhost/127.0.0.1:1137]
14:07:59.155 [Forwarding getElementTagName on session 33d1128866044b0999f8440b2ece548a to remote] DEBUG org.asynchttpclient.netty.request.NettyRequestSender - Using pooled Channel '[id: 0x13972f16, L:/127.0.0.1:14105 - R:localhost/127.0.0.1:1137]' for 'GET' to 'http://localhost:1137/session/33d1128866044b0999f8440b2ece548a/element/7CDEC4DF7094460B24770620D855D691_element_21/name'
14:07:59.155 [Forwarding getElementTagName on session 33d1128866044b0999f8440b2ece548a to remote] DEBUG org.asynchttpclient.netty.request.NettyRequestSender - Using open Channel [id: 0x13972f16, L:/127.0.0.1:14105 - R:localhost/127.0.0.1:1137] for GET '/session/33d1128866044b0999f8440b2ece548a/element/7CDEC4DF7094460B24770620D855D691_element_21/name'
14:07:59.161 [AsyncHttpClient-1-2] DEBUG org.asynchttpclient.netty.handler.HttpHandler - 

Request DefaultFullHttpRequest(decodeResult: success, version: HTTP/1.1, content: EmptyByteBufBE)
GET /session/33d1128866044b0999f8440b2ece548a/element/7CDEC4DF7094460B24770620D855D691_element_21/name HTTP/1.1
User-Agent: selenium/4.8.1 (java windows)
Cache-Control: no-cache
Content-Type: application/json; charset=utf-8
host: localhost:1137
accept: */*

Response DefaultHttpResponse(decodeResult: success, version: HTTP/1.1)
HTTP/1.1 200 OK
Content-Length: 18
Content-Type: application/json; charset=utf-8
cache-control: no-cache

14:07:59.165 [AsyncHttpClient-1-2] DEBUG org.asynchttpclient.netty.channel.ChannelManager - Adding key: http://localhost:1137 for channel [id: 0x13972f16, L:/127.0.0.1:14105 - R:localhost/127.0.0.1:1137]
14:07:59.174 [Forwarding isElementEnabled on session 33d1128866044b0999f8440b2ece548a to remote] DEBUG org.asynchttpclient.netty.request.NettyRequestSender - Using pooled Channel '[id: 0x13972f16, L:/127.0.0.1:14105 - R:localhost/127.0.0.1:1137]' for 'GET' to 'http://localhost:1137/session/33d1128866044b0999f8440b2ece548a/element/7CDEC4DF7094460B24770620D855D691_element_21/enabled'
14:07:59.174 [Forwarding isElementEnabled on session 33d1128866044b0999f8440b2ece548a to remote] DEBUG org.asynchttpclient.netty.request.NettyRequestSender - Using open Channel [id: 0x13972f16, L:/127.0.0.1:14105 - R:localhost/127.0.0.1:1137] for GET '/session/33d1128866044b0999f8440b2ece548a/element/7CDEC4DF7094460B24770620D855D691_element_21/enabled'
14:07:59.185 [AsyncHttpClient-1-2] DEBUG org.asynchttpclient.netty.handler.HttpHandler - 

Request DefaultFullHttpRequest(decodeResult: success, version: HTTP/1.1, content: EmptyByteBufBE)
GET /session/33d1128866044b0999f8440b2ece548a/element/7CDEC4DF7094460B24770620D855D691_element_21/enabled HTTP/1.1
User-Agent: selenium/4.8.1 (java windows)
Cache-Control: no-cache
Content-Type: application/json; charset=utf-8
host: localhost:1137
accept: */*

Response DefaultHttpResponse(decodeResult: success, version: HTTP/1.1)
HTTP/1.1 200 OK
Content-Length: 14
Content-Type: application/json; charset=utf-8
cache-control: no-cache

14:07:59.185 [AsyncHttpClient-1-2] DEBUG org.asynchttpclient.netty.channel.ChannelManager - Adding key: http://localhost:1137 for channel [id: 0x13972f16, L:/127.0.0.1:14105 - R:localhost/127.0.0.1:1137]
14:07:59.188 [Forwarding isElementEnabled on session 33d1128866044b0999f8440b2ece548a to remote] DEBUG org.asynchttpclient.netty.request.NettyRequestSender - Using pooled Channel '[id: 0x13972f16, L:/127.0.0.1:14105 - R:localhost/127.0.0.1:1137]' for 'GET' to 'http://localhost:1137/session/33d1128866044b0999f8440b2ece548a/element/7CDEC4DF7094460B24770620D855D691_element_21/enabled'
14:07:59.188 [Forwarding isElementEnabled on session 33d1128866044b0999f8440b2ece548a to remote] DEBUG org.asynchttpclient.netty.request.NettyRequestSender - Using open Channel [id: 0x13972f16, L:/127.0.0.1:14105 - R:localhost/127.0.0.1:1137] for GET '/session/33d1128866044b0999f8440b2ece548a/element/7CDEC4DF7094460B24770620D855D691_element_21/enabled'
14:07:59.198 [AsyncHttpClient-1-2] DEBUG org.asynchttpclient.netty.handler.HttpHandler - 

Request DefaultFullHttpRequest(decodeResult: success, version: HTTP/1.1, content: EmptyByteBufBE)
GET /session/33d1128866044b0999f8440b2ece548a/element/7CDEC4DF7094460B24770620D855D691_element_21/enabled HTTP/1.1
User-Agent: selenium/4.8.1 (java windows)
Cache-Control: no-cache
Content-Type: application/json; charset=utf-8
host: localhost:1137
accept: */*

Response DefaultHttpResponse(decodeResult: success, version: HTTP/1.1)
HTTP/1.1 200 OK
Content-Length: 14
Content-Type: application/json; charset=utf-8
cache-control: no-cache

14:07:59.199 [AsyncHttpClient-1-2] DEBUG org.asynchttpclient.netty.channel.ChannelManager - Adding key: http://localhost:1137 for channel [id: 0x13972f16, L:/127.0.0.1:14105 - R:localhost/127.0.0.1:1137]
14:07:59.204 [Forwarding findElement on session 33d1128866044b0999f8440b2ece548a to remote] DEBUG org.asynchttpclient.netty.request.NettyRequestSender - Using pooled Channel '[id: 0x13972f16, L:/127.0.0.1:14105 - R:localhost/127.0.0.1:1137]' for 'POST' to 'http://localhost:1137/session/33d1128866044b0999f8440b2ece548a/element'
14:07:59.204 [Forwarding findElement on session 33d1128866044b0999f8440b2ece548a to remote] DEBUG org.asynchttpclient.netty.request.NettyRequestSender - Using open Channel [id: 0x13972f16, L:/127.0.0.1:14105 - R:localhost/127.0.0.1:1137] for POST '/session/33d1128866044b0999f8440b2ece548a/element'
14:07:59.214 [AsyncHttpClient-1-2] DEBUG org.asynchttpclient.netty.handler.HttpHandler - 

Request DefaultHttpRequest(decodeResult: success, version: HTTP/1.1)
POST /session/33d1128866044b0999f8440b2ece548a/element HTTP/1.1
User-Agent: selenium/4.8.1 (java windows)
Content-Length: 69
Content-Type: application/json; charset=utf-8
host: localhost:1137
accept: */*

Response DefaultHttpResponse(decodeResult: success, version: HTTP/1.1)
HTTP/1.1 200 OK
Content-Length: 95
Content-Type: application/json; charset=utf-8
cache-control: no-cache

14:07:59.214 [AsyncHttpClient-1-2] DEBUG org.asynchttpclient.netty.channel.ChannelManager - Adding key: http://localhost:1137 for channel [id: 0x13972f16, L:/127.0.0.1:14105 - R:localhost/127.0.0.1:1137]
14:07:59.217 [Forwarding clickElement on session 33d1128866044b0999f8440b2ece548a to remote] DEBUG org.asynchttpclient.netty.request.NettyRequestSender - Using pooled Channel '[id: 0x13972f16, L:/127.0.0.1:14105 - R:localhost/127.0.0.1:1137]' for 'POST' to 'http://localhost:1137/session/33d1128866044b0999f8440b2ece548a/element/7CDEC4DF7094460B24770620D855D691_element_21/click'
14:07:59.217 [Forwarding clickElement on session 33d1128866044b0999f8440b2ece548a to remote] DEBUG org.asynchttpclient.netty.request.NettyRequestSender - Using open Channel [id: 0x13972f16, L:/127.0.0.1:14105 - R:localhost/127.0.0.1:1137] for POST '/session/33d1128866044b0999f8440b2ece548a/element/7CDEC4DF7094460B24770620D855D691_element_21/click'
14:07:59.862 [AsyncHttpClient-1-2] DEBUG org.asynchttpclient.netty.handler.HttpHandler - 

Request DefaultHttpRequest(decodeResult: success, version: HTTP/1.1)
POST /session/33d1128866044b0999f8440b2ece548a/element/7CDEC4DF7094460B24770620D855D691_element_21/click HTTP/1.1
User-Agent: selenium/4.8.1 (java windows)
Content-Length: 57
Content-Type: application/json; charset=utf-8
host: localhost:1137
accept: */*

Response DefaultHttpResponse(decodeResult: success, version: HTTP/1.1)
HTTP/1.1 200 OK
Content-Length: 14
Content-Type: application/json; charset=utf-8
cache-control: no-cache

14:07:59.862 [AsyncHttpClient-1-2] DEBUG org.asynchttpclient.netty.channel.ChannelManager - Adding key: http://localhost:1137 for channel [id: 0x13972f16, L:/127.0.0.1:14105 - R:localhost/127.0.0.1:1137]
14:07:59.882 [Forwarding getAlertText on session 33d1128866044b0999f8440b2ece548a to remote] DEBUG org.asynchttpclient.netty.request.NettyRequestSender - Using pooled Channel '[id: 0x13972f16, L:/127.0.0.1:14105 - R:localhost/127.0.0.1:1137]' for 'GET' to 'http://localhost:1137/session/33d1128866044b0999f8440b2ece548a/alert/text'
14:07:59.883 [Forwarding getAlertText on session 33d1128866044b0999f8440b2ece548a to remote] DEBUG org.asynchttpclient.netty.request.NettyRequestSender - Using open Channel [id: 0x13972f16, L:/127.0.0.1:14105 - R:localhost/127.0.0.1:1137] for GET '/session/33d1128866044b0999f8440b2ece548a/alert/text'
14:07:59.885 [AsyncHttpClient-1-2] DEBUG org.asynchttpclient.netty.handler.HttpHandler - 

Request DefaultFullHttpRequest(decodeResult: success, version: HTTP/1.1, content: EmptyByteBufBE)
GET /session/33d1128866044b0999f8440b2ece548a/alert/text HTTP/1.1
User-Agent: selenium/4.8.1 (java windows)
Cache-Control: no-cache
Content-Type: application/json; charset=utf-8
host: localhost:1137
accept: */*

Response DefaultHttpResponse(decodeResult: success, version: HTTP/1.1)
HTTP/1.1 404 Not Found
Content-Length: 807
Content-Type: application/json; charset=utf-8
cache-control: no-cache

14:07:59.885 [AsyncHttpClient-1-2] DEBUG org.asynchttpclient.netty.channel.ChannelManager - Adding key: http://localhost:1137 for channel [id: 0x13972f16, L:/127.0.0.1:14105 - R:localhost/127.0.0.1:1137]
14:07:59.890 [Forwarding getCurrentUrl on session 33d1128866044b0999f8440b2ece548a to remote] DEBUG org.asynchttpclient.netty.request.NettyRequestSender - Using pooled Channel '[id: 0x13972f16, L:/127.0.0.1:14105 - R:localhost/127.0.0.1:1137]' for 'GET' to 'http://localhost:1137/session/33d1128866044b0999f8440b2ece548a/url'
14:07:59.890 [Forwarding getCurrentUrl on session 33d1128866044b0999f8440b2ece548a to remote] DEBUG org.asynchttpclient.netty.request.NettyRequestSender - Using open Channel [id: 0x13972f16, L:/127.0.0.1:14105 - R:localhost/127.0.0.1:1137] for GET '/session/33d1128866044b0999f8440b2ece548a/url'
14:07:59.895 [AsyncHttpClient-1-2] DEBUG org.asynchttpclient.netty.handler.HttpHandler - 

Request DefaultFullHttpRequest(decodeResult: success, version: HTTP/1.1, content: EmptyByteBufBE)
GET /session/33d1128866044b0999f8440b2ece548a/url HTTP/1.1
User-Agent: selenium/4.8.1 (java windows)
Cache-Control: no-cache
Content-Type: application/json; charset=utf-8
host: localhost:1137
accept: */*

Response DefaultHttpResponse(decodeResult: success, version: HTTP/1.1)
HTTP/1.1 200 OK
Content-Length: 64
Content-Type: application/json; charset=utf-8
cache-control: no-cache

14:07:59.895 [AsyncHttpClient-1-2] DEBUG org.asynchttpclient.netty.channel.ChannelManager - Adding key: http://localhost:1137 for channel [id: 0x13972f16, L:/127.0.0.1:14105 - R:localhost/127.0.0.1:1137]
14:07:59.897 [Forwarding screenshot on session 33d1128866044b0999f8440b2ece548a to remote] DEBUG org.asynchttpclient.netty.request.NettyRequestSender - Using pooled Channel '[id: 0x13972f16, L:/127.0.0.1:14105 - R:localhost/127.0.0.1:1137]' for 'GET' to 'http://localhost:1137/session/33d1128866044b0999f8440b2ece548a/screenshot'
14:07:59.898 [Forwarding screenshot on session 33d1128866044b0999f8440b2ece548a to remote] DEBUG org.asynchttpclient.netty.request.NettyRequestSender - Using open Channel [id: 0x13972f16, L:/127.0.0.1:14105 - R:localhost/127.0.0.1:1137] for GET '/session/33d1128866044b0999f8440b2ece548a/screenshot'
14:08:00.167 [AsyncHttpClient-1-2] DEBUG org.asynchttpclient.netty.handler.HttpHandler - 

Request DefaultFullHttpRequest(decodeResult: success, version: HTTP/1.1, content: EmptyByteBufBE)
GET /session/33d1128866044b0999f8440b2ece548a/screenshot HTTP/1.1
User-Agent: selenium/4.8.1 (java windows)
Cache-Control: no-cache
Content-Type: application/json; charset=utf-8
host: localhost:1137
accept: */*

Response DefaultHttpResponse(decodeResult: success, version: HTTP/1.1)
HTTP/1.1 200 OK
Content-Length: 124660
Content-Type: application/json; charset=utf-8
cache-control: no-cache

14:08:00.169 [AsyncHttpClient-1-2] DEBUG org.asynchttpclient.netty.channel.ChannelManager - Adding key: http://localhost:1137 for channel [id: 0x13972f16, L:/127.0.0.1:14105 - R:localhost/127.0.0.1:1137]
14:08:00.178 [main] DEBUG net.serenitybdd.core.photography.Darkroom - Send negative for processing for target\site\serenity\45769caa4a95890d19bf63de93ea61375ab3948e42f0bcdc5c8c16034218fef7.png
14:08:00.178 [main] DEBUG net.thucydides.core.steps.StepInterceptor - STEP DONE: clickLoginButtonn
14:08:00.178 [Darkroom Processing Line] DEBUG net.serenitybdd.core.photography.DarkroomProcessingLine - Processing screenshot image in /var/screenshots/screenshot-3566812290030861480
14:08:00.178 [Darkroom Processing Line] DEBUG net.serenitybdd.core.photography.DarkroomProcessingLine - Saving screenshot to target\site\serenity\45769caa4a95890d19bf63de93ea61375ab3948e42f0bcdc5c8c16034218fef7.png
  &amp#27;[32mAnd &amp#27;[0m&amp#27;[32mI click sign innn&amp#27;[0m                                   &amp#27;[90m# Starter.Stepdefitions.AddStockDataSteps.clickSignInn()&amp#27;[0m
14:08:00.202 [Forwarding getPageSource on session 33d1128866044b0999f8440b2ece548a to remote] DEBUG org.asynchttpclient.netty.request.NettyRequestSender - Using pooled Channel '[id: 0x13972f16, L:/127.0.0.1:14105 - R:localhost/127.0.0.1:1137]' for 'POST' to 'http://localhost:1137/session/33d1128866044b0999f8440b2ece548a/execute/sync'
14:08:00.203 [Forwarding getPageSource on session 33d1128866044b0999f8440b2ece548a to remote] DEBUG org.asynchttpclient.netty.request.NettyRequestSender - Using open Channel [id: 0x13972f16, L:/127.0.0.1:14105 - R:localhost/127.0.0.1:1137] for POST '/session/33d1128866044b0999f8440b2ece548a/execute/sync'
14:08:00.209 [AsyncHttpClient-1-2] DEBUG org.asynchttpclient.netty.handler.HttpHandler - 

Request DefaultHttpRequest(decodeResult: success, version: HTTP/1.1)
POST /session/33d1128866044b0999f8440b2ece548a/execute/sync HTTP/1.1
User-Agent: selenium/4.8.1 (java windows)
Content-Length: 176
Content-Type: application/json; charset=utf-8
host: localhost:1137
accept: */*

Response DefaultHttpResponse(decodeResult: success, version: HTTP/1.1)
HTTP/1.1 200 OK
Content-Length: 6020
Content-Type: application/json; charset=utf-8
cache-control: no-cache

14:08:00.210 [AsyncHttpClient-1-2] DEBUG org.asynchttpclient.netty.channel.ChannelManager - Adding key: http://localhost:1137 for channel [id: 0x13972f16, L:/127.0.0.1:14105 - R:localhost/127.0.0.1:1137]
14:08:00.216 [Forwarding getCurrentUrl on session 33d1128866044b0999f8440b2ece548a to remote] DEBUG org.asynchttpclient.netty.request.NettyRequestSender - Using pooled Channel '[id: 0x13972f16, L:/127.0.0.1:14105 - R:localhost/127.0.0.1:1137]' for 'GET' to 'http://localhost:1137/session/33d1128866044b0999f8440b2ece548a/url'
14:08:00.216 [Forwarding getCurrentUrl on session 33d1128866044b0999f8440b2ece548a to remote] DEBUG org.asynchttpclient.netty.request.NettyRequestSender - Using open Channel [id: 0x13972f16, L:/127.0.0.1:14105 - R:localhost/127.0.0.1:1137] for GET '/session/33d1128866044b0999f8440b2ece548a/url'
14:08:00.222 [AsyncHttpClient-1-2] DEBUG org.asynchttpclient.netty.handler.HttpHandler - 

Request DefaultFullHttpRequest(decodeResult: success, version: HTTP/1.1, content: EmptyByteBufBE)
GET /session/33d1128866044b0999f8440b2ece548a/url HTTP/1.1
User-Agent: selenium/4.8.1 (java windows)
Cache-Control: no-cache
Content-Type: application/json; charset=utf-8
host: localhost:1137
accept: */*

Response DefaultHttpResponse(decodeResult: success, version: HTTP/1.1)
HTTP/1.1 200 OK
Content-Length: 64
Content-Type: application/json; charset=utf-8
cache-control: no-cache

14:08:00.222 [AsyncHttpClient-1-2] DEBUG org.asynchttpclient.netty.channel.ChannelManager - Adding key: http://localhost:1137 for channel [id: 0x13972f16, L:/127.0.0.1:14105 - R:localhost/127.0.0.1:1137]
14:08:00.406 [Forwarding getAlertText on session 33d1128866044b0999f8440b2ece548a to remote] DEBUG org.asynchttpclient.netty.request.NettyRequestSender - Using pooled Channel '[id: 0x13972f16, L:/127.0.0.1:14105 - R:localhost/127.0.0.1:1137]' for 'GET' to 'http://localhost:1137/session/33d1128866044b0999f8440b2ece548a/alert/text'
14:08:00.406 [Forwarding getAlertText on session 33d1128866044b0999f8440b2ece548a to remote] DEBUG org.asynchttpclient.netty.request.NettyRequestSender - Using open Channel [id: 0x13972f16, L:/127.0.0.1:14105 - R:localhost/127.0.0.1:1137] for GET '/session/33d1128866044b0999f8440b2ece548a/alert/text'
14:08:01.652 [AsyncHttpClient-1-2] DEBUG org.asynchttpclient.netty.handler.HttpHandler - 

Request DefaultFullHttpRequest(decodeResult: success, version: HTTP/1.1, content: EmptyByteBufBE)
GET /session/33d1128866044b0999f8440b2ece548a/alert/text HTTP/1.1
User-Agent: selenium/4.8.1 (java windows)
Cache-Control: no-cache
Content-Type: application/json; charset=utf-8
host: localhost:1137
accept: */*

Response DefaultHttpResponse(decodeResult: success, version: HTTP/1.1)
HTTP/1.1 404 Not Found
Content-Length: 807
Content-Type: application/json; charset=utf-8
cache-control: no-cache

14:08:01.653 [AsyncHttpClient-1-2] DEBUG org.asynchttpclient.netty.channel.ChannelManager - Adding key: http://localhost:1137 for channel [id: 0x13972f16, L:/127.0.0.1:14105 - R:localhost/127.0.0.1:1137]
14:08:01.657 [Forwarding getCurrentUrl on session 33d1128866044b0999f8440b2ece548a to remote] DEBUG org.asynchttpclient.netty.request.NettyRequestSender - Using pooled Channel '[id: 0x13972f16, L:/127.0.0.1:14105 - R:localhost/127.0.0.1:1137]' for 'GET' to 'http://localhost:1137/session/33d1128866044b0999f8440b2ece548a/url'
14:08:01.657 [Forwarding getCurrentUrl on session 33d1128866044b0999f8440b2ece548a to remote] DEBUG org.asynchttpclient.netty.request.NettyRequestSender - Using open Channel [id: 0x13972f16, L:/127.0.0.1:14105 - R:localhost/127.0.0.1:1137] for GET '/session/33d1128866044b0999f8440b2ece548a/url'
14:08:01.662 [AsyncHttpClient-1-2] DEBUG org.asynchttpclient.netty.handler.HttpHandler - 

Request DefaultFullHttpRequest(decodeResult: success, version: HTTP/1.1, content: EmptyByteBufBE)
GET /session/33d1128866044b0999f8440b2ece548a/url HTTP/1.1
User-Agent: selenium/4.8.1 (java windows)
Cache-Control: no-cache
Content-Type: application/json; charset=utf-8
host: localhost:1137
accept: */*

Response DefaultHttpResponse(decodeResult: success, version: HTTP/1.1)
HTTP/1.1 200 OK
Content-Length: 67
Content-Type: application/json; charset=utf-8
cache-control: no-cache

14:08:01.663 [AsyncHttpClient-1-2] DEBUG org.asynchttpclient.netty.channel.ChannelManager - Adding key: http://localhost:1137 for channel [id: 0x13972f16, L:/127.0.0.1:14105 - R:localhost/127.0.0.1:1137]
14:08:01.665 [Forwarding screenshot on session 33d1128866044b0999f8440b2ece548a to remote] DEBUG org.asynchttpclient.netty.request.NettyRequestSender - Using pooled Channel '[id: 0x13972f16, L:/127.0.0.1:14105 - R:localhost/127.0.0.1:1137]' for 'GET' to 'http://localhost:1137/session/33d1128866044b0999f8440b2ece548a/screenshot'
14:08:01.666 [Forwarding screenshot on session 33d1128866044b0999f8440b2ece548a to remote] DEBUG org.asynchttpclient.netty.request.NettyRequestSender - Using open Channel [id: 0x13972f16, L:/127.0.0.1:14105 - R:localhost/127.0.0.1:1137] for GET '/session/33d1128866044b0999f8440b2ece548a/screenshot'
14:08:05.694 [AsyncHttpClient-1-2] DEBUG org.asynchttpclient.netty.handler.HttpHandler - 

Request DefaultFullHttpRequest(decodeResult: success, version: HTTP/1.1, content: EmptyByteBufBE)
GET /session/33d1128866044b0999f8440b2ece548a/screenshot HTTP/1.1
User-Agent: selenium/4.8.1 (java windows)
Cache-Control: no-cache
Content-Type: application/json; charset=utf-8
host: localhost:1137
accept: */*

Response DefaultHttpResponse(decodeResult: success, version: HTTP/1.1)
HTTP/1.1 200 OK
Content-Length: 126276
Content-Type: application/json; charset=utf-8
cache-control: no-cache

14:08:05.696 [AsyncHttpClient-1-2] DEBUG org.asynchttpclient.netty.channel.ChannelManager - Adding key: http://localhost:1137 for channel [id: 0x13972f16, L:/127.0.0.1:14105 - R:localhost/127.0.0.1:1137]
14:08:05.706 [main] DEBUG net.serenitybdd.core.photography.Darkroom - Send negative for processing for target\site\serenity\e17f9fb6dcd9097a54cc583bd9b7eefcf68f270e2f5f218fbf47581e9d38b4ea.png
14:08:05.706 [Darkroom Processing Line] DEBUG net.serenitybdd.core.photography.DarkroomProcessingLine - Processing screenshot image in /var/screenshots/screenshot-7674559636395594916
14:08:05.706 [Darkroom Processing Line] DEBUG net.serenitybdd.core.photography.DarkroomProcessingLine - Saving screenshot to target\site\serenity\e17f9fb6dcd9097a54cc583bd9b7eefcf68f270e2f5f218fbf47581e9d38b4ea.png
14:08:05.709 [Forwarding getPageSource on session 33d1128866044b0999f8440b2ece548a to remote] DEBUG org.asynchttpclient.netty.request.NettyRequestSender - Using pooled Channel '[id: 0x13972f16, L:/127.0.0.1:14105 - R:localhost/127.0.0.1:1137]' for 'POST' to 'http://localhost:1137/session/33d1128866044b0999f8440b2ece548a/execute/sync'
14:08:05.709 [Forwarding getPageSource on session 33d1128866044b0999f8440b2ece548a to remote] DEBUG org.asynchttpclient.netty.request.NettyRequestSender - Using open Channel [id: 0x13972f16, L:/127.0.0.1:14105 - R:localhost/127.0.0.1:1137] for POST '/session/33d1128866044b0999f8440b2ece548a/execute/sync'
14:08:05.717 [AsyncHttpClient-1-2] DEBUG org.asynchttpclient.netty.handler.HttpHandler - 

Request DefaultHttpRequest(decodeResult: success, version: HTTP/1.1)
POST /session/33d1128866044b0999f8440b2ece548a/execute/sync HTTP/1.1
User-Agent: selenium/4.8.1 (java windows)
Content-Length: 176
Content-Type: application/json; charset=utf-8
host: localhost:1137
accept: */*

Response DefaultHttpResponse(decodeResult: success, version: HTTP/1.1)
HTTP/1.1 200 OK
Content-Length: 11782
Content-Type: application/json; charset=utf-8
cache-control: no-cache

14:08:05.717 [AsyncHttpClient-1-2] DEBUG org.asynchttpclient.netty.channel.ChannelManager - Adding key: http://localhost:1137 for channel [id: 0x13972f16, L:/127.0.0.1:14105 - R:localhost/127.0.0.1:1137]
14:08:05.732 [Forwarding getCurrentUrl on session 33d1128866044b0999f8440b2ece548a to remote] DEBUG org.asynchttpclient.netty.request.NettyRequestSender - Using pooled Channel '[id: 0x13972f16, L:/127.0.0.1:14105 - R:localhost/127.0.0.1:1137]' for 'GET' to 'http://localhost:1137/session/33d1128866044b0999f8440b2ece548a/url'
14:08:05.732 [Forwarding getCurrentUrl on session 33d1128866044b0999f8440b2ece548a to remote] DEBUG org.asynchttpclient.netty.request.NettyRequestSender - Using open Channel [id: 0x13972f16, L:/127.0.0.1:14105 - R:localhost/127.0.0.1:1137] for GET '/session/33d1128866044b0999f8440b2ece548a/url'
14:08:05.738 [AsyncHttpClient-1-2] DEBUG org.asynchttpclient.netty.handler.HttpHandler - 

Request DefaultFullHttpRequest(decodeResult: success, version: HTTP/1.1, content: EmptyByteBufBE)
GET /session/33d1128866044b0999f8440b2ece548a/url HTTP/1.1
User-Agent: selenium/4.8.1 (java windows)
Cache-Control: no-cache
Content-Type: application/json; charset=utf-8
host: localhost:1137
accept: */*

Response DefaultHttpResponse(decodeResult: success, version: HTTP/1.1)
HTTP/1.1 200 OK
Content-Length: 67
Content-Type: application/json; charset=utf-8
cache-control: no-cache

14:08:05.738 [AsyncHttpClient-1-2] DEBUG org.asynchttpclient.netty.channel.ChannelManager - Adding key: http://localhost:1137 for channel [id: 0x13972f16, L:/127.0.0.1:14105 - R:localhost/127.0.0.1:1137]
14:08:05.801 [main] DEBUG net.thucydides.core.steps.StepInterceptor - STARTING STEP: AddStockDataSteps.CreditData - ClickAddStock
14:08:05.808 [Forwarding findElement on session 33d1128866044b0999f8440b2ece548a to remote] DEBUG org.asynchttpclient.netty.request.NettyRequestSender - Using pooled Channel '[id: 0x13972f16, L:/127.0.0.1:14105 - R:localhost/127.0.0.1:1137]' for 'POST' to 'http://localhost:1137/session/33d1128866044b0999f8440b2ece548a/element'
14:08:05.808 [Forwarding findElement on session 33d1128866044b0999f8440b2ece548a to remote] DEBUG org.asynchttpclient.netty.request.NettyRequestSender - Using open Channel [id: 0x13972f16, L:/127.0.0.1:14105 - R:localhost/127.0.0.1:1137] for POST '/session/33d1128866044b0999f8440b2ece548a/element'
14:08:05.825 [AsyncHttpClient-1-2] DEBUG org.asynchttpclient.netty.handler.HttpHandler - 

Request DefaultHttpRequest(decodeResult: success, version: HTTP/1.1)
POST /session/33d1128866044b0999f8440b2ece548a/element HTTP/1.1
User-Agent: selenium/4.8.1 (java windows)
Content-Length: 80
Content-Type: application/json; charset=utf-8
host: localhost:1137
accept: */*

Response DefaultHttpResponse(decodeResult: success, version: HTTP/1.1)
HTTP/1.1 200 OK
Content-Length: 95
Content-Type: application/json; charset=utf-8
cache-control: no-cache

14:08:05.825 [AsyncHttpClient-1-2] DEBUG org.asynchttpclient.netty.channel.ChannelManager - Adding key: http://localhost:1137 for channel [id: 0x13972f16, L:/127.0.0.1:14105 - R:localhost/127.0.0.1:1137]
14:08:05.828 [Forwarding getElementTagName on session 33d1128866044b0999f8440b2ece548a to remote] DEBUG org.asynchttpclient.netty.request.NettyRequestSender - Using pooled Channel '[id: 0x13972f16, L:/127.0.0.1:14105 - R:localhost/127.0.0.1:1137]' for 'GET' to 'http://localhost:1137/session/33d1128866044b0999f8440b2ece548a/element/7CDEC4DF7094460B24770620D855D691_element_57/name'
14:08:05.828 [Forwarding getElementTagName on session 33d1128866044b0999f8440b2ece548a to remote] DEBUG org.asynchttpclient.netty.request.NettyRequestSender - Using open Channel [id: 0x13972f16, L:/127.0.0.1:14105 - R:localhost/127.0.0.1:1137] for GET '/session/33d1128866044b0999f8440b2ece548a/element/7CDEC4DF7094460B24770620D855D691_element_57/name'
14:08:05.834 [AsyncHttpClient-1-2] DEBUG org.asynchttpclient.netty.handler.HttpHandler - 

Request DefaultFullHttpRequest(decodeResult: success, version: HTTP/1.1, content: EmptyByteBufBE)
GET /session/33d1128866044b0999f8440b2ece548a/element/7CDEC4DF7094460B24770620D855D691_element_57/name HTTP/1.1
User-Agent: selenium/4.8.1 (java windows)
Cache-Control: no-cache
Content-Type: application/json; charset=utf-8
host: localhost:1137
accept: */*

Response DefaultHttpResponse(decodeResult: success, version: HTTP/1.1)
HTTP/1.1 200 OK
Content-Length: 13
Content-Type: application/json; charset=utf-8
cache-control: no-cache

14:08:05.834 [AsyncHttpClient-1-2] DEBUG org.asynchttpclient.netty.channel.ChannelManager - Adding key: http://localhost:1137 for channel [id: 0x13972f16, L:/127.0.0.1:14105 - R:localhost/127.0.0.1:1137]
14:08:05.836 [Forwarding getElementTagName on session 33d1128866044b0999f8440b2ece548a to remote] DEBUG org.asynchttpclient.netty.request.NettyRequestSender - Using pooled Channel '[id: 0x13972f16, L:/127.0.0.1:14105 - R:localhost/127.0.0.1:1137]' for 'GET' to 'http://localhost:1137/session/33d1128866044b0999f8440b2ece548a/element/7CDEC4DF7094460B24770620D855D691_element_57/name'
14:08:05.837 [Forwarding getElementTagName on session 33d1128866044b0999f8440b2ece548a to remote] DEBUG org.asynchttpclient.netty.request.NettyRequestSender - Using open Channel [id: 0x13972f16, L:/127.0.0.1:14105 - R:localhost/127.0.0.1:1137] for GET '/session/33d1128866044b0999f8440b2ece548a/element/7CDEC4DF7094460B24770620D855D691_element_57/name'
14:08:05.842 [AsyncHttpClient-1-2] DEBUG org.asynchttpclient.netty.handler.HttpHandler - 

Request DefaultFullHttpRequest(decodeResult: success, version: HTTP/1.1, content: EmptyByteBufBE)
GET /session/33d1128866044b0999f8440b2ece548a/element/7CDEC4DF7094460B24770620D855D691_element_57/name HTTP/1.1
User-Agent: selenium/4.8.1 (java windows)
Cache-Control: no-cache
Content-Type: application/json; charset=utf-8
host: localhost:1137
accept: */*

Response DefaultHttpResponse(decodeResult: success, version: HTTP/1.1)
HTTP/1.1 200 OK
Content-Length: 13
Content-Type: application/json; charset=utf-8
cache-control: no-cache

14:08:05.842 [AsyncHttpClient-1-2] DEBUG org.asynchttpclient.netty.channel.ChannelManager - Adding key: http://localhost:1137 for channel [id: 0x13972f16, L:/127.0.0.1:14105 - R:localhost/127.0.0.1:1137]
14:08:05.846 [Forwarding findElement on session 33d1128866044b0999f8440b2ece548a to remote] DEBUG org.asynchttpclient.netty.request.NettyRequestSender - Using pooled Channel '[id: 0x13972f16, L:/127.0.0.1:14105 - R:localhost/127.0.0.1:1137]' for 'POST' to 'http://localhost:1137/session/33d1128866044b0999f8440b2ece548a/element'
14:08:05.846 [Forwarding findElement on session 33d1128866044b0999f8440b2ece548a to remote] DEBUG org.asynchttpclient.netty.request.NettyRequestSender - Using open Channel [id: 0x13972f16, L:/127.0.0.1:14105 - R:localhost/127.0.0.1:1137] for POST '/session/33d1128866044b0999f8440b2ece548a/element'
14:08:05.856 [AsyncHttpClient-1-2] DEBUG org.asynchttpclient.netty.handler.HttpHandler - 

Request DefaultHttpRequest(decodeResult: success, version: HTTP/1.1)
POST /session/33d1128866044b0999f8440b2ece548a/element HTTP/1.1
User-Agent: selenium/4.8.1 (java windows)
Content-Length: 80
Content-Type: application/json; charset=utf-8
host: localhost:1137
accept: */*

Response DefaultHttpResponse(decodeResult: success, version: HTTP/1.1)
HTTP/1.1 200 OK
Content-Length: 95
Content-Type: application/json; charset=utf-8
cache-control: no-cache

14:08:05.856 [AsyncHttpClient-1-2] DEBUG org.asynchttpclient.netty.channel.ChannelManager - Adding key: http://localhost:1137 for channel [id: 0x13972f16, L:/127.0.0.1:14105 - R:localhost/127.0.0.1:1137]
14:08:05.858 [Forwarding clickElement on session 33d1128866044b0999f8440b2ece548a to remote] DEBUG org.asynchttpclient.netty.request.NettyRequestSender - Using pooled Channel '[id: 0x13972f16, L:/127.0.0.1:14105 - R:localhost/127.0.0.1:1137]' for 'POST' to 'http://localhost:1137/session/33d1128866044b0999f8440b2ece548a/element/7CDEC4DF7094460B24770620D855D691_element_57/click'
14:08:05.859 [Forwarding clickElement on session 33d1128866044b0999f8440b2ece548a to remote] DEBUG org.asynchttpclient.netty.request.NettyRequestSender - Using open Channel [id: 0x13972f16, L:/127.0.0.1:14105 - R:localhost/127.0.0.1:1137] for POST '/session/33d1128866044b0999f8440b2ece548a/element/7CDEC4DF7094460B24770620D855D691_element_57/click'
14:08:06.854 [AsyncHttpClient-1-2] DEBUG org.asynchttpclient.netty.handler.HttpHandler - 

Request DefaultHttpRequest(decodeResult: success, version: HTTP/1.1)
POST /session/33d1128866044b0999f8440b2ece548a/element/7CDEC4DF7094460B24770620D855D691_element_57/click HTTP/1.1
User-Agent: selenium/4.8.1 (java windows)
Content-Length: 57
Content-Type: application/json; charset=utf-8
host: localhost:1137
accept: */*

Response DefaultHttpResponse(decodeResult: success, version: HTTP/1.1)
HTTP/1.1 200 OK
Content-Length: 14
Content-Type: application/json; charset=utf-8
cache-control: no-cache

14:08:06.855 [AsyncHttpClient-1-2] DEBUG org.asynchttpclient.netty.channel.ChannelManager - Adding key: http://localhost:1137 for channel [id: 0x13972f16, L:/127.0.0.1:14105 - R:localhost/127.0.0.1:1137]
14:08:06.871 [Forwarding getAlertText on session 33d1128866044b0999f8440b2ece548a to remote] DEBUG org.asynchttpclient.netty.request.NettyRequestSender - Using pooled Channel '[id: 0x13972f16, L:/127.0.0.1:14105 - R:localhost/127.0.0.1:1137]' for 'GET' to 'http://localhost:1137/session/33d1128866044b0999f8440b2ece548a/alert/text'
14:08:06.871 [Forwarding getAlertText on session 33d1128866044b0999f8440b2ece548a to remote] DEBUG org.asynchttpclient.netty.request.NettyRequestSender - Using open Channel [id: 0x13972f16, L:/127.0.0.1:14105 - R:localhost/127.0.0.1:1137] for GET '/session/33d1128866044b0999f8440b2ece548a/alert/text'
14:08:06.873 [AsyncHttpClient-1-2] DEBUG org.asynchttpclient.netty.handler.HttpHandler - 

Request DefaultFullHttpRequest(decodeResult: success, version: HTTP/1.1, content: EmptyByteBufBE)
GET /session/33d1128866044b0999f8440b2ece548a/alert/text HTTP/1.1
User-Agent: selenium/4.8.1 (java windows)
Cache-Control: no-cache
Content-Type: application/json; charset=utf-8
host: localhost:1137
accept: */*

Response DefaultHttpResponse(decodeResult: success, version: HTTP/1.1)
HTTP/1.1 404 Not Found
Content-Length: 807
Content-Type: application/json; charset=utf-8
cache-control: no-cache

14:08:06.874 [AsyncHttpClient-1-2] DEBUG org.asynchttpclient.netty.channel.ChannelManager - Adding key: http://localhost:1137 for channel [id: 0x13972f16, L:/127.0.0.1:14105 - R:localhost/127.0.0.1:1137]
14:08:06.876 [Forwarding getCurrentUrl on session 33d1128866044b0999f8440b2ece548a to remote] DEBUG org.asynchttpclient.netty.request.NettyRequestSender - Using pooled Channel '[id: 0x13972f16, L:/127.0.0.1:14105 - R:localhost/127.0.0.1:1137]' for 'GET' to 'http://localhost:1137/session/33d1128866044b0999f8440b2ece548a/url'
14:08:06.876 [Forwarding getCurrentUrl on session 33d1128866044b0999f8440b2ece548a to remote] DEBUG org.asynchttpclient.netty.request.NettyRequestSender - Using open Channel [id: 0x13972f16, L:/127.0.0.1:14105 - R:localhost/127.0.0.1:1137] for GET '/session/33d1128866044b0999f8440b2ece548a/url'
14:08:06.882 [AsyncHttpClient-1-2] DEBUG org.asynchttpclient.netty.handler.HttpHandler - 

Request DefaultFullHttpRequest(decodeResult: success, version: HTTP/1.1, content: EmptyByteBufBE)
GET /session/33d1128866044b0999f8440b2ece548a/url HTTP/1.1
User-Agent: selenium/4.8.1 (java windows)
Cache-Control: no-cache
Content-Type: application/json; charset=utf-8
host: localhost:1137
accept: */*

Response DefaultHttpResponse(decodeResult: success, version: HTTP/1.1)
HTTP/1.1 200 OK
Content-Length: 64
Content-Type: application/json; charset=utf-8
cache-control: no-cache

14:08:06.882 [AsyncHttpClient-1-2] DEBUG org.asynchttpclient.netty.channel.ChannelManager - Adding key: http://localhost:1137 for channel [id: 0x13972f16, L:/127.0.0.1:14105 - R:localhost/127.0.0.1:1137]
14:08:06.884 [Forwarding screenshot on session 33d1128866044b0999f8440b2ece548a to remote] DEBUG org.asynchttpclient.netty.request.NettyRequestSender - Using pooled Channel '[id: 0x13972f16, L:/127.0.0.1:14105 - R:localhost/127.0.0.1:1137]' for 'GET' to 'http://localhost:1137/session/33d1128866044b0999f8440b2ece548a/screenshot'
14:08:06.884 [Forwarding screenshot on session 33d1128866044b0999f8440b2ece548a to remote] DEBUG org.asynchttpclient.netty.request.NettyRequestSender - Using open Channel [id: 0x13972f16, L:/127.0.0.1:14105 - R:localhost/127.0.0.1:1137] for GET '/session/33d1128866044b0999f8440b2ece548a/screenshot'
14:08:06.982 [AsyncHttpClient-1-2] DEBUG org.asynchttpclient.netty.handler.HttpHandler - 

Request DefaultFullHttpRequest(decodeResult: success, version: HTTP/1.1, content: EmptyByteBufBE)
GET /session/33d1128866044b0999f8440b2ece548a/screenshot HTTP/1.1
User-Agent: selenium/4.8.1 (java windows)
Cache-Control: no-cache
Content-Type: application/json; charset=utf-8
host: localhost:1137
accept: */*

Response DefaultHttpResponse(decodeResult: success, version: HTTP/1.1)
HTTP/1.1 200 OK
Content-Length: 100844
Content-Type: application/json; charset=utf-8
cache-control: no-cache

14:08:06.983 [AsyncHttpClient-1-2] DEBUG org.asynchttpclient.netty.channel.ChannelManager - Adding key: http://localhost:1137 for channel [id: 0x13972f16, L:/127.0.0.1:14105 - R:localhost/127.0.0.1:1137]
14:08:06.988 [main] DEBUG net.serenitybdd.core.photography.Darkroom - Send negative for processing for target\site\serenity\7ec9cd63852a69cc6ad4b471085a205c51819b060b272073331f0f4548970bd9.png
14:08:06.988 [Darkroom Processing Line] DEBUG net.serenitybdd.core.photography.DarkroomProcessingLine - Processing screenshot image in /var/screenshots/screenshot-6794538939793639536
14:08:06.988 [main] DEBUG net.thucydides.core.steps.StepInterceptor - STEP DONE: ClickAddStock
14:08:06.988 [Darkroom Processing Line] DEBUG net.serenitybdd.core.photography.DarkroomProcessingLine - Saving screenshot to target\site\serenity\7ec9cd63852a69cc6ad4b471085a205c51819b060b272073331f0f4548970bd9.png
  &amp#27;[32mAnd &amp#27;[0m&amp#27;[32mI Click stock Data&amp#27;[0m                                  &amp#27;[90m# Starter.Stepdefitions.AddStockDataSteps.CreditData()&amp#27;[0m
14:08:06.998 [Forwarding getPageSource on session 33d1128866044b0999f8440b2ece548a to remote] DEBUG org.asynchttpclient.netty.request.NettyRequestSender - Using pooled Channel '[id: 0x13972f16, L:/127.0.0.1:14105 - R:localhost/127.0.0.1:1137]' for 'POST' to 'http://localhost:1137/session/33d1128866044b0999f8440b2ece548a/execute/sync'
14:08:06.998 [Forwarding getPageSource on session 33d1128866044b0999f8440b2ece548a to remote] DEBUG org.asynchttpclient.netty.request.NettyRequestSender - Using open Channel [id: 0x13972f16, L:/127.0.0.1:14105 - R:localhost/127.0.0.1:1137] for POST '/session/33d1128866044b0999f8440b2ece548a/execute/sync'
14:08:08.058 [AsyncHttpClient-1-2] DEBUG org.asynchttpclient.netty.handler.HttpHandler - 

Request DefaultHttpRequest(decodeResult: success, version: HTTP/1.1)
POST /session/33d1128866044b0999f8440b2ece548a/execute/sync HTTP/1.1
User-Agent: selenium/4.8.1 (java windows)
Content-Length: 176
Content-Type: application/json; charset=utf-8
host: localhost:1137
accept: */*

Response DefaultHttpResponse(decodeResult: success, version: HTTP/1.1)
HTTP/1.1 200 OK
Content-Length: 9533
Content-Type: application/json; charset=utf-8
cache-control: no-cache

14:08:08.058 [AsyncHttpClient-1-2] DEBUG org.asynchttpclient.netty.channel.ChannelManager - Adding key: http://localhost:1137 for channel [id: 0x13972f16, L:/127.0.0.1:14105 - R:localhost/127.0.0.1:1137]
14:08:08.071 [Forwarding getCurrentUrl on session 33d1128866044b0999f8440b2ece548a to remote] DEBUG org.asynchttpclient.netty.request.NettyRequestSender - Using pooled Channel '[id: 0x13972f16, L:/127.0.0.1:14105 - R:localhost/127.0.0.1:1137]' for 'GET' to 'http://localhost:1137/session/33d1128866044b0999f8440b2ece548a/url'
14:08:08.071 [Forwarding getCurrentUrl on session 33d1128866044b0999f8440b2ece548a to remote] DEBUG org.asynchttpclient.netty.request.NettyRequestSender - Using open Channel [id: 0x13972f16, L:/127.0.0.1:14105 - R:localhost/127.0.0.1:1137] for GET '/session/33d1128866044b0999f8440b2ece548a/url'
14:08:08.079 [AsyncHttpClient-1-2] DEBUG org.asynchttpclient.netty.handler.HttpHandler - 

Request DefaultFullHttpRequest(decodeResult: success, version: HTTP/1.1, content: EmptyByteBufBE)
GET /session/33d1128866044b0999f8440b2ece548a/url HTTP/1.1
User-Agent: selenium/4.8.1 (java windows)
Cache-Control: no-cache
Content-Type: application/json; charset=utf-8
host: localhost:1137
accept: */*

Response DefaultHttpResponse(decodeResult: success, version: HTTP/1.1)
HTTP/1.1 200 OK
Content-Length: 64
Content-Type: application/json; charset=utf-8
cache-control: no-cache

14:08:08.080 [AsyncHttpClient-1-2] DEBUG org.asynchttpclient.netty.channel.ChannelManager - Adding key: http://localhost:1137 for channel [id: 0x13972f16, L:/127.0.0.1:14105 - R:localhost/127.0.0.1:1137]
14:08:08.089 [Forwarding getAlertText on session 33d1128866044b0999f8440b2ece548a to remote] DEBUG org.asynchttpclient.netty.request.NettyRequestSender - Using pooled Channel '[id: 0x13972f16, L:/127.0.0.1:14105 - R:localhost/127.0.0.1:1137]' for 'GET' to 'http://localhost:1137/session/33d1128866044b0999f8440b2ece548a/alert/text'
14:08:08.089 [Forwarding getAlertText on session 33d1128866044b0999f8440b2ece548a to remote] DEBUG org.asynchttpclient.netty.request.NettyRequestSender - Using open Channel [id: 0x13972f16, L:/127.0.0.1:14105 - R:localhost/127.0.0.1:1137] for GET '/session/33d1128866044b0999f8440b2ece548a/alert/text'
14:08:08.091 [AsyncHttpClient-1-2] DEBUG org.asynchttpclient.netty.handler.HttpHandler - 

Request DefaultFullHttpRequest(decodeResult: success, version: HTTP/1.1, content: EmptyByteBufBE)
GET /session/33d1128866044b0999f8440b2ece548a/alert/text HTTP/1.1
User-Agent: selenium/4.8.1 (java windows)
Cache-Control: no-cache
Content-Type: application/json; charset=utf-8
host: localhost:1137
accept: */*

Response DefaultHttpResponse(decodeResult: success, version: HTTP/1.1)
HTTP/1.1 404 Not Found
Content-Length: 807
Content-Type: application/json; charset=utf-8
cache-control: no-cache

14:08:08.091 [AsyncHttpClient-1-2] DEBUG org.asynchttpclient.netty.channel.ChannelManager - Adding key: http://localhost:1137 for channel [id: 0x13972f16, L:/127.0.0.1:14105 - R:localhost/127.0.0.1:1137]
14:08:08.093 [Forwarding getCurrentUrl on session 33d1128866044b0999f8440b2ece548a to remote] DEBUG org.asynchttpclient.netty.request.NettyRequestSender - Using pooled Channel '[id: 0x13972f16, L:/127.0.0.1:14105 - R:localhost/127.0.0.1:1137]' for 'GET' to 'http://localhost:1137/session/33d1128866044b0999f8440b2ece548a/url'
14:08:08.093 [Forwarding getCurrentUrl on session 33d1128866044b0999f8440b2ece548a to remote] DEBUG org.asynchttpclient.netty.request.NettyRequestSender - Using open Channel [id: 0x13972f16, L:/127.0.0.1:14105 - R:localhost/127.0.0.1:1137] for GET '/session/33d1128866044b0999f8440b2ece548a/url'
14:08:08.097 [AsyncHttpClient-1-2] DEBUG org.asynchttpclient.netty.handler.HttpHandler - 

Request DefaultFullHttpRequest(decodeResult: success, version: HTTP/1.1, content: EmptyByteBufBE)
GET /session/33d1128866044b0999f8440b2ece548a/url HTTP/1.1
User-Agent: selenium/4.8.1 (java windows)
Cache-Control: no-cache
Content-Type: application/json; charset=utf-8
host: localhost:1137
accept: */*

Response DefaultHttpResponse(decodeResult: success, version: HTTP/1.1)
HTTP/1.1 200 OK
Content-Length: 64
Content-Type: application/json; charset=utf-8
cache-control: no-cache

14:08:08.098 [AsyncHttpClient-1-2] DEBUG org.asynchttpclient.netty.channel.ChannelManager - Adding key: http://localhost:1137 for channel [id: 0x13972f16, L:/127.0.0.1:14105 - R:localhost/127.0.0.1:1137]
14:08:08.099 [Forwarding screenshot on session 33d1128866044b0999f8440b2ece548a to remote] DEBUG org.asynchttpclient.netty.request.NettyRequestSender - Using pooled Channel '[id: 0x13972f16, L:/127.0.0.1:14105 - R:localhost/127.0.0.1:1137]' for 'GET' to 'http://localhost:1137/session/33d1128866044b0999f8440b2ece548a/screenshot'
14:08:08.099 [Forwarding screenshot on session 33d1128866044b0999f8440b2ece548a to remote] DEBUG org.asynchttpclient.netty.request.NettyRequestSender - Using open Channel [id: 0x13972f16, L:/127.0.0.1:14105 - R:localhost/127.0.0.1:1137] for GET '/session/33d1128866044b0999f8440b2ece548a/screenshot'
14:08:08.173 [AsyncHttpClient-1-2] DEBUG org.asynchttpclient.netty.handler.HttpHandler - 

Request DefaultFullHttpRequest(decodeResult: success, version: HTTP/1.1, content: EmptyByteBufBE)
GET /session/33d1128866044b0999f8440b2ece548a/screenshot HTTP/1.1
User-Agent: selenium/4.8.1 (java windows)
Cache-Control: no-cache
Content-Type: application/json; charset=utf-8
host: localhost:1137
accept: */*

Response DefaultHttpResponse(decodeResult: success, version: HTTP/1.1)
HTTP/1.1 200 OK
Content-Length: 102732
Content-Type: application/json; charset=utf-8
cache-control: no-cache

14:08:08.174 [AsyncHttpClient-1-2] DEBUG org.asynchttpclient.netty.channel.ChannelManager - Adding key: http://localhost:1137 for channel [id: 0x13972f16, L:/127.0.0.1:14105 - R:localhost/127.0.0.1:1137]
14:08:08.180 [main] DEBUG net.serenitybdd.core.photography.Darkroom - Send negative for processing for target\site\serenity\f6b2709490aeab09497e2210b5c8f257748cf860e0c5bc8dd29e94f3ef068079.png
14:08:08.181 [Darkroom Processing Line] DEBUG net.serenitybdd.core.photography.DarkroomProcessingLine - Processing screenshot image in /var/screenshots/screenshot-4501828529109564777
14:08:08.181 [Darkroom Processing Line] DEBUG net.serenitybdd.core.photography.DarkroomProcessingLine - Saving screenshot to target\site\serenity\f6b2709490aeab09497e2210b5c8f257748cf860e0c5bc8dd29e94f3ef068079.png
14:08:08.183 [Forwarding getPageSource on session 33d1128866044b0999f8440b2ece548a to remote] DEBUG org.asynchttpclient.netty.request.NettyRequestSender - Using pooled Channel '[id: 0x13972f16, L:/127.0.0.1:14105 - R:localhost/127.0.0.1:1137]' for 'POST' to 'http://localhost:1137/session/33d1128866044b0999f8440b2ece548a/execute/sync'
14:08:08.183 [Forwarding getPageSource on session 33d1128866044b0999f8440b2ece548a to remote] DEBUG org.asynchttpclient.netty.request.NettyRequestSender - Using open Channel [id: 0x13972f16, L:/127.0.0.1:14105 - R:localhost/127.0.0.1:1137] for POST '/session/33d1128866044b0999f8440b2ece548a/execute/sync'
14:08:08.188 [AsyncHttpClient-1-2] DEBUG org.asynchttpclient.netty.handler.HttpHandler - 

Request DefaultHttpRequest(decodeResult: success, version: HTTP/1.1)
POST /session/33d1128866044b0999f8440b2ece548a/execute/sync HTTP/1.1
User-Agent: selenium/4.8.1 (java windows)
Content-Length: 176
Content-Type: application/json; charset=utf-8
host: localhost:1137
accept: */*

Response DefaultHttpResponse(decodeResult: success, version: HTTP/1.1)
HTTP/1.1 200 OK
Content-Length: 9533
Content-Type: application/json; charset=utf-8
cache-control: no-cache

14:08:08.188 [AsyncHttpClient-1-2] DEBUG org.asynchttpclient.netty.channel.ChannelManager - Adding key: http://localhost:1137 for channel [id: 0x13972f16, L:/127.0.0.1:14105 - R:localhost/127.0.0.1:1137]
14:08:08.192 [Forwarding getCurrentUrl on session 33d1128866044b0999f8440b2ece548a to remote] DEBUG org.asynchttpclient.netty.request.NettyRequestSender - Using pooled Channel '[id: 0x13972f16, L:/127.0.0.1:14105 - R:localhost/127.0.0.1:1137]' for 'GET' to 'http://localhost:1137/session/33d1128866044b0999f8440b2ece548a/url'
14:08:08.192 [Forwarding getCurrentUrl on session 33d1128866044b0999f8440b2ece548a to remote] DEBUG org.asynchttpclient.netty.request.NettyRequestSender - Using open Channel [id: 0x13972f16, L:/127.0.0.1:14105 - R:localhost/127.0.0.1:1137] for GET '/session/33d1128866044b0999f8440b2ece548a/url'
14:08:08.195 [AsyncHttpClient-1-2] DEBUG org.asynchttpclient.netty.handler.HttpHandler - 

Request DefaultFullHttpRequest(decodeResult: success, version: HTTP/1.1, content: EmptyByteBufBE)
GET /session/33d1128866044b0999f8440b2ece548a/url HTTP/1.1
User-Agent: selenium/4.8.1 (java windows)
Cache-Control: no-cache
Content-Type: application/json; charset=utf-8
host: localhost:1137
accept: */*

Response DefaultHttpResponse(decodeResult: success, version: HTTP/1.1)
HTTP/1.1 200 OK
Content-Length: 64
Content-Type: application/json; charset=utf-8
cache-control: no-cache

14:08:08.195 [AsyncHttpClient-1-2] DEBUG org.asynchttpclient.netty.channel.ChannelManager - Adding key: http://localhost:1137 for channel [id: 0x13972f16, L:/127.0.0.1:14105 - R:localhost/127.0.0.1:1137]
14:08:08.197 [main] DEBUG net.thucydides.core.steps.StepInterceptor - STARTING STEP: AddStockDataSteps.ClickAddStockCredit - ClickAddCredit
14:08:08.201 [Forwarding findElement on session 33d1128866044b0999f8440b2ece548a to remote] DEBUG org.asynchttpclient.netty.request.NettyRequestSender - Using pooled Channel '[id: 0x13972f16, L:/127.0.0.1:14105 - R:localhost/127.0.0.1:1137]' for 'POST' to 'http://localhost:1137/session/33d1128866044b0999f8440b2ece548a/element'
14:08:08.201 [Forwarding findElement on session 33d1128866044b0999f8440b2ece548a to remote] DEBUG org.asynchttpclient.netty.request.NettyRequestSender - Using open Channel [id: 0x13972f16, L:/127.0.0.1:14105 - R:localhost/127.0.0.1:1137] for POST '/session/33d1128866044b0999f8440b2ece548a/element'
14:08:08.213 [AsyncHttpClient-1-2] DEBUG org.asynchttpclient.netty.handler.HttpHandler - 

Request DefaultHttpRequest(decodeResult: success, version: HTTP/1.1)
POST /session/33d1128866044b0999f8440b2ece548a/element HTTP/1.1
User-Agent: selenium/4.8.1 (java windows)
Content-Length: 88
Content-Type: application/json; charset=utf-8
host: localhost:1137
accept: */*

Response DefaultHttpResponse(decodeResult: success, version: HTTP/1.1)
HTTP/1.1 200 OK
Content-Length: 95
Content-Type: application/json; charset=utf-8
cache-control: no-cache

14:08:08.213 [AsyncHttpClient-1-2] DEBUG org.asynchttpclient.netty.channel.ChannelManager - Adding key: http://localhost:1137 for channel [id: 0x13972f16, L:/127.0.0.1:14105 - R:localhost/127.0.0.1:1137]
14:08:08.215 [Forwarding getElementTagName on session 33d1128866044b0999f8440b2ece548a to remote] DEBUG org.asynchttpclient.netty.request.NettyRequestSender - Using pooled Channel '[id: 0x13972f16, L:/127.0.0.1:14105 - R:localhost/127.0.0.1:1137]' for 'GET' to 'http://localhost:1137/session/33d1128866044b0999f8440b2ece548a/element/7CDEC4DF7094460B24770620D855D691_element_67/name'
14:08:08.215 [Forwarding getElementTagName on session 33d1128866044b0999f8440b2ece548a to remote] DEBUG org.asynchttpclient.netty.request.NettyRequestSender - Using open Channel [id: 0x13972f16, L:/127.0.0.1:14105 - R:localhost/127.0.0.1:1137] for GET '/session/33d1128866044b0999f8440b2ece548a/element/7CDEC4DF7094460B24770620D855D691_element_67/name'
14:08:08.219 [AsyncHttpClient-1-2] DEBUG org.asynchttpclient.netty.handler.HttpHandler - 

Request DefaultFullHttpRequest(decodeResult: success, version: HTTP/1.1, content: EmptyByteBufBE)
GET /session/33d1128866044b0999f8440b2ece548a/element/7CDEC4DF7094460B24770620D855D691_element_67/name HTTP/1.1
User-Agent: selenium/4.8.1 (java windows)
Cache-Control: no-cache
Content-Type: application/json; charset=utf-8
host: localhost:1137
accept: */*

Response DefaultHttpResponse(decodeResult: success, version: HTTP/1.1)
HTTP/1.1 200 OK
Content-Length: 18
Content-Type: application/json; charset=utf-8
cache-control: no-cache

14:08:08.219 [AsyncHttpClient-1-2] DEBUG org.asynchttpclient.netty.channel.ChannelManager - Adding key: http://localhost:1137 for channel [id: 0x13972f16, L:/127.0.0.1:14105 - R:localhost/127.0.0.1:1137]
14:08:08.221 [Forwarding getElementTagName on session 33d1128866044b0999f8440b2ece548a to remote] DEBUG org.asynchttpclient.netty.request.NettyRequestSender - Using pooled Channel '[id: 0x13972f16, L:/127.0.0.1:14105 - R:localhost/127.0.0.1:1137]' for 'GET' to 'http://localhost:1137/session/33d1128866044b0999f8440b2ece548a/element/7CDEC4DF7094460B24770620D855D691_element_67/name'
14:08:08.221 [Forwarding getElementTagName on session 33d1128866044b0999f8440b2ece548a to remote] DEBUG org.asynchttpclient.netty.request.NettyRequestSender - Using open Channel [id: 0x13972f16, L:/127.0.0.1:14105 - R:localhost/127.0.0.1:1137] for GET '/session/33d1128866044b0999f8440b2ece548a/element/7CDEC4DF7094460B24770620D855D691_element_67/name'
14:08:08.225 [AsyncHttpClient-1-2] DEBUG org.asynchttpclient.netty.handler.HttpHandler - 

Request DefaultFullHttpRequest(decodeResult: success, version: HTTP/1.1, content: EmptyByteBufBE)
GET /session/33d1128866044b0999f8440b2ece548a/element/7CDEC4DF7094460B24770620D855D691_element_67/name HTTP/1.1
User-Agent: selenium/4.8.1 (java windows)
Cache-Control: no-cache
Content-Type: application/json; charset=utf-8
host: localhost:1137
accept: */*

Response DefaultHttpResponse(decodeResult: success, version: HTTP/1.1)
HTTP/1.1 200 OK
Content-Length: 18
Content-Type: application/json; charset=utf-8
cache-control: no-cache

14:08:08.226 [AsyncHttpClient-1-2] DEBUG org.asynchttpclient.netty.channel.ChannelManager - Adding key: http://localhost:1137 for channel [id: 0x13972f16, L:/127.0.0.1:14105 - R:localhost/127.0.0.1:1137]
14:08:08.228 [Forwarding isElementEnabled on session 33d1128866044b0999f8440b2ece548a to remote] DEBUG org.asynchttpclient.netty.request.NettyRequestSender - Using pooled Channel '[id: 0x13972f16, L:/127.0.0.1:14105 - R:localhost/127.0.0.1:1137]' for 'GET' to 'http://localhost:1137/session/33d1128866044b0999f8440b2ece548a/element/7CDEC4DF7094460B24770620D855D691_element_67/enabled'
14:08:08.229 [Forwarding isElementEnabled on session 33d1128866044b0999f8440b2ece548a to remote] DEBUG org.asynchttpclient.netty.request.NettyRequestSender - Using open Channel [id: 0x13972f16, L:/127.0.0.1:14105 - R:localhost/127.0.0.1:1137] for GET '/session/33d1128866044b0999f8440b2ece548a/element/7CDEC4DF7094460B24770620D855D691_element_67/enabled'
14:08:08.235 [AsyncHttpClient-1-2] DEBUG org.asynchttpclient.netty.handler.HttpHandler - 

Request DefaultFullHttpRequest(decodeResult: success, version: HTTP/1.1, content: EmptyByteBufBE)
GET /session/33d1128866044b0999f8440b2ece548a/element/7CDEC4DF7094460B24770620D855D691_element_67/enabled HTTP/1.1
User-Agent: selenium/4.8.1 (java windows)
Cache-Control: no-cache
Content-Type: application/json; charset=utf-8
host: localhost:1137
accept: */*

Response DefaultHttpResponse(decodeResult: success, version: HTTP/1.1)
HTTP/1.1 200 OK
Content-Length: 14
Content-Type: application/json; charset=utf-8
cache-control: no-cache

14:08:08.235 [AsyncHttpClient-1-2] DEBUG org.asynchttpclient.netty.channel.ChannelManager - Adding key: http://localhost:1137 for channel [id: 0x13972f16, L:/127.0.0.1:14105 - R:localhost/127.0.0.1:1137]
14:08:08.236 [Forwarding isElementEnabled on session 33d1128866044b0999f8440b2ece548a to remote] DEBUG org.asynchttpclient.netty.request.NettyRequestSender - Using pooled Channel '[id: 0x13972f16, L:/127.0.0.1:14105 - R:localhost/127.0.0.1:1137]' for 'GET' to 'http://localhost:1137/session/33d1128866044b0999f8440b2ece548a/element/7CDEC4DF7094460B24770620D855D691_element_67/enabled'
14:08:08.237 [Forwarding isElementEnabled on session 33d1128866044b0999f8440b2ece548a to remote] DEBUG org.asynchttpclient.netty.request.NettyRequestSender - Using open Channel [id: 0x13972f16, L:/127.0.0.1:14105 - R:localhost/127.0.0.1:1137] for GET '/session/33d1128866044b0999f8440b2ece548a/element/7CDEC4DF7094460B24770620D855D691_element_67/enabled'
14:08:08.242 [AsyncHttpClient-1-2] DEBUG org.asynchttpclient.netty.handler.HttpHandler - 

Request DefaultFullHttpRequest(decodeResult: success, version: HTTP/1.1, content: EmptyByteBufBE)
GET /session/33d1128866044b0999f8440b2ece548a/element/7CDEC4DF7094460B24770620D855D691_element_67/enabled HTTP/1.1
User-Agent: selenium/4.8.1 (java windows)
Cache-Control: no-cache
Content-Type: application/json; charset=utf-8
host: localhost:1137
accept: */*

Response DefaultHttpResponse(decodeResult: success, version: HTTP/1.1)
HTTP/1.1 200 OK
Content-Length: 14
Content-Type: application/json; charset=utf-8
cache-control: no-cache

14:08:08.242 [AsyncHttpClient-1-2] DEBUG org.asynchttpclient.netty.channel.ChannelManager - Adding key: http://localhost:1137 for channel [id: 0x13972f16, L:/127.0.0.1:14105 - R:localhost/127.0.0.1:1137]
14:08:08.244 [Forwarding findElement on session 33d1128866044b0999f8440b2ece548a to remote] DEBUG org.asynchttpclient.netty.request.NettyRequestSender - Using pooled Channel '[id: 0x13972f16, L:/127.0.0.1:14105 - R:localhost/127.0.0.1:1137]' for 'POST' to 'http://localhost:1137/session/33d1128866044b0999f8440b2ece548a/element'
14:08:08.245 [Forwarding findElement on session 33d1128866044b0999f8440b2ece548a to remote] DEBUG org.asynchttpclient.netty.request.NettyRequestSender - Using open Channel [id: 0x13972f16, L:/127.0.0.1:14105 - R:localhost/127.0.0.1:1137] for POST '/session/33d1128866044b0999f8440b2ece548a/element'
14:08:08.252 [AsyncHttpClient-1-2] DEBUG org.asynchttpclient.netty.handler.HttpHandler - 

Request DefaultHttpRequest(decodeResult: success, version: HTTP/1.1)
POST /session/33d1128866044b0999f8440b2ece548a/element HTTP/1.1
User-Agent: selenium/4.8.1 (java windows)
Content-Length: 88
Content-Type: application/json; charset=utf-8
host: localhost:1137
accept: */*

Response DefaultHttpResponse(decodeResult: success, version: HTTP/1.1)
HTTP/1.1 200 OK
Content-Length: 95
Content-Type: application/json; charset=utf-8
cache-control: no-cache

14:08:08.252 [AsyncHttpClient-1-2] DEBUG org.asynchttpclient.netty.channel.ChannelManager - Adding key: http://localhost:1137 for channel [id: 0x13972f16, L:/127.0.0.1:14105 - R:localhost/127.0.0.1:1137]
14:08:08.254 [Forwarding clickElement on session 33d1128866044b0999f8440b2ece548a to remote] DEBUG org.asynchttpclient.netty.request.NettyRequestSender - Using pooled Channel '[id: 0x13972f16, L:/127.0.0.1:14105 - R:localhost/127.0.0.1:1137]' for 'POST' to 'http://localhost:1137/session/33d1128866044b0999f8440b2ece548a/element/7CDEC4DF7094460B24770620D855D691_element_67/click'
14:08:08.254 [Forwarding clickElement on session 33d1128866044b0999f8440b2ece548a to remote] DEBUG org.asynchttpclient.netty.request.NettyRequestSender - Using open Channel [id: 0x13972f16, L:/127.0.0.1:14105 - R:localhost/127.0.0.1:1137] for POST '/session/33d1128866044b0999f8440b2ece548a/element/7CDEC4DF7094460B24770620D855D691_element_67/click'
14:08:10.124 [AsyncHttpClient-1-2] DEBUG org.asynchttpclient.netty.handler.HttpHandler - 

Request DefaultHttpRequest(decodeResult: success, version: HTTP/1.1)
POST /session/33d1128866044b0999f8440b2ece548a/element/7CDEC4DF7094460B24770620D855D691_element_67/click HTTP/1.1
User-Agent: selenium/4.8.1 (java windows)
Content-Length: 57
Content-Type: application/json; charset=utf-8
host: localhost:1137
accept: */*

Response DefaultHttpResponse(decodeResult: success, version: HTTP/1.1)
HTTP/1.1 200 OK
Content-Length: 14
Content-Type: application/json; charset=utf-8
cache-control: no-cache

14:08:10.125 [AsyncHttpClient-1-2] DEBUG org.asynchttpclient.netty.channel.ChannelManager - Adding key: http://localhost:1137 for channel [id: 0x13972f16, L:/127.0.0.1:14105 - R:localhost/127.0.0.1:1137]
14:08:10.139 [Forwarding getAlertText on session 33d1128866044b0999f8440b2ece548a to remote] DEBUG org.asynchttpclient.netty.request.NettyRequestSender - Using pooled Channel '[id: 0x13972f16, L:/127.0.0.1:14105 - R:localhost/127.0.0.1:1137]' for 'GET' to 'http://localhost:1137/session/33d1128866044b0999f8440b2ece548a/alert/text'
14:08:10.139 [Forwarding getAlertText on session 33d1128866044b0999f8440b2ece548a to remote] DEBUG org.asynchttpclient.netty.request.NettyRequestSender - Using open Channel [id: 0x13972f16, L:/127.0.0.1:14105 - R:localhost/127.0.0.1:1137] for GET '/session/33d1128866044b0999f8440b2ece548a/alert/text'
14:08:10.280 [AsyncHttpClient-1-2] DEBUG org.asynchttpclient.netty.handler.HttpHandler - 

Request DefaultFullHttpRequest(decodeResult: success, version: HTTP/1.1, content: EmptyByteBufBE)
GET /session/33d1128866044b0999f8440b2ece548a/alert/text HTTP/1.1
User-Agent: selenium/4.8.1 (java windows)
Cache-Control: no-cache
Content-Type: application/json; charset=utf-8
host: localhost:1137
accept: */*

Response DefaultHttpResponse(decodeResult: success, version: HTTP/1.1)
HTTP/1.1 404 Not Found
Content-Length: 807
Content-Type: application/json; charset=utf-8
cache-control: no-cache

14:08:10.280 [AsyncHttpClient-1-2] DEBUG org.asynchttpclient.netty.channel.ChannelManager - Adding key: http://localhost:1137 for channel [id: 0x13972f16, L:/127.0.0.1:14105 - R:localhost/127.0.0.1:1137]
14:08:10.283 [Forwarding getCurrentUrl on session 33d1128866044b0999f8440b2ece548a to remote] DEBUG org.asynchttpclient.netty.request.NettyRequestSender - Using pooled Channel '[id: 0x13972f16, L:/127.0.0.1:14105 - R:localhost/127.0.0.1:1137]' for 'GET' to 'http://localhost:1137/session/33d1128866044b0999f8440b2ece548a/url'
14:08:10.283 [Forwarding getCurrentUrl on session 33d1128866044b0999f8440b2ece548a to remote] DEBUG org.asynchttpclient.netty.request.NettyRequestSender - Using open Channel [id: 0x13972f16, L:/127.0.0.1:14105 - R:localhost/127.0.0.1:1137] for GET '/session/33d1128866044b0999f8440b2ece548a/url'
14:08:10.352 [AsyncHttpClient-1-2] DEBUG org.asynchttpclient.netty.handler.HttpHandler - 

Request DefaultFullHttpRequest(decodeResult: success, version: HTTP/1.1, content: EmptyByteBufBE)
GET /session/33d1128866044b0999f8440b2ece548a/url HTTP/1.1
User-Agent: selenium/4.8.1 (java windows)
Cache-Control: no-cache
Content-Type: application/json; charset=utf-8
host: localhost:1137
accept: */*

Response DefaultHttpResponse(decodeResult: success, version: HTTP/1.1)
HTTP/1.1 200 OK
Content-Length: 68
Content-Type: application/json; charset=utf-8
cache-control: no-cache

14:08:10.353 [AsyncHttpClient-1-2] DEBUG org.asynchttpclient.netty.channel.ChannelManager - Adding key: http://localhost:1137 for channel [id: 0x13972f16, L:/127.0.0.1:14105 - R:localhost/127.0.0.1:1137]
14:08:10.354 [Forwarding screenshot on session 33d1128866044b0999f8440b2ece548a to remote] DEBUG org.asynchttpclient.netty.request.NettyRequestSender - Using pooled Channel '[id: 0x13972f16, L:/127.0.0.1:14105 - R:localhost/127.0.0.1:1137]' for 'GET' to 'http://localhost:1137/session/33d1128866044b0999f8440b2ece548a/screenshot'
14:08:10.355 [Forwarding screenshot on session 33d1128866044b0999f8440b2ece548a to remote] DEBUG org.asynchttpclient.netty.request.NettyRequestSender - Using open Channel [id: 0x13972f16, L:/127.0.0.1:14105 - R:localhost/127.0.0.1:1137] for GET '/session/33d1128866044b0999f8440b2ece548a/screenshot'
14:08:10.452 [AsyncHttpClient-1-2] DEBUG org.asynchttpclient.netty.handler.HttpHandler - 

Request DefaultFullHttpRequest(decodeResult: success, version: HTTP/1.1, content: EmptyByteBufBE)
GET /session/33d1128866044b0999f8440b2ece548a/screenshot HTTP/1.1
User-Agent: selenium/4.8.1 (java windows)
Cache-Control: no-cache
Content-Type: application/json; charset=utf-8
host: localhost:1137
accept: */*

Response DefaultHttpResponse(decodeResult: success, version: HTTP/1.1)
HTTP/1.1 200 OK
Content-Length: 35524
Content-Type: application/json; charset=utf-8
cache-control: no-cache

14:08:10.453 [AsyncHttpClient-1-2] DEBUG org.asynchttpclient.netty.channel.ChannelManager - Adding key: http://localhost:1137 for channel [id: 0x13972f16, L:/127.0.0.1:14105 - R:localhost/127.0.0.1:1137]
14:08:10.460 [main] DEBUG net.serenitybdd.core.photography.Darkroom - Send negative for processing for target\site\serenity\d3a18598bfe43b2e37dc11cd44687137039877543594547d6f85b65e2183e837.png
14:08:10.460 [main] DEBUG net.thucydides.core.steps.StepInterceptor - STEP DONE: ClickAddCredit
14:08:10.460 [Darkroom Processing Line] DEBUG net.serenitybdd.core.photography.DarkroomProcessingLine - Processing screenshot image in /var/screenshots/screenshot-4980932368235346114
  &amp#27;[32mThen &amp#27;[0m&amp#27;[32mI click add stock data&amp#27;[0m                             &amp#27;[90m# Starter.Stepdefitions.AddStockDataSteps.ClickAddStockCredit()&amp#27;[0m
14:08:10.460 [Darkroom Processing Line] DEBUG net.serenitybdd.core.photography.DarkroomProcessingLine - Saving screenshot to target\site\serenity\d3a18598bfe43b2e37dc11cd44687137039877543594547d6f85b65e2183e837.png
14:08:10.472 [main] INFO  - 
  _____   ___   ___   _____     ___     _     ___   ___   ___   ___  
 |_   _| | __| / __| |_   _|   | _ \   /_\   / __| / __| | __| |   \ 
   | |   | _|  \__ \   | |     |  _/  / _ \  \__ \ \__ \ | _|  | |) |
   |_|   |___| |___/   |_|     |_|   /_/ \_\ |___/ |___/ |___| |___/ 

As a user, I have successfully added stock data
----------------------------------------------------------------------
14:08:11.098 [AsyncHttpClient-1-1] DEBUG org.asynchttpclient.netty.channel.DefaultChannelPool - Entry count for : http://localhost:1137 : 1
14:08:12.198 [AsyncHttpClient-1-1] DEBUG org.asynchttpclient.netty.channel.DefaultChannelPool - Entry count for : http://localhost:1137 : 1
14:08:13.298 [AsyncHttpClient-1-1] DEBUG org.asynchttpclient.netty.channel.DefaultChannelPool - Entry count for : http://localhost:1137 : 1
14:08:14.399 [AsyncHttpClient-1-1] DEBUG org.asynchttpclient.netty.channel.DefaultChannelPool - Entry count for : http://localhost:1137 : 1
14:08:15.499 [AsyncHttpClient-1-1] DEBUG org.asynchttpclient.netty.channel.DefaultChannelPool - Entry count for : http://localhost:1137 : 1
14:08:16.165 [Driver Command Executor] DEBUG org.asynchttpclient.netty.request.NettyRequestSender - Using pooled Channel '[id: 0x13972f16, L:/127.0.0.1:14105 - R:localhost/127.0.0.1:1137]' for 'DELETE' to 'http://localhost:1137/session/33d1128866044b0999f8440b2ece548a'
14:08:16.165 [Driver Command Executor] DEBUG org.asynchttpclient.netty.request.NettyRequestSender - Using open Channel [id: 0x13972f16, L:/127.0.0.1:14105 - R:localhost/127.0.0.1:1137] for DELETE '/session/33d1128866044b0999f8440b2ece548a'
14:08:16.219 [AsyncHttpClient-1-4] DEBUG org.asynchttpclient.netty.handler.WebSocketHandler - Channel Closed: [id: 0xf443f6af, L:/127.0.0.1:14122 ! R:localhost/127.0.0.1:14108] with attribute NettyResponseFuture{currentRetry=0,
	isDone=1,
	isCancelled=0,
	asyncHandler=org.asynchttpclient.ws.WebSocketUpgradeHandler@15d9692,
	nettyRequest=org.asynchttpclient.netty.request.NettyRequest@fdcd3c,
	future=java.util.concurrent.CompletableFuture@20f36e[Completed normally],
	uri=ws://localhost:14108/devtools/browser/645cd5af-8808-4ec1-b5f1-3199ceb45fcf,
	keepAlive=true,
	redirectCount=0,
	timeoutsHolder=null,
	inAuth=0,
	touch=1687676816943}
14:08:16.219 [AsyncHttpClient-1-4] DEBUG org.asynchttpclient.netty.channel.ChannelManager - Closing Channel [id: 0xf443f6af, L:/127.0.0.1:14122 ! R:localhost/127.0.0.1:14108] 
14:08:29.494 [AsyncHttpClient-1-2] DEBUG org.asynchttpclient.netty.handler.HttpHandler - 

Request DefaultFullHttpRequest(decodeResult: success, version: HTTP/1.1, content: EmptyByteBufBE)
DELETE /session/33d1128866044b0999f8440b2ece548a HTTP/1.1
User-Agent: selenium/4.8.1 (java windows)
Content-Type: application/json; charset=utf-8
host: localhost:1137
accept: */*

Response DefaultHttpResponse(decodeResult: success, version: HTTP/1.1)
HTTP/1.1 200 OK
Content-Length: 14
Content-Type: application/json; charset=utf-8
cache-control: no-cache

14:08:29.494 [AsyncHttpClient-1-2] DEBUG org.asynchttpclient.netty.channel.ChannelManager - Adding key: http://localhost:1137 for channel [id: 0x13972f16, L:/127.0.0.1:14105 - R:localhost/127.0.0.1:1137]
14:08:29.701 [AsyncHttpClient-1-2] DEBUG org.asynchttpclient.netty.handler.HttpHandler - Channel Closed: [id: 0x13972f16, L:/127.0.0.1:14105 ! R:localhost/127.0.0.1:1137] with attribute DISCARD
14:08:29.799 [AsyncHttpClient-1-1] DEBUG org.asynchttpclient.netty.channel.DefaultChannelPool - Entry count for : http://localhost:1137 : 1
14:08:29.799 [AsyncHttpClient-1-1] DEBUG org.asynchttpclient.netty.channel.DefaultChannelPool - Adding Candidate expired Channel [id: 0x13972f16, L:/127.0.0.1:14105 ! R:localhost/127.0.0.1:1137] isIdleTimeoutExpired=false isRemotelyClosed=true isTtlExpired=false
14:08:29.799 [AsyncHttpClient-1-1] DEBUG org.asynchttpclient.netty.channel.DefaultChannelPool - Closing Idle Channel [id: 0x13972f16, L:/127.0.0.1:14105 ! R:localhost/127.0.0.1:1137]
14:08:29.799 [AsyncHttpClient-1-1] DEBUG org.asynchttpclient.netty.channel.DefaultChannelPool - Closed 1 connections out of 1 in 0 ms
]]></system-out>
    <system-err><![CDATA[Starting ChromeDriver 114.0.5735.90 (386bc09e8f4f2e025eddae123f36f6263096ae49-refs/branch-heads/5735@{#1052}) on port 1137
Only local connections are allowed.
Please see https://chromedriver.chromium.org/security-considerations for suggestions on keeping ChromeDriver safe.
Starting ChromeDriver 114.0.5735.90 (386bc09e8f4f2e025eddae123f36f6263096ae49-refs/branch-heads/5735@{#1052}) on port 36913
Only local connections are allowed.
Please see https://chromedriver.chCrhormoiumem.Droirvge/r sweacsu risttyar-tcoedn ssiudcecreatssifounlsl yf.or 
suggestions on keeping ChromeDriver safe.
ChromeDriver was started successfully.
Jun 25, 2023 2:06:58 PM org.openqa.selenium.devtools.CdpVersionFinder findNearestMatch
WARNING: Unable to find an exact match for CDP version 114, so returning the closest version found: 110
]]></system-err>
  </testcase>
  <testcase name="As a user, I have successfully searched the customer data" classname="Customer Data Search" time="37.703">
    <system-out><![CDATA[14:08:30.448 [main] DEBUG io.cucumber.core.plugin.SerenityReporter - Running feature from file:///C:/Users/USER/IdeaProjects/Capston_webtesting/src/test/resources/Feature/CustomerData.feature
14:08:30.449 [main] WARN io.cucumber.core.plugin.SerenityReporter - Feature from file:///C:/Users/USER/IdeaProjects/Capston_webtesting/src/test/resources/Feature/CustomerData.feature is not under the 'features' directory. Requirements report will not be correctly generated!
14:08:30.455 [main] DEBUG net.thucydides.core.steps.StepEventBus - Test suite started for story net.thucydides.core.model.Story@832221cb
14:08:30.455 [main] INFO  - Test Suite Started: Customer Data Search

@CustomerData
Scenario: As a user, I have successfully searched the customer data &amp#27;[90m# src/test/resources/Feature/CustomerData.feature:3&amp#27;[0m
14:08:30.470 [main] DEBUG io.cucumber.core.plugin.SerenityReporter - Running feature from file:///C:/Users/USER/IdeaProjects/Capston_webtesting/src/test/resources/Feature/CustomerData.feature
14:08:30.470 [main] WARN io.cucumber.core.plugin.SerenityReporter - Feature from file:///C:/Users/USER/IdeaProjects/Capston_webtesting/src/test/resources/Feature/CustomerData.feature is not under the 'features' directory. Requirements report will not be correctly generated!
14:08:30.474 [main] INFO  - 
  _____   ___   ___   _____     ___   _____     _     ___   _____   ___   ___  
 |_   _| | __| / __| |_   _|   / __| |_   _|   /_\   | _ \ |_   _| | __| |   \ 
   | |   | _|  \__ \   | |     \__ \   | |    / _ \  |   /   | |   | _|  | |) |
   |_|   |___| |___/   |_|     |___/   |_|   /_/ \_\ |_|_\   |_|   |___| |___/ 

As a user, I have successfully searched the customer data(customer-data-search;as-a-user--i-have-successfully-searched-the-customer-data)
--------------------------------------------------------------------------------
14:08:30.697 [main] DEBUG net.thucydides.core.steps.StepInterceptor - STARTING STEP: CustomerDataSteps.onnSignInPage - openPage
14:08:30.827 [main] INFO net.serenitybdd.core.webdriver.driverproviders.ChromeDriverProvider - Starting Chrome driver instance with capabilities:
14:08:30.828 [main] INFO net.serenitybdd.core.webdriver.driverproviders.ChromeDriverProvider - Capabilities {acceptInsecureCerts: false, browserName: chrome, goog:chromeOptions: {args: [remote-allow-origins=*], extensions: []}}
14:08:33.249 [AsyncHttpClient-1-5] DEBUG org.asynchttpclient.netty.channel.NettyConnectListener - Using new Channel '[id: 0x95bb4159, L:/127.0.0.1:14149 - R:localhost/127.0.0.1:2316]' for 'POST' to '/session'
14:08:38.991 [AsyncHttpClient-1-5] DEBUG org.asynchttpclient.netty.handler.HttpHandler - 

Request DefaultHttpRequest(decodeResult: success, version: HTTP/1.1)
POST /session HTTP/1.1
User-Agent: selenium/4.8.1 (java windows)
Content-Length: 507
Content-Type: application/json; charset=utf-8
host: localhost:2316
accept: */*

Response DefaultHttpResponse(decodeResult: success, version: HTTP/1.1)
HTTP/1.1 200 OK
Content-Length: 859
Content-Type: application/json; charset=utf-8
cache-control: no-cache

14:08:38.992 [AsyncHttpClient-1-5] DEBUG org.asynchttpclient.netty.channel.ChannelManager - Adding key: http://localhost:2316 for channel [id: 0x95bb4159, L:/127.0.0.1:14149 - R:localhost/127.0.0.1:2316]
14:08:39.095 [AsyncHttpClient-1-6] DEBUG org.asynchttpclient.netty.channel.NettyConnectListener - Using new Channel '[id: 0xd9add54c, L:/127.0.0.1:14156 - R:localhost/127.0.0.1:14150]' for 'GET' to '/json/version'
14:08:39.097 [AsyncHttpClient-1-6] DEBUG org.asynchttpclient.netty.handler.HttpHandler - 

Request DefaultFullHttpRequest(decodeResult: success, version: HTTP/1.1, content: EmptyByteBufBE)
GET /json/version HTTP/1.1
User-Agent: selenium/4.8.1 (java windows)
host: localhost:14150
accept: */*

Response DefaultHttpResponse(decodeResult: success, version: HTTP/1.1)
HTTP/1.1 200 OK
Content-Security-Policy: frame-ancestors 'none'
Content-Length: 424
Content-Type: application/json; charset=UTF-8

14:08:39.097 [AsyncHttpClient-1-6] DEBUG org.asynchttpclient.netty.channel.ChannelManager - Adding key: http://localhost:14150 for channel [id: 0xd9add54c, L:/127.0.0.1:14156 - R:localhost/127.0.0.1:14150]
14:08:39.101 [AsyncHttpClient-1-7] DEBUG org.asynchttpclient.netty.channel.NettyConnectListener - Using new Channel '[id: 0xf21f44c5, L:/127.0.0.1:14157 - R:localhost/127.0.0.1:14150]' for 'GET' to '/devtools/browser/de0c0130-d3c1-4f75-b67d-ad7cb85a49fd'
14:08:39.103 [AsyncHttpClient-1-7] DEBUG org.asynchttpclient.netty.handler.WebSocketHandler - 

Request DefaultFullHttpRequest(decodeResult: success, version: HTTP/1.1, content: EmptyByteBufBE)
GET /devtools/browser/de0c0130-d3c1-4f75-b67d-ad7cb85a49fd HTTP/1.1
upgrade: websocket
connection: upgrade
sec-websocket-key: i61SLxDldMjsGzmT1t6sfA==
sec-websocket-version: 13
origin: http://localhost:14150
host: localhost:14150
accept: */*
user-agent: AHC/2.1

Response DefaultHttpResponse(decodeResult: success, version: HTTP/1.1)
HTTP/1.1 101 WebSocket Protocol Handshake
Upgrade: WebSocket
Connection: Upgrade
Sec-WebSocket-Accept: S6KioyvkAm/1JbSwaZuozxGMY9Y=

14:08:39.233 [Forwarding get on session ac946bb5cfbf70a8336890deb32b3cba to remote] DEBUG org.asynchttpclient.netty.request.NettyRequestSender - Using pooled Channel '[id: 0x95bb4159, L:/127.0.0.1:14149 - R:localhost/127.0.0.1:2316]' for 'POST' to 'http://localhost:2316/session/ac946bb5cfbf70a8336890deb32b3cba/url'
14:08:39.234 [Forwarding get on session ac946bb5cfbf70a8336890deb32b3cba to remote] DEBUG org.asynchttpclient.netty.request.NettyRequestSender - Using open Channel [id: 0x95bb4159, L:/127.0.0.1:14149 - R:localhost/127.0.0.1:2316] for POST '/session/ac946bb5cfbf70a8336890deb32b3cba/url'
14:08:39.698 [AsyncHttpClient-1-1] DEBUG org.asynchttpclient.netty.channel.DefaultChannelPool - Entry count for : http://localhost:14150 : 1
14:08:40.798 [AsyncHttpClient-1-1] DEBUG org.asynchttpclient.netty.channel.DefaultChannelPool - Entry count for : http://localhost:14150 : 1
14:08:41.898 [AsyncHttpClient-1-1] DEBUG org.asynchttpclient.netty.channel.DefaultChannelPool - Entry count for : http://localhost:14150 : 1
14:08:42.998 [AsyncHttpClient-1-1] DEBUG org.asynchttpclient.netty.channel.DefaultChannelPool - Entry count for : http://localhost:14150 : 1
14:08:44.098 [AsyncHttpClient-1-1] DEBUG org.asynchttpclient.netty.channel.DefaultChannelPool - Entry count for : http://localhost:14150 : 1
14:08:45.198 [AsyncHttpClient-1-1] DEBUG org.asynchttpclient.netty.channel.DefaultChannelPool - Entry count for : http://localhost:14150 : 1
14:08:46.298 [AsyncHttpClient-1-1] DEBUG org.asynchttpclient.netty.channel.DefaultChannelPool - Entry count for : http://localhost:14150 : 1
14:08:47.398 [AsyncHttpClient-1-1] DEBUG org.asynchttpclient.netty.channel.DefaultChannelPool - Entry count for : http://localhost:14150 : 1
14:08:48.498 [AsyncHttpClient-1-1] DEBUG org.asynchttpclient.netty.channel.DefaultChannelPool - Entry count for : http://localhost:14150 : 1
14:08:48.966 [AsyncHttpClient-1-5] DEBUG org.asynchttpclient.netty.handler.HttpHandler - 

Request DefaultHttpRequest(decodeResult: success, version: HTTP/1.1)
POST /session/ac946bb5cfbf70a8336890deb32b3cba/url HTTP/1.1
User-Agent: selenium/4.8.1 (java windows)
Content-Length: 82
Content-Type: application/json; charset=utf-8
host: localhost:2316
accept: */*

Response DefaultHttpResponse(decodeResult: success, version: HTTP/1.1)
HTTP/1.1 200 OK
Content-Length: 14
Content-Type: application/json; charset=utf-8
cache-control: no-cache

14:08:48.967 [AsyncHttpClient-1-5] DEBUG org.asynchttpclient.netty.channel.ChannelManager - Adding key: http://localhost:2316 for channel [id: 0x95bb4159, L:/127.0.0.1:14149 - R:localhost/127.0.0.1:2316]
14:08:48.970 [Forwarding setTimeout on session ac946bb5cfbf70a8336890deb32b3cba to remote] DEBUG org.asynchttpclient.netty.request.NettyRequestSender - Using pooled Channel '[id: 0x95bb4159, L:/127.0.0.1:14149 - R:localhost/127.0.0.1:2316]' for 'POST' to 'http://localhost:2316/session/ac946bb5cfbf70a8336890deb32b3cba/timeouts'
14:08:48.970 [Forwarding setTimeout on session ac946bb5cfbf70a8336890deb32b3cba to remote] DEBUG org.asynchttpclient.netty.request.NettyRequestSender - Using open Channel [id: 0x95bb4159, L:/127.0.0.1:14149 - R:localhost/127.0.0.1:2316] for POST '/session/ac946bb5cfbf70a8336890deb32b3cba/timeouts'
14:08:48.972 [AsyncHttpClient-1-5] DEBUG org.asynchttpclient.netty.handler.HttpHandler - 

Request DefaultHttpRequest(decodeResult: success, version: HTTP/1.1)
POST /session/ac946bb5cfbf70a8336890deb32b3cba/timeouts HTTP/1.1
User-Agent: selenium/4.8.1 (java windows)
Content-Length: 22
Content-Type: application/json; charset=utf-8
host: localhost:2316
accept: */*

Response DefaultHttpResponse(decodeResult: success, version: HTTP/1.1)
HTTP/1.1 200 OK
Content-Length: 14
Content-Type: application/json; charset=utf-8
cache-control: no-cache

14:08:48.972 [AsyncHttpClient-1-5] DEBUG org.asynchttpclient.netty.channel.ChannelManager - Adding key: http://localhost:2316 for channel [id: 0x95bb4159, L:/127.0.0.1:14149 - R:localhost/127.0.0.1:2316]
14:08:48.987 [main] DEBUG net.serenitybdd.core.photography.Darkroom - Opening darkroom
14:08:48.988 [Darkroom Processing Line] DEBUG net.serenitybdd.core.photography.DarkroomProcessingLine - Darkroom processing line starting up
14:08:49.000 [Forwarding getAlertText on session ac946bb5cfbf70a8336890deb32b3cba to remote] DEBUG org.asynchttpclient.netty.request.NettyRequestSender - Using pooled Channel '[id: 0x95bb4159, L:/127.0.0.1:14149 - R:localhost/127.0.0.1:2316]' for 'GET' to 'http://localhost:2316/session/ac946bb5cfbf70a8336890deb32b3cba/alert/text'
14:08:49.001 [Forwarding getAlertText on session ac946bb5cfbf70a8336890deb32b3cba to remote] DEBUG org.asynchttpclient.netty.request.NettyRequestSender - Using open Channel [id: 0x95bb4159, L:/127.0.0.1:14149 - R:localhost/127.0.0.1:2316] for GET '/session/ac946bb5cfbf70a8336890deb32b3cba/alert/text'
14:08:49.003 [AsyncHttpClient-1-5] DEBUG org.asynchttpclient.netty.handler.HttpHandler - 

Request DefaultFullHttpRequest(decodeResult: success, version: HTTP/1.1, content: EmptyByteBufBE)
GET /session/ac946bb5cfbf70a8336890deb32b3cba/alert/text HTTP/1.1
User-Agent: selenium/4.8.1 (java windows)
Cache-Control: no-cache
Content-Type: application/json; charset=utf-8
host: localhost:2316
accept: */*

Response DefaultHttpResponse(decodeResult: success, version: HTTP/1.1)
HTTP/1.1 404 Not Found
Content-Length: 807
Content-Type: application/json; charset=utf-8
cache-control: no-cache

14:08:49.003 [AsyncHttpClient-1-5] DEBUG org.asynchttpclient.netty.channel.ChannelManager - Adding key: http://localhost:2316 for channel [id: 0x95bb4159, L:/127.0.0.1:14149 - R:localhost/127.0.0.1:2316]
14:08:49.007 [Forwarding getCurrentUrl on session ac946bb5cfbf70a8336890deb32b3cba to remote] DEBUG org.asynchttpclient.netty.request.NettyRequestSender - Using pooled Channel '[id: 0x95bb4159, L:/127.0.0.1:14149 - R:localhost/127.0.0.1:2316]' for 'GET' to 'http://localhost:2316/session/ac946bb5cfbf70a8336890deb32b3cba/url'
14:08:49.007 [Forwarding getCurrentUrl on session ac946bb5cfbf70a8336890deb32b3cba to remote] DEBUG org.asynchttpclient.netty.request.NettyRequestSender - Using open Channel [id: 0x95bb4159, L:/127.0.0.1:14149 - R:localhost/127.0.0.1:2316] for GET '/session/ac946bb5cfbf70a8336890deb32b3cba/url'
14:08:49.014 [AsyncHttpClient-1-5] DEBUG org.asynchttpclient.netty.handler.HttpHandler - 

Request DefaultFullHttpRequest(decodeResult: success, version: HTTP/1.1, content: EmptyByteBufBE)
GET /session/ac946bb5cfbf70a8336890deb32b3cba/url HTTP/1.1
User-Agent: selenium/4.8.1 (java windows)
Cache-Control: no-cache
Content-Type: application/json; charset=utf-8
host: localhost:2316
accept: */*

Response DefaultHttpResponse(decodeResult: success, version: HTTP/1.1)
HTTP/1.1 200 OK
Content-Length: 64
Content-Type: application/json; charset=utf-8
cache-control: no-cache

14:08:49.015 [AsyncHttpClient-1-5] DEBUG org.asynchttpclient.netty.channel.ChannelManager - Adding key: http://localhost:2316 for channel [id: 0x95bb4159, L:/127.0.0.1:14149 - R:localhost/127.0.0.1:2316]
14:08:49.017 [Forwarding screenshot on session ac946bb5cfbf70a8336890deb32b3cba to remote] DEBUG org.asynchttpclient.netty.request.NettyRequestSender - Using pooled Channel '[id: 0x95bb4159, L:/127.0.0.1:14149 - R:localhost/127.0.0.1:2316]' for 'GET' to 'http://localhost:2316/session/ac946bb5cfbf70a8336890deb32b3cba/screenshot'
14:08:49.017 [Forwarding screenshot on session ac946bb5cfbf70a8336890deb32b3cba to remote] DEBUG org.asynchttpclient.netty.request.NettyRequestSender - Using open Channel [id: 0x95bb4159, L:/127.0.0.1:14149 - R:localhost/127.0.0.1:2316] for GET '/session/ac946bb5cfbf70a8336890deb32b3cba/screenshot'
14:08:49.313 [AsyncHttpClient-1-5] DEBUG org.asynchttpclient.netty.handler.HttpHandler - 

Request DefaultFullHttpRequest(decodeResult: success, version: HTTP/1.1, content: EmptyByteBufBE)
GET /session/ac946bb5cfbf70a8336890deb32b3cba/screenshot HTTP/1.1
User-Agent: selenium/4.8.1 (java windows)
Cache-Control: no-cache
Content-Type: application/json; charset=utf-8
host: localhost:2316
accept: */*

Response DefaultHttpResponse(decodeResult: success, version: HTTP/1.1)
HTTP/1.1 200 OK
Content-Length: 117712
Content-Type: application/json; charset=utf-8
cache-control: no-cache

14:08:49.315 [AsyncHttpClient-1-5] DEBUG org.asynchttpclient.netty.channel.ChannelManager - Adding key: http://localhost:2316 for channel [id: 0x95bb4159, L:/127.0.0.1:14149 - R:localhost/127.0.0.1:2316]
14:08:49.324 [main] DEBUG net.serenitybdd.core.photography.Darkroom - Send negative for processing for target\site\serenity\d05a51f06adba6b2b96533abf777f87c0732f4a1015daaa80c3740cbc21f4842.png
14:08:49.325 [main] DEBUG net.thucydides.core.steps.StepInterceptor - STEP DONE: openPage
14:08:49.325 [Darkroom Processing Line] DEBUG net.serenitybdd.core.photography.DarkroomProcessingLine - Processing screenshot image in /var/screenshots/screenshot-4636804446430396127
14:08:49.325 [Darkroom Processing Line] DEBUG net.serenitybdd.core.photography.DarkroomProcessingLine - Saving screenshot to target\site\serenity\d05a51f06adba6b2b96533abf777f87c0732f4a1015daaa80c3740cbc21f4842.png
  &amp#27;[32mGiven &amp#27;[0m&amp#27;[32mI am on the sign in pageee&amp#27;[0m                                  &amp#27;[90m# Starter.Stepdefitions.CustomerDataSteps.onnSignInPage()&amp#27;[0m
14:08:49.343 [Forwarding getPageSource on session ac946bb5cfbf70a8336890deb32b3cba to remote] DEBUG org.asynchttpclient.netty.request.NettyRequestSender - Using pooled Channel '[id: 0x95bb4159, L:/127.0.0.1:14149 - R:localhost/127.0.0.1:2316]' for 'POST' to 'http://localhost:2316/session/ac946bb5cfbf70a8336890deb32b3cba/execute/sync'
14:08:49.343 [Forwarding getPageSource on session ac946bb5cfbf70a8336890deb32b3cba to remote] DEBUG org.asynchttpclient.netty.request.NettyRequestSender - Using open Channel [id: 0x95bb4159, L:/127.0.0.1:14149 - R:localhost/127.0.0.1:2316] for POST '/session/ac946bb5cfbf70a8336890deb32b3cba/execute/sync'
14:08:49.351 [AsyncHttpClient-1-5] DEBUG org.asynchttpclient.netty.handler.HttpHandler - 

Request DefaultHttpRequest(decodeResult: success, version: HTTP/1.1)
POST /session/ac946bb5cfbf70a8336890deb32b3cba/execute/sync HTTP/1.1
User-Agent: selenium/4.8.1 (java windows)
Content-Length: 176
Content-Type: application/json; charset=utf-8
host: localhost:2316
accept: */*

Response DefaultHttpResponse(decodeResult: success, version: HTTP/1.1)
HTTP/1.1 200 OK
Content-Length: 5992
Content-Type: application/json; charset=utf-8
cache-control: no-cache

14:08:49.351 [AsyncHttpClient-1-5] DEBUG org.asynchttpclient.netty.channel.ChannelManager - Adding key: http://localhost:2316 for channel [id: 0x95bb4159, L:/127.0.0.1:14149 - R:localhost/127.0.0.1:2316]
14:08:49.357 [Forwarding getCurrentUrl on session ac946bb5cfbf70a8336890deb32b3cba to remote] DEBUG org.asynchttpclient.netty.request.NettyRequestSender - Using pooled Channel '[id: 0x95bb4159, L:/127.0.0.1:14149 - R:localhost/127.0.0.1:2316]' for 'GET' to 'http://localhost:2316/session/ac946bb5cfbf70a8336890deb32b3cba/url'
14:08:49.357 [Forwarding getCurrentUrl on session ac946bb5cfbf70a8336890deb32b3cba to remote] DEBUG org.asynchttpclient.netty.request.NettyRequestSender - Using open Channel [id: 0x95bb4159, L:/127.0.0.1:14149 - R:localhost/127.0.0.1:2316] for GET '/session/ac946bb5cfbf70a8336890deb32b3cba/url'
14:08:49.363 [AsyncHttpClient-1-5] DEBUG org.asynchttpclient.netty.handler.HttpHandler - 

Request DefaultFullHttpRequest(decodeResult: success, version: HTTP/1.1, content: EmptyByteBufBE)
GET /session/ac946bb5cfbf70a8336890deb32b3cba/url HTTP/1.1
User-Agent: selenium/4.8.1 (java windows)
Cache-Control: no-cache
Content-Type: application/json; charset=utf-8
host: localhost:2316
accept: */*

Response DefaultHttpResponse(decodeResult: success, version: HTTP/1.1)
HTTP/1.1 200 OK
Content-Length: 64
Content-Type: application/json; charset=utf-8
cache-control: no-cache

14:08:49.363 [AsyncHttpClient-1-5] DEBUG org.asynchttpclient.netty.channel.ChannelManager - Adding key: http://localhost:2316 for channel [id: 0x95bb4159, L:/127.0.0.1:14149 - R:localhost/127.0.0.1:2316]
14:08:49.382 [Forwarding getAlertText on session ac946bb5cfbf70a8336890deb32b3cba to remote] DEBUG org.asynchttpclient.netty.request.NettyRequestSender - Using pooled Channel '[id: 0x95bb4159, L:/127.0.0.1:14149 - R:localhost/127.0.0.1:2316]' for 'GET' to 'http://localhost:2316/session/ac946bb5cfbf70a8336890deb32b3cba/alert/text'
14:08:49.382 [Forwarding getAlertText on session ac946bb5cfbf70a8336890deb32b3cba to remote] DEBUG org.asynchttpclient.netty.request.NettyRequestSender - Using open Channel [id: 0x95bb4159, L:/127.0.0.1:14149 - R:localhost/127.0.0.1:2316] for GET '/session/ac946bb5cfbf70a8336890deb32b3cba/alert/text'
14:08:49.384 [AsyncHttpClient-1-5] DEBUG org.asynchttpclient.netty.handler.HttpHandler - 

Request DefaultFullHttpRequest(decodeResult: success, version: HTTP/1.1, content: EmptyByteBufBE)
GET /session/ac946bb5cfbf70a8336890deb32b3cba/alert/text HTTP/1.1
User-Agent: selenium/4.8.1 (java windows)
Cache-Control: no-cache
Content-Type: application/json; charset=utf-8
host: localhost:2316
accept: */*

Response DefaultHttpResponse(decodeResult: success, version: HTTP/1.1)
HTTP/1.1 404 Not Found
Content-Length: 807
Content-Type: application/json; charset=utf-8
cache-control: no-cache

14:08:49.384 [AsyncHttpClient-1-5] DEBUG org.asynchttpclient.netty.channel.ChannelManager - Adding key: http://localhost:2316 for channel [id: 0x95bb4159, L:/127.0.0.1:14149 - R:localhost/127.0.0.1:2316]
14:08:49.387 [Forwarding getCurrentUrl on session ac946bb5cfbf70a8336890deb32b3cba to remote] DEBUG org.asynchttpclient.netty.request.NettyRequestSender - Using pooled Channel '[id: 0x95bb4159, L:/127.0.0.1:14149 - R:localhost/127.0.0.1:2316]' for 'GET' to 'http://localhost:2316/session/ac946bb5cfbf70a8336890deb32b3cba/url'
14:08:49.387 [Forwarding getCurrentUrl on session ac946bb5cfbf70a8336890deb32b3cba to remote] DEBUG org.asynchttpclient.netty.request.NettyRequestSender - Using open Channel [id: 0x95bb4159, L:/127.0.0.1:14149 - R:localhost/127.0.0.1:2316] for GET '/session/ac946bb5cfbf70a8336890deb32b3cba/url'
14:08:49.392 [AsyncHttpClient-1-5] DEBUG org.asynchttpclient.netty.handler.HttpHandler - 

Request DefaultFullHttpRequest(decodeResult: success, version: HTTP/1.1, content: EmptyByteBufBE)
GET /session/ac946bb5cfbf70a8336890deb32b3cba/url HTTP/1.1
User-Agent: selenium/4.8.1 (java windows)
Cache-Control: no-cache
Content-Type: application/json; charset=utf-8
host: localhost:2316
accept: */*

Response DefaultHttpResponse(decodeResult: success, version: HTTP/1.1)
HTTP/1.1 200 OK
Content-Length: 64
Content-Type: application/json; charset=utf-8
cache-control: no-cache

14:08:49.392 [AsyncHttpClient-1-5] DEBUG org.asynchttpclient.netty.channel.ChannelManager - Adding key: http://localhost:2316 for channel [id: 0x95bb4159, L:/127.0.0.1:14149 - R:localhost/127.0.0.1:2316]
14:08:49.394 [Forwarding screenshot on session ac946bb5cfbf70a8336890deb32b3cba to remote] DEBUG org.asynchttpclient.netty.request.NettyRequestSender - Using pooled Channel '[id: 0x95bb4159, L:/127.0.0.1:14149 - R:localhost/127.0.0.1:2316]' for 'GET' to 'http://localhost:2316/session/ac946bb5cfbf70a8336890deb32b3cba/screenshot'
14:08:49.394 [Forwarding screenshot on session ac946bb5cfbf70a8336890deb32b3cba to remote] DEBUG org.asynchttpclient.netty.request.NettyRequestSender - Using open Channel [id: 0x95bb4159, L:/127.0.0.1:14149 - R:localhost/127.0.0.1:2316] for GET '/session/ac946bb5cfbf70a8336890deb32b3cba/screenshot'
14:08:49.494 [AsyncHttpClient-1-5] DEBUG org.asynchttpclient.netty.handler.HttpHandler - 

Request DefaultFullHttpRequest(decodeResult: success, version: HTTP/1.1, content: EmptyByteBufBE)
GET /session/ac946bb5cfbf70a8336890deb32b3cba/screenshot HTTP/1.1
User-Agent: selenium/4.8.1 (java windows)
Cache-Control: no-cache
Content-Type: application/json; charset=utf-8
host: localhost:2316
accept: */*

Response DefaultHttpResponse(decodeResult: success, version: HTTP/1.1)
HTTP/1.1 200 OK
Content-Length: 117712
Content-Type: application/json; charset=utf-8
cache-control: no-cache

14:08:49.495 [AsyncHttpClient-1-5] DEBUG org.asynchttpclient.netty.channel.ChannelManager - Adding key: http://localhost:2316 for channel [id: 0x95bb4159, L:/127.0.0.1:14149 - R:localhost/127.0.0.1:2316]
14:08:49.509 [main] DEBUG net.serenitybdd.core.photography.Darkroom - Send negative for processing for target\site\serenity\d05a51f06adba6b2b96533abf777f87c0732f4a1015daaa80c3740cbc21f4842.png
14:08:49.512 [Forwarding getPageSource on session ac946bb5cfbf70a8336890deb32b3cba to remote] DEBUG org.asynchttpclient.netty.request.NettyRequestSender - Using pooled Channel '[id: 0x95bb4159, L:/127.0.0.1:14149 - R:localhost/127.0.0.1:2316]' for 'POST' to 'http://localhost:2316/session/ac946bb5cfbf70a8336890deb32b3cba/execute/sync'
14:08:49.512 [Forwarding getPageSource on session ac946bb5cfbf70a8336890deb32b3cba to remote] DEBUG org.asynchttpclient.netty.request.NettyRequestSender - Using open Channel [id: 0x95bb4159, L:/127.0.0.1:14149 - R:localhost/127.0.0.1:2316] for POST '/session/ac946bb5cfbf70a8336890deb32b3cba/execute/sync'
14:08:49.519 [AsyncHttpClient-1-5] DEBUG org.asynchttpclient.netty.handler.HttpHandler - 

Request DefaultHttpRequest(decodeResult: success, version: HTTP/1.1)
POST /session/ac946bb5cfbf70a8336890deb32b3cba/execute/sync HTTP/1.1
User-Agent: selenium/4.8.1 (java windows)
Content-Length: 176
Content-Type: application/json; charset=utf-8
host: localhost:2316
accept: */*

Response DefaultHttpResponse(decodeResult: success, version: HTTP/1.1)
HTTP/1.1 200 OK
Content-Length: 5992
Content-Type: application/json; charset=utf-8
cache-control: no-cache

14:08:49.519 [AsyncHttpClient-1-5] DEBUG org.asynchttpclient.netty.channel.ChannelManager - Adding key: http://localhost:2316 for channel [id: 0x95bb4159, L:/127.0.0.1:14149 - R:localhost/127.0.0.1:2316]
14:08:49.524 [Forwarding getCurrentUrl on session ac946bb5cfbf70a8336890deb32b3cba to remote] DEBUG org.asynchttpclient.netty.request.NettyRequestSender - Using pooled Channel '[id: 0x95bb4159, L:/127.0.0.1:14149 - R:localhost/127.0.0.1:2316]' for 'GET' to 'http://localhost:2316/session/ac946bb5cfbf70a8336890deb32b3cba/url'
14:08:49.524 [Forwarding getCurrentUrl on session ac946bb5cfbf70a8336890deb32b3cba to remote] DEBUG org.asynchttpclient.netty.request.NettyRequestSender - Using open Channel [id: 0x95bb4159, L:/127.0.0.1:14149 - R:localhost/127.0.0.1:2316] for GET '/session/ac946bb5cfbf70a8336890deb32b3cba/url'
14:08:49.529 [AsyncHttpClient-1-5] DEBUG org.asynchttpclient.netty.handler.HttpHandler - 

Request DefaultFullHttpRequest(decodeResult: success, version: HTTP/1.1, content: EmptyByteBufBE)
GET /session/ac946bb5cfbf70a8336890deb32b3cba/url HTTP/1.1
User-Agent: selenium/4.8.1 (java windows)
Cache-Control: no-cache
Content-Type: application/json; charset=utf-8
host: localhost:2316
accept: */*

Response DefaultHttpResponse(decodeResult: success, version: HTTP/1.1)
HTTP/1.1 200 OK
Content-Length: 64
Content-Type: application/json; charset=utf-8
cache-control: no-cache

14:08:49.529 [AsyncHttpClient-1-5] DEBUG org.asynchttpclient.netty.channel.ChannelManager - Adding key: http://localhost:2316 for channel [id: 0x95bb4159, L:/127.0.0.1:14149 - R:localhost/127.0.0.1:2316]
14:08:49.532 [main] DEBUG net.thucydides.core.steps.StepInterceptor - STARTING STEP: CustomerDataSteps.inputEmailll - inputEmailll
14:08:49.538 [Forwarding findElement on session ac946bb5cfbf70a8336890deb32b3cba to remote] DEBUG org.asynchttpclient.netty.request.NettyRequestSender - Using pooled Channel '[id: 0x95bb4159, L:/127.0.0.1:14149 - R:localhost/127.0.0.1:2316]' for 'POST' to 'http://localhost:2316/session/ac946bb5cfbf70a8336890deb32b3cba/element'
14:08:49.538 [Forwarding findElement on session ac946bb5cfbf70a8336890deb32b3cba to remote] DEBUG org.asynchttpclient.netty.request.NettyRequestSender - Using open Channel [id: 0x95bb4159, L:/127.0.0.1:14149 - R:localhost/127.0.0.1:2316] for POST '/session/ac946bb5cfbf70a8336890deb32b3cba/element'
14:08:49.555 [AsyncHttpClient-1-5] DEBUG org.asynchttpclient.netty.handler.HttpHandler - 

Request DefaultHttpRequest(decodeResult: success, version: HTTP/1.1)
POST /session/ac946bb5cfbf70a8336890deb32b3cba/element HTTP/1.1
User-Agent: selenium/4.8.1 (java windows)
Content-Length: 67
Content-Type: application/json; charset=utf-8
host: localhost:2316
accept: */*

Response DefaultHttpResponse(decodeResult: success, version: HTTP/1.1)
HTTP/1.1 200 OK
Content-Length: 94
Content-Type: application/json; charset=utf-8
cache-control: no-cache

14:08:49.555 [AsyncHttpClient-1-5] DEBUG org.asynchttpclient.netty.channel.ChannelManager - Adding key: http://localhost:2316 for channel [id: 0x95bb4159, L:/127.0.0.1:14149 - R:localhost/127.0.0.1:2316]
14:08:49.557 [Forwarding clearElement on session ac946bb5cfbf70a8336890deb32b3cba to remote] DEBUG org.asynchttpclient.netty.request.NettyRequestSender - Using pooled Channel '[id: 0x95bb4159, L:/127.0.0.1:14149 - R:localhost/127.0.0.1:2316]' for 'POST' to 'http://localhost:2316/session/ac946bb5cfbf70a8336890deb32b3cba/element/133CD6A93037E32EC93B16517264A451_element_9/clear'
14:08:49.557 [Forwarding clearElement on session ac946bb5cfbf70a8336890deb32b3cba to remote] DEBUG org.asynchttpclient.netty.request.NettyRequestSender - Using open Channel [id: 0x95bb4159, L:/127.0.0.1:14149 - R:localhost/127.0.0.1:2316] for POST '/session/ac946bb5cfbf70a8336890deb32b3cba/element/133CD6A93037E32EC93B16517264A451_element_9/clear'
14:08:49.598 [AsyncHttpClient-1-1] DEBUG org.asynchttpclient.netty.channel.DefaultChannelPool - Entry count for : http://localhost:14150 : 1
14:08:49.609 [AsyncHttpClient-1-5] DEBUG org.asynchttpclient.netty.handler.HttpHandler - 

Request DefaultHttpRequest(decodeResult: success, version: HTTP/1.1)
POST /session/ac946bb5cfbf70a8336890deb32b3cba/element/133CD6A93037E32EC93B16517264A451_element_9/clear HTTP/1.1
User-Agent: selenium/4.8.1 (java windows)
Content-Length: 56
Content-Type: application/json; charset=utf-8
host: localhost:2316
accept: */*

Response DefaultHttpResponse(decodeResult: success, version: HTTP/1.1)
HTTP/1.1 200 OK
Content-Length: 14
Content-Type: application/json; charset=utf-8
cache-control: no-cache

14:08:49.610 [AsyncHttpClient-1-5] DEBUG org.asynchttpclient.netty.channel.ChannelManager - Adding key: http://localhost:2316 for channel [id: 0x95bb4159, L:/127.0.0.1:14149 - R:localhost/127.0.0.1:2316]
14:08:49.613 [Forwarding sendKeysToElement on session ac946bb5cfbf70a8336890deb32b3cba to remote] DEBUG org.asynchttpclient.netty.request.NettyRequestSender - Using pooled Channel '[id: 0x95bb4159, L:/127.0.0.1:14149 - R:localhost/127.0.0.1:2316]' for 'POST' to 'http://localhost:2316/session/ac946bb5cfbf70a8336890deb32b3cba/element/133CD6A93037E32EC93B16517264A451_element_9/value'
14:08:49.613 [Forwarding sendKeysToElement on session ac946bb5cfbf70a8336890deb32b3cba to remote] DEBUG org.asynchttpclient.netty.request.NettyRequestSender - Using open Channel [id: 0x95bb4159, L:/127.0.0.1:14149 - R:localhost/127.0.0.1:2316] for POST '/session/ac946bb5cfbf70a8336890deb32b3cba/element/133CD6A93037E32EC93B16517264A451_element_9/value'
14:08:50.699 [AsyncHttpClient-1-1] DEBUG org.asynchttpclient.netty.channel.DefaultChannelPool - Entry count for : http://localhost:14150 : 1
14:08:51.798 [AsyncHttpClient-1-1] DEBUG org.asynchttpclient.netty.channel.DefaultChannelPool - Entry count for : http://localhost:14150 : 1
14:08:52.899 [AsyncHttpClient-1-1] DEBUG org.asynchttpclient.netty.channel.DefaultChannelPool - Entry count for : http://localhost:14150 : 1
14:08:53.997 [AsyncHttpClient-1-1] DEBUG org.asynchttpclient.netty.channel.DefaultChannelPool - Entry count for : http://localhost:14150 : 1
14:08:55.099 [AsyncHttpClient-1-1] DEBUG org.asynchttpclient.netty.channel.DefaultChannelPool - Entry count for : http://localhost:14150 : 1
14:08:55.980 [AsyncHttpClient-1-5] DEBUG org.asynchttpclient.netty.handler.HttpHandler - 

Request DefaultHttpRequest(decodeResult: success, version: HTTP/1.1)
POST /session/ac946bb5cfbf70a8336890deb32b3cba/element/133CD6A93037E32EC93B16517264A451_element_9/value HTTP/1.1
User-Agent: selenium/4.8.1 (java windows)
Content-Length: 257
Content-Type: application/json; charset=utf-8
host: localhost:2316
accept: */*

Response DefaultHttpResponse(decodeResult: success, version: HTTP/1.1)
HTTP/1.1 200 OK
Content-Length: 14
Content-Type: application/json; charset=utf-8
cache-control: no-cache

14:08:55.981 [AsyncHttpClient-1-5] DEBUG org.asynchttpclient.netty.channel.ChannelManager - Adding key: http://localhost:2316 for channel [id: 0x95bb4159, L:/127.0.0.1:14149 - R:localhost/127.0.0.1:2316]
14:08:55.998 [Forwarding getAlertText on session ac946bb5cfbf70a8336890deb32b3cba to remote] DEBUG org.asynchttpclient.netty.request.NettyRequestSender - Using pooled Channel '[id: 0x95bb4159, L:/127.0.0.1:14149 - R:localhost/127.0.0.1:2316]' for 'GET' to 'http://localhost:2316/session/ac946bb5cfbf70a8336890deb32b3cba/alert/text'
14:08:55.998 [Forwarding getAlertText on session ac946bb5cfbf70a8336890deb32b3cba to remote] DEBUG org.asynchttpclient.netty.request.NettyRequestSender - Using open Channel [id: 0x95bb4159, L:/127.0.0.1:14149 - R:localhost/127.0.0.1:2316] for GET '/session/ac946bb5cfbf70a8336890deb32b3cba/alert/text'
14:08:56.034 [AsyncHttpClient-1-5] DEBUG org.asynchttpclient.netty.handler.HttpHandler - 

Request DefaultFullHttpRequest(decodeResult: success, version: HTTP/1.1, content: EmptyByteBufBE)
GET /session/ac946bb5cfbf70a8336890deb32b3cba/alert/text HTTP/1.1
User-Agent: selenium/4.8.1 (java windows)
Cache-Control: no-cache
Content-Type: application/json; charset=utf-8
host: localhost:2316
accept: */*

Response DefaultHttpResponse(decodeResult: success, version: HTTP/1.1)
HTTP/1.1 404 Not Found
Content-Length: 807
Content-Type: application/json; charset=utf-8
cache-control: no-cache

14:08:56.035 [AsyncHttpClient-1-5] DEBUG org.asynchttpclient.netty.channel.ChannelManager - Adding key: http://localhost:2316 for channel [id: 0x95bb4159, L:/127.0.0.1:14149 - R:localhost/127.0.0.1:2316]
14:08:56.040 [Forwarding getCurrentUrl on session ac946bb5cfbf70a8336890deb32b3cba to remote] DEBUG org.asynchttpclient.netty.request.NettyRequestSender - Using pooled Channel '[id: 0x95bb4159, L:/127.0.0.1:14149 - R:localhost/127.0.0.1:2316]' for 'GET' to 'http://localhost:2316/session/ac946bb5cfbf70a8336890deb32b3cba/url'
14:08:56.040 [Forwarding getCurrentUrl on session ac946bb5cfbf70a8336890deb32b3cba to remote] DEBUG org.asynchttpclient.netty.request.NettyRequestSender - Using open Channel [id: 0x95bb4159, L:/127.0.0.1:14149 - R:localhost/127.0.0.1:2316] for GET '/session/ac946bb5cfbf70a8336890deb32b3cba/url'
14:08:56.049 [AsyncHttpClient-1-5] DEBUG org.asynchttpclient.netty.handler.HttpHandler - 

Request DefaultFullHttpRequest(decodeResult: success, version: HTTP/1.1, content: EmptyByteBufBE)
GET /session/ac946bb5cfbf70a8336890deb32b3cba/url HTTP/1.1
User-Agent: selenium/4.8.1 (java windows)
Cache-Control: no-cache
Content-Type: application/json; charset=utf-8
host: localhost:2316
accept: */*

Response DefaultHttpResponse(decodeResult: success, version: HTTP/1.1)
HTTP/1.1 200 OK
Content-Length: 64
Content-Type: application/json; charset=utf-8
cache-control: no-cache

14:08:56.049 [AsyncHttpClient-1-5] DEBUG org.asynchttpclient.netty.channel.ChannelManager - Adding key: http://localhost:2316 for channel [id: 0x95bb4159, L:/127.0.0.1:14149 - R:localhost/127.0.0.1:2316]
14:08:56.051 [Forwarding screenshot on session ac946bb5cfbf70a8336890deb32b3cba to remote] DEBUG org.asynchttpclient.netty.request.NettyRequestSender - Using pooled Channel '[id: 0x95bb4159, L:/127.0.0.1:14149 - R:localhost/127.0.0.1:2316]' for 'GET' to 'http://localhost:2316/session/ac946bb5cfbf70a8336890deb32b3cba/screenshot'
14:08:56.052 [Forwarding screenshot on session ac946bb5cfbf70a8336890deb32b3cba to remote] DEBUG org.asynchttpclient.netty.request.NettyRequestSender - Using open Channel [id: 0x95bb4159, L:/127.0.0.1:14149 - R:localhost/127.0.0.1:2316] for GET '/session/ac946bb5cfbf70a8336890deb32b3cba/screenshot'
14:08:56.178 [AsyncHttpClient-1-5] DEBUG org.asynchttpclient.netty.handler.HttpHandler - 

Request DefaultFullHttpRequest(decodeResult: success, version: HTTP/1.1, content: EmptyByteBufBE)
GET /session/ac946bb5cfbf70a8336890deb32b3cba/screenshot HTTP/1.1
User-Agent: selenium/4.8.1 (java windows)
Cache-Control: no-cache
Content-Type: application/json; charset=utf-8
host: localhost:2316
accept: */*

Response DefaultHttpResponse(decodeResult: success, version: HTTP/1.1)
HTTP/1.1 200 OK
Content-Length: 126836
Content-Type: application/json; charset=utf-8
cache-control: no-cache

14:08:56.180 [AsyncHttpClient-1-5] DEBUG org.asynchttpclient.netty.channel.ChannelManager - Adding key: http://localhost:2316 for channel [id: 0x95bb4159, L:/127.0.0.1:14149 - R:localhost/127.0.0.1:2316]
14:08:56.189 [main] DEBUG net.serenitybdd.core.photography.Darkroom - Send negative for processing for target\site\serenity\b6345a1d6e9f2ec67aae42d8203198a6c68df04ea1c5f4d2425c48462b4cd2c0.png
14:08:56.189 [main] DEBUG net.thucydides.core.steps.StepInterceptor - STEP DONE: inputEmailll
  &amp#27;[32mWhen &amp#27;[0m&amp#27;[32mI inputtt emaill&amp#27;[0m                                             &amp#27;[90m# Starter.Stepdefitions.CustomerDataSteps.inputEmailll()&amp#27;[0m
14:08:56.199 [AsyncHttpClient-1-1] DEBUG org.asynchttpclient.netty.channel.DefaultChannelPool - Entry count for : http://localhost:2316 : 1
14:08:56.199 [AsyncHttpClient-1-1] DEBUG org.asynchttpclient.netty.channel.DefaultChannelPool - Entry count for : http://localhost:14150 : 1
14:08:56.211 [Forwarding getPageSource on session ac946bb5cfbf70a8336890deb32b3cba to remote] DEBUG org.asynchttpclient.netty.request.NettyRequestSender - Using pooled Channel '[id: 0x95bb4159, L:/127.0.0.1:14149 - R:localhost/127.0.0.1:2316]' for 'POST' to 'http://localhost:2316/session/ac946bb5cfbf70a8336890deb32b3cba/execute/sync'
14:08:56.212 [Forwarding getPageSource on session ac946bb5cfbf70a8336890deb32b3cba to remote] DEBUG org.asynchttpclient.netty.request.NettyRequestSender - Using open Channel [id: 0x95bb4159, L:/127.0.0.1:14149 - R:localhost/127.0.0.1:2316] for POST '/session/ac946bb5cfbf70a8336890deb32b3cba/execute/sync'
14:08:56.219 [AsyncHttpClient-1-5] DEBUG org.asynchttpclient.netty.handler.HttpHandler - 

Request DefaultHttpRequest(decodeResult: success, version: HTTP/1.1)
POST /session/ac946bb5cfbf70a8336890deb32b3cba/execute/sync HTTP/1.1
User-Agent: selenium/4.8.1 (java windows)
Content-Length: 176
Content-Type: application/json; charset=utf-8
host: localhost:2316
accept: */*

Response DefaultHttpResponse(decodeResult: success, version: HTTP/1.1)
HTTP/1.1 200 OK
Content-Length: 6025
Content-Type: application/json; charset=utf-8
cache-control: no-cache

14:08:56.219 [AsyncHttpClient-1-5] DEBUG org.asynchttpclient.netty.channel.ChannelManager - Adding key: http://localhost:2316 for channel [id: 0x95bb4159, L:/127.0.0.1:14149 - R:localhost/127.0.0.1:2316]
14:08:56.224 [Forwarding getCurrentUrl on session ac946bb5cfbf70a8336890deb32b3cba to remote] DEBUG org.asynchttpclient.netty.request.NettyRequestSender - Using pooled Channel '[id: 0x95bb4159, L:/127.0.0.1:14149 - R:localhost/127.0.0.1:2316]' for 'GET' to 'http://localhost:2316/session/ac946bb5cfbf70a8336890deb32b3cba/url'
14:08:56.224 [Forwarding getCurrentUrl on session ac946bb5cfbf70a8336890deb32b3cba to remote] DEBUG org.asynchttpclient.netty.request.NettyRequestSender - Using open Channel [id: 0x95bb4159, L:/127.0.0.1:14149 - R:localhost/127.0.0.1:2316] for GET '/session/ac946bb5cfbf70a8336890deb32b3cba/url'
14:08:56.230 [AsyncHttpClient-1-5] DEBUG org.asynchttpclient.netty.handler.HttpHandler - 

Request DefaultFullHttpRequest(decodeResult: success, version: HTTP/1.1, content: EmptyByteBufBE)
GET /session/ac946bb5cfbf70a8336890deb32b3cba/url HTTP/1.1
User-Agent: selenium/4.8.1 (java windows)
Cache-Control: no-cache
Content-Type: application/json; charset=utf-8
host: localhost:2316
accept: */*

Response DefaultHttpResponse(decodeResult: success, version: HTTP/1.1)
HTTP/1.1 200 OK
Content-Length: 64
Content-Type: application/json; charset=utf-8
cache-control: no-cache

14:08:56.230 [AsyncHttpClient-1-5] DEBUG org.asynchttpclient.netty.channel.ChannelManager - Adding key: http://localhost:2316 for channel [id: 0x95bb4159, L:/127.0.0.1:14149 - R:localhost/127.0.0.1:2316]
14:08:56.251 [Forwarding getAlertText on session ac946bb5cfbf70a8336890deb32b3cba to remote] DEBUG org.asynchttpclient.netty.request.NettyRequestSender - Using pooled Channel '[id: 0x95bb4159, L:/127.0.0.1:14149 - R:localhost/127.0.0.1:2316]' for 'GET' to 'http://localhost:2316/session/ac946bb5cfbf70a8336890deb32b3cba/alert/text'
14:08:56.251 [Forwarding getAlertText on session ac946bb5cfbf70a8336890deb32b3cba to remote] DEBUG org.asynchttpclient.netty.request.NettyRequestSender - Using open Channel [id: 0x95bb4159, L:/127.0.0.1:14149 - R:localhost/127.0.0.1:2316] for GET '/session/ac946bb5cfbf70a8336890deb32b3cba/alert/text'
14:08:56.253 [AsyncHttpClient-1-5] DEBUG org.asynchttpclient.netty.handler.HttpHandler - 

Request DefaultFullHttpRequest(decodeResult: success, version: HTTP/1.1, content: EmptyByteBufBE)
GET /session/ac946bb5cfbf70a8336890deb32b3cba/alert/text HTTP/1.1
User-Agent: selenium/4.8.1 (java windows)
Cache-Control: no-cache
Content-Type: application/json; charset=utf-8
host: localhost:2316
accept: */*

Response DefaultHttpResponse(decodeResult: success, version: HTTP/1.1)
HTTP/1.1 404 Not Found
Content-Length: 807
Content-Type: application/json; charset=utf-8
cache-control: no-cache

14:08:56.253 [AsyncHttpClient-1-5] DEBUG org.asynchttpclient.netty.channel.ChannelManager - Adding key: http://localhost:2316 for channel [id: 0x95bb4159, L:/127.0.0.1:14149 - R:localhost/127.0.0.1:2316]
14:08:56.256 [Forwarding getCurrentUrl on session ac946bb5cfbf70a8336890deb32b3cba to remote] DEBUG org.asynchttpclient.netty.request.NettyRequestSender - Using pooled Channel '[id: 0x95bb4159, L:/127.0.0.1:14149 - R:localhost/127.0.0.1:2316]' for 'GET' to 'http://localhost:2316/session/ac946bb5cfbf70a8336890deb32b3cba/url'
14:08:56.256 [Forwarding getCurrentUrl on session ac946bb5cfbf70a8336890deb32b3cba to remote] DEBUG org.asynchttpclient.netty.request.NettyRequestSender - Using open Channel [id: 0x95bb4159, L:/127.0.0.1:14149 - R:localhost/127.0.0.1:2316] for GET '/session/ac946bb5cfbf70a8336890deb32b3cba/url'
14:08:56.261 [AsyncHttpClient-1-5] DEBUG org.asynchttpclient.netty.handler.HttpHandler - 

Request DefaultFullHttpRequest(decodeResult: success, version: HTTP/1.1, content: EmptyByteBufBE)
GET /session/ac946bb5cfbf70a8336890deb32b3cba/url HTTP/1.1
User-Agent: selenium/4.8.1 (java windows)
Cache-Control: no-cache
Content-Type: application/json; charset=utf-8
host: localhost:2316
accept: */*

Response DefaultHttpResponse(decodeResult: success, version: HTTP/1.1)
HTTP/1.1 200 OK
Content-Length: 64
Content-Type: application/json; charset=utf-8
cache-control: no-cache

14:08:56.261 [AsyncHttpClient-1-5] DEBUG org.asynchttpclient.netty.channel.ChannelManager - Adding key: http://localhost:2316 for channel [id: 0x95bb4159, L:/127.0.0.1:14149 - R:localhost/127.0.0.1:2316]
14:08:56.263 [Forwarding screenshot on session ac946bb5cfbf70a8336890deb32b3cba to remote] DEBUG org.asynchttpclient.netty.request.NettyRequestSender - Using pooled Channel '[id: 0x95bb4159, L:/127.0.0.1:14149 - R:localhost/127.0.0.1:2316]' for 'GET' to 'http://localhost:2316/session/ac946bb5cfbf70a8336890deb32b3cba/screenshot'
14:08:56.264 [Forwarding screenshot on session ac946bb5cfbf70a8336890deb32b3cba to remote] DEBUG org.asynchttpclient.netty.request.NettyRequestSender - Using open Channel [id: 0x95bb4159, L:/127.0.0.1:14149 - R:localhost/127.0.0.1:2316] for GET '/session/ac946bb5cfbf70a8336890deb32b3cba/screenshot'
14:08:56.362 [AsyncHttpClient-1-5] DEBUG org.asynchttpclient.netty.handler.HttpHandler - 

Request DefaultFullHttpRequest(decodeResult: success, version: HTTP/1.1, content: EmptyByteBufBE)
GET /session/ac946bb5cfbf70a8336890deb32b3cba/screenshot HTTP/1.1
User-Agent: selenium/4.8.1 (java windows)
Cache-Control: no-cache
Content-Type: application/json; charset=utf-8
host: localhost:2316
accept: */*

Response DefaultHttpResponse(decodeResult: success, version: HTTP/1.1)
HTTP/1.1 200 OK
Content-Length: 126836
Content-Type: application/json; charset=utf-8
cache-control: no-cache

14:08:56.364 [AsyncHttpClient-1-5] DEBUG org.asynchttpclient.netty.channel.ChannelManager - Adding key: http://localhost:2316 for channel [id: 0x95bb4159, L:/127.0.0.1:14149 - R:localhost/127.0.0.1:2316]
14:08:56.372 [main] DEBUG net.serenitybdd.core.photography.Darkroom - Send negative for processing for target\site\serenity\b6345a1d6e9f2ec67aae42d8203198a6c68df04ea1c5f4d2425c48462b4cd2c0.png
14:08:56.375 [Forwarding getPageSource on session ac946bb5cfbf70a8336890deb32b3cba to remote] DEBUG org.asynchttpclient.netty.request.NettyRequestSender - Using pooled Channel '[id: 0x95bb4159, L:/127.0.0.1:14149 - R:localhost/127.0.0.1:2316]' for 'POST' to 'http://localhost:2316/session/ac946bb5cfbf70a8336890deb32b3cba/execute/sync'
14:08:56.375 [Forwarding getPageSource on session ac946bb5cfbf70a8336890deb32b3cba to remote] DEBUG org.asynchttpclient.netty.request.NettyRequestSender - Using open Channel [id: 0x95bb4159, L:/127.0.0.1:14149 - R:localhost/127.0.0.1:2316] for POST '/session/ac946bb5cfbf70a8336890deb32b3cba/execute/sync'
14:08:56.381 [AsyncHttpClient-1-5] DEBUG org.asynchttpclient.netty.handler.HttpHandler - 

Request DefaultHttpRequest(decodeResult: success, version: HTTP/1.1)
POST /session/ac946bb5cfbf70a8336890deb32b3cba/execute/sync HTTP/1.1
User-Agent: selenium/4.8.1 (java windows)
Content-Length: 176
Content-Type: application/json; charset=utf-8
host: localhost:2316
accept: */*

Response DefaultHttpResponse(decodeResult: success, version: HTTP/1.1)
HTTP/1.1 200 OK
Content-Length: 6025
Content-Type: application/json; charset=utf-8
cache-control: no-cache

14:08:56.382 [AsyncHttpClient-1-5] DEBUG org.asynchttpclient.netty.channel.ChannelManager - Adding key: http://localhost:2316 for channel [id: 0x95bb4159, L:/127.0.0.1:14149 - R:localhost/127.0.0.1:2316]
14:08:56.385 [Forwarding getCurrentUrl on session ac946bb5cfbf70a8336890deb32b3cba to remote] DEBUG org.asynchttpclient.netty.request.NettyRequestSender - Using pooled Channel '[id: 0x95bb4159, L:/127.0.0.1:14149 - R:localhost/127.0.0.1:2316]' for 'GET' to 'http://localhost:2316/session/ac946bb5cfbf70a8336890deb32b3cba/url'
14:08:56.385 [Forwarding getCurrentUrl on session ac946bb5cfbf70a8336890deb32b3cba to remote] DEBUG org.asynchttpclient.netty.request.NettyRequestSender - Using open Channel [id: 0x95bb4159, L:/127.0.0.1:14149 - R:localhost/127.0.0.1:2316] for GET '/session/ac946bb5cfbf70a8336890deb32b3cba/url'
14:08:56.390 [AsyncHttpClient-1-5] DEBUG org.asynchttpclient.netty.handler.HttpHandler - 

Request DefaultFullHttpRequest(decodeResult: success, version: HTTP/1.1, content: EmptyByteBufBE)
GET /session/ac946bb5cfbf70a8336890deb32b3cba/url HTTP/1.1
User-Agent: selenium/4.8.1 (java windows)
Cache-Control: no-cache
Content-Type: application/json; charset=utf-8
host: localhost:2316
accept: */*

Response DefaultHttpResponse(decodeResult: success, version: HTTP/1.1)
HTTP/1.1 200 OK
Content-Length: 64
Content-Type: application/json; charset=utf-8
cache-control: no-cache

14:08:56.391 [AsyncHttpClient-1-5] DEBUG org.asynchttpclient.netty.channel.ChannelManager - Adding key: http://localhost:2316 for channel [id: 0x95bb4159, L:/127.0.0.1:14149 - R:localhost/127.0.0.1:2316]
14:08:56.394 [main] DEBUG net.thucydides.core.steps.StepInterceptor - STARTING STEP: CustomerDataSteps.inputPassworddd - inputPassworddd
14:08:56.400 [Forwarding findElement on session ac946bb5cfbf70a8336890deb32b3cba to remote] DEBUG org.asynchttpclient.netty.request.NettyRequestSender - Using pooled Channel '[id: 0x95bb4159, L:/127.0.0.1:14149 - R:localhost/127.0.0.1:2316]' for 'POST' to 'http://localhost:2316/session/ac946bb5cfbf70a8336890deb32b3cba/element'
14:08:56.400 [Forwarding findElement on session ac946bb5cfbf70a8336890deb32b3cba to remote] DEBUG org.asynchttpclient.netty.request.NettyRequestSender - Using open Channel [id: 0x95bb4159, L:/127.0.0.1:14149 - R:localhost/127.0.0.1:2316] for POST '/session/ac946bb5cfbf70a8336890deb32b3cba/element'
14:08:56.545 [AsyncHttpClient-1-5] DEBUG org.asynchttpclient.netty.handler.HttpHandler - 

Request DefaultHttpRequest(decodeResult: success, version: HTTP/1.1)
POST /session/ac946bb5cfbf70a8336890deb32b3cba/element HTTP/1.1
User-Agent: selenium/4.8.1 (java windows)
Content-Length: 70
Content-Type: application/json; charset=utf-8
host: localhost:2316
accept: */*

Response DefaultHttpResponse(decodeResult: success, version: HTTP/1.1)
HTTP/1.1 200 OK
Content-Length: 95
Content-Type: application/json; charset=utf-8
cache-control: no-cache

14:08:56.545 [AsyncHttpClient-1-5] DEBUG org.asynchttpclient.netty.channel.ChannelManager - Adding key: http://localhost:2316 for channel [id: 0x95bb4159, L:/127.0.0.1:14149 - R:localhost/127.0.0.1:2316]
14:08:56.547 [Forwarding clearElement on session ac946bb5cfbf70a8336890deb32b3cba to remote] DEBUG org.asynchttpclient.netty.request.NettyRequestSender - Using pooled Channel '[id: 0x95bb4159, L:/127.0.0.1:14149 - R:localhost/127.0.0.1:2316]' for 'POST' to 'http://localhost:2316/session/ac946bb5cfbf70a8336890deb32b3cba/element/133CD6A93037E32EC93B16517264A451_element_12/clear'
14:08:56.547 [Forwarding clearElement on session ac946bb5cfbf70a8336890deb32b3cba to remote] DEBUG org.asynchttpclient.netty.request.NettyRequestSender - Using open Channel [id: 0x95bb4159, L:/127.0.0.1:14149 - R:localhost/127.0.0.1:2316] for POST '/session/ac946bb5cfbf70a8336890deb32b3cba/element/133CD6A93037E32EC93B16517264A451_element_12/clear'
14:08:56.581 [AsyncHttpClient-1-5] DEBUG org.asynchttpclient.netty.handler.HttpHandler - 

Request DefaultHttpRequest(decodeResult: success, version: HTTP/1.1)
POST /session/ac946bb5cfbf70a8336890deb32b3cba/element/133CD6A93037E32EC93B16517264A451_element_12/clear HTTP/1.1
User-Agent: selenium/4.8.1 (java windows)
Content-Length: 57
Content-Type: application/json; charset=utf-8
host: localhost:2316
accept: */*

Response DefaultHttpResponse(decodeResult: success, version: HTTP/1.1)
HTTP/1.1 200 OK
Content-Length: 14
Content-Type: application/json; charset=utf-8
cache-control: no-cache

14:08:56.582 [AsyncHttpClient-1-5] DEBUG org.asynchttpclient.netty.channel.ChannelManager - Adding key: http://localhost:2316 for channel [id: 0x95bb4159, L:/127.0.0.1:14149 - R:localhost/127.0.0.1:2316]
14:08:56.585 [Forwarding sendKeysToElement on session ac946bb5cfbf70a8336890deb32b3cba to remote] DEBUG org.asynchttpclient.netty.request.NettyRequestSender - Using pooled Channel '[id: 0x95bb4159, L:/127.0.0.1:14149 - R:localhost/127.0.0.1:2316]' for 'POST' to 'http://localhost:2316/session/ac946bb5cfbf70a8336890deb32b3cba/element/133CD6A93037E32EC93B16517264A451_element_12/value'
14:08:56.585 [Forwarding sendKeysToElement on session ac946bb5cfbf70a8336890deb32b3cba to remote] DEBUG org.asynchttpclient.netty.request.NettyRequestSender - Using open Channel [id: 0x95bb4159, L:/127.0.0.1:14149 - R:localhost/127.0.0.1:2316] for POST '/session/ac946bb5cfbf70a8336890deb32b3cba/element/133CD6A93037E32EC93B16517264A451_element_12/value'
14:08:56.810 [AsyncHttpClient-1-5] DEBUG org.asynchttpclient.netty.handler.HttpHandler - 

Request DefaultHttpRequest(decodeResult: success, version: HTTP/1.1)
POST /session/ac946bb5cfbf70a8336890deb32b3cba/element/133CD6A93037E32EC93B16517264A451_element_12/value HTTP/1.1
User-Agent: selenium/4.8.1 (java windows)
Content-Length: 198
Content-Type: application/json; charset=utf-8
host: localhost:2316
accept: */*

Response DefaultHttpResponse(decodeResult: success, version: HTTP/1.1)
HTTP/1.1 200 OK
Content-Length: 14
Content-Type: application/json; charset=utf-8
cache-control: no-cache

14:08:56.810 [AsyncHttpClient-1-5] DEBUG org.asynchttpclient.netty.channel.ChannelManager - Adding key: http://localhost:2316 for channel [id: 0x95bb4159, L:/127.0.0.1:14149 - R:localhost/127.0.0.1:2316]
14:08:56.827 [Forwarding getAlertText on session ac946bb5cfbf70a8336890deb32b3cba to remote] DEBUG org.asynchttpclient.netty.request.NettyRequestSender - Using pooled Channel '[id: 0x95bb4159, L:/127.0.0.1:14149 - R:localhost/127.0.0.1:2316]' for 'GET' to 'http://localhost:2316/session/ac946bb5cfbf70a8336890deb32b3cba/alert/text'
14:08:56.828 [Forwarding getAlertText on session ac946bb5cfbf70a8336890deb32b3cba to remote] DEBUG org.asynchttpclient.netty.request.NettyRequestSender - Using open Channel [id: 0x95bb4159, L:/127.0.0.1:14149 - R:localhost/127.0.0.1:2316] for GET '/session/ac946bb5cfbf70a8336890deb32b3cba/alert/text'
14:08:56.829 [AsyncHttpClient-1-5] DEBUG org.asynchttpclient.netty.handler.HttpHandler - 

Request DefaultFullHttpRequest(decodeResult: success, version: HTTP/1.1, content: EmptyByteBufBE)
GET /session/ac946bb5cfbf70a8336890deb32b3cba/alert/text HTTP/1.1
User-Agent: selenium/4.8.1 (java windows)
Cache-Control: no-cache
Content-Type: application/json; charset=utf-8
host: localhost:2316
accept: */*

Response DefaultHttpResponse(decodeResult: success, version: HTTP/1.1)
HTTP/1.1 404 Not Found
Content-Length: 807
Content-Type: application/json; charset=utf-8
cache-control: no-cache

14:08:56.830 [AsyncHttpClient-1-5] DEBUG org.asynchttpclient.netty.channel.ChannelManager - Adding key: http://localhost:2316 for channel [id: 0x95bb4159, L:/127.0.0.1:14149 - R:localhost/127.0.0.1:2316]
14:08:56.832 [Forwarding getCurrentUrl on session ac946bb5cfbf70a8336890deb32b3cba to remote] DEBUG org.asynchttpclient.netty.request.NettyRequestSender - Using pooled Channel '[id: 0x95bb4159, L:/127.0.0.1:14149 - R:localhost/127.0.0.1:2316]' for 'GET' to 'http://localhost:2316/session/ac946bb5cfbf70a8336890deb32b3cba/url'
14:08:56.832 [Forwarding getCurrentUrl on session ac946bb5cfbf70a8336890deb32b3cba to remote] DEBUG org.asynchttpclient.netty.request.NettyRequestSender - Using open Channel [id: 0x95bb4159, L:/127.0.0.1:14149 - R:localhost/127.0.0.1:2316] for GET '/session/ac946bb5cfbf70a8336890deb32b3cba/url'
14:08:56.837 [AsyncHttpClient-1-5] DEBUG org.asynchttpclient.netty.handler.HttpHandler - 

Request DefaultFullHttpRequest(decodeResult: success, version: HTTP/1.1, content: EmptyByteBufBE)
GET /session/ac946bb5cfbf70a8336890deb32b3cba/url HTTP/1.1
User-Agent: selenium/4.8.1 (java windows)
Cache-Control: no-cache
Content-Type: application/json; charset=utf-8
host: localhost:2316
accept: */*

Response DefaultHttpResponse(decodeResult: success, version: HTTP/1.1)
HTTP/1.1 200 OK
Content-Length: 64
Content-Type: application/json; charset=utf-8
cache-control: no-cache

14:08:56.837 [AsyncHttpClient-1-5] DEBUG org.asynchttpclient.netty.channel.ChannelManager - Adding key: http://localhost:2316 for channel [id: 0x95bb4159, L:/127.0.0.1:14149 - R:localhost/127.0.0.1:2316]
14:08:56.840 [Forwarding screenshot on session ac946bb5cfbf70a8336890deb32b3cba to remote] DEBUG org.asynchttpclient.netty.request.NettyRequestSender - Using pooled Channel '[id: 0x95bb4159, L:/127.0.0.1:14149 - R:localhost/127.0.0.1:2316]' for 'GET' to 'http://localhost:2316/session/ac946bb5cfbf70a8336890deb32b3cba/screenshot'
14:08:56.841 [Forwarding screenshot on session ac946bb5cfbf70a8336890deb32b3cba to remote] DEBUG org.asynchttpclient.netty.request.NettyRequestSender - Using open Channel [id: 0x95bb4159, L:/127.0.0.1:14149 - R:localhost/127.0.0.1:2316] for GET '/session/ac946bb5cfbf70a8336890deb32b3cba/screenshot'
14:08:57.058 [AsyncHttpClient-1-5] DEBUG org.asynchttpclient.netty.handler.HttpHandler - 

Request DefaultFullHttpRequest(decodeResult: success, version: HTTP/1.1, content: EmptyByteBufBE)
GET /session/ac946bb5cfbf70a8336890deb32b3cba/screenshot HTTP/1.1
User-Agent: selenium/4.8.1 (java windows)
Cache-Control: no-cache
Content-Type: application/json; charset=utf-8
host: localhost:2316
accept: */*

Response DefaultHttpResponse(decodeResult: success, version: HTTP/1.1)
HTTP/1.1 200 OK
Content-Length: 124768
Content-Type: application/json; charset=utf-8
cache-control: no-cache

14:08:57.059 [AsyncHttpClient-1-5] DEBUG org.asynchttpclient.netty.channel.ChannelManager - Adding key: http://localhost:2316 for channel [id: 0x95bb4159, L:/127.0.0.1:14149 - R:localhost/127.0.0.1:2316]
14:08:57.067 [main] DEBUG net.serenitybdd.core.photography.Darkroom - Send negative for processing for target\site\serenity\a482bc7bd961aca5e94723349c45a43c2640dfe964600ce63e970df6c5797a73.png
14:08:57.068 [main] DEBUG net.thucydides.core.steps.StepInterceptor - STEP DONE: inputPassworddd
  &amp#27;[32mAnd &amp#27;[0m&amp#27;[32mI input passworddd&amp#27;[0m                                            &amp#27;[90m# Starter.Stepdefitions.CustomerDataSteps.inputPassworddd()&amp#27;[0m
14:08:57.087 [Forwarding getPageSource on session ac946bb5cfbf70a8336890deb32b3cba to remote] DEBUG org.asynchttpclient.netty.request.NettyRequestSender - Using pooled Channel '[id: 0x95bb4159, L:/127.0.0.1:14149 - R:localhost/127.0.0.1:2316]' for 'POST' to 'http://localhost:2316/session/ac946bb5cfbf70a8336890deb32b3cba/execute/sync'
14:08:57.087 [Forwarding getPageSource on session ac946bb5cfbf70a8336890deb32b3cba to remote] DEBUG org.asynchttpclient.netty.request.NettyRequestSender - Using open Channel [id: 0x95bb4159, L:/127.0.0.1:14149 - R:localhost/127.0.0.1:2316] for POST '/session/ac946bb5cfbf70a8336890deb32b3cba/execute/sync'
14:08:57.093 [AsyncHttpClient-1-5] DEBUG org.asynchttpclient.netty.handler.HttpHandler - 

Request DefaultHttpRequest(decodeResult: success, version: HTTP/1.1)
POST /session/ac946bb5cfbf70a8336890deb32b3cba/execute/sync HTTP/1.1
User-Agent: selenium/4.8.1 (java windows)
Content-Length: 176
Content-Type: application/json; charset=utf-8
host: localhost:2316
accept: */*

Response DefaultHttpResponse(decodeResult: success, version: HTTP/1.1)
HTTP/1.1 200 OK
Content-Length: 6036
Content-Type: application/json; charset=utf-8
cache-control: no-cache

14:08:57.094 [AsyncHttpClient-1-5] DEBUG org.asynchttpclient.netty.channel.ChannelManager - Adding key: http://localhost:2316 for channel [id: 0x95bb4159, L:/127.0.0.1:14149 - R:localhost/127.0.0.1:2316]
14:08:57.098 [Forwarding getCurrentUrl on session ac946bb5cfbf70a8336890deb32b3cba to remote] DEBUG org.asynchttpclient.netty.request.NettyRequestSender - Using pooled Channel '[id: 0x95bb4159, L:/127.0.0.1:14149 - R:localhost/127.0.0.1:2316]' for 'GET' to 'http://localhost:2316/session/ac946bb5cfbf70a8336890deb32b3cba/url'
14:08:57.098 [Forwarding getCurrentUrl on session ac946bb5cfbf70a8336890deb32b3cba to remote] DEBUG org.asynchttpclient.netty.request.NettyRequestSender - Using open Channel [id: 0x95bb4159, L:/127.0.0.1:14149 - R:localhost/127.0.0.1:2316] for GET '/session/ac946bb5cfbf70a8336890deb32b3cba/url'
14:08:57.103 [AsyncHttpClient-1-5] DEBUG org.asynchttpclient.netty.handler.HttpHandler - 

Request DefaultFullHttpRequest(decodeResult: success, version: HTTP/1.1, content: EmptyByteBufBE)
GET /session/ac946bb5cfbf70a8336890deb32b3cba/url HTTP/1.1
User-Agent: selenium/4.8.1 (java windows)
Cache-Control: no-cache
Content-Type: application/json; charset=utf-8
host: localhost:2316
accept: */*

Response DefaultHttpResponse(decodeResult: success, version: HTTP/1.1)
HTTP/1.1 200 OK
Content-Length: 64
Content-Type: application/json; charset=utf-8
cache-control: no-cache

14:08:57.103 [AsyncHttpClient-1-5] DEBUG org.asynchttpclient.netty.channel.ChannelManager - Adding key: http://localhost:2316 for channel [id: 0x95bb4159, L:/127.0.0.1:14149 - R:localhost/127.0.0.1:2316]
14:08:57.129 [Forwarding getAlertText on session ac946bb5cfbf70a8336890deb32b3cba to remote] DEBUG org.asynchttpclient.netty.request.NettyRequestSender - Using pooled Channel '[id: 0x95bb4159, L:/127.0.0.1:14149 - R:localhost/127.0.0.1:2316]' for 'GET' to 'http://localhost:2316/session/ac946bb5cfbf70a8336890deb32b3cba/alert/text'
14:08:57.129 [Forwarding getAlertText on session ac946bb5cfbf70a8336890deb32b3cba to remote] DEBUG org.asynchttpclient.netty.request.NettyRequestSender - Using open Channel [id: 0x95bb4159, L:/127.0.0.1:14149 - R:localhost/127.0.0.1:2316] for GET '/session/ac946bb5cfbf70a8336890deb32b3cba/alert/text'
14:08:57.131 [AsyncHttpClient-1-5] DEBUG org.asynchttpclient.netty.handler.HttpHandler - 

Request DefaultFullHttpRequest(decodeResult: success, version: HTTP/1.1, content: EmptyByteBufBE)
GET /session/ac946bb5cfbf70a8336890deb32b3cba/alert/text HTTP/1.1
User-Agent: selenium/4.8.1 (java windows)
Cache-Control: no-cache
Content-Type: application/json; charset=utf-8
host: localhost:2316
accept: */*

Response DefaultHttpResponse(decodeResult: success, version: HTTP/1.1)
HTTP/1.1 404 Not Found
Content-Length: 807
Content-Type: application/json; charset=utf-8
cache-control: no-cache

14:08:57.131 [AsyncHttpClient-1-5] DEBUG org.asynchttpclient.netty.channel.ChannelManager - Adding key: http://localhost:2316 for channel [id: 0x95bb4159, L:/127.0.0.1:14149 - R:localhost/127.0.0.1:2316]
14:08:57.134 [Forwarding getCurrentUrl on session ac946bb5cfbf70a8336890deb32b3cba to remote] DEBUG org.asynchttpclient.netty.request.NettyRequestSender - Using pooled Channel '[id: 0x95bb4159, L:/127.0.0.1:14149 - R:localhost/127.0.0.1:2316]' for 'GET' to 'http://localhost:2316/session/ac946bb5cfbf70a8336890deb32b3cba/url'
14:08:57.134 [Forwarding getCurrentUrl on session ac946bb5cfbf70a8336890deb32b3cba to remote] DEBUG org.asynchttpclient.netty.request.NettyRequestSender - Using open Channel [id: 0x95bb4159, L:/127.0.0.1:14149 - R:localhost/127.0.0.1:2316] for GET '/session/ac946bb5cfbf70a8336890deb32b3cba/url'
14:08:57.138 [AsyncHttpClient-1-5] DEBUG org.asynchttpclient.netty.handler.HttpHandler - 

Request DefaultFullHttpRequest(decodeResult: success, version: HTTP/1.1, content: EmptyByteBufBE)
GET /session/ac946bb5cfbf70a8336890deb32b3cba/url HTTP/1.1
User-Agent: selenium/4.8.1 (java windows)
Cache-Control: no-cache
Content-Type: application/json; charset=utf-8
host: localhost:2316
accept: */*

Response DefaultHttpResponse(decodeResult: success, version: HTTP/1.1)
HTTP/1.1 200 OK
Content-Length: 64
Content-Type: application/json; charset=utf-8
cache-control: no-cache

14:08:57.139 [AsyncHttpClient-1-5] DEBUG org.asynchttpclient.netty.channel.ChannelManager - Adding key: http://localhost:2316 for channel [id: 0x95bb4159, L:/127.0.0.1:14149 - R:localhost/127.0.0.1:2316]
14:08:57.140 [Forwarding screenshot on session ac946bb5cfbf70a8336890deb32b3cba to remote] DEBUG org.asynchttpclient.netty.request.NettyRequestSender - Using pooled Channel '[id: 0x95bb4159, L:/127.0.0.1:14149 - R:localhost/127.0.0.1:2316]' for 'GET' to 'http://localhost:2316/session/ac946bb5cfbf70a8336890deb32b3cba/screenshot'
14:08:57.140 [Forwarding screenshot on session ac946bb5cfbf70a8336890deb32b3cba to remote] DEBUG org.asynchttpclient.netty.request.NettyRequestSender - Using open Channel [id: 0x95bb4159, L:/127.0.0.1:14149 - R:localhost/127.0.0.1:2316] for GET '/session/ac946bb5cfbf70a8336890deb32b3cba/screenshot'
14:08:57.244 [AsyncHttpClient-1-5] DEBUG org.asynchttpclient.netty.handler.HttpHandler - 

Request DefaultFullHttpRequest(decodeResult: success, version: HTTP/1.1, content: EmptyByteBufBE)
GET /session/ac946bb5cfbf70a8336890deb32b3cba/screenshot HTTP/1.1
User-Agent: selenium/4.8.1 (java windows)
Cache-Control: no-cache
Content-Type: application/json; charset=utf-8
host: localhost:2316
accept: */*

Response DefaultHttpResponse(decodeResult: success, version: HTTP/1.1)
HTTP/1.1 200 OK
Content-Length: 124768
Content-Type: application/json; charset=utf-8
cache-control: no-cache

14:08:57.246 [AsyncHttpClient-1-5] DEBUG org.asynchttpclient.netty.channel.ChannelManager - Adding key: http://localhost:2316 for channel [id: 0x95bb4159, L:/127.0.0.1:14149 - R:localhost/127.0.0.1:2316]
14:08:57.258 [main] DEBUG net.serenitybdd.core.photography.Darkroom - Send negative for processing for target\site\serenity\a482bc7bd961aca5e94723349c45a43c2640dfe964600ce63e970df6c5797a73.png
14:08:57.261 [Forwarding getPageSource on session ac946bb5cfbf70a8336890deb32b3cba to remote] DEBUG org.asynchttpclient.netty.request.NettyRequestSender - Using pooled Channel '[id: 0x95bb4159, L:/127.0.0.1:14149 - R:localhost/127.0.0.1:2316]' for 'POST' to 'http://localhost:2316/session/ac946bb5cfbf70a8336890deb32b3cba/execute/sync'
14:08:57.262 [Forwarding getPageSource on session ac946bb5cfbf70a8336890deb32b3cba to remote] DEBUG org.asynchttpclient.netty.request.NettyRequestSender - Using open Channel [id: 0x95bb4159, L:/127.0.0.1:14149 - R:localhost/127.0.0.1:2316] for POST '/session/ac946bb5cfbf70a8336890deb32b3cba/execute/sync'
14:08:57.269 [AsyncHttpClient-1-5] DEBUG org.asynchttpclient.netty.handler.HttpHandler - 

Request DefaultHttpRequest(decodeResult: success, version: HTTP/1.1)
POST /session/ac946bb5cfbf70a8336890deb32b3cba/execute/sync HTTP/1.1
User-Agent: selenium/4.8.1 (java windows)
Content-Length: 176
Content-Type: application/json; charset=utf-8
host: localhost:2316
accept: */*

Response DefaultHttpResponse(decodeResult: success, version: HTTP/1.1)
HTTP/1.1 200 OK
Content-Length: 6036
Content-Type: application/json; charset=utf-8
cache-control: no-cache

14:08:57.270 [AsyncHttpClient-1-5] DEBUG org.asynchttpclient.netty.channel.ChannelManager - Adding key: http://localhost:2316 for channel [id: 0x95bb4159, L:/127.0.0.1:14149 - R:localhost/127.0.0.1:2316]
14:08:57.273 [Forwarding getCurrentUrl on session ac946bb5cfbf70a8336890deb32b3cba to remote] DEBUG org.asynchttpclient.netty.request.NettyRequestSender - Using pooled Channel '[id: 0x95bb4159, L:/127.0.0.1:14149 - R:localhost/127.0.0.1:2316]' for 'GET' to 'http://localhost:2316/session/ac946bb5cfbf70a8336890deb32b3cba/url'
14:08:57.274 [Forwarding getCurrentUrl on session ac946bb5cfbf70a8336890deb32b3cba to remote] DEBUG org.asynchttpclient.netty.request.NettyRequestSender - Using open Channel [id: 0x95bb4159, L:/127.0.0.1:14149 - R:localhost/127.0.0.1:2316] for GET '/session/ac946bb5cfbf70a8336890deb32b3cba/url'
14:08:57.279 [AsyncHttpClient-1-5] DEBUG org.asynchttpclient.netty.handler.HttpHandler - 

Request DefaultFullHttpRequest(decodeResult: success, version: HTTP/1.1, content: EmptyByteBufBE)
GET /session/ac946bb5cfbf70a8336890deb32b3cba/url HTTP/1.1
User-Agent: selenium/4.8.1 (java windows)
Cache-Control: no-cache
Content-Type: application/json; charset=utf-8
host: localhost:2316
accept: */*

Response DefaultHttpResponse(decodeResult: success, version: HTTP/1.1)
HTTP/1.1 200 OK
Content-Length: 64
Content-Type: application/json; charset=utf-8
cache-control: no-cache

14:08:57.280 [AsyncHttpClient-1-5] DEBUG org.asynchttpclient.netty.channel.ChannelManager - Adding key: http://localhost:2316 for channel [id: 0x95bb4159, L:/127.0.0.1:14149 - R:localhost/127.0.0.1:2316]
14:08:57.283 [main] DEBUG net.thucydides.core.steps.StepInterceptor - STARTING STEP: CustomerDataSteps.clickSignInButtonnn - clickSignInButtonnn
14:08:57.291 [Forwarding findElement on session ac946bb5cfbf70a8336890deb32b3cba to remote] DEBUG org.asynchttpclient.netty.request.NettyRequestSender - Using pooled Channel '[id: 0x95bb4159, L:/127.0.0.1:14149 - R:localhost/127.0.0.1:2316]' for 'POST' to 'http://localhost:2316/session/ac946bb5cfbf70a8336890deb32b3cba/element'
14:08:57.291 [Forwarding findElement on session ac946bb5cfbf70a8336890deb32b3cba to remote] DEBUG org.asynchttpclient.netty.request.NettyRequestSender - Using open Channel [id: 0x95bb4159, L:/127.0.0.1:14149 - R:localhost/127.0.0.1:2316] for POST '/session/ac946bb5cfbf70a8336890deb32b3cba/element'
14:08:57.299 [AsyncHttpClient-1-1] DEBUG org.asynchttpclient.netty.channel.DefaultChannelPool - Entry count for : http://localhost:14150 : 1
14:08:57.309 [AsyncHttpClient-1-5] DEBUG org.asynchttpclient.netty.handler.HttpHandler - 

Request DefaultHttpRequest(decodeResult: success, version: HTTP/1.1)
POST /session/ac946bb5cfbf70a8336890deb32b3cba/element HTTP/1.1
User-Agent: selenium/4.8.1 (java windows)
Content-Length: 69
Content-Type: application/json; charset=utf-8
host: localhost:2316
accept: */*

Response DefaultHttpResponse(decodeResult: success, version: HTTP/1.1)
HTTP/1.1 200 OK
Content-Length: 95
Content-Type: application/json; charset=utf-8
cache-control: no-cache

14:08:57.309 [AsyncHttpClient-1-5] DEBUG org.asynchttpclient.netty.channel.ChannelManager - Adding key: http://localhost:2316 for channel [id: 0x95bb4159, L:/127.0.0.1:14149 - R:localhost/127.0.0.1:2316]
14:08:57.312 [Forwarding getElementTagName on session ac946bb5cfbf70a8336890deb32b3cba to remote] DEBUG org.asynchttpclient.netty.request.NettyRequestSender - Using pooled Channel '[id: 0x95bb4159, L:/127.0.0.1:14149 - R:localhost/127.0.0.1:2316]' for 'GET' to 'http://localhost:2316/session/ac946bb5cfbf70a8336890deb32b3cba/element/133CD6A93037E32EC93B16517264A451_element_16/name'
14:08:57.312 [Forwarding getElementTagName on session ac946bb5cfbf70a8336890deb32b3cba to remote] DEBUG org.asynchttpclient.netty.request.NettyRequestSender - Using open Channel [id: 0x95bb4159, L:/127.0.0.1:14149 - R:localhost/127.0.0.1:2316] for GET '/session/ac946bb5cfbf70a8336890deb32b3cba/element/133CD6A93037E32EC93B16517264A451_element_16/name'
14:08:57.318 [AsyncHttpClient-1-5] DEBUG org.asynchttpclient.netty.handler.HttpHandler - 

Request DefaultFullHttpRequest(decodeResult: success, version: HTTP/1.1, content: EmptyByteBufBE)
GET /session/ac946bb5cfbf70a8336890deb32b3cba/element/133CD6A93037E32EC93B16517264A451_element_16/name HTTP/1.1
User-Agent: selenium/4.8.1 (java windows)
Cache-Control: no-cache
Content-Type: application/json; charset=utf-8
host: localhost:2316
accept: */*

Response DefaultHttpResponse(decodeResult: success, version: HTTP/1.1)
HTTP/1.1 200 OK
Content-Length: 18
Content-Type: application/json; charset=utf-8
cache-control: no-cache

14:08:57.319 [AsyncHttpClient-1-5] DEBUG org.asynchttpclient.netty.channel.ChannelManager - Adding key: http://localhost:2316 for channel [id: 0x95bb4159, L:/127.0.0.1:14149 - R:localhost/127.0.0.1:2316]
14:08:57.321 [Forwarding getElementTagName on session ac946bb5cfbf70a8336890deb32b3cba to remote] DEBUG org.asynchttpclient.netty.request.NettyRequestSender - Using pooled Channel '[id: 0x95bb4159, L:/127.0.0.1:14149 - R:localhost/127.0.0.1:2316]' for 'GET' to 'http://localhost:2316/session/ac946bb5cfbf70a8336890deb32b3cba/element/133CD6A93037E32EC93B16517264A451_element_16/name'
14:08:57.321 [Forwarding getElementTagName on session ac946bb5cfbf70a8336890deb32b3cba to remote] DEBUG org.asynchttpclient.netty.request.NettyRequestSender - Using open Channel [id: 0x95bb4159, L:/127.0.0.1:14149 - R:localhost/127.0.0.1:2316] for GET '/session/ac946bb5cfbf70a8336890deb32b3cba/element/133CD6A93037E32EC93B16517264A451_element_16/name'
14:08:57.326 [AsyncHttpClient-1-5] DEBUG org.asynchttpclient.netty.handler.HttpHandler - 

Request DefaultFullHttpRequest(decodeResult: success, version: HTTP/1.1, content: EmptyByteBufBE)
GET /session/ac946bb5cfbf70a8336890deb32b3cba/element/133CD6A93037E32EC93B16517264A451_element_16/name HTTP/1.1
User-Agent: selenium/4.8.1 (java windows)
Cache-Control: no-cache
Content-Type: application/json; charset=utf-8
host: localhost:2316
accept: */*

Response DefaultHttpResponse(decodeResult: success, version: HTTP/1.1)
HTTP/1.1 200 OK
Content-Length: 18
Content-Type: application/json; charset=utf-8
cache-control: no-cache

14:08:57.327 [AsyncHttpClient-1-5] DEBUG org.asynchttpclient.netty.channel.ChannelManager - Adding key: http://localhost:2316 for channel [id: 0x95bb4159, L:/127.0.0.1:14149 - R:localhost/127.0.0.1:2316]
14:08:57.330 [Forwarding isElementEnabled on session ac946bb5cfbf70a8336890deb32b3cba to remote] DEBUG org.asynchttpclient.netty.request.NettyRequestSender - Using pooled Channel '[id: 0x95bb4159, L:/127.0.0.1:14149 - R:localhost/127.0.0.1:2316]' for 'GET' to 'http://localhost:2316/session/ac946bb5cfbf70a8336890deb32b3cba/element/133CD6A93037E32EC93B16517264A451_element_16/enabled'
14:08:57.331 [Forwarding isElementEnabled on session ac946bb5cfbf70a8336890deb32b3cba to remote] DEBUG org.asynchttpclient.netty.request.NettyRequestSender - Using open Channel [id: 0x95bb4159, L:/127.0.0.1:14149 - R:localhost/127.0.0.1:2316] for GET '/session/ac946bb5cfbf70a8336890deb32b3cba/element/133CD6A93037E32EC93B16517264A451_element_16/enabled'
14:08:57.340 [AsyncHttpClient-1-5] DEBUG org.asynchttpclient.netty.handler.HttpHandler - 

Request DefaultFullHttpRequest(decodeResult: success, version: HTTP/1.1, content: EmptyByteBufBE)
GET /session/ac946bb5cfbf70a8336890deb32b3cba/element/133CD6A93037E32EC93B16517264A451_element_16/enabled HTTP/1.1
User-Agent: selenium/4.8.1 (java windows)
Cache-Control: no-cache
Content-Type: application/json; charset=utf-8
host: localhost:2316
accept: */*

Response DefaultHttpResponse(decodeResult: success, version: HTTP/1.1)
HTTP/1.1 200 OK
Content-Length: 14
Content-Type: application/json; charset=utf-8
cache-control: no-cache

14:08:57.340 [AsyncHttpClient-1-5] DEBUG org.asynchttpclient.netty.channel.ChannelManager - Adding key: http://localhost:2316 for channel [id: 0x95bb4159, L:/127.0.0.1:14149 - R:localhost/127.0.0.1:2316]
14:08:57.343 [Forwarding isElementEnabled on session ac946bb5cfbf70a8336890deb32b3cba to remote] DEBUG org.asynchttpclient.netty.request.NettyRequestSender - Using pooled Channel '[id: 0x95bb4159, L:/127.0.0.1:14149 - R:localhost/127.0.0.1:2316]' for 'GET' to 'http://localhost:2316/session/ac946bb5cfbf70a8336890deb32b3cba/element/133CD6A93037E32EC93B16517264A451_element_16/enabled'
14:08:57.343 [Forwarding isElementEnabled on session ac946bb5cfbf70a8336890deb32b3cba to remote] DEBUG org.asynchttpclient.netty.request.NettyRequestSender - Using open Channel [id: 0x95bb4159, L:/127.0.0.1:14149 - R:localhost/127.0.0.1:2316] for GET '/session/ac946bb5cfbf70a8336890deb32b3cba/element/133CD6A93037E32EC93B16517264A451_element_16/enabled'
14:08:57.352 [AsyncHttpClient-1-5] DEBUG org.asynchttpclient.netty.handler.HttpHandler - 

Request DefaultFullHttpRequest(decodeResult: success, version: HTTP/1.1, content: EmptyByteBufBE)
GET /session/ac946bb5cfbf70a8336890deb32b3cba/element/133CD6A93037E32EC93B16517264A451_element_16/enabled HTTP/1.1
User-Agent: selenium/4.8.1 (java windows)
Cache-Control: no-cache
Content-Type: application/json; charset=utf-8
host: localhost:2316
accept: */*

Response DefaultHttpResponse(decodeResult: success, version: HTTP/1.1)
HTTP/1.1 200 OK
Content-Length: 14
Content-Type: application/json; charset=utf-8
cache-control: no-cache

14:08:57.352 [AsyncHttpClient-1-5] DEBUG org.asynchttpclient.netty.channel.ChannelManager - Adding key: http://localhost:2316 for channel [id: 0x95bb4159, L:/127.0.0.1:14149 - R:localhost/127.0.0.1:2316]
14:08:57.357 [Forwarding findElement on session ac946bb5cfbf70a8336890deb32b3cba to remote] DEBUG org.asynchttpclient.netty.request.NettyRequestSender - Using pooled Channel '[id: 0x95bb4159, L:/127.0.0.1:14149 - R:localhost/127.0.0.1:2316]' for 'POST' to 'http://localhost:2316/session/ac946bb5cfbf70a8336890deb32b3cba/element'
14:08:57.357 [Forwarding findElement on session ac946bb5cfbf70a8336890deb32b3cba to remote] DEBUG org.asynchttpclient.netty.request.NettyRequestSender - Using open Channel [id: 0x95bb4159, L:/127.0.0.1:14149 - R:localhost/127.0.0.1:2316] for POST '/session/ac946bb5cfbf70a8336890deb32b3cba/element'
14:08:57.369 [AsyncHttpClient-1-5] DEBUG org.asynchttpclient.netty.handler.HttpHandler - 

Request DefaultHttpRequest(decodeResult: success, version: HTTP/1.1)
POST /session/ac946bb5cfbf70a8336890deb32b3cba/element HTTP/1.1
User-Agent: selenium/4.8.1 (java windows)
Content-Length: 69
Content-Type: application/json; charset=utf-8
host: localhost:2316
accept: */*

Response DefaultHttpResponse(decodeResult: success, version: HTTP/1.1)
HTTP/1.1 200 OK
Content-Length: 95
Content-Type: application/json; charset=utf-8
cache-control: no-cache

14:08:57.369 [AsyncHttpClient-1-5] DEBUG org.asynchttpclient.netty.channel.ChannelManager - Adding key: http://localhost:2316 for channel [id: 0x95bb4159, L:/127.0.0.1:14149 - R:localhost/127.0.0.1:2316]
14:08:57.372 [Forwarding clickElement on session ac946bb5cfbf70a8336890deb32b3cba to remote] DEBUG org.asynchttpclient.netty.request.NettyRequestSender - Using pooled Channel '[id: 0x95bb4159, L:/127.0.0.1:14149 - R:localhost/127.0.0.1:2316]' for 'POST' to 'http://localhost:2316/session/ac946bb5cfbf70a8336890deb32b3cba/element/133CD6A93037E32EC93B16517264A451_element_16/click'
14:08:57.372 [Forwarding clickElement on session ac946bb5cfbf70a8336890deb32b3cba to remote] DEBUG org.asynchttpclient.netty.request.NettyRequestSender - Using open Channel [id: 0x95bb4159, L:/127.0.0.1:14149 - R:localhost/127.0.0.1:2316] for POST '/session/ac946bb5cfbf70a8336890deb32b3cba/element/133CD6A93037E32EC93B16517264A451_element_16/click'
14:08:57.462 [AsyncHttpClient-1-5] DEBUG org.asynchttpclient.netty.handler.HttpHandler - 

Request DefaultHttpRequest(decodeResult: success, version: HTTP/1.1)
POST /session/ac946bb5cfbf70a8336890deb32b3cba/element/133CD6A93037E32EC93B16517264A451_element_16/click HTTP/1.1
User-Agent: selenium/4.8.1 (java windows)
Content-Length: 57
Content-Type: application/json; charset=utf-8
host: localhost:2316
accept: */*

Response DefaultHttpResponse(decodeResult: success, version: HTTP/1.1)
HTTP/1.1 200 OK
Content-Length: 14
Content-Type: application/json; charset=utf-8
cache-control: no-cache

14:08:57.463 [AsyncHttpClient-1-5] DEBUG org.asynchttpclient.netty.channel.ChannelManager - Adding key: http://localhost:2316 for channel [id: 0x95bb4159, L:/127.0.0.1:14149 - R:localhost/127.0.0.1:2316]
14:08:57.483 [Forwarding getAlertText on session ac946bb5cfbf70a8336890deb32b3cba to remote] DEBUG org.asynchttpclient.netty.request.NettyRequestSender - Using pooled Channel '[id: 0x95bb4159, L:/127.0.0.1:14149 - R:localhost/127.0.0.1:2316]' for 'GET' to 'http://localhost:2316/session/ac946bb5cfbf70a8336890deb32b3cba/alert/text'
14:08:57.483 [Forwarding getAlertText on session ac946bb5cfbf70a8336890deb32b3cba to remote] DEBUG org.asynchttpclient.netty.request.NettyRequestSender - Using open Channel [id: 0x95bb4159, L:/127.0.0.1:14149 - R:localhost/127.0.0.1:2316] for GET '/session/ac946bb5cfbf70a8336890deb32b3cba/alert/text'
14:08:57.485 [AsyncHttpClient-1-5] DEBUG org.asynchttpclient.netty.handler.HttpHandler - 

Request DefaultFullHttpRequest(decodeResult: success, version: HTTP/1.1, content: EmptyByteBufBE)
GET /session/ac946bb5cfbf70a8336890deb32b3cba/alert/text HTTP/1.1
User-Agent: selenium/4.8.1 (java windows)
Cache-Control: no-cache
Content-Type: application/json; charset=utf-8
host: localhost:2316
accept: */*

Response DefaultHttpResponse(decodeResult: success, version: HTTP/1.1)
HTTP/1.1 404 Not Found
Content-Length: 807
Content-Type: application/json; charset=utf-8
cache-control: no-cache

14:08:57.485 [AsyncHttpClient-1-5] DEBUG org.asynchttpclient.netty.channel.ChannelManager - Adding key: http://localhost:2316 for channel [id: 0x95bb4159, L:/127.0.0.1:14149 - R:localhost/127.0.0.1:2316]
14:08:57.487 [Forwarding getCurrentUrl on session ac946bb5cfbf70a8336890deb32b3cba to remote] DEBUG org.asynchttpclient.netty.request.NettyRequestSender - Using pooled Channel '[id: 0x95bb4159, L:/127.0.0.1:14149 - R:localhost/127.0.0.1:2316]' for 'GET' to 'http://localhost:2316/session/ac946bb5cfbf70a8336890deb32b3cba/url'
14:08:57.487 [Forwarding getCurrentUrl on session ac946bb5cfbf70a8336890deb32b3cba to remote] DEBUG org.asynchttpclient.netty.request.NettyRequestSender - Using open Channel [id: 0x95bb4159, L:/127.0.0.1:14149 - R:localhost/127.0.0.1:2316] for GET '/session/ac946bb5cfbf70a8336890deb32b3cba/url'
14:08:57.496 [AsyncHttpClient-1-5] DEBUG org.asynchttpclient.netty.handler.HttpHandler - 

Request DefaultFullHttpRequest(decodeResult: success, version: HTTP/1.1, content: EmptyByteBufBE)
GET /session/ac946bb5cfbf70a8336890deb32b3cba/url HTTP/1.1
User-Agent: selenium/4.8.1 (java windows)
Cache-Control: no-cache
Content-Type: application/json; charset=utf-8
host: localhost:2316
accept: */*

Response DefaultHttpResponse(decodeResult: success, version: HTTP/1.1)
HTTP/1.1 200 OK
Content-Length: 64
Content-Type: application/json; charset=utf-8
cache-control: no-cache

14:08:57.496 [AsyncHttpClient-1-5] DEBUG org.asynchttpclient.netty.channel.ChannelManager - Adding key: http://localhost:2316 for channel [id: 0x95bb4159, L:/127.0.0.1:14149 - R:localhost/127.0.0.1:2316]
14:08:57.497 [Forwarding screenshot on session ac946bb5cfbf70a8336890deb32b3cba to remote] DEBUG org.asynchttpclient.netty.request.NettyRequestSender - Using pooled Channel '[id: 0x95bb4159, L:/127.0.0.1:14149 - R:localhost/127.0.0.1:2316]' for 'GET' to 'http://localhost:2316/session/ac946bb5cfbf70a8336890deb32b3cba/screenshot'
14:08:57.498 [Forwarding screenshot on session ac946bb5cfbf70a8336890deb32b3cba to remote] DEBUG org.asynchttpclient.netty.request.NettyRequestSender - Using open Channel [id: 0x95bb4159, L:/127.0.0.1:14149 - R:localhost/127.0.0.1:2316] for GET '/session/ac946bb5cfbf70a8336890deb32b3cba/screenshot'
14:08:57.659 [AsyncHttpClient-1-5] DEBUG org.asynchttpclient.netty.handler.HttpHandler - 

Request DefaultFullHttpRequest(decodeResult: success, version: HTTP/1.1, content: EmptyByteBufBE)
GET /session/ac946bb5cfbf70a8336890deb32b3cba/screenshot HTTP/1.1
User-Agent: selenium/4.8.1 (java windows)
Cache-Control: no-cache
Content-Type: application/json; charset=utf-8
host: localhost:2316
accept: */*

Response DefaultHttpResponse(decodeResult: success, version: HTTP/1.1)
HTTP/1.1 200 OK
Content-Length: 124660
Content-Type: application/json; charset=utf-8
cache-control: no-cache

14:08:57.660 [AsyncHttpClient-1-5] DEBUG org.asynchttpclient.netty.channel.ChannelManager - Adding key: http://localhost:2316 for channel [id: 0x95bb4159, L:/127.0.0.1:14149 - R:localhost/127.0.0.1:2316]
14:08:57.675 [main] DEBUG net.serenitybdd.core.photography.Darkroom - Send negative for processing for target\site\serenity\9932131a43c3c0f5e492731575327cef0eb3ca719028fa4d83649c8195eb77e1.png
14:08:57.676 [main] DEBUG net.thucydides.core.steps.StepInterceptor - STEP DONE: clickSignInButtonnn
  &amp#27;[32mAnd &amp#27;[0m&amp#27;[32mI clickk sign inn&amp#27;[0m                                             &amp#27;[90m# Starter.Stepdefitions.CustomerDataSteps.clickSignInButtonnn()&amp#27;[0m
14:08:57.678 [Darkroom Processing Line] DEBUG net.serenitybdd.core.photography.DarkroomProcessingLine - Processing screenshot image in /var/screenshots/screenshot-9089774899665443237
14:08:57.681 [Darkroom Processing Line] DEBUG net.serenitybdd.core.photography.DarkroomProcessingLine - Saving screenshot to target\site\serenity\9932131a43c3c0f5e492731575327cef0eb3ca719028fa4d83649c8195eb77e1.png
14:08:57.695 [Forwarding getPageSource on session ac946bb5cfbf70a8336890deb32b3cba to remote] DEBUG org.asynchttpclient.netty.request.NettyRequestSender - Using pooled Channel '[id: 0x95bb4159, L:/127.0.0.1:14149 - R:localhost/127.0.0.1:2316]' for 'POST' to 'http://localhost:2316/session/ac946bb5cfbf70a8336890deb32b3cba/execute/sync'
14:08:57.695 [Forwarding getPageSource on session ac946bb5cfbf70a8336890deb32b3cba to remote] DEBUG org.asynchttpclient.netty.request.NettyRequestSender - Using open Channel [id: 0x95bb4159, L:/127.0.0.1:14149 - R:localhost/127.0.0.1:2316] for POST '/session/ac946bb5cfbf70a8336890deb32b3cba/execute/sync'
14:08:57.791 [AsyncHttpClient-1-5] DEBUG org.asynchttpclient.netty.handler.HttpHandler - 

Request DefaultHttpRequest(decodeResult: success, version: HTTP/1.1)
POST /session/ac946bb5cfbf70a8336890deb32b3cba/execute/sync HTTP/1.1
User-Agent: selenium/4.8.1 (java windows)
Content-Length: 176
Content-Type: application/json; charset=utf-8
host: localhost:2316
accept: */*

Response DefaultHttpResponse(decodeResult: success, version: HTTP/1.1)
HTTP/1.1 200 OK
Content-Length: 6720
Content-Type: application/json; charset=utf-8
cache-control: no-cache

14:08:57.791 [AsyncHttpClient-1-5] DEBUG org.asynchttpclient.netty.channel.ChannelManager - Adding key: http://localhost:2316 for channel [id: 0x95bb4159, L:/127.0.0.1:14149 - R:localhost/127.0.0.1:2316]
14:08:57.797 [Forwarding getCurrentUrl on session ac946bb5cfbf70a8336890deb32b3cba to remote] DEBUG org.asynchttpclient.netty.request.NettyRequestSender - Using pooled Channel '[id: 0x95bb4159, L:/127.0.0.1:14149 - R:localhost/127.0.0.1:2316]' for 'GET' to 'http://localhost:2316/session/ac946bb5cfbf70a8336890deb32b3cba/url'
14:08:57.797 [Forwarding getCurrentUrl on session ac946bb5cfbf70a8336890deb32b3cba to remote] DEBUG org.asynchttpclient.netty.request.NettyRequestSender - Using open Channel [id: 0x95bb4159, L:/127.0.0.1:14149 - R:localhost/127.0.0.1:2316] for GET '/session/ac946bb5cfbf70a8336890deb32b3cba/url'
14:08:57.804 [AsyncHttpClient-1-5] DEBUG org.asynchttpclient.netty.handler.HttpHandler - 

Request DefaultFullHttpRequest(decodeResult: success, version: HTTP/1.1, content: EmptyByteBufBE)
GET /session/ac946bb5cfbf70a8336890deb32b3cba/url HTTP/1.1
User-Agent: selenium/4.8.1 (java windows)
Cache-Control: no-cache
Content-Type: application/json; charset=utf-8
host: localhost:2316
accept: */*

Response DefaultHttpResponse(decodeResult: success, version: HTTP/1.1)
HTTP/1.1 200 OK
Content-Length: 67
Content-Type: application/json; charset=utf-8
cache-control: no-cache

14:08:57.806 [AsyncHttpClient-1-5] DEBUG org.asynchttpclient.netty.channel.ChannelManager - Adding key: http://localhost:2316 for channel [id: 0x95bb4159, L:/127.0.0.1:14149 - R:localhost/127.0.0.1:2316]
14:08:57.875 [Forwarding getAlertText on session ac946bb5cfbf70a8336890deb32b3cba to remote] DEBUG org.asynchttpclient.netty.request.NettyRequestSender - Using pooled Channel '[id: 0x95bb4159, L:/127.0.0.1:14149 - R:localhost/127.0.0.1:2316]' for 'GET' to 'http://localhost:2316/session/ac946bb5cfbf70a8336890deb32b3cba/alert/text'
14:08:57.875 [Forwarding getAlertText on session ac946bb5cfbf70a8336890deb32b3cba to remote] DEBUG org.asynchttpclient.netty.request.NettyRequestSender - Using open Channel [id: 0x95bb4159, L:/127.0.0.1:14149 - R:localhost/127.0.0.1:2316] for GET '/session/ac946bb5cfbf70a8336890deb32b3cba/alert/text'
14:08:57.877 [AsyncHttpClient-1-5] DEBUG org.asynchttpclient.netty.handler.HttpHandler - 

Request DefaultFullHttpRequest(decodeResult: success, version: HTTP/1.1, content: EmptyByteBufBE)
GET /session/ac946bb5cfbf70a8336890deb32b3cba/alert/text HTTP/1.1
User-Agent: selenium/4.8.1 (java windows)
Cache-Control: no-cache
Content-Type: application/json; charset=utf-8
host: localhost:2316
accept: */*

Response DefaultHttpResponse(decodeResult: success, version: HTTP/1.1)
HTTP/1.1 404 Not Found
Content-Length: 807
Content-Type: application/json; charset=utf-8
cache-control: no-cache

14:08:57.877 [AsyncHttpClient-1-5] DEBUG org.asynchttpclient.netty.channel.ChannelManager - Adding key: http://localhost:2316 for channel [id: 0x95bb4159, L:/127.0.0.1:14149 - R:localhost/127.0.0.1:2316]
14:08:57.879 [Forwarding getCurrentUrl on session ac946bb5cfbf70a8336890deb32b3cba to remote] DEBUG org.asynchttpclient.netty.request.NettyRequestSender - Using pooled Channel '[id: 0x95bb4159, L:/127.0.0.1:14149 - R:localhost/127.0.0.1:2316]' for 'GET' to 'http://localhost:2316/session/ac946bb5cfbf70a8336890deb32b3cba/url'
14:08:57.879 [Forwarding getCurrentUrl on session ac946bb5cfbf70a8336890deb32b3cba to remote] DEBUG org.asynchttpclient.netty.request.NettyRequestSender - Using open Channel [id: 0x95bb4159, L:/127.0.0.1:14149 - R:localhost/127.0.0.1:2316] for GET '/session/ac946bb5cfbf70a8336890deb32b3cba/url'
14:08:57.884 [AsyncHttpClient-1-5] DEBUG org.asynchttpclient.netty.handler.HttpHandler - 

Request DefaultFullHttpRequest(decodeResult: success, version: HTTP/1.1, content: EmptyByteBufBE)
GET /session/ac946bb5cfbf70a8336890deb32b3cba/url HTTP/1.1
User-Agent: selenium/4.8.1 (java windows)
Cache-Control: no-cache
Content-Type: application/json; charset=utf-8
host: localhost:2316
accept: */*

Response DefaultHttpResponse(decodeResult: success, version: HTTP/1.1)
HTTP/1.1 200 OK
Content-Length: 67
Content-Type: application/json; charset=utf-8
cache-control: no-cache

14:08:57.885 [AsyncHttpClient-1-5] DEBUG org.asynchttpclient.netty.channel.ChannelManager - Adding key: http://localhost:2316 for channel [id: 0x95bb4159, L:/127.0.0.1:14149 - R:localhost/127.0.0.1:2316]
14:08:57.886 [Forwarding screenshot on session ac946bb5cfbf70a8336890deb32b3cba to remote] DEBUG org.asynchttpclient.netty.request.NettyRequestSender - Using pooled Channel '[id: 0x95bb4159, L:/127.0.0.1:14149 - R:localhost/127.0.0.1:2316]' for 'GET' to 'http://localhost:2316/session/ac946bb5cfbf70a8336890deb32b3cba/screenshot'
14:08:57.886 [Forwarding screenshot on session ac946bb5cfbf70a8336890deb32b3cba to remote] DEBUG org.asynchttpclient.netty.request.NettyRequestSender - Using open Channel [id: 0x95bb4159, L:/127.0.0.1:14149 - R:localhost/127.0.0.1:2316] for GET '/session/ac946bb5cfbf70a8336890deb32b3cba/screenshot'
14:08:58.016 [AsyncHttpClient-1-5] DEBUG org.asynchttpclient.netty.handler.HttpHandler - 

Request DefaultFullHttpRequest(decodeResult: success, version: HTTP/1.1, content: EmptyByteBufBE)
GET /session/ac946bb5cfbf70a8336890deb32b3cba/screenshot HTTP/1.1
User-Agent: selenium/4.8.1 (java windows)
Cache-Control: no-cache
Content-Type: application/json; charset=utf-8
host: localhost:2316
accept: */*

Response DefaultHttpResponse(decodeResult: success, version: HTTP/1.1)
HTTP/1.1 200 OK
Content-Length: 63384
Content-Type: application/json; charset=utf-8
cache-control: no-cache

14:08:58.016 [AsyncHttpClient-1-5] DEBUG org.asynchttpclient.netty.channel.ChannelManager - Adding key: http://localhost:2316 for channel [id: 0x95bb4159, L:/127.0.0.1:14149 - R:localhost/127.0.0.1:2316]
14:08:58.022 [main] DEBUG net.serenitybdd.core.photography.Darkroom - Send negative for processing for target\site\serenity\d3052df51dc6c999797c7685cc9c8cfe0d61d3b347645cc18f792f2ca3c90b23.png
14:08:58.022 [Darkroom Processing Line] DEBUG net.serenitybdd.core.photography.DarkroomProcessingLine - Processing screenshot image in /var/screenshots/screenshot-6582785729906892515
14:08:58.023 [Darkroom Processing Line] DEBUG net.serenitybdd.core.photography.DarkroomProcessingLine - Saving screenshot to target\site\serenity\d3052df51dc6c999797c7685cc9c8cfe0d61d3b347645cc18f792f2ca3c90b23.png
14:08:58.025 [Forwarding getPageSource on session ac946bb5cfbf70a8336890deb32b3cba to remote] DEBUG org.asynchttpclient.netty.request.NettyRequestSender - Using pooled Channel '[id: 0x95bb4159, L:/127.0.0.1:14149 - R:localhost/127.0.0.1:2316]' for 'POST' to 'http://localhost:2316/session/ac946bb5cfbf70a8336890deb32b3cba/execute/sync'
14:08:58.026 [Forwarding getPageSource on session ac946bb5cfbf70a8336890deb32b3cba to remote] DEBUG org.asynchttpclient.netty.request.NettyRequestSender - Using open Channel [id: 0x95bb4159, L:/127.0.0.1:14149 - R:localhost/127.0.0.1:2316] for POST '/session/ac946bb5cfbf70a8336890deb32b3cba/execute/sync'
14:08:58.032 [AsyncHttpClient-1-5] DEBUG org.asynchttpclient.netty.handler.HttpHandler - 

Request DefaultHttpRequest(decodeResult: success, version: HTTP/1.1)
POST /session/ac946bb5cfbf70a8336890deb32b3cba/execute/sync HTTP/1.1
User-Agent: selenium/4.8.1 (java windows)
Content-Length: 176
Content-Type: application/json; charset=utf-8
host: localhost:2316
accept: */*

Response DefaultHttpResponse(decodeResult: success, version: HTTP/1.1)
HTTP/1.1 200 OK
Content-Length: 6725
Content-Type: application/json; charset=utf-8
cache-control: no-cache

14:08:58.033 [AsyncHttpClient-1-5] DEBUG org.asynchttpclient.netty.channel.ChannelManager - Adding key: http://localhost:2316 for channel [id: 0x95bb4159, L:/127.0.0.1:14149 - R:localhost/127.0.0.1:2316]
14:08:58.041 [Forwarding getCurrentUrl on session ac946bb5cfbf70a8336890deb32b3cba to remote] DEBUG org.asynchttpclient.netty.request.NettyRequestSender - Using pooled Channel '[id: 0x95bb4159, L:/127.0.0.1:14149 - R:localhost/127.0.0.1:2316]' for 'GET' to 'http://localhost:2316/session/ac946bb5cfbf70a8336890deb32b3cba/url'
14:08:58.041 [Forwarding getCurrentUrl on session ac946bb5cfbf70a8336890deb32b3cba to remote] DEBUG org.asynchttpclient.netty.request.NettyRequestSender - Using open Channel [id: 0x95bb4159, L:/127.0.0.1:14149 - R:localhost/127.0.0.1:2316] for GET '/session/ac946bb5cfbf70a8336890deb32b3cba/url'
14:08:58.047 [AsyncHttpClient-1-5] DEBUG org.asynchttpclient.netty.handler.HttpHandler - 

Request DefaultFullHttpRequest(decodeResult: success, version: HTTP/1.1, content: EmptyByteBufBE)
GET /session/ac946bb5cfbf70a8336890deb32b3cba/url HTTP/1.1
User-Agent: selenium/4.8.1 (java windows)
Cache-Control: no-cache
Content-Type: application/json; charset=utf-8
host: localhost:2316
accept: */*

Response DefaultHttpResponse(decodeResult: success, version: HTTP/1.1)
HTTP/1.1 200 OK
Content-Length: 67
Content-Type: application/json; charset=utf-8
cache-control: no-cache

14:08:58.047 [AsyncHttpClient-1-5] DEBUG org.asynchttpclient.netty.channel.ChannelManager - Adding key: http://localhost:2316 for channel [id: 0x95bb4159, L:/127.0.0.1:14149 - R:localhost/127.0.0.1:2316]
14:08:58.398 [AsyncHttpClient-1-1] DEBUG org.asynchttpclient.netty.channel.DefaultChannelPool - Entry count for : http://localhost:2316 : 1
14:08:58.398 [AsyncHttpClient-1-1] DEBUG org.asynchttpclient.netty.channel.DefaultChannelPool - Entry count for : http://localhost:14150 : 1
14:08:58.687 [main] DEBUG net.thucydides.core.steps.StepInterceptor - STARTING STEP: CustomerDataSteps.ClickCustomerData - ClickCustomerData
14:08:58.697 [Forwarding findElement on session ac946bb5cfbf70a8336890deb32b3cba to remote] DEBUG org.asynchttpclient.netty.request.NettyRequestSender - Using pooled Channel '[id: 0x95bb4159, L:/127.0.0.1:14149 - R:localhost/127.0.0.1:2316]' for 'POST' to 'http://localhost:2316/session/ac946bb5cfbf70a8336890deb32b3cba/element'
14:08:58.697 [Forwarding findElement on session ac946bb5cfbf70a8336890deb32b3cba to remote] DEBUG org.asynchttpclient.netty.request.NettyRequestSender - Using open Channel [id: 0x95bb4159, L:/127.0.0.1:14149 - R:localhost/127.0.0.1:2316] for POST '/session/ac946bb5cfbf70a8336890deb32b3cba/element'
14:08:58.715 [AsyncHttpClient-1-5] DEBUG org.asynchttpclient.netty.handler.HttpHandler - 

Request DefaultHttpRequest(decodeResult: success, version: HTTP/1.1)
POST /session/ac946bb5cfbf70a8336890deb32b3cba/element HTTP/1.1
User-Agent: selenium/4.8.1 (java windows)
Content-Length: 86
Content-Type: application/json; charset=utf-8
host: localhost:2316
accept: */*

Response DefaultHttpResponse(decodeResult: success, version: HTTP/1.1)
HTTP/1.1 200 OK
Content-Length: 95
Content-Type: application/json; charset=utf-8
cache-control: no-cache

14:08:58.715 [AsyncHttpClient-1-5] DEBUG org.asynchttpclient.netty.channel.ChannelManager - Adding key: http://localhost:2316 for channel [id: 0x95bb4159, L:/127.0.0.1:14149 - R:localhost/127.0.0.1:2316]
14:08:58.718 [Forwarding getElementTagName on session ac946bb5cfbf70a8336890deb32b3cba to remote] DEBUG org.asynchttpclient.netty.request.NettyRequestSender - Using pooled Channel '[id: 0x95bb4159, L:/127.0.0.1:14149 - R:localhost/127.0.0.1:2316]' for 'GET' to 'http://localhost:2316/session/ac946bb5cfbf70a8336890deb32b3cba/element/133CD6A93037E32EC93B16517264A451_element_45/name'
14:08:58.718 [Forwarding getElementTagName on session ac946bb5cfbf70a8336890deb32b3cba to remote] DEBUG org.asynchttpclient.netty.request.NettyRequestSender - Using open Channel [id: 0x95bb4159, L:/127.0.0.1:14149 - R:localhost/127.0.0.1:2316] for GET '/session/ac946bb5cfbf70a8336890deb32b3cba/element/133CD6A93037E32EC93B16517264A451_element_45/name'
14:08:58.724 [AsyncHttpClient-1-5] DEBUG org.asynchttpclient.netty.handler.HttpHandler - 

Request DefaultFullHttpRequest(decodeResult: success, version: HTTP/1.1, content: EmptyByteBufBE)
GET /session/ac946bb5cfbf70a8336890deb32b3cba/element/133CD6A93037E32EC93B16517264A451_element_45/name HTTP/1.1
User-Agent: selenium/4.8.1 (java windows)
Cache-Control: no-cache
Content-Type: application/json; charset=utf-8
host: localhost:2316
accept: */*

Response DefaultHttpResponse(decodeResult: success, version: HTTP/1.1)
HTTP/1.1 200 OK
Content-Length: 13
Content-Type: application/json; charset=utf-8
cache-control: no-cache

14:08:58.724 [AsyncHttpClient-1-5] DEBUG org.asynchttpclient.netty.channel.ChannelManager - Adding key: http://localhost:2316 for channel [id: 0x95bb4159, L:/127.0.0.1:14149 - R:localhost/127.0.0.1:2316]
14:08:58.727 [Forwarding getElementTagName on session ac946bb5cfbf70a8336890deb32b3cba to remote] DEBUG org.asynchttpclient.netty.request.NettyRequestSender - Using pooled Channel '[id: 0x95bb4159, L:/127.0.0.1:14149 - R:localhost/127.0.0.1:2316]' for 'GET' to 'http://localhost:2316/session/ac946bb5cfbf70a8336890deb32b3cba/element/133CD6A93037E32EC93B16517264A451_element_45/name'
14:08:58.727 [Forwarding getElementTagName on session ac946bb5cfbf70a8336890deb32b3cba to remote] DEBUG org.asynchttpclient.netty.request.NettyRequestSender - Using open Channel [id: 0x95bb4159, L:/127.0.0.1:14149 - R:localhost/127.0.0.1:2316] for GET '/session/ac946bb5cfbf70a8336890deb32b3cba/element/133CD6A93037E32EC93B16517264A451_element_45/name'
14:08:58.733 [AsyncHttpClient-1-5] DEBUG org.asynchttpclient.netty.handler.HttpHandler - 

Request DefaultFullHttpRequest(decodeResult: success, version: HTTP/1.1, content: EmptyByteBufBE)
GET /session/ac946bb5cfbf70a8336890deb32b3cba/element/133CD6A93037E32EC93B16517264A451_element_45/name HTTP/1.1
User-Agent: selenium/4.8.1 (java windows)
Cache-Control: no-cache
Content-Type: application/json; charset=utf-8
host: localhost:2316
accept: */*

Response DefaultHttpResponse(decodeResult: success, version: HTTP/1.1)
HTTP/1.1 200 OK
Content-Length: 13
Content-Type: application/json; charset=utf-8
cache-control: no-cache

14:08:58.733 [AsyncHttpClient-1-5] DEBUG org.asynchttpclient.netty.channel.ChannelManager - Adding key: http://localhost:2316 for channel [id: 0x95bb4159, L:/127.0.0.1:14149 - R:localhost/127.0.0.1:2316]
14:08:58.737 [Forwarding findElement on session ac946bb5cfbf70a8336890deb32b3cba to remote] DEBUG org.asynchttpclient.netty.request.NettyRequestSender - Using pooled Channel '[id: 0x95bb4159, L:/127.0.0.1:14149 - R:localhost/127.0.0.1:2316]' for 'POST' to 'http://localhost:2316/session/ac946bb5cfbf70a8336890deb32b3cba/element'
14:08:58.737 [Forwarding findElement on session ac946bb5cfbf70a8336890deb32b3cba to remote] DEBUG org.asynchttpclient.netty.request.NettyRequestSender - Using open Channel [id: 0x95bb4159, L:/127.0.0.1:14149 - R:localhost/127.0.0.1:2316] for POST '/session/ac946bb5cfbf70a8336890deb32b3cba/element'
14:08:58.747 [AsyncHttpClient-1-5] DEBUG org.asynchttpclient.netty.handler.HttpHandler - 

Request DefaultHttpRequest(decodeResult: success, version: HTTP/1.1)
POST /session/ac946bb5cfbf70a8336890deb32b3cba/element HTTP/1.1
User-Agent: selenium/4.8.1 (java windows)
Content-Length: 86
Content-Type: application/json; charset=utf-8
host: localhost:2316
accept: */*

Response DefaultHttpResponse(decodeResult: success, version: HTTP/1.1)
HTTP/1.1 200 OK
Content-Length: 95
Content-Type: application/json; charset=utf-8
cache-control: no-cache

14:08:58.748 [AsyncHttpClient-1-5] DEBUG org.asynchttpclient.netty.channel.ChannelManager - Adding key: http://localhost:2316 for channel [id: 0x95bb4159, L:/127.0.0.1:14149 - R:localhost/127.0.0.1:2316]
14:08:58.751 [Forwarding clickElement on session ac946bb5cfbf70a8336890deb32b3cba to remote] DEBUG org.asynchttpclient.netty.request.NettyRequestSender - Using pooled Channel '[id: 0x95bb4159, L:/127.0.0.1:14149 - R:localhost/127.0.0.1:2316]' for 'POST' to 'http://localhost:2316/session/ac946bb5cfbf70a8336890deb32b3cba/element/133CD6A93037E32EC93B16517264A451_element_45/click'
14:08:58.751 [Forwarding clickElement on session ac946bb5cfbf70a8336890deb32b3cba to remote] DEBUG org.asynchttpclient.netty.request.NettyRequestSender - Using open Channel [id: 0x95bb4159, L:/127.0.0.1:14149 - R:localhost/127.0.0.1:2316] for POST '/session/ac946bb5cfbf70a8336890deb32b3cba/element/133CD6A93037E32EC93B16517264A451_element_45/click'
14:08:58.890 [AsyncHttpClient-1-5] DEBUG org.asynchttpclient.netty.handler.HttpHandler - 

Request DefaultHttpRequest(decodeResult: success, version: HTTP/1.1)
POST /session/ac946bb5cfbf70a8336890deb32b3cba/element/133CD6A93037E32EC93B16517264A451_element_45/click HTTP/1.1
User-Agent: selenium/4.8.1 (java windows)
Content-Length: 57
Content-Type: application/json; charset=utf-8
host: localhost:2316
accept: */*

Response DefaultHttpResponse(decodeResult: success, version: HTTP/1.1)
HTTP/1.1 200 OK
Content-Length: 14
Content-Type: application/json; charset=utf-8
cache-control: no-cache

14:08:58.890 [AsyncHttpClient-1-5] DEBUG org.asynchttpclient.netty.channel.ChannelManager - Adding key: http://localhost:2316 for channel [id: 0x95bb4159, L:/127.0.0.1:14149 - R:localhost/127.0.0.1:2316]
14:08:58.906 [Forwarding getAlertText on session ac946bb5cfbf70a8336890deb32b3cba to remote] DEBUG org.asynchttpclient.netty.request.NettyRequestSender - Using pooled Channel '[id: 0x95bb4159, L:/127.0.0.1:14149 - R:localhost/127.0.0.1:2316]' for 'GET' to 'http://localhost:2316/session/ac946bb5cfbf70a8336890deb32b3cba/alert/text'
14:08:58.906 [Forwarding getAlertText on session ac946bb5cfbf70a8336890deb32b3cba to remote] DEBUG org.asynchttpclient.netty.request.NettyRequestSender - Using open Channel [id: 0x95bb4159, L:/127.0.0.1:14149 - R:localhost/127.0.0.1:2316] for GET '/session/ac946bb5cfbf70a8336890deb32b3cba/alert/text'
14:08:58.909 [AsyncHttpClient-1-5] DEBUG org.asynchttpclient.netty.handler.HttpHandler - 

Request DefaultFullHttpRequest(decodeResult: success, version: HTTP/1.1, content: EmptyByteBufBE)
GET /session/ac946bb5cfbf70a8336890deb32b3cba/alert/text HTTP/1.1
User-Agent: selenium/4.8.1 (java windows)
Cache-Control: no-cache
Content-Type: application/json; charset=utf-8
host: localhost:2316
accept: */*

Response DefaultHttpResponse(decodeResult: success, version: HTTP/1.1)
HTTP/1.1 404 Not Found
Content-Length: 807
Content-Type: application/json; charset=utf-8
cache-control: no-cache

14:08:58.910 [AsyncHttpClient-1-5] DEBUG org.asynchttpclient.netty.channel.ChannelManager - Adding key: http://localhost:2316 for channel [id: 0x95bb4159, L:/127.0.0.1:14149 - R:localhost/127.0.0.1:2316]
14:08:59.449 [Forwarding getCurrentUrl on session ac946bb5cfbf70a8336890deb32b3cba to remote] DEBUG org.asynchttpclient.netty.request.NettyRequestSender - Using pooled Channel '[id: 0x95bb4159, L:/127.0.0.1:14149 - R:localhost/127.0.0.1:2316]' for 'GET' to 'http://localhost:2316/session/ac946bb5cfbf70a8336890deb32b3cba/url'
14:08:59.449 [Forwarding getCurrentUrl on session ac946bb5cfbf70a8336890deb32b3cba to remote] DEBUG org.asynchttpclient.netty.request.NettyRequestSender - Using open Channel [id: 0x95bb4159, L:/127.0.0.1:14149 - R:localhost/127.0.0.1:2316] for GET '/session/ac946bb5cfbf70a8336890deb32b3cba/url'
14:08:59.454 [AsyncHttpClient-1-5] DEBUG org.asynchttpclient.netty.handler.HttpHandler - 

Request DefaultFullHttpRequest(decodeResult: success, version: HTTP/1.1, content: EmptyByteBufBE)
GET /session/ac946bb5cfbf70a8336890deb32b3cba/url HTTP/1.1
User-Agent: selenium/4.8.1 (java windows)
Cache-Control: no-cache
Content-Type: application/json; charset=utf-8
host: localhost:2316
accept: */*

Response DefaultHttpResponse(decodeResult: success, version: HTTP/1.1)
HTTP/1.1 200 OK
Content-Length: 67
Content-Type: application/json; charset=utf-8
cache-control: no-cache

14:08:59.454 [AsyncHttpClient-1-5] DEBUG org.asynchttpclient.netty.channel.ChannelManager - Adding key: http://localhost:2316 for channel [id: 0x95bb4159, L:/127.0.0.1:14149 - R:localhost/127.0.0.1:2316]
14:08:59.455 [Forwarding screenshot on session ac946bb5cfbf70a8336890deb32b3cba to remote] DEBUG org.asynchttpclient.netty.request.NettyRequestSender - Using pooled Channel '[id: 0x95bb4159, L:/127.0.0.1:14149 - R:localhost/127.0.0.1:2316]' for 'GET' to 'http://localhost:2316/session/ac946bb5cfbf70a8336890deb32b3cba/screenshot'
14:08:59.455 [Forwarding screenshot on session ac946bb5cfbf70a8336890deb32b3cba to remote] DEBUG org.asynchttpclient.netty.request.NettyRequestSender - Using open Channel [id: 0x95bb4159, L:/127.0.0.1:14149 - R:localhost/127.0.0.1:2316] for GET '/session/ac946bb5cfbf70a8336890deb32b3cba/screenshot'
14:08:59.499 [AsyncHttpClient-1-1] DEBUG org.asynchttpclient.netty.channel.DefaultChannelPool - Entry count for : http://localhost:14150 : 1
14:08:59.540 [AsyncHttpClient-1-5] DEBUG org.asynchttpclient.netty.handler.HttpHandler - 

Request DefaultFullHttpRequest(decodeResult: success, version: HTTP/1.1, content: EmptyByteBufBE)
GET /session/ac946bb5cfbf70a8336890deb32b3cba/screenshot HTTP/1.1
User-Agent: selenium/4.8.1 (java windows)
Cache-Control: no-cache
Content-Type: application/json; charset=utf-8
host: localhost:2316
accept: */*

Response DefaultHttpResponse(decodeResult: success, version: HTTP/1.1)
HTTP/1.1 200 OK
Content-Length: 106404
Content-Type: application/json; charset=utf-8
cache-control: no-cache

14:08:59.541 [AsyncHttpClient-1-5] DEBUG org.asynchttpclient.netty.channel.ChannelManager - Adding key: http://localhost:2316 for channel [id: 0x95bb4159, L:/127.0.0.1:14149 - R:localhost/127.0.0.1:2316]
14:08:59.546 [main] DEBUG net.serenitybdd.core.photography.Darkroom - Send negative for processing for target\site\serenity\7127b03a1c7439c73550c68e2eec810c17e2f592f33f40ef577f934074cc49ba.png
14:08:59.546 [main] DEBUG net.thucydides.core.steps.StepInterceptor - STEP DONE: ClickCustomerData
  &amp#27;[32mAnd &amp#27;[0m&amp#27;[32mI click customer data&amp#27;[0m                                         &amp#27;[90m# Starter.Stepdefitions.CustomerDataSteps.ClickCustomerData()&amp#27;[0m
14:08:59.546 [Darkroom Processing Line] DEBUG net.serenitybdd.core.photography.DarkroomProcessingLine - Processing screenshot image in /var/screenshots/screenshot-1201051542110215105
14:08:59.546 [Darkroom Processing Line] DEBUG net.serenitybdd.core.photography.DarkroomProcessingLine - Saving screenshot to target\site\serenity\7127b03a1c7439c73550c68e2eec810c17e2f592f33f40ef577f934074cc49ba.png
14:08:59.556 [Forwarding getPageSource on session ac946bb5cfbf70a8336890deb32b3cba to remote] DEBUG org.asynchttpclient.netty.request.NettyRequestSender - Using pooled Channel '[id: 0x95bb4159, L:/127.0.0.1:14149 - R:localhost/127.0.0.1:2316]' for 'POST' to 'http://localhost:2316/session/ac946bb5cfbf70a8336890deb32b3cba/execute/sync'
14:08:59.556 [Forwarding getPageSource on session ac946bb5cfbf70a8336890deb32b3cba to remote] DEBUG org.asynchttpclient.netty.request.NettyRequestSender - Using open Channel [id: 0x95bb4159, L:/127.0.0.1:14149 - R:localhost/127.0.0.1:2316] for POST '/session/ac946bb5cfbf70a8336890deb32b3cba/execute/sync'
14:08:59.562 [AsyncHttpClient-1-5] DEBUG org.asynchttpclient.netty.handler.HttpHandler - 

Request DefaultHttpRequest(decodeResult: success, version: HTTP/1.1)
POST /session/ac946bb5cfbf70a8336890deb32b3cba/execute/sync HTTP/1.1
User-Agent: selenium/4.8.1 (java windows)
Content-Length: 176
Content-Type: application/json; charset=utf-8
host: localhost:2316
accept: */*

Response DefaultHttpResponse(decodeResult: success, version: HTTP/1.1)
HTTP/1.1 200 OK
Content-Length: 14554
Content-Type: application/json; charset=utf-8
cache-control: no-cache

14:08:59.564 [AsyncHttpClient-1-5] DEBUG org.asynchttpclient.netty.channel.ChannelManager - Adding key: http://localhost:2316 for channel [id: 0x95bb4159, L:/127.0.0.1:14149 - R:localhost/127.0.0.1:2316]
14:08:59.568 [Forwarding getCurrentUrl on session ac946bb5cfbf70a8336890deb32b3cba to remote] DEBUG org.asynchttpclient.netty.request.NettyRequestSender - Using pooled Channel '[id: 0x95bb4159, L:/127.0.0.1:14149 - R:localhost/127.0.0.1:2316]' for 'GET' to 'http://localhost:2316/session/ac946bb5cfbf70a8336890deb32b3cba/url'
14:08:59.568 [Forwarding getCurrentUrl on session ac946bb5cfbf70a8336890deb32b3cba to remote] DEBUG org.asynchttpclient.netty.request.NettyRequestSender - Using open Channel [id: 0x95bb4159, L:/127.0.0.1:14149 - R:localhost/127.0.0.1:2316] for GET '/session/ac946bb5cfbf70a8336890deb32b3cba/url'
14:08:59.572 [AsyncHttpClient-1-5] DEBUG org.asynchttpclient.netty.handler.HttpHandler - 

Request DefaultFullHttpRequest(decodeResult: success, version: HTTP/1.1, content: EmptyByteBufBE)
GET /session/ac946bb5cfbf70a8336890deb32b3cba/url HTTP/1.1
User-Agent: selenium/4.8.1 (java windows)
Cache-Control: no-cache
Content-Type: application/json; charset=utf-8
host: localhost:2316
accept: */*

Response DefaultHttpResponse(decodeResult: success, version: HTTP/1.1)
HTTP/1.1 200 OK
Content-Length: 67
Content-Type: application/json; charset=utf-8
cache-control: no-cache

14:08:59.572 [AsyncHttpClient-1-5] DEBUG org.asynchttpclient.netty.channel.ChannelManager - Adding key: http://localhost:2316 for channel [id: 0x95bb4159, L:/127.0.0.1:14149 - R:localhost/127.0.0.1:2316]
14:09:00.598 [AsyncHttpClient-1-1] DEBUG org.asynchttpclient.netty.channel.DefaultChannelPool - Entry count for : http://localhost:2316 : 1
14:09:00.598 [AsyncHttpClient-1-1] DEBUG org.asynchttpclient.netty.channel.DefaultChannelPool - Entry count for : http://localhost:14150 : 1
14:09:00.641 [Forwarding getAlertText on session ac946bb5cfbf70a8336890deb32b3cba to remote] DEBUG org.asynchttpclient.netty.request.NettyRequestSender - Using pooled Channel '[id: 0x95bb4159, L:/127.0.0.1:14149 - R:localhost/127.0.0.1:2316]' for 'GET' to 'http://localhost:2316/session/ac946bb5cfbf70a8336890deb32b3cba/alert/text'
14:09:00.641 [Forwarding getAlertText on session ac946bb5cfbf70a8336890deb32b3cba to remote] DEBUG org.asynchttpclient.netty.request.NettyRequestSender - Using open Channel [id: 0x95bb4159, L:/127.0.0.1:14149 - R:localhost/127.0.0.1:2316] for GET '/session/ac946bb5cfbf70a8336890deb32b3cba/alert/text'
14:09:00.643 [AsyncHttpClient-1-5] DEBUG org.asynchttpclient.netty.handler.HttpHandler - 

Request DefaultFullHttpRequest(decodeResult: success, version: HTTP/1.1, content: EmptyByteBufBE)
GET /session/ac946bb5cfbf70a8336890deb32b3cba/alert/text HTTP/1.1
User-Agent: selenium/4.8.1 (java windows)
Cache-Control: no-cache
Content-Type: application/json; charset=utf-8
host: localhost:2316
accept: */*

Response DefaultHttpResponse(decodeResult: success, version: HTTP/1.1)
HTTP/1.1 404 Not Found
Content-Length: 807
Content-Type: application/json; charset=utf-8
cache-control: no-cache

14:09:00.643 [AsyncHttpClient-1-5] DEBUG org.asynchttpclient.netty.channel.ChannelManager - Adding key: http://localhost:2316 for channel [id: 0x95bb4159, L:/127.0.0.1:14149 - R:localhost/127.0.0.1:2316]
14:09:00.645 [Forwarding getCurrentUrl on session ac946bb5cfbf70a8336890deb32b3cba to remote] DEBUG org.asynchttpclient.netty.request.NettyRequestSender - Using pooled Channel '[id: 0x95bb4159, L:/127.0.0.1:14149 - R:localhost/127.0.0.1:2316]' for 'GET' to 'http://localhost:2316/session/ac946bb5cfbf70a8336890deb32b3cba/url'
14:09:00.645 [Forwarding getCurrentUrl on session ac946bb5cfbf70a8336890deb32b3cba to remote] DEBUG org.asynchttpclient.netty.request.NettyRequestSender - Using open Channel [id: 0x95bb4159, L:/127.0.0.1:14149 - R:localhost/127.0.0.1:2316] for GET '/session/ac946bb5cfbf70a8336890deb32b3cba/url'
14:09:00.650 [AsyncHttpClient-1-5] DEBUG org.asynchttpclient.netty.handler.HttpHandler - 

Request DefaultFullHttpRequest(decodeResult: success, version: HTTP/1.1, content: EmptyByteBufBE)
GET /session/ac946bb5cfbf70a8336890deb32b3cba/url HTTP/1.1
User-Agent: selenium/4.8.1 (java windows)
Cache-Control: no-cache
Content-Type: application/json; charset=utf-8
host: localhost:2316
accept: */*

Response DefaultHttpResponse(decodeResult: success, version: HTTP/1.1)
HTTP/1.1 200 OK
Content-Length: 67
Content-Type: application/json; charset=utf-8
cache-control: no-cache

14:09:00.651 [AsyncHttpClient-1-5] DEBUG org.asynchttpclient.netty.channel.ChannelManager - Adding key: http://localhost:2316 for channel [id: 0x95bb4159, L:/127.0.0.1:14149 - R:localhost/127.0.0.1:2316]
14:09:00.652 [Forwarding screenshot on session ac946bb5cfbf70a8336890deb32b3cba to remote] DEBUG org.asynchttpclient.netty.request.NettyRequestSender - Using pooled Channel '[id: 0x95bb4159, L:/127.0.0.1:14149 - R:localhost/127.0.0.1:2316]' for 'GET' to 'http://localhost:2316/session/ac946bb5cfbf70a8336890deb32b3cba/screenshot'
14:09:00.652 [Forwarding screenshot on session ac946bb5cfbf70a8336890deb32b3cba to remote] DEBUG org.asynchttpclient.netty.request.NettyRequestSender - Using open Channel [id: 0x95bb4159, L:/127.0.0.1:14149 - R:localhost/127.0.0.1:2316] for GET '/session/ac946bb5cfbf70a8336890deb32b3cba/screenshot'
14:09:00.759 [AsyncHttpClient-1-5] DEBUG org.asynchttpclient.netty.handler.HttpHandler - 

Request DefaultFullHttpRequest(decodeResult: success, version: HTTP/1.1, content: EmptyByteBufBE)
GET /session/ac946bb5cfbf70a8336890deb32b3cba/screenshot HTTP/1.1
User-Agent: selenium/4.8.1 (java windows)
Cache-Control: no-cache
Content-Type: application/json; charset=utf-8
host: localhost:2316
accept: */*

Response DefaultHttpResponse(decodeResult: success, version: HTTP/1.1)
HTTP/1.1 200 OK
Content-Length: 106404
Content-Type: application/json; charset=utf-8
cache-control: no-cache

14:09:00.761 [AsyncHttpClient-1-5] DEBUG org.asynchttpclient.netty.channel.ChannelManager - Adding key: http://localhost:2316 for channel [id: 0x95bb4159, L:/127.0.0.1:14149 - R:localhost/127.0.0.1:2316]
14:09:00.768 [main] DEBUG net.serenitybdd.core.photography.Darkroom - Send negative for processing for target\site\serenity\7127b03a1c7439c73550c68e2eec810c17e2f592f33f40ef577f934074cc49ba.png
14:09:00.770 [Forwarding getPageSource on session ac946bb5cfbf70a8336890deb32b3cba to remote] DEBUG org.asynchttpclient.netty.request.NettyRequestSender - Using pooled Channel '[id: 0x95bb4159, L:/127.0.0.1:14149 - R:localhost/127.0.0.1:2316]' for 'POST' to 'http://localhost:2316/session/ac946bb5cfbf70a8336890deb32b3cba/execute/sync'
14:09:00.771 [Forwarding getPageSource on session ac946bb5cfbf70a8336890deb32b3cba to remote] DEBUG org.asynchttpclient.netty.request.NettyRequestSender - Using open Channel [id: 0x95bb4159, L:/127.0.0.1:14149 - R:localhost/127.0.0.1:2316] for POST '/session/ac946bb5cfbf70a8336890deb32b3cba/execute/sync'
14:09:00.778 [AsyncHttpClient-1-5] DEBUG org.asynchttpclient.netty.handler.HttpHandler - 

Request DefaultHttpRequest(decodeResult: success, version: HTTP/1.1)
POST /session/ac946bb5cfbf70a8336890deb32b3cba/execute/sync HTTP/1.1
User-Agent: selenium/4.8.1 (java windows)
Content-Length: 176
Content-Type: application/json; charset=utf-8
host: localhost:2316
accept: */*

Response DefaultHttpResponse(decodeResult: success, version: HTTP/1.1)
HTTP/1.1 200 OK
Content-Length: 14554
Content-Type: application/json; charset=utf-8
cache-control: no-cache

14:09:00.778 [AsyncHttpClient-1-5] DEBUG org.asynchttpclient.netty.channel.ChannelManager - Adding key: http://localhost:2316 for channel [id: 0x95bb4159, L:/127.0.0.1:14149 - R:localhost/127.0.0.1:2316]
14:09:00.786 [Forwarding getCurrentUrl on session ac946bb5cfbf70a8336890deb32b3cba to remote] DEBUG org.asynchttpclient.netty.request.NettyRequestSender - Using pooled Channel '[id: 0x95bb4159, L:/127.0.0.1:14149 - R:localhost/127.0.0.1:2316]' for 'GET' to 'http://localhost:2316/session/ac946bb5cfbf70a8336890deb32b3cba/url'
14:09:00.786 [Forwarding getCurrentUrl on session ac946bb5cfbf70a8336890deb32b3cba to remote] DEBUG org.asynchttpclient.netty.request.NettyRequestSender - Using open Channel [id: 0x95bb4159, L:/127.0.0.1:14149 - R:localhost/127.0.0.1:2316] for GET '/session/ac946bb5cfbf70a8336890deb32b3cba/url'
14:09:00.792 [AsyncHttpClient-1-5] DEBUG org.asynchttpclient.netty.handler.HttpHandler - 

Request DefaultFullHttpRequest(decodeResult: success, version: HTTP/1.1, content: EmptyByteBufBE)
GET /session/ac946bb5cfbf70a8336890deb32b3cba/url HTTP/1.1
User-Agent: selenium/4.8.1 (java windows)
Cache-Control: no-cache
Content-Type: application/json; charset=utf-8
host: localhost:2316
accept: */*

Response DefaultHttpResponse(decodeResult: success, version: HTTP/1.1)
HTTP/1.1 200 OK
Content-Length: 67
Content-Type: application/json; charset=utf-8
cache-control: no-cache

14:09:00.792 [AsyncHttpClient-1-5] DEBUG org.asynchttpclient.netty.channel.ChannelManager - Adding key: http://localhost:2316 for channel [id: 0x95bb4159, L:/127.0.0.1:14149 - R:localhost/127.0.0.1:2316]
14:09:00.876 [main] DEBUG net.thucydides.core.steps.StepInterceptor - STARTING STEP: CustomerDataSteps.ClickSearchCustomer - ClickSearchCustomer
14:09:00.885 [Forwarding findElement on session ac946bb5cfbf70a8336890deb32b3cba to remote] DEBUG org.asynchttpclient.netty.request.NettyRequestSender - Using pooled Channel '[id: 0x95bb4159, L:/127.0.0.1:14149 - R:localhost/127.0.0.1:2316]' for 'POST' to 'http://localhost:2316/session/ac946bb5cfbf70a8336890deb32b3cba/element'
14:09:00.885 [Forwarding findElement on session ac946bb5cfbf70a8336890deb32b3cba to remote] DEBUG org.asynchttpclient.netty.request.NettyRequestSender - Using open Channel [id: 0x95bb4159, L:/127.0.0.1:14149 - R:localhost/127.0.0.1:2316] for POST '/session/ac946bb5cfbf70a8336890deb32b3cba/element'
14:09:00.912 [AsyncHttpClient-1-5] DEBUG org.asynchttpclient.netty.handler.HttpHandler - 

Request DefaultHttpRequest(decodeResult: success, version: HTTP/1.1)
POST /session/ac946bb5cfbf70a8336890deb32b3cba/element HTTP/1.1
User-Agent: selenium/4.8.1 (java windows)
Content-Length: 81
Content-Type: application/json; charset=utf-8
host: localhost:2316
accept: */*

Response DefaultHttpResponse(decodeResult: success, version: HTTP/1.1)
HTTP/1.1 200 OK
Content-Length: 95
Content-Type: application/json; charset=utf-8
cache-control: no-cache

14:09:00.912 [AsyncHttpClient-1-5] DEBUG org.asynchttpclient.netty.channel.ChannelManager - Adding key: http://localhost:2316 for channel [id: 0x95bb4159, L:/127.0.0.1:14149 - R:localhost/127.0.0.1:2316]
14:09:00.914 [Forwarding clearElement on session ac946bb5cfbf70a8336890deb32b3cba to remote] DEBUG org.asynchttpclient.netty.request.NettyRequestSender - Using pooled Channel '[id: 0x95bb4159, L:/127.0.0.1:14149 - R:localhost/127.0.0.1:2316]' for 'POST' to 'http://localhost:2316/session/ac946bb5cfbf70a8336890deb32b3cba/element/133CD6A93037E32EC93B16517264A451_element_50/clear'
14:09:00.914 [Forwarding clearElement on session ac946bb5cfbf70a8336890deb32b3cba to remote] DEBUG org.asynchttpclient.netty.request.NettyRequestSender - Using open Channel [id: 0x95bb4159, L:/127.0.0.1:14149 - R:localhost/127.0.0.1:2316] for POST '/session/ac946bb5cfbf70a8336890deb32b3cba/element/133CD6A93037E32EC93B16517264A451_element_50/clear'
14:09:00.950 [AsyncHttpClient-1-5] DEBUG org.asynchttpclient.netty.handler.HttpHandler - 

Request DefaultHttpRequest(decodeResult: success, version: HTTP/1.1)
POST /session/ac946bb5cfbf70a8336890deb32b3cba/element/133CD6A93037E32EC93B16517264A451_element_50/clear HTTP/1.1
User-Agent: selenium/4.8.1 (java windows)
Content-Length: 57
Content-Type: application/json; charset=utf-8
host: localhost:2316
accept: */*

Response DefaultHttpResponse(decodeResult: success, version: HTTP/1.1)
HTTP/1.1 200 OK
Content-Length: 14
Content-Type: application/json; charset=utf-8
cache-control: no-cache

14:09:00.950 [AsyncHttpClient-1-5] DEBUG org.asynchttpclient.netty.channel.ChannelManager - Adding key: http://localhost:2316 for channel [id: 0x95bb4159, L:/127.0.0.1:14149 - R:localhost/127.0.0.1:2316]
14:09:00.954 [Forwarding sendKeysToElement on session ac946bb5cfbf70a8336890deb32b3cba to remote] DEBUG org.asynchttpclient.netty.request.NettyRequestSender - Using pooled Channel '[id: 0x95bb4159, L:/127.0.0.1:14149 - R:localhost/127.0.0.1:2316]' for 'POST' to 'http://localhost:2316/session/ac946bb5cfbf70a8336890deb32b3cba/element/133CD6A93037E32EC93B16517264A451_element_50/value'
14:09:00.954 [Forwarding sendKeysToElement on session ac946bb5cfbf70a8336890deb32b3cba to remote] DEBUG org.asynchttpclient.netty.request.NettyRequestSender - Using open Channel [id: 0x95bb4159, L:/127.0.0.1:14149 - R:localhost/127.0.0.1:2316] for POST '/session/ac946bb5cfbf70a8336890deb32b3cba/element/133CD6A93037E32EC93B16517264A451_element_50/value'
14:09:01.697 [AsyncHttpClient-1-1] DEBUG org.asynchttpclient.netty.channel.DefaultChannelPool - Entry count for : http://localhost:14150 : 1
14:09:01.838 [AsyncHttpClient-1-5] DEBUG org.asynchttpclient.netty.handler.HttpHandler - 

Request DefaultHttpRequest(decodeResult: success, version: HTTP/1.1)
POST /session/ac946bb5cfbf70a8336890deb32b3cba/element/133CD6A93037E32EC93B16517264A451_element_50/value HTTP/1.1
User-Agent: selenium/4.8.1 (java windows)
Content-Length: 168
Content-Type: application/json; charset=utf-8
host: localhost:2316
accept: */*

Response DefaultHttpResponse(decodeResult: success, version: HTTP/1.1)
HTTP/1.1 200 OK
Content-Length: 14
Content-Type: application/json; charset=utf-8
cache-control: no-cache

14:09:01.838 [AsyncHttpClient-1-5] DEBUG org.asynchttpclient.netty.channel.ChannelManager - Adding key: http://localhost:2316 for channel [id: 0x95bb4159, L:/127.0.0.1:14149 - R:localhost/127.0.0.1:2316]
14:09:01.853 [Forwarding getAlertText on session ac946bb5cfbf70a8336890deb32b3cba to remote] DEBUG org.asynchttpclient.netty.request.NettyRequestSender - Using pooled Channel '[id: 0x95bb4159, L:/127.0.0.1:14149 - R:localhost/127.0.0.1:2316]' for 'GET' to 'http://localhost:2316/session/ac946bb5cfbf70a8336890deb32b3cba/alert/text'
14:09:01.853 [Forwarding getAlertText on session ac946bb5cfbf70a8336890deb32b3cba to remote] DEBUG org.asynchttpclient.netty.request.NettyRequestSender - Using open Channel [id: 0x95bb4159, L:/127.0.0.1:14149 - R:localhost/127.0.0.1:2316] for GET '/session/ac946bb5cfbf70a8336890deb32b3cba/alert/text'
14:09:01.856 [AsyncHttpClient-1-5] DEBUG org.asynchttpclient.netty.handler.HttpHandler - 

Request DefaultFullHttpRequest(decodeResult: success, version: HTTP/1.1, content: EmptyByteBufBE)
GET /session/ac946bb5cfbf70a8336890deb32b3cba/alert/text HTTP/1.1
User-Agent: selenium/4.8.1 (java windows)
Cache-Control: no-cache
Content-Type: application/json; charset=utf-8
host: localhost:2316
accept: */*

Response DefaultHttpResponse(decodeResult: success, version: HTTP/1.1)
HTTP/1.1 404 Not Found
Content-Length: 807
Content-Type: application/json; charset=utf-8
cache-control: no-cache

14:09:01.856 [AsyncHttpClient-1-5] DEBUG org.asynchttpclient.netty.channel.ChannelManager - Adding key: http://localhost:2316 for channel [id: 0x95bb4159, L:/127.0.0.1:14149 - R:localhost/127.0.0.1:2316]
14:09:01.861 [Forwarding getCurrentUrl on session ac946bb5cfbf70a8336890deb32b3cba to remote] DEBUG org.asynchttpclient.netty.request.NettyRequestSender - Using pooled Channel '[id: 0x95bb4159, L:/127.0.0.1:14149 - R:localhost/127.0.0.1:2316]' for 'GET' to 'http://localhost:2316/session/ac946bb5cfbf70a8336890deb32b3cba/url'
14:09:01.861 [Forwarding getCurrentUrl on session ac946bb5cfbf70a8336890deb32b3cba to remote] DEBUG org.asynchttpclient.netty.request.NettyRequestSender - Using open Channel [id: 0x95bb4159, L:/127.0.0.1:14149 - R:localhost/127.0.0.1:2316] for GET '/session/ac946bb5cfbf70a8336890deb32b3cba/url'
14:09:01.866 [AsyncHttpClient-1-5] DEBUG org.asynchttpclient.netty.handler.HttpHandler - 

Request DefaultFullHttpRequest(decodeResult: success, version: HTTP/1.1, content: EmptyByteBufBE)
GET /session/ac946bb5cfbf70a8336890deb32b3cba/url HTTP/1.1
User-Agent: selenium/4.8.1 (java windows)
Cache-Control: no-cache
Content-Type: application/json; charset=utf-8
host: localhost:2316
accept: */*

Response DefaultHttpResponse(decodeResult: success, version: HTTP/1.1)
HTTP/1.1 200 OK
Content-Length: 67
Content-Type: application/json; charset=utf-8
cache-control: no-cache

14:09:01.866 [AsyncHttpClient-1-5] DEBUG org.asynchttpclient.netty.channel.ChannelManager - Adding key: http://localhost:2316 for channel [id: 0x95bb4159, L:/127.0.0.1:14149 - R:localhost/127.0.0.1:2316]
14:09:01.868 [Forwarding screenshot on session ac946bb5cfbf70a8336890deb32b3cba to remote] DEBUG org.asynchttpclient.netty.request.NettyRequestSender - Using pooled Channel '[id: 0x95bb4159, L:/127.0.0.1:14149 - R:localhost/127.0.0.1:2316]' for 'GET' to 'http://localhost:2316/session/ac946bb5cfbf70a8336890deb32b3cba/screenshot'
14:09:01.868 [Forwarding screenshot on session ac946bb5cfbf70a8336890deb32b3cba to remote] DEBUG org.asynchttpclient.netty.request.NettyRequestSender - Using open Channel [id: 0x95bb4159, L:/127.0.0.1:14149 - R:localhost/127.0.0.1:2316] for GET '/session/ac946bb5cfbf70a8336890deb32b3cba/screenshot'
14:09:01.979 [AsyncHttpClient-1-5] DEBUG org.asynchttpclient.netty.handler.HttpHandler - 

Request DefaultFullHttpRequest(decodeResult: success, version: HTTP/1.1, content: EmptyByteBufBE)
GET /session/ac946bb5cfbf70a8336890deb32b3cba/screenshot HTTP/1.1
User-Agent: selenium/4.8.1 (java windows)
Cache-Control: no-cache
Content-Type: application/json; charset=utf-8
host: localhost:2316
accept: */*

Response DefaultHttpResponse(decodeResult: success, version: HTTP/1.1)
HTTP/1.1 200 OK
Content-Length: 103360
Content-Type: application/json; charset=utf-8
cache-control: no-cache

14:09:01.981 [AsyncHttpClient-1-5] DEBUG org.asynchttpclient.netty.channel.ChannelManager - Adding key: http://localhost:2316 for channel [id: 0x95bb4159, L:/127.0.0.1:14149 - R:localhost/127.0.0.1:2316]
14:09:01.988 [main] DEBUG net.serenitybdd.core.photography.Darkroom - Send negative for processing for target\site\serenity\9432d193f0a7c45c9cdd4b796b082efba8586917ece4501b6a2fad39c3013623.png
14:09:01.989 [Darkroom Processing Line] DEBUG net.serenitybdd.core.photography.DarkroomProcessingLine - Processing screenshot image in /var/screenshots/screenshot-3966556356496390232
14:09:01.989 [main] DEBUG net.thucydides.core.steps.StepInterceptor - STEP DONE: ClickSearchCustomer
14:09:01.989 [Darkroom Processing Line] DEBUG net.serenitybdd.core.photography.DarkroomProcessingLine - Saving screenshot to target\site\serenity\9432d193f0a7c45c9cdd4b796b082efba8586917ece4501b6a2fad39c3013623.png
  &amp#27;[32mThen &amp#27;[0m&amp#27;[32mI click search customer&amp#27;[0m                                      &amp#27;[90m# Starter.Stepdefitions.CustomerDataSteps.ClickSearchCustomer()&amp#27;[0m
14:09:02.000 [main] INFO  - 
  _____   ___   ___   _____     ___     _     ___   ___   ___   ___  
 |_   _| | __| / __| |_   _|   | _ \   /_\   / __| / __| | __| |   \ 
   | |   | _|  \__ \   | |     |  _/  / _ \  \__ \ \__ \ | _|  | |) |
   |_|   |___| |___/   |_|     |_|   /_/ \_\ |___/ |___/ |___| |___/ 

As a user, I have successfully searched the customer data
----------------------------------------------------------------------
14:09:02.002 [AsyncHttpClient-1-7] DEBUG org.asynchttpclient.netty.handler.WebSocketHandler - Channel Closed: [id: 0xf21f44c5, L:/127.0.0.1:14157 ! R:localhost/127.0.0.1:14150] with attribute NettyResponseFuture{currentRetry=0,
	isDone=1,
	isCancelled=0,
	asyncHandler=org.asynchttpclient.ws.WebSocketUpgradeHandler@132d98,
	nettyRequest=org.asynchttpclient.netty.request.NettyRequest@111acfe,
	future=java.util.concurrent.CompletableFuture@16571b2[Completed normally],
	uri=ws://localhost:14150/devtools/browser/de0c0130-d3c1-4f75-b67d-ad7cb85a49fd,
	keepAlive=true,
	redirectCount=0,
	timeoutsHolder=null,
	inAuth=0,
	touch=1687676919105}
14:09:02.003 [AsyncHttpClient-1-7] DEBUG org.asynchttpclient.netty.channel.ChannelManager - Closing Channel [id: 0xf21f44c5, L:/127.0.0.1:14157 ! R:localhost/127.0.0.1:14150] 
14:09:02.003 [Driver Command Executor] DEBUG org.asynchttpclient.netty.request.NettyRequestSender - Using pooled Channel '[id: 0x95bb4159, L:/127.0.0.1:14149 - R:localhost/127.0.0.1:2316]' for 'DELETE' to 'http://localhost:2316/session/ac946bb5cfbf70a8336890deb32b3cba'
14:09:02.003 [Driver Command Executor] DEBUG org.asynchttpclient.netty.request.NettyRequestSender - Using open Channel [id: 0x95bb4159, L:/127.0.0.1:14149 - R:localhost/127.0.0.1:2316] for DELETE '/session/ac946bb5cfbf70a8336890deb32b3cba'
14:09:02.798 [AsyncHttpClient-1-1] DEBUG org.asynchttpclient.netty.channel.DefaultChannelPool - Entry count for : http://localhost:14150 : 1
14:09:03.898 [AsyncHttpClient-1-1] DEBUG org.asynchttpclient.netty.channel.DefaultChannelPool - Entry count for : http://localhost:14150 : 1
14:09:04.997 [AsyncHttpClient-1-1] DEBUG org.asynchttpclient.netty.channel.DefaultChannelPool - Entry count for : http://localhost:14150 : 1
14:09:06.098 [AsyncHttpClient-1-1] DEBUG org.asynchttpclient.netty.channel.DefaultChannelPool - Entry count for : http://localhost:14150 : 1
14:09:07.198 [AsyncHttpClient-1-1] DEBUG org.asynchttpclient.netty.channel.DefaultChannelPool - Entry count for : http://localhost:14150 : 1
14:09:07.555 [AsyncHttpClient-1-6] DEBUG org.asynchttpclient.netty.handler.HttpHandler - Unexpected I/O exception on channel [id: 0xd9add54c, L:/127.0.0.1:14156 - R:localhost/127.0.0.1:14150]
java.io.IOException: An existing connection was forcibly closed by the remote host
	at sun.nio.ch.SocketDispatcher.read0(Native Method)
	at sun.nio.ch.SocketDispatcher.read(SocketDispatcher.java:43)
	at sun.nio.ch.IOUtil.readIntoNativeBuffer(IOUtil.java:223)
	at sun.nio.ch.IOUtil.read(IOUtil.java:192)
	at sun.nio.ch.SocketChannelImpl.read(SocketChannelImpl.java:379)
	at io.netty.buffer.PooledByteBuf.setBytes(PooledByteBuf.java:259)
	at io.netty.buffer.AbstractByteBuf.writeBytes(AbstractByteBuf.java:1132)
	at io.netty.channel.socket.nio.NioSocketChannel.doReadBytes(NioSocketChannel.java:357)
	at io.netty.channel.nio.AbstractNioByteChannel$NioByteUnsafe.read(AbstractNioByteChannel.java:151)
	at io.netty.channel.nio.NioEventLoop.processSelectedKey(NioEventLoop.java:788)
	at io.netty.channel.nio.NioEventLoop.processSelectedKeysOptimized(NioEventLoop.java:724)
	at io.netty.channel.nio.NioEventLoop.processSelectedKeys(NioEventLoop.java:650)
	at io.netty.channel.nio.NioEventLoop.run(NioEventLoop.java:562)
	at io.netty.util.concurrent.SingleThreadEventExecutor$4.run(SingleThreadEventExecutor.java:997)
	at io.netty.util.internal.ThreadExecutorMap$2.run(ThreadExecutorMap.java:74)
	at io.netty.util.concurrent.FastThreadLocalRunnable.run(FastThreadLocalRunnable.java:30)
	at java.lang.Thread.run(Thread.java:745)
14:09:07.556 [AsyncHttpClient-1-6] DEBUG org.asynchttpclient.netty.channel.ChannelManager - Closing Channel [id: 0xd9add54c, L:/127.0.0.1:14156 - R:localhost/127.0.0.1:14150] 
14:09:07.558 [AsyncHttpClient-1-6] DEBUG org.asynchttpclient.netty.handler.HttpHandler - Channel Closed: [id: 0xd9add54c, L:/127.0.0.1:14156 ! R:localhost/127.0.0.1:14150] with attribute DISCARD
14:09:07.559 [AsyncHttpClient-1-5] DEBUG org.asynchttpclient.netty.handler.HttpHandler - 

Request DefaultFullHttpRequest(decodeResult: success, version: HTTP/1.1, content: EmptyByteBufBE)
DELETE /session/ac946bb5cfbf70a8336890deb32b3cba HTTP/1.1
User-Agent: selenium/4.8.1 (java windows)
Content-Type: application/json; charset=utf-8
host: localhost:2316
accept: */*

Response DefaultHttpResponse(decodeResult: success, version: HTTP/1.1)
HTTP/1.1 200 OK
Content-Length: 14
Content-Type: application/json; charset=utf-8
cache-control: no-cache

14:09:07.559 [AsyncHttpClient-1-5] DEBUG org.asynchttpclient.netty.channel.ChannelManager - Adding key: http://localhost:2316 for channel [id: 0x95bb4159, L:/127.0.0.1:14149 - R:localhost/127.0.0.1:2316]
14:09:07.646 [AsyncHttpClient-1-5] DEBUG org.asynchttpclient.netty.handler.HttpHandler - Channel Closed: [id: 0x95bb4159, L:/127.0.0.1:14149 ! R:localhost/127.0.0.1:2316] with attribute DISCARD
]]></system-out>
    <system-err><![CDATA[Starting ChromeDriver 114.0.5735.90 (386bc09e8f4f2e025eddae123f36f6263096ae49-refs/branch-heads/5735@{#1052}) on port 2316
Only local connections are allowed.
Please see https://chromedriver.chromium.org/security-considerations for suggestions on keeping ChromeDriver safe.
ChromeDriver was started successfully.
Jun 25, 2023 2:08:39 PM org.openqa.selenium.devtools.CdpVersionFinder findNearestMatch
WARNING: Unable to find an exact match for CDP version 114, so returning the closest version found: 110
]]></system-err>
  </testcase>
  <testcase name="As a user, I have successfully view the customer transaction" classname="Customer Transaction View" time="23.736">
    <system-out><![CDATA[14:09:08.161 [main] DEBUG io.cucumber.core.plugin.SerenityReporter - Running feature from file:///C:/Users/USER/IdeaProjects/Capston_webtesting/src/test/resources/Feature/CustomerTransaction.feature
14:09:08.161 [main] WARN io.cucumber.core.plugin.SerenityReporter - Feature from file:///C:/Users/USER/IdeaProjects/Capston_webtesting/src/test/resources/Feature/CustomerTransaction.feature is not under the 'features' directory. Requirements report will not be correctly generated!
14:09:08.165 [main] DEBUG net.thucydides.core.steps.StepEventBus - Test suite started for story net.thucydides.core.model.Story@7500110e
14:09:08.166 [main] INFO  - Test Suite Started: Customer Transaction View

@CustomerTransaction
Scenario: As a user, I have successfully view the customer transaction &amp#27;[90m# src/test/resources/Feature/CustomerTransaction.feature:3&amp#27;[0m
14:09:08.185 [main] DEBUG io.cucumber.core.plugin.SerenityReporter - Running feature from file:///C:/Users/USER/IdeaProjects/Capston_webtesting/src/test/resources/Feature/CustomerTransaction.feature
14:09:08.186 [main] WARN io.cucumber.core.plugin.SerenityReporter - Feature from file:///C:/Users/USER/IdeaProjects/Capston_webtesting/src/test/resources/Feature/CustomerTransaction.feature is not under the 'features' directory. Requirements report will not be correctly generated!
14:09:08.189 [main] INFO  - 
  _____   ___   ___   _____     ___   _____     _     ___   _____   ___   ___  
 |_   _| | __| / __| |_   _|   / __| |_   _|   /_\   | _ \ |_   _| | __| |   \ 
   | |   | _|  \__ \   | |     \__ \   | |    / _ \  |   /   | |   | _|  | |) |
   |_|   |___| |___/   |_|     |___/   |_|   /_/ \_\ |_|_\   |_|   |___| |___/ 

As a user, I have successfully view the customer transaction(customer-transaction-view;as-a-user--i-have-successfully-view-the-customer-transaction)
--------------------------------------------------------------------------------
14:09:08.299 [AsyncHttpClient-1-1] DEBUG org.asynchttpclient.netty.channel.DefaultChannelPool - Entry count for : http://localhost:2316 : 1
14:09:08.299 [AsyncHttpClient-1-1] DEBUG org.asynchttpclient.netty.channel.DefaultChannelPool - Entry count for : http://localhost:14150 : 1
14:09:08.299 [AsyncHttpClient-1-1] DEBUG org.asynchttpclient.netty.channel.DefaultChannelPool - Adding Candidate expired Channel [id: 0x95bb4159, L:/127.0.0.1:14149 ! R:localhost/127.0.0.1:2316] isIdleTimeoutExpired=false isRemotelyClosed=true isTtlExpired=false
14:09:08.299 [AsyncHttpClient-1-1] DEBUG org.asynchttpclient.netty.channel.DefaultChannelPool - Closing Idle Channel [id: 0x95bb4159, L:/127.0.0.1:14149 ! R:localhost/127.0.0.1:2316]
14:09:08.299 [AsyncHttpClient-1-1] DEBUG org.asynchttpclient.netty.channel.DefaultChannelPool - Adding Candidate expired Channel [id: 0xd9add54c, L:/127.0.0.1:14156 ! R:localhost/127.0.0.1:14150] isIdleTimeoutExpired=false isRemotelyClosed=true isTtlExpired=false
14:09:08.299 [AsyncHttpClient-1-1] DEBUG org.asynchttpclient.netty.channel.DefaultChannelPool - Closing Idle Channel [id: 0xd9add54c, L:/127.0.0.1:14156 ! R:localhost/127.0.0.1:14150]
14:09:08.299 [AsyncHttpClient-1-1] DEBUG org.asynchttpclient.netty.channel.DefaultChannelPool - Closed 2 connections out of 2 in 0 ms
14:09:08.395 [main] DEBUG net.thucydides.core.steps.StepInterceptor - STARTING STEP: CustomerTransactionSteps.onnSignInPage - openPage
14:09:08.495 [main] INFO net.serenitybdd.core.webdriver.driverproviders.ChromeDriverProvider - Starting Chrome driver instance with capabilities:
14:09:08.496 [main] INFO net.serenitybdd.core.webdriver.driverproviders.ChromeDriverProvider - Capabilities {acceptInsecureCerts: false, browserName: chrome, goog:chromeOptions: {args: [remote-allow-origins=*], extensions: []}}
14:09:08.569 [AsyncHttpClient-1-8] DEBUG org.asynchttpclient.netty.channel.NettyConnectListener - Using new Channel '[id: 0x05189bee, L:/127.0.0.1:14171 - R:localhost/127.0.0.1:27717]' for 'POST' to '/session'
14:09:11.747 [AsyncHttpClient-1-8] DEBUG org.asynchttpclient.netty.handler.HttpHandler - 

Request DefaultHttpRequest(decodeResult: success, version: HTTP/1.1)
POST /session HTTP/1.1
User-Agent: selenium/4.8.1 (java windows)
Content-Length: 507
Content-Type: application/json; charset=utf-8
host: localhost:27717
accept: */*

Response DefaultHttpResponse(decodeResult: success, version: HTTP/1.1)
HTTP/1.1 200 OK
Content-Length: 859
Content-Type: application/json; charset=utf-8
cache-control: no-cache

14:09:11.748 [AsyncHttpClient-1-8] DEBUG org.asynchttpclient.netty.channel.ChannelManager - Adding key: http://localhost:27717 for channel [id: 0x05189bee, L:/127.0.0.1:14171 - R:localhost/127.0.0.1:27717]
14:09:11.768 [AsyncHttpClient-1-9] DEBUG org.asynchttpclient.netty.channel.NettyConnectListener - Using new Channel '[id: 0x645b5ee9, L:/127.0.0.1:14178 - R:localhost/127.0.0.1:14172]' for 'GET' to '/json/version'
14:09:11.770 [AsyncHttpClient-1-9] DEBUG org.asynchttpclient.netty.handler.HttpHandler - 

Request DefaultFullHttpRequest(decodeResult: success, version: HTTP/1.1, content: EmptyByteBufBE)
GET /json/version HTTP/1.1
User-Agent: selenium/4.8.1 (java windows)
host: localhost:14172
accept: */*

Response DefaultHttpResponse(decodeResult: success, version: HTTP/1.1)
HTTP/1.1 200 OK
Content-Security-Policy: frame-ancestors 'none'
Content-Length: 424
Content-Type: application/json; charset=UTF-8

14:09:11.770 [AsyncHttpClient-1-9] DEBUG org.asynchttpclient.netty.channel.ChannelManager - Adding key: http://localhost:14172 for channel [id: 0x645b5ee9, L:/127.0.0.1:14178 - R:localhost/127.0.0.1:14172]
14:09:11.774 [AsyncHttpClient-1-2] DEBUG org.asynchttpclient.netty.channel.NettyConnectListener - Using new Channel '[id: 0xeda0c42e, L:/127.0.0.1:14179 - R:localhost/127.0.0.1:14172]' for 'GET' to '/devtools/browser/81ef91da-59aa-4fdf-896e-e13a38590a64'
14:09:11.775 [AsyncHttpClient-1-2] DEBUG org.asynchttpclient.netty.handler.WebSocketHandler - 

Request DefaultFullHttpRequest(decodeResult: success, version: HTTP/1.1, content: EmptyByteBufBE)
GET /devtools/browser/81ef91da-59aa-4fdf-896e-e13a38590a64 HTTP/1.1
upgrade: websocket
connection: upgrade
sec-websocket-key: tfo+fv2sz3YplONA4GXcIA==
sec-websocket-version: 13
origin: http://localhost:14172
host: localhost:14172
accept: */*
user-agent: AHC/2.1

Response DefaultHttpResponse(decodeResult: success, version: HTTP/1.1)
HTTP/1.1 101 WebSocket Protocol Handshake
Upgrade: WebSocket
Connection: Upgrade
Sec-WebSocket-Accept: Rqfz/M5uICeHZtWBZe3Q1bUhN6Y=

14:09:11.788 [Forwarding get on session 10548012a87614cb42f3113d4e05a55a to remote] DEBUG org.asynchttpclient.netty.request.NettyRequestSender - Using pooled Channel '[id: 0x05189bee, L:/127.0.0.1:14171 - R:localhost/127.0.0.1:27717]' for 'POST' to 'http://localhost:27717/session/10548012a87614cb42f3113d4e05a55a/url'
14:09:11.788 [Forwarding get on session 10548012a87614cb42f3113d4e05a55a to remote] DEBUG org.asynchttpclient.netty.request.NettyRequestSender - Using open Channel [id: 0x05189bee, L:/127.0.0.1:14171 - R:localhost/127.0.0.1:27717] for POST '/session/10548012a87614cb42f3113d4e05a55a/url'
14:09:12.725 [AsyncHttpClient-1-1] DEBUG org.asynchttpclient.netty.channel.DefaultChannelPool - Entry count for : http://localhost:14172 : 1
14:09:13.797 [AsyncHttpClient-1-1] DEBUG org.asynchttpclient.netty.channel.DefaultChannelPool - Entry count for : http://localhost:14172 : 1
14:09:14.910 [AsyncHttpClient-1-1] DEBUG org.asynchttpclient.netty.channel.DefaultChannelPool - Entry count for : http://localhost:14172 : 1
14:09:15.998 [AsyncHttpClient-1-1] DEBUG org.asynchttpclient.netty.channel.DefaultChannelPool - Entry count for : http://localhost:14172 : 1
14:09:17.099 [AsyncHttpClient-1-1] DEBUG org.asynchttpclient.netty.channel.DefaultChannelPool - Entry count for : http://localhost:14172 : 1
14:09:18.199 [AsyncHttpClient-1-1] DEBUG org.asynchttpclient.netty.channel.DefaultChannelPool - Entry count for : http://localhost:14172 : 1
14:09:19.299 [AsyncHttpClient-1-1] DEBUG org.asynchttpclient.netty.channel.DefaultChannelPool - Entry count for : http://localhost:14172 : 1
14:09:20.276 [AsyncHttpClient-1-8] DEBUG org.asynchttpclient.netty.handler.HttpHandler - 

Request DefaultHttpRequest(decodeResult: success, version: HTTP/1.1)
POST /session/10548012a87614cb42f3113d4e05a55a/url HTTP/1.1
User-Agent: selenium/4.8.1 (java windows)
Content-Length: 82
Content-Type: application/json; charset=utf-8
host: localhost:27717
accept: */*

Response DefaultHttpResponse(decodeResult: success, version: HTTP/1.1)
HTTP/1.1 200 OK
Content-Length: 14
Content-Type: application/json; charset=utf-8
cache-control: no-cache

14:09:20.277 [AsyncHttpClient-1-8] DEBUG org.asynchttpclient.netty.channel.ChannelManager - Adding key: http://localhost:27717 for channel [id: 0x05189bee, L:/127.0.0.1:14171 - R:localhost/127.0.0.1:27717]
14:09:20.281 [Forwarding setTimeout on session 10548012a87614cb42f3113d4e05a55a to remote] DEBUG org.asynchttpclient.netty.request.NettyRequestSender - Using pooled Channel '[id: 0x05189bee, L:/127.0.0.1:14171 - R:localhost/127.0.0.1:27717]' for 'POST' to 'http://localhost:27717/session/10548012a87614cb42f3113d4e05a55a/timeouts'
14:09:20.281 [Forwarding setTimeout on session 10548012a87614cb42f3113d4e05a55a to remote] DEBUG org.asynchttpclient.netty.request.NettyRequestSender - Using open Channel [id: 0x05189bee, L:/127.0.0.1:14171 - R:localhost/127.0.0.1:27717] for POST '/session/10548012a87614cb42f3113d4e05a55a/timeouts'
14:09:20.283 [AsyncHttpClient-1-8] DEBUG org.asynchttpclient.netty.handler.HttpHandler - 

Request DefaultHttpRequest(decodeResult: success, version: HTTP/1.1)
POST /session/10548012a87614cb42f3113d4e05a55a/timeouts HTTP/1.1
User-Agent: selenium/4.8.1 (java windows)
Content-Length: 22
Content-Type: application/json; charset=utf-8
host: localhost:27717
accept: */*

Response DefaultHttpResponse(decodeResult: success, version: HTTP/1.1)
HTTP/1.1 200 OK
Content-Length: 14
Content-Type: application/json; charset=utf-8
cache-control: no-cache

14:09:20.283 [AsyncHttpClient-1-8] DEBUG org.asynchttpclient.netty.channel.ChannelManager - Adding key: http://localhost:27717 for channel [id: 0x05189bee, L:/127.0.0.1:14171 - R:localhost/127.0.0.1:27717]
14:09:20.297 [main] DEBUG net.serenitybdd.core.photography.Darkroom - Opening darkroom
14:09:20.301 [Forwarding getAlertText on session 10548012a87614cb42f3113d4e05a55a to remote] DEBUG org.asynchttpclient.netty.request.NettyRequestSender - Using pooled Channel '[id: 0x05189bee, L:/127.0.0.1:14171 - R:localhost/127.0.0.1:27717]' for 'GET' to 'http://localhost:27717/session/10548012a87614cb42f3113d4e05a55a/alert/text'
14:09:20.301 [Forwarding getAlertText on session 10548012a87614cb42f3113d4e05a55a to remote] DEBUG org.asynchttpclient.netty.request.NettyRequestSender - Using open Channel [id: 0x05189bee, L:/127.0.0.1:14171 - R:localhost/127.0.0.1:27717] for GET '/session/10548012a87614cb42f3113d4e05a55a/alert/text'
14:09:20.304 [Darkroom Processing Line] DEBUG net.serenitybdd.core.photography.DarkroomProcessingLine - Darkroom processing line starting up
14:09:20.345 [AsyncHttpClient-1-8] DEBUG org.asynchttpclient.netty.handler.HttpHandler - 

Request DefaultFullHttpRequest(decodeResult: success, version: HTTP/1.1, content: EmptyByteBufBE)
GET /session/10548012a87614cb42f3113d4e05a55a/alert/text HTTP/1.1
User-Agent: selenium/4.8.1 (java windows)
Cache-Control: no-cache
Content-Type: application/json; charset=utf-8
host: localhost:27717
accept: */*

Response DefaultHttpResponse(decodeResult: success, version: HTTP/1.1)
HTTP/1.1 404 Not Found
Content-Length: 807
Content-Type: application/json; charset=utf-8
cache-control: no-cache

14:09:20.345 [AsyncHttpClient-1-8] DEBUG org.asynchttpclient.netty.channel.ChannelManager - Adding key: http://localhost:27717 for channel [id: 0x05189bee, L:/127.0.0.1:14171 - R:localhost/127.0.0.1:27717]
14:09:20.348 [Forwarding getCurrentUrl on session 10548012a87614cb42f3113d4e05a55a to remote] DEBUG org.asynchttpclient.netty.request.NettyRequestSender - Using pooled Channel '[id: 0x05189bee, L:/127.0.0.1:14171 - R:localhost/127.0.0.1:27717]' for 'GET' to 'http://localhost:27717/session/10548012a87614cb42f3113d4e05a55a/url'
14:09:20.348 [Forwarding getCurrentUrl on session 10548012a87614cb42f3113d4e05a55a to remote] DEBUG org.asynchttpclient.netty.request.NettyRequestSender - Using open Channel [id: 0x05189bee, L:/127.0.0.1:14171 - R:localhost/127.0.0.1:27717] for GET '/session/10548012a87614cb42f3113d4e05a55a/url'
14:09:20.367 [AsyncHttpClient-1-8] DEBUG org.asynchttpclient.netty.handler.HttpHandler - 

Request DefaultFullHttpRequest(decodeResult: success, version: HTTP/1.1, content: EmptyByteBufBE)
GET /session/10548012a87614cb42f3113d4e05a55a/url HTTP/1.1
User-Agent: selenium/4.8.1 (java windows)
Cache-Control: no-cache
Content-Type: application/json; charset=utf-8
host: localhost:27717
accept: */*

Response DefaultHttpResponse(decodeResult: success, version: HTTP/1.1)
HTTP/1.1 200 OK
Content-Length: 64
Content-Type: application/json; charset=utf-8
cache-control: no-cache

14:09:20.368 [AsyncHttpClient-1-8] DEBUG org.asynchttpclient.netty.channel.ChannelManager - Adding key: http://localhost:27717 for channel [id: 0x05189bee, L:/127.0.0.1:14171 - R:localhost/127.0.0.1:27717]
14:09:20.369 [Forwarding screenshot on session 10548012a87614cb42f3113d4e05a55a to remote] DEBUG org.asynchttpclient.netty.request.NettyRequestSender - Using pooled Channel '[id: 0x05189bee, L:/127.0.0.1:14171 - R:localhost/127.0.0.1:27717]' for 'GET' to 'http://localhost:27717/session/10548012a87614cb42f3113d4e05a55a/screenshot'
14:09:20.369 [Forwarding screenshot on session 10548012a87614cb42f3113d4e05a55a to remote] DEBUG org.asynchttpclient.netty.request.NettyRequestSender - Using open Channel [id: 0x05189bee, L:/127.0.0.1:14171 - R:localhost/127.0.0.1:27717] for GET '/session/10548012a87614cb42f3113d4e05a55a/screenshot'
14:09:20.401 [AsyncHttpClient-1-1] DEBUG org.asynchttpclient.netty.channel.DefaultChannelPool - Entry count for : http://localhost:14172 : 1
14:09:21.498 [AsyncHttpClient-1-1] DEBUG org.asynchttpclient.netty.channel.DefaultChannelPool - Entry count for : http://localhost:14172 : 1
14:09:22.598 [AsyncHttpClient-1-1] DEBUG org.asynchttpclient.netty.channel.DefaultChannelPool - Entry count for : http://localhost:14172 : 1
14:09:23.699 [AsyncHttpClient-1-1] DEBUG org.asynchttpclient.netty.channel.DefaultChannelPool - Entry count for : http://localhost:14172 : 1
14:09:23.719 [AsyncHttpClient-1-8] DEBUG org.asynchttpclient.netty.handler.HttpHandler - 

Request DefaultFullHttpRequest(decodeResult: success, version: HTTP/1.1, content: EmptyByteBufBE)
GET /session/10548012a87614cb42f3113d4e05a55a/screenshot HTTP/1.1
User-Agent: selenium/4.8.1 (java windows)
Cache-Control: no-cache
Content-Type: application/json; charset=utf-8
host: localhost:27717
accept: */*

Response DefaultHttpResponse(decodeResult: success, version: HTTP/1.1)
HTTP/1.1 200 OK
Content-Length: 125596
Content-Type: application/json; charset=utf-8
cache-control: no-cache

14:09:23.721 [AsyncHttpClient-1-8] DEBUG org.asynchttpclient.netty.channel.ChannelManager - Adding key: http://localhost:27717 for channel [id: 0x05189bee, L:/127.0.0.1:14171 - R:localhost/127.0.0.1:27717]
14:09:23.730 [main] DEBUG net.serenitybdd.core.photography.Darkroom - Send negative for processing for target\site\serenity\830bdd557b85a27d44613b64a7d39bdd5ce5e9cd6eedc8befa21a1ab815b1265.png
14:09:23.730 [main] DEBUG net.thucydides.core.steps.StepInterceptor - STEP DONE: openPage
  &amp#27;[32mGiven &amp#27;[0m&amp#27;[32mI am on the sign in pageeee&amp#27;[0m                                    &amp#27;[90m# Starter.Stepdefitions.CustomerTransactionSteps.onnSignInPage()&amp#27;[0m
14:09:23.747 [Forwarding getPageSource on session 10548012a87614cb42f3113d4e05a55a to remote] DEBUG org.asynchttpclient.netty.request.NettyRequestSender - Using pooled Channel '[id: 0x05189bee, L:/127.0.0.1:14171 - R:localhost/127.0.0.1:27717]' for 'POST' to 'http://localhost:27717/session/10548012a87614cb42f3113d4e05a55a/execute/sync'
14:09:23.747 [Forwarding getPageSource on session 10548012a87614cb42f3113d4e05a55a to remote] DEBUG org.asynchttpclient.netty.request.NettyRequestSender - Using open Channel [id: 0x05189bee, L:/127.0.0.1:14171 - R:localhost/127.0.0.1:27717] for POST '/session/10548012a87614cb42f3113d4e05a55a/execute/sync'
14:09:23.754 [AsyncHttpClient-1-8] DEBUG org.asynchttpclient.netty.handler.HttpHandler - 

Request DefaultHttpRequest(decodeResult: success, version: HTTP/1.1)
POST /session/10548012a87614cb42f3113d4e05a55a/execute/sync HTTP/1.1
User-Agent: selenium/4.8.1 (java windows)
Content-Length: 176
Content-Type: application/json; charset=utf-8
host: localhost:27717
accept: */*

Response DefaultHttpResponse(decodeResult: success, version: HTTP/1.1)
HTTP/1.1 200 OK
Content-Length: 5992
Content-Type: application/json; charset=utf-8
cache-control: no-cache

14:09:23.755 [AsyncHttpClient-1-8] DEBUG org.asynchttpclient.netty.channel.ChannelManager - Adding key: http://localhost:27717 for channel [id: 0x05189bee, L:/127.0.0.1:14171 - R:localhost/127.0.0.1:27717]
14:09:23.759 [Forwarding getCurrentUrl on session 10548012a87614cb42f3113d4e05a55a to remote] DEBUG org.asynchttpclient.netty.request.NettyRequestSender - Using pooled Channel '[id: 0x05189bee, L:/127.0.0.1:14171 - R:localhost/127.0.0.1:27717]' for 'GET' to 'http://localhost:27717/session/10548012a87614cb42f3113d4e05a55a/url'
14:09:23.759 [Forwarding getCurrentUrl on session 10548012a87614cb42f3113d4e05a55a to remote] DEBUG org.asynchttpclient.netty.request.NettyRequestSender - Using open Channel [id: 0x05189bee, L:/127.0.0.1:14171 - R:localhost/127.0.0.1:27717] for GET '/session/10548012a87614cb42f3113d4e05a55a/url'
14:09:23.765 [AsyncHttpClient-1-8] DEBUG org.asynchttpclient.netty.handler.HttpHandler - 

Request DefaultFullHttpRequest(decodeResult: success, version: HTTP/1.1, content: EmptyByteBufBE)
GET /session/10548012a87614cb42f3113d4e05a55a/url HTTP/1.1
User-Agent: selenium/4.8.1 (java windows)
Cache-Control: no-cache
Content-Type: application/json; charset=utf-8
host: localhost:27717
accept: */*

Response DefaultHttpResponse(decodeResult: success, version: HTTP/1.1)
HTTP/1.1 200 OK
Content-Length: 64
Content-Type: application/json; charset=utf-8
cache-control: no-cache

14:09:23.765 [AsyncHttpClient-1-8] DEBUG org.asynchttpclient.netty.channel.ChannelManager - Adding key: http://localhost:27717 for channel [id: 0x05189bee, L:/127.0.0.1:14171 - R:localhost/127.0.0.1:27717]
14:09:23.784 [Forwarding getAlertText on session 10548012a87614cb42f3113d4e05a55a to remote] DEBUG org.asynchttpclient.netty.request.NettyRequestSender - Using pooled Channel '[id: 0x05189bee, L:/127.0.0.1:14171 - R:localhost/127.0.0.1:27717]' for 'GET' to 'http://localhost:27717/session/10548012a87614cb42f3113d4e05a55a/alert/text'
14:09:23.784 [Forwarding getAlertText on session 10548012a87614cb42f3113d4e05a55a to remote] DEBUG org.asynchttpclient.netty.request.NettyRequestSender - Using open Channel [id: 0x05189bee, L:/127.0.0.1:14171 - R:localhost/127.0.0.1:27717] for GET '/session/10548012a87614cb42f3113d4e05a55a/alert/text'
14:09:23.786 [AsyncHttpClient-1-8] DEBUG org.asynchttpclient.netty.handler.HttpHandler - 

Request DefaultFullHttpRequest(decodeResult: success, version: HTTP/1.1, content: EmptyByteBufBE)
GET /session/10548012a87614cb42f3113d4e05a55a/alert/text HTTP/1.1
User-Agent: selenium/4.8.1 (java windows)
Cache-Control: no-cache
Content-Type: application/json; charset=utf-8
host: localhost:27717
accept: */*

Response DefaultHttpResponse(decodeResult: success, version: HTTP/1.1)
HTTP/1.1 404 Not Found
Content-Length: 807
Content-Type: application/json; charset=utf-8
cache-control: no-cache

14:09:23.786 [AsyncHttpClient-1-8] DEBUG org.asynchttpclient.netty.channel.ChannelManager - Adding key: http://localhost:27717 for channel [id: 0x05189bee, L:/127.0.0.1:14171 - R:localhost/127.0.0.1:27717]
14:09:23.788 [Forwarding getCurrentUrl on session 10548012a87614cb42f3113d4e05a55a to remote] DEBUG org.asynchttpclient.netty.request.NettyRequestSender - Using pooled Channel '[id: 0x05189bee, L:/127.0.0.1:14171 - R:localhost/127.0.0.1:27717]' for 'GET' to 'http://localhost:27717/session/10548012a87614cb42f3113d4e05a55a/url'
14:09:23.788 [Forwarding getCurrentUrl on session 10548012a87614cb42f3113d4e05a55a to remote] DEBUG org.asynchttpclient.netty.request.NettyRequestSender - Using open Channel [id: 0x05189bee, L:/127.0.0.1:14171 - R:localhost/127.0.0.1:27717] for GET '/session/10548012a87614cb42f3113d4e05a55a/url'
14:09:23.793 [AsyncHttpClient-1-8] DEBUG org.asynchttpclient.netty.handler.HttpHandler - 

Request DefaultFullHttpRequest(decodeResult: success, version: HTTP/1.1, content: EmptyByteBufBE)
GET /session/10548012a87614cb42f3113d4e05a55a/url HTTP/1.1
User-Agent: selenium/4.8.1 (java windows)
Cache-Control: no-cache
Content-Type: application/json; charset=utf-8
host: localhost:27717
accept: */*

Response DefaultHttpResponse(decodeResult: success, version: HTTP/1.1)
HTTP/1.1 200 OK
Content-Length: 64
Content-Type: application/json; charset=utf-8
cache-control: no-cache

14:09:23.793 [AsyncHttpClient-1-8] DEBUG org.asynchttpclient.netty.channel.ChannelManager - Adding key: http://localhost:27717 for channel [id: 0x05189bee, L:/127.0.0.1:14171 - R:localhost/127.0.0.1:27717]
14:09:23.794 [Forwarding screenshot on session 10548012a87614cb42f3113d4e05a55a to remote] DEBUG org.asynchttpclient.netty.request.NettyRequestSender - Using pooled Channel '[id: 0x05189bee, L:/127.0.0.1:14171 - R:localhost/127.0.0.1:27717]' for 'GET' to 'http://localhost:27717/session/10548012a87614cb42f3113d4e05a55a/screenshot'
14:09:23.795 [Forwarding screenshot on session 10548012a87614cb42f3113d4e05a55a to remote] DEBUG org.asynchttpclient.netty.request.NettyRequestSender - Using open Channel [id: 0x05189bee, L:/127.0.0.1:14171 - R:localhost/127.0.0.1:27717] for GET '/session/10548012a87614cb42f3113d4e05a55a/screenshot'
14:09:23.920 [AsyncHttpClient-1-8] DEBUG org.asynchttpclient.netty.handler.HttpHandler - 

Request DefaultFullHttpRequest(decodeResult: success, version: HTTP/1.1, content: EmptyByteBufBE)
GET /session/10548012a87614cb42f3113d4e05a55a/screenshot HTTP/1.1
User-Agent: selenium/4.8.1 (java windows)
Cache-Control: no-cache
Content-Type: application/json; charset=utf-8
host: localhost:27717
accept: */*

Response DefaultHttpResponse(decodeResult: success, version: HTTP/1.1)
HTTP/1.1 200 OK
Content-Length: 125596
Content-Type: application/json; charset=utf-8
cache-control: no-cache

14:09:23.921 [AsyncHttpClient-1-8] DEBUG org.asynchttpclient.netty.channel.ChannelManager - Adding key: http://localhost:27717 for channel [id: 0x05189bee, L:/127.0.0.1:14171 - R:localhost/127.0.0.1:27717]
14:09:23.930 [main] DEBUG net.serenitybdd.core.photography.Darkroom - Send negative for processing for target\site\serenity\830bdd557b85a27d44613b64a7d39bdd5ce5e9cd6eedc8befa21a1ab815b1265.png
14:09:23.933 [Forwarding getPageSource on session 10548012a87614cb42f3113d4e05a55a to remote] DEBUG org.asynchttpclient.netty.request.NettyRequestSender - Using pooled Channel '[id: 0x05189bee, L:/127.0.0.1:14171 - R:localhost/127.0.0.1:27717]' for 'POST' to 'http://localhost:27717/session/10548012a87614cb42f3113d4e05a55a/execute/sync'
14:09:23.933 [Forwarding getPageSource on session 10548012a87614cb42f3113d4e05a55a to remote] DEBUG org.asynchttpclient.netty.request.NettyRequestSender - Using open Channel [id: 0x05189bee, L:/127.0.0.1:14171 - R:localhost/127.0.0.1:27717] for POST '/session/10548012a87614cb42f3113d4e05a55a/execute/sync'
14:09:23.939 [AsyncHttpClient-1-8] DEBUG org.asynchttpclient.netty.handler.HttpHandler - 

Request DefaultHttpRequest(decodeResult: success, version: HTTP/1.1)
POST /session/10548012a87614cb42f3113d4e05a55a/execute/sync HTTP/1.1
User-Agent: selenium/4.8.1 (java windows)
Content-Length: 176
Content-Type: application/json; charset=utf-8
host: localhost:27717
accept: */*

Response DefaultHttpResponse(decodeResult: success, version: HTTP/1.1)
HTTP/1.1 200 OK
Content-Length: 5992
Content-Type: application/json; charset=utf-8
cache-control: no-cache

14:09:23.940 [AsyncHttpClient-1-8] DEBUG org.asynchttpclient.netty.channel.ChannelManager - Adding key: http://localhost:27717 for channel [id: 0x05189bee, L:/127.0.0.1:14171 - R:localhost/127.0.0.1:27717]
14:09:23.944 [Forwarding getCurrentUrl on session 10548012a87614cb42f3113d4e05a55a to remote] DEBUG org.asynchttpclient.netty.request.NettyRequestSender - Using pooled Channel '[id: 0x05189bee, L:/127.0.0.1:14171 - R:localhost/127.0.0.1:27717]' for 'GET' to 'http://localhost:27717/session/10548012a87614cb42f3113d4e05a55a/url'
14:09:23.944 [Forwarding getCurrentUrl on session 10548012a87614cb42f3113d4e05a55a to remote] DEBUG org.asynchttpclient.netty.request.NettyRequestSender - Using open Channel [id: 0x05189bee, L:/127.0.0.1:14171 - R:localhost/127.0.0.1:27717] for GET '/session/10548012a87614cb42f3113d4e05a55a/url'
14:09:23.949 [AsyncHttpClient-1-8] DEBUG org.asynchttpclient.netty.handler.HttpHandler - 

Request DefaultFullHttpRequest(decodeResult: success, version: HTTP/1.1, content: EmptyByteBufBE)
GET /session/10548012a87614cb42f3113d4e05a55a/url HTTP/1.1
User-Agent: selenium/4.8.1 (java windows)
Cache-Control: no-cache
Content-Type: application/json; charset=utf-8
host: localhost:27717
accept: */*

Response DefaultHttpResponse(decodeResult: success, version: HTTP/1.1)
HTTP/1.1 200 OK
Content-Length: 64
Content-Type: application/json; charset=utf-8
cache-control: no-cache

14:09:23.949 [AsyncHttpClient-1-8] DEBUG org.asynchttpclient.netty.channel.ChannelManager - Adding key: http://localhost:27717 for channel [id: 0x05189bee, L:/127.0.0.1:14171 - R:localhost/127.0.0.1:27717]
14:09:23.952 [main] DEBUG net.thucydides.core.steps.StepInterceptor - STARTING STEP: CustomerTransactionSteps.inputtEmailll - inputtEmailll
14:09:23.958 [Forwarding findElement on session 10548012a87614cb42f3113d4e05a55a to remote] DEBUG org.asynchttpclient.netty.request.NettyRequestSender - Using pooled Channel '[id: 0x05189bee, L:/127.0.0.1:14171 - R:localhost/127.0.0.1:27717]' for 'POST' to 'http://localhost:27717/session/10548012a87614cb42f3113d4e05a55a/element'
14:09:23.959 [Forwarding findElement on session 10548012a87614cb42f3113d4e05a55a to remote] DEBUG org.asynchttpclient.netty.request.NettyRequestSender - Using open Channel [id: 0x05189bee, L:/127.0.0.1:14171 - R:localhost/127.0.0.1:27717] for POST '/session/10548012a87614cb42f3113d4e05a55a/element'
14:09:23.977 [AsyncHttpClient-1-8] DEBUG org.asynchttpclient.netty.handler.HttpHandler - 

Request DefaultHttpRequest(decodeResult: success, version: HTTP/1.1)
POST /session/10548012a87614cb42f3113d4e05a55a/element HTTP/1.1
User-Agent: selenium/4.8.1 (java windows)
Content-Length: 67
Content-Type: application/json; charset=utf-8
host: localhost:27717
accept: */*

Response DefaultHttpResponse(decodeResult: success, version: HTTP/1.1)
HTTP/1.1 200 OK
Content-Length: 95
Content-Type: application/json; charset=utf-8
cache-control: no-cache

14:09:23.977 [AsyncHttpClient-1-8] DEBUG org.asynchttpclient.netty.channel.ChannelManager - Adding key: http://localhost:27717 for channel [id: 0x05189bee, L:/127.0.0.1:14171 - R:localhost/127.0.0.1:27717]
14:09:23.978 [Forwarding clearElement on session 10548012a87614cb42f3113d4e05a55a to remote] DEBUG org.asynchttpclient.netty.request.NettyRequestSender - Using pooled Channel '[id: 0x05189bee, L:/127.0.0.1:14171 - R:localhost/127.0.0.1:27717]' for 'POST' to 'http://localhost:27717/session/10548012a87614cb42f3113d4e05a55a/element/209FB4B6172EF2AEA1F4DB5F23F49028_element_10/clear'
14:09:23.978 [Forwarding clearElement on session 10548012a87614cb42f3113d4e05a55a to remote] DEBUG org.asynchttpclient.netty.request.NettyRequestSender - Using open Channel [id: 0x05189bee, L:/127.0.0.1:14171 - R:localhost/127.0.0.1:27717] for POST '/session/10548012a87614cb42f3113d4e05a55a/element/209FB4B6172EF2AEA1F4DB5F23F49028_element_10/clear'
14:09:24.031 [AsyncHttpClient-1-8] DEBUG org.asynchttpclient.netty.handler.HttpHandler - 

Request DefaultHttpRequest(decodeResult: success, version: HTTP/1.1)
POST /session/10548012a87614cb42f3113d4e05a55a/element/209FB4B6172EF2AEA1F4DB5F23F49028_element_10/clear HTTP/1.1
User-Agent: selenium/4.8.1 (java windows)
Content-Length: 57
Content-Type: application/json; charset=utf-8
host: localhost:27717
accept: */*

Response DefaultHttpResponse(decodeResult: success, version: HTTP/1.1)
HTTP/1.1 200 OK
Content-Length: 14
Content-Type: application/json; charset=utf-8
cache-control: no-cache

14:09:24.031 [AsyncHttpClient-1-8] DEBUG org.asynchttpclient.netty.channel.ChannelManager - Adding key: http://localhost:27717 for channel [id: 0x05189bee, L:/127.0.0.1:14171 - R:localhost/127.0.0.1:27717]
14:09:24.034 [Forwarding sendKeysToElement on session 10548012a87614cb42f3113d4e05a55a to remote] DEBUG org.asynchttpclient.netty.request.NettyRequestSender - Using pooled Channel '[id: 0x05189bee, L:/127.0.0.1:14171 - R:localhost/127.0.0.1:27717]' for 'POST' to 'http://localhost:27717/session/10548012a87614cb42f3113d4e05a55a/element/209FB4B6172EF2AEA1F4DB5F23F49028_element_10/value'
14:09:24.035 [Forwarding sendKeysToElement on session 10548012a87614cb42f3113d4e05a55a to remote] DEBUG org.asynchttpclient.netty.request.NettyRequestSender - Using open Channel [id: 0x05189bee, L:/127.0.0.1:14171 - R:localhost/127.0.0.1:27717] for POST '/session/10548012a87614cb42f3113d4e05a55a/element/209FB4B6172EF2AEA1F4DB5F23F49028_element_10/value'
14:09:24.387 [AsyncHttpClient-1-8] DEBUG org.asynchttpclient.netty.handler.HttpHandler - 

Request DefaultHttpRequest(decodeResult: success, version: HTTP/1.1)
POST /session/10548012a87614cb42f3113d4e05a55a/element/209FB4B6172EF2AEA1F4DB5F23F49028_element_10/value HTTP/1.1
User-Agent: selenium/4.8.1 (java windows)
Content-Length: 258
Content-Type: application/json; charset=utf-8
host: localhost:27717
accept: */*

Response DefaultHttpResponse(decodeResult: success, version: HTTP/1.1)
HTTP/1.1 200 OK
Content-Length: 14
Content-Type: application/json; charset=utf-8
cache-control: no-cache

14:09:24.387 [AsyncHttpClient-1-8] DEBUG org.asynchttpclient.netty.channel.ChannelManager - Adding key: http://localhost:27717 for channel [id: 0x05189bee, L:/127.0.0.1:14171 - R:localhost/127.0.0.1:27717]
14:09:24.406 [Forwarding getAlertText on session 10548012a87614cb42f3113d4e05a55a to remote] DEBUG org.asynchttpclient.netty.request.NettyRequestSender - Using pooled Channel '[id: 0x05189bee, L:/127.0.0.1:14171 - R:localhost/127.0.0.1:27717]' for 'GET' to 'http://localhost:27717/session/10548012a87614cb42f3113d4e05a55a/alert/text'
14:09:24.406 [Forwarding getAlertText on session 10548012a87614cb42f3113d4e05a55a to remote] DEBUG org.asynchttpclient.netty.request.NettyRequestSender - Using open Channel [id: 0x05189bee, L:/127.0.0.1:14171 - R:localhost/127.0.0.1:27717] for GET '/session/10548012a87614cb42f3113d4e05a55a/alert/text'
14:09:24.409 [AsyncHttpClient-1-8] DEBUG org.asynchttpclient.netty.handler.HttpHandler - 

Request DefaultFullHttpRequest(decodeResult: success, version: HTTP/1.1, content: EmptyByteBufBE)
GET /session/10548012a87614cb42f3113d4e05a55a/alert/text HTTP/1.1
User-Agent: selenium/4.8.1 (java windows)
Cache-Control: no-cache
Content-Type: application/json; charset=utf-8
host: localhost:27717
accept: */*

Response DefaultHttpResponse(decodeResult: success, version: HTTP/1.1)
HTTP/1.1 404 Not Found
Content-Length: 807
Content-Type: application/json; charset=utf-8
cache-control: no-cache

14:09:24.409 [AsyncHttpClient-1-8] DEBUG org.asynchttpclient.netty.channel.ChannelManager - Adding key: http://localhost:27717 for channel [id: 0x05189bee, L:/127.0.0.1:14171 - R:localhost/127.0.0.1:27717]
14:09:24.411 [Forwarding getCurrentUrl on session 10548012a87614cb42f3113d4e05a55a to remote] DEBUG org.asynchttpclient.netty.request.NettyRequestSender - Using pooled Channel '[id: 0x05189bee, L:/127.0.0.1:14171 - R:localhost/127.0.0.1:27717]' for 'GET' to 'http://localhost:27717/session/10548012a87614cb42f3113d4e05a55a/url'
14:09:24.411 [Forwarding getCurrentUrl on session 10548012a87614cb42f3113d4e05a55a to remote] DEBUG org.asynchttpclient.netty.request.NettyRequestSender - Using open Channel [id: 0x05189bee, L:/127.0.0.1:14171 - R:localhost/127.0.0.1:27717] for GET '/session/10548012a87614cb42f3113d4e05a55a/url'
14:09:24.417 [AsyncHttpClient-1-8] DEBUG org.asynchttpclient.netty.handler.HttpHandler - 

Request DefaultFullHttpRequest(decodeResult: success, version: HTTP/1.1, content: EmptyByteBufBE)
GET /session/10548012a87614cb42f3113d4e05a55a/url HTTP/1.1
User-Agent: selenium/4.8.1 (java windows)
Cache-Control: no-cache
Content-Type: application/json; charset=utf-8
host: localhost:27717
accept: */*

Response DefaultHttpResponse(decodeResult: success, version: HTTP/1.1)
HTTP/1.1 200 OK
Content-Length: 64
Content-Type: application/json; charset=utf-8
cache-control: no-cache

14:09:24.417 [AsyncHttpClient-1-8] DEBUG org.asynchttpclient.netty.channel.ChannelManager - Adding key: http://localhost:27717 for channel [id: 0x05189bee, L:/127.0.0.1:14171 - R:localhost/127.0.0.1:27717]
14:09:24.418 [Forwarding screenshot on session 10548012a87614cb42f3113d4e05a55a to remote] DEBUG org.asynchttpclient.netty.request.NettyRequestSender - Using pooled Channel '[id: 0x05189bee, L:/127.0.0.1:14171 - R:localhost/127.0.0.1:27717]' for 'GET' to 'http://localhost:27717/session/10548012a87614cb42f3113d4e05a55a/screenshot'
14:09:24.419 [Forwarding screenshot on session 10548012a87614cb42f3113d4e05a55a to remote] DEBUG org.asynchttpclient.netty.request.NettyRequestSender - Using open Channel [id: 0x05189bee, L:/127.0.0.1:14171 - R:localhost/127.0.0.1:27717] for GET '/session/10548012a87614cb42f3113d4e05a55a/screenshot'
14:09:24.547 [AsyncHttpClient-1-8] DEBUG org.asynchttpclient.netty.handler.HttpHandler - 

Request DefaultFullHttpRequest(decodeResult: success, version: HTTP/1.1, content: EmptyByteBufBE)
GET /session/10548012a87614cb42f3113d4e05a55a/screenshot HTTP/1.1
User-Agent: selenium/4.8.1 (java windows)
Cache-Control: no-cache
Content-Type: application/json; charset=utf-8
host: localhost:27717
accept: */*

Response DefaultHttpResponse(decodeResult: success, version: HTTP/1.1)
HTTP/1.1 200 OK
Content-Length: 126880
Content-Type: application/json; charset=utf-8
cache-control: no-cache

14:09:24.549 [AsyncHttpClient-1-8] DEBUG org.asynchttpclient.netty.channel.ChannelManager - Adding key: http://localhost:27717 for channel [id: 0x05189bee, L:/127.0.0.1:14171 - R:localhost/127.0.0.1:27717]
14:09:24.557 [main] DEBUG net.serenitybdd.core.photography.Darkroom - Send negative for processing for target\site\serenity\9ec64985c01a5d7457eb74c476de1babf70ca3704579374954728a8216b455ce.png
14:09:24.558 [main] DEBUG net.thucydides.core.steps.StepInterceptor - STEP DONE: inputtEmailll
14:09:24.558 [Darkroom Processing Line] DEBUG net.serenitybdd.core.photography.DarkroomProcessingLine - Processing screenshot image in /var/screenshots/screenshot-2162211084462282630
  &amp#27;[32mWhen &amp#27;[0m&amp#27;[32mI inputttt emaill&amp#27;[0m                                               &amp#27;[90m# Starter.Stepdefitions.CustomerTransactionSteps.inputtEmailll()&amp#27;[0m
14:09:24.558 [Darkroom Processing Line] DEBUG net.serenitybdd.core.photography.DarkroomProcessingLine - Saving screenshot to target\site\serenity\9ec64985c01a5d7457eb74c476de1babf70ca3704579374954728a8216b455ce.png
14:09:24.578 [Forwarding getPageSource on session 10548012a87614cb42f3113d4e05a55a to remote] DEBUG org.asynchttpclient.netty.request.NettyRequestSender - Using pooled Channel '[id: 0x05189bee, L:/127.0.0.1:14171 - R:localhost/127.0.0.1:27717]' for 'POST' to 'http://localhost:27717/session/10548012a87614cb42f3113d4e05a55a/execute/sync'
14:09:24.578 [Forwarding getPageSource on session 10548012a87614cb42f3113d4e05a55a to remote] DEBUG org.asynchttpclient.netty.request.NettyRequestSender - Using open Channel [id: 0x05189bee, L:/127.0.0.1:14171 - R:localhost/127.0.0.1:27717] for POST '/session/10548012a87614cb42f3113d4e05a55a/execute/sync'
14:09:24.585 [AsyncHttpClient-1-8] DEBUG org.asynchttpclient.netty.handler.HttpHandler - 

Request DefaultHttpRequest(decodeResult: success, version: HTTP/1.1)
POST /session/10548012a87614cb42f3113d4e05a55a/execute/sync HTTP/1.1
User-Agent: selenium/4.8.1 (java windows)
Content-Length: 176
Content-Type: application/json; charset=utf-8
host: localhost:27717
accept: */*

Response DefaultHttpResponse(decodeResult: success, version: HTTP/1.1)
HTTP/1.1 200 OK
Content-Length: 6025
Content-Type: application/json; charset=utf-8
cache-control: no-cache

14:09:24.586 [AsyncHttpClient-1-8] DEBUG org.asynchttpclient.netty.channel.ChannelManager - Adding key: http://localhost:27717 for channel [id: 0x05189bee, L:/127.0.0.1:14171 - R:localhost/127.0.0.1:27717]
14:09:24.589 [Forwarding getCurrentUrl on session 10548012a87614cb42f3113d4e05a55a to remote] DEBUG org.asynchttpclient.netty.request.NettyRequestSender - Using pooled Channel '[id: 0x05189bee, L:/127.0.0.1:14171 - R:localhost/127.0.0.1:27717]' for 'GET' to 'http://localhost:27717/session/10548012a87614cb42f3113d4e05a55a/url'
14:09:24.589 [Forwarding getCurrentUrl on session 10548012a87614cb42f3113d4e05a55a to remote] DEBUG org.asynchttpclient.netty.request.NettyRequestSender - Using open Channel [id: 0x05189bee, L:/127.0.0.1:14171 - R:localhost/127.0.0.1:27717] for GET '/session/10548012a87614cb42f3113d4e05a55a/url'
14:09:24.595 [AsyncHttpClient-1-8] DEBUG org.asynchttpclient.netty.handler.HttpHandler - 

Request DefaultFullHttpRequest(decodeResult: success, version: HTTP/1.1, content: EmptyByteBufBE)
GET /session/10548012a87614cb42f3113d4e05a55a/url HTTP/1.1
User-Agent: selenium/4.8.1 (java windows)
Cache-Control: no-cache
Content-Type: application/json; charset=utf-8
host: localhost:27717
accept: */*

Response DefaultHttpResponse(decodeResult: success, version: HTTP/1.1)
HTTP/1.1 200 OK
Content-Length: 64
Content-Type: application/json; charset=utf-8
cache-control: no-cache

14:09:24.595 [AsyncHttpClient-1-8] DEBUG org.asynchttpclient.netty.channel.ChannelManager - Adding key: http://localhost:27717 for channel [id: 0x05189bee, L:/127.0.0.1:14171 - R:localhost/127.0.0.1:27717]
14:09:24.612 [Forwarding getAlertText on session 10548012a87614cb42f3113d4e05a55a to remote] DEBUG org.asynchttpclient.netty.request.NettyRequestSender - Using pooled Channel '[id: 0x05189bee, L:/127.0.0.1:14171 - R:localhost/127.0.0.1:27717]' for 'GET' to 'http://localhost:27717/session/10548012a87614cb42f3113d4e05a55a/alert/text'
14:09:24.613 [Forwarding getAlertText on session 10548012a87614cb42f3113d4e05a55a to remote] DEBUG org.asynchttpclient.netty.request.NettyRequestSender - Using open Channel [id: 0x05189bee, L:/127.0.0.1:14171 - R:localhost/127.0.0.1:27717] for GET '/session/10548012a87614cb42f3113d4e05a55a/alert/text'
14:09:24.614 [AsyncHttpClient-1-8] DEBUG org.asynchttpclient.netty.handler.HttpHandler - 

Request DefaultFullHttpRequest(decodeResult: success, version: HTTP/1.1, content: EmptyByteBufBE)
GET /session/10548012a87614cb42f3113d4e05a55a/alert/text HTTP/1.1
User-Agent: selenium/4.8.1 (java windows)
Cache-Control: no-cache
Content-Type: application/json; charset=utf-8
host: localhost:27717
accept: */*

Response DefaultHttpResponse(decodeResult: success, version: HTTP/1.1)
HTTP/1.1 404 Not Found
Content-Length: 807
Content-Type: application/json; charset=utf-8
cache-control: no-cache

14:09:24.615 [AsyncHttpClient-1-8] DEBUG org.asynchttpclient.netty.channel.ChannelManager - Adding key: http://localhost:27717 for channel [id: 0x05189bee, L:/127.0.0.1:14171 - R:localhost/127.0.0.1:27717]
14:09:24.616 [Forwarding getCurrentUrl on session 10548012a87614cb42f3113d4e05a55a to remote] DEBUG org.asynchttpclient.netty.request.NettyRequestSender - Using pooled Channel '[id: 0x05189bee, L:/127.0.0.1:14171 - R:localhost/127.0.0.1:27717]' for 'GET' to 'http://localhost:27717/session/10548012a87614cb42f3113d4e05a55a/url'
14:09:24.617 [Forwarding getCurrentUrl on session 10548012a87614cb42f3113d4e05a55a to remote] DEBUG org.asynchttpclient.netty.request.NettyRequestSender - Using open Channel [id: 0x05189bee, L:/127.0.0.1:14171 - R:localhost/127.0.0.1:27717] for GET '/session/10548012a87614cb42f3113d4e05a55a/url'
14:09:24.622 [AsyncHttpClient-1-8] DEBUG org.asynchttpclient.netty.handler.HttpHandler - 

Request DefaultFullHttpRequest(decodeResult: success, version: HTTP/1.1, content: EmptyByteBufBE)
GET /session/10548012a87614cb42f3113d4e05a55a/url HTTP/1.1
User-Agent: selenium/4.8.1 (java windows)
Cache-Control: no-cache
Content-Type: application/json; charset=utf-8
host: localhost:27717
accept: */*

Response DefaultHttpResponse(decodeResult: success, version: HTTP/1.1)
HTTP/1.1 200 OK
Content-Length: 64
Content-Type: application/json; charset=utf-8
cache-control: no-cache

14:09:24.622 [AsyncHttpClient-1-8] DEBUG org.asynchttpclient.netty.channel.ChannelManager - Adding key: http://localhost:27717 for channel [id: 0x05189bee, L:/127.0.0.1:14171 - R:localhost/127.0.0.1:27717]
14:09:24.624 [Forwarding screenshot on session 10548012a87614cb42f3113d4e05a55a to remote] DEBUG org.asynchttpclient.netty.request.NettyRequestSender - Using pooled Channel '[id: 0x05189bee, L:/127.0.0.1:14171 - R:localhost/127.0.0.1:27717]' for 'GET' to 'http://localhost:27717/session/10548012a87614cb42f3113d4e05a55a/screenshot'
14:09:24.624 [Forwarding screenshot on session 10548012a87614cb42f3113d4e05a55a to remote] DEBUG org.asynchttpclient.netty.request.NettyRequestSender - Using open Channel [id: 0x05189bee, L:/127.0.0.1:14171 - R:localhost/127.0.0.1:27717] for GET '/session/10548012a87614cb42f3113d4e05a55a/screenshot'
14:09:24.720 [AsyncHttpClient-1-8] DEBUG org.asynchttpclient.netty.handler.HttpHandler - 

Request DefaultFullHttpRequest(decodeResult: success, version: HTTP/1.1, content: EmptyByteBufBE)
GET /session/10548012a87614cb42f3113d4e05a55a/screenshot HTTP/1.1
User-Agent: selenium/4.8.1 (java windows)
Cache-Control: no-cache
Content-Type: application/json; charset=utf-8
host: localhost:27717
accept: */*

Response DefaultHttpResponse(decodeResult: success, version: HTTP/1.1)
HTTP/1.1 200 OK
Content-Length: 126880
Content-Type: application/json; charset=utf-8
cache-control: no-cache

14:09:24.721 [AsyncHttpClient-1-8] DEBUG org.asynchttpclient.netty.channel.ChannelManager - Adding key: http://localhost:27717 for channel [id: 0x05189bee, L:/127.0.0.1:14171 - R:localhost/127.0.0.1:27717]
14:09:24.729 [main] DEBUG net.serenitybdd.core.photography.Darkroom - Send negative for processing for target\site\serenity\9ec64985c01a5d7457eb74c476de1babf70ca3704579374954728a8216b455ce.png
14:09:24.732 [Forwarding getPageSource on session 10548012a87614cb42f3113d4e05a55a to remote] DEBUG org.asynchttpclient.netty.request.NettyRequestSender - Using pooled Channel '[id: 0x05189bee, L:/127.0.0.1:14171 - R:localhost/127.0.0.1:27717]' for 'POST' to 'http://localhost:27717/session/10548012a87614cb42f3113d4e05a55a/execute/sync'
14:09:24.732 [Forwarding getPageSource on session 10548012a87614cb42f3113d4e05a55a to remote] DEBUG org.asynchttpclient.netty.request.NettyRequestSender - Using open Channel [id: 0x05189bee, L:/127.0.0.1:14171 - R:localhost/127.0.0.1:27717] for POST '/session/10548012a87614cb42f3113d4e05a55a/execute/sync'
14:09:24.739 [AsyncHttpClient-1-8] DEBUG org.asynchttpclient.netty.handler.HttpHandler - 

Request DefaultHttpRequest(decodeResult: success, version: HTTP/1.1)
POST /session/10548012a87614cb42f3113d4e05a55a/execute/sync HTTP/1.1
User-Agent: selenium/4.8.1 (java windows)
Content-Length: 176
Content-Type: application/json; charset=utf-8
host: localhost:27717
accept: */*

Response DefaultHttpResponse(decodeResult: success, version: HTTP/1.1)
HTTP/1.1 200 OK
Content-Length: 6025
Content-Type: application/json; charset=utf-8
cache-control: no-cache

14:09:24.739 [AsyncHttpClient-1-8] DEBUG org.asynchttpclient.netty.channel.ChannelManager - Adding key: http://localhost:27717 for channel [id: 0x05189bee, L:/127.0.0.1:14171 - R:localhost/127.0.0.1:27717]
14:09:24.742 [Forwarding getCurrentUrl on session 10548012a87614cb42f3113d4e05a55a to remote] DEBUG org.asynchttpclient.netty.request.NettyRequestSender - Using pooled Channel '[id: 0x05189bee, L:/127.0.0.1:14171 - R:localhost/127.0.0.1:27717]' for 'GET' to 'http://localhost:27717/session/10548012a87614cb42f3113d4e05a55a/url'
14:09:24.742 [Forwarding getCurrentUrl on session 10548012a87614cb42f3113d4e05a55a to remote] DEBUG org.asynchttpclient.netty.request.NettyRequestSender - Using open Channel [id: 0x05189bee, L:/127.0.0.1:14171 - R:localhost/127.0.0.1:27717] for GET '/session/10548012a87614cb42f3113d4e05a55a/url'
14:09:24.747 [AsyncHttpClient-1-8] DEBUG org.asynchttpclient.netty.handler.HttpHandler - 

Request DefaultFullHttpRequest(decodeResult: success, version: HTTP/1.1, content: EmptyByteBufBE)
GET /session/10548012a87614cb42f3113d4e05a55a/url HTTP/1.1
User-Agent: selenium/4.8.1 (java windows)
Cache-Control: no-cache
Content-Type: application/json; charset=utf-8
host: localhost:27717
accept: */*

Response DefaultHttpResponse(decodeResult: success, version: HTTP/1.1)
HTTP/1.1 200 OK
Content-Length: 64
Content-Type: application/json; charset=utf-8
cache-control: no-cache

14:09:24.747 [AsyncHttpClient-1-8] DEBUG org.asynchttpclient.netty.channel.ChannelManager - Adding key: http://localhost:27717 for channel [id: 0x05189bee, L:/127.0.0.1:14171 - R:localhost/127.0.0.1:27717]
14:09:24.750 [main] DEBUG net.thucydides.core.steps.StepInterceptor - STARTING STEP: CustomerTransactionSteps.inputtPassworddd - inputtPassworddd
14:09:24.756 [Forwarding findElement on session 10548012a87614cb42f3113d4e05a55a to remote] DEBUG org.asynchttpclient.netty.request.NettyRequestSender - Using pooled Channel '[id: 0x05189bee, L:/127.0.0.1:14171 - R:localhost/127.0.0.1:27717]' for 'POST' to 'http://localhost:27717/session/10548012a87614cb42f3113d4e05a55a/element'
14:09:24.756 [Forwarding findElement on session 10548012a87614cb42f3113d4e05a55a to remote] DEBUG org.asynchttpclient.netty.request.NettyRequestSender - Using open Channel [id: 0x05189bee, L:/127.0.0.1:14171 - R:localhost/127.0.0.1:27717] for POST '/session/10548012a87614cb42f3113d4e05a55a/element'
14:09:24.771 [AsyncHttpClient-1-8] DEBUG org.asynchttpclient.netty.handler.HttpHandler - 

Request DefaultHttpRequest(decodeResult: success, version: HTTP/1.1)
POST /session/10548012a87614cb42f3113d4e05a55a/element HTTP/1.1
User-Agent: selenium/4.8.1 (java windows)
Content-Length: 70
Content-Type: application/json; charset=utf-8
host: localhost:27717
accept: */*

Response DefaultHttpResponse(decodeResult: success, version: HTTP/1.1)
HTTP/1.1 200 OK
Content-Length: 95
Content-Type: application/json; charset=utf-8
cache-control: no-cache

14:09:24.771 [AsyncHttpClient-1-8] DEBUG org.asynchttpclient.netty.channel.ChannelManager - Adding key: http://localhost:27717 for channel [id: 0x05189bee, L:/127.0.0.1:14171 - R:localhost/127.0.0.1:27717]
14:09:24.773 [Forwarding clearElement on session 10548012a87614cb42f3113d4e05a55a to remote] DEBUG org.asynchttpclient.netty.request.NettyRequestSender - Using pooled Channel '[id: 0x05189bee, L:/127.0.0.1:14171 - R:localhost/127.0.0.1:27717]' for 'POST' to 'http://localhost:27717/session/10548012a87614cb42f3113d4e05a55a/element/209FB4B6172EF2AEA1F4DB5F23F49028_element_13/clear'
14:09:24.773 [Forwarding clearElement on session 10548012a87614cb42f3113d4e05a55a to remote] DEBUG org.asynchttpclient.netty.request.NettyRequestSender - Using open Channel [id: 0x05189bee, L:/127.0.0.1:14171 - R:localhost/127.0.0.1:27717] for POST '/session/10548012a87614cb42f3113d4e05a55a/element/209FB4B6172EF2AEA1F4DB5F23F49028_element_13/clear'
14:09:24.797 [AsyncHttpClient-1-1] DEBUG org.asynchttpclient.netty.channel.DefaultChannelPool - Entry count for : http://localhost:14172 : 1
14:09:24.805 [AsyncHttpClient-1-8] DEBUG org.asynchttpclient.netty.handler.HttpHandler - 

Request DefaultHttpRequest(decodeResult: success, version: HTTP/1.1)
POST /session/10548012a87614cb42f3113d4e05a55a/element/209FB4B6172EF2AEA1F4DB5F23F49028_element_13/clear HTTP/1.1
User-Agent: selenium/4.8.1 (java windows)
Content-Length: 57
Content-Type: application/json; charset=utf-8
host: localhost:27717
accept: */*

Response DefaultHttpResponse(decodeResult: success, version: HTTP/1.1)
HTTP/1.1 200 OK
Content-Length: 14
Content-Type: application/json; charset=utf-8
cache-control: no-cache

14:09:24.806 [AsyncHttpClient-1-8] DEBUG org.asynchttpclient.netty.channel.ChannelManager - Adding key: http://localhost:27717 for channel [id: 0x05189bee, L:/127.0.0.1:14171 - R:localhost/127.0.0.1:27717]
14:09:24.808 [Forwarding sendKeysToElement on session 10548012a87614cb42f3113d4e05a55a to remote] DEBUG org.asynchttpclient.netty.request.NettyRequestSender - Using pooled Channel '[id: 0x05189bee, L:/127.0.0.1:14171 - R:localhost/127.0.0.1:27717]' for 'POST' to 'http://localhost:27717/session/10548012a87614cb42f3113d4e05a55a/element/209FB4B6172EF2AEA1F4DB5F23F49028_element_13/value'
14:09:24.809 [Forwarding sendKeysToElement on session 10548012a87614cb42f3113d4e05a55a to remote] DEBUG org.asynchttpclient.netty.request.NettyRequestSender - Using open Channel [id: 0x05189bee, L:/127.0.0.1:14171 - R:localhost/127.0.0.1:27717] for POST '/session/10548012a87614cb42f3113d4e05a55a/element/209FB4B6172EF2AEA1F4DB5F23F49028_element_13/value'
14:09:25.030 [AsyncHttpClient-1-8] DEBUG org.asynchttpclient.netty.handler.HttpHandler - 

Request DefaultHttpRequest(decodeResult: success, version: HTTP/1.1)
POST /session/10548012a87614cb42f3113d4e05a55a/element/209FB4B6172EF2AEA1F4DB5F23F49028_element_13/value HTTP/1.1
User-Agent: selenium/4.8.1 (java windows)
Content-Length: 198
Content-Type: application/json; charset=utf-8
host: localhost:27717
accept: */*

Response DefaultHttpResponse(decodeResult: success, version: HTTP/1.1)
HTTP/1.1 200 OK
Content-Length: 14
Content-Type: application/json; charset=utf-8
cache-control: no-cache

14:09:25.030 [AsyncHttpClient-1-8] DEBUG org.asynchttpclient.netty.channel.ChannelManager - Adding key: http://localhost:27717 for channel [id: 0x05189bee, L:/127.0.0.1:14171 - R:localhost/127.0.0.1:27717]
14:09:25.044 [Forwarding getAlertText on session 10548012a87614cb42f3113d4e05a55a to remote] DEBUG org.asynchttpclient.netty.request.NettyRequestSender - Using pooled Channel '[id: 0x05189bee, L:/127.0.0.1:14171 - R:localhost/127.0.0.1:27717]' for 'GET' to 'http://localhost:27717/session/10548012a87614cb42f3113d4e05a55a/alert/text'
14:09:25.044 [Forwarding getAlertText on session 10548012a87614cb42f3113d4e05a55a to remote] DEBUG org.asynchttpclient.netty.request.NettyRequestSender - Using open Channel [id: 0x05189bee, L:/127.0.0.1:14171 - R:localhost/127.0.0.1:27717] for GET '/session/10548012a87614cb42f3113d4e05a55a/alert/text'
14:09:25.046 [AsyncHttpClient-1-8] DEBUG org.asynchttpclient.netty.handler.HttpHandler - 

Request DefaultFullHttpRequest(decodeResult: success, version: HTTP/1.1, content: EmptyByteBufBE)
GET /session/10548012a87614cb42f3113d4e05a55a/alert/text HTTP/1.1
User-Agent: selenium/4.8.1 (java windows)
Cache-Control: no-cache
Content-Type: application/json; charset=utf-8
host: localhost:27717
accept: */*

Response DefaultHttpResponse(decodeResult: success, version: HTTP/1.1)
HTTP/1.1 404 Not Found
Content-Length: 807
Content-Type: application/json; charset=utf-8
cache-control: no-cache

14:09:25.046 [AsyncHttpClient-1-8] DEBUG org.asynchttpclient.netty.channel.ChannelManager - Adding key: http://localhost:27717 for channel [id: 0x05189bee, L:/127.0.0.1:14171 - R:localhost/127.0.0.1:27717]
14:09:25.050 [Forwarding getCurrentUrl on session 10548012a87614cb42f3113d4e05a55a to remote] DEBUG org.asynchttpclient.netty.request.NettyRequestSender - Using pooled Channel '[id: 0x05189bee, L:/127.0.0.1:14171 - R:localhost/127.0.0.1:27717]' for 'GET' to 'http://localhost:27717/session/10548012a87614cb42f3113d4e05a55a/url'
14:09:25.050 [Forwarding getCurrentUrl on session 10548012a87614cb42f3113d4e05a55a to remote] DEBUG org.asynchttpclient.netty.request.NettyRequestSender - Using open Channel [id: 0x05189bee, L:/127.0.0.1:14171 - R:localhost/127.0.0.1:27717] for GET '/session/10548012a87614cb42f3113d4e05a55a/url'
14:09:25.055 [AsyncHttpClient-1-8] DEBUG org.asynchttpclient.netty.handler.HttpHandler - 

Request DefaultFullHttpRequest(decodeResult: success, version: HTTP/1.1, content: EmptyByteBufBE)
GET /session/10548012a87614cb42f3113d4e05a55a/url HTTP/1.1
User-Agent: selenium/4.8.1 (java windows)
Cache-Control: no-cache
Content-Type: application/json; charset=utf-8
host: localhost:27717
accept: */*

Response DefaultHttpResponse(decodeResult: success, version: HTTP/1.1)
HTTP/1.1 200 OK
Content-Length: 64
Content-Type: application/json; charset=utf-8
cache-control: no-cache

14:09:25.055 [AsyncHttpClient-1-8] DEBUG org.asynchttpclient.netty.channel.ChannelManager - Adding key: http://localhost:27717 for channel [id: 0x05189bee, L:/127.0.0.1:14171 - R:localhost/127.0.0.1:27717]
14:09:25.056 [Forwarding screenshot on session 10548012a87614cb42f3113d4e05a55a to remote] DEBUG org.asynchttpclient.netty.request.NettyRequestSender - Using pooled Channel '[id: 0x05189bee, L:/127.0.0.1:14171 - R:localhost/127.0.0.1:27717]' for 'GET' to 'http://localhost:27717/session/10548012a87614cb42f3113d4e05a55a/screenshot'
14:09:25.056 [Forwarding screenshot on session 10548012a87614cb42f3113d4e05a55a to remote] DEBUG org.asynchttpclient.netty.request.NettyRequestSender - Using open Channel [id: 0x05189bee, L:/127.0.0.1:14171 - R:localhost/127.0.0.1:27717] for GET '/session/10548012a87614cb42f3113d4e05a55a/screenshot'
14:09:25.192 [AsyncHttpClient-1-8] DEBUG org.asynchttpclient.netty.handler.HttpHandler - 

Request DefaultFullHttpRequest(decodeResult: success, version: HTTP/1.1, content: EmptyByteBufBE)
GET /session/10548012a87614cb42f3113d4e05a55a/screenshot HTTP/1.1
User-Agent: selenium/4.8.1 (java windows)
Cache-Control: no-cache
Content-Type: application/json; charset=utf-8
host: localhost:27717
accept: */*

Response DefaultHttpResponse(decodeResult: success, version: HTTP/1.1)
HTTP/1.1 200 OK
Content-Length: 124768
Content-Type: application/json; charset=utf-8
cache-control: no-cache

14:09:25.194 [AsyncHttpClient-1-8] DEBUG org.asynchttpclient.netty.channel.ChannelManager - Adding key: http://localhost:27717 for channel [id: 0x05189bee, L:/127.0.0.1:14171 - R:localhost/127.0.0.1:27717]
14:09:25.210 [main] DEBUG net.serenitybdd.core.photography.Darkroom - Send negative for processing for target\site\serenity\a482bc7bd961aca5e94723349c45a43c2640dfe964600ce63e970df6c5797a73.png
14:09:25.211 [main] DEBUG net.thucydides.core.steps.StepInterceptor - STEP DONE: inputtPassworddd
  &amp#27;[32mAnd &amp#27;[0m&amp#27;[32mI inputtt passworddd&amp#27;[0m                                             &amp#27;[90m# Starter.Stepdefitions.CustomerTransactionSteps.inputtPassworddd()&amp#27;[0m
14:09:25.229 [Forwarding getPageSource on session 10548012a87614cb42f3113d4e05a55a to remote] DEBUG org.asynchttpclient.netty.request.NettyRequestSender - Using pooled Channel '[id: 0x05189bee, L:/127.0.0.1:14171 - R:localhost/127.0.0.1:27717]' for 'POST' to 'http://localhost:27717/session/10548012a87614cb42f3113d4e05a55a/execute/sync'
14:09:25.229 [Forwarding getPageSource on session 10548012a87614cb42f3113d4e05a55a to remote] DEBUG org.asynchttpclient.netty.request.NettyRequestSender - Using open Channel [id: 0x05189bee, L:/127.0.0.1:14171 - R:localhost/127.0.0.1:27717] for POST '/session/10548012a87614cb42f3113d4e05a55a/execute/sync'
14:09:25.235 [AsyncHttpClient-1-8] DEBUG org.asynchttpclient.netty.handler.HttpHandler - 

Request DefaultHttpRequest(decodeResult: success, version: HTTP/1.1)
POST /session/10548012a87614cb42f3113d4e05a55a/execute/sync HTTP/1.1
User-Agent: selenium/4.8.1 (java windows)
Content-Length: 176
Content-Type: application/json; charset=utf-8
host: localhost:27717
accept: */*

Response DefaultHttpResponse(decodeResult: success, version: HTTP/1.1)
HTTP/1.1 200 OK
Content-Length: 6036
Content-Type: application/json; charset=utf-8
cache-control: no-cache

14:09:25.235 [AsyncHttpClient-1-8] DEBUG org.asynchttpclient.netty.channel.ChannelManager - Adding key: http://localhost:27717 for channel [id: 0x05189bee, L:/127.0.0.1:14171 - R:localhost/127.0.0.1:27717]
14:09:25.239 [Forwarding getCurrentUrl on session 10548012a87614cb42f3113d4e05a55a to remote] DEBUG org.asynchttpclient.netty.request.NettyRequestSender - Using pooled Channel '[id: 0x05189bee, L:/127.0.0.1:14171 - R:localhost/127.0.0.1:27717]' for 'GET' to 'http://localhost:27717/session/10548012a87614cb42f3113d4e05a55a/url'
14:09:25.239 [Forwarding getCurrentUrl on session 10548012a87614cb42f3113d4e05a55a to remote] DEBUG org.asynchttpclient.netty.request.NettyRequestSender - Using open Channel [id: 0x05189bee, L:/127.0.0.1:14171 - R:localhost/127.0.0.1:27717] for GET '/session/10548012a87614cb42f3113d4e05a55a/url'
14:09:25.244 [AsyncHttpClient-1-8] DEBUG org.asynchttpclient.netty.handler.HttpHandler - 

Request DefaultFullHttpRequest(decodeResult: success, version: HTTP/1.1, content: EmptyByteBufBE)
GET /session/10548012a87614cb42f3113d4e05a55a/url HTTP/1.1
User-Agent: selenium/4.8.1 (java windows)
Cache-Control: no-cache
Content-Type: application/json; charset=utf-8
host: localhost:27717
accept: */*

Response DefaultHttpResponse(decodeResult: success, version: HTTP/1.1)
HTTP/1.1 200 OK
Content-Length: 64
Content-Type: application/json; charset=utf-8
cache-control: no-cache

14:09:25.244 [AsyncHttpClient-1-8] DEBUG org.asynchttpclient.netty.channel.ChannelManager - Adding key: http://localhost:27717 for channel [id: 0x05189bee, L:/127.0.0.1:14171 - R:localhost/127.0.0.1:27717]
14:09:25.260 [Forwarding getPageSource on session 10548012a87614cb42f3113d4e05a55a to remote] DEBUG org.asynchttpclient.netty.request.NettyRequestSender - Using pooled Channel '[id: 0x05189bee, L:/127.0.0.1:14171 - R:localhost/127.0.0.1:27717]' for 'POST' to 'http://localhost:27717/session/10548012a87614cb42f3113d4e05a55a/execute/sync'
14:09:25.260 [Forwarding getPageSource on session 10548012a87614cb42f3113d4e05a55a to remote] DEBUG org.asynchttpclient.netty.request.NettyRequestSender - Using open Channel [id: 0x05189bee, L:/127.0.0.1:14171 - R:localhost/127.0.0.1:27717] for POST '/session/10548012a87614cb42f3113d4e05a55a/execute/sync'
14:09:25.266 [AsyncHttpClient-1-8] DEBUG org.asynchttpclient.netty.handler.HttpHandler - 

Request DefaultHttpRequest(decodeResult: success, version: HTTP/1.1)
POST /session/10548012a87614cb42f3113d4e05a55a/execute/sync HTTP/1.1
User-Agent: selenium/4.8.1 (java windows)
Content-Length: 176
Content-Type: application/json; charset=utf-8
host: localhost:27717
accept: */*

Response DefaultHttpResponse(decodeResult: success, version: HTTP/1.1)
HTTP/1.1 200 OK
Content-Length: 6036
Content-Type: application/json; charset=utf-8
cache-control: no-cache

14:09:25.266 [AsyncHttpClient-1-8] DEBUG org.asynchttpclient.netty.channel.ChannelManager - Adding key: http://localhost:27717 for channel [id: 0x05189bee, L:/127.0.0.1:14171 - R:localhost/127.0.0.1:27717]
14:09:25.269 [Forwarding getCurrentUrl on session 10548012a87614cb42f3113d4e05a55a to remote] DEBUG org.asynchttpclient.netty.request.NettyRequestSender - Using pooled Channel '[id: 0x05189bee, L:/127.0.0.1:14171 - R:localhost/127.0.0.1:27717]' for 'GET' to 'http://localhost:27717/session/10548012a87614cb42f3113d4e05a55a/url'
14:09:25.269 [Forwarding getCurrentUrl on session 10548012a87614cb42f3113d4e05a55a to remote] DEBUG org.asynchttpclient.netty.request.NettyRequestSender - Using open Channel [id: 0x05189bee, L:/127.0.0.1:14171 - R:localhost/127.0.0.1:27717] for GET '/session/10548012a87614cb42f3113d4e05a55a/url'
14:09:25.274 [AsyncHttpClient-1-8] DEBUG org.asynchttpclient.netty.handler.HttpHandler - 

Request DefaultFullHttpRequest(decodeResult: success, version: HTTP/1.1, content: EmptyByteBufBE)
GET /session/10548012a87614cb42f3113d4e05a55a/url HTTP/1.1
User-Agent: selenium/4.8.1 (java windows)
Cache-Control: no-cache
Content-Type: application/json; charset=utf-8
host: localhost:27717
accept: */*

Response DefaultHttpResponse(decodeResult: success, version: HTTP/1.1)
HTTP/1.1 200 OK
Content-Length: 64
Content-Type: application/json; charset=utf-8
cache-control: no-cache

14:09:25.274 [AsyncHttpClient-1-8] DEBUG org.asynchttpclient.netty.channel.ChannelManager - Adding key: http://localhost:27717 for channel [id: 0x05189bee, L:/127.0.0.1:14171 - R:localhost/127.0.0.1:27717]
14:09:25.277 [main] DEBUG net.thucydides.core.steps.StepInterceptor - STARTING STEP: CustomerTransactionSteps.clickkSignInButtonnn - clickkSignInButtonnn
14:09:25.284 [Forwarding findElement on session 10548012a87614cb42f3113d4e05a55a to remote] DEBUG org.asynchttpclient.netty.request.NettyRequestSender - Using pooled Channel '[id: 0x05189bee, L:/127.0.0.1:14171 - R:localhost/127.0.0.1:27717]' for 'POST' to 'http://localhost:27717/session/10548012a87614cb42f3113d4e05a55a/element'
14:09:25.284 [Forwarding findElement on session 10548012a87614cb42f3113d4e05a55a to remote] DEBUG org.asynchttpclient.netty.request.NettyRequestSender - Using open Channel [id: 0x05189bee, L:/127.0.0.1:14171 - R:localhost/127.0.0.1:27717] for POST '/session/10548012a87614cb42f3113d4e05a55a/element'
14:09:25.301 [AsyncHttpClient-1-8] DEBUG org.asynchttpclient.netty.handler.HttpHandler - 

Request DefaultHttpRequest(decodeResult: success, version: HTTP/1.1)
POST /session/10548012a87614cb42f3113d4e05a55a/element HTTP/1.1
User-Agent: selenium/4.8.1 (java windows)
Content-Length: 69
Content-Type: application/json; charset=utf-8
host: localhost:27717
accept: */*

Response DefaultHttpResponse(decodeResult: success, version: HTTP/1.1)
HTTP/1.1 200 OK
Content-Length: 95
Content-Type: application/json; charset=utf-8
cache-control: no-cache

14:09:25.301 [AsyncHttpClient-1-8] DEBUG org.asynchttpclient.netty.channel.ChannelManager - Adding key: http://localhost:27717 for channel [id: 0x05189bee, L:/127.0.0.1:14171 - R:localhost/127.0.0.1:27717]
14:09:25.303 [Forwarding getElementTagName on session 10548012a87614cb42f3113d4e05a55a to remote] DEBUG org.asynchttpclient.netty.request.NettyRequestSender - Using pooled Channel '[id: 0x05189bee, L:/127.0.0.1:14171 - R:localhost/127.0.0.1:27717]' for 'GET' to 'http://localhost:27717/session/10548012a87614cb42f3113d4e05a55a/element/209FB4B6172EF2AEA1F4DB5F23F49028_element_18/name'
14:09:25.304 [Forwarding getElementTagName on session 10548012a87614cb42f3113d4e05a55a to remote] DEBUG org.asynchttpclient.netty.request.NettyRequestSender - Using open Channel [id: 0x05189bee, L:/127.0.0.1:14171 - R:localhost/127.0.0.1:27717] for GET '/session/10548012a87614cb42f3113d4e05a55a/element/209FB4B6172EF2AEA1F4DB5F23F49028_element_18/name'
14:09:25.311 [AsyncHttpClient-1-8] DEBUG org.asynchttpclient.netty.handler.HttpHandler - 

Request DefaultFullHttpRequest(decodeResult: success, version: HTTP/1.1, content: EmptyByteBufBE)
GET /session/10548012a87614cb42f3113d4e05a55a/element/209FB4B6172EF2AEA1F4DB5F23F49028_element_18/name HTTP/1.1
User-Agent: selenium/4.8.1 (java windows)
Cache-Control: no-cache
Content-Type: application/json; charset=utf-8
host: localhost:27717
accept: */*

Response DefaultHttpResponse(decodeResult: success, version: HTTP/1.1)
HTTP/1.1 200 OK
Content-Length: 18
Content-Type: application/json; charset=utf-8
cache-control: no-cache

14:09:25.311 [AsyncHttpClient-1-8] DEBUG org.asynchttpclient.netty.channel.ChannelManager - Adding key: http://localhost:27717 for channel [id: 0x05189bee, L:/127.0.0.1:14171 - R:localhost/127.0.0.1:27717]
14:09:25.313 [Forwarding getElementTagName on session 10548012a87614cb42f3113d4e05a55a to remote] DEBUG org.asynchttpclient.netty.request.NettyRequestSender - Using pooled Channel '[id: 0x05189bee, L:/127.0.0.1:14171 - R:localhost/127.0.0.1:27717]' for 'GET' to 'http://localhost:27717/session/10548012a87614cb42f3113d4e05a55a/element/209FB4B6172EF2AEA1F4DB5F23F49028_element_18/name'
14:09:25.313 [Forwarding getElementTagName on session 10548012a87614cb42f3113d4e05a55a to remote] DEBUG org.asynchttpclient.netty.request.NettyRequestSender - Using open Channel [id: 0x05189bee, L:/127.0.0.1:14171 - R:localhost/127.0.0.1:27717] for GET '/session/10548012a87614cb42f3113d4e05a55a/element/209FB4B6172EF2AEA1F4DB5F23F49028_element_18/name'
14:09:25.319 [AsyncHttpClient-1-8] DEBUG org.asynchttpclient.netty.handler.HttpHandler - 

Request DefaultFullHttpRequest(decodeResult: success, version: HTTP/1.1, content: EmptyByteBufBE)
GET /session/10548012a87614cb42f3113d4e05a55a/element/209FB4B6172EF2AEA1F4DB5F23F49028_element_18/name HTTP/1.1
User-Agent: selenium/4.8.1 (java windows)
Cache-Control: no-cache
Content-Type: application/json; charset=utf-8
host: localhost:27717
accept: */*

Response DefaultHttpResponse(decodeResult: success, version: HTTP/1.1)
HTTP/1.1 200 OK
Content-Length: 18
Content-Type: application/json; charset=utf-8
cache-control: no-cache

14:09:25.319 [AsyncHttpClient-1-8] DEBUG org.asynchttpclient.netty.channel.ChannelManager - Adding key: http://localhost:27717 for channel [id: 0x05189bee, L:/127.0.0.1:14171 - R:localhost/127.0.0.1:27717]
14:09:25.324 [Forwarding isElementEnabled on session 10548012a87614cb42f3113d4e05a55a to remote] DEBUG org.asynchttpclient.netty.request.NettyRequestSender - Using pooled Channel '[id: 0x05189bee, L:/127.0.0.1:14171 - R:localhost/127.0.0.1:27717]' for 'GET' to 'http://localhost:27717/session/10548012a87614cb42f3113d4e05a55a/element/209FB4B6172EF2AEA1F4DB5F23F49028_element_18/enabled'
14:09:25.324 [Forwarding isElementEnabled on session 10548012a87614cb42f3113d4e05a55a to remote] DEBUG org.asynchttpclient.netty.request.NettyRequestSender - Using open Channel [id: 0x05189bee, L:/127.0.0.1:14171 - R:localhost/127.0.0.1:27717] for GET '/session/10548012a87614cb42f3113d4e05a55a/element/209FB4B6172EF2AEA1F4DB5F23F49028_element_18/enabled'
14:09:25.334 [AsyncHttpClient-1-8] DEBUG org.asynchttpclient.netty.handler.HttpHandler - 

Request DefaultFullHttpRequest(decodeResult: success, version: HTTP/1.1, content: EmptyByteBufBE)
GET /session/10548012a87614cb42f3113d4e05a55a/element/209FB4B6172EF2AEA1F4DB5F23F49028_element_18/enabled HTTP/1.1
User-Agent: selenium/4.8.1 (java windows)
Cache-Control: no-cache
Content-Type: application/json; charset=utf-8
host: localhost:27717
accept: */*

Response DefaultHttpResponse(decodeResult: success, version: HTTP/1.1)
HTTP/1.1 200 OK
Content-Length: 14
Content-Type: application/json; charset=utf-8
cache-control: no-cache

14:09:25.334 [AsyncHttpClient-1-8] DEBUG org.asynchttpclient.netty.channel.ChannelManager - Adding key: http://localhost:27717 for channel [id: 0x05189bee, L:/127.0.0.1:14171 - R:localhost/127.0.0.1:27717]
14:09:25.336 [Forwarding isElementEnabled on session 10548012a87614cb42f3113d4e05a55a to remote] DEBUG org.asynchttpclient.netty.request.NettyRequestSender - Using pooled Channel '[id: 0x05189bee, L:/127.0.0.1:14171 - R:localhost/127.0.0.1:27717]' for 'GET' to 'http://localhost:27717/session/10548012a87614cb42f3113d4e05a55a/element/209FB4B6172EF2AEA1F4DB5F23F49028_element_18/enabled'
14:09:25.336 [Forwarding isElementEnabled on session 10548012a87614cb42f3113d4e05a55a to remote] DEBUG org.asynchttpclient.netty.request.NettyRequestSender - Using open Channel [id: 0x05189bee, L:/127.0.0.1:14171 - R:localhost/127.0.0.1:27717] for GET '/session/10548012a87614cb42f3113d4e05a55a/element/209FB4B6172EF2AEA1F4DB5F23F49028_element_18/enabled'
14:09:25.344 [AsyncHttpClient-1-8] DEBUG org.asynchttpclient.netty.handler.HttpHandler - 

Request DefaultFullHttpRequest(decodeResult: success, version: HTTP/1.1, content: EmptyByteBufBE)
GET /session/10548012a87614cb42f3113d4e05a55a/element/209FB4B6172EF2AEA1F4DB5F23F49028_element_18/enabled HTTP/1.1
User-Agent: selenium/4.8.1 (java windows)
Cache-Control: no-cache
Content-Type: application/json; charset=utf-8
host: localhost:27717
accept: */*

Response DefaultHttpResponse(decodeResult: success, version: HTTP/1.1)
HTTP/1.1 200 OK
Content-Length: 14
Content-Type: application/json; charset=utf-8
cache-control: no-cache

14:09:25.344 [AsyncHttpClient-1-8] DEBUG org.asynchttpclient.netty.channel.ChannelManager - Adding key: http://localhost:27717 for channel [id: 0x05189bee, L:/127.0.0.1:14171 - R:localhost/127.0.0.1:27717]
14:09:25.348 [Forwarding findElement on session 10548012a87614cb42f3113d4e05a55a to remote] DEBUG org.asynchttpclient.netty.request.NettyRequestSender - Using pooled Channel '[id: 0x05189bee, L:/127.0.0.1:14171 - R:localhost/127.0.0.1:27717]' for 'POST' to 'http://localhost:27717/session/10548012a87614cb42f3113d4e05a55a/element'
14:09:25.348 [Forwarding findElement on session 10548012a87614cb42f3113d4e05a55a to remote] DEBUG org.asynchttpclient.netty.request.NettyRequestSender - Using open Channel [id: 0x05189bee, L:/127.0.0.1:14171 - R:localhost/127.0.0.1:27717] for POST '/session/10548012a87614cb42f3113d4e05a55a/element'
14:09:25.357 [AsyncHttpClient-1-8] DEBUG org.asynchttpclient.netty.handler.HttpHandler - 

Request DefaultHttpRequest(decodeResult: success, version: HTTP/1.1)
POST /session/10548012a87614cb42f3113d4e05a55a/element HTTP/1.1
User-Agent: selenium/4.8.1 (java windows)
Content-Length: 69
Content-Type: application/json; charset=utf-8
host: localhost:27717
accept: */*

Response DefaultHttpResponse(decodeResult: success, version: HTTP/1.1)
HTTP/1.1 200 OK
Content-Length: 95
Content-Type: application/json; charset=utf-8
cache-control: no-cache

14:09:25.357 [AsyncHttpClient-1-8] DEBUG org.asynchttpclient.netty.channel.ChannelManager - Adding key: http://localhost:27717 for channel [id: 0x05189bee, L:/127.0.0.1:14171 - R:localhost/127.0.0.1:27717]
14:09:25.359 [Forwarding clickElement on session 10548012a87614cb42f3113d4e05a55a to remote] DEBUG org.asynchttpclient.netty.request.NettyRequestSender - Using pooled Channel '[id: 0x05189bee, L:/127.0.0.1:14171 - R:localhost/127.0.0.1:27717]' for 'POST' to 'http://localhost:27717/session/10548012a87614cb42f3113d4e05a55a/element/209FB4B6172EF2AEA1F4DB5F23F49028_element_18/click'
14:09:25.359 [Forwarding clickElement on session 10548012a87614cb42f3113d4e05a55a to remote] DEBUG org.asynchttpclient.netty.request.NettyRequestSender - Using open Channel [id: 0x05189bee, L:/127.0.0.1:14171 - R:localhost/127.0.0.1:27717] for POST '/session/10548012a87614cb42f3113d4e05a55a/element/209FB4B6172EF2AEA1F4DB5F23F49028_element_18/click'
14:09:25.442 [AsyncHttpClient-1-8] DEBUG org.asynchttpclient.netty.handler.HttpHandler - 

Request DefaultHttpRequest(decodeResult: success, version: HTTP/1.1)
POST /session/10548012a87614cb42f3113d4e05a55a/element/209FB4B6172EF2AEA1F4DB5F23F49028_element_18/click HTTP/1.1
User-Agent: selenium/4.8.1 (java windows)
Content-Length: 57
Content-Type: application/json; charset=utf-8
host: localhost:27717
accept: */*

Response DefaultHttpResponse(decodeResult: success, version: HTTP/1.1)
HTTP/1.1 200 OK
Content-Length: 14
Content-Type: application/json; charset=utf-8
cache-control: no-cache

14:09:25.442 [AsyncHttpClient-1-8] DEBUG org.asynchttpclient.netty.channel.ChannelManager - Adding key: http://localhost:27717 for channel [id: 0x05189bee, L:/127.0.0.1:14171 - R:localhost/127.0.0.1:27717]
14:09:25.459 [Forwarding getAlertText on session 10548012a87614cb42f3113d4e05a55a to remote] DEBUG org.asynchttpclient.netty.request.NettyRequestSender - Using pooled Channel '[id: 0x05189bee, L:/127.0.0.1:14171 - R:localhost/127.0.0.1:27717]' for 'GET' to 'http://localhost:27717/session/10548012a87614cb42f3113d4e05a55a/alert/text'
14:09:25.459 [Forwarding getAlertText on session 10548012a87614cb42f3113d4e05a55a to remote] DEBUG org.asynchttpclient.netty.request.NettyRequestSender - Using open Channel [id: 0x05189bee, L:/127.0.0.1:14171 - R:localhost/127.0.0.1:27717] for GET '/session/10548012a87614cb42f3113d4e05a55a/alert/text'
14:09:25.461 [AsyncHttpClient-1-8] DEBUG org.asynchttpclient.netty.handler.HttpHandler - 

Request DefaultFullHttpRequest(decodeResult: success, version: HTTP/1.1, content: EmptyByteBufBE)
GET /session/10548012a87614cb42f3113d4e05a55a/alert/text HTTP/1.1
User-Agent: selenium/4.8.1 (java windows)
Cache-Control: no-cache
Content-Type: application/json; charset=utf-8
host: localhost:27717
accept: */*

Response DefaultHttpResponse(decodeResult: success, version: HTTP/1.1)
HTTP/1.1 404 Not Found
Content-Length: 807
Content-Type: application/json; charset=utf-8
cache-control: no-cache

14:09:25.461 [AsyncHttpClient-1-8] DEBUG org.asynchttpclient.netty.channel.ChannelManager - Adding key: http://localhost:27717 for channel [id: 0x05189bee, L:/127.0.0.1:14171 - R:localhost/127.0.0.1:27717]
14:09:25.463 [Forwarding getCurrentUrl on session 10548012a87614cb42f3113d4e05a55a to remote] DEBUG org.asynchttpclient.netty.request.NettyRequestSender - Using pooled Channel '[id: 0x05189bee, L:/127.0.0.1:14171 - R:localhost/127.0.0.1:27717]' for 'GET' to 'http://localhost:27717/session/10548012a87614cb42f3113d4e05a55a/url'
14:09:25.463 [Forwarding getCurrentUrl on session 10548012a87614cb42f3113d4e05a55a to remote] DEBUG org.asynchttpclient.netty.request.NettyRequestSender - Using open Channel [id: 0x05189bee, L:/127.0.0.1:14171 - R:localhost/127.0.0.1:27717] for GET '/session/10548012a87614cb42f3113d4e05a55a/url'
14:09:25.471 [AsyncHttpClient-1-8] DEBUG org.asynchttpclient.netty.handler.HttpHandler - 

Request DefaultFullHttpRequest(decodeResult: success, version: HTTP/1.1, content: EmptyByteBufBE)
GET /session/10548012a87614cb42f3113d4e05a55a/url HTTP/1.1
User-Agent: selenium/4.8.1 (java windows)
Cache-Control: no-cache
Content-Type: application/json; charset=utf-8
host: localhost:27717
accept: */*

Response DefaultHttpResponse(decodeResult: success, version: HTTP/1.1)
HTTP/1.1 200 OK
Content-Length: 64
Content-Type: application/json; charset=utf-8
cache-control: no-cache

14:09:25.471 [AsyncHttpClient-1-8] DEBUG org.asynchttpclient.netty.channel.ChannelManager - Adding key: http://localhost:27717 for channel [id: 0x05189bee, L:/127.0.0.1:14171 - R:localhost/127.0.0.1:27717]
14:09:25.472 [Forwarding screenshot on session 10548012a87614cb42f3113d4e05a55a to remote] DEBUG org.asynchttpclient.netty.request.NettyRequestSender - Using pooled Channel '[id: 0x05189bee, L:/127.0.0.1:14171 - R:localhost/127.0.0.1:27717]' for 'GET' to 'http://localhost:27717/session/10548012a87614cb42f3113d4e05a55a/screenshot'
14:09:25.472 [Forwarding screenshot on session 10548012a87614cb42f3113d4e05a55a to remote] DEBUG org.asynchttpclient.netty.request.NettyRequestSender - Using open Channel [id: 0x05189bee, L:/127.0.0.1:14171 - R:localhost/127.0.0.1:27717] for GET '/session/10548012a87614cb42f3113d4e05a55a/screenshot'
14:09:25.633 [AsyncHttpClient-1-8] DEBUG org.asynchttpclient.netty.handler.HttpHandler - 

Request DefaultFullHttpRequest(decodeResult: success, version: HTTP/1.1, content: EmptyByteBufBE)
GET /session/10548012a87614cb42f3113d4e05a55a/screenshot HTTP/1.1
User-Agent: selenium/4.8.1 (java windows)
Cache-Control: no-cache
Content-Type: application/json; charset=utf-8
host: localhost:27717
accept: */*

Response DefaultHttpResponse(decodeResult: success, version: HTTP/1.1)
HTTP/1.1 200 OK
Content-Length: 124548
Content-Type: application/json; charset=utf-8
cache-control: no-cache

14:09:25.635 [AsyncHttpClient-1-8] DEBUG org.asynchttpclient.netty.channel.ChannelManager - Adding key: http://localhost:27717 for channel [id: 0x05189bee, L:/127.0.0.1:14171 - R:localhost/127.0.0.1:27717]
14:09:25.649 [main] DEBUG net.serenitybdd.core.photography.Darkroom - Send negative for processing for target\site\serenity\f66c1be435f987b70de89672c94a1967d03637ac2760b08ca6f7530d76e497d6.png
14:09:25.650 [main] DEBUG net.thucydides.core.steps.StepInterceptor - STEP DONE: clickkSignInButtonnn
14:09:25.650 [Darkroom Processing Line] DEBUG net.serenitybdd.core.photography.DarkroomProcessingLine - Processing screenshot image in /var/screenshots/screenshot-1104442037677222581
14:09:25.650 [Darkroom Processing Line] DEBUG net.serenitybdd.core.photography.DarkroomProcessingLine - Saving screenshot to target\site\serenity\f66c1be435f987b70de89672c94a1967d03637ac2760b08ca6f7530d76e497d6.png
  &amp#27;[32mAnd &amp#27;[0m&amp#27;[32mI clickk sign innn&amp#27;[0m                                               &amp#27;[90m# Starter.Stepdefitions.CustomerTransactionSteps.clickkSignInButtonnn()&amp#27;[0m
14:09:25.676 [Forwarding getPageSource on session 10548012a87614cb42f3113d4e05a55a to remote] DEBUG org.asynchttpclient.netty.request.NettyRequestSender - Using pooled Channel '[id: 0x05189bee, L:/127.0.0.1:14171 - R:localhost/127.0.0.1:27717]' for 'POST' to 'http://localhost:27717/session/10548012a87614cb42f3113d4e05a55a/execute/sync'
14:09:25.677 [Forwarding getPageSource on session 10548012a87614cb42f3113d4e05a55a to remote] DEBUG org.asynchttpclient.netty.request.NettyRequestSender - Using open Channel [id: 0x05189bee, L:/127.0.0.1:14171 - R:localhost/127.0.0.1:27717] for POST '/session/10548012a87614cb42f3113d4e05a55a/execute/sync'
14:09:25.746 [AsyncHttpClient-1-8] DEBUG org.asynchttpclient.netty.handler.HttpHandler - 

Request DefaultHttpRequest(decodeResult: success, version: HTTP/1.1)
POST /session/10548012a87614cb42f3113d4e05a55a/execute/sync HTTP/1.1
User-Agent: selenium/4.8.1 (java windows)
Content-Length: 176
Content-Type: application/json; charset=utf-8
host: localhost:27717
accept: */*

Response DefaultHttpResponse(decodeResult: success, version: HTTP/1.1)
HTTP/1.1 200 OK
Content-Length: 6720
Content-Type: application/json; charset=utf-8
cache-control: no-cache

14:09:25.746 [AsyncHttpClient-1-8] DEBUG org.asynchttpclient.netty.channel.ChannelManager - Adding key: http://localhost:27717 for channel [id: 0x05189bee, L:/127.0.0.1:14171 - R:localhost/127.0.0.1:27717]
14:09:25.751 [Forwarding getCurrentUrl on session 10548012a87614cb42f3113d4e05a55a to remote] DEBUG org.asynchttpclient.netty.request.NettyRequestSender - Using pooled Channel '[id: 0x05189bee, L:/127.0.0.1:14171 - R:localhost/127.0.0.1:27717]' for 'GET' to 'http://localhost:27717/session/10548012a87614cb42f3113d4e05a55a/url'
14:09:25.751 [Forwarding getCurrentUrl on session 10548012a87614cb42f3113d4e05a55a to remote] DEBUG org.asynchttpclient.netty.request.NettyRequestSender - Using open Channel [id: 0x05189bee, L:/127.0.0.1:14171 - R:localhost/127.0.0.1:27717] for GET '/session/10548012a87614cb42f3113d4e05a55a/url'
14:09:25.759 [AsyncHttpClient-1-8] DEBUG org.asynchttpclient.netty.handler.HttpHandler - 

Request DefaultFullHttpRequest(decodeResult: success, version: HTTP/1.1, content: EmptyByteBufBE)
GET /session/10548012a87614cb42f3113d4e05a55a/url HTTP/1.1
User-Agent: selenium/4.8.1 (java windows)
Cache-Control: no-cache
Content-Type: application/json; charset=utf-8
host: localhost:27717
accept: */*

Response DefaultHttpResponse(decodeResult: success, version: HTTP/1.1)
HTTP/1.1 200 OK
Content-Length: 67
Content-Type: application/json; charset=utf-8
cache-control: no-cache

14:09:25.759 [AsyncHttpClient-1-8] DEBUG org.asynchttpclient.netty.channel.ChannelManager - Adding key: http://localhost:27717 for channel [id: 0x05189bee, L:/127.0.0.1:14171 - R:localhost/127.0.0.1:27717]
14:09:25.787 [Forwarding getAlertText on session 10548012a87614cb42f3113d4e05a55a to remote] DEBUG org.asynchttpclient.netty.request.NettyRequestSender - Using pooled Channel '[id: 0x05189bee, L:/127.0.0.1:14171 - R:localhost/127.0.0.1:27717]' for 'GET' to 'http://localhost:27717/session/10548012a87614cb42f3113d4e05a55a/alert/text'
14:09:25.787 [Forwarding getAlertText on session 10548012a87614cb42f3113d4e05a55a to remote] DEBUG org.asynchttpclient.netty.request.NettyRequestSender - Using open Channel [id: 0x05189bee, L:/127.0.0.1:14171 - R:localhost/127.0.0.1:27717] for GET '/session/10548012a87614cb42f3113d4e05a55a/alert/text'
14:09:25.790 [AsyncHttpClient-1-8] DEBUG org.asynchttpclient.netty.handler.HttpHandler - 

Request DefaultFullHttpRequest(decodeResult: success, version: HTTP/1.1, content: EmptyByteBufBE)
GET /session/10548012a87614cb42f3113d4e05a55a/alert/text HTTP/1.1
User-Agent: selenium/4.8.1 (java windows)
Cache-Control: no-cache
Content-Type: application/json; charset=utf-8
host: localhost:27717
accept: */*

Response DefaultHttpResponse(decodeResult: success, version: HTTP/1.1)
HTTP/1.1 404 Not Found
Content-Length: 807
Content-Type: application/json; charset=utf-8
cache-control: no-cache

14:09:25.790 [AsyncHttpClient-1-8] DEBUG org.asynchttpclient.netty.channel.ChannelManager - Adding key: http://localhost:27717 for channel [id: 0x05189bee, L:/127.0.0.1:14171 - R:localhost/127.0.0.1:27717]
14:09:25.794 [Forwarding getCurrentUrl on session 10548012a87614cb42f3113d4e05a55a to remote] DEBUG org.asynchttpclient.netty.request.NettyRequestSender - Using pooled Channel '[id: 0x05189bee, L:/127.0.0.1:14171 - R:localhost/127.0.0.1:27717]' for 'GET' to 'http://localhost:27717/session/10548012a87614cb42f3113d4e05a55a/url'
14:09:25.794 [Forwarding getCurrentUrl on session 10548012a87614cb42f3113d4e05a55a to remote] DEBUG org.asynchttpclient.netty.request.NettyRequestSender - Using open Channel [id: 0x05189bee, L:/127.0.0.1:14171 - R:localhost/127.0.0.1:27717] for GET '/session/10548012a87614cb42f3113d4e05a55a/url'
14:09:25.801 [AsyncHttpClient-1-8] DEBUG org.asynchttpclient.netty.handler.HttpHandler - 

Request DefaultFullHttpRequest(decodeResult: success, version: HTTP/1.1, content: EmptyByteBufBE)
GET /session/10548012a87614cb42f3113d4e05a55a/url HTTP/1.1
User-Agent: selenium/4.8.1 (java windows)
Cache-Control: no-cache
Content-Type: application/json; charset=utf-8
host: localhost:27717
accept: */*

Response DefaultHttpResponse(decodeResult: success, version: HTTP/1.1)
HTTP/1.1 200 OK
Content-Length: 67
Content-Type: application/json; charset=utf-8
cache-control: no-cache

14:09:25.801 [AsyncHttpClient-1-8] DEBUG org.asynchttpclient.netty.channel.ChannelManager - Adding key: http://localhost:27717 for channel [id: 0x05189bee, L:/127.0.0.1:14171 - R:localhost/127.0.0.1:27717]
14:09:25.803 [Forwarding screenshot on session 10548012a87614cb42f3113d4e05a55a to remote] DEBUG org.asynchttpclient.netty.request.NettyRequestSender - Using pooled Channel '[id: 0x05189bee, L:/127.0.0.1:14171 - R:localhost/127.0.0.1:27717]' for 'GET' to 'http://localhost:27717/session/10548012a87614cb42f3113d4e05a55a/screenshot'
14:09:25.804 [Forwarding screenshot on session 10548012a87614cb42f3113d4e05a55a to remote] DEBUG org.asynchttpclient.netty.request.NettyRequestSender - Using open Channel [id: 0x05189bee, L:/127.0.0.1:14171 - R:localhost/127.0.0.1:27717] for GET '/session/10548012a87614cb42f3113d4e05a55a/screenshot'
14:09:25.898 [AsyncHttpClient-1-1] DEBUG org.asynchttpclient.netty.channel.DefaultChannelPool - Entry count for : http://localhost:14172 : 1
14:09:25.911 [AsyncHttpClient-1-8] DEBUG org.asynchttpclient.netty.handler.HttpHandler - 

Request DefaultFullHttpRequest(decodeResult: success, version: HTTP/1.1, content: EmptyByteBufBE)
GET /session/10548012a87614cb42f3113d4e05a55a/screenshot HTTP/1.1
User-Agent: selenium/4.8.1 (java windows)
Cache-Control: no-cache
Content-Type: application/json; charset=utf-8
host: localhost:27717
accept: */*

Response DefaultHttpResponse(decodeResult: success, version: HTTP/1.1)
HTTP/1.1 200 OK
Content-Length: 63384
Content-Type: application/json; charset=utf-8
cache-control: no-cache

14:09:25.912 [AsyncHttpClient-1-8] DEBUG org.asynchttpclient.netty.channel.ChannelManager - Adding key: http://localhost:27717 for channel [id: 0x05189bee, L:/127.0.0.1:14171 - R:localhost/127.0.0.1:27717]
14:09:25.917 [main] DEBUG net.serenitybdd.core.photography.Darkroom - Send negative for processing for target\site\serenity\d3052df51dc6c999797c7685cc9c8cfe0d61d3b347645cc18f792f2ca3c90b23.png
14:09:25.920 [Forwarding getPageSource on session 10548012a87614cb42f3113d4e05a55a to remote] DEBUG org.asynchttpclient.netty.request.NettyRequestSender - Using pooled Channel '[id: 0x05189bee, L:/127.0.0.1:14171 - R:localhost/127.0.0.1:27717]' for 'POST' to 'http://localhost:27717/session/10548012a87614cb42f3113d4e05a55a/execute/sync'
14:09:25.920 [Forwarding getPageSource on session 10548012a87614cb42f3113d4e05a55a to remote] DEBUG org.asynchttpclient.netty.request.NettyRequestSender - Using open Channel [id: 0x05189bee, L:/127.0.0.1:14171 - R:localhost/127.0.0.1:27717] for POST '/session/10548012a87614cb42f3113d4e05a55a/execute/sync'
14:09:25.926 [AsyncHttpClient-1-8] DEBUG org.asynchttpclient.netty.handler.HttpHandler - 

Request DefaultHttpRequest(decodeResult: success, version: HTTP/1.1)
POST /session/10548012a87614cb42f3113d4e05a55a/execute/sync HTTP/1.1
User-Agent: selenium/4.8.1 (java windows)
Content-Length: 176
Content-Type: application/json; charset=utf-8
host: localhost:27717
accept: */*

Response DefaultHttpResponse(decodeResult: success, version: HTTP/1.1)
HTTP/1.1 200 OK
Content-Length: 6720
Content-Type: application/json; charset=utf-8
cache-control: no-cache

14:09:25.926 [AsyncHttpClient-1-8] DEBUG org.asynchttpclient.netty.channel.ChannelManager - Adding key: http://localhost:27717 for channel [id: 0x05189bee, L:/127.0.0.1:14171 - R:localhost/127.0.0.1:27717]
14:09:25.929 [Forwarding getCurrentUrl on session 10548012a87614cb42f3113d4e05a55a to remote] DEBUG org.asynchttpclient.netty.request.NettyRequestSender - Using pooled Channel '[id: 0x05189bee, L:/127.0.0.1:14171 - R:localhost/127.0.0.1:27717]' for 'GET' to 'http://localhost:27717/session/10548012a87614cb42f3113d4e05a55a/url'
14:09:25.929 [Forwarding getCurrentUrl on session 10548012a87614cb42f3113d4e05a55a to remote] DEBUG org.asynchttpclient.netty.request.NettyRequestSender - Using open Channel [id: 0x05189bee, L:/127.0.0.1:14171 - R:localhost/127.0.0.1:27717] for GET '/session/10548012a87614cb42f3113d4e05a55a/url'
14:09:25.935 [AsyncHttpClient-1-8] DEBUG org.asynchttpclient.netty.handler.HttpHandler - 

Request DefaultFullHttpRequest(decodeResult: success, version: HTTP/1.1, content: EmptyByteBufBE)
GET /session/10548012a87614cb42f3113d4e05a55a/url HTTP/1.1
User-Agent: selenium/4.8.1 (java windows)
Cache-Control: no-cache
Content-Type: application/json; charset=utf-8
host: localhost:27717
accept: */*

Response DefaultHttpResponse(decodeResult: success, version: HTTP/1.1)
HTTP/1.1 200 OK
Content-Length: 67
Content-Type: application/json; charset=utf-8
cache-control: no-cache

14:09:25.935 [AsyncHttpClient-1-8] DEBUG org.asynchttpclient.netty.channel.ChannelManager - Adding key: http://localhost:27717 for channel [id: 0x05189bee, L:/127.0.0.1:14171 - R:localhost/127.0.0.1:27717]
14:09:25.938 [main] DEBUG net.thucydides.core.steps.StepInterceptor - STARTING STEP: CustomerTransactionSteps.ClickCashout - ClickCashout
14:09:25.946 [Forwarding findElement on session 10548012a87614cb42f3113d4e05a55a to remote] DEBUG org.asynchttpclient.netty.request.NettyRequestSender - Using pooled Channel '[id: 0x05189bee, L:/127.0.0.1:14171 - R:localhost/127.0.0.1:27717]' for 'POST' to 'http://localhost:27717/session/10548012a87614cb42f3113d4e05a55a/element'
14:09:25.946 [Forwarding findElement on session 10548012a87614cb42f3113d4e05a55a to remote] DEBUG org.asynchttpclient.netty.request.NettyRequestSender - Using open Channel [id: 0x05189bee, L:/127.0.0.1:14171 - R:localhost/127.0.0.1:27717] for POST '/session/10548012a87614cb42f3113d4e05a55a/element'
14:09:25.962 [AsyncHttpClient-1-8] DEBUG org.asynchttpclient.netty.handler.HttpHandler - 

Request DefaultHttpRequest(decodeResult: success, version: HTTP/1.1)
POST /session/10548012a87614cb42f3113d4e05a55a/element HTTP/1.1
User-Agent: selenium/4.8.1 (java windows)
Content-Length: 93
Content-Type: application/json; charset=utf-8
host: localhost:27717
accept: */*

Response DefaultHttpResponse(decodeResult: success, version: HTTP/1.1)
HTTP/1.1 200 OK
Content-Length: 95
Content-Type: application/json; charset=utf-8
cache-control: no-cache

14:09:25.962 [AsyncHttpClient-1-8] DEBUG org.asynchttpclient.netty.channel.ChannelManager - Adding key: http://localhost:27717 for channel [id: 0x05189bee, L:/127.0.0.1:14171 - R:localhost/127.0.0.1:27717]
14:09:25.965 [Forwarding getElementTagName on session 10548012a87614cb42f3113d4e05a55a to remote] DEBUG org.asynchttpclient.netty.request.NettyRequestSender - Using pooled Channel '[id: 0x05189bee, L:/127.0.0.1:14171 - R:localhost/127.0.0.1:27717]' for 'GET' to 'http://localhost:27717/session/10548012a87614cb42f3113d4e05a55a/element/209FB4B6172EF2AEA1F4DB5F23F49028_element_34/name'
14:09:25.965 [Forwarding getElementTagName on session 10548012a87614cb42f3113d4e05a55a to remote] DEBUG org.asynchttpclient.netty.request.NettyRequestSender - Using open Channel [id: 0x05189bee, L:/127.0.0.1:14171 - R:localhost/127.0.0.1:27717] for GET '/session/10548012a87614cb42f3113d4e05a55a/element/209FB4B6172EF2AEA1F4DB5F23F49028_element_34/name'
14:09:25.970 [AsyncHttpClient-1-8] DEBUG org.asynchttpclient.netty.handler.HttpHandler - 

Request DefaultFullHttpRequest(decodeResult: success, version: HTTP/1.1, content: EmptyByteBufBE)
GET /session/10548012a87614cb42f3113d4e05a55a/element/209FB4B6172EF2AEA1F4DB5F23F49028_element_34/name HTTP/1.1
User-Agent: selenium/4.8.1 (java windows)
Cache-Control: no-cache
Content-Type: application/json; charset=utf-8
host: localhost:27717
accept: */*

Response DefaultHttpResponse(decodeResult: success, version: HTTP/1.1)
HTTP/1.1 200 OK
Content-Length: 13
Content-Type: application/json; charset=utf-8
cache-control: no-cache

14:09:25.971 [AsyncHttpClient-1-8] DEBUG org.asynchttpclient.netty.channel.ChannelManager - Adding key: http://localhost:27717 for channel [id: 0x05189bee, L:/127.0.0.1:14171 - R:localhost/127.0.0.1:27717]
14:09:25.973 [Forwarding getElementTagName on session 10548012a87614cb42f3113d4e05a55a to remote] DEBUG org.asynchttpclient.netty.request.NettyRequestSender - Using pooled Channel '[id: 0x05189bee, L:/127.0.0.1:14171 - R:localhost/127.0.0.1:27717]' for 'GET' to 'http://localhost:27717/session/10548012a87614cb42f3113d4e05a55a/element/209FB4B6172EF2AEA1F4DB5F23F49028_element_34/name'
14:09:25.973 [Forwarding getElementTagName on session 10548012a87614cb42f3113d4e05a55a to remote] DEBUG org.asynchttpclient.netty.request.NettyRequestSender - Using open Channel [id: 0x05189bee, L:/127.0.0.1:14171 - R:localhost/127.0.0.1:27717] for GET '/session/10548012a87614cb42f3113d4e05a55a/element/209FB4B6172EF2AEA1F4DB5F23F49028_element_34/name'
14:09:25.978 [AsyncHttpClient-1-8] DEBUG org.asynchttpclient.netty.handler.HttpHandler - 

Request DefaultFullHttpRequest(decodeResult: success, version: HTTP/1.1, content: EmptyByteBufBE)
GET /session/10548012a87614cb42f3113d4e05a55a/element/209FB4B6172EF2AEA1F4DB5F23F49028_element_34/name HTTP/1.1
User-Agent: selenium/4.8.1 (java windows)
Cache-Control: no-cache
Content-Type: application/json; charset=utf-8
host: localhost:27717
accept: */*

Response DefaultHttpResponse(decodeResult: success, version: HTTP/1.1)
HTTP/1.1 200 OK
Content-Length: 13
Content-Type: application/json; charset=utf-8
cache-control: no-cache

14:09:25.979 [AsyncHttpClient-1-8] DEBUG org.asynchttpclient.netty.channel.ChannelManager - Adding key: http://localhost:27717 for channel [id: 0x05189bee, L:/127.0.0.1:14171 - R:localhost/127.0.0.1:27717]
14:09:25.983 [Forwarding findElement on session 10548012a87614cb42f3113d4e05a55a to remote] DEBUG org.asynchttpclient.netty.request.NettyRequestSender - Using pooled Channel '[id: 0x05189bee, L:/127.0.0.1:14171 - R:localhost/127.0.0.1:27717]' for 'POST' to 'http://localhost:27717/session/10548012a87614cb42f3113d4e05a55a/element'
14:09:25.983 [Forwarding findElement on session 10548012a87614cb42f3113d4e05a55a to remote] DEBUG org.asynchttpclient.netty.request.NettyRequestSender - Using open Channel [id: 0x05189bee, L:/127.0.0.1:14171 - R:localhost/127.0.0.1:27717] for POST '/session/10548012a87614cb42f3113d4e05a55a/element'
14:09:25.993 [AsyncHttpClient-1-8] DEBUG org.asynchttpclient.netty.handler.HttpHandler - 

Request DefaultHttpRequest(decodeResult: success, version: HTTP/1.1)
POST /session/10548012a87614cb42f3113d4e05a55a/element HTTP/1.1
User-Agent: selenium/4.8.1 (java windows)
Content-Length: 93
Content-Type: application/json; charset=utf-8
host: localhost:27717
accept: */*

Response DefaultHttpResponse(decodeResult: success, version: HTTP/1.1)
HTTP/1.1 200 OK
Content-Length: 95
Content-Type: application/json; charset=utf-8
cache-control: no-cache

14:09:25.993 [AsyncHttpClient-1-8] DEBUG org.asynchttpclient.netty.channel.ChannelManager - Adding key: http://localhost:27717 for channel [id: 0x05189bee, L:/127.0.0.1:14171 - R:localhost/127.0.0.1:27717]
14:09:25.995 [Forwarding clickElement on session 10548012a87614cb42f3113d4e05a55a to remote] DEBUG org.asynchttpclient.netty.request.NettyRequestSender - Using pooled Channel '[id: 0x05189bee, L:/127.0.0.1:14171 - R:localhost/127.0.0.1:27717]' for 'POST' to 'http://localhost:27717/session/10548012a87614cb42f3113d4e05a55a/element/209FB4B6172EF2AEA1F4DB5F23F49028_element_34/click'
14:09:25.995 [Forwarding clickElement on session 10548012a87614cb42f3113d4e05a55a to remote] DEBUG org.asynchttpclient.netty.request.NettyRequestSender - Using open Channel [id: 0x05189bee, L:/127.0.0.1:14171 - R:localhost/127.0.0.1:27717] for POST '/session/10548012a87614cb42f3113d4e05a55a/element/209FB4B6172EF2AEA1F4DB5F23F49028_element_34/click'
14:09:26.087 [AsyncHttpClient-1-8] DEBUG org.asynchttpclient.netty.handler.HttpHandler - 

Request DefaultHttpRequest(decodeResult: success, version: HTTP/1.1)
POST /session/10548012a87614cb42f3113d4e05a55a/element/209FB4B6172EF2AEA1F4DB5F23F49028_element_34/click HTTP/1.1
User-Agent: selenium/4.8.1 (java windows)
Content-Length: 57
Content-Type: application/json; charset=utf-8
host: localhost:27717
accept: */*

Response DefaultHttpResponse(decodeResult: success, version: HTTP/1.1)
HTTP/1.1 200 OK
Content-Length: 14
Content-Type: application/json; charset=utf-8
cache-control: no-cache

14:09:26.087 [AsyncHttpClient-1-8] DEBUG org.asynchttpclient.netty.channel.ChannelManager - Adding key: http://localhost:27717 for channel [id: 0x05189bee, L:/127.0.0.1:14171 - R:localhost/127.0.0.1:27717]
14:09:26.105 [Forwarding getAlertText on session 10548012a87614cb42f3113d4e05a55a to remote] DEBUG org.asynchttpclient.netty.request.NettyRequestSender - Using pooled Channel '[id: 0x05189bee, L:/127.0.0.1:14171 - R:localhost/127.0.0.1:27717]' for 'GET' to 'http://localhost:27717/session/10548012a87614cb42f3113d4e05a55a/alert/text'
14:09:26.105 [Forwarding getAlertText on session 10548012a87614cb42f3113d4e05a55a to remote] DEBUG org.asynchttpclient.netty.request.NettyRequestSender - Using open Channel [id: 0x05189bee, L:/127.0.0.1:14171 - R:localhost/127.0.0.1:27717] for GET '/session/10548012a87614cb42f3113d4e05a55a/alert/text'
14:09:26.106 [AsyncHttpClient-1-8] DEBUG org.asynchttpclient.netty.handler.HttpHandler - 

Request DefaultFullHttpRequest(decodeResult: success, version: HTTP/1.1, content: EmptyByteBufBE)
GET /session/10548012a87614cb42f3113d4e05a55a/alert/text HTTP/1.1
User-Agent: selenium/4.8.1 (java windows)
Cache-Control: no-cache
Content-Type: application/json; charset=utf-8
host: localhost:27717
accept: */*

Response DefaultHttpResponse(decodeResult: success, version: HTTP/1.1)
HTTP/1.1 404 Not Found
Content-Length: 807
Content-Type: application/json; charset=utf-8
cache-control: no-cache

14:09:26.107 [AsyncHttpClient-1-8] DEBUG org.asynchttpclient.netty.channel.ChannelManager - Adding key: http://localhost:27717 for channel [id: 0x05189bee, L:/127.0.0.1:14171 - R:localhost/127.0.0.1:27717]
14:09:26.108 [Forwarding getCurrentUrl on session 10548012a87614cb42f3113d4e05a55a to remote] DEBUG org.asynchttpclient.netty.request.NettyRequestSender - Using pooled Channel '[id: 0x05189bee, L:/127.0.0.1:14171 - R:localhost/127.0.0.1:27717]' for 'GET' to 'http://localhost:27717/session/10548012a87614cb42f3113d4e05a55a/url'
14:09:26.109 [Forwarding getCurrentUrl on session 10548012a87614cb42f3113d4e05a55a to remote] DEBUG org.asynchttpclient.netty.request.NettyRequestSender - Using open Channel [id: 0x05189bee, L:/127.0.0.1:14171 - R:localhost/127.0.0.1:27717] for GET '/session/10548012a87614cb42f3113d4e05a55a/url'
14:09:26.113 [AsyncHttpClient-1-8] DEBUG org.asynchttpclient.netty.handler.HttpHandler - 

Request DefaultFullHttpRequest(decodeResult: success, version: HTTP/1.1, content: EmptyByteBufBE)
GET /session/10548012a87614cb42f3113d4e05a55a/url HTTP/1.1
User-Agent: selenium/4.8.1 (java windows)
Cache-Control: no-cache
Content-Type: application/json; charset=utf-8
host: localhost:27717
accept: */*

Response DefaultHttpResponse(decodeResult: success, version: HTTP/1.1)
HTTP/1.1 200 OK
Content-Length: 70
Content-Type: application/json; charset=utf-8
cache-control: no-cache

14:09:26.114 [AsyncHttpClient-1-8] DEBUG org.asynchttpclient.netty.channel.ChannelManager - Adding key: http://localhost:27717 for channel [id: 0x05189bee, L:/127.0.0.1:14171 - R:localhost/127.0.0.1:27717]
14:09:26.115 [Forwarding screenshot on session 10548012a87614cb42f3113d4e05a55a to remote] DEBUG org.asynchttpclient.netty.request.NettyRequestSender - Using pooled Channel '[id: 0x05189bee, L:/127.0.0.1:14171 - R:localhost/127.0.0.1:27717]' for 'GET' to 'http://localhost:27717/session/10548012a87614cb42f3113d4e05a55a/screenshot'
14:09:26.116 [Forwarding screenshot on session 10548012a87614cb42f3113d4e05a55a to remote] DEBUG org.asynchttpclient.netty.request.NettyRequestSender - Using open Channel [id: 0x05189bee, L:/127.0.0.1:14171 - R:localhost/127.0.0.1:27717] for GET '/session/10548012a87614cb42f3113d4e05a55a/screenshot'
14:09:26.223 [AsyncHttpClient-1-8] DEBUG org.asynchttpclient.netty.handler.HttpHandler - 

Request DefaultFullHttpRequest(decodeResult: success, version: HTTP/1.1, content: EmptyByteBufBE)
GET /session/10548012a87614cb42f3113d4e05a55a/screenshot HTTP/1.1
User-Agent: selenium/4.8.1 (java windows)
Cache-Control: no-cache
Content-Type: application/json; charset=utf-8
host: localhost:27717
accept: */*

Response DefaultHttpResponse(decodeResult: success, version: HTTP/1.1)
HTTP/1.1 200 OK
Content-Length: 43328
Content-Type: application/json; charset=utf-8
cache-control: no-cache

14:09:26.224 [AsyncHttpClient-1-8] DEBUG org.asynchttpclient.netty.channel.ChannelManager - Adding key: http://localhost:27717 for channel [id: 0x05189bee, L:/127.0.0.1:14171 - R:localhost/127.0.0.1:27717]
14:09:26.228 [main] DEBUG net.serenitybdd.core.photography.Darkroom - Send negative for processing for target\site\serenity\4221b7dc61495a92986be66957cc01e8bb21861c1784fd0108e6c4b479b0d14a.png
14:09:26.228 [main] DEBUG net.thucydides.core.steps.StepInterceptor - STEP DONE: ClickCashout
14:09:26.228 [Darkroom Processing Line] DEBUG net.serenitybdd.core.photography.DarkroomProcessingLine - Processing screenshot image in /var/screenshots/screenshot-5674868039085459355
14:09:26.228 [Darkroom Processing Line] DEBUG net.serenitybdd.core.photography.DarkroomProcessingLine - Saving screenshot to target\site\serenity\4221b7dc61495a92986be66957cc01e8bb21861c1784fd0108e6c4b479b0d14a.png
  &amp#27;[32mAnd &amp#27;[0m&amp#27;[32mI click customer transaction&amp#27;[0m                                     &amp#27;[90m# Starter.Stepdefitions.CustomerTransactionSteps.ClickCashout()&amp#27;[0m
14:09:26.244 [Forwarding getPageSource on session 10548012a87614cb42f3113d4e05a55a to remote] DEBUG org.asynchttpclient.netty.request.NettyRequestSender - Using pooled Channel '[id: 0x05189bee, L:/127.0.0.1:14171 - R:localhost/127.0.0.1:27717]' for 'POST' to 'http://localhost:27717/session/10548012a87614cb42f3113d4e05a55a/execute/sync'
14:09:26.245 [Forwarding getPageSource on session 10548012a87614cb42f3113d4e05a55a to remote] DEBUG org.asynchttpclient.netty.request.NettyRequestSender - Using open Channel [id: 0x05189bee, L:/127.0.0.1:14171 - R:localhost/127.0.0.1:27717] for POST '/session/10548012a87614cb42f3113d4e05a55a/execute/sync'
14:09:26.253 [AsyncHttpClient-1-8] DEBUG org.asynchttpclient.netty.handler.HttpHandler - 

Request DefaultHttpRequest(decodeResult: success, version: HTTP/1.1)
POST /session/10548012a87614cb42f3113d4e05a55a/execute/sync HTTP/1.1
User-Agent: selenium/4.8.1 (java windows)
Content-Length: 176
Content-Type: application/json; charset=utf-8
host: localhost:27717
accept: */*

Response DefaultHttpResponse(decodeResult: success, version: HTTP/1.1)
HTTP/1.1 200 OK
Content-Length: 5759
Content-Type: application/json; charset=utf-8
cache-control: no-cache

14:09:26.254 [AsyncHttpClient-1-8] DEBUG org.asynchttpclient.netty.channel.ChannelManager - Adding key: http://localhost:27717 for channel [id: 0x05189bee, L:/127.0.0.1:14171 - R:localhost/127.0.0.1:27717]
14:09:26.257 [Forwarding getCurrentUrl on session 10548012a87614cb42f3113d4e05a55a to remote] DEBUG org.asynchttpclient.netty.request.NettyRequestSender - Using pooled Channel '[id: 0x05189bee, L:/127.0.0.1:14171 - R:localhost/127.0.0.1:27717]' for 'GET' to 'http://localhost:27717/session/10548012a87614cb42f3113d4e05a55a/url'
14:09:26.257 [Forwarding getCurrentUrl on session 10548012a87614cb42f3113d4e05a55a to remote] DEBUG org.asynchttpclient.netty.request.NettyRequestSender - Using open Channel [id: 0x05189bee, L:/127.0.0.1:14171 - R:localhost/127.0.0.1:27717] for GET '/session/10548012a87614cb42f3113d4e05a55a/url'
14:09:26.265 [AsyncHttpClient-1-8] DEBUG org.asynchttpclient.netty.handler.HttpHandler - 

Request DefaultFullHttpRequest(decodeResult: success, version: HTTP/1.1, content: EmptyByteBufBE)
GET /session/10548012a87614cb42f3113d4e05a55a/url HTTP/1.1
User-Agent: selenium/4.8.1 (java windows)
Cache-Control: no-cache
Content-Type: application/json; charset=utf-8
host: localhost:27717
accept: */*

Response DefaultHttpResponse(decodeResult: success, version: HTTP/1.1)
HTTP/1.1 200 OK
Content-Length: 70
Content-Type: application/json; charset=utf-8
cache-control: no-cache

14:09:26.266 [AsyncHttpClient-1-8] DEBUG org.asynchttpclient.netty.channel.ChannelManager - Adding key: http://localhost:27717 for channel [id: 0x05189bee, L:/127.0.0.1:14171 - R:localhost/127.0.0.1:27717]
14:09:26.422 [Forwarding getAlertText on session 10548012a87614cb42f3113d4e05a55a to remote] DEBUG org.asynchttpclient.netty.request.NettyRequestSender - Using pooled Channel '[id: 0x05189bee, L:/127.0.0.1:14171 - R:localhost/127.0.0.1:27717]' for 'GET' to 'http://localhost:27717/session/10548012a87614cb42f3113d4e05a55a/alert/text'
14:09:26.422 [Forwarding getAlertText on session 10548012a87614cb42f3113d4e05a55a to remote] DEBUG org.asynchttpclient.netty.request.NettyRequestSender - Using open Channel [id: 0x05189bee, L:/127.0.0.1:14171 - R:localhost/127.0.0.1:27717] for GET '/session/10548012a87614cb42f3113d4e05a55a/alert/text'
14:09:26.425 [AsyncHttpClient-1-8] DEBUG org.asynchttpclient.netty.handler.HttpHandler - 

Request DefaultFullHttpRequest(decodeResult: success, version: HTTP/1.1, content: EmptyByteBufBE)
GET /session/10548012a87614cb42f3113d4e05a55a/alert/text HTTP/1.1
User-Agent: selenium/4.8.1 (java windows)
Cache-Control: no-cache
Content-Type: application/json; charset=utf-8
host: localhost:27717
accept: */*

Response DefaultHttpResponse(decodeResult: success, version: HTTP/1.1)
HTTP/1.1 404 Not Found
Content-Length: 807
Content-Type: application/json; charset=utf-8
cache-control: no-cache

14:09:26.425 [AsyncHttpClient-1-8] DEBUG org.asynchttpclient.netty.channel.ChannelManager - Adding key: http://localhost:27717 for channel [id: 0x05189bee, L:/127.0.0.1:14171 - R:localhost/127.0.0.1:27717]
14:09:26.427 [Forwarding getCurrentUrl on session 10548012a87614cb42f3113d4e05a55a to remote] DEBUG org.asynchttpclient.netty.request.NettyRequestSender - Using pooled Channel '[id: 0x05189bee, L:/127.0.0.1:14171 - R:localhost/127.0.0.1:27717]' for 'GET' to 'http://localhost:27717/session/10548012a87614cb42f3113d4e05a55a/url'
14:09:26.427 [Forwarding getCurrentUrl on session 10548012a87614cb42f3113d4e05a55a to remote] DEBUG org.asynchttpclient.netty.request.NettyRequestSender - Using open Channel [id: 0x05189bee, L:/127.0.0.1:14171 - R:localhost/127.0.0.1:27717] for GET '/session/10548012a87614cb42f3113d4e05a55a/url'
14:09:26.434 [AsyncHttpClient-1-8] DEBUG org.asynchttpclient.netty.handler.HttpHandler - 

Request DefaultFullHttpRequest(decodeResult: success, version: HTTP/1.1, content: EmptyByteBufBE)
GET /session/10548012a87614cb42f3113d4e05a55a/url HTTP/1.1
User-Agent: selenium/4.8.1 (java windows)
Cache-Control: no-cache
Content-Type: application/json; charset=utf-8
host: localhost:27717
accept: */*

Response DefaultHttpResponse(decodeResult: success, version: HTTP/1.1)
HTTP/1.1 200 OK
Content-Length: 70
Content-Type: application/json; charset=utf-8
cache-control: no-cache

14:09:26.435 [AsyncHttpClient-1-8] DEBUG org.asynchttpclient.netty.channel.ChannelManager - Adding key: http://localhost:27717 for channel [id: 0x05189bee, L:/127.0.0.1:14171 - R:localhost/127.0.0.1:27717]
14:09:26.436 [Forwarding screenshot on session 10548012a87614cb42f3113d4e05a55a to remote] DEBUG org.asynchttpclient.netty.request.NettyRequestSender - Using pooled Channel '[id: 0x05189bee, L:/127.0.0.1:14171 - R:localhost/127.0.0.1:27717]' for 'GET' to 'http://localhost:27717/session/10548012a87614cb42f3113d4e05a55a/screenshot'
14:09:26.436 [Forwarding screenshot on session 10548012a87614cb42f3113d4e05a55a to remote] DEBUG org.asynchttpclient.netty.request.NettyRequestSender - Using open Channel [id: 0x05189bee, L:/127.0.0.1:14171 - R:localhost/127.0.0.1:27717] for GET '/session/10548012a87614cb42f3113d4e05a55a/screenshot'
14:09:26.998 [AsyncHttpClient-1-1] DEBUG org.asynchttpclient.netty.channel.DefaultChannelPool - Entry count for : http://localhost:14172 : 1
14:09:27.845 [AsyncHttpClient-1-8] DEBUG org.asynchttpclient.netty.handler.HttpHandler - 

Request DefaultFullHttpRequest(decodeResult: success, version: HTTP/1.1, content: EmptyByteBufBE)
GET /session/10548012a87614cb42f3113d4e05a55a/screenshot HTTP/1.1
User-Agent: selenium/4.8.1 (java windows)
Cache-Control: no-cache
Content-Type: application/json; charset=utf-8
host: localhost:27717
accept: */*

Response DefaultHttpResponse(decodeResult: success, version: HTTP/1.1)
HTTP/1.1 200 OK
Content-Length: 115956
Content-Type: application/json; charset=utf-8
cache-control: no-cache

14:09:27.846 [AsyncHttpClient-1-8] DEBUG org.asynchttpclient.netty.channel.ChannelManager - Adding key: http://localhost:27717 for channel [id: 0x05189bee, L:/127.0.0.1:14171 - R:localhost/127.0.0.1:27717]
14:09:27.854 [main] DEBUG net.serenitybdd.core.photography.Darkroom - Send negative for processing for target\site\serenity\b673e96186aad6393af7a38599345c0e6301e912d2babc7fffd8e034ec1ee612.png
14:09:27.854 [Darkroom Processing Line] DEBUG net.serenitybdd.core.photography.DarkroomProcessingLine - Processing screenshot image in /var/screenshots/screenshot-2945205785280817819
14:09:27.854 [Darkroom Processing Line] DEBUG net.serenitybdd.core.photography.DarkroomProcessingLine - Saving screenshot to target\site\serenity\b673e96186aad6393af7a38599345c0e6301e912d2babc7fffd8e034ec1ee612.png
14:09:27.857 [Forwarding getPageSource on session 10548012a87614cb42f3113d4e05a55a to remote] DEBUG org.asynchttpclient.netty.request.NettyRequestSender - Using pooled Channel '[id: 0x05189bee, L:/127.0.0.1:14171 - R:localhost/127.0.0.1:27717]' for 'POST' to 'http://localhost:27717/session/10548012a87614cb42f3113d4e05a55a/execute/sync'
14:09:27.857 [Forwarding getPageSource on session 10548012a87614cb42f3113d4e05a55a to remote] DEBUG org.asynchttpclient.netty.request.NettyRequestSender - Using open Channel [id: 0x05189bee, L:/127.0.0.1:14171 - R:localhost/127.0.0.1:27717] for POST '/session/10548012a87614cb42f3113d4e05a55a/execute/sync'
14:09:27.868 [AsyncHttpClient-1-8] DEBUG org.asynchttpclient.netty.handler.HttpHandler - 

Request DefaultHttpRequest(decodeResult: success, version: HTTP/1.1)
POST /session/10548012a87614cb42f3113d4e05a55a/execute/sync HTTP/1.1
User-Agent: selenium/4.8.1 (java windows)
Content-Length: 176
Content-Type: application/json; charset=utf-8
host: localhost:27717
accept: */*

Response DefaultHttpResponse(decodeResult: success, version: HTTP/1.1)
HTTP/1.1 200 OK
Content-Length: 45951
Content-Type: application/json; charset=utf-8
cache-control: no-cache

14:09:27.868 [AsyncHttpClient-1-8] DEBUG org.asynchttpclient.netty.channel.ChannelManager - Adding key: http://localhost:27717 for channel [id: 0x05189bee, L:/127.0.0.1:14171 - R:localhost/127.0.0.1:27717]
14:09:27.884 [Forwarding getCurrentUrl on session 10548012a87614cb42f3113d4e05a55a to remote] DEBUG org.asynchttpclient.netty.request.NettyRequestSender - Using pooled Channel '[id: 0x05189bee, L:/127.0.0.1:14171 - R:localhost/127.0.0.1:27717]' for 'GET' to 'http://localhost:27717/session/10548012a87614cb42f3113d4e05a55a/url'
14:09:27.884 [Forwarding getCurrentUrl on session 10548012a87614cb42f3113d4e05a55a to remote] DEBUG org.asynchttpclient.netty.request.NettyRequestSender - Using open Channel [id: 0x05189bee, L:/127.0.0.1:14171 - R:localhost/127.0.0.1:27717] for GET '/session/10548012a87614cb42f3113d4e05a55a/url'
14:09:27.889 [AsyncHttpClient-1-8] DEBUG org.asynchttpclient.netty.handler.HttpHandler - 

Request DefaultFullHttpRequest(decodeResult: success, version: HTTP/1.1, content: EmptyByteBufBE)
GET /session/10548012a87614cb42f3113d4e05a55a/url HTTP/1.1
User-Agent: selenium/4.8.1 (java windows)
Cache-Control: no-cache
Content-Type: application/json; charset=utf-8
host: localhost:27717
accept: */*

Response DefaultHttpResponse(decodeResult: success, version: HTTP/1.1)
HTTP/1.1 200 OK
Content-Length: 70
Content-Type: application/json; charset=utf-8
cache-control: no-cache

14:09:27.889 [AsyncHttpClient-1-8] DEBUG org.asynchttpclient.netty.channel.ChannelManager - Adding key: http://localhost:27717 for channel [id: 0x05189bee, L:/127.0.0.1:14171 - R:localhost/127.0.0.1:27717]
14:09:28.087 [main] DEBUG net.thucydides.core.steps.StepInterceptor - STARTING STEP: CustomerTransactionSteps.ClickViewCustomerTransaction - ClickViewCustomerTransaction
14:09:28.095 [Forwarding findElement on session 10548012a87614cb42f3113d4e05a55a to remote] DEBUG org.asynchttpclient.netty.request.NettyRequestSender - Using pooled Channel '[id: 0x05189bee, L:/127.0.0.1:14171 - R:localhost/127.0.0.1:27717]' for 'POST' to 'http://localhost:27717/session/10548012a87614cb42f3113d4e05a55a/element'
14:09:28.095 [Forwarding findElement on session 10548012a87614cb42f3113d4e05a55a to remote] DEBUG org.asynchttpclient.netty.request.NettyRequestSender - Using open Channel [id: 0x05189bee, L:/127.0.0.1:14171 - R:localhost/127.0.0.1:27717] for POST '/session/10548012a87614cb42f3113d4e05a55a/element'
14:09:28.098 [AsyncHttpClient-1-1] DEBUG org.asynchttpclient.netty.channel.DefaultChannelPool - Entry count for : http://localhost:14172 : 1
14:09:28.164 [AsyncHttpClient-1-8] DEBUG org.asynchttpclient.netty.handler.HttpHandler - 

Request DefaultHttpRequest(decodeResult: success, version: HTTP/1.1)
POST /session/10548012a87614cb42f3113d4e05a55a/element HTTP/1.1
User-Agent: selenium/4.8.1 (java windows)
Content-Length: 93
Content-Type: application/json; charset=utf-8
host: localhost:27717
accept: */*

Response DefaultHttpResponse(decodeResult: success, version: HTTP/1.1)
HTTP/1.1 200 OK
Content-Length: 95
Content-Type: application/json; charset=utf-8
cache-control: no-cache

14:09:28.164 [AsyncHttpClient-1-8] DEBUG org.asynchttpclient.netty.channel.ChannelManager - Adding key: http://localhost:27717 for channel [id: 0x05189bee, L:/127.0.0.1:14171 - R:localhost/127.0.0.1:27717]
14:09:28.167 [Forwarding getElementTagName on session 10548012a87614cb42f3113d4e05a55a to remote] DEBUG org.asynchttpclient.netty.request.NettyRequestSender - Using pooled Channel '[id: 0x05189bee, L:/127.0.0.1:14171 - R:localhost/127.0.0.1:27717]' for 'GET' to 'http://localhost:27717/session/10548012a87614cb42f3113d4e05a55a/element/209FB4B6172EF2AEA1F4DB5F23F49028_element_50/name'
14:09:28.167 [Forwarding getElementTagName on session 10548012a87614cb42f3113d4e05a55a to remote] DEBUG org.asynchttpclient.netty.request.NettyRequestSender - Using open Channel [id: 0x05189bee, L:/127.0.0.1:14171 - R:localhost/127.0.0.1:27717] for GET '/session/10548012a87614cb42f3113d4e05a55a/element/209FB4B6172EF2AEA1F4DB5F23F49028_element_50/name'
14:09:28.173 [AsyncHttpClient-1-8] DEBUG org.asynchttpclient.netty.handler.HttpHandler - 

Request DefaultFullHttpRequest(decodeResult: success, version: HTTP/1.1, content: EmptyByteBufBE)
GET /session/10548012a87614cb42f3113d4e05a55a/element/209FB4B6172EF2AEA1F4DB5F23F49028_element_50/name HTTP/1.1
User-Agent: selenium/4.8.1 (java windows)
Cache-Control: no-cache
Content-Type: application/json; charset=utf-8
host: localhost:27717
accept: */*

Response DefaultHttpResponse(decodeResult: success, version: HTTP/1.1)
HTTP/1.1 200 OK
Content-Length: 13
Content-Type: application/json; charset=utf-8
cache-control: no-cache

14:09:28.174 [AsyncHttpClient-1-8] DEBUG org.asynchttpclient.netty.channel.ChannelManager - Adding key: http://localhost:27717 for channel [id: 0x05189bee, L:/127.0.0.1:14171 - R:localhost/127.0.0.1:27717]
14:09:28.176 [Forwarding getElementTagName on session 10548012a87614cb42f3113d4e05a55a to remote] DEBUG org.asynchttpclient.netty.request.NettyRequestSender - Using pooled Channel '[id: 0x05189bee, L:/127.0.0.1:14171 - R:localhost/127.0.0.1:27717]' for 'GET' to 'http://localhost:27717/session/10548012a87614cb42f3113d4e05a55a/element/209FB4B6172EF2AEA1F4DB5F23F49028_element_50/name'
14:09:28.176 [Forwarding getElementTagName on session 10548012a87614cb42f3113d4e05a55a to remote] DEBUG org.asynchttpclient.netty.request.NettyRequestSender - Using open Channel [id: 0x05189bee, L:/127.0.0.1:14171 - R:localhost/127.0.0.1:27717] for GET '/session/10548012a87614cb42f3113d4e05a55a/element/209FB4B6172EF2AEA1F4DB5F23F49028_element_50/name'
14:09:28.183 [AsyncHttpClient-1-8] DEBUG org.asynchttpclient.netty.handler.HttpHandler - 

Request DefaultFullHttpRequest(decodeResult: success, version: HTTP/1.1, content: EmptyByteBufBE)
GET /session/10548012a87614cb42f3113d4e05a55a/element/209FB4B6172EF2AEA1F4DB5F23F49028_element_50/name HTTP/1.1
User-Agent: selenium/4.8.1 (java windows)
Cache-Control: no-cache
Content-Type: application/json; charset=utf-8
host: localhost:27717
accept: */*

Response DefaultHttpResponse(decodeResult: success, version: HTTP/1.1)
HTTP/1.1 200 OK
Content-Length: 13
Content-Type: application/json; charset=utf-8
cache-control: no-cache

14:09:28.183 [AsyncHttpClient-1-8] DEBUG org.asynchttpclient.netty.channel.ChannelManager - Adding key: http://localhost:27717 for channel [id: 0x05189bee, L:/127.0.0.1:14171 - R:localhost/127.0.0.1:27717]
14:09:28.189 [Forwarding findElement on session 10548012a87614cb42f3113d4e05a55a to remote] DEBUG org.asynchttpclient.netty.request.NettyRequestSender - Using pooled Channel '[id: 0x05189bee, L:/127.0.0.1:14171 - R:localhost/127.0.0.1:27717]' for 'POST' to 'http://localhost:27717/session/10548012a87614cb42f3113d4e05a55a/element'
14:09:28.189 [Forwarding findElement on session 10548012a87614cb42f3113d4e05a55a to remote] DEBUG org.asynchttpclient.netty.request.NettyRequestSender - Using open Channel [id: 0x05189bee, L:/127.0.0.1:14171 - R:localhost/127.0.0.1:27717] for POST '/session/10548012a87614cb42f3113d4e05a55a/element'
14:09:28.202 [AsyncHttpClient-1-8] DEBUG org.asynchttpclient.netty.handler.HttpHandler - 

Request DefaultHttpRequest(decodeResult: success, version: HTTP/1.1)
POST /session/10548012a87614cb42f3113d4e05a55a/element HTTP/1.1
User-Agent: selenium/4.8.1 (java windows)
Content-Length: 93
Content-Type: application/json; charset=utf-8
host: localhost:27717
accept: */*

Response DefaultHttpResponse(decodeResult: success, version: HTTP/1.1)
HTTP/1.1 200 OK
Content-Length: 95
Content-Type: application/json; charset=utf-8
cache-control: no-cache

14:09:28.202 [AsyncHttpClient-1-8] DEBUG org.asynchttpclient.netty.channel.ChannelManager - Adding key: http://localhost:27717 for channel [id: 0x05189bee, L:/127.0.0.1:14171 - R:localhost/127.0.0.1:27717]
14:09:28.204 [Forwarding clickElement on session 10548012a87614cb42f3113d4e05a55a to remote] DEBUG org.asynchttpclient.netty.request.NettyRequestSender - Using pooled Channel '[id: 0x05189bee, L:/127.0.0.1:14171 - R:localhost/127.0.0.1:27717]' for 'POST' to 'http://localhost:27717/session/10548012a87614cb42f3113d4e05a55a/element/209FB4B6172EF2AEA1F4DB5F23F49028_element_50/click'
14:09:28.204 [Forwarding clickElement on session 10548012a87614cb42f3113d4e05a55a to remote] DEBUG org.asynchttpclient.netty.request.NettyRequestSender - Using open Channel [id: 0x05189bee, L:/127.0.0.1:14171 - R:localhost/127.0.0.1:27717] for POST '/session/10548012a87614cb42f3113d4e05a55a/element/209FB4B6172EF2AEA1F4DB5F23F49028_element_50/click'
14:09:28.387 [AsyncHttpClient-1-8] DEBUG org.asynchttpclient.netty.handler.HttpHandler - 

Request DefaultHttpRequest(decodeResult: success, version: HTTP/1.1)
POST /session/10548012a87614cb42f3113d4e05a55a/element/209FB4B6172EF2AEA1F4DB5F23F49028_element_50/click HTTP/1.1
User-Agent: selenium/4.8.1 (java windows)
Content-Length: 57
Content-Type: application/json; charset=utf-8
host: localhost:27717
accept: */*

Response DefaultHttpResponse(decodeResult: success, version: HTTP/1.1)
HTTP/1.1 200 OK
Content-Length: 14
Content-Type: application/json; charset=utf-8
cache-control: no-cache

14:09:28.387 [AsyncHttpClient-1-8] DEBUG org.asynchttpclient.netty.channel.ChannelManager - Adding key: http://localhost:27717 for channel [id: 0x05189bee, L:/127.0.0.1:14171 - R:localhost/127.0.0.1:27717]
14:09:28.406 [Forwarding getAlertText on session 10548012a87614cb42f3113d4e05a55a to remote] DEBUG org.asynchttpclient.netty.request.NettyRequestSender - Using pooled Channel '[id: 0x05189bee, L:/127.0.0.1:14171 - R:localhost/127.0.0.1:27717]' for 'GET' to 'http://localhost:27717/session/10548012a87614cb42f3113d4e05a55a/alert/text'
14:09:28.406 [Forwarding getAlertText on session 10548012a87614cb42f3113d4e05a55a to remote] DEBUG org.asynchttpclient.netty.request.NettyRequestSender - Using open Channel [id: 0x05189bee, L:/127.0.0.1:14171 - R:localhost/127.0.0.1:27717] for GET '/session/10548012a87614cb42f3113d4e05a55a/alert/text'
14:09:28.408 [AsyncHttpClient-1-8] DEBUG org.asynchttpclient.netty.handler.HttpHandler - 

Request DefaultFullHttpRequest(decodeResult: success, version: HTTP/1.1, content: EmptyByteBufBE)
GET /session/10548012a87614cb42f3113d4e05a55a/alert/text HTTP/1.1
User-Agent: selenium/4.8.1 (java windows)
Cache-Control: no-cache
Content-Type: application/json; charset=utf-8
host: localhost:27717
accept: */*

Response DefaultHttpResponse(decodeResult: success, version: HTTP/1.1)
HTTP/1.1 404 Not Found
Content-Length: 807
Content-Type: application/json; charset=utf-8
cache-control: no-cache

14:09:28.408 [AsyncHttpClient-1-8] DEBUG org.asynchttpclient.netty.channel.ChannelManager - Adding key: http://localhost:27717 for channel [id: 0x05189bee, L:/127.0.0.1:14171 - R:localhost/127.0.0.1:27717]
14:09:28.410 [Forwarding getCurrentUrl on session 10548012a87614cb42f3113d4e05a55a to remote] DEBUG org.asynchttpclient.netty.request.NettyRequestSender - Using pooled Channel '[id: 0x05189bee, L:/127.0.0.1:14171 - R:localhost/127.0.0.1:27717]' for 'GET' to 'http://localhost:27717/session/10548012a87614cb42f3113d4e05a55a/url'
14:09:28.410 [Forwarding getCurrentUrl on session 10548012a87614cb42f3113d4e05a55a to remote] DEBUG org.asynchttpclient.netty.request.NettyRequestSender - Using open Channel [id: 0x05189bee, L:/127.0.0.1:14171 - R:localhost/127.0.0.1:27717] for GET '/session/10548012a87614cb42f3113d4e05a55a/url'
14:09:28.419 [AsyncHttpClient-1-8] DEBUG org.asynchttpclient.netty.handler.HttpHandler - 

Request DefaultFullHttpRequest(decodeResult: success, version: HTTP/1.1, content: EmptyByteBufBE)
GET /session/10548012a87614cb42f3113d4e05a55a/url HTTP/1.1
User-Agent: selenium/4.8.1 (java windows)
Cache-Control: no-cache
Content-Type: application/json; charset=utf-8
host: localhost:27717
accept: */*

Response DefaultHttpResponse(decodeResult: success, version: HTTP/1.1)
HTTP/1.1 200 OK
Content-Length: 70
Content-Type: application/json; charset=utf-8
cache-control: no-cache

14:09:28.419 [AsyncHttpClient-1-8] DEBUG org.asynchttpclient.netty.channel.ChannelManager - Adding key: http://localhost:27717 for channel [id: 0x05189bee, L:/127.0.0.1:14171 - R:localhost/127.0.0.1:27717]
14:09:28.421 [Forwarding screenshot on session 10548012a87614cb42f3113d4e05a55a to remote] DEBUG org.asynchttpclient.netty.request.NettyRequestSender - Using pooled Channel '[id: 0x05189bee, L:/127.0.0.1:14171 - R:localhost/127.0.0.1:27717]' for 'GET' to 'http://localhost:27717/session/10548012a87614cb42f3113d4e05a55a/screenshot'
14:09:28.421 [Forwarding screenshot on session 10548012a87614cb42f3113d4e05a55a to remote] DEBUG org.asynchttpclient.netty.request.NettyRequestSender - Using open Channel [id: 0x05189bee, L:/127.0.0.1:14171 - R:localhost/127.0.0.1:27717] for GET '/session/10548012a87614cb42f3113d4e05a55a/screenshot'
14:09:28.535 [AsyncHttpClient-1-8] DEBUG org.asynchttpclient.netty.handler.HttpHandler - 

Request DefaultFullHttpRequest(decodeResult: success, version: HTTP/1.1, content: EmptyByteBufBE)
GET /session/10548012a87614cb42f3113d4e05a55a/screenshot HTTP/1.1
User-Agent: selenium/4.8.1 (java windows)
Cache-Control: no-cache
Content-Type: application/json; charset=utf-8
host: localhost:27717
accept: */*

Response DefaultHttpResponse(decodeResult: success, version: HTTP/1.1)
HTTP/1.1 200 OK
Content-Length: 132692
Content-Type: application/json; charset=utf-8
cache-control: no-cache

14:09:28.537 [AsyncHttpClient-1-8] DEBUG org.asynchttpclient.netty.channel.ChannelManager - Adding key: http://localhost:27717 for channel [id: 0x05189bee, L:/127.0.0.1:14171 - R:localhost/127.0.0.1:27717]
14:09:28.578 [main] DEBUG net.serenitybdd.core.photography.Darkroom - Send negative for processing for target\site\serenity\a890254ad8d74ef422c3fe130b02c6aee35633fdf1f6ce43c1dc8c184558ec80.png
14:09:28.578 [main] DEBUG net.thucydides.core.steps.StepInterceptor - STEP DONE: ClickViewCustomerTransaction
  &amp#27;[32mThen &amp#27;[0m&amp#27;[32mI see the customer transaction history&amp#27;[0m                          &amp#27;[90m# Starter.Stepdefitions.CustomerTransactionSteps.ClickViewCustomerTransaction()&amp#27;[0m
14:09:28.579 [Darkroom Processing Line] DEBUG net.serenitybdd.core.photography.DarkroomProcessingLine - Processing screenshot image in /var/screenshots/screenshot-6659655682940119483
14:09:28.579 [Darkroom Processing Line] DEBUG net.serenitybdd.core.photography.DarkroomProcessingLine - Saving screenshot to target\site\serenity\a890254ad8d74ef422c3fe130b02c6aee35633fdf1f6ce43c1dc8c184558ec80.png
14:09:28.591 [main] INFO  - 
  _____   ___   ___   _____     ___     _     ___   ___   ___   ___  
 |_   _| | __| / __| |_   _|   | _ \   /_\   / __| / __| | __| |   \ 
   | |   | _|  \__ \   | |     |  _/  / _ \  \__ \ \__ \ | _|  | |) |
   |_|   |___| |___/   |_|     |_|   /_/ \_\ |___/ |___/ |___| |___/ 

As a user, I have successfully view the customer transaction
----------------------------------------------------------------------
14:09:28.593 [AsyncHttpClient-1-2] DEBUG org.asynchttpclient.netty.handler.WebSocketHandler - Channel Closed: [id: 0xeda0c42e, L:/127.0.0.1:14179 ! R:localhost/127.0.0.1:14172] with attribute NettyResponseFuture{currentRetry=0,
	isDone=1,
	isCancelled=0,
	asyncHandler=org.asynchttpclient.ws.WebSocketUpgradeHandler@16abe3b,
	nettyRequest=org.asynchttpclient.netty.request.NettyRequest@1a8a4d0,
	future=java.util.concurrent.CompletableFuture@c87150[Completed normally],
	uri=ws://localhost:14172/devtools/browser/81ef91da-59aa-4fdf-896e-e13a38590a64,
	keepAlive=true,
	redirectCount=0,
	timeoutsHolder=null,
	inAuth=0,
	touch=1687676951778}
14:09:28.593 [AsyncHttpClient-1-2] DEBUG org.asynchttpclient.netty.channel.ChannelManager - Closing Channel [id: 0xeda0c42e, L:/127.0.0.1:14179 ! R:localhost/127.0.0.1:14172] 
14:09:28.594 [Driver Command Executor] DEBUG org.asynchttpclient.netty.request.NettyRequestSender - Using pooled Channel '[id: 0x05189bee, L:/127.0.0.1:14171 - R:localhost/127.0.0.1:27717]' for 'DELETE' to 'http://localhost:27717/session/10548012a87614cb42f3113d4e05a55a'
14:09:28.594 [Driver Command Executor] DEBUG org.asynchttpclient.netty.request.NettyRequestSender - Using open Channel [id: 0x05189bee, L:/127.0.0.1:14171 - R:localhost/127.0.0.1:27717] for DELETE '/session/10548012a87614cb42f3113d4e05a55a'
14:09:29.199 [AsyncHttpClient-1-1] DEBUG org.asynchttpclient.netty.channel.DefaultChannelPool - Entry count for : http://localhost:14172 : 1
14:09:30.299 [AsyncHttpClient-1-1] DEBUG org.asynchttpclient.netty.channel.DefaultChannelPool - Entry count for : http://localhost:14172 : 1
14:09:30.872 [AsyncHttpClient-1-9] DEBUG org.asynchttpclient.netty.handler.HttpHandler - Unexpected I/O exception on channel [id: 0x645b5ee9, L:/127.0.0.1:14178 - R:localhost/127.0.0.1:14172]
java.io.IOException: An existing connection was forcibly closed by the remote host
	at sun.nio.ch.SocketDispatcher.read0(Native Method)
	at sun.nio.ch.SocketDispatcher.read(SocketDispatcher.java:43)
	at sun.nio.ch.IOUtil.readIntoNativeBuffer(IOUtil.java:223)
	at sun.nio.ch.IOUtil.read(IOUtil.java:192)
	at sun.nio.ch.SocketChannelImpl.read(SocketChannelImpl.java:379)
	at io.netty.buffer.PooledByteBuf.setBytes(PooledByteBuf.java:259)
	at io.netty.buffer.AbstractByteBuf.writeBytes(AbstractByteBuf.java:1132)
	at io.netty.channel.socket.nio.NioSocketChannel.doReadBytes(NioSocketChannel.java:357)
	at io.netty.channel.nio.AbstractNioByteChannel$NioByteUnsafe.read(AbstractNioByteChannel.java:151)
	at io.netty.channel.nio.NioEventLoop.processSelectedKey(NioEventLoop.java:788)
	at io.netty.channel.nio.NioEventLoop.processSelectedKeysOptimized(NioEventLoop.java:724)
	at io.netty.channel.nio.NioEventLoop.processSelectedKeys(NioEventLoop.java:650)
	at io.netty.channel.nio.NioEventLoop.run(NioEventLoop.java:562)
	at io.netty.util.concurrent.SingleThreadEventExecutor$4.run(SingleThreadEventExecutor.java:997)
	at io.netty.util.internal.ThreadExecutorMap$2.run(ThreadExecutorMap.java:74)
	at io.netty.util.concurrent.FastThreadLocalRunnable.run(FastThreadLocalRunnable.java:30)
	at java.lang.Thread.run(Thread.java:745)
14:09:30.872 [AsyncHttpClient-1-9] DEBUG org.asynchttpclient.netty.channel.ChannelManager - Closing Channel [id: 0x645b5ee9, L:/127.0.0.1:14178 - R:localhost/127.0.0.1:14172] 
14:09:30.872 [AsyncHttpClient-1-9] DEBUG org.asynchttpclient.netty.handler.HttpHandler - Channel Closed: [id: 0x645b5ee9, L:/127.0.0.1:14178 ! R:localhost/127.0.0.1:14172] with attribute DISCARD
14:09:31.252 [AsyncHttpClient-1-8] DEBUG org.asynchttpclient.netty.handler.HttpHandler - 

Request DefaultFullHttpRequest(decodeResult: success, version: HTTP/1.1, content: EmptyByteBufBE)
DELETE /session/10548012a87614cb42f3113d4e05a55a HTTP/1.1
User-Agent: selenium/4.8.1 (java windows)
Content-Type: application/json; charset=utf-8
host: localhost:27717
accept: */*

Response DefaultHttpResponse(decodeResult: success, version: HTTP/1.1)
HTTP/1.1 200 OK
Content-Length: 14
Content-Type: application/json; charset=utf-8
cache-control: no-cache

14:09:31.253 [AsyncHttpClient-1-8] DEBUG org.asynchttpclient.netty.channel.ChannelManager - Adding key: http://localhost:27717 for channel [id: 0x05189bee, L:/127.0.0.1:14171 - R:localhost/127.0.0.1:27717]
14:09:31.388 [AsyncHttpClient-1-8] DEBUG org.asynchttpclient.netty.handler.HttpHandler - Channel Closed: [id: 0x05189bee, L:/127.0.0.1:14171 ! R:localhost/127.0.0.1:27717] with attribute DISCARD
14:09:31.399 [AsyncHttpClient-1-1] DEBUG org.asynchttpclient.netty.channel.DefaultChannelPool - Entry count for : http://localhost:27717 : 1
14:09:31.399 [AsyncHttpClient-1-1] DEBUG org.asynchttpclient.netty.channel.DefaultChannelPool - Entry count for : http://localhost:14172 : 1
14:09:31.399 [AsyncHttpClient-1-1] DEBUG org.asynchttpclient.netty.channel.DefaultChannelPool - Adding Candidate expired Channel [id: 0x05189bee, L:/127.0.0.1:14171 ! R:localhost/127.0.0.1:27717] isIdleTimeoutExpired=false isRemotelyClosed=true isTtlExpired=false
14:09:31.399 [AsyncHttpClient-1-1] DEBUG org.asynchttpclient.netty.channel.DefaultChannelPool - Closing Idle Channel [id: 0x05189bee, L:/127.0.0.1:14171 ! R:localhost/127.0.0.1:27717]
14:09:31.399 [AsyncHttpClient-1-1] DEBUG org.asynchttpclient.netty.channel.DefaultChannelPool - Adding Candidate expired Channel [id: 0x645b5ee9, L:/127.0.0.1:14178 ! R:localhost/127.0.0.1:14172] isIdleTimeoutExpired=false isRemotelyClosed=true isTtlExpired=false
14:09:31.399 [AsyncHttpClient-1-1] DEBUG org.asynchttpclient.netty.channel.DefaultChannelPool - Closing Idle Channel [id: 0x645b5ee9, L:/127.0.0.1:14178 ! R:localhost/127.0.0.1:14172]
14:09:31.399 [AsyncHttpClient-1-1] DEBUG org.asynchttpclient.netty.channel.DefaultChannelPool - Closed 2 connections out of 2 in 0 ms
]]></system-out>
    <system-err><![CDATA[Starting ChromeDriver 114.0.5735.90 (386bc09e8f4f2e025eddae123f36f6263096ae49-refs/branch-heads/5735@{#1052}) on port 27717
Only local connections are allowed.
Please see https://chromedriver.chromium.org/security-considerations for suggestions on keeping ChromeDriver safe.
ChromeDriver was started successfully.
Jun 25, 2023 2:09:11 PM org.openqa.selenium.devtools.CdpVersionFinder findNearestMatch
WARNING: Unable to find an exact match for CDP version 114, so returning the closest version found: 110
]]></system-err>
  </testcase>
  <testcase name="As user, I have be able to success login" classname="User be able to sign in" time="19.934">
    <system-out><![CDATA[14:09:31.904 [main] DEBUG io.cucumber.core.plugin.SerenityReporter - Running feature from file:///C:/Users/USER/IdeaProjects/Capston_webtesting/src/test/resources/Feature/Signin.feature
14:09:31.904 [main] WARN io.cucumber.core.plugin.SerenityReporter - Feature from file:///C:/Users/USER/IdeaProjects/Capston_webtesting/src/test/resources/Feature/Signin.feature is not under the 'features' directory. Requirements report will not be correctly generated!
14:09:31.909 [main] DEBUG net.thucydides.core.steps.StepEventBus - Test suite started for story net.thucydides.core.model.Story@5d6a7c13
14:09:31.910 [main] INFO  - Test Suite Started: User be able to sign in

@signin
Scenario: As user, I have be able to success login &amp#27;[90m# src/test/resources/Feature/Signin.feature:7&amp#27;[0m
14:09:31.924 [main] DEBUG io.cucumber.core.plugin.SerenityReporter - Running feature from file:///C:/Users/USER/IdeaProjects/Capston_webtesting/src/test/resources/Feature/Signin.feature
14:09:31.924 [main] WARN io.cucumber.core.plugin.SerenityReporter - Feature from file:///C:/Users/USER/IdeaProjects/Capston_webtesting/src/test/resources/Feature/Signin.feature is not under the 'features' directory. Requirements report will not be correctly generated!
14:09:31.927 [main] INFO  - 
  _____   ___   ___   _____     ___   _____     _     ___   _____   ___   ___  
 |_   _| | __| / __| |_   _|   / __| |_   _|   /_\   | _ \ |_   _| | __| |   \ 
   | |   | _|  \__ \   | |     \__ \   | |    / _ \  |   /   | |   | _|  | |) |
   |_|   |___| |___/   |_|     |___/   |_|   /_/ \_\ |_|_\   |_|   |___| |___/ 

As user, I have be able to success login(user-be-able-to-sign-in;as-user--i-have-be-able-to-success-login)
--------------------------------------------------------------------------------
14:09:32.125 [main] DEBUG net.thucydides.core.steps.StepInterceptor - STARTING STEP: SigninSteps.onLoginPage - openPage
14:09:32.221 [main] INFO net.serenitybdd.core.webdriver.driverproviders.ChromeDriverProvider - Starting Chrome driver instance with capabilities:
14:09:32.221 [main] INFO net.serenitybdd.core.webdriver.driverproviders.ChromeDriverProvider - Capabilities {acceptInsecureCerts: false, browserName: chrome, goog:chromeOptions: {args: [remote-allow-origins=*], extensions: []}}
14:09:32.806 [AsyncHttpClient-1-3] DEBUG org.asynchttpclient.netty.channel.NettyConnectListener - Using new Channel '[id: 0x785ef91f, L:/127.0.0.1:14193 - R:localhost/127.0.0.1:26227]' for 'POST' to '/session'
14:09:37.019 [AsyncHttpClient-1-3] DEBUG org.asynchttpclient.netty.handler.HttpHandler - 

Request DefaultHttpRequest(decodeResult: success, version: HTTP/1.1)
POST /session HTTP/1.1
User-Agent: selenium/4.8.1 (java windows)
Content-Length: 507
Content-Type: application/json; charset=utf-8
host: localhost:26227
accept: */*

Response DefaultHttpResponse(decodeResult: success, version: HTTP/1.1)
HTTP/1.1 200 OK
Content-Length: 860
Content-Type: application/json; charset=utf-8
cache-control: no-cache

14:09:37.019 [AsyncHttpClient-1-3] DEBUG org.asynchttpclient.netty.channel.ChannelManager - Adding key: http://localhost:26227 for channel [id: 0x785ef91f, L:/127.0.0.1:14193 - R:localhost/127.0.0.1:26227]
14:09:37.033 [AsyncHttpClient-1-4] DEBUG org.asynchttpclient.netty.channel.NettyConnectListener - Using new Channel '[id: 0x89d7683e, L:/127.0.0.1:14200 - R:localhost/127.0.0.1:14194]' for 'GET' to '/json/version'
14:09:37.034 [AsyncHttpClient-1-4] DEBUG org.asynchttpclient.netty.handler.HttpHandler - 

Request DefaultFullHttpRequest(decodeResult: success, version: HTTP/1.1, content: EmptyByteBufBE)
GET /json/version HTTP/1.1
User-Agent: selenium/4.8.1 (java windows)
host: localhost:14194
accept: */*

Response DefaultHttpResponse(decodeResult: success, version: HTTP/1.1)
HTTP/1.1 200 OK
Content-Security-Policy: frame-ancestors 'none'
Content-Length: 424
Content-Type: application/json; charset=UTF-8

14:09:37.034 [AsyncHttpClient-1-4] DEBUG org.asynchttpclient.netty.channel.ChannelManager - Adding key: http://localhost:14194 for channel [id: 0x89d7683e, L:/127.0.0.1:14200 - R:localhost/127.0.0.1:14194]
14:09:37.038 [AsyncHttpClient-1-5] DEBUG org.asynchttpclient.netty.channel.NettyConnectListener - Using new Channel '[id: 0xa7d0ac86, L:/127.0.0.1:14201 - R:localhost/127.0.0.1:14194]' for 'GET' to '/devtools/browser/2968861c-26d0-40a7-8d6c-28ac285d686c'
14:09:37.039 [AsyncHttpClient-1-5] DEBUG org.asynchttpclient.netty.handler.WebSocketHandler - 

Request DefaultFullHttpRequest(decodeResult: success, version: HTTP/1.1, content: EmptyByteBufBE)
GET /devtools/browser/2968861c-26d0-40a7-8d6c-28ac285d686c HTTP/1.1
upgrade: websocket
connection: upgrade
sec-websocket-key: 7XbPsc/LnWIVu4VeUqDk6Q==
sec-websocket-version: 13
origin: http://localhost:14194
host: localhost:14194
accept: */*
user-agent: AHC/2.1

Response DefaultHttpResponse(decodeResult: success, version: HTTP/1.1)
HTTP/1.1 101 WebSocket Protocol Handshake
Upgrade: WebSocket
Connection: Upgrade
Sec-WebSocket-Accept: aXEYR8l1kVlYZQ1K/2xjMlk90fQ=

14:09:37.051 [Forwarding get on session c854432cb0cbda9b25c23de431ac5b5c to remote] DEBUG org.asynchttpclient.netty.request.NettyRequestSender - Using pooled Channel '[id: 0x785ef91f, L:/127.0.0.1:14193 - R:localhost/127.0.0.1:26227]' for 'POST' to 'http://localhost:26227/session/c854432cb0cbda9b25c23de431ac5b5c/url'
14:09:37.052 [Forwarding get on session c854432cb0cbda9b25c23de431ac5b5c to remote] DEBUG org.asynchttpclient.netty.request.NettyRequestSender - Using open Channel [id: 0x785ef91f, L:/127.0.0.1:14193 - R:localhost/127.0.0.1:26227] for POST '/session/c854432cb0cbda9b25c23de431ac5b5c/url'
14:09:37.999 [AsyncHttpClient-1-1] DEBUG org.asynchttpclient.netty.channel.DefaultChannelPool - Entry count for : http://localhost:14194 : 1
14:09:39.099 [AsyncHttpClient-1-1] DEBUG org.asynchttpclient.netty.channel.DefaultChannelPool - Entry count for : http://localhost:14194 : 1
14:09:40.198 [AsyncHttpClient-1-1] DEBUG org.asynchttpclient.netty.channel.DefaultChannelPool - Entry count for : http://localhost:14194 : 1
14:09:41.298 [AsyncHttpClient-1-1] DEBUG org.asynchttpclient.netty.channel.DefaultChannelPool - Entry count for : http://localhost:14194 : 1
14:09:42.398 [AsyncHttpClient-1-1] DEBUG org.asynchttpclient.netty.channel.DefaultChannelPool - Entry count for : http://localhost:14194 : 1
14:09:43.498 [AsyncHttpClient-1-1] DEBUG org.asynchttpclient.netty.channel.DefaultChannelPool - Entry count for : http://localhost:14194 : 1
14:09:44.598 [AsyncHttpClient-1-1] DEBUG org.asynchttpclient.netty.channel.DefaultChannelPool - Entry count for : http://localhost:14194 : 1
14:09:44.832 [AsyncHttpClient-1-3] DEBUG org.asynchttpclient.netty.handler.HttpHandler - 

Request DefaultHttpRequest(decodeResult: success, version: HTTP/1.1)
POST /session/c854432cb0cbda9b25c23de431ac5b5c/url HTTP/1.1
User-Agent: selenium/4.8.1 (java windows)
Content-Length: 82
Content-Type: application/json; charset=utf-8
host: localhost:26227
accept: */*

Response DefaultHttpResponse(decodeResult: success, version: HTTP/1.1)
HTTP/1.1 200 OK
Content-Length: 14
Content-Type: application/json; charset=utf-8
cache-control: no-cache

14:09:44.832 [AsyncHttpClient-1-3] DEBUG org.asynchttpclient.netty.channel.ChannelManager - Adding key: http://localhost:26227 for channel [id: 0x785ef91f, L:/127.0.0.1:14193 - R:localhost/127.0.0.1:26227]
14:09:44.834 [Forwarding setTimeout on session c854432cb0cbda9b25c23de431ac5b5c to remote] DEBUG org.asynchttpclient.netty.request.NettyRequestSender - Using pooled Channel '[id: 0x785ef91f, L:/127.0.0.1:14193 - R:localhost/127.0.0.1:26227]' for 'POST' to 'http://localhost:26227/session/c854432cb0cbda9b25c23de431ac5b5c/timeouts'
14:09:44.834 [Forwarding setTimeout on session c854432cb0cbda9b25c23de431ac5b5c to remote] DEBUG org.asynchttpclient.netty.request.NettyRequestSender - Using open Channel [id: 0x785ef91f, L:/127.0.0.1:14193 - R:localhost/127.0.0.1:26227] for POST '/session/c854432cb0cbda9b25c23de431ac5b5c/timeouts'
14:09:44.838 [AsyncHttpClient-1-3] DEBUG org.asynchttpclient.netty.handler.HttpHandler - 

Request DefaultHttpRequest(decodeResult: success, version: HTTP/1.1)
POST /session/c854432cb0cbda9b25c23de431ac5b5c/timeouts HTTP/1.1
User-Agent: selenium/4.8.1 (java windows)
Content-Length: 22
Content-Type: application/json; charset=utf-8
host: localhost:26227
accept: */*

Response DefaultHttpResponse(decodeResult: success, version: HTTP/1.1)
HTTP/1.1 200 OK
Content-Length: 14
Content-Type: application/json; charset=utf-8
cache-control: no-cache

14:09:44.838 [AsyncHttpClient-1-3] DEBUG org.asynchttpclient.netty.channel.ChannelManager - Adding key: http://localhost:26227 for channel [id: 0x785ef91f, L:/127.0.0.1:14193 - R:localhost/127.0.0.1:26227]
14:09:44.856 [main] DEBUG net.serenitybdd.core.photography.Darkroom - Opening darkroom
14:09:44.859 [Forwarding getAlertText on session c854432cb0cbda9b25c23de431ac5b5c to remote] DEBUG org.asynchttpclient.netty.request.NettyRequestSender - Using pooled Channel '[id: 0x785ef91f, L:/127.0.0.1:14193 - R:localhost/127.0.0.1:26227]' for 'GET' to 'http://localhost:26227/session/c854432cb0cbda9b25c23de431ac5b5c/alert/text'
14:09:44.859 [Forwarding getAlertText on session c854432cb0cbda9b25c23de431ac5b5c to remote] DEBUG org.asynchttpclient.netty.request.NettyRequestSender - Using open Channel [id: 0x785ef91f, L:/127.0.0.1:14193 - R:localhost/127.0.0.1:26227] for GET '/session/c854432cb0cbda9b25c23de431ac5b5c/alert/text'
14:09:44.861 [Darkroom Processing Line] DEBUG net.serenitybdd.core.photography.DarkroomProcessingLine - Darkroom processing line starting up
14:09:45.698 [AsyncHttpClient-1-1] DEBUG org.asynchttpclient.netty.channel.DefaultChannelPool - Entry count for : http://localhost:14194 : 1
14:09:46.798 [AsyncHttpClient-1-1] DEBUG org.asynchttpclient.netty.channel.DefaultChannelPool - Entry count for : http://localhost:14194 : 1
14:09:47.642 [AsyncHttpClient-1-3] DEBUG org.asynchttpclient.netty.handler.HttpHandler - 

Request DefaultFullHttpRequest(decodeResult: success, version: HTTP/1.1, content: EmptyByteBufBE)
GET /session/c854432cb0cbda9b25c23de431ac5b5c/alert/text HTTP/1.1
User-Agent: selenium/4.8.1 (java windows)
Cache-Control: no-cache
Content-Type: application/json; charset=utf-8
host: localhost:26227
accept: */*

Response DefaultHttpResponse(decodeResult: success, version: HTTP/1.1)
HTTP/1.1 404 Not Found
Content-Length: 807
Content-Type: application/json; charset=utf-8
cache-control: no-cache

14:09:47.642 [AsyncHttpClient-1-3] DEBUG org.asynchttpclient.netty.channel.ChannelManager - Adding key: http://localhost:26227 for channel [id: 0x785ef91f, L:/127.0.0.1:14193 - R:localhost/127.0.0.1:26227]
14:09:47.645 [Forwarding getCurrentUrl on session c854432cb0cbda9b25c23de431ac5b5c to remote] DEBUG org.asynchttpclient.netty.request.NettyRequestSender - Using pooled Channel '[id: 0x785ef91f, L:/127.0.0.1:14193 - R:localhost/127.0.0.1:26227]' for 'GET' to 'http://localhost:26227/session/c854432cb0cbda9b25c23de431ac5b5c/url'
14:09:47.645 [Forwarding getCurrentUrl on session c854432cb0cbda9b25c23de431ac5b5c to remote] DEBUG org.asynchttpclient.netty.request.NettyRequestSender - Using open Channel [id: 0x785ef91f, L:/127.0.0.1:14193 - R:localhost/127.0.0.1:26227] for GET '/session/c854432cb0cbda9b25c23de431ac5b5c/url'
14:09:47.730 [AsyncHttpClient-1-3] DEBUG org.asynchttpclient.netty.handler.HttpHandler - 

Request DefaultFullHttpRequest(decodeResult: success, version: HTTP/1.1, content: EmptyByteBufBE)
GET /session/c854432cb0cbda9b25c23de431ac5b5c/url HTTP/1.1
User-Agent: selenium/4.8.1 (java windows)
Cache-Control: no-cache
Content-Type: application/json; charset=utf-8
host: localhost:26227
accept: */*

Response DefaultHttpResponse(decodeResult: success, version: HTTP/1.1)
HTTP/1.1 200 OK
Content-Length: 64
Content-Type: application/json; charset=utf-8
cache-control: no-cache

14:09:47.730 [AsyncHttpClient-1-3] DEBUG org.asynchttpclient.netty.channel.ChannelManager - Adding key: http://localhost:26227 for channel [id: 0x785ef91f, L:/127.0.0.1:14193 - R:localhost/127.0.0.1:26227]
14:09:47.732 [Forwarding screenshot on session c854432cb0cbda9b25c23de431ac5b5c to remote] DEBUG org.asynchttpclient.netty.request.NettyRequestSender - Using pooled Channel '[id: 0x785ef91f, L:/127.0.0.1:14193 - R:localhost/127.0.0.1:26227]' for 'GET' to 'http://localhost:26227/session/c854432cb0cbda9b25c23de431ac5b5c/screenshot'
14:09:47.732 [Forwarding screenshot on session c854432cb0cbda9b25c23de431ac5b5c to remote] DEBUG org.asynchttpclient.netty.request.NettyRequestSender - Using open Channel [id: 0x785ef91f, L:/127.0.0.1:14193 - R:localhost/127.0.0.1:26227] for GET '/session/c854432cb0cbda9b25c23de431ac5b5c/screenshot'
14:09:47.877 [AsyncHttpClient-1-3] DEBUG org.asynchttpclient.netty.handler.HttpHandler - 

Request DefaultFullHttpRequest(decodeResult: success, version: HTTP/1.1, content: EmptyByteBufBE)
GET /session/c854432cb0cbda9b25c23de431ac5b5c/screenshot HTTP/1.1
User-Agent: selenium/4.8.1 (java windows)
Cache-Control: no-cache
Content-Type: application/json; charset=utf-8
host: localhost:26227
accept: */*

Response DefaultHttpResponse(decodeResult: success, version: HTTP/1.1)
HTTP/1.1 200 OK
Content-Length: 125596
Content-Type: application/json; charset=utf-8
cache-control: no-cache

14:09:47.878 [AsyncHttpClient-1-3] DEBUG org.asynchttpclient.netty.channel.ChannelManager - Adding key: http://localhost:26227 for channel [id: 0x785ef91f, L:/127.0.0.1:14193 - R:localhost/127.0.0.1:26227]
14:09:47.887 [main] DEBUG net.serenitybdd.core.photography.Darkroom - Send negative for processing for target\site\serenity\830bdd557b85a27d44613b64a7d39bdd5ce5e9cd6eedc8befa21a1ab815b1265.png
14:09:47.887 [main] DEBUG net.thucydides.core.steps.StepInterceptor - STEP DONE: openPage
  &amp#27;[32mGiven &amp#27;[0m&amp#27;[32mI am on the sign in page&amp#27;[0m                   &amp#27;[90m# Starter.Stepdefitions.SigninSteps.onLoginPage()&amp#27;[0m
14:09:47.898 [AsyncHttpClient-1-1] DEBUG org.asynchttpclient.netty.channel.DefaultChannelPool - Entry count for : http://localhost:26227 : 1
14:09:47.898 [AsyncHttpClient-1-1] DEBUG org.asynchttpclient.netty.channel.DefaultChannelPool - Entry count for : http://localhost:14194 : 1
14:09:47.903 [Forwarding getPageSource on session c854432cb0cbda9b25c23de431ac5b5c to remote] DEBUG org.asynchttpclient.netty.request.NettyRequestSender - Using pooled Channel '[id: 0x785ef91f, L:/127.0.0.1:14193 - R:localhost/127.0.0.1:26227]' for 'POST' to 'http://localhost:26227/session/c854432cb0cbda9b25c23de431ac5b5c/execute/sync'
14:09:47.903 [Forwarding getPageSource on session c854432cb0cbda9b25c23de431ac5b5c to remote] DEBUG org.asynchttpclient.netty.request.NettyRequestSender - Using open Channel [id: 0x785ef91f, L:/127.0.0.1:14193 - R:localhost/127.0.0.1:26227] for POST '/session/c854432cb0cbda9b25c23de431ac5b5c/execute/sync'
14:09:47.911 [AsyncHttpClient-1-3] DEBUG org.asynchttpclient.netty.handler.HttpHandler - 

Request DefaultHttpRequest(decodeResult: success, version: HTTP/1.1)
POST /session/c854432cb0cbda9b25c23de431ac5b5c/execute/sync HTTP/1.1
User-Agent: selenium/4.8.1 (java windows)
Content-Length: 176
Content-Type: application/json; charset=utf-8
host: localhost:26227
accept: */*

Response DefaultHttpResponse(decodeResult: success, version: HTTP/1.1)
HTTP/1.1 200 OK
Content-Length: 5992
Content-Type: application/json; charset=utf-8
cache-control: no-cache

14:09:47.911 [AsyncHttpClient-1-3] DEBUG org.asynchttpclient.netty.channel.ChannelManager - Adding key: http://localhost:26227 for channel [id: 0x785ef91f, L:/127.0.0.1:14193 - R:localhost/127.0.0.1:26227]
14:09:47.914 [Forwarding getCurrentUrl on session c854432cb0cbda9b25c23de431ac5b5c to remote] DEBUG org.asynchttpclient.netty.request.NettyRequestSender - Using pooled Channel '[id: 0x785ef91f, L:/127.0.0.1:14193 - R:localhost/127.0.0.1:26227]' for 'GET' to 'http://localhost:26227/session/c854432cb0cbda9b25c23de431ac5b5c/url'
14:09:47.914 [Forwarding getCurrentUrl on session c854432cb0cbda9b25c23de431ac5b5c to remote] DEBUG org.asynchttpclient.netty.request.NettyRequestSender - Using open Channel [id: 0x785ef91f, L:/127.0.0.1:14193 - R:localhost/127.0.0.1:26227] for GET '/session/c854432cb0cbda9b25c23de431ac5b5c/url'
14:09:47.920 [AsyncHttpClient-1-3] DEBUG org.asynchttpclient.netty.handler.HttpHandler - 

Request DefaultFullHttpRequest(decodeResult: success, version: HTTP/1.1, content: EmptyByteBufBE)
GET /session/c854432cb0cbda9b25c23de431ac5b5c/url HTTP/1.1
User-Agent: selenium/4.8.1 (java windows)
Cache-Control: no-cache
Content-Type: application/json; charset=utf-8
host: localhost:26227
accept: */*

Response DefaultHttpResponse(decodeResult: success, version: HTTP/1.1)
HTTP/1.1 200 OK
Content-Length: 64
Content-Type: application/json; charset=utf-8
cache-control: no-cache

14:09:47.920 [AsyncHttpClient-1-3] DEBUG org.asynchttpclient.netty.channel.ChannelManager - Adding key: http://localhost:26227 for channel [id: 0x785ef91f, L:/127.0.0.1:14193 - R:localhost/127.0.0.1:26227]
14:09:47.935 [Forwarding getPageSource on session c854432cb0cbda9b25c23de431ac5b5c to remote] DEBUG org.asynchttpclient.netty.request.NettyRequestSender - Using pooled Channel '[id: 0x785ef91f, L:/127.0.0.1:14193 - R:localhost/127.0.0.1:26227]' for 'POST' to 'http://localhost:26227/session/c854432cb0cbda9b25c23de431ac5b5c/execute/sync'
14:09:47.936 [Forwarding getPageSource on session c854432cb0cbda9b25c23de431ac5b5c to remote] DEBUG org.asynchttpclient.netty.request.NettyRequestSender - Using open Channel [id: 0x785ef91f, L:/127.0.0.1:14193 - R:localhost/127.0.0.1:26227] for POST '/session/c854432cb0cbda9b25c23de431ac5b5c/execute/sync'
14:09:47.942 [AsyncHttpClient-1-3] DEBUG org.asynchttpclient.netty.handler.HttpHandler - 

Request DefaultHttpRequest(decodeResult: success, version: HTTP/1.1)
POST /session/c854432cb0cbda9b25c23de431ac5b5c/execute/sync HTTP/1.1
User-Agent: selenium/4.8.1 (java windows)
Content-Length: 176
Content-Type: application/json; charset=utf-8
host: localhost:26227
accept: */*

Response DefaultHttpResponse(decodeResult: success, version: HTTP/1.1)
HTTP/1.1 200 OK
Content-Length: 5992
Content-Type: application/json; charset=utf-8
cache-control: no-cache

14:09:47.942 [AsyncHttpClient-1-3] DEBUG org.asynchttpclient.netty.channel.ChannelManager - Adding key: http://localhost:26227 for channel [id: 0x785ef91f, L:/127.0.0.1:14193 - R:localhost/127.0.0.1:26227]
14:09:47.945 [Forwarding getCurrentUrl on session c854432cb0cbda9b25c23de431ac5b5c to remote] DEBUG org.asynchttpclient.netty.request.NettyRequestSender - Using pooled Channel '[id: 0x785ef91f, L:/127.0.0.1:14193 - R:localhost/127.0.0.1:26227]' for 'GET' to 'http://localhost:26227/session/c854432cb0cbda9b25c23de431ac5b5c/url'
14:09:47.945 [Forwarding getCurrentUrl on session c854432cb0cbda9b25c23de431ac5b5c to remote] DEBUG org.asynchttpclient.netty.request.NettyRequestSender - Using open Channel [id: 0x785ef91f, L:/127.0.0.1:14193 - R:localhost/127.0.0.1:26227] for GET '/session/c854432cb0cbda9b25c23de431ac5b5c/url'
14:09:47.950 [AsyncHttpClient-1-3] DEBUG org.asynchttpclient.netty.handler.HttpHandler - 

Request DefaultFullHttpRequest(decodeResult: success, version: HTTP/1.1, content: EmptyByteBufBE)
GET /session/c854432cb0cbda9b25c23de431ac5b5c/url HTTP/1.1
User-Agent: selenium/4.8.1 (java windows)
Cache-Control: no-cache
Content-Type: application/json; charset=utf-8
host: localhost:26227
accept: */*

Response DefaultHttpResponse(decodeResult: success, version: HTTP/1.1)
HTTP/1.1 200 OK
Content-Length: 64
Content-Type: application/json; charset=utf-8
cache-control: no-cache

14:09:47.952 [AsyncHttpClient-1-3] DEBUG org.asynchttpclient.netty.channel.ChannelManager - Adding key: http://localhost:26227 for channel [id: 0x785ef91f, L:/127.0.0.1:14193 - R:localhost/127.0.0.1:26227]
14:09:47.956 [main] DEBUG net.thucydides.core.steps.StepInterceptor - STARTING STEP: SigninSteps.inputEmail - inputEmail
14:09:47.962 [Forwarding findElement on session c854432cb0cbda9b25c23de431ac5b5c to remote] DEBUG org.asynchttpclient.netty.request.NettyRequestSender - Using pooled Channel '[id: 0x785ef91f, L:/127.0.0.1:14193 - R:localhost/127.0.0.1:26227]' for 'POST' to 'http://localhost:26227/session/c854432cb0cbda9b25c23de431ac5b5c/element'
14:09:47.962 [Forwarding findElement on session c854432cb0cbda9b25c23de431ac5b5c to remote] DEBUG org.asynchttpclient.netty.request.NettyRequestSender - Using open Channel [id: 0x785ef91f, L:/127.0.0.1:14193 - R:localhost/127.0.0.1:26227] for POST '/session/c854432cb0cbda9b25c23de431ac5b5c/element'
14:09:47.980 [AsyncHttpClient-1-3] DEBUG org.asynchttpclient.netty.handler.HttpHandler - 

Request DefaultHttpRequest(decodeResult: success, version: HTTP/1.1)
POST /session/c854432cb0cbda9b25c23de431ac5b5c/element HTTP/1.1
User-Agent: selenium/4.8.1 (java windows)
Content-Length: 67
Content-Type: application/json; charset=utf-8
host: localhost:26227
accept: */*

Response DefaultHttpResponse(decodeResult: success, version: HTTP/1.1)
HTTP/1.1 200 OK
Content-Length: 95
Content-Type: application/json; charset=utf-8
cache-control: no-cache

14:09:47.980 [AsyncHttpClient-1-3] DEBUG org.asynchttpclient.netty.channel.ChannelManager - Adding key: http://localhost:26227 for channel [id: 0x785ef91f, L:/127.0.0.1:14193 - R:localhost/127.0.0.1:26227]
14:09:47.981 [Forwarding clearElement on session c854432cb0cbda9b25c23de431ac5b5c to remote] DEBUG org.asynchttpclient.netty.request.NettyRequestSender - Using pooled Channel '[id: 0x785ef91f, L:/127.0.0.1:14193 - R:localhost/127.0.0.1:26227]' for 'POST' to 'http://localhost:26227/session/c854432cb0cbda9b25c23de431ac5b5c/element/94936E7EB8D87A49075814675E01B12A_element_10/clear'
14:09:47.982 [Forwarding clearElement on session c854432cb0cbda9b25c23de431ac5b5c to remote] DEBUG org.asynchttpclient.netty.request.NettyRequestSender - Using open Channel [id: 0x785ef91f, L:/127.0.0.1:14193 - R:localhost/127.0.0.1:26227] for POST '/session/c854432cb0cbda9b25c23de431ac5b5c/element/94936E7EB8D87A49075814675E01B12A_element_10/clear'
14:09:48.033 [AsyncHttpClient-1-3] DEBUG org.asynchttpclient.netty.handler.HttpHandler - 

Request DefaultHttpRequest(decodeResult: success, version: HTTP/1.1)
POST /session/c854432cb0cbda9b25c23de431ac5b5c/element/94936E7EB8D87A49075814675E01B12A_element_10/clear HTTP/1.1
User-Agent: selenium/4.8.1 (java windows)
Content-Length: 57
Content-Type: application/json; charset=utf-8
host: localhost:26227
accept: */*

Response DefaultHttpResponse(decodeResult: success, version: HTTP/1.1)
HTTP/1.1 200 OK
Content-Length: 14
Content-Type: application/json; charset=utf-8
cache-control: no-cache

14:09:48.034 [AsyncHttpClient-1-3] DEBUG org.asynchttpclient.netty.channel.ChannelManager - Adding key: http://localhost:26227 for channel [id: 0x785ef91f, L:/127.0.0.1:14193 - R:localhost/127.0.0.1:26227]
14:09:48.037 [Forwarding sendKeysToElement on session c854432cb0cbda9b25c23de431ac5b5c to remote] DEBUG org.asynchttpclient.netty.request.NettyRequestSender - Using pooled Channel '[id: 0x785ef91f, L:/127.0.0.1:14193 - R:localhost/127.0.0.1:26227]' for 'POST' to 'http://localhost:26227/session/c854432cb0cbda9b25c23de431ac5b5c/element/94936E7EB8D87A49075814675E01B12A_element_10/value'
14:09:48.037 [Forwarding sendKeysToElement on session c854432cb0cbda9b25c23de431ac5b5c to remote] DEBUG org.asynchttpclient.netty.request.NettyRequestSender - Using open Channel [id: 0x785ef91f, L:/127.0.0.1:14193 - R:localhost/127.0.0.1:26227] for POST '/session/c854432cb0cbda9b25c23de431ac5b5c/element/94936E7EB8D87A49075814675E01B12A_element_10/value'
14:09:48.389 [AsyncHttpClient-1-3] DEBUG org.asynchttpclient.netty.handler.HttpHandler - 

Request DefaultHttpRequest(decodeResult: success, version: HTTP/1.1)
POST /session/c854432cb0cbda9b25c23de431ac5b5c/element/94936E7EB8D87A49075814675E01B12A_element_10/value HTTP/1.1
User-Agent: selenium/4.8.1 (java windows)
Content-Length: 258
Content-Type: application/json; charset=utf-8
host: localhost:26227
accept: */*

Response DefaultHttpResponse(decodeResult: success, version: HTTP/1.1)
HTTP/1.1 200 OK
Content-Length: 14
Content-Type: application/json; charset=utf-8
cache-control: no-cache

14:09:48.389 [AsyncHttpClient-1-3] DEBUG org.asynchttpclient.netty.channel.ChannelManager - Adding key: http://localhost:26227 for channel [id: 0x785ef91f, L:/127.0.0.1:14193 - R:localhost/127.0.0.1:26227]
14:09:48.401 [Forwarding getAlertText on session c854432cb0cbda9b25c23de431ac5b5c to remote] DEBUG org.asynchttpclient.netty.request.NettyRequestSender - Using pooled Channel '[id: 0x785ef91f, L:/127.0.0.1:14193 - R:localhost/127.0.0.1:26227]' for 'GET' to 'http://localhost:26227/session/c854432cb0cbda9b25c23de431ac5b5c/alert/text'
14:09:48.402 [Forwarding getAlertText on session c854432cb0cbda9b25c23de431ac5b5c to remote] DEBUG org.asynchttpclient.netty.request.NettyRequestSender - Using open Channel [id: 0x785ef91f, L:/127.0.0.1:14193 - R:localhost/127.0.0.1:26227] for GET '/session/c854432cb0cbda9b25c23de431ac5b5c/alert/text'
14:09:48.404 [AsyncHttpClient-1-3] DEBUG org.asynchttpclient.netty.handler.HttpHandler - 

Request DefaultFullHttpRequest(decodeResult: success, version: HTTP/1.1, content: EmptyByteBufBE)
GET /session/c854432cb0cbda9b25c23de431ac5b5c/alert/text HTTP/1.1
User-Agent: selenium/4.8.1 (java windows)
Cache-Control: no-cache
Content-Type: application/json; charset=utf-8
host: localhost:26227
accept: */*

Response DefaultHttpResponse(decodeResult: success, version: HTTP/1.1)
HTTP/1.1 404 Not Found
Content-Length: 807
Content-Type: application/json; charset=utf-8
cache-control: no-cache

14:09:48.404 [AsyncHttpClient-1-3] DEBUG org.asynchttpclient.netty.channel.ChannelManager - Adding key: http://localhost:26227 for channel [id: 0x785ef91f, L:/127.0.0.1:14193 - R:localhost/127.0.0.1:26227]
14:09:48.407 [Forwarding getCurrentUrl on session c854432cb0cbda9b25c23de431ac5b5c to remote] DEBUG org.asynchttpclient.netty.request.NettyRequestSender - Using pooled Channel '[id: 0x785ef91f, L:/127.0.0.1:14193 - R:localhost/127.0.0.1:26227]' for 'GET' to 'http://localhost:26227/session/c854432cb0cbda9b25c23de431ac5b5c/url'
14:09:48.407 [Forwarding getCurrentUrl on session c854432cb0cbda9b25c23de431ac5b5c to remote] DEBUG org.asynchttpclient.netty.request.NettyRequestSender - Using open Channel [id: 0x785ef91f, L:/127.0.0.1:14193 - R:localhost/127.0.0.1:26227] for GET '/session/c854432cb0cbda9b25c23de431ac5b5c/url'
14:09:48.411 [AsyncHttpClient-1-3] DEBUG org.asynchttpclient.netty.handler.HttpHandler - 

Request DefaultFullHttpRequest(decodeResult: success, version: HTTP/1.1, content: EmptyByteBufBE)
GET /session/c854432cb0cbda9b25c23de431ac5b5c/url HTTP/1.1
User-Agent: selenium/4.8.1 (java windows)
Cache-Control: no-cache
Content-Type: application/json; charset=utf-8
host: localhost:26227
accept: */*

Response DefaultHttpResponse(decodeResult: success, version: HTTP/1.1)
HTTP/1.1 200 OK
Content-Length: 64
Content-Type: application/json; charset=utf-8
cache-control: no-cache

14:09:48.412 [AsyncHttpClient-1-3] DEBUG org.asynchttpclient.netty.channel.ChannelManager - Adding key: http://localhost:26227 for channel [id: 0x785ef91f, L:/127.0.0.1:14193 - R:localhost/127.0.0.1:26227]
14:09:48.415 [Forwarding screenshot on session c854432cb0cbda9b25c23de431ac5b5c to remote] DEBUG org.asynchttpclient.netty.request.NettyRequestSender - Using pooled Channel '[id: 0x785ef91f, L:/127.0.0.1:14193 - R:localhost/127.0.0.1:26227]' for 'GET' to 'http://localhost:26227/session/c854432cb0cbda9b25c23de431ac5b5c/screenshot'
14:09:48.415 [Forwarding screenshot on session c854432cb0cbda9b25c23de431ac5b5c to remote] DEBUG org.asynchttpclient.netty.request.NettyRequestSender - Using open Channel [id: 0x785ef91f, L:/127.0.0.1:14193 - R:localhost/127.0.0.1:26227] for GET '/session/c854432cb0cbda9b25c23de431ac5b5c/screenshot'
14:09:48.536 [AsyncHttpClient-1-3] DEBUG org.asynchttpclient.netty.handler.HttpHandler - 

Request DefaultFullHttpRequest(decodeResult: success, version: HTTP/1.1, content: EmptyByteBufBE)
GET /session/c854432cb0cbda9b25c23de431ac5b5c/screenshot HTTP/1.1
User-Agent: selenium/4.8.1 (java windows)
Cache-Control: no-cache
Content-Type: application/json; charset=utf-8
host: localhost:26227
accept: */*

Response DefaultHttpResponse(decodeResult: success, version: HTTP/1.1)
HTTP/1.1 200 OK
Content-Length: 126880
Content-Type: application/json; charset=utf-8
cache-control: no-cache

14:09:48.537 [AsyncHttpClient-1-3] DEBUG org.asynchttpclient.netty.channel.ChannelManager - Adding key: http://localhost:26227 for channel [id: 0x785ef91f, L:/127.0.0.1:14193 - R:localhost/127.0.0.1:26227]
14:09:48.551 [main] DEBUG net.serenitybdd.core.photography.Darkroom - Send negative for processing for target\site\serenity\9ec64985c01a5d7457eb74c476de1babf70ca3704579374954728a8216b455ce.png
14:09:48.552 [main] DEBUG net.thucydides.core.steps.StepInterceptor - STEP DONE: inputEmail
  &amp#27;[32mWhen &amp#27;[0m&amp#27;[32mI input email&amp#27;[0m                               &amp#27;[90m# Starter.Stepdefitions.SigninSteps.inputEmail()&amp#27;[0m
14:09:48.569 [Forwarding getPageSource on session c854432cb0cbda9b25c23de431ac5b5c to remote] DEBUG org.asynchttpclient.netty.request.NettyRequestSender - Using pooled Channel '[id: 0x785ef91f, L:/127.0.0.1:14193 - R:localhost/127.0.0.1:26227]' for 'POST' to 'http://localhost:26227/session/c854432cb0cbda9b25c23de431ac5b5c/execute/sync'
14:09:48.569 [Forwarding getPageSource on session c854432cb0cbda9b25c23de431ac5b5c to remote] DEBUG org.asynchttpclient.netty.request.NettyRequestSender - Using open Channel [id: 0x785ef91f, L:/127.0.0.1:14193 - R:localhost/127.0.0.1:26227] for POST '/session/c854432cb0cbda9b25c23de431ac5b5c/execute/sync'
14:09:48.575 [AsyncHttpClient-1-3] DEBUG org.asynchttpclient.netty.handler.HttpHandler - 

Request DefaultHttpRequest(decodeResult: success, version: HTTP/1.1)
POST /session/c854432cb0cbda9b25c23de431ac5b5c/execute/sync HTTP/1.1
User-Agent: selenium/4.8.1 (java windows)
Content-Length: 176
Content-Type: application/json; charset=utf-8
host: localhost:26227
accept: */*

Response DefaultHttpResponse(decodeResult: success, version: HTTP/1.1)
HTTP/1.1 200 OK
Content-Length: 6025
Content-Type: application/json; charset=utf-8
cache-control: no-cache

14:09:48.575 [AsyncHttpClient-1-3] DEBUG org.asynchttpclient.netty.channel.ChannelManager - Adding key: http://localhost:26227 for channel [id: 0x785ef91f, L:/127.0.0.1:14193 - R:localhost/127.0.0.1:26227]
14:09:48.578 [Forwarding getCurrentUrl on session c854432cb0cbda9b25c23de431ac5b5c to remote] DEBUG org.asynchttpclient.netty.request.NettyRequestSender - Using pooled Channel '[id: 0x785ef91f, L:/127.0.0.1:14193 - R:localhost/127.0.0.1:26227]' for 'GET' to 'http://localhost:26227/session/c854432cb0cbda9b25c23de431ac5b5c/url'
14:09:48.578 [Forwarding getCurrentUrl on session c854432cb0cbda9b25c23de431ac5b5c to remote] DEBUG org.asynchttpclient.netty.request.NettyRequestSender - Using open Channel [id: 0x785ef91f, L:/127.0.0.1:14193 - R:localhost/127.0.0.1:26227] for GET '/session/c854432cb0cbda9b25c23de431ac5b5c/url'
14:09:48.585 [AsyncHttpClient-1-3] DEBUG org.asynchttpclient.netty.handler.HttpHandler - 

Request DefaultFullHttpRequest(decodeResult: success, version: HTTP/1.1, content: EmptyByteBufBE)
GET /session/c854432cb0cbda9b25c23de431ac5b5c/url HTTP/1.1
User-Agent: selenium/4.8.1 (java windows)
Cache-Control: no-cache
Content-Type: application/json; charset=utf-8
host: localhost:26227
accept: */*

Response DefaultHttpResponse(decodeResult: success, version: HTTP/1.1)
HTTP/1.1 200 OK
Content-Length: 64
Content-Type: application/json; charset=utf-8
cache-control: no-cache

14:09:48.585 [AsyncHttpClient-1-3] DEBUG org.asynchttpclient.netty.channel.ChannelManager - Adding key: http://localhost:26227 for channel [id: 0x785ef91f, L:/127.0.0.1:14193 - R:localhost/127.0.0.1:26227]
14:09:48.624 [Forwarding getAlertText on session c854432cb0cbda9b25c23de431ac5b5c to remote] DEBUG org.asynchttpclient.netty.request.NettyRequestSender - Using pooled Channel '[id: 0x785ef91f, L:/127.0.0.1:14193 - R:localhost/127.0.0.1:26227]' for 'GET' to 'http://localhost:26227/session/c854432cb0cbda9b25c23de431ac5b5c/alert/text'
14:09:48.625 [Forwarding getAlertText on session c854432cb0cbda9b25c23de431ac5b5c to remote] DEBUG org.asynchttpclient.netty.request.NettyRequestSender - Using open Channel [id: 0x785ef91f, L:/127.0.0.1:14193 - R:localhost/127.0.0.1:26227] for GET '/session/c854432cb0cbda9b25c23de431ac5b5c/alert/text'
14:09:48.635 [AsyncHttpClient-1-3] DEBUG org.asynchttpclient.netty.handler.HttpHandler - 

Request DefaultFullHttpRequest(decodeResult: success, version: HTTP/1.1, content: EmptyByteBufBE)
GET /session/c854432cb0cbda9b25c23de431ac5b5c/alert/text HTTP/1.1
User-Agent: selenium/4.8.1 (java windows)
Cache-Control: no-cache
Content-Type: application/json; charset=utf-8
host: localhost:26227
accept: */*

Response DefaultHttpResponse(decodeResult: success, version: HTTP/1.1)
HTTP/1.1 404 Not Found
Content-Length: 807
Content-Type: application/json; charset=utf-8
cache-control: no-cache

14:09:48.636 [AsyncHttpClient-1-3] DEBUG org.asynchttpclient.netty.channel.ChannelManager - Adding key: http://localhost:26227 for channel [id: 0x785ef91f, L:/127.0.0.1:14193 - R:localhost/127.0.0.1:26227]
14:09:48.639 [Forwarding getCurrentUrl on session c854432cb0cbda9b25c23de431ac5b5c to remote] DEBUG org.asynchttpclient.netty.request.NettyRequestSender - Using pooled Channel '[id: 0x785ef91f, L:/127.0.0.1:14193 - R:localhost/127.0.0.1:26227]' for 'GET' to 'http://localhost:26227/session/c854432cb0cbda9b25c23de431ac5b5c/url'
14:09:48.639 [Forwarding getCurrentUrl on session c854432cb0cbda9b25c23de431ac5b5c to remote] DEBUG org.asynchttpclient.netty.request.NettyRequestSender - Using open Channel [id: 0x785ef91f, L:/127.0.0.1:14193 - R:localhost/127.0.0.1:26227] for GET '/session/c854432cb0cbda9b25c23de431ac5b5c/url'
14:09:48.709 [AsyncHttpClient-1-3] DEBUG org.asynchttpclient.netty.handler.HttpHandler - 

Request DefaultFullHttpRequest(decodeResult: success, version: HTTP/1.1, content: EmptyByteBufBE)
GET /session/c854432cb0cbda9b25c23de431ac5b5c/url HTTP/1.1
User-Agent: selenium/4.8.1 (java windows)
Cache-Control: no-cache
Content-Type: application/json; charset=utf-8
host: localhost:26227
accept: */*

Response DefaultHttpResponse(decodeResult: success, version: HTTP/1.1)
HTTP/1.1 200 OK
Content-Length: 64
Content-Type: application/json; charset=utf-8
cache-control: no-cache

14:09:48.709 [AsyncHttpClient-1-3] DEBUG org.asynchttpclient.netty.channel.ChannelManager - Adding key: http://localhost:26227 for channel [id: 0x785ef91f, L:/127.0.0.1:14193 - R:localhost/127.0.0.1:26227]
14:09:48.710 [Forwarding screenshot on session c854432cb0cbda9b25c23de431ac5b5c to remote] DEBUG org.asynchttpclient.netty.request.NettyRequestSender - Using pooled Channel '[id: 0x785ef91f, L:/127.0.0.1:14193 - R:localhost/127.0.0.1:26227]' for 'GET' to 'http://localhost:26227/session/c854432cb0cbda9b25c23de431ac5b5c/screenshot'
14:09:48.710 [Forwarding screenshot on session c854432cb0cbda9b25c23de431ac5b5c to remote] DEBUG org.asynchttpclient.netty.request.NettyRequestSender - Using open Channel [id: 0x785ef91f, L:/127.0.0.1:14193 - R:localhost/127.0.0.1:26227] for GET '/session/c854432cb0cbda9b25c23de431ac5b5c/screenshot'
14:09:48.812 [AsyncHttpClient-1-3] DEBUG org.asynchttpclient.netty.handler.HttpHandler - 

Request DefaultFullHttpRequest(decodeResult: success, version: HTTP/1.1, content: EmptyByteBufBE)
GET /session/c854432cb0cbda9b25c23de431ac5b5c/screenshot HTTP/1.1
User-Agent: selenium/4.8.1 (java windows)
Cache-Control: no-cache
Content-Type: application/json; charset=utf-8
host: localhost:26227
accept: */*

Response DefaultHttpResponse(decodeResult: success, version: HTTP/1.1)
HTTP/1.1 200 OK
Content-Length: 126880
Content-Type: application/json; charset=utf-8
cache-control: no-cache

14:09:48.813 [AsyncHttpClient-1-3] DEBUG org.asynchttpclient.netty.channel.ChannelManager - Adding key: http://localhost:26227 for channel [id: 0x785ef91f, L:/127.0.0.1:14193 - R:localhost/127.0.0.1:26227]
14:09:48.821 [main] DEBUG net.serenitybdd.core.photography.Darkroom - Send negative for processing for target\site\serenity\9ec64985c01a5d7457eb74c476de1babf70ca3704579374954728a8216b455ce.png
14:09:48.824 [Forwarding getPageSource on session c854432cb0cbda9b25c23de431ac5b5c to remote] DEBUG org.asynchttpclient.netty.request.NettyRequestSender - Using pooled Channel '[id: 0x785ef91f, L:/127.0.0.1:14193 - R:localhost/127.0.0.1:26227]' for 'POST' to 'http://localhost:26227/session/c854432cb0cbda9b25c23de431ac5b5c/execute/sync'
14:09:48.824 [Forwarding getPageSource on session c854432cb0cbda9b25c23de431ac5b5c to remote] DEBUG org.asynchttpclient.netty.request.NettyRequestSender - Using open Channel [id: 0x785ef91f, L:/127.0.0.1:14193 - R:localhost/127.0.0.1:26227] for POST '/session/c854432cb0cbda9b25c23de431ac5b5c/execute/sync'
14:09:48.830 [AsyncHttpClient-1-3] DEBUG org.asynchttpclient.netty.handler.HttpHandler - 

Request DefaultHttpRequest(decodeResult: success, version: HTTP/1.1)
POST /session/c854432cb0cbda9b25c23de431ac5b5c/execute/sync HTTP/1.1
User-Agent: selenium/4.8.1 (java windows)
Content-Length: 176
Content-Type: application/json; charset=utf-8
host: localhost:26227
accept: */*

Response DefaultHttpResponse(decodeResult: success, version: HTTP/1.1)
HTTP/1.1 200 OK
Content-Length: 6025
Content-Type: application/json; charset=utf-8
cache-control: no-cache

14:09:48.830 [AsyncHttpClient-1-3] DEBUG org.asynchttpclient.netty.channel.ChannelManager - Adding key: http://localhost:26227 for channel [id: 0x785ef91f, L:/127.0.0.1:14193 - R:localhost/127.0.0.1:26227]
14:09:48.833 [Forwarding getCurrentUrl on session c854432cb0cbda9b25c23de431ac5b5c to remote] DEBUG org.asynchttpclient.netty.request.NettyRequestSender - Using pooled Channel '[id: 0x785ef91f, L:/127.0.0.1:14193 - R:localhost/127.0.0.1:26227]' for 'GET' to 'http://localhost:26227/session/c854432cb0cbda9b25c23de431ac5b5c/url'
14:09:48.833 [Forwarding getCurrentUrl on session c854432cb0cbda9b25c23de431ac5b5c to remote] DEBUG org.asynchttpclient.netty.request.NettyRequestSender - Using open Channel [id: 0x785ef91f, L:/127.0.0.1:14193 - R:localhost/127.0.0.1:26227] for GET '/session/c854432cb0cbda9b25c23de431ac5b5c/url'
14:09:48.838 [AsyncHttpClient-1-3] DEBUG org.asynchttpclient.netty.handler.HttpHandler - 

Request DefaultFullHttpRequest(decodeResult: success, version: HTTP/1.1, content: EmptyByteBufBE)
GET /session/c854432cb0cbda9b25c23de431ac5b5c/url HTTP/1.1
User-Agent: selenium/4.8.1 (java windows)
Cache-Control: no-cache
Content-Type: application/json; charset=utf-8
host: localhost:26227
accept: */*

Response DefaultHttpResponse(decodeResult: success, version: HTTP/1.1)
HTTP/1.1 200 OK
Content-Length: 64
Content-Type: application/json; charset=utf-8
cache-control: no-cache

14:09:48.838 [AsyncHttpClient-1-3] DEBUG org.asynchttpclient.netty.channel.ChannelManager - Adding key: http://localhost:26227 for channel [id: 0x785ef91f, L:/127.0.0.1:14193 - R:localhost/127.0.0.1:26227]
14:09:48.841 [main] DEBUG net.thucydides.core.steps.StepInterceptor - STARTING STEP: SigninSteps.inputPassword - inputPassword
14:09:48.847 [Forwarding findElement on session c854432cb0cbda9b25c23de431ac5b5c to remote] DEBUG org.asynchttpclient.netty.request.NettyRequestSender - Using pooled Channel '[id: 0x785ef91f, L:/127.0.0.1:14193 - R:localhost/127.0.0.1:26227]' for 'POST' to 'http://localhost:26227/session/c854432cb0cbda9b25c23de431ac5b5c/element'
14:09:48.847 [Forwarding findElement on session c854432cb0cbda9b25c23de431ac5b5c to remote] DEBUG org.asynchttpclient.netty.request.NettyRequestSender - Using open Channel [id: 0x785ef91f, L:/127.0.0.1:14193 - R:localhost/127.0.0.1:26227] for POST '/session/c854432cb0cbda9b25c23de431ac5b5c/element'
14:09:48.862 [AsyncHttpClient-1-3] DEBUG org.asynchttpclient.netty.handler.HttpHandler - 

Request DefaultHttpRequest(decodeResult: success, version: HTTP/1.1)
POST /session/c854432cb0cbda9b25c23de431ac5b5c/element HTTP/1.1
User-Agent: selenium/4.8.1 (java windows)
Content-Length: 70
Content-Type: application/json; charset=utf-8
host: localhost:26227
accept: */*

Response DefaultHttpResponse(decodeResult: success, version: HTTP/1.1)
HTTP/1.1 200 OK
Content-Length: 95
Content-Type: application/json; charset=utf-8
cache-control: no-cache

14:09:48.862 [AsyncHttpClient-1-3] DEBUG org.asynchttpclient.netty.channel.ChannelManager - Adding key: http://localhost:26227 for channel [id: 0x785ef91f, L:/127.0.0.1:14193 - R:localhost/127.0.0.1:26227]
14:09:48.864 [Forwarding clearElement on session c854432cb0cbda9b25c23de431ac5b5c to remote] DEBUG org.asynchttpclient.netty.request.NettyRequestSender - Using pooled Channel '[id: 0x785ef91f, L:/127.0.0.1:14193 - R:localhost/127.0.0.1:26227]' for 'POST' to 'http://localhost:26227/session/c854432cb0cbda9b25c23de431ac5b5c/element/94936E7EB8D87A49075814675E01B12A_element_13/clear'
14:09:48.864 [Forwarding clearElement on session c854432cb0cbda9b25c23de431ac5b5c to remote] DEBUG org.asynchttpclient.netty.request.NettyRequestSender - Using open Channel [id: 0x785ef91f, L:/127.0.0.1:14193 - R:localhost/127.0.0.1:26227] for POST '/session/c854432cb0cbda9b25c23de431ac5b5c/element/94936E7EB8D87A49075814675E01B12A_element_13/clear'
14:09:48.895 [AsyncHttpClient-1-3] DEBUG org.asynchttpclient.netty.handler.HttpHandler - 

Request DefaultHttpRequest(decodeResult: success, version: HTTP/1.1)
POST /session/c854432cb0cbda9b25c23de431ac5b5c/element/94936E7EB8D87A49075814675E01B12A_element_13/clear HTTP/1.1
User-Agent: selenium/4.8.1 (java windows)
Content-Length: 57
Content-Type: application/json; charset=utf-8
host: localhost:26227
accept: */*

Response DefaultHttpResponse(decodeResult: success, version: HTTP/1.1)
HTTP/1.1 200 OK
Content-Length: 14
Content-Type: application/json; charset=utf-8
cache-control: no-cache

14:09:48.895 [AsyncHttpClient-1-3] DEBUG org.asynchttpclient.netty.channel.ChannelManager - Adding key: http://localhost:26227 for channel [id: 0x785ef91f, L:/127.0.0.1:14193 - R:localhost/127.0.0.1:26227]
14:09:48.898 [Forwarding sendKeysToElement on session c854432cb0cbda9b25c23de431ac5b5c to remote] DEBUG org.asynchttpclient.netty.request.NettyRequestSender - Using pooled Channel '[id: 0x785ef91f, L:/127.0.0.1:14193 - R:localhost/127.0.0.1:26227]' for 'POST' to 'http://localhost:26227/session/c854432cb0cbda9b25c23de431ac5b5c/element/94936E7EB8D87A49075814675E01B12A_element_13/value'
14:09:48.898 [Forwarding sendKeysToElement on session c854432cb0cbda9b25c23de431ac5b5c to remote] DEBUG org.asynchttpclient.netty.request.NettyRequestSender - Using open Channel [id: 0x785ef91f, L:/127.0.0.1:14193 - R:localhost/127.0.0.1:26227] for POST '/session/c854432cb0cbda9b25c23de431ac5b5c/element/94936E7EB8D87A49075814675E01B12A_element_13/value'
14:09:48.999 [AsyncHttpClient-1-1] DEBUG org.asynchttpclient.netty.channel.DefaultChannelPool - Entry count for : http://localhost:14194 : 1
14:09:49.149 [AsyncHttpClient-1-3] DEBUG org.asynchttpclient.netty.handler.HttpHandler - 

Request DefaultHttpRequest(decodeResult: success, version: HTTP/1.1)
POST /session/c854432cb0cbda9b25c23de431ac5b5c/element/94936E7EB8D87A49075814675E01B12A_element_13/value HTTP/1.1
User-Agent: selenium/4.8.1 (java windows)
Content-Length: 198
Content-Type: application/json; charset=utf-8
host: localhost:26227
accept: */*

Response DefaultHttpResponse(decodeResult: success, version: HTTP/1.1)
HTTP/1.1 200 OK
Content-Length: 14
Content-Type: application/json; charset=utf-8
cache-control: no-cache

14:09:49.149 [AsyncHttpClient-1-3] DEBUG org.asynchttpclient.netty.channel.ChannelManager - Adding key: http://localhost:26227 for channel [id: 0x785ef91f, L:/127.0.0.1:14193 - R:localhost/127.0.0.1:26227]
14:09:49.165 [Forwarding getAlertText on session c854432cb0cbda9b25c23de431ac5b5c to remote] DEBUG org.asynchttpclient.netty.request.NettyRequestSender - Using pooled Channel '[id: 0x785ef91f, L:/127.0.0.1:14193 - R:localhost/127.0.0.1:26227]' for 'GET' to 'http://localhost:26227/session/c854432cb0cbda9b25c23de431ac5b5c/alert/text'
14:09:49.165 [Forwarding getAlertText on session c854432cb0cbda9b25c23de431ac5b5c to remote] DEBUG org.asynchttpclient.netty.request.NettyRequestSender - Using open Channel [id: 0x785ef91f, L:/127.0.0.1:14193 - R:localhost/127.0.0.1:26227] for GET '/session/c854432cb0cbda9b25c23de431ac5b5c/alert/text'
14:09:49.167 [AsyncHttpClient-1-3] DEBUG org.asynchttpclient.netty.handler.HttpHandler - 

Request DefaultFullHttpRequest(decodeResult: success, version: HTTP/1.1, content: EmptyByteBufBE)
GET /session/c854432cb0cbda9b25c23de431ac5b5c/alert/text HTTP/1.1
User-Agent: selenium/4.8.1 (java windows)
Cache-Control: no-cache
Content-Type: application/json; charset=utf-8
host: localhost:26227
accept: */*

Response DefaultHttpResponse(decodeResult: success, version: HTTP/1.1)
HTTP/1.1 404 Not Found
Content-Length: 807
Content-Type: application/json; charset=utf-8
cache-control: no-cache

14:09:49.168 [AsyncHttpClient-1-3] DEBUG org.asynchttpclient.netty.channel.ChannelManager - Adding key: http://localhost:26227 for channel [id: 0x785ef91f, L:/127.0.0.1:14193 - R:localhost/127.0.0.1:26227]
14:09:49.169 [Forwarding getCurrentUrl on session c854432cb0cbda9b25c23de431ac5b5c to remote] DEBUG org.asynchttpclient.netty.request.NettyRequestSender - Using pooled Channel '[id: 0x785ef91f, L:/127.0.0.1:14193 - R:localhost/127.0.0.1:26227]' for 'GET' to 'http://localhost:26227/session/c854432cb0cbda9b25c23de431ac5b5c/url'
14:09:49.169 [Forwarding getCurrentUrl on session c854432cb0cbda9b25c23de431ac5b5c to remote] DEBUG org.asynchttpclient.netty.request.NettyRequestSender - Using open Channel [id: 0x785ef91f, L:/127.0.0.1:14193 - R:localhost/127.0.0.1:26227] for GET '/session/c854432cb0cbda9b25c23de431ac5b5c/url'
14:09:49.176 [AsyncHttpClient-1-3] DEBUG org.asynchttpclient.netty.handler.HttpHandler - 

Request DefaultFullHttpRequest(decodeResult: success, version: HTTP/1.1, content: EmptyByteBufBE)
GET /session/c854432cb0cbda9b25c23de431ac5b5c/url HTTP/1.1
User-Agent: selenium/4.8.1 (java windows)
Cache-Control: no-cache
Content-Type: application/json; charset=utf-8
host: localhost:26227
accept: */*

Response DefaultHttpResponse(decodeResult: success, version: HTTP/1.1)
HTTP/1.1 200 OK
Content-Length: 64
Content-Type: application/json; charset=utf-8
cache-control: no-cache

14:09:49.176 [AsyncHttpClient-1-3] DEBUG org.asynchttpclient.netty.channel.ChannelManager - Adding key: http://localhost:26227 for channel [id: 0x785ef91f, L:/127.0.0.1:14193 - R:localhost/127.0.0.1:26227]
14:09:49.177 [Forwarding screenshot on session c854432cb0cbda9b25c23de431ac5b5c to remote] DEBUG org.asynchttpclient.netty.request.NettyRequestSender - Using pooled Channel '[id: 0x785ef91f, L:/127.0.0.1:14193 - R:localhost/127.0.0.1:26227]' for 'GET' to 'http://localhost:26227/session/c854432cb0cbda9b25c23de431ac5b5c/screenshot'
14:09:49.177 [Forwarding screenshot on session c854432cb0cbda9b25c23de431ac5b5c to remote] DEBUG org.asynchttpclient.netty.request.NettyRequestSender - Using open Channel [id: 0x785ef91f, L:/127.0.0.1:14193 - R:localhost/127.0.0.1:26227] for GET '/session/c854432cb0cbda9b25c23de431ac5b5c/screenshot'
14:09:49.297 [AsyncHttpClient-1-3] DEBUG org.asynchttpclient.netty.handler.HttpHandler - 

Request DefaultFullHttpRequest(decodeResult: success, version: HTTP/1.1, content: EmptyByteBufBE)
GET /session/c854432cb0cbda9b25c23de431ac5b5c/screenshot HTTP/1.1
User-Agent: selenium/4.8.1 (java windows)
Cache-Control: no-cache
Content-Type: application/json; charset=utf-8
host: localhost:26227
accept: */*

Response DefaultHttpResponse(decodeResult: success, version: HTTP/1.1)
HTTP/1.1 200 OK
Content-Length: 124768
Content-Type: application/json; charset=utf-8
cache-control: no-cache

14:09:49.298 [AsyncHttpClient-1-3] DEBUG org.asynchttpclient.netty.channel.ChannelManager - Adding key: http://localhost:26227 for channel [id: 0x785ef91f, L:/127.0.0.1:14193 - R:localhost/127.0.0.1:26227]
14:09:49.307 [main] DEBUG net.serenitybdd.core.photography.Darkroom - Send negative for processing for target\site\serenity\a482bc7bd961aca5e94723349c45a43c2640dfe964600ce63e970df6c5797a73.png
14:09:49.307 [main] DEBUG net.thucydides.core.steps.StepInterceptor - STEP DONE: inputPassword
  &amp#27;[32mAnd &amp#27;[0m&amp#27;[32mI input password&amp#27;[0m                             &amp#27;[90m# Starter.Stepdefitions.SigninSteps.inputPassword()&amp#27;[0m
14:09:49.330 [Forwarding getPageSource on session c854432cb0cbda9b25c23de431ac5b5c to remote] DEBUG org.asynchttpclient.netty.request.NettyRequestSender - Using pooled Channel '[id: 0x785ef91f, L:/127.0.0.1:14193 - R:localhost/127.0.0.1:26227]' for 'POST' to 'http://localhost:26227/session/c854432cb0cbda9b25c23de431ac5b5c/execute/sync'
14:09:49.330 [Forwarding getPageSource on session c854432cb0cbda9b25c23de431ac5b5c to remote] DEBUG org.asynchttpclient.netty.request.NettyRequestSender - Using open Channel [id: 0x785ef91f, L:/127.0.0.1:14193 - R:localhost/127.0.0.1:26227] for POST '/session/c854432cb0cbda9b25c23de431ac5b5c/execute/sync'
14:09:49.336 [AsyncHttpClient-1-3] DEBUG org.asynchttpclient.netty.handler.HttpHandler - 

Request DefaultHttpRequest(decodeResult: success, version: HTTP/1.1)
POST /session/c854432cb0cbda9b25c23de431ac5b5c/execute/sync HTTP/1.1
User-Agent: selenium/4.8.1 (java windows)
Content-Length: 176
Content-Type: application/json; charset=utf-8
host: localhost:26227
accept: */*

Response DefaultHttpResponse(decodeResult: success, version: HTTP/1.1)
HTTP/1.1 200 OK
Content-Length: 6036
Content-Type: application/json; charset=utf-8
cache-control: no-cache

14:09:49.336 [AsyncHttpClient-1-3] DEBUG org.asynchttpclient.netty.channel.ChannelManager - Adding key: http://localhost:26227 for channel [id: 0x785ef91f, L:/127.0.0.1:14193 - R:localhost/127.0.0.1:26227]
14:09:49.339 [Forwarding getCurrentUrl on session c854432cb0cbda9b25c23de431ac5b5c to remote] DEBUG org.asynchttpclient.netty.request.NettyRequestSender - Using pooled Channel '[id: 0x785ef91f, L:/127.0.0.1:14193 - R:localhost/127.0.0.1:26227]' for 'GET' to 'http://localhost:26227/session/c854432cb0cbda9b25c23de431ac5b5c/url'
14:09:49.339 [Forwarding getCurrentUrl on session c854432cb0cbda9b25c23de431ac5b5c to remote] DEBUG org.asynchttpclient.netty.request.NettyRequestSender - Using open Channel [id: 0x785ef91f, L:/127.0.0.1:14193 - R:localhost/127.0.0.1:26227] for GET '/session/c854432cb0cbda9b25c23de431ac5b5c/url'
14:09:49.344 [AsyncHttpClient-1-3] DEBUG org.asynchttpclient.netty.handler.HttpHandler - 

Request DefaultFullHttpRequest(decodeResult: success, version: HTTP/1.1, content: EmptyByteBufBE)
GET /session/c854432cb0cbda9b25c23de431ac5b5c/url HTTP/1.1
User-Agent: selenium/4.8.1 (java windows)
Cache-Control: no-cache
Content-Type: application/json; charset=utf-8
host: localhost:26227
accept: */*

Response DefaultHttpResponse(decodeResult: success, version: HTTP/1.1)
HTTP/1.1 200 OK
Content-Length: 64
Content-Type: application/json; charset=utf-8
cache-control: no-cache

14:09:49.344 [AsyncHttpClient-1-3] DEBUG org.asynchttpclient.netty.channel.ChannelManager - Adding key: http://localhost:26227 for channel [id: 0x785ef91f, L:/127.0.0.1:14193 - R:localhost/127.0.0.1:26227]
14:09:49.362 [Forwarding getAlertText on session c854432cb0cbda9b25c23de431ac5b5c to remote] DEBUG org.asynchttpclient.netty.request.NettyRequestSender - Using pooled Channel '[id: 0x785ef91f, L:/127.0.0.1:14193 - R:localhost/127.0.0.1:26227]' for 'GET' to 'http://localhost:26227/session/c854432cb0cbda9b25c23de431ac5b5c/alert/text'
14:09:49.362 [Forwarding getAlertText on session c854432cb0cbda9b25c23de431ac5b5c to remote] DEBUG org.asynchttpclient.netty.request.NettyRequestSender - Using open Channel [id: 0x785ef91f, L:/127.0.0.1:14193 - R:localhost/127.0.0.1:26227] for GET '/session/c854432cb0cbda9b25c23de431ac5b5c/alert/text'
14:09:49.364 [AsyncHttpClient-1-3] DEBUG org.asynchttpclient.netty.handler.HttpHandler - 

Request DefaultFullHttpRequest(decodeResult: success, version: HTTP/1.1, content: EmptyByteBufBE)
GET /session/c854432cb0cbda9b25c23de431ac5b5c/alert/text HTTP/1.1
User-Agent: selenium/4.8.1 (java windows)
Cache-Control: no-cache
Content-Type: application/json; charset=utf-8
host: localhost:26227
accept: */*

Response DefaultHttpResponse(decodeResult: success, version: HTTP/1.1)
HTTP/1.1 404 Not Found
Content-Length: 807
Content-Type: application/json; charset=utf-8
cache-control: no-cache

14:09:49.364 [AsyncHttpClient-1-3] DEBUG org.asynchttpclient.netty.channel.ChannelManager - Adding key: http://localhost:26227 for channel [id: 0x785ef91f, L:/127.0.0.1:14193 - R:localhost/127.0.0.1:26227]
14:09:49.365 [Forwarding getCurrentUrl on session c854432cb0cbda9b25c23de431ac5b5c to remote] DEBUG org.asynchttpclient.netty.request.NettyRequestSender - Using pooled Channel '[id: 0x785ef91f, L:/127.0.0.1:14193 - R:localhost/127.0.0.1:26227]' for 'GET' to 'http://localhost:26227/session/c854432cb0cbda9b25c23de431ac5b5c/url'
14:09:49.366 [Forwarding getCurrentUrl on session c854432cb0cbda9b25c23de431ac5b5c to remote] DEBUG org.asynchttpclient.netty.request.NettyRequestSender - Using open Channel [id: 0x785ef91f, L:/127.0.0.1:14193 - R:localhost/127.0.0.1:26227] for GET '/session/c854432cb0cbda9b25c23de431ac5b5c/url'
14:09:49.370 [AsyncHttpClient-1-3] DEBUG org.asynchttpclient.netty.handler.HttpHandler - 

Request DefaultFullHttpRequest(decodeResult: success, version: HTTP/1.1, content: EmptyByteBufBE)
GET /session/c854432cb0cbda9b25c23de431ac5b5c/url HTTP/1.1
User-Agent: selenium/4.8.1 (java windows)
Cache-Control: no-cache
Content-Type: application/json; charset=utf-8
host: localhost:26227
accept: */*

Response DefaultHttpResponse(decodeResult: success, version: HTTP/1.1)
HTTP/1.1 200 OK
Content-Length: 64
Content-Type: application/json; charset=utf-8
cache-control: no-cache

14:09:49.371 [AsyncHttpClient-1-3] DEBUG org.asynchttpclient.netty.channel.ChannelManager - Adding key: http://localhost:26227 for channel [id: 0x785ef91f, L:/127.0.0.1:14193 - R:localhost/127.0.0.1:26227]
14:09:49.372 [Forwarding screenshot on session c854432cb0cbda9b25c23de431ac5b5c to remote] DEBUG org.asynchttpclient.netty.request.NettyRequestSender - Using pooled Channel '[id: 0x785ef91f, L:/127.0.0.1:14193 - R:localhost/127.0.0.1:26227]' for 'GET' to 'http://localhost:26227/session/c854432cb0cbda9b25c23de431ac5b5c/screenshot'
14:09:49.373 [Forwarding screenshot on session c854432cb0cbda9b25c23de431ac5b5c to remote] DEBUG org.asynchttpclient.netty.request.NettyRequestSender - Using open Channel [id: 0x785ef91f, L:/127.0.0.1:14193 - R:localhost/127.0.0.1:26227] for GET '/session/c854432cb0cbda9b25c23de431ac5b5c/screenshot'
14:09:49.485 [AsyncHttpClient-1-3] DEBUG org.asynchttpclient.netty.handler.HttpHandler - 

Request DefaultFullHttpRequest(decodeResult: success, version: HTTP/1.1, content: EmptyByteBufBE)
GET /session/c854432cb0cbda9b25c23de431ac5b5c/screenshot HTTP/1.1
User-Agent: selenium/4.8.1 (java windows)
Cache-Control: no-cache
Content-Type: application/json; charset=utf-8
host: localhost:26227
accept: */*

Response DefaultHttpResponse(decodeResult: success, version: HTTP/1.1)
HTTP/1.1 200 OK
Content-Length: 124768
Content-Type: application/json; charset=utf-8
cache-control: no-cache

14:09:49.486 [AsyncHttpClient-1-3] DEBUG org.asynchttpclient.netty.channel.ChannelManager - Adding key: http://localhost:26227 for channel [id: 0x785ef91f, L:/127.0.0.1:14193 - R:localhost/127.0.0.1:26227]
14:09:49.497 [main] DEBUG net.serenitybdd.core.photography.Darkroom - Send negative for processing for target\site\serenity\a482bc7bd961aca5e94723349c45a43c2640dfe964600ce63e970df6c5797a73.png
14:09:49.499 [Forwarding getPageSource on session c854432cb0cbda9b25c23de431ac5b5c to remote] DEBUG org.asynchttpclient.netty.request.NettyRequestSender - Using pooled Channel '[id: 0x785ef91f, L:/127.0.0.1:14193 - R:localhost/127.0.0.1:26227]' for 'POST' to 'http://localhost:26227/session/c854432cb0cbda9b25c23de431ac5b5c/execute/sync'
14:09:49.500 [Forwarding getPageSource on session c854432cb0cbda9b25c23de431ac5b5c to remote] DEBUG org.asynchttpclient.netty.request.NettyRequestSender - Using open Channel [id: 0x785ef91f, L:/127.0.0.1:14193 - R:localhost/127.0.0.1:26227] for POST '/session/c854432cb0cbda9b25c23de431ac5b5c/execute/sync'
14:09:49.506 [AsyncHttpClient-1-3] DEBUG org.asynchttpclient.netty.handler.HttpHandler - 

Request DefaultHttpRequest(decodeResult: success, version: HTTP/1.1)
POST /session/c854432cb0cbda9b25c23de431ac5b5c/execute/sync HTTP/1.1
User-Agent: selenium/4.8.1 (java windows)
Content-Length: 176
Content-Type: application/json; charset=utf-8
host: localhost:26227
accept: */*

Response DefaultHttpResponse(decodeResult: success, version: HTTP/1.1)
HTTP/1.1 200 OK
Content-Length: 6036
Content-Type: application/json; charset=utf-8
cache-control: no-cache

14:09:49.507 [AsyncHttpClient-1-3] DEBUG org.asynchttpclient.netty.channel.ChannelManager - Adding key: http://localhost:26227 for channel [id: 0x785ef91f, L:/127.0.0.1:14193 - R:localhost/127.0.0.1:26227]
14:09:49.510 [Forwarding getCurrentUrl on session c854432cb0cbda9b25c23de431ac5b5c to remote] DEBUG org.asynchttpclient.netty.request.NettyRequestSender - Using pooled Channel '[id: 0x785ef91f, L:/127.0.0.1:14193 - R:localhost/127.0.0.1:26227]' for 'GET' to 'http://localhost:26227/session/c854432cb0cbda9b25c23de431ac5b5c/url'
14:09:49.510 [Forwarding getCurrentUrl on session c854432cb0cbda9b25c23de431ac5b5c to remote] DEBUG org.asynchttpclient.netty.request.NettyRequestSender - Using open Channel [id: 0x785ef91f, L:/127.0.0.1:14193 - R:localhost/127.0.0.1:26227] for GET '/session/c854432cb0cbda9b25c23de431ac5b5c/url'
14:09:49.515 [AsyncHttpClient-1-3] DEBUG org.asynchttpclient.netty.handler.HttpHandler - 

Request DefaultFullHttpRequest(decodeResult: success, version: HTTP/1.1, content: EmptyByteBufBE)
GET /session/c854432cb0cbda9b25c23de431ac5b5c/url HTTP/1.1
User-Agent: selenium/4.8.1 (java windows)
Cache-Control: no-cache
Content-Type: application/json; charset=utf-8
host: localhost:26227
accept: */*

Response DefaultHttpResponse(decodeResult: success, version: HTTP/1.1)
HTTP/1.1 200 OK
Content-Length: 64
Content-Type: application/json; charset=utf-8
cache-control: no-cache

14:09:49.516 [AsyncHttpClient-1-3] DEBUG org.asynchttpclient.netty.channel.ChannelManager - Adding key: http://localhost:26227 for channel [id: 0x785ef91f, L:/127.0.0.1:14193 - R:localhost/127.0.0.1:26227]
14:09:49.518 [main] DEBUG net.thucydides.core.steps.StepInterceptor - STARTING STEP: SigninSteps.clickLogin - clickLoginButton
14:09:49.527 [Forwarding findElement on session c854432cb0cbda9b25c23de431ac5b5c to remote] DEBUG org.asynchttpclient.netty.request.NettyRequestSender - Using pooled Channel '[id: 0x785ef91f, L:/127.0.0.1:14193 - R:localhost/127.0.0.1:26227]' for 'POST' to 'http://localhost:26227/session/c854432cb0cbda9b25c23de431ac5b5c/element'
14:09:49.528 [Forwarding findElement on session c854432cb0cbda9b25c23de431ac5b5c to remote] DEBUG org.asynchttpclient.netty.request.NettyRequestSender - Using open Channel [id: 0x785ef91f, L:/127.0.0.1:14193 - R:localhost/127.0.0.1:26227] for POST '/session/c854432cb0cbda9b25c23de431ac5b5c/element'
14:09:49.547 [AsyncHttpClient-1-3] DEBUG org.asynchttpclient.netty.handler.HttpHandler - 

Request DefaultHttpRequest(decodeResult: success, version: HTTP/1.1)
POST /session/c854432cb0cbda9b25c23de431ac5b5c/element HTTP/1.1
User-Agent: selenium/4.8.1 (java windows)
Content-Length: 69
Content-Type: application/json; charset=utf-8
host: localhost:26227
accept: */*

Response DefaultHttpResponse(decodeResult: success, version: HTTP/1.1)
HTTP/1.1 200 OK
Content-Length: 95
Content-Type: application/json; charset=utf-8
cache-control: no-cache

14:09:49.547 [AsyncHttpClient-1-3] DEBUG org.asynchttpclient.netty.channel.ChannelManager - Adding key: http://localhost:26227 for channel [id: 0x785ef91f, L:/127.0.0.1:14193 - R:localhost/127.0.0.1:26227]
14:09:49.550 [Forwarding getElementTagName on session c854432cb0cbda9b25c23de431ac5b5c to remote] DEBUG org.asynchttpclient.netty.request.NettyRequestSender - Using pooled Channel '[id: 0x785ef91f, L:/127.0.0.1:14193 - R:localhost/127.0.0.1:26227]' for 'GET' to 'http://localhost:26227/session/c854432cb0cbda9b25c23de431ac5b5c/element/94936E7EB8D87A49075814675E01B12A_element_18/name'
14:09:49.550 [Forwarding getElementTagName on session c854432cb0cbda9b25c23de431ac5b5c to remote] DEBUG org.asynchttpclient.netty.request.NettyRequestSender - Using open Channel [id: 0x785ef91f, L:/127.0.0.1:14193 - R:localhost/127.0.0.1:26227] for GET '/session/c854432cb0cbda9b25c23de431ac5b5c/element/94936E7EB8D87A49075814675E01B12A_element_18/name'
14:09:49.558 [AsyncHttpClient-1-3] DEBUG org.asynchttpclient.netty.handler.HttpHandler - 

Request DefaultFullHttpRequest(decodeResult: success, version: HTTP/1.1, content: EmptyByteBufBE)
GET /session/c854432cb0cbda9b25c23de431ac5b5c/element/94936E7EB8D87A49075814675E01B12A_element_18/name HTTP/1.1
User-Agent: selenium/4.8.1 (java windows)
Cache-Control: no-cache
Content-Type: application/json; charset=utf-8
host: localhost:26227
accept: */*

Response DefaultHttpResponse(decodeResult: success, version: HTTP/1.1)
HTTP/1.1 200 OK
Content-Length: 18
Content-Type: application/json; charset=utf-8
cache-control: no-cache

14:09:49.558 [AsyncHttpClient-1-3] DEBUG org.asynchttpclient.netty.channel.ChannelManager - Adding key: http://localhost:26227 for channel [id: 0x785ef91f, L:/127.0.0.1:14193 - R:localhost/127.0.0.1:26227]
14:09:49.561 [Forwarding getElementTagName on session c854432cb0cbda9b25c23de431ac5b5c to remote] DEBUG org.asynchttpclient.netty.request.NettyRequestSender - Using pooled Channel '[id: 0x785ef91f, L:/127.0.0.1:14193 - R:localhost/127.0.0.1:26227]' for 'GET' to 'http://localhost:26227/session/c854432cb0cbda9b25c23de431ac5b5c/element/94936E7EB8D87A49075814675E01B12A_element_18/name'
14:09:49.561 [Forwarding getElementTagName on session c854432cb0cbda9b25c23de431ac5b5c to remote] DEBUG org.asynchttpclient.netty.request.NettyRequestSender - Using open Channel [id: 0x785ef91f, L:/127.0.0.1:14193 - R:localhost/127.0.0.1:26227] for GET '/session/c854432cb0cbda9b25c23de431ac5b5c/element/94936E7EB8D87A49075814675E01B12A_element_18/name'
14:09:49.567 [AsyncHttpClient-1-3] DEBUG org.asynchttpclient.netty.handler.HttpHandler - 

Request DefaultFullHttpRequest(decodeResult: success, version: HTTP/1.1, content: EmptyByteBufBE)
GET /session/c854432cb0cbda9b25c23de431ac5b5c/element/94936E7EB8D87A49075814675E01B12A_element_18/name HTTP/1.1
User-Agent: selenium/4.8.1 (java windows)
Cache-Control: no-cache
Content-Type: application/json; charset=utf-8
host: localhost:26227
accept: */*

Response DefaultHttpResponse(decodeResult: success, version: HTTP/1.1)
HTTP/1.1 200 OK
Content-Length: 18
Content-Type: application/json; charset=utf-8
cache-control: no-cache

14:09:49.567 [AsyncHttpClient-1-3] DEBUG org.asynchttpclient.netty.channel.ChannelManager - Adding key: http://localhost:26227 for channel [id: 0x785ef91f, L:/127.0.0.1:14193 - R:localhost/127.0.0.1:26227]
14:09:49.573 [Forwarding isElementEnabled on session c854432cb0cbda9b25c23de431ac5b5c to remote] DEBUG org.asynchttpclient.netty.request.NettyRequestSender - Using pooled Channel '[id: 0x785ef91f, L:/127.0.0.1:14193 - R:localhost/127.0.0.1:26227]' for 'GET' to 'http://localhost:26227/session/c854432cb0cbda9b25c23de431ac5b5c/element/94936E7EB8D87A49075814675E01B12A_element_18/enabled'
14:09:49.573 [Forwarding isElementEnabled on session c854432cb0cbda9b25c23de431ac5b5c to remote] DEBUG org.asynchttpclient.netty.request.NettyRequestSender - Using open Channel [id: 0x785ef91f, L:/127.0.0.1:14193 - R:localhost/127.0.0.1:26227] for GET '/session/c854432cb0cbda9b25c23de431ac5b5c/element/94936E7EB8D87A49075814675E01B12A_element_18/enabled'
14:09:49.582 [AsyncHttpClient-1-3] DEBUG org.asynchttpclient.netty.handler.HttpHandler - 

Request DefaultFullHttpRequest(decodeResult: success, version: HTTP/1.1, content: EmptyByteBufBE)
GET /session/c854432cb0cbda9b25c23de431ac5b5c/element/94936E7EB8D87A49075814675E01B12A_element_18/enabled HTTP/1.1
User-Agent: selenium/4.8.1 (java windows)
Cache-Control: no-cache
Content-Type: application/json; charset=utf-8
host: localhost:26227
accept: */*

Response DefaultHttpResponse(decodeResult: success, version: HTTP/1.1)
HTTP/1.1 200 OK
Content-Length: 14
Content-Type: application/json; charset=utf-8
cache-control: no-cache

14:09:49.582 [AsyncHttpClient-1-3] DEBUG org.asynchttpclient.netty.channel.ChannelManager - Adding key: http://localhost:26227 for channel [id: 0x785ef91f, L:/127.0.0.1:14193 - R:localhost/127.0.0.1:26227]
14:09:49.584 [Forwarding isElementEnabled on session c854432cb0cbda9b25c23de431ac5b5c to remote] DEBUG org.asynchttpclient.netty.request.NettyRequestSender - Using pooled Channel '[id: 0x785ef91f, L:/127.0.0.1:14193 - R:localhost/127.0.0.1:26227]' for 'GET' to 'http://localhost:26227/session/c854432cb0cbda9b25c23de431ac5b5c/element/94936E7EB8D87A49075814675E01B12A_element_18/enabled'
14:09:49.585 [Forwarding isElementEnabled on session c854432cb0cbda9b25c23de431ac5b5c to remote] DEBUG org.asynchttpclient.netty.request.NettyRequestSender - Using open Channel [id: 0x785ef91f, L:/127.0.0.1:14193 - R:localhost/127.0.0.1:26227] for GET '/session/c854432cb0cbda9b25c23de431ac5b5c/element/94936E7EB8D87A49075814675E01B12A_element_18/enabled'
14:09:49.593 [AsyncHttpClient-1-3] DEBUG org.asynchttpclient.netty.handler.HttpHandler - 

Request DefaultFullHttpRequest(decodeResult: success, version: HTTP/1.1, content: EmptyByteBufBE)
GET /session/c854432cb0cbda9b25c23de431ac5b5c/element/94936E7EB8D87A49075814675E01B12A_element_18/enabled HTTP/1.1
User-Agent: selenium/4.8.1 (java windows)
Cache-Control: no-cache
Content-Type: application/json; charset=utf-8
host: localhost:26227
accept: */*

Response DefaultHttpResponse(decodeResult: success, version: HTTP/1.1)
HTTP/1.1 200 OK
Content-Length: 14
Content-Type: application/json; charset=utf-8
cache-control: no-cache

14:09:49.594 [AsyncHttpClient-1-3] DEBUG org.asynchttpclient.netty.channel.ChannelManager - Adding key: http://localhost:26227 for channel [id: 0x785ef91f, L:/127.0.0.1:14193 - R:localhost/127.0.0.1:26227]
14:09:49.598 [Forwarding findElement on session c854432cb0cbda9b25c23de431ac5b5c to remote] DEBUG org.asynchttpclient.netty.request.NettyRequestSender - Using pooled Channel '[id: 0x785ef91f, L:/127.0.0.1:14193 - R:localhost/127.0.0.1:26227]' for 'POST' to 'http://localhost:26227/session/c854432cb0cbda9b25c23de431ac5b5c/element'
14:09:49.598 [Forwarding findElement on session c854432cb0cbda9b25c23de431ac5b5c to remote] DEBUG org.asynchttpclient.netty.request.NettyRequestSender - Using open Channel [id: 0x785ef91f, L:/127.0.0.1:14193 - R:localhost/127.0.0.1:26227] for POST '/session/c854432cb0cbda9b25c23de431ac5b5c/element'
14:09:49.610 [AsyncHttpClient-1-3] DEBUG org.asynchttpclient.netty.handler.HttpHandler - 

Request DefaultHttpRequest(decodeResult: success, version: HTTP/1.1)
POST /session/c854432cb0cbda9b25c23de431ac5b5c/element HTTP/1.1
User-Agent: selenium/4.8.1 (java windows)
Content-Length: 69
Content-Type: application/json; charset=utf-8
host: localhost:26227
accept: */*

Response DefaultHttpResponse(decodeResult: success, version: HTTP/1.1)
HTTP/1.1 200 OK
Content-Length: 95
Content-Type: application/json; charset=utf-8
cache-control: no-cache

14:09:49.610 [AsyncHttpClient-1-3] DEBUG org.asynchttpclient.netty.channel.ChannelManager - Adding key: http://localhost:26227 for channel [id: 0x785ef91f, L:/127.0.0.1:14193 - R:localhost/127.0.0.1:26227]
14:09:49.612 [Forwarding clickElement on session c854432cb0cbda9b25c23de431ac5b5c to remote] DEBUG org.asynchttpclient.netty.request.NettyRequestSender - Using pooled Channel '[id: 0x785ef91f, L:/127.0.0.1:14193 - R:localhost/127.0.0.1:26227]' for 'POST' to 'http://localhost:26227/session/c854432cb0cbda9b25c23de431ac5b5c/element/94936E7EB8D87A49075814675E01B12A_element_18/click'
14:09:49.612 [Forwarding clickElement on session c854432cb0cbda9b25c23de431ac5b5c to remote] DEBUG org.asynchttpclient.netty.request.NettyRequestSender - Using open Channel [id: 0x785ef91f, L:/127.0.0.1:14193 - R:localhost/127.0.0.1:26227] for POST '/session/c854432cb0cbda9b25c23de431ac5b5c/element/94936E7EB8D87A49075814675E01B12A_element_18/click'
14:09:49.767 [AsyncHttpClient-1-3] DEBUG org.asynchttpclient.netty.handler.HttpHandler - 

Request DefaultHttpRequest(decodeResult: success, version: HTTP/1.1)
POST /session/c854432cb0cbda9b25c23de431ac5b5c/element/94936E7EB8D87A49075814675E01B12A_element_18/click HTTP/1.1
User-Agent: selenium/4.8.1 (java windows)
Content-Length: 57
Content-Type: application/json; charset=utf-8
host: localhost:26227
accept: */*

Response DefaultHttpResponse(decodeResult: success, version: HTTP/1.1)
HTTP/1.1 200 OK
Content-Length: 14
Content-Type: application/json; charset=utf-8
cache-control: no-cache

14:09:49.767 [AsyncHttpClient-1-3] DEBUG org.asynchttpclient.netty.channel.ChannelManager - Adding key: http://localhost:26227 for channel [id: 0x785ef91f, L:/127.0.0.1:14193 - R:localhost/127.0.0.1:26227]
14:09:49.784 [Forwarding getAlertText on session c854432cb0cbda9b25c23de431ac5b5c to remote] DEBUG org.asynchttpclient.netty.request.NettyRequestSender - Using pooled Channel '[id: 0x785ef91f, L:/127.0.0.1:14193 - R:localhost/127.0.0.1:26227]' for 'GET' to 'http://localhost:26227/session/c854432cb0cbda9b25c23de431ac5b5c/alert/text'
14:09:49.784 [Forwarding getAlertText on session c854432cb0cbda9b25c23de431ac5b5c to remote] DEBUG org.asynchttpclient.netty.request.NettyRequestSender - Using open Channel [id: 0x785ef91f, L:/127.0.0.1:14193 - R:localhost/127.0.0.1:26227] for GET '/session/c854432cb0cbda9b25c23de431ac5b5c/alert/text'
14:09:49.786 [AsyncHttpClient-1-3] DEBUG org.asynchttpclient.netty.handler.HttpHandler - 

Request DefaultFullHttpRequest(decodeResult: success, version: HTTP/1.1, content: EmptyByteBufBE)
GET /session/c854432cb0cbda9b25c23de431ac5b5c/alert/text HTTP/1.1
User-Agent: selenium/4.8.1 (java windows)
Cache-Control: no-cache
Content-Type: application/json; charset=utf-8
host: localhost:26227
accept: */*

Response DefaultHttpResponse(decodeResult: success, version: HTTP/1.1)
HTTP/1.1 404 Not Found
Content-Length: 807
Content-Type: application/json; charset=utf-8
cache-control: no-cache

14:09:49.786 [AsyncHttpClient-1-3] DEBUG org.asynchttpclient.netty.channel.ChannelManager - Adding key: http://localhost:26227 for channel [id: 0x785ef91f, L:/127.0.0.1:14193 - R:localhost/127.0.0.1:26227]
14:09:49.788 [Forwarding getCurrentUrl on session c854432cb0cbda9b25c23de431ac5b5c to remote] DEBUG org.asynchttpclient.netty.request.NettyRequestSender - Using pooled Channel '[id: 0x785ef91f, L:/127.0.0.1:14193 - R:localhost/127.0.0.1:26227]' for 'GET' to 'http://localhost:26227/session/c854432cb0cbda9b25c23de431ac5b5c/url'
14:09:49.788 [Forwarding getCurrentUrl on session c854432cb0cbda9b25c23de431ac5b5c to remote] DEBUG org.asynchttpclient.netty.request.NettyRequestSender - Using open Channel [id: 0x785ef91f, L:/127.0.0.1:14193 - R:localhost/127.0.0.1:26227] for GET '/session/c854432cb0cbda9b25c23de431ac5b5c/url'
14:09:49.796 [AsyncHttpClient-1-3] DEBUG org.asynchttpclient.netty.handler.HttpHandler - 

Request DefaultFullHttpRequest(decodeResult: success, version: HTTP/1.1, content: EmptyByteBufBE)
GET /session/c854432cb0cbda9b25c23de431ac5b5c/url HTTP/1.1
User-Agent: selenium/4.8.1 (java windows)
Cache-Control: no-cache
Content-Type: application/json; charset=utf-8
host: localhost:26227
accept: */*

Response DefaultHttpResponse(decodeResult: success, version: HTTP/1.1)
HTTP/1.1 200 OK
Content-Length: 64
Content-Type: application/json; charset=utf-8
cache-control: no-cache

14:09:49.796 [AsyncHttpClient-1-3] DEBUG org.asynchttpclient.netty.channel.ChannelManager - Adding key: http://localhost:26227 for channel [id: 0x785ef91f, L:/127.0.0.1:14193 - R:localhost/127.0.0.1:26227]
14:09:49.797 [Forwarding screenshot on session c854432cb0cbda9b25c23de431ac5b5c to remote] DEBUG org.asynchttpclient.netty.request.NettyRequestSender - Using pooled Channel '[id: 0x785ef91f, L:/127.0.0.1:14193 - R:localhost/127.0.0.1:26227]' for 'GET' to 'http://localhost:26227/session/c854432cb0cbda9b25c23de431ac5b5c/screenshot'
14:09:49.798 [Forwarding screenshot on session c854432cb0cbda9b25c23de431ac5b5c to remote] DEBUG org.asynchttpclient.netty.request.NettyRequestSender - Using open Channel [id: 0x785ef91f, L:/127.0.0.1:14193 - R:localhost/127.0.0.1:26227] for GET '/session/c854432cb0cbda9b25c23de431ac5b5c/screenshot'
14:09:49.935 [AsyncHttpClient-1-3] DEBUG org.asynchttpclient.netty.handler.HttpHandler - 

Request DefaultFullHttpRequest(decodeResult: success, version: HTTP/1.1, content: EmptyByteBufBE)
GET /session/c854432cb0cbda9b25c23de431ac5b5c/screenshot HTTP/1.1
User-Agent: selenium/4.8.1 (java windows)
Cache-Control: no-cache
Content-Type: application/json; charset=utf-8
host: localhost:26227
accept: */*

Response DefaultHttpResponse(decodeResult: success, version: HTTP/1.1)
HTTP/1.1 200 OK
Content-Length: 124664
Content-Type: application/json; charset=utf-8
cache-control: no-cache

14:09:49.936 [AsyncHttpClient-1-3] DEBUG org.asynchttpclient.netty.channel.ChannelManager - Adding key: http://localhost:26227 for channel [id: 0x785ef91f, L:/127.0.0.1:14193 - R:localhost/127.0.0.1:26227]
14:09:49.945 [main] DEBUG net.serenitybdd.core.photography.Darkroom - Send negative for processing for target\site\serenity\cfe47779a674b4273ad42709d7031df0a5a4b27b900a2d15654e25ea25e7b616.png
14:09:49.946 [main] DEBUG net.thucydides.core.steps.StepInterceptor - STEP DONE: clickLoginButton
14:09:49.946 [Darkroom Processing Line] DEBUG net.serenitybdd.core.photography.DarkroomProcessingLine - Processing screenshot image in /var/screenshots/screenshot-7756632547244401711
  &amp#27;[32mThen &amp#27;[0m&amp#27;[32mI click sign in to dashboard&amp#27;[0m                &amp#27;[90m# Starter.Stepdefitions.SigninSteps.clickLogin()&amp#27;[0m
14:09:49.946 [Darkroom Processing Line] DEBUG net.serenitybdd.core.photography.DarkroomProcessingLine - Saving screenshot to target\site\serenity\cfe47779a674b4273ad42709d7031df0a5a4b27b900a2d15654e25ea25e7b616.png
14:09:49.960 [main] INFO  - 
  _____   ___   ___   _____     ___     _     ___   ___   ___   ___  
 |_   _| | __| / __| |_   _|   | _ \   /_\   / __| / __| | __| |   \ 
   | |   | _|  \__ \   | |     |  _/  / _ \  \__ \ \__ \ | _|  | |) |
   |_|   |___| |___/   |_|     |_|   /_/ \_\ |___/ |___/ |___| |___/ 

As user, I have be able to success login
----------------------------------------------------------------------
14:09:49.962 [AsyncHttpClient-1-5] DEBUG org.asynchttpclient.netty.handler.WebSocketHandler - Channel Closed: [id: 0xa7d0ac86, L:/127.0.0.1:14201 ! R:localhost/127.0.0.1:14194] with attribute NettyResponseFuture{currentRetry=0,
	isDone=1,
	isCancelled=0,
	asyncHandler=org.asynchttpclient.ws.WebSocketUpgradeHandler@3c6191,
	nettyRequest=org.asynchttpclient.netty.request.NettyRequest@1eaee16,
	future=java.util.concurrent.CompletableFuture@f93241[Completed normally],
	uri=ws://localhost:14194/devtools/browser/2968861c-26d0-40a7-8d6c-28ac285d686c,
	keepAlive=true,
	redirectCount=0,
	timeoutsHolder=null,
	inAuth=0,
	touch=1687676977047}
14:09:49.962 [AsyncHttpClient-1-5] DEBUG org.asynchttpclient.netty.channel.ChannelManager - Closing Channel [id: 0xa7d0ac86, L:/127.0.0.1:14201 ! R:localhost/127.0.0.1:14194] 
14:09:49.974 [Driver Command Executor] DEBUG org.asynchttpclient.netty.request.NettyRequestSender - Using pooled Channel '[id: 0x785ef91f, L:/127.0.0.1:14193 - R:localhost/127.0.0.1:26227]' for 'DELETE' to 'http://localhost:26227/session/c854432cb0cbda9b25c23de431ac5b5c'
14:09:49.974 [Driver Command Executor] DEBUG org.asynchttpclient.netty.request.NettyRequestSender - Using open Channel [id: 0x785ef91f, L:/127.0.0.1:14193 - R:localhost/127.0.0.1:26227] for DELETE '/session/c854432cb0cbda9b25c23de431ac5b5c'
14:09:50.098 [AsyncHttpClient-1-1] DEBUG org.asynchttpclient.netty.channel.DefaultChannelPool - Entry count for : http://localhost:14194 : 1
14:09:50.940 [AsyncHttpClient-1-4] DEBUG org.asynchttpclient.netty.handler.HttpHandler - Unexpected I/O exception on channel [id: 0x89d7683e, L:/127.0.0.1:14200 - R:localhost/127.0.0.1:14194]
java.io.IOException: An existing connection was forcibly closed by the remote host
	at sun.nio.ch.SocketDispatcher.read0(Native Method)
	at sun.nio.ch.SocketDispatcher.read(SocketDispatcher.java:43)
	at sun.nio.ch.IOUtil.readIntoNativeBuffer(IOUtil.java:223)
	at sun.nio.ch.IOUtil.read(IOUtil.java:192)
	at sun.nio.ch.SocketChannelImpl.read(SocketChannelImpl.java:379)
	at io.netty.buffer.PooledByteBuf.setBytes(PooledByteBuf.java:259)
	at io.netty.buffer.AbstractByteBuf.writeBytes(AbstractByteBuf.java:1132)
	at io.netty.channel.socket.nio.NioSocketChannel.doReadBytes(NioSocketChannel.java:357)
	at io.netty.channel.nio.AbstractNioByteChannel$NioByteUnsafe.read(AbstractNioByteChannel.java:151)
	at io.netty.channel.nio.NioEventLoop.processSelectedKey(NioEventLoop.java:788)
	at io.netty.channel.nio.NioEventLoop.processSelectedKeysOptimized(NioEventLoop.java:724)
	at io.netty.channel.nio.NioEventLoop.processSelectedKeys(NioEventLoop.java:650)
	at io.netty.channel.nio.NioEventLoop.run(NioEventLoop.java:562)
	at io.netty.util.concurrent.SingleThreadEventExecutor$4.run(SingleThreadEventExecutor.java:997)
	at io.netty.util.internal.ThreadExecutorMap$2.run(ThreadExecutorMap.java:74)
	at io.netty.util.concurrent.FastThreadLocalRunnable.run(FastThreadLocalRunnable.java:30)
	at java.lang.Thread.run(Thread.java:745)
14:09:50.941 [AsyncHttpClient-1-4] DEBUG org.asynchttpclient.netty.channel.ChannelManager - Closing Channel [id: 0x89d7683e, L:/127.0.0.1:14200 - R:localhost/127.0.0.1:14194] 
14:09:50.941 [AsyncHttpClient-1-4] DEBUG org.asynchttpclient.netty.handler.HttpHandler - Channel Closed: [id: 0x89d7683e, L:/127.0.0.1:14200 ! R:localhost/127.0.0.1:14194] with attribute DISCARD
14:09:51.199 [AsyncHttpClient-1-1] DEBUG org.asynchttpclient.netty.channel.DefaultChannelPool - Entry count for : http://localhost:14194 : 1
14:09:51.199 [AsyncHttpClient-1-1] DEBUG org.asynchttpclient.netty.channel.DefaultChannelPool - Adding Candidate expired Channel [id: 0x89d7683e, L:/127.0.0.1:14200 ! R:localhost/127.0.0.1:14194] isIdleTimeoutExpired=false isRemotelyClosed=true isTtlExpired=false
14:09:51.199 [AsyncHttpClient-1-1] DEBUG org.asynchttpclient.netty.channel.DefaultChannelPool - Closing Idle Channel [id: 0x89d7683e, L:/127.0.0.1:14200 ! R:localhost/127.0.0.1:14194]
14:09:51.199 [AsyncHttpClient-1-1] DEBUG org.asynchttpclient.netty.channel.DefaultChannelPool - Closed 1 connections out of 1 in 0 ms
14:09:51.204 [AsyncHttpClient-1-3] DEBUG org.asynchttpclient.netty.handler.HttpHandler - 

Request DefaultFullHttpRequest(decodeResult: success, version: HTTP/1.1, content: EmptyByteBufBE)
DELETE /session/c854432cb0cbda9b25c23de431ac5b5c HTTP/1.1
User-Agent: selenium/4.8.1 (java windows)
Content-Type: application/json; charset=utf-8
host: localhost:26227
accept: */*

Response DefaultHttpResponse(decodeResult: success, version: HTTP/1.1)
HTTP/1.1 200 OK
Content-Length: 14
Content-Type: application/json; charset=utf-8
cache-control: no-cache

14:09:51.204 [AsyncHttpClient-1-3] DEBUG org.asynchttpclient.netty.channel.ChannelManager - Adding key: http://localhost:26227 for channel [id: 0x785ef91f, L:/127.0.0.1:14193 - R:localhost/127.0.0.1:26227]
14:09:51.311 [AsyncHttpClient-1-3] DEBUG org.asynchttpclient.netty.handler.HttpHandler - Channel Closed: [id: 0x785ef91f, L:/127.0.0.1:14193 ! R:localhost/127.0.0.1:26227] with attribute DISCARD
]]></system-out>
    <system-err><![CDATA[Starting ChromeDriver 114.0.5735.90 (386bc09e8f4f2e025eddae123f36f6263096ae49-refs/branch-heads/5735@{#1052}) on port 26227
Only local connections are allowed.
Please see https://chromedriver.chromium.org/security-considerations for suggestions on keeping ChromeDriver safe.
ChromeDriver was started successfully.
Jun 25, 2023 2:09:37 PM org.openqa.selenium.devtools.CdpVersionFinder findNearestMatch
WARNING: Unable to find an exact match for CDP version 114, so returning the closest version found: 110
]]></system-err>
  </testcase>
  <testcase name="As user, I have be able to failed login because account not registered" classname="User be able to sign in" time="28.421">
    <system-out><![CDATA[
@invalid-account
Scenario: As user, I have be able to failed login because account not registered &amp#27;[90m# src/test/resources/Feature/Signin.feature:15&amp#27;[0m
14:09:51.858 [main] DEBUG io.cucumber.core.plugin.SerenityReporter - Running feature from file:///C:/Users/USER/IdeaProjects/Capston_webtesting/src/test/resources/Feature/Signin.feature
14:09:51.858 [main] WARN io.cucumber.core.plugin.SerenityReporter - Feature from file:///C:/Users/USER/IdeaProjects/Capston_webtesting/src/test/resources/Feature/Signin.feature is not under the 'features' directory. Requirements report will not be correctly generated!
14:09:51.863 [main] INFO  - 
  _____   ___   ___   _____     ___   _____     _     ___   _____   ___   ___  
 |_   _| | __| / __| |_   _|   / __| |_   _|   /_\   | _ \ |_   _| | __| |   \ 
   | |   | _|  \__ \   | |     \__ \   | |    / _ \  |   /   | |   | _|  | |) |
   |_|   |___| |___/   |_|     |___/   |_|   /_/ \_\ |_|_\   |_|   |___| |___/ 

As user, I have be able to failed login because account not registered(user-be-able-to-sign-in;as-user--i-have-be-able-to-failed-login-because-account-not-registered)
--------------------------------------------------------------------------------
14:09:51.893 [main] DEBUG net.thucydides.core.steps.StepInterceptor - STARTING STEP: Failed1SigninSteps.onLoginPageInvalidAccount - openPage
14:09:52.033 [main] INFO net.serenitybdd.core.webdriver.driverproviders.ChromeDriverProvider - Starting Chrome driver instance with capabilities:
14:09:52.033 [main] INFO net.serenitybdd.core.webdriver.driverproviders.ChromeDriverProvider - Capabilities {acceptInsecureCerts: false, browserName: chrome, goog:chromeOptions: {args: [remote-allow-origins=*], extensions: []}}
14:09:52.298 [AsyncHttpClient-1-1] DEBUG org.asynchttpclient.netty.channel.DefaultChannelPool - Entry count for : http://localhost:26227 : 1
14:09:52.298 [AsyncHttpClient-1-1] DEBUG org.asynchttpclient.netty.channel.DefaultChannelPool - Adding Candidate expired Channel [id: 0x785ef91f, L:/127.0.0.1:14193 ! R:localhost/127.0.0.1:26227] isIdleTimeoutExpired=false isRemotelyClosed=true isTtlExpired=false
14:09:52.298 [AsyncHttpClient-1-1] DEBUG org.asynchttpclient.netty.channel.DefaultChannelPool - Closing Idle Channel [id: 0x785ef91f, L:/127.0.0.1:14193 ! R:localhost/127.0.0.1:26227]
14:09:52.298 [AsyncHttpClient-1-1] DEBUG org.asynchttpclient.netty.channel.DefaultChannelPool - Closed 1 connections out of 1 in 0 ms
14:09:52.616 [AsyncHttpClient-1-6] DEBUG org.asynchttpclient.netty.channel.NettyConnectListener - Using new Channel '[id: 0x211af736, L:/127.0.0.1:14213 - R:localhost/127.0.0.1:21758]' for 'POST' to '/session'
14:09:57.402 [AsyncHttpClient-1-6] DEBUG org.asynchttpclient.netty.handler.HttpHandler - 

Request DefaultHttpRequest(decodeResult: success, version: HTTP/1.1)
POST /session HTTP/1.1
User-Agent: selenium/4.8.1 (java windows)
Content-Length: 507
Content-Type: application/json; charset=utf-8
host: localhost:21758
accept: */*

Response DefaultHttpResponse(decodeResult: success, version: HTTP/1.1)
HTTP/1.1 200 OK
Content-Length: 858
Content-Type: application/json; charset=utf-8
cache-control: no-cache

14:09:57.402 [AsyncHttpClient-1-6] DEBUG org.asynchttpclient.netty.channel.ChannelManager - Adding key: http://localhost:21758 for channel [id: 0x211af736, L:/127.0.0.1:14213 - R:localhost/127.0.0.1:21758]
14:09:57.421 [AsyncHttpClient-1-7] DEBUG org.asynchttpclient.netty.channel.NettyConnectListener - Using new Channel '[id: 0x86e5c6a2, L:/127.0.0.1:14220 - R:localhost/127.0.0.1:14215]' for 'GET' to '/json/version'
14:09:57.422 [AsyncHttpClient-1-7] DEBUG org.asynchttpclient.netty.handler.HttpHandler - 

Request DefaultFullHttpRequest(decodeResult: success, version: HTTP/1.1, content: EmptyByteBufBE)
GET /json/version HTTP/1.1
User-Agent: selenium/4.8.1 (java windows)
host: localhost:14215
accept: */*

Response DefaultHttpResponse(decodeResult: success, version: HTTP/1.1)
HTTP/1.1 200 OK
Content-Security-Policy: frame-ancestors 'none'
Content-Length: 424
Content-Type: application/json; charset=UTF-8

14:09:57.422 [AsyncHttpClient-1-7] DEBUG org.asynchttpclient.netty.channel.ChannelManager - Adding key: http://localhost:14215 for channel [id: 0x86e5c6a2, L:/127.0.0.1:14220 - R:localhost/127.0.0.1:14215]
14:09:57.427 [AsyncHttpClient-1-8] DEBUG org.asynchttpclient.netty.channel.NettyConnectListener - Using new Channel '[id: 0xf2040868, L:/127.0.0.1:14221 - R:localhost/127.0.0.1:14215]' for 'GET' to '/devtools/browser/e474a37d-b168-42b3-929b-591cbc3bda41'
14:09:57.429 [AsyncHttpClient-1-8] DEBUG org.asynchttpclient.netty.handler.WebSocketHandler - 

Request DefaultFullHttpRequest(decodeResult: success, version: HTTP/1.1, content: EmptyByteBufBE)
GET /devtools/browser/e474a37d-b168-42b3-929b-591cbc3bda41 HTTP/1.1
upgrade: websocket
connection: upgrade
sec-websocket-key: 6W8C5wfOXhdsWMR/V5iMOA==
sec-websocket-version: 13
origin: http://localhost:14215
host: localhost:14215
accept: */*
user-agent: AHC/2.1

Response DefaultHttpResponse(decodeResult: success, version: HTTP/1.1)
HTTP/1.1 101 WebSocket Protocol Handshake
Upgrade: WebSocket
Connection: Upgrade
Sec-WebSocket-Accept: 6eStqJw5cpPCY2nZw+YVN8Txn7k=

14:09:57.443 [Forwarding get on session 8fa9dd47c941960d548258fe56709f9e to remote] DEBUG org.asynchttpclient.netty.request.NettyRequestSender - Using pooled Channel '[id: 0x211af736, L:/127.0.0.1:14213 - R:localhost/127.0.0.1:21758]' for 'POST' to 'http://localhost:21758/session/8fa9dd47c941960d548258fe56709f9e/url'
14:09:57.444 [Forwarding get on session 8fa9dd47c941960d548258fe56709f9e to remote] DEBUG org.asynchttpclient.netty.request.NettyRequestSender - Using open Channel [id: 0x211af736, L:/127.0.0.1:14213 - R:localhost/127.0.0.1:21758] for POST '/session/8fa9dd47c941960d548258fe56709f9e/url'
14:09:57.798 [AsyncHttpClient-1-1] DEBUG org.asynchttpclient.netty.channel.DefaultChannelPool - Entry count for : http://localhost:14215 : 1
14:09:58.898 [AsyncHttpClient-1-1] DEBUG org.asynchttpclient.netty.channel.DefaultChannelPool - Entry count for : http://localhost:14215 : 1
14:09:59.999 [AsyncHttpClient-1-1] DEBUG org.asynchttpclient.netty.channel.DefaultChannelPool - Entry count for : http://localhost:14215 : 1
14:10:01.098 [AsyncHttpClient-1-1] DEBUG org.asynchttpclient.netty.channel.DefaultChannelPool - Entry count for : http://localhost:14215 : 1
14:10:02.198 [AsyncHttpClient-1-1] DEBUG org.asynchttpclient.netty.channel.DefaultChannelPool - Entry count for : http://localhost:14215 : 1
14:10:03.299 [AsyncHttpClient-1-1] DEBUG org.asynchttpclient.netty.channel.DefaultChannelPool - Entry count for : http://localhost:14215 : 1
14:10:04.398 [AsyncHttpClient-1-1] DEBUG org.asynchttpclient.netty.channel.DefaultChannelPool - Entry count for : http://localhost:14215 : 1
14:10:05.498 [AsyncHttpClient-1-1] DEBUG org.asynchttpclient.netty.channel.DefaultChannelPool - Entry count for : http://localhost:14215 : 1
14:10:06.598 [AsyncHttpClient-1-1] DEBUG org.asynchttpclient.netty.channel.DefaultChannelPool - Entry count for : http://localhost:14215 : 1
14:10:07.698 [AsyncHttpClient-1-1] DEBUG org.asynchttpclient.netty.channel.DefaultChannelPool - Entry count for : http://localhost:14215 : 1
14:10:08.798 [AsyncHttpClient-1-1] DEBUG org.asynchttpclient.netty.channel.DefaultChannelPool - Entry count for : http://localhost:14215 : 1
14:10:09.898 [AsyncHttpClient-1-1] DEBUG org.asynchttpclient.netty.channel.DefaultChannelPool - Entry count for : http://localhost:14215 : 1
14:10:10.997 [AsyncHttpClient-1-1] DEBUG org.asynchttpclient.netty.channel.DefaultChannelPool - Entry count for : http://localhost:14215 : 1
14:10:11.737 [AsyncHttpClient-1-6] DEBUG org.asynchttpclient.netty.handler.HttpHandler - 

Request DefaultHttpRequest(decodeResult: success, version: HTTP/1.1)
POST /session/8fa9dd47c941960d548258fe56709f9e/url HTTP/1.1
User-Agent: selenium/4.8.1 (java windows)
Content-Length: 82
Content-Type: application/json; charset=utf-8
host: localhost:21758
accept: */*

Response DefaultHttpResponse(decodeResult: success, version: HTTP/1.1)
HTTP/1.1 200 OK
Content-Length: 14
Content-Type: application/json; charset=utf-8
cache-control: no-cache

14:10:11.738 [AsyncHttpClient-1-6] DEBUG org.asynchttpclient.netty.channel.ChannelManager - Adding key: http://localhost:21758 for channel [id: 0x211af736, L:/127.0.0.1:14213 - R:localhost/127.0.0.1:21758]
14:10:11.739 [Forwarding setTimeout on session 8fa9dd47c941960d548258fe56709f9e to remote] DEBUG org.asynchttpclient.netty.request.NettyRequestSender - Using pooled Channel '[id: 0x211af736, L:/127.0.0.1:14213 - R:localhost/127.0.0.1:21758]' for 'POST' to 'http://localhost:21758/session/8fa9dd47c941960d548258fe56709f9e/timeouts'
14:10:11.740 [Forwarding setTimeout on session 8fa9dd47c941960d548258fe56709f9e to remote] DEBUG org.asynchttpclient.netty.request.NettyRequestSender - Using open Channel [id: 0x211af736, L:/127.0.0.1:14213 - R:localhost/127.0.0.1:21758] for POST '/session/8fa9dd47c941960d548258fe56709f9e/timeouts'
14:10:11.742 [AsyncHttpClient-1-6] DEBUG org.asynchttpclient.netty.handler.HttpHandler - 

Request DefaultHttpRequest(decodeResult: success, version: HTTP/1.1)
POST /session/8fa9dd47c941960d548258fe56709f9e/timeouts HTTP/1.1
User-Agent: selenium/4.8.1 (java windows)
Content-Length: 22
Content-Type: application/json; charset=utf-8
host: localhost:21758
accept: */*

Response DefaultHttpResponse(decodeResult: success, version: HTTP/1.1)
HTTP/1.1 200 OK
Content-Length: 14
Content-Type: application/json; charset=utf-8
cache-control: no-cache

14:10:11.742 [AsyncHttpClient-1-6] DEBUG org.asynchttpclient.netty.channel.ChannelManager - Adding key: http://localhost:21758 for channel [id: 0x211af736, L:/127.0.0.1:14213 - R:localhost/127.0.0.1:21758]
14:10:11.761 [Forwarding getAlertText on session 8fa9dd47c941960d548258fe56709f9e to remote] DEBUG org.asynchttpclient.netty.request.NettyRequestSender - Using pooled Channel '[id: 0x211af736, L:/127.0.0.1:14213 - R:localhost/127.0.0.1:21758]' for 'GET' to 'http://localhost:21758/session/8fa9dd47c941960d548258fe56709f9e/alert/text'
14:10:11.761 [Forwarding getAlertText on session 8fa9dd47c941960d548258fe56709f9e to remote] DEBUG org.asynchttpclient.netty.request.NettyRequestSender - Using open Channel [id: 0x211af736, L:/127.0.0.1:14213 - R:localhost/127.0.0.1:21758] for GET '/session/8fa9dd47c941960d548258fe56709f9e/alert/text'
14:10:11.767 [AsyncHttpClient-1-6] DEBUG org.asynchttpclient.netty.handler.HttpHandler - 

Request DefaultFullHttpRequest(decodeResult: success, version: HTTP/1.1, content: EmptyByteBufBE)
GET /session/8fa9dd47c941960d548258fe56709f9e/alert/text HTTP/1.1
User-Agent: selenium/4.8.1 (java windows)
Cache-Control: no-cache
Content-Type: application/json; charset=utf-8
host: localhost:21758
accept: */*

Response DefaultHttpResponse(decodeResult: success, version: HTTP/1.1)
HTTP/1.1 404 Not Found
Content-Length: 807
Content-Type: application/json; charset=utf-8
cache-control: no-cache

14:10:11.767 [AsyncHttpClient-1-6] DEBUG org.asynchttpclient.netty.channel.ChannelManager - Adding key: http://localhost:21758 for channel [id: 0x211af736, L:/127.0.0.1:14213 - R:localhost/127.0.0.1:21758]
14:10:11.769 [Forwarding getCurrentUrl on session 8fa9dd47c941960d548258fe56709f9e to remote] DEBUG org.asynchttpclient.netty.request.NettyRequestSender - Using pooled Channel '[id: 0x211af736, L:/127.0.0.1:14213 - R:localhost/127.0.0.1:21758]' for 'GET' to 'http://localhost:21758/session/8fa9dd47c941960d548258fe56709f9e/url'
14:10:11.769 [Forwarding getCurrentUrl on session 8fa9dd47c941960d548258fe56709f9e to remote] DEBUG org.asynchttpclient.netty.request.NettyRequestSender - Using open Channel [id: 0x211af736, L:/127.0.0.1:14213 - R:localhost/127.0.0.1:21758] for GET '/session/8fa9dd47c941960d548258fe56709f9e/url'
14:10:12.099 [AsyncHttpClient-1-1] DEBUG org.asynchttpclient.netty.channel.DefaultChannelPool - Entry count for : http://localhost:14215 : 1
14:10:13.199 [AsyncHttpClient-1-1] DEBUG org.asynchttpclient.netty.channel.DefaultChannelPool - Entry count for : http://localhost:14215 : 1
14:10:14.132 [AsyncHttpClient-1-6] DEBUG org.asynchttpclient.netty.handler.HttpHandler - 

Request DefaultFullHttpRequest(decodeResult: success, version: HTTP/1.1, content: EmptyByteBufBE)
GET /session/8fa9dd47c941960d548258fe56709f9e/url HTTP/1.1
User-Agent: selenium/4.8.1 (java windows)
Cache-Control: no-cache
Content-Type: application/json; charset=utf-8
host: localhost:21758
accept: */*

Response DefaultHttpResponse(decodeResult: success, version: HTTP/1.1)
HTTP/1.1 200 OK
Content-Length: 64
Content-Type: application/json; charset=utf-8
cache-control: no-cache

14:10:14.133 [AsyncHttpClient-1-6] DEBUG org.asynchttpclient.netty.channel.ChannelManager - Adding key: http://localhost:21758 for channel [id: 0x211af736, L:/127.0.0.1:14213 - R:localhost/127.0.0.1:21758]
14:10:14.134 [Forwarding screenshot on session 8fa9dd47c941960d548258fe56709f9e to remote] DEBUG org.asynchttpclient.netty.request.NettyRequestSender - Using pooled Channel '[id: 0x211af736, L:/127.0.0.1:14213 - R:localhost/127.0.0.1:21758]' for 'GET' to 'http://localhost:21758/session/8fa9dd47c941960d548258fe56709f9e/screenshot'
14:10:14.134 [Forwarding screenshot on session 8fa9dd47c941960d548258fe56709f9e to remote] DEBUG org.asynchttpclient.netty.request.NettyRequestSender - Using open Channel [id: 0x211af736, L:/127.0.0.1:14213 - R:localhost/127.0.0.1:21758] for GET '/session/8fa9dd47c941960d548258fe56709f9e/screenshot'
14:10:14.254 [AsyncHttpClient-1-6] DEBUG org.asynchttpclient.netty.handler.HttpHandler - 

Request DefaultFullHttpRequest(decodeResult: success, version: HTTP/1.1, content: EmptyByteBufBE)
GET /session/8fa9dd47c941960d548258fe56709f9e/screenshot HTTP/1.1
User-Agent: selenium/4.8.1 (java windows)
Cache-Control: no-cache
Content-Type: application/json; charset=utf-8
host: localhost:21758
accept: */*

Response DefaultHttpResponse(decodeResult: success, version: HTTP/1.1)
HTTP/1.1 200 OK
Content-Length: 125596
Content-Type: application/json; charset=utf-8
cache-control: no-cache

14:10:14.255 [AsyncHttpClient-1-6] DEBUG org.asynchttpclient.netty.channel.ChannelManager - Adding key: http://localhost:21758 for channel [id: 0x211af736, L:/127.0.0.1:14213 - R:localhost/127.0.0.1:21758]
14:10:14.264 [main] DEBUG net.serenitybdd.core.photography.Darkroom - Send negative for processing for target\site\serenity\830bdd557b85a27d44613b64a7d39bdd5ce5e9cd6eedc8befa21a1ab815b1265.png
14:10:14.264 [main] DEBUG net.thucydides.core.steps.StepInterceptor - STEP DONE: openPage
  &amp#27;[32mGiven &amp#27;[0m&amp#27;[32mI am on the sign in page invalid account&amp#27;[0m                                 &amp#27;[90m# Starter.Stepdefitions.Failed1SigninSteps.onLoginPageInvalidAccount()&amp#27;[0m
14:10:14.284 [Forwarding getPageSource on session 8fa9dd47c941960d548258fe56709f9e to remote] DEBUG org.asynchttpclient.netty.request.NettyRequestSender - Using pooled Channel '[id: 0x211af736, L:/127.0.0.1:14213 - R:localhost/127.0.0.1:21758]' for 'POST' to 'http://localhost:21758/session/8fa9dd47c941960d548258fe56709f9e/execute/sync'
14:10:14.284 [Forwarding getPageSource on session 8fa9dd47c941960d548258fe56709f9e to remote] DEBUG org.asynchttpclient.netty.request.NettyRequestSender - Using open Channel [id: 0x211af736, L:/127.0.0.1:14213 - R:localhost/127.0.0.1:21758] for POST '/session/8fa9dd47c941960d548258fe56709f9e/execute/sync'
14:10:14.292 [AsyncHttpClient-1-6] DEBUG org.asynchttpclient.netty.handler.HttpHandler - 

Request DefaultHttpRequest(decodeResult: success, version: HTTP/1.1)
POST /session/8fa9dd47c941960d548258fe56709f9e/execute/sync HTTP/1.1
User-Agent: selenium/4.8.1 (java windows)
Content-Length: 176
Content-Type: application/json; charset=utf-8
host: localhost:21758
accept: */*

Response DefaultHttpResponse(decodeResult: success, version: HTTP/1.1)
HTTP/1.1 200 OK
Content-Length: 5992
Content-Type: application/json; charset=utf-8
cache-control: no-cache

14:10:14.292 [AsyncHttpClient-1-6] DEBUG org.asynchttpclient.netty.channel.ChannelManager - Adding key: http://localhost:21758 for channel [id: 0x211af736, L:/127.0.0.1:14213 - R:localhost/127.0.0.1:21758]
14:10:14.295 [Forwarding getCurrentUrl on session 8fa9dd47c941960d548258fe56709f9e to remote] DEBUG org.asynchttpclient.netty.request.NettyRequestSender - Using pooled Channel '[id: 0x211af736, L:/127.0.0.1:14213 - R:localhost/127.0.0.1:21758]' for 'GET' to 'http://localhost:21758/session/8fa9dd47c941960d548258fe56709f9e/url'
14:10:14.295 [Forwarding getCurrentUrl on session 8fa9dd47c941960d548258fe56709f9e to remote] DEBUG org.asynchttpclient.netty.request.NettyRequestSender - Using open Channel [id: 0x211af736, L:/127.0.0.1:14213 - R:localhost/127.0.0.1:21758] for GET '/session/8fa9dd47c941960d548258fe56709f9e/url'
14:10:14.298 [AsyncHttpClient-1-1] DEBUG org.asynchttpclient.netty.channel.DefaultChannelPool - Entry count for : http://localhost:14215 : 1
14:10:14.299 [AsyncHttpClient-1-6] DEBUG org.asynchttpclient.netty.handler.HttpHandler - 

Request DefaultFullHttpRequest(decodeResult: success, version: HTTP/1.1, content: EmptyByteBufBE)
GET /session/8fa9dd47c941960d548258fe56709f9e/url HTTP/1.1
User-Agent: selenium/4.8.1 (java windows)
Cache-Control: no-cache
Content-Type: application/json; charset=utf-8
host: localhost:21758
accept: */*

Response DefaultHttpResponse(decodeResult: success, version: HTTP/1.1)
HTTP/1.1 200 OK
Content-Length: 64
Content-Type: application/json; charset=utf-8
cache-control: no-cache

14:10:14.300 [AsyncHttpClient-1-6] DEBUG org.asynchttpclient.netty.channel.ChannelManager - Adding key: http://localhost:21758 for channel [id: 0x211af736, L:/127.0.0.1:14213 - R:localhost/127.0.0.1:21758]
14:10:14.319 [Forwarding getAlertText on session 8fa9dd47c941960d548258fe56709f9e to remote] DEBUG org.asynchttpclient.netty.request.NettyRequestSender - Using pooled Channel '[id: 0x211af736, L:/127.0.0.1:14213 - R:localhost/127.0.0.1:21758]' for 'GET' to 'http://localhost:21758/session/8fa9dd47c941960d548258fe56709f9e/alert/text'
14:10:14.320 [Forwarding getAlertText on session 8fa9dd47c941960d548258fe56709f9e to remote] DEBUG org.asynchttpclient.netty.request.NettyRequestSender - Using open Channel [id: 0x211af736, L:/127.0.0.1:14213 - R:localhost/127.0.0.1:21758] for GET '/session/8fa9dd47c941960d548258fe56709f9e/alert/text'
14:10:14.321 [AsyncHttpClient-1-6] DEBUG org.asynchttpclient.netty.handler.HttpHandler - 

Request DefaultFullHttpRequest(decodeResult: success, version: HTTP/1.1, content: EmptyByteBufBE)
GET /session/8fa9dd47c941960d548258fe56709f9e/alert/text HTTP/1.1
User-Agent: selenium/4.8.1 (java windows)
Cache-Control: no-cache
Content-Type: application/json; charset=utf-8
host: localhost:21758
accept: */*

Response DefaultHttpResponse(decodeResult: success, version: HTTP/1.1)
HTTP/1.1 404 Not Found
Content-Length: 807
Content-Type: application/json; charset=utf-8
cache-control: no-cache

14:10:14.321 [AsyncHttpClient-1-6] DEBUG org.asynchttpclient.netty.channel.ChannelManager - Adding key: http://localhost:21758 for channel [id: 0x211af736, L:/127.0.0.1:14213 - R:localhost/127.0.0.1:21758]
14:10:14.323 [Forwarding getCurrentUrl on session 8fa9dd47c941960d548258fe56709f9e to remote] DEBUG org.asynchttpclient.netty.request.NettyRequestSender - Using pooled Channel '[id: 0x211af736, L:/127.0.0.1:14213 - R:localhost/127.0.0.1:21758]' for 'GET' to 'http://localhost:21758/session/8fa9dd47c941960d548258fe56709f9e/url'
14:10:14.323 [Forwarding getCurrentUrl on session 8fa9dd47c941960d548258fe56709f9e to remote] DEBUG org.asynchttpclient.netty.request.NettyRequestSender - Using open Channel [id: 0x211af736, L:/127.0.0.1:14213 - R:localhost/127.0.0.1:21758] for GET '/session/8fa9dd47c941960d548258fe56709f9e/url'
14:10:14.328 [AsyncHttpClient-1-6] DEBUG org.asynchttpclient.netty.handler.HttpHandler - 

Request DefaultFullHttpRequest(decodeResult: success, version: HTTP/1.1, content: EmptyByteBufBE)
GET /session/8fa9dd47c941960d548258fe56709f9e/url HTTP/1.1
User-Agent: selenium/4.8.1 (java windows)
Cache-Control: no-cache
Content-Type: application/json; charset=utf-8
host: localhost:21758
accept: */*

Response DefaultHttpResponse(decodeResult: success, version: HTTP/1.1)
HTTP/1.1 200 OK
Content-Length: 64
Content-Type: application/json; charset=utf-8
cache-control: no-cache

14:10:14.328 [AsyncHttpClient-1-6] DEBUG org.asynchttpclient.netty.channel.ChannelManager - Adding key: http://localhost:21758 for channel [id: 0x211af736, L:/127.0.0.1:14213 - R:localhost/127.0.0.1:21758]
14:10:14.329 [Forwarding screenshot on session 8fa9dd47c941960d548258fe56709f9e to remote] DEBUG org.asynchttpclient.netty.request.NettyRequestSender - Using pooled Channel '[id: 0x211af736, L:/127.0.0.1:14213 - R:localhost/127.0.0.1:21758]' for 'GET' to 'http://localhost:21758/session/8fa9dd47c941960d548258fe56709f9e/screenshot'
14:10:14.329 [Forwarding screenshot on session 8fa9dd47c941960d548258fe56709f9e to remote] DEBUG org.asynchttpclient.netty.request.NettyRequestSender - Using open Channel [id: 0x211af736, L:/127.0.0.1:14213 - R:localhost/127.0.0.1:21758] for GET '/session/8fa9dd47c941960d548258fe56709f9e/screenshot'
14:10:14.431 [AsyncHttpClient-1-6] DEBUG org.asynchttpclient.netty.handler.HttpHandler - 

Request DefaultFullHttpRequest(decodeResult: success, version: HTTP/1.1, content: EmptyByteBufBE)
GET /session/8fa9dd47c941960d548258fe56709f9e/screenshot HTTP/1.1
User-Agent: selenium/4.8.1 (java windows)
Cache-Control: no-cache
Content-Type: application/json; charset=utf-8
host: localhost:21758
accept: */*

Response DefaultHttpResponse(decodeResult: success, version: HTTP/1.1)
HTTP/1.1 200 OK
Content-Length: 125596
Content-Type: application/json; charset=utf-8
cache-control: no-cache

14:10:14.432 [AsyncHttpClient-1-6] DEBUG org.asynchttpclient.netty.channel.ChannelManager - Adding key: http://localhost:21758 for channel [id: 0x211af736, L:/127.0.0.1:14213 - R:localhost/127.0.0.1:21758]
14:10:14.446 [main] DEBUG net.serenitybdd.core.photography.Darkroom - Send negative for processing for target\site\serenity\830bdd557b85a27d44613b64a7d39bdd5ce5e9cd6eedc8befa21a1ab815b1265.png
14:10:14.449 [Forwarding getPageSource on session 8fa9dd47c941960d548258fe56709f9e to remote] DEBUG org.asynchttpclient.netty.request.NettyRequestSender - Using pooled Channel '[id: 0x211af736, L:/127.0.0.1:14213 - R:localhost/127.0.0.1:21758]' for 'POST' to 'http://localhost:21758/session/8fa9dd47c941960d548258fe56709f9e/execute/sync'
14:10:14.449 [Forwarding getPageSource on session 8fa9dd47c941960d548258fe56709f9e to remote] DEBUG org.asynchttpclient.netty.request.NettyRequestSender - Using open Channel [id: 0x211af736, L:/127.0.0.1:14213 - R:localhost/127.0.0.1:21758] for POST '/session/8fa9dd47c941960d548258fe56709f9e/execute/sync'
14:10:14.455 [AsyncHttpClient-1-6] DEBUG org.asynchttpclient.netty.handler.HttpHandler - 

Request DefaultHttpRequest(decodeResult: success, version: HTTP/1.1)
POST /session/8fa9dd47c941960d548258fe56709f9e/execute/sync HTTP/1.1
User-Agent: selenium/4.8.1 (java windows)
Content-Length: 176
Content-Type: application/json; charset=utf-8
host: localhost:21758
accept: */*

Response DefaultHttpResponse(decodeResult: success, version: HTTP/1.1)
HTTP/1.1 200 OK
Content-Length: 5992
Content-Type: application/json; charset=utf-8
cache-control: no-cache

14:10:14.456 [AsyncHttpClient-1-6] DEBUG org.asynchttpclient.netty.channel.ChannelManager - Adding key: http://localhost:21758 for channel [id: 0x211af736, L:/127.0.0.1:14213 - R:localhost/127.0.0.1:21758]
14:10:14.458 [Forwarding getCurrentUrl on session 8fa9dd47c941960d548258fe56709f9e to remote] DEBUG org.asynchttpclient.netty.request.NettyRequestSender - Using pooled Channel '[id: 0x211af736, L:/127.0.0.1:14213 - R:localhost/127.0.0.1:21758]' for 'GET' to 'http://localhost:21758/session/8fa9dd47c941960d548258fe56709f9e/url'
14:10:14.458 [Forwarding getCurrentUrl on session 8fa9dd47c941960d548258fe56709f9e to remote] DEBUG org.asynchttpclient.netty.request.NettyRequestSender - Using open Channel [id: 0x211af736, L:/127.0.0.1:14213 - R:localhost/127.0.0.1:21758] for GET '/session/8fa9dd47c941960d548258fe56709f9e/url'
14:10:14.463 [AsyncHttpClient-1-6] DEBUG org.asynchttpclient.netty.handler.HttpHandler - 

Request DefaultFullHttpRequest(decodeResult: success, version: HTTP/1.1, content: EmptyByteBufBE)
GET /session/8fa9dd47c941960d548258fe56709f9e/url HTTP/1.1
User-Agent: selenium/4.8.1 (java windows)
Cache-Control: no-cache
Content-Type: application/json; charset=utf-8
host: localhost:21758
accept: */*

Response DefaultHttpResponse(decodeResult: success, version: HTTP/1.1)
HTTP/1.1 200 OK
Content-Length: 64
Content-Type: application/json; charset=utf-8
cache-control: no-cache

14:10:14.463 [AsyncHttpClient-1-6] DEBUG org.asynchttpclient.netty.channel.ChannelManager - Adding key: http://localhost:21758 for channel [id: 0x211af736, L:/127.0.0.1:14213 - R:localhost/127.0.0.1:21758]
14:10:14.466 [main] DEBUG net.thucydides.core.steps.StepInterceptor - STARTING STEP: Failed1SigninSteps.inputEmailInvalidAccount - inputEmail
14:10:14.472 [Forwarding findElement on session 8fa9dd47c941960d548258fe56709f9e to remote] DEBUG org.asynchttpclient.netty.request.NettyRequestSender - Using pooled Channel '[id: 0x211af736, L:/127.0.0.1:14213 - R:localhost/127.0.0.1:21758]' for 'POST' to 'http://localhost:21758/session/8fa9dd47c941960d548258fe56709f9e/element'
14:10:14.473 [Forwarding findElement on session 8fa9dd47c941960d548258fe56709f9e to remote] DEBUG org.asynchttpclient.netty.request.NettyRequestSender - Using open Channel [id: 0x211af736, L:/127.0.0.1:14213 - R:localhost/127.0.0.1:21758] for POST '/session/8fa9dd47c941960d548258fe56709f9e/element'
14:10:14.493 [AsyncHttpClient-1-6] DEBUG org.asynchttpclient.netty.handler.HttpHandler - 

Request DefaultHttpRequest(decodeResult: success, version: HTTP/1.1)
POST /session/8fa9dd47c941960d548258fe56709f9e/element HTTP/1.1
User-Agent: selenium/4.8.1 (java windows)
Content-Length: 67
Content-Type: application/json; charset=utf-8
host: localhost:21758
accept: */*

Response DefaultHttpResponse(decodeResult: success, version: HTTP/1.1)
HTTP/1.1 200 OK
Content-Length: 95
Content-Type: application/json; charset=utf-8
cache-control: no-cache

14:10:14.493 [AsyncHttpClient-1-6] DEBUG org.asynchttpclient.netty.channel.ChannelManager - Adding key: http://localhost:21758 for channel [id: 0x211af736, L:/127.0.0.1:14213 - R:localhost/127.0.0.1:21758]
14:10:14.495 [Forwarding clearElement on session 8fa9dd47c941960d548258fe56709f9e to remote] DEBUG org.asynchttpclient.netty.request.NettyRequestSender - Using pooled Channel '[id: 0x211af736, L:/127.0.0.1:14213 - R:localhost/127.0.0.1:21758]' for 'POST' to 'http://localhost:21758/session/8fa9dd47c941960d548258fe56709f9e/element/3EB6A1865EB9B84E2FBCAF2E167A4581_element_10/clear'
14:10:14.495 [Forwarding clearElement on session 8fa9dd47c941960d548258fe56709f9e to remote] DEBUG org.asynchttpclient.netty.request.NettyRequestSender - Using open Channel [id: 0x211af736, L:/127.0.0.1:14213 - R:localhost/127.0.0.1:21758] for POST '/session/8fa9dd47c941960d548258fe56709f9e/element/3EB6A1865EB9B84E2FBCAF2E167A4581_element_10/clear'
14:10:14.553 [AsyncHttpClient-1-6] DEBUG org.asynchttpclient.netty.handler.HttpHandler - 

Request DefaultHttpRequest(decodeResult: success, version: HTTP/1.1)
POST /session/8fa9dd47c941960d548258fe56709f9e/element/3EB6A1865EB9B84E2FBCAF2E167A4581_element_10/clear HTTP/1.1
User-Agent: selenium/4.8.1 (java windows)
Content-Length: 57
Content-Type: application/json; charset=utf-8
host: localhost:21758
accept: */*

Response DefaultHttpResponse(decodeResult: success, version: HTTP/1.1)
HTTP/1.1 200 OK
Content-Length: 14
Content-Type: application/json; charset=utf-8
cache-control: no-cache

14:10:14.553 [AsyncHttpClient-1-6] DEBUG org.asynchttpclient.netty.channel.ChannelManager - Adding key: http://localhost:21758 for channel [id: 0x211af736, L:/127.0.0.1:14213 - R:localhost/127.0.0.1:21758]
14:10:14.556 [Forwarding sendKeysToElement on session 8fa9dd47c941960d548258fe56709f9e to remote] DEBUG org.asynchttpclient.netty.request.NettyRequestSender - Using pooled Channel '[id: 0x211af736, L:/127.0.0.1:14213 - R:localhost/127.0.0.1:21758]' for 'POST' to 'http://localhost:21758/session/8fa9dd47c941960d548258fe56709f9e/element/3EB6A1865EB9B84E2FBCAF2E167A4581_element_10/value'
14:10:14.556 [Forwarding sendKeysToElement on session 8fa9dd47c941960d548258fe56709f9e to remote] DEBUG org.asynchttpclient.netty.request.NettyRequestSender - Using open Channel [id: 0x211af736, L:/127.0.0.1:14213 - R:localhost/127.0.0.1:21758] for POST '/session/8fa9dd47c941960d548258fe56709f9e/element/3EB6A1865EB9B84E2FBCAF2E167A4581_element_10/value'
14:10:14.876 [AsyncHttpClient-1-6] DEBUG org.asynchttpclient.netty.handler.HttpHandler - 

Request DefaultHttpRequest(decodeResult: success, version: HTTP/1.1)
POST /session/8fa9dd47c941960d548258fe56709f9e/element/3EB6A1865EB9B84E2FBCAF2E167A4581_element_10/value HTTP/1.1
User-Agent: selenium/4.8.1 (java windows)
Content-Length: 238
Content-Type: application/json; charset=utf-8
host: localhost:21758
accept: */*

Response DefaultHttpResponse(decodeResult: success, version: HTTP/1.1)
HTTP/1.1 200 OK
Content-Length: 14
Content-Type: application/json; charset=utf-8
cache-control: no-cache

14:10:14.877 [AsyncHttpClient-1-6] DEBUG org.asynchttpclient.netty.channel.ChannelManager - Adding key: http://localhost:21758 for channel [id: 0x211af736, L:/127.0.0.1:14213 - R:localhost/127.0.0.1:21758]
14:10:14.894 [Forwarding getAlertText on session 8fa9dd47c941960d548258fe56709f9e to remote] DEBUG org.asynchttpclient.netty.request.NettyRequestSender - Using pooled Channel '[id: 0x211af736, L:/127.0.0.1:14213 - R:localhost/127.0.0.1:21758]' for 'GET' to 'http://localhost:21758/session/8fa9dd47c941960d548258fe56709f9e/alert/text'
14:10:14.894 [Forwarding getAlertText on session 8fa9dd47c941960d548258fe56709f9e to remote] DEBUG org.asynchttpclient.netty.request.NettyRequestSender - Using open Channel [id: 0x211af736, L:/127.0.0.1:14213 - R:localhost/127.0.0.1:21758] for GET '/session/8fa9dd47c941960d548258fe56709f9e/alert/text'
14:10:14.897 [AsyncHttpClient-1-6] DEBUG org.asynchttpclient.netty.handler.HttpHandler - 

Request DefaultFullHttpRequest(decodeResult: success, version: HTTP/1.1, content: EmptyByteBufBE)
GET /session/8fa9dd47c941960d548258fe56709f9e/alert/text HTTP/1.1
User-Agent: selenium/4.8.1 (java windows)
Cache-Control: no-cache
Content-Type: application/json; charset=utf-8
host: localhost:21758
accept: */*

Response DefaultHttpResponse(decodeResult: success, version: HTTP/1.1)
HTTP/1.1 404 Not Found
Content-Length: 807
Content-Type: application/json; charset=utf-8
cache-control: no-cache

14:10:14.897 [AsyncHttpClient-1-6] DEBUG org.asynchttpclient.netty.channel.ChannelManager - Adding key: http://localhost:21758 for channel [id: 0x211af736, L:/127.0.0.1:14213 - R:localhost/127.0.0.1:21758]
14:10:14.900 [Forwarding getCurrentUrl on session 8fa9dd47c941960d548258fe56709f9e to remote] DEBUG org.asynchttpclient.netty.request.NettyRequestSender - Using pooled Channel '[id: 0x211af736, L:/127.0.0.1:14213 - R:localhost/127.0.0.1:21758]' for 'GET' to 'http://localhost:21758/session/8fa9dd47c941960d548258fe56709f9e/url'
14:10:14.900 [Forwarding getCurrentUrl on session 8fa9dd47c941960d548258fe56709f9e to remote] DEBUG org.asynchttpclient.netty.request.NettyRequestSender - Using open Channel [id: 0x211af736, L:/127.0.0.1:14213 - R:localhost/127.0.0.1:21758] for GET '/session/8fa9dd47c941960d548258fe56709f9e/url'
14:10:14.906 [AsyncHttpClient-1-6] DEBUG org.asynchttpclient.netty.handler.HttpHandler - 

Request DefaultFullHttpRequest(decodeResult: success, version: HTTP/1.1, content: EmptyByteBufBE)
GET /session/8fa9dd47c941960d548258fe56709f9e/url HTTP/1.1
User-Agent: selenium/4.8.1 (java windows)
Cache-Control: no-cache
Content-Type: application/json; charset=utf-8
host: localhost:21758
accept: */*

Response DefaultHttpResponse(decodeResult: success, version: HTTP/1.1)
HTTP/1.1 200 OK
Content-Length: 64
Content-Type: application/json; charset=utf-8
cache-control: no-cache

14:10:14.906 [AsyncHttpClient-1-6] DEBUG org.asynchttpclient.netty.channel.ChannelManager - Adding key: http://localhost:21758 for channel [id: 0x211af736, L:/127.0.0.1:14213 - R:localhost/127.0.0.1:21758]
14:10:14.907 [Forwarding screenshot on session 8fa9dd47c941960d548258fe56709f9e to remote] DEBUG org.asynchttpclient.netty.request.NettyRequestSender - Using pooled Channel '[id: 0x211af736, L:/127.0.0.1:14213 - R:localhost/127.0.0.1:21758]' for 'GET' to 'http://localhost:21758/session/8fa9dd47c941960d548258fe56709f9e/screenshot'
14:10:14.907 [Forwarding screenshot on session 8fa9dd47c941960d548258fe56709f9e to remote] DEBUG org.asynchttpclient.netty.request.NettyRequestSender - Using open Channel [id: 0x211af736, L:/127.0.0.1:14213 - R:localhost/127.0.0.1:21758] for GET '/session/8fa9dd47c941960d548258fe56709f9e/screenshot'
14:10:15.030 [AsyncHttpClient-1-6] DEBUG org.asynchttpclient.netty.handler.HttpHandler - 

Request DefaultFullHttpRequest(decodeResult: success, version: HTTP/1.1, content: EmptyByteBufBE)
GET /session/8fa9dd47c941960d548258fe56709f9e/screenshot HTTP/1.1
User-Agent: selenium/4.8.1 (java windows)
Cache-Control: no-cache
Content-Type: application/json; charset=utf-8
host: localhost:21758
accept: */*

Response DefaultHttpResponse(decodeResult: success, version: HTTP/1.1)
HTTP/1.1 200 OK
Content-Length: 126444
Content-Type: application/json; charset=utf-8
cache-control: no-cache

14:10:15.031 [AsyncHttpClient-1-6] DEBUG org.asynchttpclient.netty.channel.ChannelManager - Adding key: http://localhost:21758 for channel [id: 0x211af736, L:/127.0.0.1:14213 - R:localhost/127.0.0.1:21758]
14:10:15.041 [main] DEBUG net.serenitybdd.core.photography.Darkroom - Send negative for processing for target\site\serenity\c7af205fd8f09881cb577b7bbabdc1d56d397ca9dd26f5aefaddb103481647d8.png
14:10:15.041 [main] DEBUG net.thucydides.core.steps.StepInterceptor - STEP DONE: inputEmail
  &amp#27;[32mWhen &amp#27;[0m&amp#27;[32mI input email invalid account&amp#27;[0m                                             &amp#27;[90m# Starter.Stepdefitions.Failed1SigninSteps.inputEmailInvalidAccount()&amp#27;[0m
14:10:15.042 [Darkroom Processing Line] DEBUG net.serenitybdd.core.photography.DarkroomProcessingLine - Processing screenshot image in /var/screenshots/screenshot-2846859441787448708
14:10:15.042 [Darkroom Processing Line] DEBUG net.serenitybdd.core.photography.DarkroomProcessingLine - Saving screenshot to target\site\serenity\c7af205fd8f09881cb577b7bbabdc1d56d397ca9dd26f5aefaddb103481647d8.png
14:10:15.059 [Forwarding getPageSource on session 8fa9dd47c941960d548258fe56709f9e to remote] DEBUG org.asynchttpclient.netty.request.NettyRequestSender - Using pooled Channel '[id: 0x211af736, L:/127.0.0.1:14213 - R:localhost/127.0.0.1:21758]' for 'POST' to 'http://localhost:21758/session/8fa9dd47c941960d548258fe56709f9e/execute/sync'
14:10:15.059 [Forwarding getPageSource on session 8fa9dd47c941960d548258fe56709f9e to remote] DEBUG org.asynchttpclient.netty.request.NettyRequestSender - Using open Channel [id: 0x211af736, L:/127.0.0.1:14213 - R:localhost/127.0.0.1:21758] for POST '/session/8fa9dd47c941960d548258fe56709f9e/execute/sync'
14:10:15.067 [AsyncHttpClient-1-6] DEBUG org.asynchttpclient.netty.handler.HttpHandler - 

Request DefaultHttpRequest(decodeResult: success, version: HTTP/1.1)
POST /session/8fa9dd47c941960d548258fe56709f9e/execute/sync HTTP/1.1
User-Agent: selenium/4.8.1 (java windows)
Content-Length: 176
Content-Type: application/json; charset=utf-8
host: localhost:21758
accept: */*

Response DefaultHttpResponse(decodeResult: success, version: HTTP/1.1)
HTTP/1.1 200 OK
Content-Length: 6023
Content-Type: application/json; charset=utf-8
cache-control: no-cache

14:10:15.067 [AsyncHttpClient-1-6] DEBUG org.asynchttpclient.netty.channel.ChannelManager - Adding key: http://localhost:21758 for channel [id: 0x211af736, L:/127.0.0.1:14213 - R:localhost/127.0.0.1:21758]
14:10:15.071 [Forwarding getCurrentUrl on session 8fa9dd47c941960d548258fe56709f9e to remote] DEBUG org.asynchttpclient.netty.request.NettyRequestSender - Using pooled Channel '[id: 0x211af736, L:/127.0.0.1:14213 - R:localhost/127.0.0.1:21758]' for 'GET' to 'http://localhost:21758/session/8fa9dd47c941960d548258fe56709f9e/url'
14:10:15.071 [Forwarding getCurrentUrl on session 8fa9dd47c941960d548258fe56709f9e to remote] DEBUG org.asynchttpclient.netty.request.NettyRequestSender - Using open Channel [id: 0x211af736, L:/127.0.0.1:14213 - R:localhost/127.0.0.1:21758] for GET '/session/8fa9dd47c941960d548258fe56709f9e/url'
14:10:15.078 [AsyncHttpClient-1-6] DEBUG org.asynchttpclient.netty.handler.HttpHandler - 

Request DefaultFullHttpRequest(decodeResult: success, version: HTTP/1.1, content: EmptyByteBufBE)
GET /session/8fa9dd47c941960d548258fe56709f9e/url HTTP/1.1
User-Agent: selenium/4.8.1 (java windows)
Cache-Control: no-cache
Content-Type: application/json; charset=utf-8
host: localhost:21758
accept: */*

Response DefaultHttpResponse(decodeResult: success, version: HTTP/1.1)
HTTP/1.1 200 OK
Content-Length: 64
Content-Type: application/json; charset=utf-8
cache-control: no-cache

14:10:15.078 [AsyncHttpClient-1-6] DEBUG org.asynchttpclient.netty.channel.ChannelManager - Adding key: http://localhost:21758 for channel [id: 0x211af736, L:/127.0.0.1:14213 - R:localhost/127.0.0.1:21758]
14:10:15.343 [Forwarding getAlertText on session 8fa9dd47c941960d548258fe56709f9e to remote] DEBUG org.asynchttpclient.netty.request.NettyRequestSender - Using pooled Channel '[id: 0x211af736, L:/127.0.0.1:14213 - R:localhost/127.0.0.1:21758]' for 'GET' to 'http://localhost:21758/session/8fa9dd47c941960d548258fe56709f9e/alert/text'
14:10:15.343 [Forwarding getAlertText on session 8fa9dd47c941960d548258fe56709f9e to remote] DEBUG org.asynchttpclient.netty.request.NettyRequestSender - Using open Channel [id: 0x211af736, L:/127.0.0.1:14213 - R:localhost/127.0.0.1:21758] for GET '/session/8fa9dd47c941960d548258fe56709f9e/alert/text'
14:10:15.345 [AsyncHttpClient-1-6] DEBUG org.asynchttpclient.netty.handler.HttpHandler - 

Request DefaultFullHttpRequest(decodeResult: success, version: HTTP/1.1, content: EmptyByteBufBE)
GET /session/8fa9dd47c941960d548258fe56709f9e/alert/text HTTP/1.1
User-Agent: selenium/4.8.1 (java windows)
Cache-Control: no-cache
Content-Type: application/json; charset=utf-8
host: localhost:21758
accept: */*

Response DefaultHttpResponse(decodeResult: success, version: HTTP/1.1)
HTTP/1.1 404 Not Found
Content-Length: 807
Content-Type: application/json; charset=utf-8
cache-control: no-cache

14:10:15.345 [AsyncHttpClient-1-6] DEBUG org.asynchttpclient.netty.channel.ChannelManager - Adding key: http://localhost:21758 for channel [id: 0x211af736, L:/127.0.0.1:14213 - R:localhost/127.0.0.1:21758]
14:10:15.347 [Forwarding getCurrentUrl on session 8fa9dd47c941960d548258fe56709f9e to remote] DEBUG org.asynchttpclient.netty.request.NettyRequestSender - Using pooled Channel '[id: 0x211af736, L:/127.0.0.1:14213 - R:localhost/127.0.0.1:21758]' for 'GET' to 'http://localhost:21758/session/8fa9dd47c941960d548258fe56709f9e/url'
14:10:15.347 [Forwarding getCurrentUrl on session 8fa9dd47c941960d548258fe56709f9e to remote] DEBUG org.asynchttpclient.netty.request.NettyRequestSender - Using open Channel [id: 0x211af736, L:/127.0.0.1:14213 - R:localhost/127.0.0.1:21758] for GET '/session/8fa9dd47c941960d548258fe56709f9e/url'
14:10:15.351 [AsyncHttpClient-1-6] DEBUG org.asynchttpclient.netty.handler.HttpHandler - 

Request DefaultFullHttpRequest(decodeResult: success, version: HTTP/1.1, content: EmptyByteBufBE)
GET /session/8fa9dd47c941960d548258fe56709f9e/url HTTP/1.1
User-Agent: selenium/4.8.1 (java windows)
Cache-Control: no-cache
Content-Type: application/json; charset=utf-8
host: localhost:21758
accept: */*

Response DefaultHttpResponse(decodeResult: success, version: HTTP/1.1)
HTTP/1.1 200 OK
Content-Length: 64
Content-Type: application/json; charset=utf-8
cache-control: no-cache

14:10:15.352 [AsyncHttpClient-1-6] DEBUG org.asynchttpclient.netty.channel.ChannelManager - Adding key: http://localhost:21758 for channel [id: 0x211af736, L:/127.0.0.1:14213 - R:localhost/127.0.0.1:21758]
14:10:15.353 [Forwarding screenshot on session 8fa9dd47c941960d548258fe56709f9e to remote] DEBUG org.asynchttpclient.netty.request.NettyRequestSender - Using pooled Channel '[id: 0x211af736, L:/127.0.0.1:14213 - R:localhost/127.0.0.1:21758]' for 'GET' to 'http://localhost:21758/session/8fa9dd47c941960d548258fe56709f9e/screenshot'
14:10:15.353 [Forwarding screenshot on session 8fa9dd47c941960d548258fe56709f9e to remote] DEBUG org.asynchttpclient.netty.request.NettyRequestSender - Using open Channel [id: 0x211af736, L:/127.0.0.1:14213 - R:localhost/127.0.0.1:21758] for GET '/session/8fa9dd47c941960d548258fe56709f9e/screenshot'
14:10:15.398 [AsyncHttpClient-1-1] DEBUG org.asynchttpclient.netty.channel.DefaultChannelPool - Entry count for : http://localhost:14215 : 1
14:10:15.459 [AsyncHttpClient-1-6] DEBUG org.asynchttpclient.netty.handler.HttpHandler - 

Request DefaultFullHttpRequest(decodeResult: success, version: HTTP/1.1, content: EmptyByteBufBE)
GET /session/8fa9dd47c941960d548258fe56709f9e/screenshot HTTP/1.1
User-Agent: selenium/4.8.1 (java windows)
Cache-Control: no-cache
Content-Type: application/json; charset=utf-8
host: localhost:21758
accept: */*

Response DefaultHttpResponse(decodeResult: success, version: HTTP/1.1)
HTTP/1.1 200 OK
Content-Length: 126444
Content-Type: application/json; charset=utf-8
cache-control: no-cache

14:10:15.460 [AsyncHttpClient-1-6] DEBUG org.asynchttpclient.netty.channel.ChannelManager - Adding key: http://localhost:21758 for channel [id: 0x211af736, L:/127.0.0.1:14213 - R:localhost/127.0.0.1:21758]
14:10:15.474 [main] DEBUG net.serenitybdd.core.photography.Darkroom - Send negative for processing for target\site\serenity\c7af205fd8f09881cb577b7bbabdc1d56d397ca9dd26f5aefaddb103481647d8.png
14:10:15.477 [Forwarding getPageSource on session 8fa9dd47c941960d548258fe56709f9e to remote] DEBUG org.asynchttpclient.netty.request.NettyRequestSender - Using pooled Channel '[id: 0x211af736, L:/127.0.0.1:14213 - R:localhost/127.0.0.1:21758]' for 'POST' to 'http://localhost:21758/session/8fa9dd47c941960d548258fe56709f9e/execute/sync'
14:10:15.477 [Forwarding getPageSource on session 8fa9dd47c941960d548258fe56709f9e to remote] DEBUG org.asynchttpclient.netty.request.NettyRequestSender - Using open Channel [id: 0x211af736, L:/127.0.0.1:14213 - R:localhost/127.0.0.1:21758] for POST '/session/8fa9dd47c941960d548258fe56709f9e/execute/sync'
14:10:15.484 [AsyncHttpClient-1-6] DEBUG org.asynchttpclient.netty.handler.HttpHandler - 

Request DefaultHttpRequest(decodeResult: success, version: HTTP/1.1)
POST /session/8fa9dd47c941960d548258fe56709f9e/execute/sync HTTP/1.1
User-Agent: selenium/4.8.1 (java windows)
Content-Length: 176
Content-Type: application/json; charset=utf-8
host: localhost:21758
accept: */*

Response DefaultHttpResponse(decodeResult: success, version: HTTP/1.1)
HTTP/1.1 200 OK
Content-Length: 6023
Content-Type: application/json; charset=utf-8
cache-control: no-cache

14:10:15.484 [AsyncHttpClient-1-6] DEBUG org.asynchttpclient.netty.channel.ChannelManager - Adding key: http://localhost:21758 for channel [id: 0x211af736, L:/127.0.0.1:14213 - R:localhost/127.0.0.1:21758]
14:10:15.488 [Forwarding getCurrentUrl on session 8fa9dd47c941960d548258fe56709f9e to remote] DEBUG org.asynchttpclient.netty.request.NettyRequestSender - Using pooled Channel '[id: 0x211af736, L:/127.0.0.1:14213 - R:localhost/127.0.0.1:21758]' for 'GET' to 'http://localhost:21758/session/8fa9dd47c941960d548258fe56709f9e/url'
14:10:15.488 [Forwarding getCurrentUrl on session 8fa9dd47c941960d548258fe56709f9e to remote] DEBUG org.asynchttpclient.netty.request.NettyRequestSender - Using open Channel [id: 0x211af736, L:/127.0.0.1:14213 - R:localhost/127.0.0.1:21758] for GET '/session/8fa9dd47c941960d548258fe56709f9e/url'
14:10:15.494 [AsyncHttpClient-1-6] DEBUG org.asynchttpclient.netty.handler.HttpHandler - 

Request DefaultFullHttpRequest(decodeResult: success, version: HTTP/1.1, content: EmptyByteBufBE)
GET /session/8fa9dd47c941960d548258fe56709f9e/url HTTP/1.1
User-Agent: selenium/4.8.1 (java windows)
Cache-Control: no-cache
Content-Type: application/json; charset=utf-8
host: localhost:21758
accept: */*

Response DefaultHttpResponse(decodeResult: success, version: HTTP/1.1)
HTTP/1.1 200 OK
Content-Length: 64
Content-Type: application/json; charset=utf-8
cache-control: no-cache

14:10:15.494 [AsyncHttpClient-1-6] DEBUG org.asynchttpclient.netty.channel.ChannelManager - Adding key: http://localhost:21758 for channel [id: 0x211af736, L:/127.0.0.1:14213 - R:localhost/127.0.0.1:21758]
14:10:15.497 [main] DEBUG net.thucydides.core.steps.StepInterceptor - STARTING STEP: Failed1SigninSteps.inputPasswordInvalidAccount - inputPassword
14:10:15.502 [Forwarding findElement on session 8fa9dd47c941960d548258fe56709f9e to remote] DEBUG org.asynchttpclient.netty.request.NettyRequestSender - Using pooled Channel '[id: 0x211af736, L:/127.0.0.1:14213 - R:localhost/127.0.0.1:21758]' for 'POST' to 'http://localhost:21758/session/8fa9dd47c941960d548258fe56709f9e/element'
14:10:15.502 [Forwarding findElement on session 8fa9dd47c941960d548258fe56709f9e to remote] DEBUG org.asynchttpclient.netty.request.NettyRequestSender - Using open Channel [id: 0x211af736, L:/127.0.0.1:14213 - R:localhost/127.0.0.1:21758] for POST '/session/8fa9dd47c941960d548258fe56709f9e/element'
14:10:15.520 [AsyncHttpClient-1-6] DEBUG org.asynchttpclient.netty.handler.HttpHandler - 

Request DefaultHttpRequest(decodeResult: success, version: HTTP/1.1)
POST /session/8fa9dd47c941960d548258fe56709f9e/element HTTP/1.1
User-Agent: selenium/4.8.1 (java windows)
Content-Length: 70
Content-Type: application/json; charset=utf-8
host: localhost:21758
accept: */*

Response DefaultHttpResponse(decodeResult: success, version: HTTP/1.1)
HTTP/1.1 200 OK
Content-Length: 95
Content-Type: application/json; charset=utf-8
cache-control: no-cache

14:10:15.520 [AsyncHttpClient-1-6] DEBUG org.asynchttpclient.netty.channel.ChannelManager - Adding key: http://localhost:21758 for channel [id: 0x211af736, L:/127.0.0.1:14213 - R:localhost/127.0.0.1:21758]
14:10:15.522 [Forwarding clearElement on session 8fa9dd47c941960d548258fe56709f9e to remote] DEBUG org.asynchttpclient.netty.request.NettyRequestSender - Using pooled Channel '[id: 0x211af736, L:/127.0.0.1:14213 - R:localhost/127.0.0.1:21758]' for 'POST' to 'http://localhost:21758/session/8fa9dd47c941960d548258fe56709f9e/element/3EB6A1865EB9B84E2FBCAF2E167A4581_element_13/clear'
14:10:15.522 [Forwarding clearElement on session 8fa9dd47c941960d548258fe56709f9e to remote] DEBUG org.asynchttpclient.netty.request.NettyRequestSender - Using open Channel [id: 0x211af736, L:/127.0.0.1:14213 - R:localhost/127.0.0.1:21758] for POST '/session/8fa9dd47c941960d548258fe56709f9e/element/3EB6A1865EB9B84E2FBCAF2E167A4581_element_13/clear'
14:10:15.565 [AsyncHttpClient-1-6] DEBUG org.asynchttpclient.netty.handler.HttpHandler - 

Request DefaultHttpRequest(decodeResult: success, version: HTTP/1.1)
POST /session/8fa9dd47c941960d548258fe56709f9e/element/3EB6A1865EB9B84E2FBCAF2E167A4581_element_13/clear HTTP/1.1
User-Agent: selenium/4.8.1 (java windows)
Content-Length: 57
Content-Type: application/json; charset=utf-8
host: localhost:21758
accept: */*

Response DefaultHttpResponse(decodeResult: success, version: HTTP/1.1)
HTTP/1.1 200 OK
Content-Length: 14
Content-Type: application/json; charset=utf-8
cache-control: no-cache

14:10:15.565 [AsyncHttpClient-1-6] DEBUG org.asynchttpclient.netty.channel.ChannelManager - Adding key: http://localhost:21758 for channel [id: 0x211af736, L:/127.0.0.1:14213 - R:localhost/127.0.0.1:21758]
14:10:15.568 [Forwarding sendKeysToElement on session 8fa9dd47c941960d548258fe56709f9e to remote] DEBUG org.asynchttpclient.netty.request.NettyRequestSender - Using pooled Channel '[id: 0x211af736, L:/127.0.0.1:14213 - R:localhost/127.0.0.1:21758]' for 'POST' to 'http://localhost:21758/session/8fa9dd47c941960d548258fe56709f9e/element/3EB6A1865EB9B84E2FBCAF2E167A4581_element_13/value'
14:10:15.568 [Forwarding sendKeysToElement on session 8fa9dd47c941960d548258fe56709f9e to remote] DEBUG org.asynchttpclient.netty.request.NettyRequestSender - Using open Channel [id: 0x211af736, L:/127.0.0.1:14213 - R:localhost/127.0.0.1:21758] for POST '/session/8fa9dd47c941960d548258fe56709f9e/element/3EB6A1865EB9B84E2FBCAF2E167A4581_element_13/value'
14:10:15.866 [AsyncHttpClient-1-6] DEBUG org.asynchttpclient.netty.handler.HttpHandler - 

Request DefaultHttpRequest(decodeResult: success, version: HTTP/1.1)
POST /session/8fa9dd47c941960d548258fe56709f9e/element/3EB6A1865EB9B84E2FBCAF2E167A4581_element_13/value HTTP/1.1
User-Agent: selenium/4.8.1 (java windows)
Content-Length: 168
Content-Type: application/json; charset=utf-8
host: localhost:21758
accept: */*

Response DefaultHttpResponse(decodeResult: success, version: HTTP/1.1)
HTTP/1.1 200 OK
Content-Length: 14
Content-Type: application/json; charset=utf-8
cache-control: no-cache

14:10:15.866 [AsyncHttpClient-1-6] DEBUG org.asynchttpclient.netty.channel.ChannelManager - Adding key: http://localhost:21758 for channel [id: 0x211af736, L:/127.0.0.1:14213 - R:localhost/127.0.0.1:21758]
14:10:15.879 [Forwarding getAlertText on session 8fa9dd47c941960d548258fe56709f9e to remote] DEBUG org.asynchttpclient.netty.request.NettyRequestSender - Using pooled Channel '[id: 0x211af736, L:/127.0.0.1:14213 - R:localhost/127.0.0.1:21758]' for 'GET' to 'http://localhost:21758/session/8fa9dd47c941960d548258fe56709f9e/alert/text'
14:10:15.879 [Forwarding getAlertText on session 8fa9dd47c941960d548258fe56709f9e to remote] DEBUG org.asynchttpclient.netty.request.NettyRequestSender - Using open Channel [id: 0x211af736, L:/127.0.0.1:14213 - R:localhost/127.0.0.1:21758] for GET '/session/8fa9dd47c941960d548258fe56709f9e/alert/text'
14:10:15.882 [AsyncHttpClient-1-6] DEBUG org.asynchttpclient.netty.handler.HttpHandler - 

Request DefaultFullHttpRequest(decodeResult: success, version: HTTP/1.1, content: EmptyByteBufBE)
GET /session/8fa9dd47c941960d548258fe56709f9e/alert/text HTTP/1.1
User-Agent: selenium/4.8.1 (java windows)
Cache-Control: no-cache
Content-Type: application/json; charset=utf-8
host: localhost:21758
accept: */*

Response DefaultHttpResponse(decodeResult: success, version: HTTP/1.1)
HTTP/1.1 404 Not Found
Content-Length: 807
Content-Type: application/json; charset=utf-8
cache-control: no-cache

14:10:15.882 [AsyncHttpClient-1-6] DEBUG org.asynchttpclient.netty.channel.ChannelManager - Adding key: http://localhost:21758 for channel [id: 0x211af736, L:/127.0.0.1:14213 - R:localhost/127.0.0.1:21758]
14:10:15.884 [Forwarding getCurrentUrl on session 8fa9dd47c941960d548258fe56709f9e to remote] DEBUG org.asynchttpclient.netty.request.NettyRequestSender - Using pooled Channel '[id: 0x211af736, L:/127.0.0.1:14213 - R:localhost/127.0.0.1:21758]' for 'GET' to 'http://localhost:21758/session/8fa9dd47c941960d548258fe56709f9e/url'
14:10:15.884 [Forwarding getCurrentUrl on session 8fa9dd47c941960d548258fe56709f9e to remote] DEBUG org.asynchttpclient.netty.request.NettyRequestSender - Using open Channel [id: 0x211af736, L:/127.0.0.1:14213 - R:localhost/127.0.0.1:21758] for GET '/session/8fa9dd47c941960d548258fe56709f9e/url'
14:10:15.890 [AsyncHttpClient-1-6] DEBUG org.asynchttpclient.netty.handler.HttpHandler - 

Request DefaultFullHttpRequest(decodeResult: success, version: HTTP/1.1, content: EmptyByteBufBE)
GET /session/8fa9dd47c941960d548258fe56709f9e/url HTTP/1.1
User-Agent: selenium/4.8.1 (java windows)
Cache-Control: no-cache
Content-Type: application/json; charset=utf-8
host: localhost:21758
accept: */*

Response DefaultHttpResponse(decodeResult: success, version: HTTP/1.1)
HTTP/1.1 200 OK
Content-Length: 64
Content-Type: application/json; charset=utf-8
cache-control: no-cache

14:10:15.890 [AsyncHttpClient-1-6] DEBUG org.asynchttpclient.netty.channel.ChannelManager - Adding key: http://localhost:21758 for channel [id: 0x211af736, L:/127.0.0.1:14213 - R:localhost/127.0.0.1:21758]
14:10:15.891 [Forwarding screenshot on session 8fa9dd47c941960d548258fe56709f9e to remote] DEBUG org.asynchttpclient.netty.request.NettyRequestSender - Using pooled Channel '[id: 0x211af736, L:/127.0.0.1:14213 - R:localhost/127.0.0.1:21758]' for 'GET' to 'http://localhost:21758/session/8fa9dd47c941960d548258fe56709f9e/screenshot'
14:10:15.891 [Forwarding screenshot on session 8fa9dd47c941960d548258fe56709f9e to remote] DEBUG org.asynchttpclient.netty.request.NettyRequestSender - Using open Channel [id: 0x211af736, L:/127.0.0.1:14213 - R:localhost/127.0.0.1:21758] for GET '/session/8fa9dd47c941960d548258fe56709f9e/screenshot'
14:10:15.987 [AsyncHttpClient-1-6] DEBUG org.asynchttpclient.netty.handler.HttpHandler - 

Request DefaultFullHttpRequest(decodeResult: success, version: HTTP/1.1, content: EmptyByteBufBE)
GET /session/8fa9dd47c941960d548258fe56709f9e/screenshot HTTP/1.1
User-Agent: selenium/4.8.1 (java windows)
Cache-Control: no-cache
Content-Type: application/json; charset=utf-8
host: localhost:21758
accept: */*

Response DefaultHttpResponse(decodeResult: success, version: HTTP/1.1)
HTTP/1.1 200 OK
Content-Length: 126060
Content-Type: application/json; charset=utf-8
cache-control: no-cache

14:10:15.988 [AsyncHttpClient-1-6] DEBUG org.asynchttpclient.netty.channel.ChannelManager - Adding key: http://localhost:21758 for channel [id: 0x211af736, L:/127.0.0.1:14213 - R:localhost/127.0.0.1:21758]
14:10:15.996 [main] DEBUG net.serenitybdd.core.photography.Darkroom - Send negative for processing for target\site\serenity\3ee3d6ce5fc67d68a0f1ae5975b9bc85403967838c5de115c9fbb9d1890320f5.png
14:10:15.997 [main] DEBUG net.thucydides.core.steps.StepInterceptor - STEP DONE: inputPassword
14:10:15.997 [Darkroom Processing Line] DEBUG net.serenitybdd.core.photography.DarkroomProcessingLine - Processing screenshot image in /var/screenshots/screenshot-265349049635116429
14:10:15.997 [Darkroom Processing Line] DEBUG net.serenitybdd.core.photography.DarkroomProcessingLine - Saving screenshot to target\site\serenity\3ee3d6ce5fc67d68a0f1ae5975b9bc85403967838c5de115c9fbb9d1890320f5.png
  &amp#27;[32mAnd &amp#27;[0m&amp#27;[32mI input password invalid account&amp#27;[0m                                           &amp#27;[90m# Starter.Stepdefitions.Failed1SigninSteps.inputPasswordInvalidAccount()&amp#27;[0m
14:10:16.014 [Forwarding getPageSource on session 8fa9dd47c941960d548258fe56709f9e to remote] DEBUG org.asynchttpclient.netty.request.NettyRequestSender - Using pooled Channel '[id: 0x211af736, L:/127.0.0.1:14213 - R:localhost/127.0.0.1:21758]' for 'POST' to 'http://localhost:21758/session/8fa9dd47c941960d548258fe56709f9e/execute/sync'
14:10:16.014 [Forwarding getPageSource on session 8fa9dd47c941960d548258fe56709f9e to remote] DEBUG org.asynchttpclient.netty.request.NettyRequestSender - Using open Channel [id: 0x211af736, L:/127.0.0.1:14213 - R:localhost/127.0.0.1:21758] for POST '/session/8fa9dd47c941960d548258fe56709f9e/execute/sync'
14:10:16.021 [AsyncHttpClient-1-6] DEBUG org.asynchttpclient.netty.handler.HttpHandler - 

Request DefaultHttpRequest(decodeResult: success, version: HTTP/1.1)
POST /session/8fa9dd47c941960d548258fe56709f9e/execute/sync HTTP/1.1
User-Agent: selenium/4.8.1 (java windows)
Content-Length: 176
Content-Type: application/json; charset=utf-8
host: localhost:21758
accept: */*

Response DefaultHttpResponse(decodeResult: success, version: HTTP/1.1)
HTTP/1.1 200 OK
Content-Length: 6103
Content-Type: application/json; charset=utf-8
cache-control: no-cache

14:10:16.021 [AsyncHttpClient-1-6] DEBUG org.asynchttpclient.netty.channel.ChannelManager - Adding key: http://localhost:21758 for channel [id: 0x211af736, L:/127.0.0.1:14213 - R:localhost/127.0.0.1:21758]
14:10:16.024 [Forwarding getCurrentUrl on session 8fa9dd47c941960d548258fe56709f9e to remote] DEBUG org.asynchttpclient.netty.request.NettyRequestSender - Using pooled Channel '[id: 0x211af736, L:/127.0.0.1:14213 - R:localhost/127.0.0.1:21758]' for 'GET' to 'http://localhost:21758/session/8fa9dd47c941960d548258fe56709f9e/url'
14:10:16.024 [Forwarding getCurrentUrl on session 8fa9dd47c941960d548258fe56709f9e to remote] DEBUG org.asynchttpclient.netty.request.NettyRequestSender - Using open Channel [id: 0x211af736, L:/127.0.0.1:14213 - R:localhost/127.0.0.1:21758] for GET '/session/8fa9dd47c941960d548258fe56709f9e/url'
14:10:16.029 [AsyncHttpClient-1-6] DEBUG org.asynchttpclient.netty.handler.HttpHandler - 

Request DefaultFullHttpRequest(decodeResult: success, version: HTTP/1.1, content: EmptyByteBufBE)
GET /session/8fa9dd47c941960d548258fe56709f9e/url HTTP/1.1
User-Agent: selenium/4.8.1 (java windows)
Cache-Control: no-cache
Content-Type: application/json; charset=utf-8
host: localhost:21758
accept: */*

Response DefaultHttpResponse(decodeResult: success, version: HTTP/1.1)
HTTP/1.1 200 OK
Content-Length: 64
Content-Type: application/json; charset=utf-8
cache-control: no-cache

14:10:16.029 [AsyncHttpClient-1-6] DEBUG org.asynchttpclient.netty.channel.ChannelManager - Adding key: http://localhost:21758 for channel [id: 0x211af736, L:/127.0.0.1:14213 - R:localhost/127.0.0.1:21758]
14:10:16.114 [Forwarding getAlertText on session 8fa9dd47c941960d548258fe56709f9e to remote] DEBUG org.asynchttpclient.netty.request.NettyRequestSender - Using pooled Channel '[id: 0x211af736, L:/127.0.0.1:14213 - R:localhost/127.0.0.1:21758]' for 'GET' to 'http://localhost:21758/session/8fa9dd47c941960d548258fe56709f9e/alert/text'
14:10:16.114 [Forwarding getAlertText on session 8fa9dd47c941960d548258fe56709f9e to remote] DEBUG org.asynchttpclient.netty.request.NettyRequestSender - Using open Channel [id: 0x211af736, L:/127.0.0.1:14213 - R:localhost/127.0.0.1:21758] for GET '/session/8fa9dd47c941960d548258fe56709f9e/alert/text'
14:10:16.116 [AsyncHttpClient-1-6] DEBUG org.asynchttpclient.netty.handler.HttpHandler - 

Request DefaultFullHttpRequest(decodeResult: success, version: HTTP/1.1, content: EmptyByteBufBE)
GET /session/8fa9dd47c941960d548258fe56709f9e/alert/text HTTP/1.1
User-Agent: selenium/4.8.1 (java windows)
Cache-Control: no-cache
Content-Type: application/json; charset=utf-8
host: localhost:21758
accept: */*

Response DefaultHttpResponse(decodeResult: success, version: HTTP/1.1)
HTTP/1.1 404 Not Found
Content-Length: 807
Content-Type: application/json; charset=utf-8
cache-control: no-cache

14:10:16.116 [AsyncHttpClient-1-6] DEBUG org.asynchttpclient.netty.channel.ChannelManager - Adding key: http://localhost:21758 for channel [id: 0x211af736, L:/127.0.0.1:14213 - R:localhost/127.0.0.1:21758]
14:10:16.117 [Forwarding getCurrentUrl on session 8fa9dd47c941960d548258fe56709f9e to remote] DEBUG org.asynchttpclient.netty.request.NettyRequestSender - Using pooled Channel '[id: 0x211af736, L:/127.0.0.1:14213 - R:localhost/127.0.0.1:21758]' for 'GET' to 'http://localhost:21758/session/8fa9dd47c941960d548258fe56709f9e/url'
14:10:16.117 [Forwarding getCurrentUrl on session 8fa9dd47c941960d548258fe56709f9e to remote] DEBUG org.asynchttpclient.netty.request.NettyRequestSender - Using open Channel [id: 0x211af736, L:/127.0.0.1:14213 - R:localhost/127.0.0.1:21758] for GET '/session/8fa9dd47c941960d548258fe56709f9e/url'
14:10:16.122 [AsyncHttpClient-1-6] DEBUG org.asynchttpclient.netty.handler.HttpHandler - 

Request DefaultFullHttpRequest(decodeResult: success, version: HTTP/1.1, content: EmptyByteBufBE)
GET /session/8fa9dd47c941960d548258fe56709f9e/url HTTP/1.1
User-Agent: selenium/4.8.1 (java windows)
Cache-Control: no-cache
Content-Type: application/json; charset=utf-8
host: localhost:21758
accept: */*

Response DefaultHttpResponse(decodeResult: success, version: HTTP/1.1)
HTTP/1.1 200 OK
Content-Length: 64
Content-Type: application/json; charset=utf-8
cache-control: no-cache

14:10:16.123 [AsyncHttpClient-1-6] DEBUG org.asynchttpclient.netty.channel.ChannelManager - Adding key: http://localhost:21758 for channel [id: 0x211af736, L:/127.0.0.1:14213 - R:localhost/127.0.0.1:21758]
14:10:16.124 [Forwarding screenshot on session 8fa9dd47c941960d548258fe56709f9e to remote] DEBUG org.asynchttpclient.netty.request.NettyRequestSender - Using pooled Channel '[id: 0x211af736, L:/127.0.0.1:14213 - R:localhost/127.0.0.1:21758]' for 'GET' to 'http://localhost:21758/session/8fa9dd47c941960d548258fe56709f9e/screenshot'
14:10:16.124 [Forwarding screenshot on session 8fa9dd47c941960d548258fe56709f9e to remote] DEBUG org.asynchttpclient.netty.request.NettyRequestSender - Using open Channel [id: 0x211af736, L:/127.0.0.1:14213 - R:localhost/127.0.0.1:21758] for GET '/session/8fa9dd47c941960d548258fe56709f9e/screenshot'
14:10:16.220 [AsyncHttpClient-1-6] DEBUG org.asynchttpclient.netty.handler.HttpHandler - 

Request DefaultFullHttpRequest(decodeResult: success, version: HTTP/1.1, content: EmptyByteBufBE)
GET /session/8fa9dd47c941960d548258fe56709f9e/screenshot HTTP/1.1
User-Agent: selenium/4.8.1 (java windows)
Cache-Control: no-cache
Content-Type: application/json; charset=utf-8
host: localhost:21758
accept: */*

Response DefaultHttpResponse(decodeResult: success, version: HTTP/1.1)
HTTP/1.1 200 OK
Content-Length: 126060
Content-Type: application/json; charset=utf-8
cache-control: no-cache

14:10:16.221 [AsyncHttpClient-1-6] DEBUG org.asynchttpclient.netty.channel.ChannelManager - Adding key: http://localhost:21758 for channel [id: 0x211af736, L:/127.0.0.1:14213 - R:localhost/127.0.0.1:21758]
14:10:16.231 [main] DEBUG net.serenitybdd.core.photography.Darkroom - Send negative for processing for target\site\serenity\3ee3d6ce5fc67d68a0f1ae5975b9bc85403967838c5de115c9fbb9d1890320f5.png
14:10:16.233 [Forwarding getPageSource on session 8fa9dd47c941960d548258fe56709f9e to remote] DEBUG org.asynchttpclient.netty.request.NettyRequestSender - Using pooled Channel '[id: 0x211af736, L:/127.0.0.1:14213 - R:localhost/127.0.0.1:21758]' for 'POST' to 'http://localhost:21758/session/8fa9dd47c941960d548258fe56709f9e/execute/sync'
14:10:16.233 [Forwarding getPageSource on session 8fa9dd47c941960d548258fe56709f9e to remote] DEBUG org.asynchttpclient.netty.request.NettyRequestSender - Using open Channel [id: 0x211af736, L:/127.0.0.1:14213 - R:localhost/127.0.0.1:21758] for POST '/session/8fa9dd47c941960d548258fe56709f9e/execute/sync'
14:10:16.240 [AsyncHttpClient-1-6] DEBUG org.asynchttpclient.netty.handler.HttpHandler - 

Request DefaultHttpRequest(decodeResult: success, version: HTTP/1.1)
POST /session/8fa9dd47c941960d548258fe56709f9e/execute/sync HTTP/1.1
User-Agent: selenium/4.8.1 (java windows)
Content-Length: 176
Content-Type: application/json; charset=utf-8
host: localhost:21758
accept: */*

Response DefaultHttpResponse(decodeResult: success, version: HTTP/1.1)
HTTP/1.1 200 OK
Content-Length: 6103
Content-Type: application/json; charset=utf-8
cache-control: no-cache

14:10:16.240 [AsyncHttpClient-1-6] DEBUG org.asynchttpclient.netty.channel.ChannelManager - Adding key: http://localhost:21758 for channel [id: 0x211af736, L:/127.0.0.1:14213 - R:localhost/127.0.0.1:21758]
14:10:16.246 [Forwarding getCurrentUrl on session 8fa9dd47c941960d548258fe56709f9e to remote] DEBUG org.asynchttpclient.netty.request.NettyRequestSender - Using pooled Channel '[id: 0x211af736, L:/127.0.0.1:14213 - R:localhost/127.0.0.1:21758]' for 'GET' to 'http://localhost:21758/session/8fa9dd47c941960d548258fe56709f9e/url'
14:10:16.246 [Forwarding getCurrentUrl on session 8fa9dd47c941960d548258fe56709f9e to remote] DEBUG org.asynchttpclient.netty.request.NettyRequestSender - Using open Channel [id: 0x211af736, L:/127.0.0.1:14213 - R:localhost/127.0.0.1:21758] for GET '/session/8fa9dd47c941960d548258fe56709f9e/url'
14:10:16.251 [AsyncHttpClient-1-6] DEBUG org.asynchttpclient.netty.handler.HttpHandler - 

Request DefaultFullHttpRequest(decodeResult: success, version: HTTP/1.1, content: EmptyByteBufBE)
GET /session/8fa9dd47c941960d548258fe56709f9e/url HTTP/1.1
User-Agent: selenium/4.8.1 (java windows)
Cache-Control: no-cache
Content-Type: application/json; charset=utf-8
host: localhost:21758
accept: */*

Response DefaultHttpResponse(decodeResult: success, version: HTTP/1.1)
HTTP/1.1 200 OK
Content-Length: 64
Content-Type: application/json; charset=utf-8
cache-control: no-cache

14:10:16.252 [AsyncHttpClient-1-6] DEBUG org.asynchttpclient.netty.channel.ChannelManager - Adding key: http://localhost:21758 for channel [id: 0x211af736, L:/127.0.0.1:14213 - R:localhost/127.0.0.1:21758]
14:10:16.269 [main] DEBUG net.thucydides.core.steps.StepInterceptor - STARTING STEP: Failed1SigninSteps.clickLoginInvalidAccount - clickLoginButton
14:10:16.278 [Forwarding findElement on session 8fa9dd47c941960d548258fe56709f9e to remote] DEBUG org.asynchttpclient.netty.request.NettyRequestSender - Using pooled Channel '[id: 0x211af736, L:/127.0.0.1:14213 - R:localhost/127.0.0.1:21758]' for 'POST' to 'http://localhost:21758/session/8fa9dd47c941960d548258fe56709f9e/element'
14:10:16.279 [Forwarding findElement on session 8fa9dd47c941960d548258fe56709f9e to remote] DEBUG org.asynchttpclient.netty.request.NettyRequestSender - Using open Channel [id: 0x211af736, L:/127.0.0.1:14213 - R:localhost/127.0.0.1:21758] for POST '/session/8fa9dd47c941960d548258fe56709f9e/element'
14:10:16.298 [AsyncHttpClient-1-6] DEBUG org.asynchttpclient.netty.handler.HttpHandler - 

Request DefaultHttpRequest(decodeResult: success, version: HTTP/1.1)
POST /session/8fa9dd47c941960d548258fe56709f9e/element HTTP/1.1
User-Agent: selenium/4.8.1 (java windows)
Content-Length: 69
Content-Type: application/json; charset=utf-8
host: localhost:21758
accept: */*

Response DefaultHttpResponse(decodeResult: success, version: HTTP/1.1)
HTTP/1.1 200 OK
Content-Length: 95
Content-Type: application/json; charset=utf-8
cache-control: no-cache

14:10:16.298 [AsyncHttpClient-1-6] DEBUG org.asynchttpclient.netty.channel.ChannelManager - Adding key: http://localhost:21758 for channel [id: 0x211af736, L:/127.0.0.1:14213 - R:localhost/127.0.0.1:21758]
14:10:16.301 [Forwarding getElementTagName on session 8fa9dd47c941960d548258fe56709f9e to remote] DEBUG org.asynchttpclient.netty.request.NettyRequestSender - Using pooled Channel '[id: 0x211af736, L:/127.0.0.1:14213 - R:localhost/127.0.0.1:21758]' for 'GET' to 'http://localhost:21758/session/8fa9dd47c941960d548258fe56709f9e/element/3EB6A1865EB9B84E2FBCAF2E167A4581_element_18/name'
14:10:16.301 [Forwarding getElementTagName on session 8fa9dd47c941960d548258fe56709f9e to remote] DEBUG org.asynchttpclient.netty.request.NettyRequestSender - Using open Channel [id: 0x211af736, L:/127.0.0.1:14213 - R:localhost/127.0.0.1:21758] for GET '/session/8fa9dd47c941960d548258fe56709f9e/element/3EB6A1865EB9B84E2FBCAF2E167A4581_element_18/name'
14:10:16.308 [AsyncHttpClient-1-6] DEBUG org.asynchttpclient.netty.handler.HttpHandler - 

Request DefaultFullHttpRequest(decodeResult: success, version: HTTP/1.1, content: EmptyByteBufBE)
GET /session/8fa9dd47c941960d548258fe56709f9e/element/3EB6A1865EB9B84E2FBCAF2E167A4581_element_18/name HTTP/1.1
User-Agent: selenium/4.8.1 (java windows)
Cache-Control: no-cache
Content-Type: application/json; charset=utf-8
host: localhost:21758
accept: */*

Response DefaultHttpResponse(decodeResult: success, version: HTTP/1.1)
HTTP/1.1 200 OK
Content-Length: 18
Content-Type: application/json; charset=utf-8
cache-control: no-cache

14:10:16.308 [AsyncHttpClient-1-6] DEBUG org.asynchttpclient.netty.channel.ChannelManager - Adding key: http://localhost:21758 for channel [id: 0x211af736, L:/127.0.0.1:14213 - R:localhost/127.0.0.1:21758]
14:10:16.310 [Forwarding getElementTagName on session 8fa9dd47c941960d548258fe56709f9e to remote] DEBUG org.asynchttpclient.netty.request.NettyRequestSender - Using pooled Channel '[id: 0x211af736, L:/127.0.0.1:14213 - R:localhost/127.0.0.1:21758]' for 'GET' to 'http://localhost:21758/session/8fa9dd47c941960d548258fe56709f9e/element/3EB6A1865EB9B84E2FBCAF2E167A4581_element_18/name'
14:10:16.310 [Forwarding getElementTagName on session 8fa9dd47c941960d548258fe56709f9e to remote] DEBUG org.asynchttpclient.netty.request.NettyRequestSender - Using open Channel [id: 0x211af736, L:/127.0.0.1:14213 - R:localhost/127.0.0.1:21758] for GET '/session/8fa9dd47c941960d548258fe56709f9e/element/3EB6A1865EB9B84E2FBCAF2E167A4581_element_18/name'
14:10:16.317 [AsyncHttpClient-1-6] DEBUG org.asynchttpclient.netty.handler.HttpHandler - 

Request DefaultFullHttpRequest(decodeResult: success, version: HTTP/1.1, content: EmptyByteBufBE)
GET /session/8fa9dd47c941960d548258fe56709f9e/element/3EB6A1865EB9B84E2FBCAF2E167A4581_element_18/name HTTP/1.1
User-Agent: selenium/4.8.1 (java windows)
Cache-Control: no-cache
Content-Type: application/json; charset=utf-8
host: localhost:21758
accept: */*

Response DefaultHttpResponse(decodeResult: success, version: HTTP/1.1)
HTTP/1.1 200 OK
Content-Length: 18
Content-Type: application/json; charset=utf-8
cache-control: no-cache

14:10:16.317 [AsyncHttpClient-1-6] DEBUG org.asynchttpclient.netty.channel.ChannelManager - Adding key: http://localhost:21758 for channel [id: 0x211af736, L:/127.0.0.1:14213 - R:localhost/127.0.0.1:21758]
14:10:16.323 [Forwarding isElementEnabled on session 8fa9dd47c941960d548258fe56709f9e to remote] DEBUG org.asynchttpclient.netty.request.NettyRequestSender - Using pooled Channel '[id: 0x211af736, L:/127.0.0.1:14213 - R:localhost/127.0.0.1:21758]' for 'GET' to 'http://localhost:21758/session/8fa9dd47c941960d548258fe56709f9e/element/3EB6A1865EB9B84E2FBCAF2E167A4581_element_18/enabled'
14:10:16.323 [Forwarding isElementEnabled on session 8fa9dd47c941960d548258fe56709f9e to remote] DEBUG org.asynchttpclient.netty.request.NettyRequestSender - Using open Channel [id: 0x211af736, L:/127.0.0.1:14213 - R:localhost/127.0.0.1:21758] for GET '/session/8fa9dd47c941960d548258fe56709f9e/element/3EB6A1865EB9B84E2FBCAF2E167A4581_element_18/enabled'
14:10:16.334 [AsyncHttpClient-1-6] DEBUG org.asynchttpclient.netty.handler.HttpHandler - 

Request DefaultFullHttpRequest(decodeResult: success, version: HTTP/1.1, content: EmptyByteBufBE)
GET /session/8fa9dd47c941960d548258fe56709f9e/element/3EB6A1865EB9B84E2FBCAF2E167A4581_element_18/enabled HTTP/1.1
User-Agent: selenium/4.8.1 (java windows)
Cache-Control: no-cache
Content-Type: application/json; charset=utf-8
host: localhost:21758
accept: */*

Response DefaultHttpResponse(decodeResult: success, version: HTTP/1.1)
HTTP/1.1 200 OK
Content-Length: 14
Content-Type: application/json; charset=utf-8
cache-control: no-cache

14:10:16.334 [AsyncHttpClient-1-6] DEBUG org.asynchttpclient.netty.channel.ChannelManager - Adding key: http://localhost:21758 for channel [id: 0x211af736, L:/127.0.0.1:14213 - R:localhost/127.0.0.1:21758]
14:10:16.336 [Forwarding isElementEnabled on session 8fa9dd47c941960d548258fe56709f9e to remote] DEBUG org.asynchttpclient.netty.request.NettyRequestSender - Using pooled Channel '[id: 0x211af736, L:/127.0.0.1:14213 - R:localhost/127.0.0.1:21758]' for 'GET' to 'http://localhost:21758/session/8fa9dd47c941960d548258fe56709f9e/element/3EB6A1865EB9B84E2FBCAF2E167A4581_element_18/enabled'
14:10:16.336 [Forwarding isElementEnabled on session 8fa9dd47c941960d548258fe56709f9e to remote] DEBUG org.asynchttpclient.netty.request.NettyRequestSender - Using open Channel [id: 0x211af736, L:/127.0.0.1:14213 - R:localhost/127.0.0.1:21758] for GET '/session/8fa9dd47c941960d548258fe56709f9e/element/3EB6A1865EB9B84E2FBCAF2E167A4581_element_18/enabled'
14:10:16.344 [AsyncHttpClient-1-6] DEBUG org.asynchttpclient.netty.handler.HttpHandler - 

Request DefaultFullHttpRequest(decodeResult: success, version: HTTP/1.1, content: EmptyByteBufBE)
GET /session/8fa9dd47c941960d548258fe56709f9e/element/3EB6A1865EB9B84E2FBCAF2E167A4581_element_18/enabled HTTP/1.1
User-Agent: selenium/4.8.1 (java windows)
Cache-Control: no-cache
Content-Type: application/json; charset=utf-8
host: localhost:21758
accept: */*

Response DefaultHttpResponse(decodeResult: success, version: HTTP/1.1)
HTTP/1.1 200 OK
Content-Length: 14
Content-Type: application/json; charset=utf-8
cache-control: no-cache

14:10:16.345 [AsyncHttpClient-1-6] DEBUG org.asynchttpclient.netty.channel.ChannelManager - Adding key: http://localhost:21758 for channel [id: 0x211af736, L:/127.0.0.1:14213 - R:localhost/127.0.0.1:21758]
14:10:16.349 [Forwarding findElement on session 8fa9dd47c941960d548258fe56709f9e to remote] DEBUG org.asynchttpclient.netty.request.NettyRequestSender - Using pooled Channel '[id: 0x211af736, L:/127.0.0.1:14213 - R:localhost/127.0.0.1:21758]' for 'POST' to 'http://localhost:21758/session/8fa9dd47c941960d548258fe56709f9e/element'
14:10:16.349 [Forwarding findElement on session 8fa9dd47c941960d548258fe56709f9e to remote] DEBUG org.asynchttpclient.netty.request.NettyRequestSender - Using open Channel [id: 0x211af736, L:/127.0.0.1:14213 - R:localhost/127.0.0.1:21758] for POST '/session/8fa9dd47c941960d548258fe56709f9e/element'
14:10:16.360 [AsyncHttpClient-1-6] DEBUG org.asynchttpclient.netty.handler.HttpHandler - 

Request DefaultHttpRequest(decodeResult: success, version: HTTP/1.1)
POST /session/8fa9dd47c941960d548258fe56709f9e/element HTTP/1.1
User-Agent: selenium/4.8.1 (java windows)
Content-Length: 69
Content-Type: application/json; charset=utf-8
host: localhost:21758
accept: */*

Response DefaultHttpResponse(decodeResult: success, version: HTTP/1.1)
HTTP/1.1 200 OK
Content-Length: 95
Content-Type: application/json; charset=utf-8
cache-control: no-cache

14:10:16.360 [AsyncHttpClient-1-6] DEBUG org.asynchttpclient.netty.channel.ChannelManager - Adding key: http://localhost:21758 for channel [id: 0x211af736, L:/127.0.0.1:14213 - R:localhost/127.0.0.1:21758]
14:10:16.362 [Forwarding clickElement on session 8fa9dd47c941960d548258fe56709f9e to remote] DEBUG org.asynchttpclient.netty.request.NettyRequestSender - Using pooled Channel '[id: 0x211af736, L:/127.0.0.1:14213 - R:localhost/127.0.0.1:21758]' for 'POST' to 'http://localhost:21758/session/8fa9dd47c941960d548258fe56709f9e/element/3EB6A1865EB9B84E2FBCAF2E167A4581_element_18/click'
14:10:16.362 [Forwarding clickElement on session 8fa9dd47c941960d548258fe56709f9e to remote] DEBUG org.asynchttpclient.netty.request.NettyRequestSender - Using open Channel [id: 0x211af736, L:/127.0.0.1:14213 - R:localhost/127.0.0.1:21758] for POST '/session/8fa9dd47c941960d548258fe56709f9e/element/3EB6A1865EB9B84E2FBCAF2E167A4581_element_18/click'
14:10:16.497 [AsyncHttpClient-1-1] DEBUG org.asynchttpclient.netty.channel.DefaultChannelPool - Entry count for : http://localhost:14215 : 1
14:10:16.873 [AsyncHttpClient-1-6] DEBUG org.asynchttpclient.netty.handler.HttpHandler - 

Request DefaultHttpRequest(decodeResult: success, version: HTTP/1.1)
POST /session/8fa9dd47c941960d548258fe56709f9e/element/3EB6A1865EB9B84E2FBCAF2E167A4581_element_18/click HTTP/1.1
User-Agent: selenium/4.8.1 (java windows)
Content-Length: 57
Content-Type: application/json; charset=utf-8
host: localhost:21758
accept: */*

Response DefaultHttpResponse(decodeResult: success, version: HTTP/1.1)
HTTP/1.1 200 OK
Content-Length: 14
Content-Type: application/json; charset=utf-8
cache-control: no-cache

14:10:16.873 [AsyncHttpClient-1-6] DEBUG org.asynchttpclient.netty.channel.ChannelManager - Adding key: http://localhost:21758 for channel [id: 0x211af736, L:/127.0.0.1:14213 - R:localhost/127.0.0.1:21758]
14:10:16.885 [Forwarding getAlertText on session 8fa9dd47c941960d548258fe56709f9e to remote] DEBUG org.asynchttpclient.netty.request.NettyRequestSender - Using pooled Channel '[id: 0x211af736, L:/127.0.0.1:14213 - R:localhost/127.0.0.1:21758]' for 'GET' to 'http://localhost:21758/session/8fa9dd47c941960d548258fe56709f9e/alert/text'
14:10:16.885 [Forwarding getAlertText on session 8fa9dd47c941960d548258fe56709f9e to remote] DEBUG org.asynchttpclient.netty.request.NettyRequestSender - Using open Channel [id: 0x211af736, L:/127.0.0.1:14213 - R:localhost/127.0.0.1:21758] for GET '/session/8fa9dd47c941960d548258fe56709f9e/alert/text'
14:10:17.028 [AsyncHttpClient-1-6] DEBUG org.asynchttpclient.netty.handler.HttpHandler - 

Request DefaultFullHttpRequest(decodeResult: success, version: HTTP/1.1, content: EmptyByteBufBE)
GET /session/8fa9dd47c941960d548258fe56709f9e/alert/text HTTP/1.1
User-Agent: selenium/4.8.1 (java windows)
Cache-Control: no-cache
Content-Type: application/json; charset=utf-8
host: localhost:21758
accept: */*

Response DefaultHttpResponse(decodeResult: success, version: HTTP/1.1)
HTTP/1.1 404 Not Found
Content-Length: 807
Content-Type: application/json; charset=utf-8
cache-control: no-cache

14:10:17.028 [AsyncHttpClient-1-6] DEBUG org.asynchttpclient.netty.channel.ChannelManager - Adding key: http://localhost:21758 for channel [id: 0x211af736, L:/127.0.0.1:14213 - R:localhost/127.0.0.1:21758]
14:10:17.031 [Forwarding getCurrentUrl on session 8fa9dd47c941960d548258fe56709f9e to remote] DEBUG org.asynchttpclient.netty.request.NettyRequestSender - Using pooled Channel '[id: 0x211af736, L:/127.0.0.1:14213 - R:localhost/127.0.0.1:21758]' for 'GET' to 'http://localhost:21758/session/8fa9dd47c941960d548258fe56709f9e/url'
14:10:17.031 [Forwarding getCurrentUrl on session 8fa9dd47c941960d548258fe56709f9e to remote] DEBUG org.asynchttpclient.netty.request.NettyRequestSender - Using open Channel [id: 0x211af736, L:/127.0.0.1:14213 - R:localhost/127.0.0.1:21758] for GET '/session/8fa9dd47c941960d548258fe56709f9e/url'
14:10:17.056 [AsyncHttpClient-1-6] DEBUG org.asynchttpclient.netty.handler.HttpHandler - 

Request DefaultFullHttpRequest(decodeResult: success, version: HTTP/1.1, content: EmptyByteBufBE)
GET /session/8fa9dd47c941960d548258fe56709f9e/url HTTP/1.1
User-Agent: selenium/4.8.1 (java windows)
Cache-Control: no-cache
Content-Type: application/json; charset=utf-8
host: localhost:21758
accept: */*

Response DefaultHttpResponse(decodeResult: success, version: HTTP/1.1)
HTTP/1.1 200 OK
Content-Length: 64
Content-Type: application/json; charset=utf-8
cache-control: no-cache

14:10:17.056 [AsyncHttpClient-1-6] DEBUG org.asynchttpclient.netty.channel.ChannelManager - Adding key: http://localhost:21758 for channel [id: 0x211af736, L:/127.0.0.1:14213 - R:localhost/127.0.0.1:21758]
14:10:17.057 [Forwarding screenshot on session 8fa9dd47c941960d548258fe56709f9e to remote] DEBUG org.asynchttpclient.netty.request.NettyRequestSender - Using pooled Channel '[id: 0x211af736, L:/127.0.0.1:14213 - R:localhost/127.0.0.1:21758]' for 'GET' to 'http://localhost:21758/session/8fa9dd47c941960d548258fe56709f9e/screenshot'
14:10:17.057 [Forwarding screenshot on session 8fa9dd47c941960d548258fe56709f9e to remote] DEBUG org.asynchttpclient.netty.request.NettyRequestSender - Using open Channel [id: 0x211af736, L:/127.0.0.1:14213 - R:localhost/127.0.0.1:21758] for GET '/session/8fa9dd47c941960d548258fe56709f9e/screenshot'
14:10:17.597 [AsyncHttpClient-1-1] DEBUG org.asynchttpclient.netty.channel.DefaultChannelPool - Entry count for : http://localhost:14215 : 1
14:10:17.949 [AsyncHttpClient-1-6] DEBUG org.asynchttpclient.netty.handler.HttpHandler - 

Request DefaultFullHttpRequest(decodeResult: success, version: HTTP/1.1, content: EmptyByteBufBE)
GET /session/8fa9dd47c941960d548258fe56709f9e/screenshot HTTP/1.1
User-Agent: selenium/4.8.1 (java windows)
Cache-Control: no-cache
Content-Type: application/json; charset=utf-8
host: localhost:21758
accept: */*

Response DefaultHttpResponse(decodeResult: success, version: HTTP/1.1)
HTTP/1.1 200 OK
Content-Length: 129932
Content-Type: application/json; charset=utf-8
cache-control: no-cache

14:10:17.953 [AsyncHttpClient-1-6] DEBUG org.asynchttpclient.netty.channel.ChannelManager - Adding key: http://localhost:21758 for channel [id: 0x211af736, L:/127.0.0.1:14213 - R:localhost/127.0.0.1:21758]
14:10:17.962 [main] DEBUG net.serenitybdd.core.photography.Darkroom - Send negative for processing for target\site\serenity\70ec55ca2c42bfe586274c554c1d6c4d0cf7cba7eb20e59e0b43bcab9f52706b.png
14:10:17.962 [main] DEBUG net.thucydides.core.steps.StepInterceptor - STEP DONE: clickLoginButton
14:10:17.962 [Darkroom Processing Line] DEBUG net.serenitybdd.core.photography.DarkroomProcessingLine - Processing screenshot image in /var/screenshots/screenshot-9080785881221828762
  &amp#27;[32mAnd &amp#27;[0m&amp#27;[32mI click sign in invalid account&amp#27;[0m                                            &amp#27;[90m# Starter.Stepdefitions.Failed1SigninSteps.clickLoginInvalidAccount()&amp#27;[0m
14:10:17.962 [Darkroom Processing Line] DEBUG net.serenitybdd.core.photography.DarkroomProcessingLine - Saving screenshot to target\site\serenity\70ec55ca2c42bfe586274c554c1d6c4d0cf7cba7eb20e59e0b43bcab9f52706b.png
14:10:17.980 [Forwarding getPageSource on session 8fa9dd47c941960d548258fe56709f9e to remote] DEBUG org.asynchttpclient.netty.request.NettyRequestSender - Using pooled Channel '[id: 0x211af736, L:/127.0.0.1:14213 - R:localhost/127.0.0.1:21758]' for 'POST' to 'http://localhost:21758/session/8fa9dd47c941960d548258fe56709f9e/execute/sync'
14:10:17.981 [Forwarding getPageSource on session 8fa9dd47c941960d548258fe56709f9e to remote] DEBUG org.asynchttpclient.netty.request.NettyRequestSender - Using open Channel [id: 0x211af736, L:/127.0.0.1:14213 - R:localhost/127.0.0.1:21758] for POST '/session/8fa9dd47c941960d548258fe56709f9e/execute/sync'
14:10:18.069 [AsyncHttpClient-1-6] DEBUG org.asynchttpclient.netty.handler.HttpHandler - 

Request DefaultHttpRequest(decodeResult: success, version: HTTP/1.1)
POST /session/8fa9dd47c941960d548258fe56709f9e/execute/sync HTTP/1.1
User-Agent: selenium/4.8.1 (java windows)
Content-Length: 176
Content-Type: application/json; charset=utf-8
host: localhost:21758
accept: */*

Response DefaultHttpResponse(decodeResult: success, version: HTTP/1.1)
HTTP/1.1 200 OK
Content-Length: 6103
Content-Type: application/json; charset=utf-8
cache-control: no-cache

14:10:18.069 [AsyncHttpClient-1-6] DEBUG org.asynchttpclient.netty.channel.ChannelManager - Adding key: http://localhost:21758 for channel [id: 0x211af736, L:/127.0.0.1:14213 - R:localhost/127.0.0.1:21758]
14:10:18.072 [Forwarding getCurrentUrl on session 8fa9dd47c941960d548258fe56709f9e to remote] DEBUG org.asynchttpclient.netty.request.NettyRequestSender - Using pooled Channel '[id: 0x211af736, L:/127.0.0.1:14213 - R:localhost/127.0.0.1:21758]' for 'GET' to 'http://localhost:21758/session/8fa9dd47c941960d548258fe56709f9e/url'
14:10:18.072 [Forwarding getCurrentUrl on session 8fa9dd47c941960d548258fe56709f9e to remote] DEBUG org.asynchttpclient.netty.request.NettyRequestSender - Using open Channel [id: 0x211af736, L:/127.0.0.1:14213 - R:localhost/127.0.0.1:21758] for GET '/session/8fa9dd47c941960d548258fe56709f9e/url'
14:10:18.092 [AsyncHttpClient-1-6] DEBUG org.asynchttpclient.netty.handler.HttpHandler - 

Request DefaultFullHttpRequest(decodeResult: success, version: HTTP/1.1, content: EmptyByteBufBE)
GET /session/8fa9dd47c941960d548258fe56709f9e/url HTTP/1.1
User-Agent: selenium/4.8.1 (java windows)
Cache-Control: no-cache
Content-Type: application/json; charset=utf-8
host: localhost:21758
accept: */*

Response DefaultHttpResponse(decodeResult: success, version: HTTP/1.1)
HTTP/1.1 200 OK
Content-Length: 64
Content-Type: application/json; charset=utf-8
cache-control: no-cache

14:10:18.093 [AsyncHttpClient-1-6] DEBUG org.asynchttpclient.netty.channel.ChannelManager - Adding key: http://localhost:21758 for channel [id: 0x211af736, L:/127.0.0.1:14213 - R:localhost/127.0.0.1:21758]
14:10:18.129 [Forwarding getAlertText on session 8fa9dd47c941960d548258fe56709f9e to remote] DEBUG org.asynchttpclient.netty.request.NettyRequestSender - Using pooled Channel '[id: 0x211af736, L:/127.0.0.1:14213 - R:localhost/127.0.0.1:21758]' for 'GET' to 'http://localhost:21758/session/8fa9dd47c941960d548258fe56709f9e/alert/text'
14:10:18.129 [Forwarding getAlertText on session 8fa9dd47c941960d548258fe56709f9e to remote] DEBUG org.asynchttpclient.netty.request.NettyRequestSender - Using open Channel [id: 0x211af736, L:/127.0.0.1:14213 - R:localhost/127.0.0.1:21758] for GET '/session/8fa9dd47c941960d548258fe56709f9e/alert/text'
14:10:18.131 [AsyncHttpClient-1-6] DEBUG org.asynchttpclient.netty.handler.HttpHandler - 

Request DefaultFullHttpRequest(decodeResult: success, version: HTTP/1.1, content: EmptyByteBufBE)
GET /session/8fa9dd47c941960d548258fe56709f9e/alert/text HTTP/1.1
User-Agent: selenium/4.8.1 (java windows)
Cache-Control: no-cache
Content-Type: application/json; charset=utf-8
host: localhost:21758
accept: */*

Response DefaultHttpResponse(decodeResult: success, version: HTTP/1.1)
HTTP/1.1 404 Not Found
Content-Length: 807
Content-Type: application/json; charset=utf-8
cache-control: no-cache

14:10:18.131 [AsyncHttpClient-1-6] DEBUG org.asynchttpclient.netty.channel.ChannelManager - Adding key: http://localhost:21758 for channel [id: 0x211af736, L:/127.0.0.1:14213 - R:localhost/127.0.0.1:21758]
14:10:18.136 [Forwarding getCurrentUrl on session 8fa9dd47c941960d548258fe56709f9e to remote] DEBUG org.asynchttpclient.netty.request.NettyRequestSender - Using pooled Channel '[id: 0x211af736, L:/127.0.0.1:14213 - R:localhost/127.0.0.1:21758]' for 'GET' to 'http://localhost:21758/session/8fa9dd47c941960d548258fe56709f9e/url'
14:10:18.136 [Forwarding getCurrentUrl on session 8fa9dd47c941960d548258fe56709f9e to remote] DEBUG org.asynchttpclient.netty.request.NettyRequestSender - Using open Channel [id: 0x211af736, L:/127.0.0.1:14213 - R:localhost/127.0.0.1:21758] for GET '/session/8fa9dd47c941960d548258fe56709f9e/url'
14:10:18.141 [AsyncHttpClient-1-6] DEBUG org.asynchttpclient.netty.handler.HttpHandler - 

Request DefaultFullHttpRequest(decodeResult: success, version: HTTP/1.1, content: EmptyByteBufBE)
GET /session/8fa9dd47c941960d548258fe56709f9e/url HTTP/1.1
User-Agent: selenium/4.8.1 (java windows)
Cache-Control: no-cache
Content-Type: application/json; charset=utf-8
host: localhost:21758
accept: */*

Response DefaultHttpResponse(decodeResult: success, version: HTTP/1.1)
HTTP/1.1 200 OK
Content-Length: 64
Content-Type: application/json; charset=utf-8
cache-control: no-cache

14:10:18.141 [AsyncHttpClient-1-6] DEBUG org.asynchttpclient.netty.channel.ChannelManager - Adding key: http://localhost:21758 for channel [id: 0x211af736, L:/127.0.0.1:14213 - R:localhost/127.0.0.1:21758]
14:10:18.142 [Forwarding screenshot on session 8fa9dd47c941960d548258fe56709f9e to remote] DEBUG org.asynchttpclient.netty.request.NettyRequestSender - Using pooled Channel '[id: 0x211af736, L:/127.0.0.1:14213 - R:localhost/127.0.0.1:21758]' for 'GET' to 'http://localhost:21758/session/8fa9dd47c941960d548258fe56709f9e/screenshot'
14:10:18.143 [Forwarding screenshot on session 8fa9dd47c941960d548258fe56709f9e to remote] DEBUG org.asynchttpclient.netty.request.NettyRequestSender - Using open Channel [id: 0x211af736, L:/127.0.0.1:14213 - R:localhost/127.0.0.1:21758] for GET '/session/8fa9dd47c941960d548258fe56709f9e/screenshot'
14:10:18.301 [AsyncHttpClient-1-6] DEBUG org.asynchttpclient.netty.handler.HttpHandler - 

Request DefaultFullHttpRequest(decodeResult: success, version: HTTP/1.1, content: EmptyByteBufBE)
GET /session/8fa9dd47c941960d548258fe56709f9e/screenshot HTTP/1.1
User-Agent: selenium/4.8.1 (java windows)
Cache-Control: no-cache
Content-Type: application/json; charset=utf-8
host: localhost:21758
accept: */*

Response DefaultHttpResponse(decodeResult: success, version: HTTP/1.1)
HTTP/1.1 200 OK
Content-Length: 129772
Content-Type: application/json; charset=utf-8
cache-control: no-cache

14:10:18.303 [AsyncHttpClient-1-6] DEBUG org.asynchttpclient.netty.channel.ChannelManager - Adding key: http://localhost:21758 for channel [id: 0x211af736, L:/127.0.0.1:14213 - R:localhost/127.0.0.1:21758]
14:10:18.314 [main] DEBUG net.serenitybdd.core.photography.Darkroom - Send negative for processing for target\site\serenity\2bf8175e55ec5f3b6870a482dac95a46b2a70c6ea7f4c10441fc0bec776e8610.png
14:10:18.318 [Darkroom Processing Line] DEBUG net.serenitybdd.core.photography.DarkroomProcessingLine - Processing screenshot image in /var/screenshots/screenshot-8470225427281323938
14:10:18.319 [Darkroom Processing Line] DEBUG net.serenitybdd.core.photography.DarkroomProcessingLine - Saving screenshot to target\site\serenity\2bf8175e55ec5f3b6870a482dac95a46b2a70c6ea7f4c10441fc0bec776e8610.png
14:10:18.320 [Forwarding getPageSource on session 8fa9dd47c941960d548258fe56709f9e to remote] DEBUG org.asynchttpclient.netty.request.NettyRequestSender - Using pooled Channel '[id: 0x211af736, L:/127.0.0.1:14213 - R:localhost/127.0.0.1:21758]' for 'POST' to 'http://localhost:21758/session/8fa9dd47c941960d548258fe56709f9e/execute/sync'
14:10:18.320 [Forwarding getPageSource on session 8fa9dd47c941960d548258fe56709f9e to remote] DEBUG org.asynchttpclient.netty.request.NettyRequestSender - Using open Channel [id: 0x211af736, L:/127.0.0.1:14213 - R:localhost/127.0.0.1:21758] for POST '/session/8fa9dd47c941960d548258fe56709f9e/execute/sync'
14:10:18.328 [AsyncHttpClient-1-6] DEBUG org.asynchttpclient.netty.handler.HttpHandler - 

Request DefaultHttpRequest(decodeResult: success, version: HTTP/1.1)
POST /session/8fa9dd47c941960d548258fe56709f9e/execute/sync HTTP/1.1
User-Agent: selenium/4.8.1 (java windows)
Content-Length: 176
Content-Type: application/json; charset=utf-8
host: localhost:21758
accept: */*

Response DefaultHttpResponse(decodeResult: success, version: HTTP/1.1)
HTTP/1.1 200 OK
Content-Length: 6103
Content-Type: application/json; charset=utf-8
cache-control: no-cache

14:10:18.329 [AsyncHttpClient-1-6] DEBUG org.asynchttpclient.netty.channel.ChannelManager - Adding key: http://localhost:21758 for channel [id: 0x211af736, L:/127.0.0.1:14213 - R:localhost/127.0.0.1:21758]
14:10:18.335 [Forwarding getCurrentUrl on session 8fa9dd47c941960d548258fe56709f9e to remote] DEBUG org.asynchttpclient.netty.request.NettyRequestSender - Using pooled Channel '[id: 0x211af736, L:/127.0.0.1:14213 - R:localhost/127.0.0.1:21758]' for 'GET' to 'http://localhost:21758/session/8fa9dd47c941960d548258fe56709f9e/url'
14:10:18.335 [Forwarding getCurrentUrl on session 8fa9dd47c941960d548258fe56709f9e to remote] DEBUG org.asynchttpclient.netty.request.NettyRequestSender - Using open Channel [id: 0x211af736, L:/127.0.0.1:14213 - R:localhost/127.0.0.1:21758] for GET '/session/8fa9dd47c941960d548258fe56709f9e/url'
14:10:18.340 [AsyncHttpClient-1-6] DEBUG org.asynchttpclient.netty.handler.HttpHandler - 

Request DefaultFullHttpRequest(decodeResult: success, version: HTTP/1.1, content: EmptyByteBufBE)
GET /session/8fa9dd47c941960d548258fe56709f9e/url HTTP/1.1
User-Agent: selenium/4.8.1 (java windows)
Cache-Control: no-cache
Content-Type: application/json; charset=utf-8
host: localhost:21758
accept: */*

Response DefaultHttpResponse(decodeResult: success, version: HTTP/1.1)
HTTP/1.1 200 OK
Content-Length: 64
Content-Type: application/json; charset=utf-8
cache-control: no-cache

14:10:18.341 [AsyncHttpClient-1-6] DEBUG org.asynchttpclient.netty.channel.ChannelManager - Adding key: http://localhost:21758 for channel [id: 0x211af736, L:/127.0.0.1:14213 - R:localhost/127.0.0.1:21758]
14:10:18.347 [main] DEBUG net.thucydides.core.steps.StepInterceptor - STARTING STEP: Failed1SigninSteps.onTheHomePageInvalidAccount - errorMessageAppear
14:10:18.355 [Forwarding findElement on session 8fa9dd47c941960d548258fe56709f9e to remote] DEBUG org.asynchttpclient.netty.request.NettyRequestSender - Using pooled Channel '[id: 0x211af736, L:/127.0.0.1:14213 - R:localhost/127.0.0.1:21758]' for 'POST' to 'http://localhost:21758/session/8fa9dd47c941960d548258fe56709f9e/element'
14:10:18.355 [Forwarding findElement on session 8fa9dd47c941960d548258fe56709f9e to remote] DEBUG org.asynchttpclient.netty.request.NettyRequestSender - Using open Channel [id: 0x211af736, L:/127.0.0.1:14213 - R:localhost/127.0.0.1:21758] for POST '/session/8fa9dd47c941960d548258fe56709f9e/element'
14:10:18.374 [AsyncHttpClient-1-6] DEBUG org.asynchttpclient.netty.handler.HttpHandler - 

Request DefaultHttpRequest(decodeResult: success, version: HTTP/1.1)
POST /session/8fa9dd47c941960d548258fe56709f9e/element HTTP/1.1
User-Agent: selenium/4.8.1 (java windows)
Content-Length: 83
Content-Type: application/json; charset=utf-8
host: localhost:21758
accept: */*

Response DefaultHttpResponse(decodeResult: success, version: HTTP/1.1)
HTTP/1.1 200 OK
Content-Length: 95
Content-Type: application/json; charset=utf-8
cache-control: no-cache

14:10:18.375 [AsyncHttpClient-1-6] DEBUG org.asynchttpclient.netty.channel.ChannelManager - Adding key: http://localhost:21758 for channel [id: 0x211af736, L:/127.0.0.1:14213 - R:localhost/127.0.0.1:21758]
14:10:18.477 [Forwarding isElementDisplayed on session 8fa9dd47c941960d548258fe56709f9e to remote] DEBUG org.asynchttpclient.netty.request.NettyRequestSender - Using pooled Channel '[id: 0x211af736, L:/127.0.0.1:14213 - R:localhost/127.0.0.1:21758]' for 'POST' to 'http://localhost:21758/session/8fa9dd47c941960d548258fe56709f9e/execute/sync'
14:10:18.477 [Forwarding isElementDisplayed on session 8fa9dd47c941960d548258fe56709f9e to remote] DEBUG org.asynchttpclient.netty.request.NettyRequestSender - Using open Channel [id: 0x211af736, L:/127.0.0.1:14213 - R:localhost/127.0.0.1:21758] for POST '/session/8fa9dd47c941960d548258fe56709f9e/execute/sync'
14:10:18.504 [AsyncHttpClient-1-6] DEBUG org.asynchttpclient.netty.handler.HttpHandler - 

Request DefaultHttpRequest(decodeResult: success, version: HTTP/1.1)
POST /session/8fa9dd47c941960d548258fe56709f9e/execute/sync HTTP/1.1
User-Agent: selenium/4.8.1 (java windows)
Content-Length: 48814
Content-Type: application/json; charset=utf-8
host: localhost:21758
accept: */*

Response DefaultHttpResponse(decodeResult: success, version: HTTP/1.1)
HTTP/1.1 200 OK
Content-Length: 14
Content-Type: application/json; charset=utf-8
cache-control: no-cache

14:10:18.504 [AsyncHttpClient-1-6] DEBUG org.asynchttpclient.netty.channel.ChannelManager - Adding key: http://localhost:21758 for channel [id: 0x211af736, L:/127.0.0.1:14213 - R:localhost/127.0.0.1:21758]
14:10:18.514 [Forwarding getAlertText on session 8fa9dd47c941960d548258fe56709f9e to remote] DEBUG org.asynchttpclient.netty.request.NettyRequestSender - Using pooled Channel '[id: 0x211af736, L:/127.0.0.1:14213 - R:localhost/127.0.0.1:21758]' for 'GET' to 'http://localhost:21758/session/8fa9dd47c941960d548258fe56709f9e/alert/text'
14:10:18.514 [Forwarding getAlertText on session 8fa9dd47c941960d548258fe56709f9e to remote] DEBUG org.asynchttpclient.netty.request.NettyRequestSender - Using open Channel [id: 0x211af736, L:/127.0.0.1:14213 - R:localhost/127.0.0.1:21758] for GET '/session/8fa9dd47c941960d548258fe56709f9e/alert/text'
14:10:18.518 [AsyncHttpClient-1-6] DEBUG org.asynchttpclient.netty.handler.HttpHandler - 

Request DefaultFullHttpRequest(decodeResult: success, version: HTTP/1.1, content: EmptyByteBufBE)
GET /session/8fa9dd47c941960d548258fe56709f9e/alert/text HTTP/1.1
User-Agent: selenium/4.8.1 (java windows)
Cache-Control: no-cache
Content-Type: application/json; charset=utf-8
host: localhost:21758
accept: */*

Response DefaultHttpResponse(decodeResult: success, version: HTTP/1.1)
HTTP/1.1 404 Not Found
Content-Length: 807
Content-Type: application/json; charset=utf-8
cache-control: no-cache

14:10:18.518 [AsyncHttpClient-1-6] DEBUG org.asynchttpclient.netty.channel.ChannelManager - Adding key: http://localhost:21758 for channel [id: 0x211af736, L:/127.0.0.1:14213 - R:localhost/127.0.0.1:21758]
14:10:18.521 [Forwarding getCurrentUrl on session 8fa9dd47c941960d548258fe56709f9e to remote] DEBUG org.asynchttpclient.netty.request.NettyRequestSender - Using pooled Channel '[id: 0x211af736, L:/127.0.0.1:14213 - R:localhost/127.0.0.1:21758]' for 'GET' to 'http://localhost:21758/session/8fa9dd47c941960d548258fe56709f9e/url'
14:10:18.521 [Forwarding getCurrentUrl on session 8fa9dd47c941960d548258fe56709f9e to remote] DEBUG org.asynchttpclient.netty.request.NettyRequestSender - Using open Channel [id: 0x211af736, L:/127.0.0.1:14213 - R:localhost/127.0.0.1:21758] for GET '/session/8fa9dd47c941960d548258fe56709f9e/url'
14:10:18.526 [AsyncHttpClient-1-6] DEBUG org.asynchttpclient.netty.handler.HttpHandler - 

Request DefaultFullHttpRequest(decodeResult: success, version: HTTP/1.1, content: EmptyByteBufBE)
GET /session/8fa9dd47c941960d548258fe56709f9e/url HTTP/1.1
User-Agent: selenium/4.8.1 (java windows)
Cache-Control: no-cache
Content-Type: application/json; charset=utf-8
host: localhost:21758
accept: */*

Response DefaultHttpResponse(decodeResult: success, version: HTTP/1.1)
HTTP/1.1 200 OK
Content-Length: 64
Content-Type: application/json; charset=utf-8
cache-control: no-cache

14:10:18.526 [AsyncHttpClient-1-6] DEBUG org.asynchttpclient.netty.channel.ChannelManager - Adding key: http://localhost:21758 for channel [id: 0x211af736, L:/127.0.0.1:14213 - R:localhost/127.0.0.1:21758]
14:10:18.527 [Forwarding screenshot on session 8fa9dd47c941960d548258fe56709f9e to remote] DEBUG org.asynchttpclient.netty.request.NettyRequestSender - Using pooled Channel '[id: 0x211af736, L:/127.0.0.1:14213 - R:localhost/127.0.0.1:21758]' for 'GET' to 'http://localhost:21758/session/8fa9dd47c941960d548258fe56709f9e/screenshot'
14:10:18.527 [Forwarding screenshot on session 8fa9dd47c941960d548258fe56709f9e to remote] DEBUG org.asynchttpclient.netty.request.NettyRequestSender - Using open Channel [id: 0x211af736, L:/127.0.0.1:14213 - R:localhost/127.0.0.1:21758] for GET '/session/8fa9dd47c941960d548258fe56709f9e/screenshot'
14:10:18.683 [AsyncHttpClient-1-6] DEBUG org.asynchttpclient.netty.handler.HttpHandler - 

Request DefaultFullHttpRequest(decodeResult: success, version: HTTP/1.1, content: EmptyByteBufBE)
GET /session/8fa9dd47c941960d548258fe56709f9e/screenshot HTTP/1.1
User-Agent: selenium/4.8.1 (java windows)
Cache-Control: no-cache
Content-Type: application/json; charset=utf-8
host: localhost:21758
accept: */*

Response DefaultHttpResponse(decodeResult: success, version: HTTP/1.1)
HTTP/1.1 200 OK
Content-Length: 129740
Content-Type: application/json; charset=utf-8
cache-control: no-cache

14:10:18.685 [AsyncHttpClient-1-6] DEBUG org.asynchttpclient.netty.channel.ChannelManager - Adding key: http://localhost:21758 for channel [id: 0x211af736, L:/127.0.0.1:14213 - R:localhost/127.0.0.1:21758]
14:10:18.698 [AsyncHttpClient-1-1] DEBUG org.asynchttpclient.netty.channel.DefaultChannelPool - Entry count for : http://localhost:14215 : 1
14:10:18.699 [main] DEBUG net.serenitybdd.core.photography.Darkroom - Send negative for processing for target\site\serenity\645b85cd74744393c2b136b3b5e959ad47d5765dfe72987f1abf1c53d1e3a6f6.png
14:10:18.699 [main] DEBUG net.thucydides.core.steps.StepInterceptor - STEP DONE: errorMessageAppear
  &amp#27;[32mThen &amp#27;[0m&amp#27;[32mI am on the home page invalid account&amp#27;[0m                                     &amp#27;[90m# Starter.Stepdefitions.Failed1SigninSteps.onTheHomePageInvalidAccount()&amp#27;[0m
14:10:18.700 [AsyncHttpClient-1-1] DEBUG org.asynchttpclient.netty.channel.DefaultChannelPool - Entry count for : http://localhost:21758 : 1
14:10:18.700 [Darkroom Processing Line] DEBUG net.serenitybdd.core.photography.DarkroomProcessingLine - Processing screenshot image in /var/screenshots/screenshot-3406261538478030869
14:10:18.700 [Darkroom Processing Line] DEBUG net.serenitybdd.core.photography.DarkroomProcessingLine - Saving screenshot to target\site\serenity\645b85cd74744393c2b136b3b5e959ad47d5765dfe72987f1abf1c53d1e3a6f6.png
14:10:18.710 [main] INFO  - 
  _____   ___   ___   _____     ___     _     ___   ___   ___   ___  
 |_   _| | __| / __| |_   _|   | _ \   /_\   / __| / __| | __| |   \ 
   | |   | _|  \__ \   | |     |  _/  / _ \  \__ \ \__ \ | _|  | |) |
   |_|   |___| |___/   |_|     |_|   /_/ \_\ |___/ |___/ |___| |___/ 

As user, I have be able to failed login because account not registered
----------------------------------------------------------------------
14:10:18.712 [AsyncHttpClient-1-8] DEBUG org.asynchttpclient.netty.handler.WebSocketHandler - Channel Closed: [id: 0xf2040868, L:/127.0.0.1:14221 ! R:localhost/127.0.0.1:14215] with attribute NettyResponseFuture{currentRetry=0,
	isDone=1,
	isCancelled=0,
	asyncHandler=org.asynchttpclient.ws.WebSocketUpgradeHandler@138fb2f,
	nettyRequest=org.asynchttpclient.netty.request.NettyRequest@70d843,
	future=java.util.concurrent.CompletableFuture@132bcc2[Completed normally],
	uri=ws://localhost:14215/devtools/browser/e474a37d-b168-42b3-929b-591cbc3bda41,
	keepAlive=true,
	redirectCount=0,
	timeoutsHolder=null,
	inAuth=0,
	touch=1687676997431}
14:10:18.712 [AsyncHttpClient-1-8] DEBUG org.asynchttpclient.netty.channel.ChannelManager - Closing Channel [id: 0xf2040868, L:/127.0.0.1:14221 ! R:localhost/127.0.0.1:14215] 
14:10:18.713 [Driver Command Executor] DEBUG org.asynchttpclient.netty.request.NettyRequestSender - Using pooled Channel '[id: 0x211af736, L:/127.0.0.1:14213 - R:localhost/127.0.0.1:21758]' for 'DELETE' to 'http://localhost:21758/session/8fa9dd47c941960d548258fe56709f9e'
14:10:18.713 [Driver Command Executor] DEBUG org.asynchttpclient.netty.request.NettyRequestSender - Using open Channel [id: 0x211af736, L:/127.0.0.1:14213 - R:localhost/127.0.0.1:21758] for DELETE '/session/8fa9dd47c941960d548258fe56709f9e'
14:10:19.111 [AsyncHttpClient-1-7] DEBUG org.asynchttpclient.netty.handler.HttpHandler - Unexpected I/O exception on channel [id: 0x86e5c6a2, L:/127.0.0.1:14220 - R:localhost/127.0.0.1:14215]
java.io.IOException: An existing connection was forcibly closed by the remote host
	at sun.nio.ch.SocketDispatcher.read0(Native Method)
	at sun.nio.ch.SocketDispatcher.read(SocketDispatcher.java:43)
	at sun.nio.ch.IOUtil.readIntoNativeBuffer(IOUtil.java:223)
	at sun.nio.ch.IOUtil.read(IOUtil.java:192)
	at sun.nio.ch.SocketChannelImpl.read(SocketChannelImpl.java:379)
	at io.netty.buffer.PooledByteBuf.setBytes(PooledByteBuf.java:259)
	at io.netty.buffer.AbstractByteBuf.writeBytes(AbstractByteBuf.java:1132)
	at io.netty.channel.socket.nio.NioSocketChannel.doReadBytes(NioSocketChannel.java:357)
	at io.netty.channel.nio.AbstractNioByteChannel$NioByteUnsafe.read(AbstractNioByteChannel.java:151)
	at io.netty.channel.nio.NioEventLoop.processSelectedKey(NioEventLoop.java:788)
	at io.netty.channel.nio.NioEventLoop.processSelectedKeysOptimized(NioEventLoop.java:724)
	at io.netty.channel.nio.NioEventLoop.processSelectedKeys(NioEventLoop.java:650)
	at io.netty.channel.nio.NioEventLoop.run(NioEventLoop.java:562)
	at io.netty.util.concurrent.SingleThreadEventExecutor$4.run(SingleThreadEventExecutor.java:997)
	at io.netty.util.internal.ThreadExecutorMap$2.run(ThreadExecutorMap.java:74)
	at io.netty.util.concurrent.FastThreadLocalRunnable.run(FastThreadLocalRunnable.java:30)
	at java.lang.Thread.run(Thread.java:745)
14:10:19.112 [AsyncHttpClient-1-7] DEBUG org.asynchttpclient.netty.channel.ChannelManager - Closing Channel [id: 0x86e5c6a2, L:/127.0.0.1:14220 - R:localhost/127.0.0.1:14215] 
14:10:19.112 [AsyncHttpClient-1-7] DEBUG org.asynchttpclient.netty.handler.HttpHandler - Channel Closed: [id: 0x86e5c6a2, L:/127.0.0.1:14220 ! R:localhost/127.0.0.1:14215] with attribute DISCARD
14:10:19.661 [AsyncHttpClient-1-6] DEBUG org.asynchttpclient.netty.handler.HttpHandler - 

Request DefaultFullHttpRequest(decodeResult: success, version: HTTP/1.1, content: EmptyByteBufBE)
DELETE /session/8fa9dd47c941960d548258fe56709f9e HTTP/1.1
User-Agent: selenium/4.8.1 (java windows)
Content-Type: application/json; charset=utf-8
host: localhost:21758
accept: */*

Response DefaultHttpResponse(decodeResult: success, version: HTTP/1.1)
HTTP/1.1 200 OK
Content-Length: 14
Content-Type: application/json; charset=utf-8
cache-control: no-cache

14:10:19.661 [AsyncHttpClient-1-6] DEBUG org.asynchttpclient.netty.channel.ChannelManager - Adding key: http://localhost:21758 for channel [id: 0x211af736, L:/127.0.0.1:14213 - R:localhost/127.0.0.1:21758]
14:10:19.752 [AsyncHttpClient-1-6] DEBUG org.asynchttpclient.netty.handler.HttpHandler - Channel Closed: [id: 0x211af736, L:/127.0.0.1:14213 ! R:localhost/127.0.0.1:21758] with attribute DISCARD
14:10:19.799 [AsyncHttpClient-1-1] DEBUG org.asynchttpclient.netty.channel.DefaultChannelPool - Entry count for : http://localhost:14215 : 1
14:10:19.799 [AsyncHttpClient-1-1] DEBUG org.asynchttpclient.netty.channel.DefaultChannelPool - Entry count for : http://localhost:21758 : 1
14:10:19.799 [AsyncHttpClient-1-1] DEBUG org.asynchttpclient.netty.channel.DefaultChannelPool - Adding Candidate expired Channel [id: 0x86e5c6a2, L:/127.0.0.1:14220 ! R:localhost/127.0.0.1:14215] isIdleTimeoutExpired=false isRemotelyClosed=true isTtlExpired=false
14:10:19.799 [AsyncHttpClient-1-1] DEBUG org.asynchttpclient.netty.channel.DefaultChannelPool - Closing Idle Channel [id: 0x86e5c6a2, L:/127.0.0.1:14220 ! R:localhost/127.0.0.1:14215]
14:10:19.799 [AsyncHttpClient-1-1] DEBUG org.asynchttpclient.netty.channel.DefaultChannelPool - Adding Candidate expired Channel [id: 0x211af736, L:/127.0.0.1:14213 ! R:localhost/127.0.0.1:21758] isIdleTimeoutExpired=false isRemotelyClosed=true isTtlExpired=false
14:10:19.799 [AsyncHttpClient-1-1] DEBUG org.asynchttpclient.netty.channel.DefaultChannelPool - Closing Idle Channel [id: 0x211af736, L:/127.0.0.1:14213 ! R:localhost/127.0.0.1:21758]
14:10:19.799 [AsyncHttpClient-1-1] DEBUG org.asynchttpclient.netty.channel.DefaultChannelPool - Closed 2 connections out of 2 in 0 ms
]]></system-out>
    <system-err><![CDATA[Starting ChromeDriver 114.0.5735.90 (386bc09e8f4f2e025eddae123f36f6263096ae49-refs/branch-heads/5735@{#1052}) on port 21758
Only local connections are allowed.
Please see https://chromedriver.chromium.org/security-considerations for suggestions on keeping ChromeDriver safe.
ChromeDriver was started successfully.
Jun 25, 2023 2:09:57 PM org.openqa.selenium.devtools.CdpVersionFinder findNearestMatch
WARNING: Unable to find an exact match for CDP version 114, so returning the closest version found: 110
]]></system-err>
  </testcase>
  <testcase name="As user, I have be able to failed login because wrong email" classname="User be able to sign in" time="15.969">
    <system-out><![CDATA[
@wrong-email
Scenario: As user, I have be able to failed login because wrong email &amp#27;[90m# src/test/resources/Feature/Signin.feature:23&amp#27;[0m
14:10:20.275 [main] DEBUG io.cucumber.core.plugin.SerenityReporter - Running feature from file:///C:/Users/USER/IdeaProjects/Capston_webtesting/src/test/resources/Feature/Signin.feature
14:10:20.275 [main] WARN io.cucumber.core.plugin.SerenityReporter - Feature from file:///C:/Users/USER/IdeaProjects/Capston_webtesting/src/test/resources/Feature/Signin.feature is not under the 'features' directory. Requirements report will not be correctly generated!
14:10:20.279 [main] INFO  - 
  _____   ___   ___   _____     ___   _____     _     ___   _____   ___   ___  
 |_   _| | __| / __| |_   _|   / __| |_   _|   /_\   | _ \ |_   _| | __| |   \ 
   | |   | _|  \__ \   | |     \__ \   | |    / _ \  |   /   | |   | _|  | |) |
   |_|   |___| |___/   |_|     |___/   |_|   /_/ \_\ |_|_\   |_|   |___| |___/ 

As user, I have be able to failed login because wrong email(user-be-able-to-sign-in;as-user--i-have-be-able-to-failed-login-because-wrong-email)
--------------------------------------------------------------------------------
14:10:20.309 [main] DEBUG net.thucydides.core.steps.StepInterceptor - STARTING STEP: Failed2SigninSteps.onLoginPageWrongEmail - openPage
14:10:20.413 [main] INFO net.serenitybdd.core.webdriver.driverproviders.ChromeDriverProvider - Starting Chrome driver instance with capabilities:
14:10:20.414 [main] INFO net.serenitybdd.core.webdriver.driverproviders.ChromeDriverProvider - Capabilities {acceptInsecureCerts: false, browserName: chrome, goog:chromeOptions: {args: [remote-allow-origins=*], extensions: []}}
14:10:20.490 [AsyncHttpClient-1-9] DEBUG org.asynchttpclient.netty.channel.NettyConnectListener - Using new Channel '[id: 0xb2b85260, L:/127.0.0.1:14238 - R:localhost/127.0.0.1:23964]' for 'POST' to '/session'
14:10:23.844 [AsyncHttpClient-1-9] DEBUG org.asynchttpclient.netty.handler.HttpHandler - 

Request DefaultHttpRequest(decodeResult: success, version: HTTP/1.1)
POST /session HTTP/1.1
User-Agent: selenium/4.8.1 (java windows)
Content-Length: 507
Content-Type: application/json; charset=utf-8
host: localhost:23964
accept: */*

Response DefaultHttpResponse(decodeResult: success, version: HTTP/1.1)
HTTP/1.1 200 OK
Content-Length: 860
Content-Type: application/json; charset=utf-8
cache-control: no-cache

14:10:23.844 [AsyncHttpClient-1-9] DEBUG org.asynchttpclient.netty.channel.ChannelManager - Adding key: http://localhost:23964 for channel [id: 0xb2b85260, L:/127.0.0.1:14238 - R:localhost/127.0.0.1:23964]
14:10:23.856 [AsyncHttpClient-1-2] DEBUG org.asynchttpclient.netty.channel.NettyConnectListener - Using new Channel '[id: 0xf2b47275, L:/127.0.0.1:14244 - R:localhost/127.0.0.1:14239]' for 'GET' to '/json/version'
14:10:23.857 [AsyncHttpClient-1-2] DEBUG org.asynchttpclient.netty.handler.HttpHandler - 

Request DefaultFullHttpRequest(decodeResult: success, version: HTTP/1.1, content: EmptyByteBufBE)
GET /json/version HTTP/1.1
User-Agent: selenium/4.8.1 (java windows)
host: localhost:14239
accept: */*

Response DefaultHttpResponse(decodeResult: success, version: HTTP/1.1)
HTTP/1.1 200 OK
Content-Security-Policy: frame-ancestors 'none'
Content-Length: 424
Content-Type: application/json; charset=UTF-8

14:10:23.857 [AsyncHttpClient-1-2] DEBUG org.asynchttpclient.netty.channel.ChannelManager - Adding key: http://localhost:14239 for channel [id: 0xf2b47275, L:/127.0.0.1:14244 - R:localhost/127.0.0.1:14239]
14:10:23.861 [AsyncHttpClient-1-3] DEBUG org.asynchttpclient.netty.channel.NettyConnectListener - Using new Channel '[id: 0x7b62d2e7, L:/127.0.0.1:14245 - R:localhost/127.0.0.1:14239]' for 'GET' to '/devtools/browser/bb337866-9975-4f4b-8c3f-616221acf493'
14:10:23.862 [AsyncHttpClient-1-3] DEBUG org.asynchttpclient.netty.handler.WebSocketHandler - 

Request DefaultFullHttpRequest(decodeResult: success, version: HTTP/1.1, content: EmptyByteBufBE)
GET /devtools/browser/bb337866-9975-4f4b-8c3f-616221acf493 HTTP/1.1
upgrade: websocket
connection: upgrade
sec-websocket-key: mtbjv9y+MccjyrtSpnIYPw==
sec-websocket-version: 13
origin: http://localhost:14239
host: localhost:14239
accept: */*
user-agent: AHC/2.1

Response DefaultHttpResponse(decodeResult: success, version: HTTP/1.1)
HTTP/1.1 101 WebSocket Protocol Handshake
Upgrade: WebSocket
Connection: Upgrade
Sec-WebSocket-Accept: jxKHg7spmQX2jUl6CPa2qST7iOM=

14:10:23.869 [Forwarding get on session 26d21526e529ce1a8add3850a3a12f45 to remote] DEBUG org.asynchttpclient.netty.request.NettyRequestSender - Using pooled Channel '[id: 0xb2b85260, L:/127.0.0.1:14238 - R:localhost/127.0.0.1:23964]' for 'POST' to 'http://localhost:23964/session/26d21526e529ce1a8add3850a3a12f45/url'
14:10:23.869 [Forwarding get on session 26d21526e529ce1a8add3850a3a12f45 to remote] DEBUG org.asynchttpclient.netty.request.NettyRequestSender - Using open Channel [id: 0xb2b85260, L:/127.0.0.1:14238 - R:localhost/127.0.0.1:23964] for POST '/session/26d21526e529ce1a8add3850a3a12f45/url'
14:10:24.198 [AsyncHttpClient-1-1] DEBUG org.asynchttpclient.netty.channel.DefaultChannelPool - Entry count for : http://localhost:14239 : 1
14:10:25.299 [AsyncHttpClient-1-1] DEBUG org.asynchttpclient.netty.channel.DefaultChannelPool - Entry count for : http://localhost:14239 : 1
14:10:26.399 [AsyncHttpClient-1-1] DEBUG org.asynchttpclient.netty.channel.DefaultChannelPool - Entry count for : http://localhost:14239 : 1
14:10:27.498 [AsyncHttpClient-1-1] DEBUG org.asynchttpclient.netty.channel.DefaultChannelPool - Entry count for : http://localhost:14239 : 1
14:10:28.598 [AsyncHttpClient-1-1] DEBUG org.asynchttpclient.netty.channel.DefaultChannelPool - Entry count for : http://localhost:14239 : 1
14:10:29.168 [AsyncHttpClient-1-9] DEBUG org.asynchttpclient.netty.handler.HttpHandler - 

Request DefaultHttpRequest(decodeResult: success, version: HTTP/1.1)
POST /session/26d21526e529ce1a8add3850a3a12f45/url HTTP/1.1
User-Agent: selenium/4.8.1 (java windows)
Content-Length: 82
Content-Type: application/json; charset=utf-8
host: localhost:23964
accept: */*

Response DefaultHttpResponse(decodeResult: success, version: HTTP/1.1)
HTTP/1.1 200 OK
Content-Length: 14
Content-Type: application/json; charset=utf-8
cache-control: no-cache

14:10:29.168 [AsyncHttpClient-1-9] DEBUG org.asynchttpclient.netty.channel.ChannelManager - Adding key: http://localhost:23964 for channel [id: 0xb2b85260, L:/127.0.0.1:14238 - R:localhost/127.0.0.1:23964]
14:10:29.170 [Forwarding setTimeout on session 26d21526e529ce1a8add3850a3a12f45 to remote] DEBUG org.asynchttpclient.netty.request.NettyRequestSender - Using pooled Channel '[id: 0xb2b85260, L:/127.0.0.1:14238 - R:localhost/127.0.0.1:23964]' for 'POST' to 'http://localhost:23964/session/26d21526e529ce1a8add3850a3a12f45/timeouts'
14:10:29.171 [Forwarding setTimeout on session 26d21526e529ce1a8add3850a3a12f45 to remote] DEBUG org.asynchttpclient.netty.request.NettyRequestSender - Using open Channel [id: 0xb2b85260, L:/127.0.0.1:14238 - R:localhost/127.0.0.1:23964] for POST '/session/26d21526e529ce1a8add3850a3a12f45/timeouts'
14:10:29.172 [AsyncHttpClient-1-9] DEBUG org.asynchttpclient.netty.handler.HttpHandler - 

Request DefaultHttpRequest(decodeResult: success, version: HTTP/1.1)
POST /session/26d21526e529ce1a8add3850a3a12f45/timeouts HTTP/1.1
User-Agent: selenium/4.8.1 (java windows)
Content-Length: 22
Content-Type: application/json; charset=utf-8
host: localhost:23964
accept: */*

Response DefaultHttpResponse(decodeResult: success, version: HTTP/1.1)
HTTP/1.1 200 OK
Content-Length: 14
Content-Type: application/json; charset=utf-8
cache-control: no-cache

14:10:29.172 [AsyncHttpClient-1-9] DEBUG org.asynchttpclient.netty.channel.ChannelManager - Adding key: http://localhost:23964 for channel [id: 0xb2b85260, L:/127.0.0.1:14238 - R:localhost/127.0.0.1:23964]
14:10:29.191 [Forwarding getAlertText on session 26d21526e529ce1a8add3850a3a12f45 to remote] DEBUG org.asynchttpclient.netty.request.NettyRequestSender - Using pooled Channel '[id: 0xb2b85260, L:/127.0.0.1:14238 - R:localhost/127.0.0.1:23964]' for 'GET' to 'http://localhost:23964/session/26d21526e529ce1a8add3850a3a12f45/alert/text'
14:10:29.191 [Forwarding getAlertText on session 26d21526e529ce1a8add3850a3a12f45 to remote] DEBUG org.asynchttpclient.netty.request.NettyRequestSender - Using open Channel [id: 0xb2b85260, L:/127.0.0.1:14238 - R:localhost/127.0.0.1:23964] for GET '/session/26d21526e529ce1a8add3850a3a12f45/alert/text'
14:10:29.193 [AsyncHttpClient-1-9] DEBUG org.asynchttpclient.netty.handler.HttpHandler - 

Request DefaultFullHttpRequest(decodeResult: success, version: HTTP/1.1, content: EmptyByteBufBE)
GET /session/26d21526e529ce1a8add3850a3a12f45/alert/text HTTP/1.1
User-Agent: selenium/4.8.1 (java windows)
Cache-Control: no-cache
Content-Type: application/json; charset=utf-8
host: localhost:23964
accept: */*

Response DefaultHttpResponse(decodeResult: success, version: HTTP/1.1)
HTTP/1.1 404 Not Found
Content-Length: 807
Content-Type: application/json; charset=utf-8
cache-control: no-cache

14:10:29.193 [AsyncHttpClient-1-9] DEBUG org.asynchttpclient.netty.channel.ChannelManager - Adding key: http://localhost:23964 for channel [id: 0xb2b85260, L:/127.0.0.1:14238 - R:localhost/127.0.0.1:23964]
14:10:29.196 [Forwarding getCurrentUrl on session 26d21526e529ce1a8add3850a3a12f45 to remote] DEBUG org.asynchttpclient.netty.request.NettyRequestSender - Using pooled Channel '[id: 0xb2b85260, L:/127.0.0.1:14238 - R:localhost/127.0.0.1:23964]' for 'GET' to 'http://localhost:23964/session/26d21526e529ce1a8add3850a3a12f45/url'
14:10:29.196 [Forwarding getCurrentUrl on session 26d21526e529ce1a8add3850a3a12f45 to remote] DEBUG org.asynchttpclient.netty.request.NettyRequestSender - Using open Channel [id: 0xb2b85260, L:/127.0.0.1:14238 - R:localhost/127.0.0.1:23964] for GET '/session/26d21526e529ce1a8add3850a3a12f45/url'
14:10:29.204 [AsyncHttpClient-1-9] DEBUG org.asynchttpclient.netty.handler.HttpHandler - 

Request DefaultFullHttpRequest(decodeResult: success, version: HTTP/1.1, content: EmptyByteBufBE)
GET /session/26d21526e529ce1a8add3850a3a12f45/url HTTP/1.1
User-Agent: selenium/4.8.1 (java windows)
Cache-Control: no-cache
Content-Type: application/json; charset=utf-8
host: localhost:23964
accept: */*

Response DefaultHttpResponse(decodeResult: success, version: HTTP/1.1)
HTTP/1.1 200 OK
Content-Length: 64
Content-Type: application/json; charset=utf-8
cache-control: no-cache

14:10:29.204 [AsyncHttpClient-1-9] DEBUG org.asynchttpclient.netty.channel.ChannelManager - Adding key: http://localhost:23964 for channel [id: 0xb2b85260, L:/127.0.0.1:14238 - R:localhost/127.0.0.1:23964]
14:10:29.205 [Forwarding screenshot on session 26d21526e529ce1a8add3850a3a12f45 to remote] DEBUG org.asynchttpclient.netty.request.NettyRequestSender - Using pooled Channel '[id: 0xb2b85260, L:/127.0.0.1:14238 - R:localhost/127.0.0.1:23964]' for 'GET' to 'http://localhost:23964/session/26d21526e529ce1a8add3850a3a12f45/screenshot'
14:10:29.205 [Forwarding screenshot on session 26d21526e529ce1a8add3850a3a12f45 to remote] DEBUG org.asynchttpclient.netty.request.NettyRequestSender - Using open Channel [id: 0xb2b85260, L:/127.0.0.1:14238 - R:localhost/127.0.0.1:23964] for GET '/session/26d21526e529ce1a8add3850a3a12f45/screenshot'
14:10:29.697 [AsyncHttpClient-1-1] DEBUG org.asynchttpclient.netty.channel.DefaultChannelPool - Entry count for : http://localhost:14239 : 1
14:10:30.799 [AsyncHttpClient-1-1] DEBUG org.asynchttpclient.netty.channel.DefaultChannelPool - Entry count for : http://localhost:14239 : 1
14:10:31.585 [AsyncHttpClient-1-9] DEBUG org.asynchttpclient.netty.handler.HttpHandler - 

Request DefaultFullHttpRequest(decodeResult: success, version: HTTP/1.1, content: EmptyByteBufBE)
GET /session/26d21526e529ce1a8add3850a3a12f45/screenshot HTTP/1.1
User-Agent: selenium/4.8.1 (java windows)
Cache-Control: no-cache
Content-Type: application/json; charset=utf-8
host: localhost:23964
accept: */*

Response DefaultHttpResponse(decodeResult: success, version: HTTP/1.1)
HTTP/1.1 200 OK
Content-Length: 39052
Content-Type: application/json; charset=utf-8
cache-control: no-cache

14:10:31.586 [AsyncHttpClient-1-9] DEBUG org.asynchttpclient.netty.channel.ChannelManager - Adding key: http://localhost:23964 for channel [id: 0xb2b85260, L:/127.0.0.1:14238 - R:localhost/127.0.0.1:23964]
14:10:31.591 [main] DEBUG net.serenitybdd.core.photography.Darkroom - Send negative for processing for target\site\serenity\fdb08619e26b432e5813bfc5e29c881311fe7ce04a9dcc95292dfa61c5fc5ddb.png
14:10:31.592 [main] DEBUG net.thucydides.core.steps.StepInterceptor - STEP DONE: openPage
14:10:31.592 [Darkroom Processing Line] DEBUG net.serenitybdd.core.photography.DarkroomProcessingLine - Processing screenshot image in /var/screenshots/screenshot-5072819204819001335
14:10:31.592 [Darkroom Processing Line] DEBUG net.serenitybdd.core.photography.DarkroomProcessingLine - Saving screenshot to target\site\serenity\fdb08619e26b432e5813bfc5e29c881311fe7ce04a9dcc95292dfa61c5fc5ddb.png
  &amp#27;[32mGiven &amp#27;[0m&amp#27;[32mI am on the login page wrong email&amp#27;[0m                            &amp#27;[90m# Starter.Stepdefitions.Failed2SigninSteps.onLoginPageWrongEmail()&amp#27;[0m
14:10:31.622 [Forwarding getPageSource on session 26d21526e529ce1a8add3850a3a12f45 to remote] DEBUG org.asynchttpclient.netty.request.NettyRequestSender - Using pooled Channel '[id: 0xb2b85260, L:/127.0.0.1:14238 - R:localhost/127.0.0.1:23964]' for 'POST' to 'http://localhost:23964/session/26d21526e529ce1a8add3850a3a12f45/execute/sync'
14:10:31.623 [Forwarding getPageSource on session 26d21526e529ce1a8add3850a3a12f45 to remote] DEBUG org.asynchttpclient.netty.request.NettyRequestSender - Using open Channel [id: 0xb2b85260, L:/127.0.0.1:14238 - R:localhost/127.0.0.1:23964] for POST '/session/26d21526e529ce1a8add3850a3a12f45/execute/sync'
14:10:31.633 [AsyncHttpClient-1-9] DEBUG org.asynchttpclient.netty.handler.HttpHandler - 

Request DefaultHttpRequest(decodeResult: success, version: HTTP/1.1)
POST /session/26d21526e529ce1a8add3850a3a12f45/execute/sync HTTP/1.1
User-Agent: selenium/4.8.1 (java windows)
Content-Length: 176
Content-Type: application/json; charset=utf-8
host: localhost:23964
accept: */*

Response DefaultHttpResponse(decodeResult: success, version: HTTP/1.1)
HTTP/1.1 200 OK
Content-Length: 5992
Content-Type: application/json; charset=utf-8
cache-control: no-cache

14:10:31.634 [AsyncHttpClient-1-9] DEBUG org.asynchttpclient.netty.channel.ChannelManager - Adding key: http://localhost:23964 for channel [id: 0xb2b85260, L:/127.0.0.1:14238 - R:localhost/127.0.0.1:23964]
14:10:31.643 [Forwarding getCurrentUrl on session 26d21526e529ce1a8add3850a3a12f45 to remote] DEBUG org.asynchttpclient.netty.request.NettyRequestSender - Using pooled Channel '[id: 0xb2b85260, L:/127.0.0.1:14238 - R:localhost/127.0.0.1:23964]' for 'GET' to 'http://localhost:23964/session/26d21526e529ce1a8add3850a3a12f45/url'
14:10:31.643 [Forwarding getCurrentUrl on session 26d21526e529ce1a8add3850a3a12f45 to remote] DEBUG org.asynchttpclient.netty.request.NettyRequestSender - Using open Channel [id: 0xb2b85260, L:/127.0.0.1:14238 - R:localhost/127.0.0.1:23964] for GET '/session/26d21526e529ce1a8add3850a3a12f45/url'
14:10:31.650 [AsyncHttpClient-1-9] DEBUG org.asynchttpclient.netty.handler.HttpHandler - 

Request DefaultFullHttpRequest(decodeResult: success, version: HTTP/1.1, content: EmptyByteBufBE)
GET /session/26d21526e529ce1a8add3850a3a12f45/url HTTP/1.1
User-Agent: selenium/4.8.1 (java windows)
Cache-Control: no-cache
Content-Type: application/json; charset=utf-8
host: localhost:23964
accept: */*

Response DefaultHttpResponse(decodeResult: success, version: HTTP/1.1)
HTTP/1.1 200 OK
Content-Length: 64
Content-Type: application/json; charset=utf-8
cache-control: no-cache

14:10:31.650 [AsyncHttpClient-1-9] DEBUG org.asynchttpclient.netty.channel.ChannelManager - Adding key: http://localhost:23964 for channel [id: 0xb2b85260, L:/127.0.0.1:14238 - R:localhost/127.0.0.1:23964]
14:10:31.675 [Forwarding getAlertText on session 26d21526e529ce1a8add3850a3a12f45 to remote] DEBUG org.asynchttpclient.netty.request.NettyRequestSender - Using pooled Channel '[id: 0xb2b85260, L:/127.0.0.1:14238 - R:localhost/127.0.0.1:23964]' for 'GET' to 'http://localhost:23964/session/26d21526e529ce1a8add3850a3a12f45/alert/text'
14:10:31.675 [Forwarding getAlertText on session 26d21526e529ce1a8add3850a3a12f45 to remote] DEBUG org.asynchttpclient.netty.request.NettyRequestSender - Using open Channel [id: 0xb2b85260, L:/127.0.0.1:14238 - R:localhost/127.0.0.1:23964] for GET '/session/26d21526e529ce1a8add3850a3a12f45/alert/text'
14:10:31.676 [AsyncHttpClient-1-9] DEBUG org.asynchttpclient.netty.handler.HttpHandler - 

Request DefaultFullHttpRequest(decodeResult: success, version: HTTP/1.1, content: EmptyByteBufBE)
GET /session/26d21526e529ce1a8add3850a3a12f45/alert/text HTTP/1.1
User-Agent: selenium/4.8.1 (java windows)
Cache-Control: no-cache
Content-Type: application/json; charset=utf-8
host: localhost:23964
accept: */*

Response DefaultHttpResponse(decodeResult: success, version: HTTP/1.1)
HTTP/1.1 404 Not Found
Content-Length: 807
Content-Type: application/json; charset=utf-8
cache-control: no-cache

14:10:31.677 [AsyncHttpClient-1-9] DEBUG org.asynchttpclient.netty.channel.ChannelManager - Adding key: http://localhost:23964 for channel [id: 0xb2b85260, L:/127.0.0.1:14238 - R:localhost/127.0.0.1:23964]
14:10:31.678 [Forwarding getCurrentUrl on session 26d21526e529ce1a8add3850a3a12f45 to remote] DEBUG org.asynchttpclient.netty.request.NettyRequestSender - Using pooled Channel '[id: 0xb2b85260, L:/127.0.0.1:14238 - R:localhost/127.0.0.1:23964]' for 'GET' to 'http://localhost:23964/session/26d21526e529ce1a8add3850a3a12f45/url'
14:10:31.678 [Forwarding getCurrentUrl on session 26d21526e529ce1a8add3850a3a12f45 to remote] DEBUG org.asynchttpclient.netty.request.NettyRequestSender - Using open Channel [id: 0xb2b85260, L:/127.0.0.1:14238 - R:localhost/127.0.0.1:23964] for GET '/session/26d21526e529ce1a8add3850a3a12f45/url'
14:10:31.683 [AsyncHttpClient-1-9] DEBUG org.asynchttpclient.netty.handler.HttpHandler - 

Request DefaultFullHttpRequest(decodeResult: success, version: HTTP/1.1, content: EmptyByteBufBE)
GET /session/26d21526e529ce1a8add3850a3a12f45/url HTTP/1.1
User-Agent: selenium/4.8.1 (java windows)
Cache-Control: no-cache
Content-Type: application/json; charset=utf-8
host: localhost:23964
accept: */*

Response DefaultHttpResponse(decodeResult: success, version: HTTP/1.1)
HTTP/1.1 200 OK
Content-Length: 64
Content-Type: application/json; charset=utf-8
cache-control: no-cache

14:10:31.683 [AsyncHttpClient-1-9] DEBUG org.asynchttpclient.netty.channel.ChannelManager - Adding key: http://localhost:23964 for channel [id: 0xb2b85260, L:/127.0.0.1:14238 - R:localhost/127.0.0.1:23964]
14:10:31.684 [Forwarding screenshot on session 26d21526e529ce1a8add3850a3a12f45 to remote] DEBUG org.asynchttpclient.netty.request.NettyRequestSender - Using pooled Channel '[id: 0xb2b85260, L:/127.0.0.1:14238 - R:localhost/127.0.0.1:23964]' for 'GET' to 'http://localhost:23964/session/26d21526e529ce1a8add3850a3a12f45/screenshot'
14:10:31.684 [Forwarding screenshot on session 26d21526e529ce1a8add3850a3a12f45 to remote] DEBUG org.asynchttpclient.netty.request.NettyRequestSender - Using open Channel [id: 0xb2b85260, L:/127.0.0.1:14238 - R:localhost/127.0.0.1:23964] for GET '/session/26d21526e529ce1a8add3850a3a12f45/screenshot'
14:10:31.856 [AsyncHttpClient-1-9] DEBUG org.asynchttpclient.netty.handler.HttpHandler - 

Request DefaultFullHttpRequest(decodeResult: success, version: HTTP/1.1, content: EmptyByteBufBE)
GET /session/26d21526e529ce1a8add3850a3a12f45/screenshot HTTP/1.1
User-Agent: selenium/4.8.1 (java windows)
Cache-Control: no-cache
Content-Type: application/json; charset=utf-8
host: localhost:23964
accept: */*

Response DefaultHttpResponse(decodeResult: success, version: HTTP/1.1)
HTTP/1.1 200 OK
Content-Length: 125596
Content-Type: application/json; charset=utf-8
cache-control: no-cache

14:10:31.857 [AsyncHttpClient-1-9] DEBUG org.asynchttpclient.netty.channel.ChannelManager - Adding key: http://localhost:23964 for channel [id: 0xb2b85260, L:/127.0.0.1:14238 - R:localhost/127.0.0.1:23964]
14:10:31.865 [main] DEBUG net.serenitybdd.core.photography.Darkroom - Send negative for processing for target\site\serenity\830bdd557b85a27d44613b64a7d39bdd5ce5e9cd6eedc8befa21a1ab815b1265.png
14:10:31.868 [Forwarding getPageSource on session 26d21526e529ce1a8add3850a3a12f45 to remote] DEBUG org.asynchttpclient.netty.request.NettyRequestSender - Using pooled Channel '[id: 0xb2b85260, L:/127.0.0.1:14238 - R:localhost/127.0.0.1:23964]' for 'POST' to 'http://localhost:23964/session/26d21526e529ce1a8add3850a3a12f45/execute/sync'
14:10:31.868 [Forwarding getPageSource on session 26d21526e529ce1a8add3850a3a12f45 to remote] DEBUG org.asynchttpclient.netty.request.NettyRequestSender - Using open Channel [id: 0xb2b85260, L:/127.0.0.1:14238 - R:localhost/127.0.0.1:23964] for POST '/session/26d21526e529ce1a8add3850a3a12f45/execute/sync'
14:10:31.875 [AsyncHttpClient-1-9] DEBUG org.asynchttpclient.netty.handler.HttpHandler - 

Request DefaultHttpRequest(decodeResult: success, version: HTTP/1.1)
POST /session/26d21526e529ce1a8add3850a3a12f45/execute/sync HTTP/1.1
User-Agent: selenium/4.8.1 (java windows)
Content-Length: 176
Content-Type: application/json; charset=utf-8
host: localhost:23964
accept: */*

Response DefaultHttpResponse(decodeResult: success, version: HTTP/1.1)
HTTP/1.1 200 OK
Content-Length: 5992
Content-Type: application/json; charset=utf-8
cache-control: no-cache

14:10:31.875 [AsyncHttpClient-1-9] DEBUG org.asynchttpclient.netty.channel.ChannelManager - Adding key: http://localhost:23964 for channel [id: 0xb2b85260, L:/127.0.0.1:14238 - R:localhost/127.0.0.1:23964]
14:10:31.877 [Forwarding getCurrentUrl on session 26d21526e529ce1a8add3850a3a12f45 to remote] DEBUG org.asynchttpclient.netty.request.NettyRequestSender - Using pooled Channel '[id: 0xb2b85260, L:/127.0.0.1:14238 - R:localhost/127.0.0.1:23964]' for 'GET' to 'http://localhost:23964/session/26d21526e529ce1a8add3850a3a12f45/url'
14:10:31.877 [Forwarding getCurrentUrl on session 26d21526e529ce1a8add3850a3a12f45 to remote] DEBUG org.asynchttpclient.netty.request.NettyRequestSender - Using open Channel [id: 0xb2b85260, L:/127.0.0.1:14238 - R:localhost/127.0.0.1:23964] for GET '/session/26d21526e529ce1a8add3850a3a12f45/url'
14:10:31.882 [AsyncHttpClient-1-9] DEBUG org.asynchttpclient.netty.handler.HttpHandler - 

Request DefaultFullHttpRequest(decodeResult: success, version: HTTP/1.1, content: EmptyByteBufBE)
GET /session/26d21526e529ce1a8add3850a3a12f45/url HTTP/1.1
User-Agent: selenium/4.8.1 (java windows)
Cache-Control: no-cache
Content-Type: application/json; charset=utf-8
host: localhost:23964
accept: */*

Response DefaultHttpResponse(decodeResult: success, version: HTTP/1.1)
HTTP/1.1 200 OK
Content-Length: 64
Content-Type: application/json; charset=utf-8
cache-control: no-cache

14:10:31.882 [AsyncHttpClient-1-9] DEBUG org.asynchttpclient.netty.channel.ChannelManager - Adding key: http://localhost:23964 for channel [id: 0xb2b85260, L:/127.0.0.1:14238 - R:localhost/127.0.0.1:23964]
14:10:31.885 [main] DEBUG net.thucydides.core.steps.StepInterceptor - STARTING STEP: Failed2SigninSteps.inputEmailWrongEmail - inputEmail
14:10:31.890 [Forwarding findElement on session 26d21526e529ce1a8add3850a3a12f45 to remote] DEBUG org.asynchttpclient.netty.request.NettyRequestSender - Using pooled Channel '[id: 0xb2b85260, L:/127.0.0.1:14238 - R:localhost/127.0.0.1:23964]' for 'POST' to 'http://localhost:23964/session/26d21526e529ce1a8add3850a3a12f45/element'
14:10:31.890 [Forwarding findElement on session 26d21526e529ce1a8add3850a3a12f45 to remote] DEBUG org.asynchttpclient.netty.request.NettyRequestSender - Using open Channel [id: 0xb2b85260, L:/127.0.0.1:14238 - R:localhost/127.0.0.1:23964] for POST '/session/26d21526e529ce1a8add3850a3a12f45/element'
14:10:31.898 [AsyncHttpClient-1-1] DEBUG org.asynchttpclient.netty.channel.DefaultChannelPool - Entry count for : http://localhost:14239 : 1
14:10:31.908 [AsyncHttpClient-1-9] DEBUG org.asynchttpclient.netty.handler.HttpHandler - 

Request DefaultHttpRequest(decodeResult: success, version: HTTP/1.1)
POST /session/26d21526e529ce1a8add3850a3a12f45/element HTTP/1.1
User-Agent: selenium/4.8.1 (java windows)
Content-Length: 67
Content-Type: application/json; charset=utf-8
host: localhost:23964
accept: */*

Response DefaultHttpResponse(decodeResult: success, version: HTTP/1.1)
HTTP/1.1 200 OK
Content-Length: 94
Content-Type: application/json; charset=utf-8
cache-control: no-cache

14:10:31.908 [AsyncHttpClient-1-9] DEBUG org.asynchttpclient.netty.channel.ChannelManager - Adding key: http://localhost:23964 for channel [id: 0xb2b85260, L:/127.0.0.1:14238 - R:localhost/127.0.0.1:23964]
14:10:31.909 [Forwarding clearElement on session 26d21526e529ce1a8add3850a3a12f45 to remote] DEBUG org.asynchttpclient.netty.request.NettyRequestSender - Using pooled Channel '[id: 0xb2b85260, L:/127.0.0.1:14238 - R:localhost/127.0.0.1:23964]' for 'POST' to 'http://localhost:23964/session/26d21526e529ce1a8add3850a3a12f45/element/E71D1F3B6DA4BBC4BF22EC667DF9EFC2_element_7/clear'
14:10:31.909 [Forwarding clearElement on session 26d21526e529ce1a8add3850a3a12f45 to remote] DEBUG org.asynchttpclient.netty.request.NettyRequestSender - Using open Channel [id: 0xb2b85260, L:/127.0.0.1:14238 - R:localhost/127.0.0.1:23964] for POST '/session/26d21526e529ce1a8add3850a3a12f45/element/E71D1F3B6DA4BBC4BF22EC667DF9EFC2_element_7/clear'
14:10:31.962 [AsyncHttpClient-1-9] DEBUG org.asynchttpclient.netty.handler.HttpHandler - 

Request DefaultHttpRequest(decodeResult: success, version: HTTP/1.1)
POST /session/26d21526e529ce1a8add3850a3a12f45/element/E71D1F3B6DA4BBC4BF22EC667DF9EFC2_element_7/clear HTTP/1.1
User-Agent: selenium/4.8.1 (java windows)
Content-Length: 56
Content-Type: application/json; charset=utf-8
host: localhost:23964
accept: */*

Response DefaultHttpResponse(decodeResult: success, version: HTTP/1.1)
HTTP/1.1 200 OK
Content-Length: 14
Content-Type: application/json; charset=utf-8
cache-control: no-cache

14:10:31.963 [AsyncHttpClient-1-9] DEBUG org.asynchttpclient.netty.channel.ChannelManager - Adding key: http://localhost:23964 for channel [id: 0xb2b85260, L:/127.0.0.1:14238 - R:localhost/127.0.0.1:23964]
14:10:31.965 [Forwarding sendKeysToElement on session 26d21526e529ce1a8add3850a3a12f45 to remote] DEBUG org.asynchttpclient.netty.request.NettyRequestSender - Using pooled Channel '[id: 0xb2b85260, L:/127.0.0.1:14238 - R:localhost/127.0.0.1:23964]' for 'POST' to 'http://localhost:23964/session/26d21526e529ce1a8add3850a3a12f45/element/E71D1F3B6DA4BBC4BF22EC667DF9EFC2_element_7/value'
14:10:31.965 [Forwarding sendKeysToElement on session 26d21526e529ce1a8add3850a3a12f45 to remote] DEBUG org.asynchttpclient.netty.request.NettyRequestSender - Using open Channel [id: 0xb2b85260, L:/127.0.0.1:14238 - R:localhost/127.0.0.1:23964] for POST '/session/26d21526e529ce1a8add3850a3a12f45/element/E71D1F3B6DA4BBC4BF22EC667DF9EFC2_element_7/value'
14:10:32.062 [AsyncHttpClient-1-9] DEBUG org.asynchttpclient.netty.handler.HttpHandler - 

Request DefaultHttpRequest(decodeResult: success, version: HTTP/1.1)
POST /session/26d21526e529ce1a8add3850a3a12f45/element/E71D1F3B6DA4BBC4BF22EC667DF9EFC2_element_7/value HTTP/1.1
User-Agent: selenium/4.8.1 (java windows)
Content-Length: 97
Content-Type: application/json; charset=utf-8
host: localhost:23964
accept: */*

Response DefaultHttpResponse(decodeResult: success, version: HTTP/1.1)
HTTP/1.1 200 OK
Content-Length: 14
Content-Type: application/json; charset=utf-8
cache-control: no-cache

14:10:32.062 [AsyncHttpClient-1-9] DEBUG org.asynchttpclient.netty.channel.ChannelManager - Adding key: http://localhost:23964 for channel [id: 0xb2b85260, L:/127.0.0.1:14238 - R:localhost/127.0.0.1:23964]
14:10:32.081 [Forwarding getAlertText on session 26d21526e529ce1a8add3850a3a12f45 to remote] DEBUG org.asynchttpclient.netty.request.NettyRequestSender - Using pooled Channel '[id: 0xb2b85260, L:/127.0.0.1:14238 - R:localhost/127.0.0.1:23964]' for 'GET' to 'http://localhost:23964/session/26d21526e529ce1a8add3850a3a12f45/alert/text'
14:10:32.081 [Forwarding getAlertText on session 26d21526e529ce1a8add3850a3a12f45 to remote] DEBUG org.asynchttpclient.netty.request.NettyRequestSender - Using open Channel [id: 0xb2b85260, L:/127.0.0.1:14238 - R:localhost/127.0.0.1:23964] for GET '/session/26d21526e529ce1a8add3850a3a12f45/alert/text'
14:10:32.082 [AsyncHttpClient-1-9] DEBUG org.asynchttpclient.netty.handler.HttpHandler - 

Request DefaultFullHttpRequest(decodeResult: success, version: HTTP/1.1, content: EmptyByteBufBE)
GET /session/26d21526e529ce1a8add3850a3a12f45/alert/text HTTP/1.1
User-Agent: selenium/4.8.1 (java windows)
Cache-Control: no-cache
Content-Type: application/json; charset=utf-8
host: localhost:23964
accept: */*

Response DefaultHttpResponse(decodeResult: success, version: HTTP/1.1)
HTTP/1.1 404 Not Found
Content-Length: 807
Content-Type: application/json; charset=utf-8
cache-control: no-cache

14:10:32.083 [AsyncHttpClient-1-9] DEBUG org.asynchttpclient.netty.channel.ChannelManager - Adding key: http://localhost:23964 for channel [id: 0xb2b85260, L:/127.0.0.1:14238 - R:localhost/127.0.0.1:23964]
14:10:32.084 [Forwarding getCurrentUrl on session 26d21526e529ce1a8add3850a3a12f45 to remote] DEBUG org.asynchttpclient.netty.request.NettyRequestSender - Using pooled Channel '[id: 0xb2b85260, L:/127.0.0.1:14238 - R:localhost/127.0.0.1:23964]' for 'GET' to 'http://localhost:23964/session/26d21526e529ce1a8add3850a3a12f45/url'
14:10:32.084 [Forwarding getCurrentUrl on session 26d21526e529ce1a8add3850a3a12f45 to remote] DEBUG org.asynchttpclient.netty.request.NettyRequestSender - Using open Channel [id: 0xb2b85260, L:/127.0.0.1:14238 - R:localhost/127.0.0.1:23964] for GET '/session/26d21526e529ce1a8add3850a3a12f45/url'
14:10:32.092 [AsyncHttpClient-1-9] DEBUG org.asynchttpclient.netty.handler.HttpHandler - 

Request DefaultFullHttpRequest(decodeResult: success, version: HTTP/1.1, content: EmptyByteBufBE)
GET /session/26d21526e529ce1a8add3850a3a12f45/url HTTP/1.1
User-Agent: selenium/4.8.1 (java windows)
Cache-Control: no-cache
Content-Type: application/json; charset=utf-8
host: localhost:23964
accept: */*

Response DefaultHttpResponse(decodeResult: success, version: HTTP/1.1)
HTTP/1.1 200 OK
Content-Length: 64
Content-Type: application/json; charset=utf-8
cache-control: no-cache

14:10:32.093 [AsyncHttpClient-1-9] DEBUG org.asynchttpclient.netty.channel.ChannelManager - Adding key: http://localhost:23964 for channel [id: 0xb2b85260, L:/127.0.0.1:14238 - R:localhost/127.0.0.1:23964]
14:10:32.094 [Forwarding screenshot on session 26d21526e529ce1a8add3850a3a12f45 to remote] DEBUG org.asynchttpclient.netty.request.NettyRequestSender - Using pooled Channel '[id: 0xb2b85260, L:/127.0.0.1:14238 - R:localhost/127.0.0.1:23964]' for 'GET' to 'http://localhost:23964/session/26d21526e529ce1a8add3850a3a12f45/screenshot'
14:10:32.094 [Forwarding screenshot on session 26d21526e529ce1a8add3850a3a12f45 to remote] DEBUG org.asynchttpclient.netty.request.NettyRequestSender - Using open Channel [id: 0xb2b85260, L:/127.0.0.1:14238 - R:localhost/127.0.0.1:23964] for GET '/session/26d21526e529ce1a8add3850a3a12f45/screenshot'
14:10:32.248 [AsyncHttpClient-1-9] DEBUG org.asynchttpclient.netty.handler.HttpHandler - 

Request DefaultFullHttpRequest(decodeResult: success, version: HTTP/1.1, content: EmptyByteBufBE)
GET /session/26d21526e529ce1a8add3850a3a12f45/screenshot HTTP/1.1
User-Agent: selenium/4.8.1 (java windows)
Cache-Control: no-cache
Content-Type: application/json; charset=utf-8
host: localhost:23964
accept: */*

Response DefaultHttpResponse(decodeResult: success, version: HTTP/1.1)
HTTP/1.1 200 OK
Content-Length: 124736
Content-Type: application/json; charset=utf-8
cache-control: no-cache

14:10:32.249 [AsyncHttpClient-1-9] DEBUG org.asynchttpclient.netty.channel.ChannelManager - Adding key: http://localhost:23964 for channel [id: 0xb2b85260, L:/127.0.0.1:14238 - R:localhost/127.0.0.1:23964]
14:10:32.259 [main] DEBUG net.serenitybdd.core.photography.Darkroom - Send negative for processing for target\site\serenity\b8da68dc0ad3b428e49c379d8ab76f6b6f232271b8716e158df3993ec2f1b4fe.png
14:10:32.259 [main] DEBUG net.thucydides.core.steps.StepInterceptor - STEP DONE: inputEmail
14:10:32.259 [Darkroom Processing Line] DEBUG net.serenitybdd.core.photography.DarkroomProcessingLine - Processing screenshot image in /var/screenshots/screenshot-894326591053221160
14:10:32.259 [Darkroom Processing Line] DEBUG net.serenitybdd.core.photography.DarkroomProcessingLine - Saving screenshot to target\site\serenity\b8da68dc0ad3b428e49c379d8ab76f6b6f232271b8716e158df3993ec2f1b4fe.png
  &amp#27;[32mWhen &amp#27;[0m&amp#27;[32mI input email wrong email&amp#27;[0m                                      &amp#27;[90m# Starter.Stepdefitions.Failed2SigninSteps.inputEmailWrongEmail()&amp#27;[0m
14:10:32.279 [Forwarding getPageSource on session 26d21526e529ce1a8add3850a3a12f45 to remote] DEBUG org.asynchttpclient.netty.request.NettyRequestSender - Using pooled Channel '[id: 0xb2b85260, L:/127.0.0.1:14238 - R:localhost/127.0.0.1:23964]' for 'POST' to 'http://localhost:23964/session/26d21526e529ce1a8add3850a3a12f45/execute/sync'
14:10:32.279 [Forwarding getPageSource on session 26d21526e529ce1a8add3850a3a12f45 to remote] DEBUG org.asynchttpclient.netty.request.NettyRequestSender - Using open Channel [id: 0xb2b85260, L:/127.0.0.1:14238 - R:localhost/127.0.0.1:23964] for POST '/session/26d21526e529ce1a8add3850a3a12f45/execute/sync'
14:10:32.287 [AsyncHttpClient-1-9] DEBUG org.asynchttpclient.netty.handler.HttpHandler - 

Request DefaultHttpRequest(decodeResult: success, version: HTTP/1.1)
POST /session/26d21526e529ce1a8add3850a3a12f45/execute/sync HTTP/1.1
User-Agent: selenium/4.8.1 (java windows)
Content-Length: 176
Content-Type: application/json; charset=utf-8
host: localhost:23964
accept: */*

Response DefaultHttpResponse(decodeResult: success, version: HTTP/1.1)
HTTP/1.1 200 OK
Content-Length: 6009
Content-Type: application/json; charset=utf-8
cache-control: no-cache

14:10:32.288 [AsyncHttpClient-1-9] DEBUG org.asynchttpclient.netty.channel.ChannelManager - Adding key: http://localhost:23964 for channel [id: 0xb2b85260, L:/127.0.0.1:14238 - R:localhost/127.0.0.1:23964]
14:10:32.295 [Forwarding getCurrentUrl on session 26d21526e529ce1a8add3850a3a12f45 to remote] DEBUG org.asynchttpclient.netty.request.NettyRequestSender - Using pooled Channel '[id: 0xb2b85260, L:/127.0.0.1:14238 - R:localhost/127.0.0.1:23964]' for 'GET' to 'http://localhost:23964/session/26d21526e529ce1a8add3850a3a12f45/url'
14:10:32.295 [Forwarding getCurrentUrl on session 26d21526e529ce1a8add3850a3a12f45 to remote] DEBUG org.asynchttpclient.netty.request.NettyRequestSender - Using open Channel [id: 0xb2b85260, L:/127.0.0.1:14238 - R:localhost/127.0.0.1:23964] for GET '/session/26d21526e529ce1a8add3850a3a12f45/url'
14:10:32.300 [AsyncHttpClient-1-9] DEBUG org.asynchttpclient.netty.handler.HttpHandler - 

Request DefaultFullHttpRequest(decodeResult: success, version: HTTP/1.1, content: EmptyByteBufBE)
GET /session/26d21526e529ce1a8add3850a3a12f45/url HTTP/1.1
User-Agent: selenium/4.8.1 (java windows)
Cache-Control: no-cache
Content-Type: application/json; charset=utf-8
host: localhost:23964
accept: */*

Response DefaultHttpResponse(decodeResult: success, version: HTTP/1.1)
HTTP/1.1 200 OK
Content-Length: 64
Content-Type: application/json; charset=utf-8
cache-control: no-cache

14:10:32.300 [AsyncHttpClient-1-9] DEBUG org.asynchttpclient.netty.channel.ChannelManager - Adding key: http://localhost:23964 for channel [id: 0xb2b85260, L:/127.0.0.1:14238 - R:localhost/127.0.0.1:23964]
14:10:32.317 [Forwarding getAlertText on session 26d21526e529ce1a8add3850a3a12f45 to remote] DEBUG org.asynchttpclient.netty.request.NettyRequestSender - Using pooled Channel '[id: 0xb2b85260, L:/127.0.0.1:14238 - R:localhost/127.0.0.1:23964]' for 'GET' to 'http://localhost:23964/session/26d21526e529ce1a8add3850a3a12f45/alert/text'
14:10:32.318 [Forwarding getAlertText on session 26d21526e529ce1a8add3850a3a12f45 to remote] DEBUG org.asynchttpclient.netty.request.NettyRequestSender - Using open Channel [id: 0xb2b85260, L:/127.0.0.1:14238 - R:localhost/127.0.0.1:23964] for GET '/session/26d21526e529ce1a8add3850a3a12f45/alert/text'
14:10:32.320 [AsyncHttpClient-1-9] DEBUG org.asynchttpclient.netty.handler.HttpHandler - 

Request DefaultFullHttpRequest(decodeResult: success, version: HTTP/1.1, content: EmptyByteBufBE)
GET /session/26d21526e529ce1a8add3850a3a12f45/alert/text HTTP/1.1
User-Agent: selenium/4.8.1 (java windows)
Cache-Control: no-cache
Content-Type: application/json; charset=utf-8
host: localhost:23964
accept: */*

Response DefaultHttpResponse(decodeResult: success, version: HTTP/1.1)
HTTP/1.1 404 Not Found
Content-Length: 807
Content-Type: application/json; charset=utf-8
cache-control: no-cache

14:10:32.320 [AsyncHttpClient-1-9] DEBUG org.asynchttpclient.netty.channel.ChannelManager - Adding key: http://localhost:23964 for channel [id: 0xb2b85260, L:/127.0.0.1:14238 - R:localhost/127.0.0.1:23964]
14:10:32.322 [Forwarding getCurrentUrl on session 26d21526e529ce1a8add3850a3a12f45 to remote] DEBUG org.asynchttpclient.netty.request.NettyRequestSender - Using pooled Channel '[id: 0xb2b85260, L:/127.0.0.1:14238 - R:localhost/127.0.0.1:23964]' for 'GET' to 'http://localhost:23964/session/26d21526e529ce1a8add3850a3a12f45/url'
14:10:32.322 [Forwarding getCurrentUrl on session 26d21526e529ce1a8add3850a3a12f45 to remote] DEBUG org.asynchttpclient.netty.request.NettyRequestSender - Using open Channel [id: 0xb2b85260, L:/127.0.0.1:14238 - R:localhost/127.0.0.1:23964] for GET '/session/26d21526e529ce1a8add3850a3a12f45/url'
14:10:32.327 [AsyncHttpClient-1-9] DEBUG org.asynchttpclient.netty.handler.HttpHandler - 

Request DefaultFullHttpRequest(decodeResult: success, version: HTTP/1.1, content: EmptyByteBufBE)
GET /session/26d21526e529ce1a8add3850a3a12f45/url HTTP/1.1
User-Agent: selenium/4.8.1 (java windows)
Cache-Control: no-cache
Content-Type: application/json; charset=utf-8
host: localhost:23964
accept: */*

Response DefaultHttpResponse(decodeResult: success, version: HTTP/1.1)
HTTP/1.1 200 OK
Content-Length: 64
Content-Type: application/json; charset=utf-8
cache-control: no-cache

14:10:32.327 [AsyncHttpClient-1-9] DEBUG org.asynchttpclient.netty.channel.ChannelManager - Adding key: http://localhost:23964 for channel [id: 0xb2b85260, L:/127.0.0.1:14238 - R:localhost/127.0.0.1:23964]
14:10:32.328 [Forwarding screenshot on session 26d21526e529ce1a8add3850a3a12f45 to remote] DEBUG org.asynchttpclient.netty.request.NettyRequestSender - Using pooled Channel '[id: 0xb2b85260, L:/127.0.0.1:14238 - R:localhost/127.0.0.1:23964]' for 'GET' to 'http://localhost:23964/session/26d21526e529ce1a8add3850a3a12f45/screenshot'
14:10:32.328 [Forwarding screenshot on session 26d21526e529ce1a8add3850a3a12f45 to remote] DEBUG org.asynchttpclient.netty.request.NettyRequestSender - Using open Channel [id: 0xb2b85260, L:/127.0.0.1:14238 - R:localhost/127.0.0.1:23964] for GET '/session/26d21526e529ce1a8add3850a3a12f45/screenshot'
14:10:32.427 [AsyncHttpClient-1-9] DEBUG org.asynchttpclient.netty.handler.HttpHandler - 

Request DefaultFullHttpRequest(decodeResult: success, version: HTTP/1.1, content: EmptyByteBufBE)
GET /session/26d21526e529ce1a8add3850a3a12f45/screenshot HTTP/1.1
User-Agent: selenium/4.8.1 (java windows)
Cache-Control: no-cache
Content-Type: application/json; charset=utf-8
host: localhost:23964
accept: */*

Response DefaultHttpResponse(decodeResult: success, version: HTTP/1.1)
HTTP/1.1 200 OK
Content-Length: 124712
Content-Type: application/json; charset=utf-8
cache-control: no-cache

14:10:32.428 [AsyncHttpClient-1-9] DEBUG org.asynchttpclient.netty.channel.ChannelManager - Adding key: http://localhost:23964 for channel [id: 0xb2b85260, L:/127.0.0.1:14238 - R:localhost/127.0.0.1:23964]
14:10:32.437 [main] DEBUG net.serenitybdd.core.photography.Darkroom - Send negative for processing for target\site\serenity\4daf912bb2b9b2efa7024322b571613b81d5ffef87f6bdad4d3a43e9960c3aec.png
14:10:32.437 [Darkroom Processing Line] DEBUG net.serenitybdd.core.photography.DarkroomProcessingLine - Processing screenshot image in /var/screenshots/screenshot-3910766272560393954
14:10:32.437 [Darkroom Processing Line] DEBUG net.serenitybdd.core.photography.DarkroomProcessingLine - Saving screenshot to target\site\serenity\4daf912bb2b9b2efa7024322b571613b81d5ffef87f6bdad4d3a43e9960c3aec.png
14:10:32.440 [Forwarding getPageSource on session 26d21526e529ce1a8add3850a3a12f45 to remote] DEBUG org.asynchttpclient.netty.request.NettyRequestSender - Using pooled Channel '[id: 0xb2b85260, L:/127.0.0.1:14238 - R:localhost/127.0.0.1:23964]' for 'POST' to 'http://localhost:23964/session/26d21526e529ce1a8add3850a3a12f45/execute/sync'
14:10:32.440 [Forwarding getPageSource on session 26d21526e529ce1a8add3850a3a12f45 to remote] DEBUG org.asynchttpclient.netty.request.NettyRequestSender - Using open Channel [id: 0xb2b85260, L:/127.0.0.1:14238 - R:localhost/127.0.0.1:23964] for POST '/session/26d21526e529ce1a8add3850a3a12f45/execute/sync'
14:10:32.447 [AsyncHttpClient-1-9] DEBUG org.asynchttpclient.netty.handler.HttpHandler - 

Request DefaultHttpRequest(decodeResult: success, version: HTTP/1.1)
POST /session/26d21526e529ce1a8add3850a3a12f45/execute/sync HTTP/1.1
User-Agent: selenium/4.8.1 (java windows)
Content-Length: 176
Content-Type: application/json; charset=utf-8
host: localhost:23964
accept: */*

Response DefaultHttpResponse(decodeResult: success, version: HTTP/1.1)
HTTP/1.1 200 OK
Content-Length: 6009
Content-Type: application/json; charset=utf-8
cache-control: no-cache

14:10:32.447 [AsyncHttpClient-1-9] DEBUG org.asynchttpclient.netty.channel.ChannelManager - Adding key: http://localhost:23964 for channel [id: 0xb2b85260, L:/127.0.0.1:14238 - R:localhost/127.0.0.1:23964]
14:10:32.450 [Forwarding getCurrentUrl on session 26d21526e529ce1a8add3850a3a12f45 to remote] DEBUG org.asynchttpclient.netty.request.NettyRequestSender - Using pooled Channel '[id: 0xb2b85260, L:/127.0.0.1:14238 - R:localhost/127.0.0.1:23964]' for 'GET' to 'http://localhost:23964/session/26d21526e529ce1a8add3850a3a12f45/url'
14:10:32.450 [Forwarding getCurrentUrl on session 26d21526e529ce1a8add3850a3a12f45 to remote] DEBUG org.asynchttpclient.netty.request.NettyRequestSender - Using open Channel [id: 0xb2b85260, L:/127.0.0.1:14238 - R:localhost/127.0.0.1:23964] for GET '/session/26d21526e529ce1a8add3850a3a12f45/url'
14:10:32.455 [AsyncHttpClient-1-9] DEBUG org.asynchttpclient.netty.handler.HttpHandler - 

Request DefaultFullHttpRequest(decodeResult: success, version: HTTP/1.1, content: EmptyByteBufBE)
GET /session/26d21526e529ce1a8add3850a3a12f45/url HTTP/1.1
User-Agent: selenium/4.8.1 (java windows)
Cache-Control: no-cache
Content-Type: application/json; charset=utf-8
host: localhost:23964
accept: */*

Response DefaultHttpResponse(decodeResult: success, version: HTTP/1.1)
HTTP/1.1 200 OK
Content-Length: 64
Content-Type: application/json; charset=utf-8
cache-control: no-cache

14:10:32.455 [AsyncHttpClient-1-9] DEBUG org.asynchttpclient.netty.channel.ChannelManager - Adding key: http://localhost:23964 for channel [id: 0xb2b85260, L:/127.0.0.1:14238 - R:localhost/127.0.0.1:23964]
14:10:32.458 [main] DEBUG net.thucydides.core.steps.StepInterceptor - STARTING STEP: Failed2SigninSteps.inputPasswordWrongEmail - inputPassword
14:10:32.462 [Forwarding findElement on session 26d21526e529ce1a8add3850a3a12f45 to remote] DEBUG org.asynchttpclient.netty.request.NettyRequestSender - Using pooled Channel '[id: 0xb2b85260, L:/127.0.0.1:14238 - R:localhost/127.0.0.1:23964]' for 'POST' to 'http://localhost:23964/session/26d21526e529ce1a8add3850a3a12f45/element'
14:10:32.462 [Forwarding findElement on session 26d21526e529ce1a8add3850a3a12f45 to remote] DEBUG org.asynchttpclient.netty.request.NettyRequestSender - Using open Channel [id: 0xb2b85260, L:/127.0.0.1:14238 - R:localhost/127.0.0.1:23964] for POST '/session/26d21526e529ce1a8add3850a3a12f45/element'
14:10:32.479 [AsyncHttpClient-1-9] DEBUG org.asynchttpclient.netty.handler.HttpHandler - 

Request DefaultHttpRequest(decodeResult: success, version: HTTP/1.1)
POST /session/26d21526e529ce1a8add3850a3a12f45/element HTTP/1.1
User-Agent: selenium/4.8.1 (java windows)
Content-Length: 70
Content-Type: application/json; charset=utf-8
host: localhost:23964
accept: */*

Response DefaultHttpResponse(decodeResult: success, version: HTTP/1.1)
HTTP/1.1 200 OK
Content-Length: 95
Content-Type: application/json; charset=utf-8
cache-control: no-cache

14:10:32.479 [AsyncHttpClient-1-9] DEBUG org.asynchttpclient.netty.channel.ChannelManager - Adding key: http://localhost:23964 for channel [id: 0xb2b85260, L:/127.0.0.1:14238 - R:localhost/127.0.0.1:23964]
14:10:32.481 [Forwarding clearElement on session 26d21526e529ce1a8add3850a3a12f45 to remote] DEBUG org.asynchttpclient.netty.request.NettyRequestSender - Using pooled Channel '[id: 0xb2b85260, L:/127.0.0.1:14238 - R:localhost/127.0.0.1:23964]' for 'POST' to 'http://localhost:23964/session/26d21526e529ce1a8add3850a3a12f45/element/E71D1F3B6DA4BBC4BF22EC667DF9EFC2_element_10/clear'
14:10:32.481 [Forwarding clearElement on session 26d21526e529ce1a8add3850a3a12f45 to remote] DEBUG org.asynchttpclient.netty.request.NettyRequestSender - Using open Channel [id: 0xb2b85260, L:/127.0.0.1:14238 - R:localhost/127.0.0.1:23964] for POST '/session/26d21526e529ce1a8add3850a3a12f45/element/E71D1F3B6DA4BBC4BF22EC667DF9EFC2_element_10/clear'
14:10:32.516 [AsyncHttpClient-1-9] DEBUG org.asynchttpclient.netty.handler.HttpHandler - 

Request DefaultHttpRequest(decodeResult: success, version: HTTP/1.1)
POST /session/26d21526e529ce1a8add3850a3a12f45/element/E71D1F3B6DA4BBC4BF22EC667DF9EFC2_element_10/clear HTTP/1.1
User-Agent: selenium/4.8.1 (java windows)
Content-Length: 57
Content-Type: application/json; charset=utf-8
host: localhost:23964
accept: */*

Response DefaultHttpResponse(decodeResult: success, version: HTTP/1.1)
HTTP/1.1 200 OK
Content-Length: 14
Content-Type: application/json; charset=utf-8
cache-control: no-cache

14:10:32.517 [AsyncHttpClient-1-9] DEBUG org.asynchttpclient.netty.channel.ChannelManager - Adding key: http://localhost:23964 for channel [id: 0xb2b85260, L:/127.0.0.1:14238 - R:localhost/127.0.0.1:23964]
14:10:32.519 [Forwarding sendKeysToElement on session 26d21526e529ce1a8add3850a3a12f45 to remote] DEBUG org.asynchttpclient.netty.request.NettyRequestSender - Using pooled Channel '[id: 0xb2b85260, L:/127.0.0.1:14238 - R:localhost/127.0.0.1:23964]' for 'POST' to 'http://localhost:23964/session/26d21526e529ce1a8add3850a3a12f45/element/E71D1F3B6DA4BBC4BF22EC667DF9EFC2_element_10/value'
14:10:32.519 [Forwarding sendKeysToElement on session 26d21526e529ce1a8add3850a3a12f45 to remote] DEBUG org.asynchttpclient.netty.request.NettyRequestSender - Using open Channel [id: 0xb2b85260, L:/127.0.0.1:14238 - R:localhost/127.0.0.1:23964] for POST '/session/26d21526e529ce1a8add3850a3a12f45/element/E71D1F3B6DA4BBC4BF22EC667DF9EFC2_element_10/value'
14:10:32.775 [AsyncHttpClient-1-9] DEBUG org.asynchttpclient.netty.handler.HttpHandler - 

Request DefaultHttpRequest(decodeResult: success, version: HTTP/1.1)
POST /session/26d21526e529ce1a8add3850a3a12f45/element/E71D1F3B6DA4BBC4BF22EC667DF9EFC2_element_10/value HTTP/1.1
User-Agent: selenium/4.8.1 (java windows)
Content-Length: 168
Content-Type: application/json; charset=utf-8
host: localhost:23964
accept: */*

Response DefaultHttpResponse(decodeResult: success, version: HTTP/1.1)
HTTP/1.1 200 OK
Content-Length: 14
Content-Type: application/json; charset=utf-8
cache-control: no-cache

14:10:32.775 [AsyncHttpClient-1-9] DEBUG org.asynchttpclient.netty.channel.ChannelManager - Adding key: http://localhost:23964 for channel [id: 0xb2b85260, L:/127.0.0.1:14238 - R:localhost/127.0.0.1:23964]
14:10:32.789 [Forwarding getAlertText on session 26d21526e529ce1a8add3850a3a12f45 to remote] DEBUG org.asynchttpclient.netty.request.NettyRequestSender - Using pooled Channel '[id: 0xb2b85260, L:/127.0.0.1:14238 - R:localhost/127.0.0.1:23964]' for 'GET' to 'http://localhost:23964/session/26d21526e529ce1a8add3850a3a12f45/alert/text'
14:10:32.789 [Forwarding getAlertText on session 26d21526e529ce1a8add3850a3a12f45 to remote] DEBUG org.asynchttpclient.netty.request.NettyRequestSender - Using open Channel [id: 0xb2b85260, L:/127.0.0.1:14238 - R:localhost/127.0.0.1:23964] for GET '/session/26d21526e529ce1a8add3850a3a12f45/alert/text'
14:10:32.791 [AsyncHttpClient-1-9] DEBUG org.asynchttpclient.netty.handler.HttpHandler - 

Request DefaultFullHttpRequest(decodeResult: success, version: HTTP/1.1, content: EmptyByteBufBE)
GET /session/26d21526e529ce1a8add3850a3a12f45/alert/text HTTP/1.1
User-Agent: selenium/4.8.1 (java windows)
Cache-Control: no-cache
Content-Type: application/json; charset=utf-8
host: localhost:23964
accept: */*

Response DefaultHttpResponse(decodeResult: success, version: HTTP/1.1)
HTTP/1.1 404 Not Found
Content-Length: 807
Content-Type: application/json; charset=utf-8
cache-control: no-cache

14:10:32.791 [AsyncHttpClient-1-9] DEBUG org.asynchttpclient.netty.channel.ChannelManager - Adding key: http://localhost:23964 for channel [id: 0xb2b85260, L:/127.0.0.1:14238 - R:localhost/127.0.0.1:23964]
14:10:32.792 [Forwarding getCurrentUrl on session 26d21526e529ce1a8add3850a3a12f45 to remote] DEBUG org.asynchttpclient.netty.request.NettyRequestSender - Using pooled Channel '[id: 0xb2b85260, L:/127.0.0.1:14238 - R:localhost/127.0.0.1:23964]' for 'GET' to 'http://localhost:23964/session/26d21526e529ce1a8add3850a3a12f45/url'
14:10:32.792 [Forwarding getCurrentUrl on session 26d21526e529ce1a8add3850a3a12f45 to remote] DEBUG org.asynchttpclient.netty.request.NettyRequestSender - Using open Channel [id: 0xb2b85260, L:/127.0.0.1:14238 - R:localhost/127.0.0.1:23964] for GET '/session/26d21526e529ce1a8add3850a3a12f45/url'
14:10:32.797 [AsyncHttpClient-1-9] DEBUG org.asynchttpclient.netty.handler.HttpHandler - 

Request DefaultFullHttpRequest(decodeResult: success, version: HTTP/1.1, content: EmptyByteBufBE)
GET /session/26d21526e529ce1a8add3850a3a12f45/url HTTP/1.1
User-Agent: selenium/4.8.1 (java windows)
Cache-Control: no-cache
Content-Type: application/json; charset=utf-8
host: localhost:23964
accept: */*

Response DefaultHttpResponse(decodeResult: success, version: HTTP/1.1)
HTTP/1.1 200 OK
Content-Length: 64
Content-Type: application/json; charset=utf-8
cache-control: no-cache

14:10:32.797 [AsyncHttpClient-1-9] DEBUG org.asynchttpclient.netty.channel.ChannelManager - Adding key: http://localhost:23964 for channel [id: 0xb2b85260, L:/127.0.0.1:14238 - R:localhost/127.0.0.1:23964]
14:10:32.798 [Forwarding screenshot on session 26d21526e529ce1a8add3850a3a12f45 to remote] DEBUG org.asynchttpclient.netty.request.NettyRequestSender - Using pooled Channel '[id: 0xb2b85260, L:/127.0.0.1:14238 - R:localhost/127.0.0.1:23964]' for 'GET' to 'http://localhost:23964/session/26d21526e529ce1a8add3850a3a12f45/screenshot'
14:10:32.799 [Forwarding screenshot on session 26d21526e529ce1a8add3850a3a12f45 to remote] DEBUG org.asynchttpclient.netty.request.NettyRequestSender - Using open Channel [id: 0xb2b85260, L:/127.0.0.1:14238 - R:localhost/127.0.0.1:23964] for GET '/session/26d21526e529ce1a8add3850a3a12f45/screenshot'
14:10:32.928 [AsyncHttpClient-1-9] DEBUG org.asynchttpclient.netty.handler.HttpHandler - 

Request DefaultFullHttpRequest(decodeResult: success, version: HTTP/1.1, content: EmptyByteBufBE)
GET /session/26d21526e529ce1a8add3850a3a12f45/screenshot HTTP/1.1
User-Agent: selenium/4.8.1 (java windows)
Cache-Control: no-cache
Content-Type: application/json; charset=utf-8
host: localhost:23964
accept: */*

Response DefaultHttpResponse(decodeResult: success, version: HTTP/1.1)
HTTP/1.1 200 OK
Content-Length: 124336
Content-Type: application/json; charset=utf-8
cache-control: no-cache

14:10:32.929 [AsyncHttpClient-1-9] DEBUG org.asynchttpclient.netty.channel.ChannelManager - Adding key: http://localhost:23964 for channel [id: 0xb2b85260, L:/127.0.0.1:14238 - R:localhost/127.0.0.1:23964]
14:10:32.937 [main] DEBUG net.serenitybdd.core.photography.Darkroom - Send negative for processing for target\site\serenity\82999a20f622ee6e4ba86cd397bcdba9e46ef6c7b1cebe1c76534577854518a0.png
14:10:32.938 [main] DEBUG net.thucydides.core.steps.StepInterceptor - STEP DONE: inputPassword
14:10:32.938 [Darkroom Processing Line] DEBUG net.serenitybdd.core.photography.DarkroomProcessingLine - Processing screenshot image in /var/screenshots/screenshot-205026456915592729
14:10:32.938 [Darkroom Processing Line] DEBUG net.serenitybdd.core.photography.DarkroomProcessingLine - Saving screenshot to target\site\serenity\82999a20f622ee6e4ba86cd397bcdba9e46ef6c7b1cebe1c76534577854518a0.png
  &amp#27;[32mAnd &amp#27;[0m&amp#27;[32mI input password wrong email&amp#27;[0m                                    &amp#27;[90m# Starter.Stepdefitions.Failed2SigninSteps.inputPasswordWrongEmail()&amp#27;[0m
14:10:32.954 [Forwarding getPageSource on session 26d21526e529ce1a8add3850a3a12f45 to remote] DEBUG org.asynchttpclient.netty.request.NettyRequestSender - Using pooled Channel '[id: 0xb2b85260, L:/127.0.0.1:14238 - R:localhost/127.0.0.1:23964]' for 'POST' to 'http://localhost:23964/session/26d21526e529ce1a8add3850a3a12f45/execute/sync'
14:10:32.954 [Forwarding getPageSource on session 26d21526e529ce1a8add3850a3a12f45 to remote] DEBUG org.asynchttpclient.netty.request.NettyRequestSender - Using open Channel [id: 0xb2b85260, L:/127.0.0.1:14238 - R:localhost/127.0.0.1:23964] for POST '/session/26d21526e529ce1a8add3850a3a12f45/execute/sync'
14:10:32.960 [AsyncHttpClient-1-9] DEBUG org.asynchttpclient.netty.handler.HttpHandler - 

Request DefaultHttpRequest(decodeResult: success, version: HTTP/1.1)
POST /session/26d21526e529ce1a8add3850a3a12f45/execute/sync HTTP/1.1
User-Agent: selenium/4.8.1 (java windows)
Content-Length: 176
Content-Type: application/json; charset=utf-8
host: localhost:23964
accept: */*

Response DefaultHttpResponse(decodeResult: success, version: HTTP/1.1)
HTTP/1.1 200 OK
Content-Length: 6089
Content-Type: application/json; charset=utf-8
cache-control: no-cache

14:10:32.960 [AsyncHttpClient-1-9] DEBUG org.asynchttpclient.netty.channel.ChannelManager - Adding key: http://localhost:23964 for channel [id: 0xb2b85260, L:/127.0.0.1:14238 - R:localhost/127.0.0.1:23964]
14:10:32.963 [Forwarding getCurrentUrl on session 26d21526e529ce1a8add3850a3a12f45 to remote] DEBUG org.asynchttpclient.netty.request.NettyRequestSender - Using pooled Channel '[id: 0xb2b85260, L:/127.0.0.1:14238 - R:localhost/127.0.0.1:23964]' for 'GET' to 'http://localhost:23964/session/26d21526e529ce1a8add3850a3a12f45/url'
14:10:32.963 [Forwarding getCurrentUrl on session 26d21526e529ce1a8add3850a3a12f45 to remote] DEBUG org.asynchttpclient.netty.request.NettyRequestSender - Using open Channel [id: 0xb2b85260, L:/127.0.0.1:14238 - R:localhost/127.0.0.1:23964] for GET '/session/26d21526e529ce1a8add3850a3a12f45/url'
14:10:32.968 [AsyncHttpClient-1-9] DEBUG org.asynchttpclient.netty.handler.HttpHandler - 

Request DefaultFullHttpRequest(decodeResult: success, version: HTTP/1.1, content: EmptyByteBufBE)
GET /session/26d21526e529ce1a8add3850a3a12f45/url HTTP/1.1
User-Agent: selenium/4.8.1 (java windows)
Cache-Control: no-cache
Content-Type: application/json; charset=utf-8
host: localhost:23964
accept: */*

Response DefaultHttpResponse(decodeResult: success, version: HTTP/1.1)
HTTP/1.1 200 OK
Content-Length: 64
Content-Type: application/json; charset=utf-8
cache-control: no-cache

14:10:32.968 [AsyncHttpClient-1-9] DEBUG org.asynchttpclient.netty.channel.ChannelManager - Adding key: http://localhost:23964 for channel [id: 0xb2b85260, L:/127.0.0.1:14238 - R:localhost/127.0.0.1:23964]
14:10:32.987 [Forwarding getPageSource on session 26d21526e529ce1a8add3850a3a12f45 to remote] DEBUG org.asynchttpclient.netty.request.NettyRequestSender - Using pooled Channel '[id: 0xb2b85260, L:/127.0.0.1:14238 - R:localhost/127.0.0.1:23964]' for 'POST' to 'http://localhost:23964/session/26d21526e529ce1a8add3850a3a12f45/execute/sync'
14:10:32.987 [Forwarding getPageSource on session 26d21526e529ce1a8add3850a3a12f45 to remote] DEBUG org.asynchttpclient.netty.request.NettyRequestSender - Using open Channel [id: 0xb2b85260, L:/127.0.0.1:14238 - R:localhost/127.0.0.1:23964] for POST '/session/26d21526e529ce1a8add3850a3a12f45/execute/sync'
14:10:32.993 [AsyncHttpClient-1-9] DEBUG org.asynchttpclient.netty.handler.HttpHandler - 

Request DefaultHttpRequest(decodeResult: success, version: HTTP/1.1)
POST /session/26d21526e529ce1a8add3850a3a12f45/execute/sync HTTP/1.1
User-Agent: selenium/4.8.1 (java windows)
Content-Length: 176
Content-Type: application/json; charset=utf-8
host: localhost:23964
accept: */*

Response DefaultHttpResponse(decodeResult: success, version: HTTP/1.1)
HTTP/1.1 200 OK
Content-Length: 6089
Content-Type: application/json; charset=utf-8
cache-control: no-cache

14:10:32.993 [AsyncHttpClient-1-9] DEBUG org.asynchttpclient.netty.channel.ChannelManager - Adding key: http://localhost:23964 for channel [id: 0xb2b85260, L:/127.0.0.1:14238 - R:localhost/127.0.0.1:23964]
14:10:32.996 [Forwarding getCurrentUrl on session 26d21526e529ce1a8add3850a3a12f45 to remote] DEBUG org.asynchttpclient.netty.request.NettyRequestSender - Using pooled Channel '[id: 0xb2b85260, L:/127.0.0.1:14238 - R:localhost/127.0.0.1:23964]' for 'GET' to 'http://localhost:23964/session/26d21526e529ce1a8add3850a3a12f45/url'
14:10:32.996 [Forwarding getCurrentUrl on session 26d21526e529ce1a8add3850a3a12f45 to remote] DEBUG org.asynchttpclient.netty.request.NettyRequestSender - Using open Channel [id: 0xb2b85260, L:/127.0.0.1:14238 - R:localhost/127.0.0.1:23964] for GET '/session/26d21526e529ce1a8add3850a3a12f45/url'
14:10:32.999 [AsyncHttpClient-1-1] DEBUG org.asynchttpclient.netty.channel.DefaultChannelPool - Entry count for : http://localhost:14239 : 1
14:10:33.002 [AsyncHttpClient-1-9] DEBUG org.asynchttpclient.netty.handler.HttpHandler - 

Request DefaultFullHttpRequest(decodeResult: success, version: HTTP/1.1, content: EmptyByteBufBE)
GET /session/26d21526e529ce1a8add3850a3a12f45/url HTTP/1.1
User-Agent: selenium/4.8.1 (java windows)
Cache-Control: no-cache
Content-Type: application/json; charset=utf-8
host: localhost:23964
accept: */*

Response DefaultHttpResponse(decodeResult: success, version: HTTP/1.1)
HTTP/1.1 200 OK
Content-Length: 64
Content-Type: application/json; charset=utf-8
cache-control: no-cache

14:10:33.002 [AsyncHttpClient-1-9] DEBUG org.asynchttpclient.netty.channel.ChannelManager - Adding key: http://localhost:23964 for channel [id: 0xb2b85260, L:/127.0.0.1:14238 - R:localhost/127.0.0.1:23964]
14:10:33.005 [main] DEBUG net.thucydides.core.steps.StepInterceptor - STARTING STEP: Failed2SigninSteps.clickLoginWrongEmail - clickLoginButton
14:10:33.013 [Forwarding findElement on session 26d21526e529ce1a8add3850a3a12f45 to remote] DEBUG org.asynchttpclient.netty.request.NettyRequestSender - Using pooled Channel '[id: 0xb2b85260, L:/127.0.0.1:14238 - R:localhost/127.0.0.1:23964]' for 'POST' to 'http://localhost:23964/session/26d21526e529ce1a8add3850a3a12f45/element'
14:10:33.013 [Forwarding findElement on session 26d21526e529ce1a8add3850a3a12f45 to remote] DEBUG org.asynchttpclient.netty.request.NettyRequestSender - Using open Channel [id: 0xb2b85260, L:/127.0.0.1:14238 - R:localhost/127.0.0.1:23964] for POST '/session/26d21526e529ce1a8add3850a3a12f45/element'
14:10:33.028 [AsyncHttpClient-1-9] DEBUG org.asynchttpclient.netty.handler.HttpHandler - 

Request DefaultHttpRequest(decodeResult: success, version: HTTP/1.1)
POST /session/26d21526e529ce1a8add3850a3a12f45/element HTTP/1.1
User-Agent: selenium/4.8.1 (java windows)
Content-Length: 69
Content-Type: application/json; charset=utf-8
host: localhost:23964
accept: */*

Response DefaultHttpResponse(decodeResult: success, version: HTTP/1.1)
HTTP/1.1 200 OK
Content-Length: 95
Content-Type: application/json; charset=utf-8
cache-control: no-cache

14:10:33.028 [AsyncHttpClient-1-9] DEBUG org.asynchttpclient.netty.channel.ChannelManager - Adding key: http://localhost:23964 for channel [id: 0xb2b85260, L:/127.0.0.1:14238 - R:localhost/127.0.0.1:23964]
14:10:33.030 [Forwarding getElementTagName on session 26d21526e529ce1a8add3850a3a12f45 to remote] DEBUG org.asynchttpclient.netty.request.NettyRequestSender - Using pooled Channel '[id: 0xb2b85260, L:/127.0.0.1:14238 - R:localhost/127.0.0.1:23964]' for 'GET' to 'http://localhost:23964/session/26d21526e529ce1a8add3850a3a12f45/element/E71D1F3B6DA4BBC4BF22EC667DF9EFC2_element_14/name'
14:10:33.031 [Forwarding getElementTagName on session 26d21526e529ce1a8add3850a3a12f45 to remote] DEBUG org.asynchttpclient.netty.request.NettyRequestSender - Using open Channel [id: 0xb2b85260, L:/127.0.0.1:14238 - R:localhost/127.0.0.1:23964] for GET '/session/26d21526e529ce1a8add3850a3a12f45/element/E71D1F3B6DA4BBC4BF22EC667DF9EFC2_element_14/name'
14:10:33.039 [AsyncHttpClient-1-9] DEBUG org.asynchttpclient.netty.handler.HttpHandler - 

Request DefaultFullHttpRequest(decodeResult: success, version: HTTP/1.1, content: EmptyByteBufBE)
GET /session/26d21526e529ce1a8add3850a3a12f45/element/E71D1F3B6DA4BBC4BF22EC667DF9EFC2_element_14/name HTTP/1.1
User-Agent: selenium/4.8.1 (java windows)
Cache-Control: no-cache
Content-Type: application/json; charset=utf-8
host: localhost:23964
accept: */*

Response DefaultHttpResponse(decodeResult: success, version: HTTP/1.1)
HTTP/1.1 200 OK
Content-Length: 18
Content-Type: application/json; charset=utf-8
cache-control: no-cache

14:10:33.039 [AsyncHttpClient-1-9] DEBUG org.asynchttpclient.netty.channel.ChannelManager - Adding key: http://localhost:23964 for channel [id: 0xb2b85260, L:/127.0.0.1:14238 - R:localhost/127.0.0.1:23964]
14:10:33.041 [Forwarding getElementTagName on session 26d21526e529ce1a8add3850a3a12f45 to remote] DEBUG org.asynchttpclient.netty.request.NettyRequestSender - Using pooled Channel '[id: 0xb2b85260, L:/127.0.0.1:14238 - R:localhost/127.0.0.1:23964]' for 'GET' to 'http://localhost:23964/session/26d21526e529ce1a8add3850a3a12f45/element/E71D1F3B6DA4BBC4BF22EC667DF9EFC2_element_14/name'
14:10:33.041 [Forwarding getElementTagName on session 26d21526e529ce1a8add3850a3a12f45 to remote] DEBUG org.asynchttpclient.netty.request.NettyRequestSender - Using open Channel [id: 0xb2b85260, L:/127.0.0.1:14238 - R:localhost/127.0.0.1:23964] for GET '/session/26d21526e529ce1a8add3850a3a12f45/element/E71D1F3B6DA4BBC4BF22EC667DF9EFC2_element_14/name'
14:10:33.047 [AsyncHttpClient-1-9] DEBUG org.asynchttpclient.netty.handler.HttpHandler - 

Request DefaultFullHttpRequest(decodeResult: success, version: HTTP/1.1, content: EmptyByteBufBE)
GET /session/26d21526e529ce1a8add3850a3a12f45/element/E71D1F3B6DA4BBC4BF22EC667DF9EFC2_element_14/name HTTP/1.1
User-Agent: selenium/4.8.1 (java windows)
Cache-Control: no-cache
Content-Type: application/json; charset=utf-8
host: localhost:23964
accept: */*

Response DefaultHttpResponse(decodeResult: success, version: HTTP/1.1)
HTTP/1.1 200 OK
Content-Length: 18
Content-Type: application/json; charset=utf-8
cache-control: no-cache

14:10:33.047 [AsyncHttpClient-1-9] DEBUG org.asynchttpclient.netty.channel.ChannelManager - Adding key: http://localhost:23964 for channel [id: 0xb2b85260, L:/127.0.0.1:14238 - R:localhost/127.0.0.1:23964]
14:10:33.054 [Forwarding isElementEnabled on session 26d21526e529ce1a8add3850a3a12f45 to remote] DEBUG org.asynchttpclient.netty.request.NettyRequestSender - Using pooled Channel '[id: 0xb2b85260, L:/127.0.0.1:14238 - R:localhost/127.0.0.1:23964]' for 'GET' to 'http://localhost:23964/session/26d21526e529ce1a8add3850a3a12f45/element/E71D1F3B6DA4BBC4BF22EC667DF9EFC2_element_14/enabled'
14:10:33.054 [Forwarding isElementEnabled on session 26d21526e529ce1a8add3850a3a12f45 to remote] DEBUG org.asynchttpclient.netty.request.NettyRequestSender - Using open Channel [id: 0xb2b85260, L:/127.0.0.1:14238 - R:localhost/127.0.0.1:23964] for GET '/session/26d21526e529ce1a8add3850a3a12f45/element/E71D1F3B6DA4BBC4BF22EC667DF9EFC2_element_14/enabled'
14:10:33.063 [AsyncHttpClient-1-9] DEBUG org.asynchttpclient.netty.handler.HttpHandler - 

Request DefaultFullHttpRequest(decodeResult: success, version: HTTP/1.1, content: EmptyByteBufBE)
GET /session/26d21526e529ce1a8add3850a3a12f45/element/E71D1F3B6DA4BBC4BF22EC667DF9EFC2_element_14/enabled HTTP/1.1
User-Agent: selenium/4.8.1 (java windows)
Cache-Control: no-cache
Content-Type: application/json; charset=utf-8
host: localhost:23964
accept: */*

Response DefaultHttpResponse(decodeResult: success, version: HTTP/1.1)
HTTP/1.1 200 OK
Content-Length: 14
Content-Type: application/json; charset=utf-8
cache-control: no-cache

14:10:33.064 [AsyncHttpClient-1-9] DEBUG org.asynchttpclient.netty.channel.ChannelManager - Adding key: http://localhost:23964 for channel [id: 0xb2b85260, L:/127.0.0.1:14238 - R:localhost/127.0.0.1:23964]
14:10:33.065 [Forwarding isElementEnabled on session 26d21526e529ce1a8add3850a3a12f45 to remote] DEBUG org.asynchttpclient.netty.request.NettyRequestSender - Using pooled Channel '[id: 0xb2b85260, L:/127.0.0.1:14238 - R:localhost/127.0.0.1:23964]' for 'GET' to 'http://localhost:23964/session/26d21526e529ce1a8add3850a3a12f45/element/E71D1F3B6DA4BBC4BF22EC667DF9EFC2_element_14/enabled'
14:10:33.065 [Forwarding isElementEnabled on session 26d21526e529ce1a8add3850a3a12f45 to remote] DEBUG org.asynchttpclient.netty.request.NettyRequestSender - Using open Channel [id: 0xb2b85260, L:/127.0.0.1:14238 - R:localhost/127.0.0.1:23964] for GET '/session/26d21526e529ce1a8add3850a3a12f45/element/E71D1F3B6DA4BBC4BF22EC667DF9EFC2_element_14/enabled'
14:10:33.076 [AsyncHttpClient-1-9] DEBUG org.asynchttpclient.netty.handler.HttpHandler - 

Request DefaultFullHttpRequest(decodeResult: success, version: HTTP/1.1, content: EmptyByteBufBE)
GET /session/26d21526e529ce1a8add3850a3a12f45/element/E71D1F3B6DA4BBC4BF22EC667DF9EFC2_element_14/enabled HTTP/1.1
User-Agent: selenium/4.8.1 (java windows)
Cache-Control: no-cache
Content-Type: application/json; charset=utf-8
host: localhost:23964
accept: */*

Response DefaultHttpResponse(decodeResult: success, version: HTTP/1.1)
HTTP/1.1 200 OK
Content-Length: 14
Content-Type: application/json; charset=utf-8
cache-control: no-cache

14:10:33.077 [AsyncHttpClient-1-9] DEBUG org.asynchttpclient.netty.channel.ChannelManager - Adding key: http://localhost:23964 for channel [id: 0xb2b85260, L:/127.0.0.1:14238 - R:localhost/127.0.0.1:23964]
14:10:33.081 [Forwarding findElement on session 26d21526e529ce1a8add3850a3a12f45 to remote] DEBUG org.asynchttpclient.netty.request.NettyRequestSender - Using pooled Channel '[id: 0xb2b85260, L:/127.0.0.1:14238 - R:localhost/127.0.0.1:23964]' for 'POST' to 'http://localhost:23964/session/26d21526e529ce1a8add3850a3a12f45/element'
14:10:33.081 [Forwarding findElement on session 26d21526e529ce1a8add3850a3a12f45 to remote] DEBUG org.asynchttpclient.netty.request.NettyRequestSender - Using open Channel [id: 0xb2b85260, L:/127.0.0.1:14238 - R:localhost/127.0.0.1:23964] for POST '/session/26d21526e529ce1a8add3850a3a12f45/element'
14:10:33.092 [AsyncHttpClient-1-9] DEBUG org.asynchttpclient.netty.handler.HttpHandler - 

Request DefaultHttpRequest(decodeResult: success, version: HTTP/1.1)
POST /session/26d21526e529ce1a8add3850a3a12f45/element HTTP/1.1
User-Agent: selenium/4.8.1 (java windows)
Content-Length: 69
Content-Type: application/json; charset=utf-8
host: localhost:23964
accept: */*

Response DefaultHttpResponse(decodeResult: success, version: HTTP/1.1)
HTTP/1.1 200 OK
Content-Length: 95
Content-Type: application/json; charset=utf-8
cache-control: no-cache

14:10:33.093 [AsyncHttpClient-1-9] DEBUG org.asynchttpclient.netty.channel.ChannelManager - Adding key: http://localhost:23964 for channel [id: 0xb2b85260, L:/127.0.0.1:14238 - R:localhost/127.0.0.1:23964]
14:10:33.094 [Forwarding clickElement on session 26d21526e529ce1a8add3850a3a12f45 to remote] DEBUG org.asynchttpclient.netty.request.NettyRequestSender - Using pooled Channel '[id: 0xb2b85260, L:/127.0.0.1:14238 - R:localhost/127.0.0.1:23964]' for 'POST' to 'http://localhost:23964/session/26d21526e529ce1a8add3850a3a12f45/element/E71D1F3B6DA4BBC4BF22EC667DF9EFC2_element_14/click'
14:10:33.094 [Forwarding clickElement on session 26d21526e529ce1a8add3850a3a12f45 to remote] DEBUG org.asynchttpclient.netty.request.NettyRequestSender - Using open Channel [id: 0xb2b85260, L:/127.0.0.1:14238 - R:localhost/127.0.0.1:23964] for POST '/session/26d21526e529ce1a8add3850a3a12f45/element/E71D1F3B6DA4BBC4BF22EC667DF9EFC2_element_14/click'
14:10:33.262 [AsyncHttpClient-1-9] DEBUG org.asynchttpclient.netty.handler.HttpHandler - 

Request DefaultHttpRequest(decodeResult: success, version: HTTP/1.1)
POST /session/26d21526e529ce1a8add3850a3a12f45/element/E71D1F3B6DA4BBC4BF22EC667DF9EFC2_element_14/click HTTP/1.1
User-Agent: selenium/4.8.1 (java windows)
Content-Length: 57
Content-Type: application/json; charset=utf-8
host: localhost:23964
accept: */*

Response DefaultHttpResponse(decodeResult: success, version: HTTP/1.1)
HTTP/1.1 200 OK
Content-Length: 14
Content-Type: application/json; charset=utf-8
cache-control: no-cache

14:10:33.262 [AsyncHttpClient-1-9] DEBUG org.asynchttpclient.netty.channel.ChannelManager - Adding key: http://localhost:23964 for channel [id: 0xb2b85260, L:/127.0.0.1:14238 - R:localhost/127.0.0.1:23964]
14:10:33.288 [Forwarding getAlertText on session 26d21526e529ce1a8add3850a3a12f45 to remote] DEBUG org.asynchttpclient.netty.request.NettyRequestSender - Using pooled Channel '[id: 0xb2b85260, L:/127.0.0.1:14238 - R:localhost/127.0.0.1:23964]' for 'GET' to 'http://localhost:23964/session/26d21526e529ce1a8add3850a3a12f45/alert/text'
14:10:33.289 [Forwarding getAlertText on session 26d21526e529ce1a8add3850a3a12f45 to remote] DEBUG org.asynchttpclient.netty.request.NettyRequestSender - Using open Channel [id: 0xb2b85260, L:/127.0.0.1:14238 - R:localhost/127.0.0.1:23964] for GET '/session/26d21526e529ce1a8add3850a3a12f45/alert/text'
14:10:33.295 [AsyncHttpClient-1-9] DEBUG org.asynchttpclient.netty.handler.HttpHandler - 

Request DefaultFullHttpRequest(decodeResult: success, version: HTTP/1.1, content: EmptyByteBufBE)
GET /session/26d21526e529ce1a8add3850a3a12f45/alert/text HTTP/1.1
User-Agent: selenium/4.8.1 (java windows)
Cache-Control: no-cache
Content-Type: application/json; charset=utf-8
host: localhost:23964
accept: */*

Response DefaultHttpResponse(decodeResult: success, version: HTTP/1.1)
HTTP/1.1 404 Not Found
Content-Length: 807
Content-Type: application/json; charset=utf-8
cache-control: no-cache

14:10:33.296 [AsyncHttpClient-1-9] DEBUG org.asynchttpclient.netty.channel.ChannelManager - Adding key: http://localhost:23964 for channel [id: 0xb2b85260, L:/127.0.0.1:14238 - R:localhost/127.0.0.1:23964]
14:10:33.297 [Forwarding getCurrentUrl on session 26d21526e529ce1a8add3850a3a12f45 to remote] DEBUG org.asynchttpclient.netty.request.NettyRequestSender - Using pooled Channel '[id: 0xb2b85260, L:/127.0.0.1:14238 - R:localhost/127.0.0.1:23964]' for 'GET' to 'http://localhost:23964/session/26d21526e529ce1a8add3850a3a12f45/url'
14:10:33.297 [Forwarding getCurrentUrl on session 26d21526e529ce1a8add3850a3a12f45 to remote] DEBUG org.asynchttpclient.netty.request.NettyRequestSender - Using open Channel [id: 0xb2b85260, L:/127.0.0.1:14238 - R:localhost/127.0.0.1:23964] for GET '/session/26d21526e529ce1a8add3850a3a12f45/url'
14:10:33.304 [AsyncHttpClient-1-9] DEBUG org.asynchttpclient.netty.handler.HttpHandler - 

Request DefaultFullHttpRequest(decodeResult: success, version: HTTP/1.1, content: EmptyByteBufBE)
GET /session/26d21526e529ce1a8add3850a3a12f45/url HTTP/1.1
User-Agent: selenium/4.8.1 (java windows)
Cache-Control: no-cache
Content-Type: application/json; charset=utf-8
host: localhost:23964
accept: */*

Response DefaultHttpResponse(decodeResult: success, version: HTTP/1.1)
HTTP/1.1 200 OK
Content-Length: 64
Content-Type: application/json; charset=utf-8
cache-control: no-cache

14:10:33.304 [AsyncHttpClient-1-9] DEBUG org.asynchttpclient.netty.channel.ChannelManager - Adding key: http://localhost:23964 for channel [id: 0xb2b85260, L:/127.0.0.1:14238 - R:localhost/127.0.0.1:23964]
14:10:33.305 [Forwarding screenshot on session 26d21526e529ce1a8add3850a3a12f45 to remote] DEBUG org.asynchttpclient.netty.request.NettyRequestSender - Using pooled Channel '[id: 0xb2b85260, L:/127.0.0.1:14238 - R:localhost/127.0.0.1:23964]' for 'GET' to 'http://localhost:23964/session/26d21526e529ce1a8add3850a3a12f45/screenshot'
14:10:33.305 [Forwarding screenshot on session 26d21526e529ce1a8add3850a3a12f45 to remote] DEBUG org.asynchttpclient.netty.request.NettyRequestSender - Using open Channel [id: 0xb2b85260, L:/127.0.0.1:14238 - R:localhost/127.0.0.1:23964] for GET '/session/26d21526e529ce1a8add3850a3a12f45/screenshot'
14:10:33.776 [AsyncHttpClient-1-9] DEBUG org.asynchttpclient.netty.handler.HttpHandler - 

Request DefaultFullHttpRequest(decodeResult: success, version: HTTP/1.1, content: EmptyByteBufBE)
GET /session/26d21526e529ce1a8add3850a3a12f45/screenshot HTTP/1.1
User-Agent: selenium/4.8.1 (java windows)
Cache-Control: no-cache
Content-Type: application/json; charset=utf-8
host: localhost:23964
accept: */*

Response DefaultHttpResponse(decodeResult: success, version: HTTP/1.1)
HTTP/1.1 200 OK
Content-Length: 128116
Content-Type: application/json; charset=utf-8
cache-control: no-cache

14:10:33.777 [AsyncHttpClient-1-9] DEBUG org.asynchttpclient.netty.channel.ChannelManager - Adding key: http://localhost:23964 for channel [id: 0xb2b85260, L:/127.0.0.1:14238 - R:localhost/127.0.0.1:23964]
14:10:33.789 [main] DEBUG net.serenitybdd.core.photography.Darkroom - Send negative for processing for target\site\serenity\40cd776627ef825ac25e43fa75149c28e8a85bcf1ecd7d007bf708eb633ef30b.png
14:10:33.790 [main] DEBUG net.thucydides.core.steps.StepInterceptor - STEP DONE: clickLoginButton
  &amp#27;[32mAnd &amp#27;[0m&amp#27;[32mI click sign in wrong email&amp#27;[0m                                     &amp#27;[90m# Starter.Stepdefitions.Failed2SigninSteps.clickLoginWrongEmail()&amp#27;[0m
14:10:33.790 [Darkroom Processing Line] DEBUG net.serenitybdd.core.photography.DarkroomProcessingLine - Processing screenshot image in /var/screenshots/screenshot-7275876338110453196
14:10:33.790 [Darkroom Processing Line] DEBUG net.serenitybdd.core.photography.DarkroomProcessingLine - Saving screenshot to target\site\serenity\40cd776627ef825ac25e43fa75149c28e8a85bcf1ecd7d007bf708eb633ef30b.png
14:10:33.813 [Forwarding getPageSource on session 26d21526e529ce1a8add3850a3a12f45 to remote] DEBUG org.asynchttpclient.netty.request.NettyRequestSender - Using pooled Channel '[id: 0xb2b85260, L:/127.0.0.1:14238 - R:localhost/127.0.0.1:23964]' for 'POST' to 'http://localhost:23964/session/26d21526e529ce1a8add3850a3a12f45/execute/sync'
14:10:33.813 [Forwarding getPageSource on session 26d21526e529ce1a8add3850a3a12f45 to remote] DEBUG org.asynchttpclient.netty.request.NettyRequestSender - Using open Channel [id: 0xb2b85260, L:/127.0.0.1:14238 - R:localhost/127.0.0.1:23964] for POST '/session/26d21526e529ce1a8add3850a3a12f45/execute/sync'
14:10:33.824 [AsyncHttpClient-1-9] DEBUG org.asynchttpclient.netty.handler.HttpHandler - 

Request DefaultHttpRequest(decodeResult: success, version: HTTP/1.1)
POST /session/26d21526e529ce1a8add3850a3a12f45/execute/sync HTTP/1.1
User-Agent: selenium/4.8.1 (java windows)
Content-Length: 176
Content-Type: application/json; charset=utf-8
host: localhost:23964
accept: */*

Response DefaultHttpResponse(decodeResult: success, version: HTTP/1.1)
HTTP/1.1 200 OK
Content-Length: 6089
Content-Type: application/json; charset=utf-8
cache-control: no-cache

14:10:33.824 [AsyncHttpClient-1-9] DEBUG org.asynchttpclient.netty.channel.ChannelManager - Adding key: http://localhost:23964 for channel [id: 0xb2b85260, L:/127.0.0.1:14238 - R:localhost/127.0.0.1:23964]
14:10:33.830 [Forwarding getCurrentUrl on session 26d21526e529ce1a8add3850a3a12f45 to remote] DEBUG org.asynchttpclient.netty.request.NettyRequestSender - Using pooled Channel '[id: 0xb2b85260, L:/127.0.0.1:14238 - R:localhost/127.0.0.1:23964]' for 'GET' to 'http://localhost:23964/session/26d21526e529ce1a8add3850a3a12f45/url'
14:10:33.830 [Forwarding getCurrentUrl on session 26d21526e529ce1a8add3850a3a12f45 to remote] DEBUG org.asynchttpclient.netty.request.NettyRequestSender - Using open Channel [id: 0xb2b85260, L:/127.0.0.1:14238 - R:localhost/127.0.0.1:23964] for GET '/session/26d21526e529ce1a8add3850a3a12f45/url'
14:10:33.838 [AsyncHttpClient-1-9] DEBUG org.asynchttpclient.netty.handler.HttpHandler - 

Request DefaultFullHttpRequest(decodeResult: success, version: HTTP/1.1, content: EmptyByteBufBE)
GET /session/26d21526e529ce1a8add3850a3a12f45/url HTTP/1.1
User-Agent: selenium/4.8.1 (java windows)
Cache-Control: no-cache
Content-Type: application/json; charset=utf-8
host: localhost:23964
accept: */*

Response DefaultHttpResponse(decodeResult: success, version: HTTP/1.1)
HTTP/1.1 200 OK
Content-Length: 64
Content-Type: application/json; charset=utf-8
cache-control: no-cache

14:10:33.839 [AsyncHttpClient-1-9] DEBUG org.asynchttpclient.netty.channel.ChannelManager - Adding key: http://localhost:23964 for channel [id: 0xb2b85260, L:/127.0.0.1:14238 - R:localhost/127.0.0.1:23964]
14:10:33.867 [Forwarding getAlertText on session 26d21526e529ce1a8add3850a3a12f45 to remote] DEBUG org.asynchttpclient.netty.request.NettyRequestSender - Using pooled Channel '[id: 0xb2b85260, L:/127.0.0.1:14238 - R:localhost/127.0.0.1:23964]' for 'GET' to 'http://localhost:23964/session/26d21526e529ce1a8add3850a3a12f45/alert/text'
14:10:33.867 [Forwarding getAlertText on session 26d21526e529ce1a8add3850a3a12f45 to remote] DEBUG org.asynchttpclient.netty.request.NettyRequestSender - Using open Channel [id: 0xb2b85260, L:/127.0.0.1:14238 - R:localhost/127.0.0.1:23964] for GET '/session/26d21526e529ce1a8add3850a3a12f45/alert/text'
14:10:33.869 [AsyncHttpClient-1-9] DEBUG org.asynchttpclient.netty.handler.HttpHandler - 

Request DefaultFullHttpRequest(decodeResult: success, version: HTTP/1.1, content: EmptyByteBufBE)
GET /session/26d21526e529ce1a8add3850a3a12f45/alert/text HTTP/1.1
User-Agent: selenium/4.8.1 (java windows)
Cache-Control: no-cache
Content-Type: application/json; charset=utf-8
host: localhost:23964
accept: */*

Response DefaultHttpResponse(decodeResult: success, version: HTTP/1.1)
HTTP/1.1 404 Not Found
Content-Length: 807
Content-Type: application/json; charset=utf-8
cache-control: no-cache

14:10:33.869 [AsyncHttpClient-1-9] DEBUG org.asynchttpclient.netty.channel.ChannelManager - Adding key: http://localhost:23964 for channel [id: 0xb2b85260, L:/127.0.0.1:14238 - R:localhost/127.0.0.1:23964]
14:10:33.875 [Forwarding getCurrentUrl on session 26d21526e529ce1a8add3850a3a12f45 to remote] DEBUG org.asynchttpclient.netty.request.NettyRequestSender - Using pooled Channel '[id: 0xb2b85260, L:/127.0.0.1:14238 - R:localhost/127.0.0.1:23964]' for 'GET' to 'http://localhost:23964/session/26d21526e529ce1a8add3850a3a12f45/url'
14:10:33.875 [Forwarding getCurrentUrl on session 26d21526e529ce1a8add3850a3a12f45 to remote] DEBUG org.asynchttpclient.netty.request.NettyRequestSender - Using open Channel [id: 0xb2b85260, L:/127.0.0.1:14238 - R:localhost/127.0.0.1:23964] for GET '/session/26d21526e529ce1a8add3850a3a12f45/url'
14:10:33.880 [AsyncHttpClient-1-9] DEBUG org.asynchttpclient.netty.handler.HttpHandler - 

Request DefaultFullHttpRequest(decodeResult: success, version: HTTP/1.1, content: EmptyByteBufBE)
GET /session/26d21526e529ce1a8add3850a3a12f45/url HTTP/1.1
User-Agent: selenium/4.8.1 (java windows)
Cache-Control: no-cache
Content-Type: application/json; charset=utf-8
host: localhost:23964
accept: */*

Response DefaultHttpResponse(decodeResult: success, version: HTTP/1.1)
HTTP/1.1 200 OK
Content-Length: 64
Content-Type: application/json; charset=utf-8
cache-control: no-cache

14:10:33.880 [AsyncHttpClient-1-9] DEBUG org.asynchttpclient.netty.channel.ChannelManager - Adding key: http://localhost:23964 for channel [id: 0xb2b85260, L:/127.0.0.1:14238 - R:localhost/127.0.0.1:23964]
14:10:33.881 [Forwarding screenshot on session 26d21526e529ce1a8add3850a3a12f45 to remote] DEBUG org.asynchttpclient.netty.request.NettyRequestSender - Using pooled Channel '[id: 0xb2b85260, L:/127.0.0.1:14238 - R:localhost/127.0.0.1:23964]' for 'GET' to 'http://localhost:23964/session/26d21526e529ce1a8add3850a3a12f45/screenshot'
14:10:33.881 [Forwarding screenshot on session 26d21526e529ce1a8add3850a3a12f45 to remote] DEBUG org.asynchttpclient.netty.request.NettyRequestSender - Using open Channel [id: 0xb2b85260, L:/127.0.0.1:14238 - R:localhost/127.0.0.1:23964] for GET '/session/26d21526e529ce1a8add3850a3a12f45/screenshot'
14:10:34.096 [AsyncHttpClient-1-9] DEBUG org.asynchttpclient.netty.handler.HttpHandler - 

Request DefaultFullHttpRequest(decodeResult: success, version: HTTP/1.1, content: EmptyByteBufBE)
GET /session/26d21526e529ce1a8add3850a3a12f45/screenshot HTTP/1.1
User-Agent: selenium/4.8.1 (java windows)
Cache-Control: no-cache
Content-Type: application/json; charset=utf-8
host: localhost:23964
accept: */*

Response DefaultHttpResponse(decodeResult: success, version: HTTP/1.1)
HTTP/1.1 200 OK
Content-Length: 127960
Content-Type: application/json; charset=utf-8
cache-control: no-cache

14:10:34.096 [AsyncHttpClient-1-9] DEBUG org.asynchttpclient.netty.channel.ChannelManager - Adding key: http://localhost:23964 for channel [id: 0xb2b85260, L:/127.0.0.1:14238 - R:localhost/127.0.0.1:23964]
14:10:34.097 [AsyncHttpClient-1-1] DEBUG org.asynchttpclient.netty.channel.DefaultChannelPool - Entry count for : http://localhost:14239 : 1
14:10:34.097 [AsyncHttpClient-1-1] DEBUG org.asynchttpclient.netty.channel.DefaultChannelPool - Entry count for : http://localhost:23964 : 1
14:10:34.110 [main] DEBUG net.serenitybdd.core.photography.Darkroom - Send negative for processing for target\site\serenity\1d77be7651a3360869dea51c1c98433acc6568d0e4d2796d629b420ff0ac6063.png
14:10:34.111 [Darkroom Processing Line] DEBUG net.serenitybdd.core.photography.DarkroomProcessingLine - Processing screenshot image in /var/screenshots/screenshot-7276146109598607450
14:10:34.111 [Darkroom Processing Line] DEBUG net.serenitybdd.core.photography.DarkroomProcessingLine - Saving screenshot to target\site\serenity\1d77be7651a3360869dea51c1c98433acc6568d0e4d2796d629b420ff0ac6063.png
14:10:34.113 [Forwarding getPageSource on session 26d21526e529ce1a8add3850a3a12f45 to remote] DEBUG org.asynchttpclient.netty.request.NettyRequestSender - Using pooled Channel '[id: 0xb2b85260, L:/127.0.0.1:14238 - R:localhost/127.0.0.1:23964]' for 'POST' to 'http://localhost:23964/session/26d21526e529ce1a8add3850a3a12f45/execute/sync'
14:10:34.113 [Forwarding getPageSource on session 26d21526e529ce1a8add3850a3a12f45 to remote] DEBUG org.asynchttpclient.netty.request.NettyRequestSender - Using open Channel [id: 0xb2b85260, L:/127.0.0.1:14238 - R:localhost/127.0.0.1:23964] for POST '/session/26d21526e529ce1a8add3850a3a12f45/execute/sync'
14:10:34.119 [AsyncHttpClient-1-9] DEBUG org.asynchttpclient.netty.handler.HttpHandler - 

Request DefaultHttpRequest(decodeResult: success, version: HTTP/1.1)
POST /session/26d21526e529ce1a8add3850a3a12f45/execute/sync HTTP/1.1
User-Agent: selenium/4.8.1 (java windows)
Content-Length: 176
Content-Type: application/json; charset=utf-8
host: localhost:23964
accept: */*

Response DefaultHttpResponse(decodeResult: success, version: HTTP/1.1)
HTTP/1.1 200 OK
Content-Length: 6089
Content-Type: application/json; charset=utf-8
cache-control: no-cache

14:10:34.119 [AsyncHttpClient-1-9] DEBUG org.asynchttpclient.netty.channel.ChannelManager - Adding key: http://localhost:23964 for channel [id: 0xb2b85260, L:/127.0.0.1:14238 - R:localhost/127.0.0.1:23964]
14:10:34.125 [Forwarding getCurrentUrl on session 26d21526e529ce1a8add3850a3a12f45 to remote] DEBUG org.asynchttpclient.netty.request.NettyRequestSender - Using pooled Channel '[id: 0xb2b85260, L:/127.0.0.1:14238 - R:localhost/127.0.0.1:23964]' for 'GET' to 'http://localhost:23964/session/26d21526e529ce1a8add3850a3a12f45/url'
14:10:34.126 [Forwarding getCurrentUrl on session 26d21526e529ce1a8add3850a3a12f45 to remote] DEBUG org.asynchttpclient.netty.request.NettyRequestSender - Using open Channel [id: 0xb2b85260, L:/127.0.0.1:14238 - R:localhost/127.0.0.1:23964] for GET '/session/26d21526e529ce1a8add3850a3a12f45/url'
14:10:34.131 [AsyncHttpClient-1-9] DEBUG org.asynchttpclient.netty.handler.HttpHandler - 

Request DefaultFullHttpRequest(decodeResult: success, version: HTTP/1.1, content: EmptyByteBufBE)
GET /session/26d21526e529ce1a8add3850a3a12f45/url HTTP/1.1
User-Agent: selenium/4.8.1 (java windows)
Cache-Control: no-cache
Content-Type: application/json; charset=utf-8
host: localhost:23964
accept: */*

Response DefaultHttpResponse(decodeResult: success, version: HTTP/1.1)
HTTP/1.1 200 OK
Content-Length: 64
Content-Type: application/json; charset=utf-8
cache-control: no-cache

14:10:34.131 [AsyncHttpClient-1-9] DEBUG org.asynchttpclient.netty.channel.ChannelManager - Adding key: http://localhost:23964 for channel [id: 0xb2b85260, L:/127.0.0.1:14238 - R:localhost/127.0.0.1:23964]
14:10:34.296 [main] DEBUG net.thucydides.core.steps.StepInterceptor - STARTING STEP: Failed2SigninSteps.onTheHomePageWrongEmail - errorMessageAppear
14:10:34.304 [Forwarding findElement on session 26d21526e529ce1a8add3850a3a12f45 to remote] DEBUG org.asynchttpclient.netty.request.NettyRequestSender - Using pooled Channel '[id: 0xb2b85260, L:/127.0.0.1:14238 - R:localhost/127.0.0.1:23964]' for 'POST' to 'http://localhost:23964/session/26d21526e529ce1a8add3850a3a12f45/element'
14:10:34.304 [Forwarding findElement on session 26d21526e529ce1a8add3850a3a12f45 to remote] DEBUG org.asynchttpclient.netty.request.NettyRequestSender - Using open Channel [id: 0xb2b85260, L:/127.0.0.1:14238 - R:localhost/127.0.0.1:23964] for POST '/session/26d21526e529ce1a8add3850a3a12f45/element'
14:10:34.331 [AsyncHttpClient-1-9] DEBUG org.asynchttpclient.netty.handler.HttpHandler - 

Request DefaultHttpRequest(decodeResult: success, version: HTTP/1.1)
POST /session/26d21526e529ce1a8add3850a3a12f45/element HTTP/1.1
User-Agent: selenium/4.8.1 (java windows)
Content-Length: 83
Content-Type: application/json; charset=utf-8
host: localhost:23964
accept: */*

Response DefaultHttpResponse(decodeResult: success, version: HTTP/1.1)
HTTP/1.1 200 OK
Content-Length: 95
Content-Type: application/json; charset=utf-8
cache-control: no-cache

14:10:34.332 [AsyncHttpClient-1-9] DEBUG org.asynchttpclient.netty.channel.ChannelManager - Adding key: http://localhost:23964 for channel [id: 0xb2b85260, L:/127.0.0.1:14238 - R:localhost/127.0.0.1:23964]
14:10:34.346 [Forwarding isElementDisplayed on session 26d21526e529ce1a8add3850a3a12f45 to remote] DEBUG org.asynchttpclient.netty.request.NettyRequestSender - Using pooled Channel '[id: 0xb2b85260, L:/127.0.0.1:14238 - R:localhost/127.0.0.1:23964]' for 'POST' to 'http://localhost:23964/session/26d21526e529ce1a8add3850a3a12f45/execute/sync'
14:10:34.346 [Forwarding isElementDisplayed on session 26d21526e529ce1a8add3850a3a12f45 to remote] DEBUG org.asynchttpclient.netty.request.NettyRequestSender - Using open Channel [id: 0xb2b85260, L:/127.0.0.1:14238 - R:localhost/127.0.0.1:23964] for POST '/session/26d21526e529ce1a8add3850a3a12f45/execute/sync'
14:10:34.370 [AsyncHttpClient-1-9] DEBUG org.asynchttpclient.netty.handler.HttpHandler - 

Request DefaultHttpRequest(decodeResult: success, version: HTTP/1.1)
POST /session/26d21526e529ce1a8add3850a3a12f45/execute/sync HTTP/1.1
User-Agent: selenium/4.8.1 (java windows)
Content-Length: 48814
Content-Type: application/json; charset=utf-8
host: localhost:23964
accept: */*

Response DefaultHttpResponse(decodeResult: success, version: HTTP/1.1)
HTTP/1.1 200 OK
Content-Length: 14
Content-Type: application/json; charset=utf-8
cache-control: no-cache

14:10:34.370 [AsyncHttpClient-1-9] DEBUG org.asynchttpclient.netty.channel.ChannelManager - Adding key: http://localhost:23964 for channel [id: 0xb2b85260, L:/127.0.0.1:14238 - R:localhost/127.0.0.1:23964]
14:10:34.384 [Forwarding getAlertText on session 26d21526e529ce1a8add3850a3a12f45 to remote] DEBUG org.asynchttpclient.netty.request.NettyRequestSender - Using pooled Channel '[id: 0xb2b85260, L:/127.0.0.1:14238 - R:localhost/127.0.0.1:23964]' for 'GET' to 'http://localhost:23964/session/26d21526e529ce1a8add3850a3a12f45/alert/text'
14:10:34.384 [Forwarding getAlertText on session 26d21526e529ce1a8add3850a3a12f45 to remote] DEBUG org.asynchttpclient.netty.request.NettyRequestSender - Using open Channel [id: 0xb2b85260, L:/127.0.0.1:14238 - R:localhost/127.0.0.1:23964] for GET '/session/26d21526e529ce1a8add3850a3a12f45/alert/text'
14:10:34.386 [AsyncHttpClient-1-9] DEBUG org.asynchttpclient.netty.handler.HttpHandler - 

Request DefaultFullHttpRequest(decodeResult: success, version: HTTP/1.1, content: EmptyByteBufBE)
GET /session/26d21526e529ce1a8add3850a3a12f45/alert/text HTTP/1.1
User-Agent: selenium/4.8.1 (java windows)
Cache-Control: no-cache
Content-Type: application/json; charset=utf-8
host: localhost:23964
accept: */*

Response DefaultHttpResponse(decodeResult: success, version: HTTP/1.1)
HTTP/1.1 404 Not Found
Content-Length: 807
Content-Type: application/json; charset=utf-8
cache-control: no-cache

14:10:34.387 [AsyncHttpClient-1-9] DEBUG org.asynchttpclient.netty.channel.ChannelManager - Adding key: http://localhost:23964 for channel [id: 0xb2b85260, L:/127.0.0.1:14238 - R:localhost/127.0.0.1:23964]
14:10:34.391 [Forwarding getCurrentUrl on session 26d21526e529ce1a8add3850a3a12f45 to remote] DEBUG org.asynchttpclient.netty.request.NettyRequestSender - Using pooled Channel '[id: 0xb2b85260, L:/127.0.0.1:14238 - R:localhost/127.0.0.1:23964]' for 'GET' to 'http://localhost:23964/session/26d21526e529ce1a8add3850a3a12f45/url'
14:10:34.391 [Forwarding getCurrentUrl on session 26d21526e529ce1a8add3850a3a12f45 to remote] DEBUG org.asynchttpclient.netty.request.NettyRequestSender - Using open Channel [id: 0xb2b85260, L:/127.0.0.1:14238 - R:localhost/127.0.0.1:23964] for GET '/session/26d21526e529ce1a8add3850a3a12f45/url'
14:10:34.396 [AsyncHttpClient-1-9] DEBUG org.asynchttpclient.netty.handler.HttpHandler - 

Request DefaultFullHttpRequest(decodeResult: success, version: HTTP/1.1, content: EmptyByteBufBE)
GET /session/26d21526e529ce1a8add3850a3a12f45/url HTTP/1.1
User-Agent: selenium/4.8.1 (java windows)
Cache-Control: no-cache
Content-Type: application/json; charset=utf-8
host: localhost:23964
accept: */*

Response DefaultHttpResponse(decodeResult: success, version: HTTP/1.1)
HTTP/1.1 200 OK
Content-Length: 64
Content-Type: application/json; charset=utf-8
cache-control: no-cache

14:10:34.397 [AsyncHttpClient-1-9] DEBUG org.asynchttpclient.netty.channel.ChannelManager - Adding key: http://localhost:23964 for channel [id: 0xb2b85260, L:/127.0.0.1:14238 - R:localhost/127.0.0.1:23964]
14:10:34.398 [Forwarding screenshot on session 26d21526e529ce1a8add3850a3a12f45 to remote] DEBUG org.asynchttpclient.netty.request.NettyRequestSender - Using pooled Channel '[id: 0xb2b85260, L:/127.0.0.1:14238 - R:localhost/127.0.0.1:23964]' for 'GET' to 'http://localhost:23964/session/26d21526e529ce1a8add3850a3a12f45/screenshot'
14:10:34.398 [Forwarding screenshot on session 26d21526e529ce1a8add3850a3a12f45 to remote] DEBUG org.asynchttpclient.netty.request.NettyRequestSender - Using open Channel [id: 0xb2b85260, L:/127.0.0.1:14238 - R:localhost/127.0.0.1:23964] for GET '/session/26d21526e529ce1a8add3850a3a12f45/screenshot'
14:10:34.604 [AsyncHttpClient-1-9] DEBUG org.asynchttpclient.netty.handler.HttpHandler - 

Request DefaultFullHttpRequest(decodeResult: success, version: HTTP/1.1, content: EmptyByteBufBE)
GET /session/26d21526e529ce1a8add3850a3a12f45/screenshot HTTP/1.1
User-Agent: selenium/4.8.1 (java windows)
Cache-Control: no-cache
Content-Type: application/json; charset=utf-8
host: localhost:23964
accept: */*

Response DefaultHttpResponse(decodeResult: success, version: HTTP/1.1)
HTTP/1.1 200 OK
Content-Length: 128112
Content-Type: application/json; charset=utf-8
cache-control: no-cache

14:10:34.608 [AsyncHttpClient-1-9] DEBUG org.asynchttpclient.netty.channel.ChannelManager - Adding key: http://localhost:23964 for channel [id: 0xb2b85260, L:/127.0.0.1:14238 - R:localhost/127.0.0.1:23964]
14:10:34.617 [main] DEBUG net.serenitybdd.core.photography.Darkroom - Send negative for processing for target\site\serenity\3527d88965d36a62729a13b5b7628de01d420b766c99e86f861f0fdf2c750593.png
14:10:34.618 [main] DEBUG net.thucydides.core.steps.StepInterceptor - STEP DONE: errorMessageAppear
14:10:34.618 [Darkroom Processing Line] DEBUG net.serenitybdd.core.photography.DarkroomProcessingLine - Processing screenshot image in /var/screenshots/screenshot-3143631400905599099
  &amp#27;[32mThen &amp#27;[0m&amp#27;[32mI am on the home page wrong email&amp#27;[0m                              &amp#27;[90m# Starter.Stepdefitions.Failed2SigninSteps.onTheHomePageWrongEmail()&amp#27;[0m
14:10:34.618 [Darkroom Processing Line] DEBUG net.serenitybdd.core.photography.DarkroomProcessingLine - Saving screenshot to target\site\serenity\3527d88965d36a62729a13b5b7628de01d420b766c99e86f861f0fdf2c750593.png
14:10:34.632 [main] INFO  - 
  _____   ___   ___   _____     ___     _     ___   ___   ___   ___  
 |_   _| | __| / __| |_   _|   | _ \   /_\   / __| / __| | __| |   \ 
   | |   | _|  \__ \   | |     |  _/  / _ \  \__ \ \__ \ | _|  | |) |
   |_|   |___| |___/   |_|     |_|   /_/ \_\ |___/ |___/ |___| |___/ 

As user, I have be able to failed login because wrong email
----------------------------------------------------------------------
14:10:34.634 [AsyncHttpClient-1-3] DEBUG org.asynchttpclient.netty.handler.WebSocketHandler - Channel Closed: [id: 0x7b62d2e7, L:/127.0.0.1:14245 ! R:localhost/127.0.0.1:14239] with attribute NettyResponseFuture{currentRetry=0,
	isDone=1,
	isCancelled=0,
	asyncHandler=org.asynchttpclient.ws.WebSocketUpgradeHandler@641922,
	nettyRequest=org.asynchttpclient.netty.request.NettyRequest@190d02e,
	future=java.util.concurrent.CompletableFuture@8d60cf[Completed normally],
	uri=ws://localhost:14239/devtools/browser/bb337866-9975-4f4b-8c3f-616221acf493,
	keepAlive=true,
	redirectCount=0,
	timeoutsHolder=null,
	inAuth=0,
	touch=1687677023863}
14:10:34.634 [AsyncHttpClient-1-3] DEBUG org.asynchttpclient.netty.channel.ChannelManager - Closing Channel [id: 0x7b62d2e7, L:/127.0.0.1:14245 ! R:localhost/127.0.0.1:14239] 
14:10:34.635 [Driver Command Executor] DEBUG org.asynchttpclient.netty.request.NettyRequestSender - Using pooled Channel '[id: 0xb2b85260, L:/127.0.0.1:14238 - R:localhost/127.0.0.1:23964]' for 'DELETE' to 'http://localhost:23964/session/26d21526e529ce1a8add3850a3a12f45'
14:10:34.636 [Driver Command Executor] DEBUG org.asynchttpclient.netty.request.NettyRequestSender - Using open Channel [id: 0xb2b85260, L:/127.0.0.1:14238 - R:localhost/127.0.0.1:23964] for DELETE '/session/26d21526e529ce1a8add3850a3a12f45'
14:10:34.904 [AsyncHttpClient-1-2] DEBUG org.asynchttpclient.netty.handler.HttpHandler - Unexpected I/O exception on channel [id: 0xf2b47275, L:/127.0.0.1:14244 - R:localhost/127.0.0.1:14239]
java.io.IOException: An existing connection was forcibly closed by the remote host
	at sun.nio.ch.SocketDispatcher.read0(Native Method)
	at sun.nio.ch.SocketDispatcher.read(SocketDispatcher.java:43)
	at sun.nio.ch.IOUtil.readIntoNativeBuffer(IOUtil.java:223)
	at sun.nio.ch.IOUtil.read(IOUtil.java:192)
	at sun.nio.ch.SocketChannelImpl.read(SocketChannelImpl.java:379)
	at io.netty.buffer.PooledByteBuf.setBytes(PooledByteBuf.java:259)
	at io.netty.buffer.AbstractByteBuf.writeBytes(AbstractByteBuf.java:1132)
	at io.netty.channel.socket.nio.NioSocketChannel.doReadBytes(NioSocketChannel.java:357)
	at io.netty.channel.nio.AbstractNioByteChannel$NioByteUnsafe.read(AbstractNioByteChannel.java:151)
	at io.netty.channel.nio.NioEventLoop.processSelectedKey(NioEventLoop.java:788)
	at io.netty.channel.nio.NioEventLoop.processSelectedKeysOptimized(NioEventLoop.java:724)
	at io.netty.channel.nio.NioEventLoop.processSelectedKeys(NioEventLoop.java:650)
	at io.netty.channel.nio.NioEventLoop.run(NioEventLoop.java:562)
	at io.netty.util.concurrent.SingleThreadEventExecutor$4.run(SingleThreadEventExecutor.java:997)
	at io.netty.util.internal.ThreadExecutorMap$2.run(ThreadExecutorMap.java:74)
	at io.netty.util.concurrent.FastThreadLocalRunnable.run(FastThreadLocalRunnable.java:30)
	at java.lang.Thread.run(Thread.java:745)
14:10:34.904 [AsyncHttpClient-1-2] DEBUG org.asynchttpclient.netty.channel.ChannelManager - Closing Channel [id: 0xf2b47275, L:/127.0.0.1:14244 - R:localhost/127.0.0.1:14239] 
14:10:34.904 [AsyncHttpClient-1-2] DEBUG org.asynchttpclient.netty.handler.HttpHandler - Channel Closed: [id: 0xf2b47275, L:/127.0.0.1:14244 ! R:localhost/127.0.0.1:14239] with attribute DISCARD
14:10:35.197 [AsyncHttpClient-1-1] DEBUG org.asynchttpclient.netty.channel.DefaultChannelPool - Entry count for : http://localhost:14239 : 1
14:10:35.197 [AsyncHttpClient-1-1] DEBUG org.asynchttpclient.netty.channel.DefaultChannelPool - Adding Candidate expired Channel [id: 0xf2b47275, L:/127.0.0.1:14244 ! R:localhost/127.0.0.1:14239] isIdleTimeoutExpired=false isRemotelyClosed=true isTtlExpired=false
14:10:35.197 [AsyncHttpClient-1-1] DEBUG org.asynchttpclient.netty.channel.DefaultChannelPool - Closing Idle Channel [id: 0xf2b47275, L:/127.0.0.1:14244 ! R:localhost/127.0.0.1:14239]
14:10:35.197 [AsyncHttpClient-1-1] DEBUG org.asynchttpclient.netty.channel.DefaultChannelPool - Closed 1 connections out of 1 in 0 ms
14:10:35.504 [AsyncHttpClient-1-9] DEBUG org.asynchttpclient.netty.handler.HttpHandler - 

Request DefaultFullHttpRequest(decodeResult: success, version: HTTP/1.1, content: EmptyByteBufBE)
DELETE /session/26d21526e529ce1a8add3850a3a12f45 HTTP/1.1
User-Agent: selenium/4.8.1 (java windows)
Content-Type: application/json; charset=utf-8
host: localhost:23964
accept: */*

Response DefaultHttpResponse(decodeResult: success, version: HTTP/1.1)
HTTP/1.1 200 OK
Content-Length: 14
Content-Type: application/json; charset=utf-8
cache-control: no-cache

14:10:35.505 [AsyncHttpClient-1-9] DEBUG org.asynchttpclient.netty.channel.ChannelManager - Adding key: http://localhost:23964 for channel [id: 0xb2b85260, L:/127.0.0.1:14238 - R:localhost/127.0.0.1:23964]
14:10:35.723 [AsyncHttpClient-1-9] DEBUG org.asynchttpclient.netty.handler.HttpHandler - Channel Closed: [id: 0xb2b85260, L:/127.0.0.1:14238 ! R:localhost/127.0.0.1:23964] with attribute DISCARD
]]></system-out>
    <system-err><![CDATA[Starting ChromeDriver 114.0.5735.90 (386bc09e8f4f2e025eddae123f36f6263096ae49-refs/branch-heads/5735@{#1052}) on port 23964
Only local connections are allowed.
Please see https://chromedriver.chromium.org/security-considerations for suggestions on keeping ChromeDriver safe.
ChromeDriver was started successfully.
Jun 25, 2023 2:10:23 PM org.openqa.selenium.devtools.CdpVersionFinder findNearestMatch
WARNING: Unable to find an exact match for CDP version 114, so returning the closest version found: 110
]]></system-err>
  </testcase>
  <testcase name="As user, I have be able to failed login because wrong password" classname="User be able to sign in" time="16.621">
    <system-out><![CDATA[
@wrong-password
Scenario: As user, I have be able to failed login because wrong password &amp#27;[90m# src/test/resources/Feature/Signin.feature:31&amp#27;[0m
14:10:36.245 [main] DEBUG io.cucumber.core.plugin.SerenityReporter - Running feature from file:///C:/Users/USER/IdeaProjects/Capston_webtesting/src/test/resources/Feature/Signin.feature
14:10:36.245 [main] WARN io.cucumber.core.plugin.SerenityReporter - Feature from file:///C:/Users/USER/IdeaProjects/Capston_webtesting/src/test/resources/Feature/Signin.feature is not under the 'features' directory. Requirements report will not be correctly generated!
14:10:36.249 [main] INFO  - 
  _____   ___   ___   _____     ___   _____     _     ___   _____   ___   ___  
 |_   _| | __| / __| |_   _|   / __| |_   _|   /_\   | _ \ |_   _| | __| |   \ 
   | |   | _|  \__ \   | |     \__ \   | |    / _ \  |   /   | |   | _|  | |) |
   |_|   |___| |___/   |_|     |___/   |_|   /_/ \_\ |_|_\   |_|   |___| |___/ 

As user, I have be able to failed login because wrong password(user-be-able-to-sign-in;as-user--i-have-be-able-to-failed-login-because-wrong-password)
--------------------------------------------------------------------------------
14:10:36.280 [main] DEBUG net.thucydides.core.steps.StepInterceptor - STARTING STEP: Failed3SigninSteps.onLoginPageWrongPassword - openPage
14:10:36.299 [AsyncHttpClient-1-1] DEBUG org.asynchttpclient.netty.channel.DefaultChannelPool - Entry count for : http://localhost:23964 : 1
14:10:36.299 [AsyncHttpClient-1-1] DEBUG org.asynchttpclient.netty.channel.DefaultChannelPool - Adding Candidate expired Channel [id: 0xb2b85260, L:/127.0.0.1:14238 ! R:localhost/127.0.0.1:23964] isIdleTimeoutExpired=false isRemotelyClosed=true isTtlExpired=false
14:10:36.299 [AsyncHttpClient-1-1] DEBUG org.asynchttpclient.netty.channel.DefaultChannelPool - Closing Idle Channel [id: 0xb2b85260, L:/127.0.0.1:14238 ! R:localhost/127.0.0.1:23964]
14:10:36.299 [AsyncHttpClient-1-1] DEBUG org.asynchttpclient.netty.channel.DefaultChannelPool - Closed 1 connections out of 1 in 0 ms
14:10:36.390 [main] INFO net.serenitybdd.core.webdriver.driverproviders.ChromeDriverProvider - Starting Chrome driver instance with capabilities:
14:10:36.391 [main] INFO net.serenitybdd.core.webdriver.driverproviders.ChromeDriverProvider - Capabilities {acceptInsecureCerts: false, browserName: chrome, goog:chromeOptions: {args: [remote-allow-origins=*], extensions: []}}
14:10:36.465 [AsyncHttpClient-1-4] DEBUG org.asynchttpclient.netty.channel.NettyConnectListener - Using new Channel '[id: 0x96665dd2, L:/127.0.0.1:14257 - R:localhost/127.0.0.1:47548]' for 'POST' to '/session'
14:10:39.146 [AsyncHttpClient-1-4] DEBUG org.asynchttpclient.netty.handler.HttpHandler - 

Request DefaultHttpRequest(decodeResult: success, version: HTTP/1.1)
POST /session HTTP/1.1
User-Agent: selenium/4.8.1 (java windows)
Content-Length: 507
Content-Type: application/json; charset=utf-8
host: localhost:47548
accept: */*

Response DefaultHttpResponse(decodeResult: success, version: HTTP/1.1)
HTTP/1.1 200 OK
Content-Length: 859
Content-Type: application/json; charset=utf-8
cache-control: no-cache

14:10:39.146 [AsyncHttpClient-1-4] DEBUG org.asynchttpclient.netty.channel.ChannelManager - Adding key: http://localhost:47548 for channel [id: 0x96665dd2, L:/127.0.0.1:14257 - R:localhost/127.0.0.1:47548]
14:10:39.159 [AsyncHttpClient-1-5] DEBUG org.asynchttpclient.netty.channel.NettyConnectListener - Using new Channel '[id: 0x5fa44bbf, L:/127.0.0.1:14264 - R:localhost/127.0.0.1:14258]' for 'GET' to '/json/version'
14:10:39.160 [AsyncHttpClient-1-5] DEBUG org.asynchttpclient.netty.handler.HttpHandler - 

Request DefaultFullHttpRequest(decodeResult: success, version: HTTP/1.1, content: EmptyByteBufBE)
GET /json/version HTTP/1.1
User-Agent: selenium/4.8.1 (java windows)
host: localhost:14258
accept: */*

Response DefaultHttpResponse(decodeResult: success, version: HTTP/1.1)
HTTP/1.1 200 OK
Content-Security-Policy: frame-ancestors 'none'
Content-Length: 424
Content-Type: application/json; charset=UTF-8

14:10:39.160 [AsyncHttpClient-1-5] DEBUG org.asynchttpclient.netty.channel.ChannelManager - Adding key: http://localhost:14258 for channel [id: 0x5fa44bbf, L:/127.0.0.1:14264 - R:localhost/127.0.0.1:14258]
14:10:39.163 [AsyncHttpClient-1-6] DEBUG org.asynchttpclient.netty.channel.NettyConnectListener - Using new Channel '[id: 0x1da47ef3, L:/127.0.0.1:14265 - R:localhost/127.0.0.1:14258]' for 'GET' to '/devtools/browser/ceb39505-e63e-4770-9589-a36f09aabbfb'
14:10:39.164 [AsyncHttpClient-1-6] DEBUG org.asynchttpclient.netty.handler.WebSocketHandler - 

Request DefaultFullHttpRequest(decodeResult: success, version: HTTP/1.1, content: EmptyByteBufBE)
GET /devtools/browser/ceb39505-e63e-4770-9589-a36f09aabbfb HTTP/1.1
upgrade: websocket
connection: upgrade
sec-websocket-key: B2ELN8A3NRQoZpThnDj0Tg==
sec-websocket-version: 13
origin: http://localhost:14258
host: localhost:14258
accept: */*
user-agent: AHC/2.1

Response DefaultHttpResponse(decodeResult: success, version: HTTP/1.1)
HTTP/1.1 101 WebSocket Protocol Handshake
Upgrade: WebSocket
Connection: Upgrade
Sec-WebSocket-Accept: xtHavLSOT2QmXwBIE9bijI3E7XM=

14:10:39.174 [Forwarding get on session 8b34e4a320753b2e7304ed0ac786986d to remote] DEBUG org.asynchttpclient.netty.request.NettyRequestSender - Using pooled Channel '[id: 0x96665dd2, L:/127.0.0.1:14257 - R:localhost/127.0.0.1:47548]' for 'POST' to 'http://localhost:47548/session/8b34e4a320753b2e7304ed0ac786986d/url'
14:10:39.174 [Forwarding get on session 8b34e4a320753b2e7304ed0ac786986d to remote] DEBUG org.asynchttpclient.netty.request.NettyRequestSender - Using open Channel [id: 0x96665dd2, L:/127.0.0.1:14257 - R:localhost/127.0.0.1:47548] for POST '/session/8b34e4a320753b2e7304ed0ac786986d/url'
14:10:39.598 [AsyncHttpClient-1-1] DEBUG org.asynchttpclient.netty.channel.DefaultChannelPool - Entry count for : http://localhost:14258 : 1
14:10:40.699 [AsyncHttpClient-1-1] DEBUG org.asynchttpclient.netty.channel.DefaultChannelPool - Entry count for : http://localhost:14258 : 1
14:10:41.798 [AsyncHttpClient-1-1] DEBUG org.asynchttpclient.netty.channel.DefaultChannelPool - Entry count for : http://localhost:14258 : 1
14:10:42.899 [AsyncHttpClient-1-1] DEBUG org.asynchttpclient.netty.channel.DefaultChannelPool - Entry count for : http://localhost:14258 : 1
14:10:43.998 [AsyncHttpClient-1-1] DEBUG org.asynchttpclient.netty.channel.DefaultChannelPool - Entry count for : http://localhost:14258 : 1
14:10:45.099 [AsyncHttpClient-1-1] DEBUG org.asynchttpclient.netty.channel.DefaultChannelPool - Entry count for : http://localhost:14258 : 1
14:10:46.199 [AsyncHttpClient-1-1] DEBUG org.asynchttpclient.netty.channel.DefaultChannelPool - Entry count for : http://localhost:14258 : 1
14:10:46.753 [AsyncHttpClient-1-4] DEBUG org.asynchttpclient.netty.handler.HttpHandler - 

Request DefaultHttpRequest(decodeResult: success, version: HTTP/1.1)
POST /session/8b34e4a320753b2e7304ed0ac786986d/url HTTP/1.1
User-Agent: selenium/4.8.1 (java windows)
Content-Length: 82
Content-Type: application/json; charset=utf-8
host: localhost:47548
accept: */*

Response DefaultHttpResponse(decodeResult: success, version: HTTP/1.1)
HTTP/1.1 200 OK
Content-Length: 14
Content-Type: application/json; charset=utf-8
cache-control: no-cache

14:10:46.753 [AsyncHttpClient-1-4] DEBUG org.asynchttpclient.netty.channel.ChannelManager - Adding key: http://localhost:47548 for channel [id: 0x96665dd2, L:/127.0.0.1:14257 - R:localhost/127.0.0.1:47548]
14:10:46.756 [Forwarding setTimeout on session 8b34e4a320753b2e7304ed0ac786986d to remote] DEBUG org.asynchttpclient.netty.request.NettyRequestSender - Using pooled Channel '[id: 0x96665dd2, L:/127.0.0.1:14257 - R:localhost/127.0.0.1:47548]' for 'POST' to 'http://localhost:47548/session/8b34e4a320753b2e7304ed0ac786986d/timeouts'
14:10:46.756 [Forwarding setTimeout on session 8b34e4a320753b2e7304ed0ac786986d to remote] DEBUG org.asynchttpclient.netty.request.NettyRequestSender - Using open Channel [id: 0x96665dd2, L:/127.0.0.1:14257 - R:localhost/127.0.0.1:47548] for POST '/session/8b34e4a320753b2e7304ed0ac786986d/timeouts'
14:10:46.758 [AsyncHttpClient-1-4] DEBUG org.asynchttpclient.netty.handler.HttpHandler - 

Request DefaultHttpRequest(decodeResult: success, version: HTTP/1.1)
POST /session/8b34e4a320753b2e7304ed0ac786986d/timeouts HTTP/1.1
User-Agent: selenium/4.8.1 (java windows)
Content-Length: 22
Content-Type: application/json; charset=utf-8
host: localhost:47548
accept: */*

Response DefaultHttpResponse(decodeResult: success, version: HTTP/1.1)
HTTP/1.1 200 OK
Content-Length: 14
Content-Type: application/json; charset=utf-8
cache-control: no-cache

14:10:46.758 [AsyncHttpClient-1-4] DEBUG org.asynchttpclient.netty.channel.ChannelManager - Adding key: http://localhost:47548 for channel [id: 0x96665dd2, L:/127.0.0.1:14257 - R:localhost/127.0.0.1:47548]
14:10:46.773 [Forwarding getAlertText on session 8b34e4a320753b2e7304ed0ac786986d to remote] DEBUG org.asynchttpclient.netty.request.NettyRequestSender - Using pooled Channel '[id: 0x96665dd2, L:/127.0.0.1:14257 - R:localhost/127.0.0.1:47548]' for 'GET' to 'http://localhost:47548/session/8b34e4a320753b2e7304ed0ac786986d/alert/text'
14:10:46.773 [Forwarding getAlertText on session 8b34e4a320753b2e7304ed0ac786986d to remote] DEBUG org.asynchttpclient.netty.request.NettyRequestSender - Using open Channel [id: 0x96665dd2, L:/127.0.0.1:14257 - R:localhost/127.0.0.1:47548] for GET '/session/8b34e4a320753b2e7304ed0ac786986d/alert/text'
14:10:47.299 [AsyncHttpClient-1-1] DEBUG org.asynchttpclient.netty.channel.DefaultChannelPool - Entry count for : http://localhost:14258 : 1
14:10:48.398 [AsyncHttpClient-1-1] DEBUG org.asynchttpclient.netty.channel.DefaultChannelPool - Entry count for : http://localhost:14258 : 1
14:10:48.596 [AsyncHttpClient-1-4] DEBUG org.asynchttpclient.netty.handler.HttpHandler - 

Request DefaultFullHttpRequest(decodeResult: success, version: HTTP/1.1, content: EmptyByteBufBE)
GET /session/8b34e4a320753b2e7304ed0ac786986d/alert/text HTTP/1.1
User-Agent: selenium/4.8.1 (java windows)
Cache-Control: no-cache
Content-Type: application/json; charset=utf-8
host: localhost:47548
accept: */*

Response DefaultHttpResponse(decodeResult: success, version: HTTP/1.1)
HTTP/1.1 404 Not Found
Content-Length: 807
Content-Type: application/json; charset=utf-8
cache-control: no-cache

14:10:48.596 [AsyncHttpClient-1-4] DEBUG org.asynchttpclient.netty.channel.ChannelManager - Adding key: http://localhost:47548 for channel [id: 0x96665dd2, L:/127.0.0.1:14257 - R:localhost/127.0.0.1:47548]
14:10:48.598 [Forwarding getCurrentUrl on session 8b34e4a320753b2e7304ed0ac786986d to remote] DEBUG org.asynchttpclient.netty.request.NettyRequestSender - Using pooled Channel '[id: 0x96665dd2, L:/127.0.0.1:14257 - R:localhost/127.0.0.1:47548]' for 'GET' to 'http://localhost:47548/session/8b34e4a320753b2e7304ed0ac786986d/url'
14:10:48.598 [Forwarding getCurrentUrl on session 8b34e4a320753b2e7304ed0ac786986d to remote] DEBUG org.asynchttpclient.netty.request.NettyRequestSender - Using open Channel [id: 0x96665dd2, L:/127.0.0.1:14257 - R:localhost/127.0.0.1:47548] for GET '/session/8b34e4a320753b2e7304ed0ac786986d/url'
14:10:48.658 [AsyncHttpClient-1-4] DEBUG org.asynchttpclient.netty.handler.HttpHandler - 

Request DefaultFullHttpRequest(decodeResult: success, version: HTTP/1.1, content: EmptyByteBufBE)
GET /session/8b34e4a320753b2e7304ed0ac786986d/url HTTP/1.1
User-Agent: selenium/4.8.1 (java windows)
Cache-Control: no-cache
Content-Type: application/json; charset=utf-8
host: localhost:47548
accept: */*

Response DefaultHttpResponse(decodeResult: success, version: HTTP/1.1)
HTTP/1.1 200 OK
Content-Length: 64
Content-Type: application/json; charset=utf-8
cache-control: no-cache

14:10:48.659 [AsyncHttpClient-1-4] DEBUG org.asynchttpclient.netty.channel.ChannelManager - Adding key: http://localhost:47548 for channel [id: 0x96665dd2, L:/127.0.0.1:14257 - R:localhost/127.0.0.1:47548]
14:10:48.662 [Forwarding screenshot on session 8b34e4a320753b2e7304ed0ac786986d to remote] DEBUG org.asynchttpclient.netty.request.NettyRequestSender - Using pooled Channel '[id: 0x96665dd2, L:/127.0.0.1:14257 - R:localhost/127.0.0.1:47548]' for 'GET' to 'http://localhost:47548/session/8b34e4a320753b2e7304ed0ac786986d/screenshot'
14:10:48.663 [Forwarding screenshot on session 8b34e4a320753b2e7304ed0ac786986d to remote] DEBUG org.asynchttpclient.netty.request.NettyRequestSender - Using open Channel [id: 0x96665dd2, L:/127.0.0.1:14257 - R:localhost/127.0.0.1:47548] for GET '/session/8b34e4a320753b2e7304ed0ac786986d/screenshot'
14:10:48.794 [AsyncHttpClient-1-4] DEBUG org.asynchttpclient.netty.handler.HttpHandler - 

Request DefaultFullHttpRequest(decodeResult: success, version: HTTP/1.1, content: EmptyByteBufBE)
GET /session/8b34e4a320753b2e7304ed0ac786986d/screenshot HTTP/1.1
User-Agent: selenium/4.8.1 (java windows)
Cache-Control: no-cache
Content-Type: application/json; charset=utf-8
host: localhost:47548
accept: */*

Response DefaultHttpResponse(decodeResult: success, version: HTTP/1.1)
HTTP/1.1 200 OK
Content-Length: 125596
Content-Type: application/json; charset=utf-8
cache-control: no-cache

14:10:48.795 [AsyncHttpClient-1-4] DEBUG org.asynchttpclient.netty.channel.ChannelManager - Adding key: http://localhost:47548 for channel [id: 0x96665dd2, L:/127.0.0.1:14257 - R:localhost/127.0.0.1:47548]
14:10:48.866 [main] DEBUG net.serenitybdd.core.photography.Darkroom - Send negative for processing for target\site\serenity\830bdd557b85a27d44613b64a7d39bdd5ce5e9cd6eedc8befa21a1ab815b1265.png
14:10:48.867 [main] DEBUG net.thucydides.core.steps.StepInterceptor - STEP DONE: openPage
  &amp#27;[32mGiven &amp#27;[0m&amp#27;[32mI am on the sign in page wrong password&amp#27;[0m                          &amp#27;[90m# Starter.Stepdefitions.Failed3SigninSteps.onLoginPageWrongPassword()&amp#27;[0m
14:10:48.888 [Forwarding getPageSource on session 8b34e4a320753b2e7304ed0ac786986d to remote] DEBUG org.asynchttpclient.netty.request.NettyRequestSender - Using pooled Channel '[id: 0x96665dd2, L:/127.0.0.1:14257 - R:localhost/127.0.0.1:47548]' for 'POST' to 'http://localhost:47548/session/8b34e4a320753b2e7304ed0ac786986d/execute/sync'
14:10:48.888 [Forwarding getPageSource on session 8b34e4a320753b2e7304ed0ac786986d to remote] DEBUG org.asynchttpclient.netty.request.NettyRequestSender - Using open Channel [id: 0x96665dd2, L:/127.0.0.1:14257 - R:localhost/127.0.0.1:47548] for POST '/session/8b34e4a320753b2e7304ed0ac786986d/execute/sync'
14:10:48.896 [AsyncHttpClient-1-4] DEBUG org.asynchttpclient.netty.handler.HttpHandler - 

Request DefaultHttpRequest(decodeResult: success, version: HTTP/1.1)
POST /session/8b34e4a320753b2e7304ed0ac786986d/execute/sync HTTP/1.1
User-Agent: selenium/4.8.1 (java windows)
Content-Length: 176
Content-Type: application/json; charset=utf-8
host: localhost:47548
accept: */*

Response DefaultHttpResponse(decodeResult: success, version: HTTP/1.1)
HTTP/1.1 200 OK
Content-Length: 5992
Content-Type: application/json; charset=utf-8
cache-control: no-cache

14:10:48.897 [AsyncHttpClient-1-4] DEBUG org.asynchttpclient.netty.channel.ChannelManager - Adding key: http://localhost:47548 for channel [id: 0x96665dd2, L:/127.0.0.1:14257 - R:localhost/127.0.0.1:47548]
14:10:48.900 [Forwarding getCurrentUrl on session 8b34e4a320753b2e7304ed0ac786986d to remote] DEBUG org.asynchttpclient.netty.request.NettyRequestSender - Using pooled Channel '[id: 0x96665dd2, L:/127.0.0.1:14257 - R:localhost/127.0.0.1:47548]' for 'GET' to 'http://localhost:47548/session/8b34e4a320753b2e7304ed0ac786986d/url'
14:10:48.900 [Forwarding getCurrentUrl on session 8b34e4a320753b2e7304ed0ac786986d to remote] DEBUG org.asynchttpclient.netty.request.NettyRequestSender - Using open Channel [id: 0x96665dd2, L:/127.0.0.1:14257 - R:localhost/127.0.0.1:47548] for GET '/session/8b34e4a320753b2e7304ed0ac786986d/url'
14:10:48.905 [AsyncHttpClient-1-4] DEBUG org.asynchttpclient.netty.handler.HttpHandler - 

Request DefaultFullHttpRequest(decodeResult: success, version: HTTP/1.1, content: EmptyByteBufBE)
GET /session/8b34e4a320753b2e7304ed0ac786986d/url HTTP/1.1
User-Agent: selenium/4.8.1 (java windows)
Cache-Control: no-cache
Content-Type: application/json; charset=utf-8
host: localhost:47548
accept: */*

Response DefaultHttpResponse(decodeResult: success, version: HTTP/1.1)
HTTP/1.1 200 OK
Content-Length: 64
Content-Type: application/json; charset=utf-8
cache-control: no-cache

14:10:48.905 [AsyncHttpClient-1-4] DEBUG org.asynchttpclient.netty.channel.ChannelManager - Adding key: http://localhost:47548 for channel [id: 0x96665dd2, L:/127.0.0.1:14257 - R:localhost/127.0.0.1:47548]
14:10:48.923 [Forwarding getAlertText on session 8b34e4a320753b2e7304ed0ac786986d to remote] DEBUG org.asynchttpclient.netty.request.NettyRequestSender - Using pooled Channel '[id: 0x96665dd2, L:/127.0.0.1:14257 - R:localhost/127.0.0.1:47548]' for 'GET' to 'http://localhost:47548/session/8b34e4a320753b2e7304ed0ac786986d/alert/text'
14:10:48.923 [Forwarding getAlertText on session 8b34e4a320753b2e7304ed0ac786986d to remote] DEBUG org.asynchttpclient.netty.request.NettyRequestSender - Using open Channel [id: 0x96665dd2, L:/127.0.0.1:14257 - R:localhost/127.0.0.1:47548] for GET '/session/8b34e4a320753b2e7304ed0ac786986d/alert/text'
14:10:48.924 [AsyncHttpClient-1-4] DEBUG org.asynchttpclient.netty.handler.HttpHandler - 

Request DefaultFullHttpRequest(decodeResult: success, version: HTTP/1.1, content: EmptyByteBufBE)
GET /session/8b34e4a320753b2e7304ed0ac786986d/alert/text HTTP/1.1
User-Agent: selenium/4.8.1 (java windows)
Cache-Control: no-cache
Content-Type: application/json; charset=utf-8
host: localhost:47548
accept: */*

Response DefaultHttpResponse(decodeResult: success, version: HTTP/1.1)
HTTP/1.1 404 Not Found
Content-Length: 807
Content-Type: application/json; charset=utf-8
cache-control: no-cache

14:10:48.925 [AsyncHttpClient-1-4] DEBUG org.asynchttpclient.netty.channel.ChannelManager - Adding key: http://localhost:47548 for channel [id: 0x96665dd2, L:/127.0.0.1:14257 - R:localhost/127.0.0.1:47548]
14:10:48.926 [Forwarding getCurrentUrl on session 8b34e4a320753b2e7304ed0ac786986d to remote] DEBUG org.asynchttpclient.netty.request.NettyRequestSender - Using pooled Channel '[id: 0x96665dd2, L:/127.0.0.1:14257 - R:localhost/127.0.0.1:47548]' for 'GET' to 'http://localhost:47548/session/8b34e4a320753b2e7304ed0ac786986d/url'
14:10:48.926 [Forwarding getCurrentUrl on session 8b34e4a320753b2e7304ed0ac786986d to remote] DEBUG org.asynchttpclient.netty.request.NettyRequestSender - Using open Channel [id: 0x96665dd2, L:/127.0.0.1:14257 - R:localhost/127.0.0.1:47548] for GET '/session/8b34e4a320753b2e7304ed0ac786986d/url'
14:10:48.931 [AsyncHttpClient-1-4] DEBUG org.asynchttpclient.netty.handler.HttpHandler - 

Request DefaultFullHttpRequest(decodeResult: success, version: HTTP/1.1, content: EmptyByteBufBE)
GET /session/8b34e4a320753b2e7304ed0ac786986d/url HTTP/1.1
User-Agent: selenium/4.8.1 (java windows)
Cache-Control: no-cache
Content-Type: application/json; charset=utf-8
host: localhost:47548
accept: */*

Response DefaultHttpResponse(decodeResult: success, version: HTTP/1.1)
HTTP/1.1 200 OK
Content-Length: 64
Content-Type: application/json; charset=utf-8
cache-control: no-cache

14:10:48.931 [AsyncHttpClient-1-4] DEBUG org.asynchttpclient.netty.channel.ChannelManager - Adding key: http://localhost:47548 for channel [id: 0x96665dd2, L:/127.0.0.1:14257 - R:localhost/127.0.0.1:47548]
14:10:48.932 [Forwarding screenshot on session 8b34e4a320753b2e7304ed0ac786986d to remote] DEBUG org.asynchttpclient.netty.request.NettyRequestSender - Using pooled Channel '[id: 0x96665dd2, L:/127.0.0.1:14257 - R:localhost/127.0.0.1:47548]' for 'GET' to 'http://localhost:47548/session/8b34e4a320753b2e7304ed0ac786986d/screenshot'
14:10:48.932 [Forwarding screenshot on session 8b34e4a320753b2e7304ed0ac786986d to remote] DEBUG org.asynchttpclient.netty.request.NettyRequestSender - Using open Channel [id: 0x96665dd2, L:/127.0.0.1:14257 - R:localhost/127.0.0.1:47548] for GET '/session/8b34e4a320753b2e7304ed0ac786986d/screenshot'
14:10:49.028 [AsyncHttpClient-1-4] DEBUG org.asynchttpclient.netty.handler.HttpHandler - 

Request DefaultFullHttpRequest(decodeResult: success, version: HTTP/1.1, content: EmptyByteBufBE)
GET /session/8b34e4a320753b2e7304ed0ac786986d/screenshot HTTP/1.1
User-Agent: selenium/4.8.1 (java windows)
Cache-Control: no-cache
Content-Type: application/json; charset=utf-8
host: localhost:47548
accept: */*

Response DefaultHttpResponse(decodeResult: success, version: HTTP/1.1)
HTTP/1.1 200 OK
Content-Length: 125596
Content-Type: application/json; charset=utf-8
cache-control: no-cache

14:10:49.029 [AsyncHttpClient-1-4] DEBUG org.asynchttpclient.netty.channel.ChannelManager - Adding key: http://localhost:47548 for channel [id: 0x96665dd2, L:/127.0.0.1:14257 - R:localhost/127.0.0.1:47548]
14:10:49.038 [main] DEBUG net.serenitybdd.core.photography.Darkroom - Send negative for processing for target\site\serenity\830bdd557b85a27d44613b64a7d39bdd5ce5e9cd6eedc8befa21a1ab815b1265.png
14:10:49.041 [Forwarding getPageSource on session 8b34e4a320753b2e7304ed0ac786986d to remote] DEBUG org.asynchttpclient.netty.request.NettyRequestSender - Using pooled Channel '[id: 0x96665dd2, L:/127.0.0.1:14257 - R:localhost/127.0.0.1:47548]' for 'POST' to 'http://localhost:47548/session/8b34e4a320753b2e7304ed0ac786986d/execute/sync'
14:10:49.041 [Forwarding getPageSource on session 8b34e4a320753b2e7304ed0ac786986d to remote] DEBUG org.asynchttpclient.netty.request.NettyRequestSender - Using open Channel [id: 0x96665dd2, L:/127.0.0.1:14257 - R:localhost/127.0.0.1:47548] for POST '/session/8b34e4a320753b2e7304ed0ac786986d/execute/sync'
14:10:49.048 [AsyncHttpClient-1-4] DEBUG org.asynchttpclient.netty.handler.HttpHandler - 

Request DefaultHttpRequest(decodeResult: success, version: HTTP/1.1)
POST /session/8b34e4a320753b2e7304ed0ac786986d/execute/sync HTTP/1.1
User-Agent: selenium/4.8.1 (java windows)
Content-Length: 176
Content-Type: application/json; charset=utf-8
host: localhost:47548
accept: */*

Response DefaultHttpResponse(decodeResult: success, version: HTTP/1.1)
HTTP/1.1 200 OK
Content-Length: 5992
Content-Type: application/json; charset=utf-8
cache-control: no-cache

14:10:49.048 [AsyncHttpClient-1-4] DEBUG org.asynchttpclient.netty.channel.ChannelManager - Adding key: http://localhost:47548 for channel [id: 0x96665dd2, L:/127.0.0.1:14257 - R:localhost/127.0.0.1:47548]
14:10:49.050 [Forwarding getCurrentUrl on session 8b34e4a320753b2e7304ed0ac786986d to remote] DEBUG org.asynchttpclient.netty.request.NettyRequestSender - Using pooled Channel '[id: 0x96665dd2, L:/127.0.0.1:14257 - R:localhost/127.0.0.1:47548]' for 'GET' to 'http://localhost:47548/session/8b34e4a320753b2e7304ed0ac786986d/url'
14:10:49.050 [Forwarding getCurrentUrl on session 8b34e4a320753b2e7304ed0ac786986d to remote] DEBUG org.asynchttpclient.netty.request.NettyRequestSender - Using open Channel [id: 0x96665dd2, L:/127.0.0.1:14257 - R:localhost/127.0.0.1:47548] for GET '/session/8b34e4a320753b2e7304ed0ac786986d/url'
14:10:49.055 [AsyncHttpClient-1-4] DEBUG org.asynchttpclient.netty.handler.HttpHandler - 

Request DefaultFullHttpRequest(decodeResult: success, version: HTTP/1.1, content: EmptyByteBufBE)
GET /session/8b34e4a320753b2e7304ed0ac786986d/url HTTP/1.1
User-Agent: selenium/4.8.1 (java windows)
Cache-Control: no-cache
Content-Type: application/json; charset=utf-8
host: localhost:47548
accept: */*

Response DefaultHttpResponse(decodeResult: success, version: HTTP/1.1)
HTTP/1.1 200 OK
Content-Length: 64
Content-Type: application/json; charset=utf-8
cache-control: no-cache

14:10:49.056 [AsyncHttpClient-1-4] DEBUG org.asynchttpclient.netty.channel.ChannelManager - Adding key: http://localhost:47548 for channel [id: 0x96665dd2, L:/127.0.0.1:14257 - R:localhost/127.0.0.1:47548]
14:10:49.058 [main] DEBUG net.thucydides.core.steps.StepInterceptor - STARTING STEP: Failed3SigninSteps.inputEmailWrongPassword - inputEmail
14:10:49.064 [Forwarding findElement on session 8b34e4a320753b2e7304ed0ac786986d to remote] DEBUG org.asynchttpclient.netty.request.NettyRequestSender - Using pooled Channel '[id: 0x96665dd2, L:/127.0.0.1:14257 - R:localhost/127.0.0.1:47548]' for 'POST' to 'http://localhost:47548/session/8b34e4a320753b2e7304ed0ac786986d/element'
14:10:49.064 [Forwarding findElement on session 8b34e4a320753b2e7304ed0ac786986d to remote] DEBUG org.asynchttpclient.netty.request.NettyRequestSender - Using open Channel [id: 0x96665dd2, L:/127.0.0.1:14257 - R:localhost/127.0.0.1:47548] for POST '/session/8b34e4a320753b2e7304ed0ac786986d/element'
14:10:49.081 [AsyncHttpClient-1-4] DEBUG org.asynchttpclient.netty.handler.HttpHandler - 

Request DefaultHttpRequest(decodeResult: success, version: HTTP/1.1)
POST /session/8b34e4a320753b2e7304ed0ac786986d/element HTTP/1.1
User-Agent: selenium/4.8.1 (java windows)
Content-Length: 67
Content-Type: application/json; charset=utf-8
host: localhost:47548
accept: */*

Response DefaultHttpResponse(decodeResult: success, version: HTTP/1.1)
HTTP/1.1 200 OK
Content-Length: 95
Content-Type: application/json; charset=utf-8
cache-control: no-cache

14:10:49.082 [AsyncHttpClient-1-4] DEBUG org.asynchttpclient.netty.channel.ChannelManager - Adding key: http://localhost:47548 for channel [id: 0x96665dd2, L:/127.0.0.1:14257 - R:localhost/127.0.0.1:47548]
14:10:49.083 [Forwarding clearElement on session 8b34e4a320753b2e7304ed0ac786986d to remote] DEBUG org.asynchttpclient.netty.request.NettyRequestSender - Using pooled Channel '[id: 0x96665dd2, L:/127.0.0.1:14257 - R:localhost/127.0.0.1:47548]' for 'POST' to 'http://localhost:47548/session/8b34e4a320753b2e7304ed0ac786986d/element/971ACC9BA05DC4E1F1E8B96F32F40332_element_10/clear'
14:10:49.083 [Forwarding clearElement on session 8b34e4a320753b2e7304ed0ac786986d to remote] DEBUG org.asynchttpclient.netty.request.NettyRequestSender - Using open Channel [id: 0x96665dd2, L:/127.0.0.1:14257 - R:localhost/127.0.0.1:47548] for POST '/session/8b34e4a320753b2e7304ed0ac786986d/element/971ACC9BA05DC4E1F1E8B96F32F40332_element_10/clear'
14:10:49.134 [AsyncHttpClient-1-4] DEBUG org.asynchttpclient.netty.handler.HttpHandler - 

Request DefaultHttpRequest(decodeResult: success, version: HTTP/1.1)
POST /session/8b34e4a320753b2e7304ed0ac786986d/element/971ACC9BA05DC4E1F1E8B96F32F40332_element_10/clear HTTP/1.1
User-Agent: selenium/4.8.1 (java windows)
Content-Length: 57
Content-Type: application/json; charset=utf-8
host: localhost:47548
accept: */*

Response DefaultHttpResponse(decodeResult: success, version: HTTP/1.1)
HTTP/1.1 200 OK
Content-Length: 14
Content-Type: application/json; charset=utf-8
cache-control: no-cache

14:10:49.134 [AsyncHttpClient-1-4] DEBUG org.asynchttpclient.netty.channel.ChannelManager - Adding key: http://localhost:47548 for channel [id: 0x96665dd2, L:/127.0.0.1:14257 - R:localhost/127.0.0.1:47548]
14:10:49.137 [Forwarding sendKeysToElement on session 8b34e4a320753b2e7304ed0ac786986d to remote] DEBUG org.asynchttpclient.netty.request.NettyRequestSender - Using pooled Channel '[id: 0x96665dd2, L:/127.0.0.1:14257 - R:localhost/127.0.0.1:47548]' for 'POST' to 'http://localhost:47548/session/8b34e4a320753b2e7304ed0ac786986d/element/971ACC9BA05DC4E1F1E8B96F32F40332_element_10/value'
14:10:49.137 [Forwarding sendKeysToElement on session 8b34e4a320753b2e7304ed0ac786986d to remote] DEBUG org.asynchttpclient.netty.request.NettyRequestSender - Using open Channel [id: 0x96665dd2, L:/127.0.0.1:14257 - R:localhost/127.0.0.1:47548] for POST '/session/8b34e4a320753b2e7304ed0ac786986d/element/971ACC9BA05DC4E1F1E8B96F32F40332_element_10/value'
14:10:49.499 [AsyncHttpClient-1-1] DEBUG org.asynchttpclient.netty.channel.DefaultChannelPool - Entry count for : http://localhost:14258 : 1
14:10:49.514 [AsyncHttpClient-1-4] DEBUG org.asynchttpclient.netty.handler.HttpHandler - 

Request DefaultHttpRequest(decodeResult: success, version: HTTP/1.1)
POST /session/8b34e4a320753b2e7304ed0ac786986d/element/971ACC9BA05DC4E1F1E8B96F32F40332_element_10/value HTTP/1.1
User-Agent: selenium/4.8.1 (java windows)
Content-Length: 248
Content-Type: application/json; charset=utf-8
host: localhost:47548
accept: */*

Response DefaultHttpResponse(decodeResult: success, version: HTTP/1.1)
HTTP/1.1 200 OK
Content-Length: 14
Content-Type: application/json; charset=utf-8
cache-control: no-cache

14:10:49.515 [AsyncHttpClient-1-4] DEBUG org.asynchttpclient.netty.channel.ChannelManager - Adding key: http://localhost:47548 for channel [id: 0x96665dd2, L:/127.0.0.1:14257 - R:localhost/127.0.0.1:47548]
14:10:49.529 [Forwarding getAlertText on session 8b34e4a320753b2e7304ed0ac786986d to remote] DEBUG org.asynchttpclient.netty.request.NettyRequestSender - Using pooled Channel '[id: 0x96665dd2, L:/127.0.0.1:14257 - R:localhost/127.0.0.1:47548]' for 'GET' to 'http://localhost:47548/session/8b34e4a320753b2e7304ed0ac786986d/alert/text'
14:10:49.529 [Forwarding getAlertText on session 8b34e4a320753b2e7304ed0ac786986d to remote] DEBUG org.asynchttpclient.netty.request.NettyRequestSender - Using open Channel [id: 0x96665dd2, L:/127.0.0.1:14257 - R:localhost/127.0.0.1:47548] for GET '/session/8b34e4a320753b2e7304ed0ac786986d/alert/text'
14:10:49.531 [AsyncHttpClient-1-4] DEBUG org.asynchttpclient.netty.handler.HttpHandler - 

Request DefaultFullHttpRequest(decodeResult: success, version: HTTP/1.1, content: EmptyByteBufBE)
GET /session/8b34e4a320753b2e7304ed0ac786986d/alert/text HTTP/1.1
User-Agent: selenium/4.8.1 (java windows)
Cache-Control: no-cache
Content-Type: application/json; charset=utf-8
host: localhost:47548
accept: */*

Response DefaultHttpResponse(decodeResult: success, version: HTTP/1.1)
HTTP/1.1 404 Not Found
Content-Length: 807
Content-Type: application/json; charset=utf-8
cache-control: no-cache

14:10:49.531 [AsyncHttpClient-1-4] DEBUG org.asynchttpclient.netty.channel.ChannelManager - Adding key: http://localhost:47548 for channel [id: 0x96665dd2, L:/127.0.0.1:14257 - R:localhost/127.0.0.1:47548]
14:10:49.533 [Forwarding getCurrentUrl on session 8b34e4a320753b2e7304ed0ac786986d to remote] DEBUG org.asynchttpclient.netty.request.NettyRequestSender - Using pooled Channel '[id: 0x96665dd2, L:/127.0.0.1:14257 - R:localhost/127.0.0.1:47548]' for 'GET' to 'http://localhost:47548/session/8b34e4a320753b2e7304ed0ac786986d/url'
14:10:49.533 [Forwarding getCurrentUrl on session 8b34e4a320753b2e7304ed0ac786986d to remote] DEBUG org.asynchttpclient.netty.request.NettyRequestSender - Using open Channel [id: 0x96665dd2, L:/127.0.0.1:14257 - R:localhost/127.0.0.1:47548] for GET '/session/8b34e4a320753b2e7304ed0ac786986d/url'
14:10:49.539 [AsyncHttpClient-1-4] DEBUG org.asynchttpclient.netty.handler.HttpHandler - 

Request DefaultFullHttpRequest(decodeResult: success, version: HTTP/1.1, content: EmptyByteBufBE)
GET /session/8b34e4a320753b2e7304ed0ac786986d/url HTTP/1.1
User-Agent: selenium/4.8.1 (java windows)
Cache-Control: no-cache
Content-Type: application/json; charset=utf-8
host: localhost:47548
accept: */*

Response DefaultHttpResponse(decodeResult: success, version: HTTP/1.1)
HTTP/1.1 200 OK
Content-Length: 64
Content-Type: application/json; charset=utf-8
cache-control: no-cache

14:10:49.539 [AsyncHttpClient-1-4] DEBUG org.asynchttpclient.netty.channel.ChannelManager - Adding key: http://localhost:47548 for channel [id: 0x96665dd2, L:/127.0.0.1:14257 - R:localhost/127.0.0.1:47548]
14:10:49.540 [Forwarding screenshot on session 8b34e4a320753b2e7304ed0ac786986d to remote] DEBUG org.asynchttpclient.netty.request.NettyRequestSender - Using pooled Channel '[id: 0x96665dd2, L:/127.0.0.1:14257 - R:localhost/127.0.0.1:47548]' for 'GET' to 'http://localhost:47548/session/8b34e4a320753b2e7304ed0ac786986d/screenshot'
14:10:49.540 [Forwarding screenshot on session 8b34e4a320753b2e7304ed0ac786986d to remote] DEBUG org.asynchttpclient.netty.request.NettyRequestSender - Using open Channel [id: 0x96665dd2, L:/127.0.0.1:14257 - R:localhost/127.0.0.1:47548] for GET '/session/8b34e4a320753b2e7304ed0ac786986d/screenshot'
14:10:49.671 [AsyncHttpClient-1-4] DEBUG org.asynchttpclient.netty.handler.HttpHandler - 

Request DefaultFullHttpRequest(decodeResult: success, version: HTTP/1.1, content: EmptyByteBufBE)
GET /session/8b34e4a320753b2e7304ed0ac786986d/screenshot HTTP/1.1
User-Agent: selenium/4.8.1 (java windows)
Cache-Control: no-cache
Content-Type: application/json; charset=utf-8
host: localhost:47548
accept: */*

Response DefaultHttpResponse(decodeResult: success, version: HTTP/1.1)
HTTP/1.1 200 OK
Content-Length: 126772
Content-Type: application/json; charset=utf-8
cache-control: no-cache

14:10:49.672 [AsyncHttpClient-1-4] DEBUG org.asynchttpclient.netty.channel.ChannelManager - Adding key: http://localhost:47548 for channel [id: 0x96665dd2, L:/127.0.0.1:14257 - R:localhost/127.0.0.1:47548]
14:10:49.682 [main] DEBUG net.serenitybdd.core.photography.Darkroom - Send negative for processing for target\site\serenity\682472a57fbd28fae378dca601fd8a123df8f6548edf1083571e3d334859f5a9.png
14:10:49.683 [main] DEBUG net.thucydides.core.steps.StepInterceptor - STEP DONE: inputEmail
  &amp#27;[32mWhen &amp#27;[0m&amp#27;[32mI input email wrong password&amp#27;[0m                                      &amp#27;[90m# Starter.Stepdefitions.Failed3SigninSteps.inputEmailWrongPassword()&amp#27;[0m
14:10:49.683 [Darkroom Processing Line] DEBUG net.serenitybdd.core.photography.DarkroomProcessingLine - Processing screenshot image in /var/screenshots/screenshot-1168308008244827530
14:10:49.683 [Darkroom Processing Line] DEBUG net.serenitybdd.core.photography.DarkroomProcessingLine - Saving screenshot to target\site\serenity\682472a57fbd28fae378dca601fd8a123df8f6548edf1083571e3d334859f5a9.png
14:10:49.700 [Forwarding getPageSource on session 8b34e4a320753b2e7304ed0ac786986d to remote] DEBUG org.asynchttpclient.netty.request.NettyRequestSender - Using pooled Channel '[id: 0x96665dd2, L:/127.0.0.1:14257 - R:localhost/127.0.0.1:47548]' for 'POST' to 'http://localhost:47548/session/8b34e4a320753b2e7304ed0ac786986d/execute/sync'
14:10:49.700 [Forwarding getPageSource on session 8b34e4a320753b2e7304ed0ac786986d to remote] DEBUG org.asynchttpclient.netty.request.NettyRequestSender - Using open Channel [id: 0x96665dd2, L:/127.0.0.1:14257 - R:localhost/127.0.0.1:47548] for POST '/session/8b34e4a320753b2e7304ed0ac786986d/execute/sync'
14:10:49.708 [AsyncHttpClient-1-4] DEBUG org.asynchttpclient.netty.handler.HttpHandler - 

Request DefaultHttpRequest(decodeResult: success, version: HTTP/1.1)
POST /session/8b34e4a320753b2e7304ed0ac786986d/execute/sync HTTP/1.1
User-Agent: selenium/4.8.1 (java windows)
Content-Length: 176
Content-Type: application/json; charset=utf-8
host: localhost:47548
accept: */*

Response DefaultHttpResponse(decodeResult: success, version: HTTP/1.1)
HTTP/1.1 200 OK
Content-Length: 6024
Content-Type: application/json; charset=utf-8
cache-control: no-cache

14:10:49.708 [AsyncHttpClient-1-4] DEBUG org.asynchttpclient.netty.channel.ChannelManager - Adding key: http://localhost:47548 for channel [id: 0x96665dd2, L:/127.0.0.1:14257 - R:localhost/127.0.0.1:47548]
14:10:49.712 [Forwarding getCurrentUrl on session 8b34e4a320753b2e7304ed0ac786986d to remote] DEBUG org.asynchttpclient.netty.request.NettyRequestSender - Using pooled Channel '[id: 0x96665dd2, L:/127.0.0.1:14257 - R:localhost/127.0.0.1:47548]' for 'GET' to 'http://localhost:47548/session/8b34e4a320753b2e7304ed0ac786986d/url'
14:10:49.712 [Forwarding getCurrentUrl on session 8b34e4a320753b2e7304ed0ac786986d to remote] DEBUG org.asynchttpclient.netty.request.NettyRequestSender - Using open Channel [id: 0x96665dd2, L:/127.0.0.1:14257 - R:localhost/127.0.0.1:47548] for GET '/session/8b34e4a320753b2e7304ed0ac786986d/url'
14:10:49.717 [AsyncHttpClient-1-4] DEBUG org.asynchttpclient.netty.handler.HttpHandler - 

Request DefaultFullHttpRequest(decodeResult: success, version: HTTP/1.1, content: EmptyByteBufBE)
GET /session/8b34e4a320753b2e7304ed0ac786986d/url HTTP/1.1
User-Agent: selenium/4.8.1 (java windows)
Cache-Control: no-cache
Content-Type: application/json; charset=utf-8
host: localhost:47548
accept: */*

Response DefaultHttpResponse(decodeResult: success, version: HTTP/1.1)
HTTP/1.1 200 OK
Content-Length: 64
Content-Type: application/json; charset=utf-8
cache-control: no-cache

14:10:49.717 [AsyncHttpClient-1-4] DEBUG org.asynchttpclient.netty.channel.ChannelManager - Adding key: http://localhost:47548 for channel [id: 0x96665dd2, L:/127.0.0.1:14257 - R:localhost/127.0.0.1:47548]
14:10:49.790 [Forwarding getAlertText on session 8b34e4a320753b2e7304ed0ac786986d to remote] DEBUG org.asynchttpclient.netty.request.NettyRequestSender - Using pooled Channel '[id: 0x96665dd2, L:/127.0.0.1:14257 - R:localhost/127.0.0.1:47548]' for 'GET' to 'http://localhost:47548/session/8b34e4a320753b2e7304ed0ac786986d/alert/text'
14:10:49.790 [Forwarding getAlertText on session 8b34e4a320753b2e7304ed0ac786986d to remote] DEBUG org.asynchttpclient.netty.request.NettyRequestSender - Using open Channel [id: 0x96665dd2, L:/127.0.0.1:14257 - R:localhost/127.0.0.1:47548] for GET '/session/8b34e4a320753b2e7304ed0ac786986d/alert/text'
14:10:49.792 [AsyncHttpClient-1-4] DEBUG org.asynchttpclient.netty.handler.HttpHandler - 

Request DefaultFullHttpRequest(decodeResult: success, version: HTTP/1.1, content: EmptyByteBufBE)
GET /session/8b34e4a320753b2e7304ed0ac786986d/alert/text HTTP/1.1
User-Agent: selenium/4.8.1 (java windows)
Cache-Control: no-cache
Content-Type: application/json; charset=utf-8
host: localhost:47548
accept: */*

Response DefaultHttpResponse(decodeResult: success, version: HTTP/1.1)
HTTP/1.1 404 Not Found
Content-Length: 807
Content-Type: application/json; charset=utf-8
cache-control: no-cache

14:10:49.792 [AsyncHttpClient-1-4] DEBUG org.asynchttpclient.netty.channel.ChannelManager - Adding key: http://localhost:47548 for channel [id: 0x96665dd2, L:/127.0.0.1:14257 - R:localhost/127.0.0.1:47548]
14:10:49.794 [Forwarding getCurrentUrl on session 8b34e4a320753b2e7304ed0ac786986d to remote] DEBUG org.asynchttpclient.netty.request.NettyRequestSender - Using pooled Channel '[id: 0x96665dd2, L:/127.0.0.1:14257 - R:localhost/127.0.0.1:47548]' for 'GET' to 'http://localhost:47548/session/8b34e4a320753b2e7304ed0ac786986d/url'
14:10:49.794 [Forwarding getCurrentUrl on session 8b34e4a320753b2e7304ed0ac786986d to remote] DEBUG org.asynchttpclient.netty.request.NettyRequestSender - Using open Channel [id: 0x96665dd2, L:/127.0.0.1:14257 - R:localhost/127.0.0.1:47548] for GET '/session/8b34e4a320753b2e7304ed0ac786986d/url'
14:10:49.801 [AsyncHttpClient-1-4] DEBUG org.asynchttpclient.netty.handler.HttpHandler - 

Request DefaultFullHttpRequest(decodeResult: success, version: HTTP/1.1, content: EmptyByteBufBE)
GET /session/8b34e4a320753b2e7304ed0ac786986d/url HTTP/1.1
User-Agent: selenium/4.8.1 (java windows)
Cache-Control: no-cache
Content-Type: application/json; charset=utf-8
host: localhost:47548
accept: */*

Response DefaultHttpResponse(decodeResult: success, version: HTTP/1.1)
HTTP/1.1 200 OK
Content-Length: 64
Content-Type: application/json; charset=utf-8
cache-control: no-cache

14:10:49.801 [AsyncHttpClient-1-4] DEBUG org.asynchttpclient.netty.channel.ChannelManager - Adding key: http://localhost:47548 for channel [id: 0x96665dd2, L:/127.0.0.1:14257 - R:localhost/127.0.0.1:47548]
14:10:49.802 [Forwarding screenshot on session 8b34e4a320753b2e7304ed0ac786986d to remote] DEBUG org.asynchttpclient.netty.request.NettyRequestSender - Using pooled Channel '[id: 0x96665dd2, L:/127.0.0.1:14257 - R:localhost/127.0.0.1:47548]' for 'GET' to 'http://localhost:47548/session/8b34e4a320753b2e7304ed0ac786986d/screenshot'
14:10:49.802 [Forwarding screenshot on session 8b34e4a320753b2e7304ed0ac786986d to remote] DEBUG org.asynchttpclient.netty.request.NettyRequestSender - Using open Channel [id: 0x96665dd2, L:/127.0.0.1:14257 - R:localhost/127.0.0.1:47548] for GET '/session/8b34e4a320753b2e7304ed0ac786986d/screenshot'
14:10:49.931 [AsyncHttpClient-1-4] DEBUG org.asynchttpclient.netty.handler.HttpHandler - 

Request DefaultFullHttpRequest(decodeResult: success, version: HTTP/1.1, content: EmptyByteBufBE)
GET /session/8b34e4a320753b2e7304ed0ac786986d/screenshot HTTP/1.1
User-Agent: selenium/4.8.1 (java windows)
Cache-Control: no-cache
Content-Type: application/json; charset=utf-8
host: localhost:47548
accept: */*

Response DefaultHttpResponse(decodeResult: success, version: HTTP/1.1)
HTTP/1.1 200 OK
Content-Length: 126772
Content-Type: application/json; charset=utf-8
cache-control: no-cache

14:10:49.933 [AsyncHttpClient-1-4] DEBUG org.asynchttpclient.netty.channel.ChannelManager - Adding key: http://localhost:47548 for channel [id: 0x96665dd2, L:/127.0.0.1:14257 - R:localhost/127.0.0.1:47548]
14:10:49.949 [main] DEBUG net.serenitybdd.core.photography.Darkroom - Send negative for processing for target\site\serenity\682472a57fbd28fae378dca601fd8a123df8f6548edf1083571e3d334859f5a9.png
14:10:49.952 [Forwarding getPageSource on session 8b34e4a320753b2e7304ed0ac786986d to remote] DEBUG org.asynchttpclient.netty.request.NettyRequestSender - Using pooled Channel '[id: 0x96665dd2, L:/127.0.0.1:14257 - R:localhost/127.0.0.1:47548]' for 'POST' to 'http://localhost:47548/session/8b34e4a320753b2e7304ed0ac786986d/execute/sync'
14:10:49.953 [Forwarding getPageSource on session 8b34e4a320753b2e7304ed0ac786986d to remote] DEBUG org.asynchttpclient.netty.request.NettyRequestSender - Using open Channel [id: 0x96665dd2, L:/127.0.0.1:14257 - R:localhost/127.0.0.1:47548] for POST '/session/8b34e4a320753b2e7304ed0ac786986d/execute/sync'
14:10:49.962 [AsyncHttpClient-1-4] DEBUG org.asynchttpclient.netty.handler.HttpHandler - 

Request DefaultHttpRequest(decodeResult: success, version: HTTP/1.1)
POST /session/8b34e4a320753b2e7304ed0ac786986d/execute/sync HTTP/1.1
User-Agent: selenium/4.8.1 (java windows)
Content-Length: 176
Content-Type: application/json; charset=utf-8
host: localhost:47548
accept: */*

Response DefaultHttpResponse(decodeResult: success, version: HTTP/1.1)
HTTP/1.1 200 OK
Content-Length: 6024
Content-Type: application/json; charset=utf-8
cache-control: no-cache

14:10:49.962 [AsyncHttpClient-1-4] DEBUG org.asynchttpclient.netty.channel.ChannelManager - Adding key: http://localhost:47548 for channel [id: 0x96665dd2, L:/127.0.0.1:14257 - R:localhost/127.0.0.1:47548]
14:10:49.967 [Forwarding getCurrentUrl on session 8b34e4a320753b2e7304ed0ac786986d to remote] DEBUG org.asynchttpclient.netty.request.NettyRequestSender - Using pooled Channel '[id: 0x96665dd2, L:/127.0.0.1:14257 - R:localhost/127.0.0.1:47548]' for 'GET' to 'http://localhost:47548/session/8b34e4a320753b2e7304ed0ac786986d/url'
14:10:49.967 [Forwarding getCurrentUrl on session 8b34e4a320753b2e7304ed0ac786986d to remote] DEBUG org.asynchttpclient.netty.request.NettyRequestSender - Using open Channel [id: 0x96665dd2, L:/127.0.0.1:14257 - R:localhost/127.0.0.1:47548] for GET '/session/8b34e4a320753b2e7304ed0ac786986d/url'
14:10:49.973 [AsyncHttpClient-1-4] DEBUG org.asynchttpclient.netty.handler.HttpHandler - 

Request DefaultFullHttpRequest(decodeResult: success, version: HTTP/1.1, content: EmptyByteBufBE)
GET /session/8b34e4a320753b2e7304ed0ac786986d/url HTTP/1.1
User-Agent: selenium/4.8.1 (java windows)
Cache-Control: no-cache
Content-Type: application/json; charset=utf-8
host: localhost:47548
accept: */*

Response DefaultHttpResponse(decodeResult: success, version: HTTP/1.1)
HTTP/1.1 200 OK
Content-Length: 64
Content-Type: application/json; charset=utf-8
cache-control: no-cache

14:10:49.973 [AsyncHttpClient-1-4] DEBUG org.asynchttpclient.netty.channel.ChannelManager - Adding key: http://localhost:47548 for channel [id: 0x96665dd2, L:/127.0.0.1:14257 - R:localhost/127.0.0.1:47548]
14:10:49.976 [main] DEBUG net.thucydides.core.steps.StepInterceptor - STARTING STEP: Failed3SigninSteps.inputPasswordWrongPassword - inputPassword
14:10:49.982 [Forwarding findElement on session 8b34e4a320753b2e7304ed0ac786986d to remote] DEBUG org.asynchttpclient.netty.request.NettyRequestSender - Using pooled Channel '[id: 0x96665dd2, L:/127.0.0.1:14257 - R:localhost/127.0.0.1:47548]' for 'POST' to 'http://localhost:47548/session/8b34e4a320753b2e7304ed0ac786986d/element'
14:10:49.983 [Forwarding findElement on session 8b34e4a320753b2e7304ed0ac786986d to remote] DEBUG org.asynchttpclient.netty.request.NettyRequestSender - Using open Channel [id: 0x96665dd2, L:/127.0.0.1:14257 - R:localhost/127.0.0.1:47548] for POST '/session/8b34e4a320753b2e7304ed0ac786986d/element'
14:10:50.004 [AsyncHttpClient-1-4] DEBUG org.asynchttpclient.netty.handler.HttpHandler - 

Request DefaultHttpRequest(decodeResult: success, version: HTTP/1.1)
POST /session/8b34e4a320753b2e7304ed0ac786986d/element HTTP/1.1
User-Agent: selenium/4.8.1 (java windows)
Content-Length: 70
Content-Type: application/json; charset=utf-8
host: localhost:47548
accept: */*

Response DefaultHttpResponse(decodeResult: success, version: HTTP/1.1)
HTTP/1.1 200 OK
Content-Length: 95
Content-Type: application/json; charset=utf-8
cache-control: no-cache

14:10:50.004 [AsyncHttpClient-1-4] DEBUG org.asynchttpclient.netty.channel.ChannelManager - Adding key: http://localhost:47548 for channel [id: 0x96665dd2, L:/127.0.0.1:14257 - R:localhost/127.0.0.1:47548]
14:10:50.006 [Forwarding clearElement on session 8b34e4a320753b2e7304ed0ac786986d to remote] DEBUG org.asynchttpclient.netty.request.NettyRequestSender - Using pooled Channel '[id: 0x96665dd2, L:/127.0.0.1:14257 - R:localhost/127.0.0.1:47548]' for 'POST' to 'http://localhost:47548/session/8b34e4a320753b2e7304ed0ac786986d/element/971ACC9BA05DC4E1F1E8B96F32F40332_element_13/clear'
14:10:50.007 [Forwarding clearElement on session 8b34e4a320753b2e7304ed0ac786986d to remote] DEBUG org.asynchttpclient.netty.request.NettyRequestSender - Using open Channel [id: 0x96665dd2, L:/127.0.0.1:14257 - R:localhost/127.0.0.1:47548] for POST '/session/8b34e4a320753b2e7304ed0ac786986d/element/971ACC9BA05DC4E1F1E8B96F32F40332_element_13/clear'
14:10:50.041 [AsyncHttpClient-1-4] DEBUG org.asynchttpclient.netty.handler.HttpHandler - 

Request DefaultHttpRequest(decodeResult: success, version: HTTP/1.1)
POST /session/8b34e4a320753b2e7304ed0ac786986d/element/971ACC9BA05DC4E1F1E8B96F32F40332_element_13/clear HTTP/1.1
User-Agent: selenium/4.8.1 (java windows)
Content-Length: 57
Content-Type: application/json; charset=utf-8
host: localhost:47548
accept: */*

Response DefaultHttpResponse(decodeResult: success, version: HTTP/1.1)
HTTP/1.1 200 OK
Content-Length: 14
Content-Type: application/json; charset=utf-8
cache-control: no-cache

14:10:50.042 [AsyncHttpClient-1-4] DEBUG org.asynchttpclient.netty.channel.ChannelManager - Adding key: http://localhost:47548 for channel [id: 0x96665dd2, L:/127.0.0.1:14257 - R:localhost/127.0.0.1:47548]
14:10:50.046 [Forwarding sendKeysToElement on session 8b34e4a320753b2e7304ed0ac786986d to remote] DEBUG org.asynchttpclient.netty.request.NettyRequestSender - Using pooled Channel '[id: 0x96665dd2, L:/127.0.0.1:14257 - R:localhost/127.0.0.1:47548]' for 'POST' to 'http://localhost:47548/session/8b34e4a320753b2e7304ed0ac786986d/element/971ACC9BA05DC4E1F1E8B96F32F40332_element_13/value'
14:10:50.046 [Forwarding sendKeysToElement on session 8b34e4a320753b2e7304ed0ac786986d to remote] DEBUG org.asynchttpclient.netty.request.NettyRequestSender - Using open Channel [id: 0x96665dd2, L:/127.0.0.1:14257 - R:localhost/127.0.0.1:47548] for POST '/session/8b34e4a320753b2e7304ed0ac786986d/element/971ACC9BA05DC4E1F1E8B96F32F40332_element_13/value'
14:10:50.121 [AsyncHttpClient-1-4] DEBUG org.asynchttpclient.netty.handler.HttpHandler - 

Request DefaultHttpRequest(decodeResult: success, version: HTTP/1.1)
POST /session/8b34e4a320753b2e7304ed0ac786986d/element/971ACC9BA05DC4E1F1E8B96F32F40332_element_13/value HTTP/1.1
User-Agent: selenium/4.8.1 (java windows)
Content-Length: 89
Content-Type: application/json; charset=utf-8
host: localhost:47548
accept: */*

Response DefaultHttpResponse(decodeResult: success, version: HTTP/1.1)
HTTP/1.1 200 OK
Content-Length: 14
Content-Type: application/json; charset=utf-8
cache-control: no-cache

14:10:50.121 [AsyncHttpClient-1-4] DEBUG org.asynchttpclient.netty.channel.ChannelManager - Adding key: http://localhost:47548 for channel [id: 0x96665dd2, L:/127.0.0.1:14257 - R:localhost/127.0.0.1:47548]
14:10:50.138 [Forwarding getAlertText on session 8b34e4a320753b2e7304ed0ac786986d to remote] DEBUG org.asynchttpclient.netty.request.NettyRequestSender - Using pooled Channel '[id: 0x96665dd2, L:/127.0.0.1:14257 - R:localhost/127.0.0.1:47548]' for 'GET' to 'http://localhost:47548/session/8b34e4a320753b2e7304ed0ac786986d/alert/text'
14:10:50.138 [Forwarding getAlertText on session 8b34e4a320753b2e7304ed0ac786986d to remote] DEBUG org.asynchttpclient.netty.request.NettyRequestSender - Using open Channel [id: 0x96665dd2, L:/127.0.0.1:14257 - R:localhost/127.0.0.1:47548] for GET '/session/8b34e4a320753b2e7304ed0ac786986d/alert/text'
14:10:50.140 [AsyncHttpClient-1-4] DEBUG org.asynchttpclient.netty.handler.HttpHandler - 

Request DefaultFullHttpRequest(decodeResult: success, version: HTTP/1.1, content: EmptyByteBufBE)
GET /session/8b34e4a320753b2e7304ed0ac786986d/alert/text HTTP/1.1
User-Agent: selenium/4.8.1 (java windows)
Cache-Control: no-cache
Content-Type: application/json; charset=utf-8
host: localhost:47548
accept: */*

Response DefaultHttpResponse(decodeResult: success, version: HTTP/1.1)
HTTP/1.1 404 Not Found
Content-Length: 807
Content-Type: application/json; charset=utf-8
cache-control: no-cache

14:10:50.140 [AsyncHttpClient-1-4] DEBUG org.asynchttpclient.netty.channel.ChannelManager - Adding key: http://localhost:47548 for channel [id: 0x96665dd2, L:/127.0.0.1:14257 - R:localhost/127.0.0.1:47548]
14:10:50.142 [Forwarding getCurrentUrl on session 8b34e4a320753b2e7304ed0ac786986d to remote] DEBUG org.asynchttpclient.netty.request.NettyRequestSender - Using pooled Channel '[id: 0x96665dd2, L:/127.0.0.1:14257 - R:localhost/127.0.0.1:47548]' for 'GET' to 'http://localhost:47548/session/8b34e4a320753b2e7304ed0ac786986d/url'
14:10:50.142 [Forwarding getCurrentUrl on session 8b34e4a320753b2e7304ed0ac786986d to remote] DEBUG org.asynchttpclient.netty.request.NettyRequestSender - Using open Channel [id: 0x96665dd2, L:/127.0.0.1:14257 - R:localhost/127.0.0.1:47548] for GET '/session/8b34e4a320753b2e7304ed0ac786986d/url'
14:10:50.150 [AsyncHttpClient-1-4] DEBUG org.asynchttpclient.netty.handler.HttpHandler - 

Request DefaultFullHttpRequest(decodeResult: success, version: HTTP/1.1, content: EmptyByteBufBE)
GET /session/8b34e4a320753b2e7304ed0ac786986d/url HTTP/1.1
User-Agent: selenium/4.8.1 (java windows)
Cache-Control: no-cache
Content-Type: application/json; charset=utf-8
host: localhost:47548
accept: */*

Response DefaultHttpResponse(decodeResult: success, version: HTTP/1.1)
HTTP/1.1 200 OK
Content-Length: 64
Content-Type: application/json; charset=utf-8
cache-control: no-cache

14:10:50.151 [AsyncHttpClient-1-4] DEBUG org.asynchttpclient.netty.channel.ChannelManager - Adding key: http://localhost:47548 for channel [id: 0x96665dd2, L:/127.0.0.1:14257 - R:localhost/127.0.0.1:47548]
14:10:50.152 [Forwarding screenshot on session 8b34e4a320753b2e7304ed0ac786986d to remote] DEBUG org.asynchttpclient.netty.request.NettyRequestSender - Using pooled Channel '[id: 0x96665dd2, L:/127.0.0.1:14257 - R:localhost/127.0.0.1:47548]' for 'GET' to 'http://localhost:47548/session/8b34e4a320753b2e7304ed0ac786986d/screenshot'
14:10:50.152 [Forwarding screenshot on session 8b34e4a320753b2e7304ed0ac786986d to remote] DEBUG org.asynchttpclient.netty.request.NettyRequestSender - Using open Channel [id: 0x96665dd2, L:/127.0.0.1:14257 - R:localhost/127.0.0.1:47548] for GET '/session/8b34e4a320753b2e7304ed0ac786986d/screenshot'
14:10:50.271 [AsyncHttpClient-1-4] DEBUG org.asynchttpclient.netty.handler.HttpHandler - 

Request DefaultFullHttpRequest(decodeResult: success, version: HTTP/1.1, content: EmptyByteBufBE)
GET /session/8b34e4a320753b2e7304ed0ac786986d/screenshot HTTP/1.1
User-Agent: selenium/4.8.1 (java windows)
Cache-Control: no-cache
Content-Type: application/json; charset=utf-8
host: localhost:47548
accept: */*

Response DefaultHttpResponse(decodeResult: success, version: HTTP/1.1)
HTTP/1.1 200 OK
Content-Length: 126936
Content-Type: application/json; charset=utf-8
cache-control: no-cache

14:10:50.272 [AsyncHttpClient-1-4] DEBUG org.asynchttpclient.netty.channel.ChannelManager - Adding key: http://localhost:47548 for channel [id: 0x96665dd2, L:/127.0.0.1:14257 - R:localhost/127.0.0.1:47548]
14:10:50.287 [main] DEBUG net.serenitybdd.core.photography.Darkroom - Send negative for processing for target\site\serenity\c20bcde95dd22483a059026d1f65904e98c6799df114d90d9f89d936863b78fa.png
14:10:50.287 [main] DEBUG net.thucydides.core.steps.StepInterceptor - STEP DONE: inputPassword
  &amp#27;[32mAnd &amp#27;[0m&amp#27;[32mI input password wrong password&amp#27;[0m                                    &amp#27;[90m# Starter.Stepdefitions.Failed3SigninSteps.inputPasswordWrongPassword()&amp#27;[0m
14:10:50.287 [Darkroom Processing Line] DEBUG net.serenitybdd.core.photography.DarkroomProcessingLine - Processing screenshot image in /var/screenshots/screenshot-2334065838377955480
14:10:50.287 [Darkroom Processing Line] DEBUG net.serenitybdd.core.photography.DarkroomProcessingLine - Saving screenshot to target\site\serenity\c20bcde95dd22483a059026d1f65904e98c6799df114d90d9f89d936863b78fa.png
14:10:50.306 [Forwarding getPageSource on session 8b34e4a320753b2e7304ed0ac786986d to remote] DEBUG org.asynchttpclient.netty.request.NettyRequestSender - Using pooled Channel '[id: 0x96665dd2, L:/127.0.0.1:14257 - R:localhost/127.0.0.1:47548]' for 'POST' to 'http://localhost:47548/session/8b34e4a320753b2e7304ed0ac786986d/execute/sync'
14:10:50.307 [Forwarding getPageSource on session 8b34e4a320753b2e7304ed0ac786986d to remote] DEBUG org.asynchttpclient.netty.request.NettyRequestSender - Using open Channel [id: 0x96665dd2, L:/127.0.0.1:14257 - R:localhost/127.0.0.1:47548] for POST '/session/8b34e4a320753b2e7304ed0ac786986d/execute/sync'
14:10:50.315 [AsyncHttpClient-1-4] DEBUG org.asynchttpclient.netty.handler.HttpHandler - 

Request DefaultHttpRequest(decodeResult: success, version: HTTP/1.1)
POST /session/8b34e4a320753b2e7304ed0ac786986d/execute/sync HTTP/1.1
User-Agent: selenium/4.8.1 (java windows)
Content-Length: 176
Content-Type: application/json; charset=utf-8
host: localhost:47548
accept: */*

Response DefaultHttpResponse(decodeResult: success, version: HTTP/1.1)
HTTP/1.1 200 OK
Content-Length: 6024
Content-Type: application/json; charset=utf-8
cache-control: no-cache

14:10:50.315 [AsyncHttpClient-1-4] DEBUG org.asynchttpclient.netty.channel.ChannelManager - Adding key: http://localhost:47548 for channel [id: 0x96665dd2, L:/127.0.0.1:14257 - R:localhost/127.0.0.1:47548]
14:10:50.318 [Forwarding getCurrentUrl on session 8b34e4a320753b2e7304ed0ac786986d to remote] DEBUG org.asynchttpclient.netty.request.NettyRequestSender - Using pooled Channel '[id: 0x96665dd2, L:/127.0.0.1:14257 - R:localhost/127.0.0.1:47548]' for 'GET' to 'http://localhost:47548/session/8b34e4a320753b2e7304ed0ac786986d/url'
14:10:50.318 [Forwarding getCurrentUrl on session 8b34e4a320753b2e7304ed0ac786986d to remote] DEBUG org.asynchttpclient.netty.request.NettyRequestSender - Using open Channel [id: 0x96665dd2, L:/127.0.0.1:14257 - R:localhost/127.0.0.1:47548] for GET '/session/8b34e4a320753b2e7304ed0ac786986d/url'
14:10:50.323 [AsyncHttpClient-1-4] DEBUG org.asynchttpclient.netty.handler.HttpHandler - 

Request DefaultFullHttpRequest(decodeResult: success, version: HTTP/1.1, content: EmptyByteBufBE)
GET /session/8b34e4a320753b2e7304ed0ac786986d/url HTTP/1.1
User-Agent: selenium/4.8.1 (java windows)
Cache-Control: no-cache
Content-Type: application/json; charset=utf-8
host: localhost:47548
accept: */*

Response DefaultHttpResponse(decodeResult: success, version: HTTP/1.1)
HTTP/1.1 200 OK
Content-Length: 64
Content-Type: application/json; charset=utf-8
cache-control: no-cache

14:10:50.324 [AsyncHttpClient-1-4] DEBUG org.asynchttpclient.netty.channel.ChannelManager - Adding key: http://localhost:47548 for channel [id: 0x96665dd2, L:/127.0.0.1:14257 - R:localhost/127.0.0.1:47548]
14:10:50.349 [Forwarding getAlertText on session 8b34e4a320753b2e7304ed0ac786986d to remote] DEBUG org.asynchttpclient.netty.request.NettyRequestSender - Using pooled Channel '[id: 0x96665dd2, L:/127.0.0.1:14257 - R:localhost/127.0.0.1:47548]' for 'GET' to 'http://localhost:47548/session/8b34e4a320753b2e7304ed0ac786986d/alert/text'
14:10:50.350 [Forwarding getAlertText on session 8b34e4a320753b2e7304ed0ac786986d to remote] DEBUG org.asynchttpclient.netty.request.NettyRequestSender - Using open Channel [id: 0x96665dd2, L:/127.0.0.1:14257 - R:localhost/127.0.0.1:47548] for GET '/session/8b34e4a320753b2e7304ed0ac786986d/alert/text'
14:10:50.351 [AsyncHttpClient-1-4] DEBUG org.asynchttpclient.netty.handler.HttpHandler - 

Request DefaultFullHttpRequest(decodeResult: success, version: HTTP/1.1, content: EmptyByteBufBE)
GET /session/8b34e4a320753b2e7304ed0ac786986d/alert/text HTTP/1.1
User-Agent: selenium/4.8.1 (java windows)
Cache-Control: no-cache
Content-Type: application/json; charset=utf-8
host: localhost:47548
accept: */*

Response DefaultHttpResponse(decodeResult: success, version: HTTP/1.1)
HTTP/1.1 404 Not Found
Content-Length: 807
Content-Type: application/json; charset=utf-8
cache-control: no-cache

14:10:50.351 [AsyncHttpClient-1-4] DEBUG org.asynchttpclient.netty.channel.ChannelManager - Adding key: http://localhost:47548 for channel [id: 0x96665dd2, L:/127.0.0.1:14257 - R:localhost/127.0.0.1:47548]
14:10:50.353 [Forwarding getCurrentUrl on session 8b34e4a320753b2e7304ed0ac786986d to remote] DEBUG org.asynchttpclient.netty.request.NettyRequestSender - Using pooled Channel '[id: 0x96665dd2, L:/127.0.0.1:14257 - R:localhost/127.0.0.1:47548]' for 'GET' to 'http://localhost:47548/session/8b34e4a320753b2e7304ed0ac786986d/url'
14:10:50.353 [Forwarding getCurrentUrl on session 8b34e4a320753b2e7304ed0ac786986d to remote] DEBUG org.asynchttpclient.netty.request.NettyRequestSender - Using open Channel [id: 0x96665dd2, L:/127.0.0.1:14257 - R:localhost/127.0.0.1:47548] for GET '/session/8b34e4a320753b2e7304ed0ac786986d/url'
14:10:50.358 [AsyncHttpClient-1-4] DEBUG org.asynchttpclient.netty.handler.HttpHandler - 

Request DefaultFullHttpRequest(decodeResult: success, version: HTTP/1.1, content: EmptyByteBufBE)
GET /session/8b34e4a320753b2e7304ed0ac786986d/url HTTP/1.1
User-Agent: selenium/4.8.1 (java windows)
Cache-Control: no-cache
Content-Type: application/json; charset=utf-8
host: localhost:47548
accept: */*

Response DefaultHttpResponse(decodeResult: success, version: HTTP/1.1)
HTTP/1.1 200 OK
Content-Length: 64
Content-Type: application/json; charset=utf-8
cache-control: no-cache

14:10:50.358 [AsyncHttpClient-1-4] DEBUG org.asynchttpclient.netty.channel.ChannelManager - Adding key: http://localhost:47548 for channel [id: 0x96665dd2, L:/127.0.0.1:14257 - R:localhost/127.0.0.1:47548]
14:10:50.359 [Forwarding screenshot on session 8b34e4a320753b2e7304ed0ac786986d to remote] DEBUG org.asynchttpclient.netty.request.NettyRequestSender - Using pooled Channel '[id: 0x96665dd2, L:/127.0.0.1:14257 - R:localhost/127.0.0.1:47548]' for 'GET' to 'http://localhost:47548/session/8b34e4a320753b2e7304ed0ac786986d/screenshot'
14:10:50.359 [Forwarding screenshot on session 8b34e4a320753b2e7304ed0ac786986d to remote] DEBUG org.asynchttpclient.netty.request.NettyRequestSender - Using open Channel [id: 0x96665dd2, L:/127.0.0.1:14257 - R:localhost/127.0.0.1:47548] for GET '/session/8b34e4a320753b2e7304ed0ac786986d/screenshot'
14:10:50.467 [AsyncHttpClient-1-4] DEBUG org.asynchttpclient.netty.handler.HttpHandler - 

Request DefaultFullHttpRequest(decodeResult: success, version: HTTP/1.1, content: EmptyByteBufBE)
GET /session/8b34e4a320753b2e7304ed0ac786986d/screenshot HTTP/1.1
User-Agent: selenium/4.8.1 (java windows)
Cache-Control: no-cache
Content-Type: application/json; charset=utf-8
host: localhost:47548
accept: */*

Response DefaultHttpResponse(decodeResult: success, version: HTTP/1.1)
HTTP/1.1 200 OK
Content-Length: 126784
Content-Type: application/json; charset=utf-8
cache-control: no-cache

14:10:50.468 [AsyncHttpClient-1-4] DEBUG org.asynchttpclient.netty.channel.ChannelManager - Adding key: http://localhost:47548 for channel [id: 0x96665dd2, L:/127.0.0.1:14257 - R:localhost/127.0.0.1:47548]
14:10:50.478 [main] DEBUG net.serenitybdd.core.photography.Darkroom - Send negative for processing for target\site\serenity\a14c6b0d525848b84a1020a1d8e21e731d82957b142e0104ee8bfcf494033ef3.png
14:10:50.479 [Darkroom Processing Line] DEBUG net.serenitybdd.core.photography.DarkroomProcessingLine - Processing screenshot image in /var/screenshots/screenshot-5384235670952559011
14:10:50.479 [Darkroom Processing Line] DEBUG net.serenitybdd.core.photography.DarkroomProcessingLine - Saving screenshot to target\site\serenity\a14c6b0d525848b84a1020a1d8e21e731d82957b142e0104ee8bfcf494033ef3.png
14:10:50.480 [Forwarding getPageSource on session 8b34e4a320753b2e7304ed0ac786986d to remote] DEBUG org.asynchttpclient.netty.request.NettyRequestSender - Using pooled Channel '[id: 0x96665dd2, L:/127.0.0.1:14257 - R:localhost/127.0.0.1:47548]' for 'POST' to 'http://localhost:47548/session/8b34e4a320753b2e7304ed0ac786986d/execute/sync'
14:10:50.481 [Forwarding getPageSource on session 8b34e4a320753b2e7304ed0ac786986d to remote] DEBUG org.asynchttpclient.netty.request.NettyRequestSender - Using open Channel [id: 0x96665dd2, L:/127.0.0.1:14257 - R:localhost/127.0.0.1:47548] for POST '/session/8b34e4a320753b2e7304ed0ac786986d/execute/sync'
14:10:50.488 [AsyncHttpClient-1-4] DEBUG org.asynchttpclient.netty.handler.HttpHandler - 

Request DefaultHttpRequest(decodeResult: success, version: HTTP/1.1)
POST /session/8b34e4a320753b2e7304ed0ac786986d/execute/sync HTTP/1.1
User-Agent: selenium/4.8.1 (java windows)
Content-Length: 176
Content-Type: application/json; charset=utf-8
host: localhost:47548
accept: */*

Response DefaultHttpResponse(decodeResult: success, version: HTTP/1.1)
HTTP/1.1 200 OK
Content-Length: 6024
Content-Type: application/json; charset=utf-8
cache-control: no-cache

14:10:50.489 [AsyncHttpClient-1-4] DEBUG org.asynchttpclient.netty.channel.ChannelManager - Adding key: http://localhost:47548 for channel [id: 0x96665dd2, L:/127.0.0.1:14257 - R:localhost/127.0.0.1:47548]
14:10:50.492 [Forwarding getCurrentUrl on session 8b34e4a320753b2e7304ed0ac786986d to remote] DEBUG org.asynchttpclient.netty.request.NettyRequestSender - Using pooled Channel '[id: 0x96665dd2, L:/127.0.0.1:14257 - R:localhost/127.0.0.1:47548]' for 'GET' to 'http://localhost:47548/session/8b34e4a320753b2e7304ed0ac786986d/url'
14:10:50.492 [Forwarding getCurrentUrl on session 8b34e4a320753b2e7304ed0ac786986d to remote] DEBUG org.asynchttpclient.netty.request.NettyRequestSender - Using open Channel [id: 0x96665dd2, L:/127.0.0.1:14257 - R:localhost/127.0.0.1:47548] for GET '/session/8b34e4a320753b2e7304ed0ac786986d/url'
14:10:50.497 [AsyncHttpClient-1-4] DEBUG org.asynchttpclient.netty.handler.HttpHandler - 

Request DefaultFullHttpRequest(decodeResult: success, version: HTTP/1.1, content: EmptyByteBufBE)
GET /session/8b34e4a320753b2e7304ed0ac786986d/url HTTP/1.1
User-Agent: selenium/4.8.1 (java windows)
Cache-Control: no-cache
Content-Type: application/json; charset=utf-8
host: localhost:47548
accept: */*

Response DefaultHttpResponse(decodeResult: success, version: HTTP/1.1)
HTTP/1.1 200 OK
Content-Length: 64
Content-Type: application/json; charset=utf-8
cache-control: no-cache

14:10:50.497 [AsyncHttpClient-1-4] DEBUG org.asynchttpclient.netty.channel.ChannelManager - Adding key: http://localhost:47548 for channel [id: 0x96665dd2, L:/127.0.0.1:14257 - R:localhost/127.0.0.1:47548]
14:10:50.586 [main] DEBUG net.thucydides.core.steps.StepInterceptor - STARTING STEP: Failed3SigninSteps.clickLoginWrongPassword - clickLoginButton
14:10:50.593 [Forwarding findElement on session 8b34e4a320753b2e7304ed0ac786986d to remote] DEBUG org.asynchttpclient.netty.request.NettyRequestSender - Using pooled Channel '[id: 0x96665dd2, L:/127.0.0.1:14257 - R:localhost/127.0.0.1:47548]' for 'POST' to 'http://localhost:47548/session/8b34e4a320753b2e7304ed0ac786986d/element'
14:10:50.593 [Forwarding findElement on session 8b34e4a320753b2e7304ed0ac786986d to remote] DEBUG org.asynchttpclient.netty.request.NettyRequestSender - Using open Channel [id: 0x96665dd2, L:/127.0.0.1:14257 - R:localhost/127.0.0.1:47548] for POST '/session/8b34e4a320753b2e7304ed0ac786986d/element'
14:10:50.598 [AsyncHttpClient-1-1] DEBUG org.asynchttpclient.netty.channel.DefaultChannelPool - Entry count for : http://localhost:14258 : 1
14:10:50.609 [AsyncHttpClient-1-4] DEBUG org.asynchttpclient.netty.handler.HttpHandler - 

Request DefaultHttpRequest(decodeResult: success, version: HTTP/1.1)
POST /session/8b34e4a320753b2e7304ed0ac786986d/element HTTP/1.1
User-Agent: selenium/4.8.1 (java windows)
Content-Length: 69
Content-Type: application/json; charset=utf-8
host: localhost:47548
accept: */*

Response DefaultHttpResponse(decodeResult: success, version: HTTP/1.1)
HTTP/1.1 200 OK
Content-Length: 95
Content-Type: application/json; charset=utf-8
cache-control: no-cache

14:10:50.609 [AsyncHttpClient-1-4] DEBUG org.asynchttpclient.netty.channel.ChannelManager - Adding key: http://localhost:47548 for channel [id: 0x96665dd2, L:/127.0.0.1:14257 - R:localhost/127.0.0.1:47548]
14:10:50.612 [Forwarding getElementTagName on session 8b34e4a320753b2e7304ed0ac786986d to remote] DEBUG org.asynchttpclient.netty.request.NettyRequestSender - Using pooled Channel '[id: 0x96665dd2, L:/127.0.0.1:14257 - R:localhost/127.0.0.1:47548]' for 'GET' to 'http://localhost:47548/session/8b34e4a320753b2e7304ed0ac786986d/element/971ACC9BA05DC4E1F1E8B96F32F40332_element_18/name'
14:10:50.612 [Forwarding getElementTagName on session 8b34e4a320753b2e7304ed0ac786986d to remote] DEBUG org.asynchttpclient.netty.request.NettyRequestSender - Using open Channel [id: 0x96665dd2, L:/127.0.0.1:14257 - R:localhost/127.0.0.1:47548] for GET '/session/8b34e4a320753b2e7304ed0ac786986d/element/971ACC9BA05DC4E1F1E8B96F32F40332_element_18/name'
14:10:50.618 [AsyncHttpClient-1-4] DEBUG org.asynchttpclient.netty.handler.HttpHandler - 

Request DefaultFullHttpRequest(decodeResult: success, version: HTTP/1.1, content: EmptyByteBufBE)
GET /session/8b34e4a320753b2e7304ed0ac786986d/element/971ACC9BA05DC4E1F1E8B96F32F40332_element_18/name HTTP/1.1
User-Agent: selenium/4.8.1 (java windows)
Cache-Control: no-cache
Content-Type: application/json; charset=utf-8
host: localhost:47548
accept: */*

Response DefaultHttpResponse(decodeResult: success, version: HTTP/1.1)
HTTP/1.1 200 OK
Content-Length: 18
Content-Type: application/json; charset=utf-8
cache-control: no-cache

14:10:50.618 [AsyncHttpClient-1-4] DEBUG org.asynchttpclient.netty.channel.ChannelManager - Adding key: http://localhost:47548 for channel [id: 0x96665dd2, L:/127.0.0.1:14257 - R:localhost/127.0.0.1:47548]
14:10:50.620 [Forwarding getElementTagName on session 8b34e4a320753b2e7304ed0ac786986d to remote] DEBUG org.asynchttpclient.netty.request.NettyRequestSender - Using pooled Channel '[id: 0x96665dd2, L:/127.0.0.1:14257 - R:localhost/127.0.0.1:47548]' for 'GET' to 'http://localhost:47548/session/8b34e4a320753b2e7304ed0ac786986d/element/971ACC9BA05DC4E1F1E8B96F32F40332_element_18/name'
14:10:50.620 [Forwarding getElementTagName on session 8b34e4a320753b2e7304ed0ac786986d to remote] DEBUG org.asynchttpclient.netty.request.NettyRequestSender - Using open Channel [id: 0x96665dd2, L:/127.0.0.1:14257 - R:localhost/127.0.0.1:47548] for GET '/session/8b34e4a320753b2e7304ed0ac786986d/element/971ACC9BA05DC4E1F1E8B96F32F40332_element_18/name'
14:10:50.625 [AsyncHttpClient-1-4] DEBUG org.asynchttpclient.netty.handler.HttpHandler - 

Request DefaultFullHttpRequest(decodeResult: success, version: HTTP/1.1, content: EmptyByteBufBE)
GET /session/8b34e4a320753b2e7304ed0ac786986d/element/971ACC9BA05DC4E1F1E8B96F32F40332_element_18/name HTTP/1.1
User-Agent: selenium/4.8.1 (java windows)
Cache-Control: no-cache
Content-Type: application/json; charset=utf-8
host: localhost:47548
accept: */*

Response DefaultHttpResponse(decodeResult: success, version: HTTP/1.1)
HTTP/1.1 200 OK
Content-Length: 18
Content-Type: application/json; charset=utf-8
cache-control: no-cache

14:10:50.625 [AsyncHttpClient-1-4] DEBUG org.asynchttpclient.netty.channel.ChannelManager - Adding key: http://localhost:47548 for channel [id: 0x96665dd2, L:/127.0.0.1:14257 - R:localhost/127.0.0.1:47548]
14:10:50.629 [Forwarding isElementEnabled on session 8b34e4a320753b2e7304ed0ac786986d to remote] DEBUG org.asynchttpclient.netty.request.NettyRequestSender - Using pooled Channel '[id: 0x96665dd2, L:/127.0.0.1:14257 - R:localhost/127.0.0.1:47548]' for 'GET' to 'http://localhost:47548/session/8b34e4a320753b2e7304ed0ac786986d/element/971ACC9BA05DC4E1F1E8B96F32F40332_element_18/enabled'
14:10:50.630 [Forwarding isElementEnabled on session 8b34e4a320753b2e7304ed0ac786986d to remote] DEBUG org.asynchttpclient.netty.request.NettyRequestSender - Using open Channel [id: 0x96665dd2, L:/127.0.0.1:14257 - R:localhost/127.0.0.1:47548] for GET '/session/8b34e4a320753b2e7304ed0ac786986d/element/971ACC9BA05DC4E1F1E8B96F32F40332_element_18/enabled'
14:10:50.639 [AsyncHttpClient-1-4] DEBUG org.asynchttpclient.netty.handler.HttpHandler - 

Request DefaultFullHttpRequest(decodeResult: success, version: HTTP/1.1, content: EmptyByteBufBE)
GET /session/8b34e4a320753b2e7304ed0ac786986d/element/971ACC9BA05DC4E1F1E8B96F32F40332_element_18/enabled HTTP/1.1
User-Agent: selenium/4.8.1 (java windows)
Cache-Control: no-cache
Content-Type: application/json; charset=utf-8
host: localhost:47548
accept: */*

Response DefaultHttpResponse(decodeResult: success, version: HTTP/1.1)
HTTP/1.1 200 OK
Content-Length: 14
Content-Type: application/json; charset=utf-8
cache-control: no-cache

14:10:50.639 [AsyncHttpClient-1-4] DEBUG org.asynchttpclient.netty.channel.ChannelManager - Adding key: http://localhost:47548 for channel [id: 0x96665dd2, L:/127.0.0.1:14257 - R:localhost/127.0.0.1:47548]
14:10:50.642 [Forwarding isElementEnabled on session 8b34e4a320753b2e7304ed0ac786986d to remote] DEBUG org.asynchttpclient.netty.request.NettyRequestSender - Using pooled Channel '[id: 0x96665dd2, L:/127.0.0.1:14257 - R:localhost/127.0.0.1:47548]' for 'GET' to 'http://localhost:47548/session/8b34e4a320753b2e7304ed0ac786986d/element/971ACC9BA05DC4E1F1E8B96F32F40332_element_18/enabled'
14:10:50.642 [Forwarding isElementEnabled on session 8b34e4a320753b2e7304ed0ac786986d to remote] DEBUG org.asynchttpclient.netty.request.NettyRequestSender - Using open Channel [id: 0x96665dd2, L:/127.0.0.1:14257 - R:localhost/127.0.0.1:47548] for GET '/session/8b34e4a320753b2e7304ed0ac786986d/element/971ACC9BA05DC4E1F1E8B96F32F40332_element_18/enabled'
14:10:50.651 [AsyncHttpClient-1-4] DEBUG org.asynchttpclient.netty.handler.HttpHandler - 

Request DefaultFullHttpRequest(decodeResult: success, version: HTTP/1.1, content: EmptyByteBufBE)
GET /session/8b34e4a320753b2e7304ed0ac786986d/element/971ACC9BA05DC4E1F1E8B96F32F40332_element_18/enabled HTTP/1.1
User-Agent: selenium/4.8.1 (java windows)
Cache-Control: no-cache
Content-Type: application/json; charset=utf-8
host: localhost:47548
accept: */*

Response DefaultHttpResponse(decodeResult: success, version: HTTP/1.1)
HTTP/1.1 200 OK
Content-Length: 14
Content-Type: application/json; charset=utf-8
cache-control: no-cache

14:10:50.651 [AsyncHttpClient-1-4] DEBUG org.asynchttpclient.netty.channel.ChannelManager - Adding key: http://localhost:47548 for channel [id: 0x96665dd2, L:/127.0.0.1:14257 - R:localhost/127.0.0.1:47548]
14:10:50.654 [Forwarding findElement on session 8b34e4a320753b2e7304ed0ac786986d to remote] DEBUG org.asynchttpclient.netty.request.NettyRequestSender - Using pooled Channel '[id: 0x96665dd2, L:/127.0.0.1:14257 - R:localhost/127.0.0.1:47548]' for 'POST' to 'http://localhost:47548/session/8b34e4a320753b2e7304ed0ac786986d/element'
14:10:50.654 [Forwarding findElement on session 8b34e4a320753b2e7304ed0ac786986d to remote] DEBUG org.asynchttpclient.netty.request.NettyRequestSender - Using open Channel [id: 0x96665dd2, L:/127.0.0.1:14257 - R:localhost/127.0.0.1:47548] for POST '/session/8b34e4a320753b2e7304ed0ac786986d/element'
14:10:50.664 [AsyncHttpClient-1-4] DEBUG org.asynchttpclient.netty.handler.HttpHandler - 

Request DefaultHttpRequest(decodeResult: success, version: HTTP/1.1)
POST /session/8b34e4a320753b2e7304ed0ac786986d/element HTTP/1.1
User-Agent: selenium/4.8.1 (java windows)
Content-Length: 69
Content-Type: application/json; charset=utf-8
host: localhost:47548
accept: */*

Response DefaultHttpResponse(decodeResult: success, version: HTTP/1.1)
HTTP/1.1 200 OK
Content-Length: 95
Content-Type: application/json; charset=utf-8
cache-control: no-cache

14:10:50.664 [AsyncHttpClient-1-4] DEBUG org.asynchttpclient.netty.channel.ChannelManager - Adding key: http://localhost:47548 for channel [id: 0x96665dd2, L:/127.0.0.1:14257 - R:localhost/127.0.0.1:47548]
14:10:50.666 [Forwarding clickElement on session 8b34e4a320753b2e7304ed0ac786986d to remote] DEBUG org.asynchttpclient.netty.request.NettyRequestSender - Using pooled Channel '[id: 0x96665dd2, L:/127.0.0.1:14257 - R:localhost/127.0.0.1:47548]' for 'POST' to 'http://localhost:47548/session/8b34e4a320753b2e7304ed0ac786986d/element/971ACC9BA05DC4E1F1E8B96F32F40332_element_18/click'
14:10:50.666 [Forwarding clickElement on session 8b34e4a320753b2e7304ed0ac786986d to remote] DEBUG org.asynchttpclient.netty.request.NettyRequestSender - Using open Channel [id: 0x96665dd2, L:/127.0.0.1:14257 - R:localhost/127.0.0.1:47548] for POST '/session/8b34e4a320753b2e7304ed0ac786986d/element/971ACC9BA05DC4E1F1E8B96F32F40332_element_18/click'
14:10:50.771 [AsyncHttpClient-1-4] DEBUG org.asynchttpclient.netty.handler.HttpHandler - 

Request DefaultHttpRequest(decodeResult: success, version: HTTP/1.1)
POST /session/8b34e4a320753b2e7304ed0ac786986d/element/971ACC9BA05DC4E1F1E8B96F32F40332_element_18/click HTTP/1.1
User-Agent: selenium/4.8.1 (java windows)
Content-Length: 57
Content-Type: application/json; charset=utf-8
host: localhost:47548
accept: */*

Response DefaultHttpResponse(decodeResult: success, version: HTTP/1.1)
HTTP/1.1 200 OK
Content-Length: 14
Content-Type: application/json; charset=utf-8
cache-control: no-cache

14:10:50.772 [AsyncHttpClient-1-4] DEBUG org.asynchttpclient.netty.channel.ChannelManager - Adding key: http://localhost:47548 for channel [id: 0x96665dd2, L:/127.0.0.1:14257 - R:localhost/127.0.0.1:47548]
14:10:50.788 [Forwarding getAlertText on session 8b34e4a320753b2e7304ed0ac786986d to remote] DEBUG org.asynchttpclient.netty.request.NettyRequestSender - Using pooled Channel '[id: 0x96665dd2, L:/127.0.0.1:14257 - R:localhost/127.0.0.1:47548]' for 'GET' to 'http://localhost:47548/session/8b34e4a320753b2e7304ed0ac786986d/alert/text'
14:10:50.788 [Forwarding getAlertText on session 8b34e4a320753b2e7304ed0ac786986d to remote] DEBUG org.asynchttpclient.netty.request.NettyRequestSender - Using open Channel [id: 0x96665dd2, L:/127.0.0.1:14257 - R:localhost/127.0.0.1:47548] for GET '/session/8b34e4a320753b2e7304ed0ac786986d/alert/text'
14:10:50.790 [AsyncHttpClient-1-4] DEBUG org.asynchttpclient.netty.handler.HttpHandler - 

Request DefaultFullHttpRequest(decodeResult: success, version: HTTP/1.1, content: EmptyByteBufBE)
GET /session/8b34e4a320753b2e7304ed0ac786986d/alert/text HTTP/1.1
User-Agent: selenium/4.8.1 (java windows)
Cache-Control: no-cache
Content-Type: application/json; charset=utf-8
host: localhost:47548
accept: */*

Response DefaultHttpResponse(decodeResult: success, version: HTTP/1.1)
HTTP/1.1 404 Not Found
Content-Length: 807
Content-Type: application/json; charset=utf-8
cache-control: no-cache

14:10:50.791 [AsyncHttpClient-1-4] DEBUG org.asynchttpclient.netty.channel.ChannelManager - Adding key: http://localhost:47548 for channel [id: 0x96665dd2, L:/127.0.0.1:14257 - R:localhost/127.0.0.1:47548]
14:10:50.795 [Forwarding getCurrentUrl on session 8b34e4a320753b2e7304ed0ac786986d to remote] DEBUG org.asynchttpclient.netty.request.NettyRequestSender - Using pooled Channel '[id: 0x96665dd2, L:/127.0.0.1:14257 - R:localhost/127.0.0.1:47548]' for 'GET' to 'http://localhost:47548/session/8b34e4a320753b2e7304ed0ac786986d/url'
14:10:50.795 [Forwarding getCurrentUrl on session 8b34e4a320753b2e7304ed0ac786986d to remote] DEBUG org.asynchttpclient.netty.request.NettyRequestSender - Using open Channel [id: 0x96665dd2, L:/127.0.0.1:14257 - R:localhost/127.0.0.1:47548] for GET '/session/8b34e4a320753b2e7304ed0ac786986d/url'
14:10:50.803 [AsyncHttpClient-1-4] DEBUG org.asynchttpclient.netty.handler.HttpHandler - 

Request DefaultFullHttpRequest(decodeResult: success, version: HTTP/1.1, content: EmptyByteBufBE)
GET /session/8b34e4a320753b2e7304ed0ac786986d/url HTTP/1.1
User-Agent: selenium/4.8.1 (java windows)
Cache-Control: no-cache
Content-Type: application/json; charset=utf-8
host: localhost:47548
accept: */*

Response DefaultHttpResponse(decodeResult: success, version: HTTP/1.1)
HTTP/1.1 200 OK
Content-Length: 64
Content-Type: application/json; charset=utf-8
cache-control: no-cache

14:10:50.806 [AsyncHttpClient-1-4] DEBUG org.asynchttpclient.netty.channel.ChannelManager - Adding key: http://localhost:47548 for channel [id: 0x96665dd2, L:/127.0.0.1:14257 - R:localhost/127.0.0.1:47548]
14:10:50.808 [Forwarding screenshot on session 8b34e4a320753b2e7304ed0ac786986d to remote] DEBUG org.asynchttpclient.netty.request.NettyRequestSender - Using pooled Channel '[id: 0x96665dd2, L:/127.0.0.1:14257 - R:localhost/127.0.0.1:47548]' for 'GET' to 'http://localhost:47548/session/8b34e4a320753b2e7304ed0ac786986d/screenshot'
14:10:50.808 [Forwarding screenshot on session 8b34e4a320753b2e7304ed0ac786986d to remote] DEBUG org.asynchttpclient.netty.request.NettyRequestSender - Using open Channel [id: 0x96665dd2, L:/127.0.0.1:14257 - R:localhost/127.0.0.1:47548] for GET '/session/8b34e4a320753b2e7304ed0ac786986d/screenshot'
14:10:50.971 [AsyncHttpClient-1-4] DEBUG org.asynchttpclient.netty.handler.HttpHandler - 

Request DefaultFullHttpRequest(decodeResult: success, version: HTTP/1.1, content: EmptyByteBufBE)
GET /session/8b34e4a320753b2e7304ed0ac786986d/screenshot HTTP/1.1
User-Agent: selenium/4.8.1 (java windows)
Cache-Control: no-cache
Content-Type: application/json; charset=utf-8
host: localhost:47548
accept: */*

Response DefaultHttpResponse(decodeResult: success, version: HTTP/1.1)
HTTP/1.1 200 OK
Content-Length: 127248
Content-Type: application/json; charset=utf-8
cache-control: no-cache

14:10:50.973 [AsyncHttpClient-1-4] DEBUG org.asynchttpclient.netty.channel.ChannelManager - Adding key: http://localhost:47548 for channel [id: 0x96665dd2, L:/127.0.0.1:14257 - R:localhost/127.0.0.1:47548]
14:10:50.982 [main] DEBUG net.serenitybdd.core.photography.Darkroom - Send negative for processing for target\site\serenity\8d5404cf8ef4a6b4a8409c2185967a73f90c26d915aa0ab33cf371707a2f3872.png
14:10:50.983 [main] DEBUG net.thucydides.core.steps.StepInterceptor - STEP DONE: clickLoginButton
14:10:50.983 [Darkroom Processing Line] DEBUG net.serenitybdd.core.photography.DarkroomProcessingLine - Processing screenshot image in /var/screenshots/screenshot-956096702441450263
  &amp#27;[32mAnd &amp#27;[0m&amp#27;[32mI click sign in wrong password&amp#27;[0m                                     &amp#27;[90m# Starter.Stepdefitions.Failed3SigninSteps.clickLoginWrongPassword()&amp#27;[0m
14:10:50.983 [Darkroom Processing Line] DEBUG net.serenitybdd.core.photography.DarkroomProcessingLine - Saving screenshot to target\site\serenity\8d5404cf8ef4a6b4a8409c2185967a73f90c26d915aa0ab33cf371707a2f3872.png
14:10:51.001 [Forwarding getPageSource on session 8b34e4a320753b2e7304ed0ac786986d to remote] DEBUG org.asynchttpclient.netty.request.NettyRequestSender - Using pooled Channel '[id: 0x96665dd2, L:/127.0.0.1:14257 - R:localhost/127.0.0.1:47548]' for 'POST' to 'http://localhost:47548/session/8b34e4a320753b2e7304ed0ac786986d/execute/sync'
14:10:51.001 [Forwarding getPageSource on session 8b34e4a320753b2e7304ed0ac786986d to remote] DEBUG org.asynchttpclient.netty.request.NettyRequestSender - Using open Channel [id: 0x96665dd2, L:/127.0.0.1:14257 - R:localhost/127.0.0.1:47548] for POST '/session/8b34e4a320753b2e7304ed0ac786986d/execute/sync'
14:10:51.007 [AsyncHttpClient-1-4] DEBUG org.asynchttpclient.netty.handler.HttpHandler - 

Request DefaultHttpRequest(decodeResult: success, version: HTTP/1.1)
POST /session/8b34e4a320753b2e7304ed0ac786986d/execute/sync HTTP/1.1
User-Agent: selenium/4.8.1 (java windows)
Content-Length: 176
Content-Type: application/json; charset=utf-8
host: localhost:47548
accept: */*

Response DefaultHttpResponse(decodeResult: success, version: HTTP/1.1)
HTTP/1.1 200 OK
Content-Length: 6066
Content-Type: application/json; charset=utf-8
cache-control: no-cache

14:10:51.007 [AsyncHttpClient-1-4] DEBUG org.asynchttpclient.netty.channel.ChannelManager - Adding key: http://localhost:47548 for channel [id: 0x96665dd2, L:/127.0.0.1:14257 - R:localhost/127.0.0.1:47548]
14:10:51.010 [Forwarding getCurrentUrl on session 8b34e4a320753b2e7304ed0ac786986d to remote] DEBUG org.asynchttpclient.netty.request.NettyRequestSender - Using pooled Channel '[id: 0x96665dd2, L:/127.0.0.1:14257 - R:localhost/127.0.0.1:47548]' for 'GET' to 'http://localhost:47548/session/8b34e4a320753b2e7304ed0ac786986d/url'
14:10:51.010 [Forwarding getCurrentUrl on session 8b34e4a320753b2e7304ed0ac786986d to remote] DEBUG org.asynchttpclient.netty.request.NettyRequestSender - Using open Channel [id: 0x96665dd2, L:/127.0.0.1:14257 - R:localhost/127.0.0.1:47548] for GET '/session/8b34e4a320753b2e7304ed0ac786986d/url'
14:10:51.015 [AsyncHttpClient-1-4] DEBUG org.asynchttpclient.netty.handler.HttpHandler - 

Request DefaultFullHttpRequest(decodeResult: success, version: HTTP/1.1, content: EmptyByteBufBE)
GET /session/8b34e4a320753b2e7304ed0ac786986d/url HTTP/1.1
User-Agent: selenium/4.8.1 (java windows)
Cache-Control: no-cache
Content-Type: application/json; charset=utf-8
host: localhost:47548
accept: */*

Response DefaultHttpResponse(decodeResult: success, version: HTTP/1.1)
HTTP/1.1 200 OK
Content-Length: 64
Content-Type: application/json; charset=utf-8
cache-control: no-cache

14:10:51.015 [AsyncHttpClient-1-4] DEBUG org.asynchttpclient.netty.channel.ChannelManager - Adding key: http://localhost:47548 for channel [id: 0x96665dd2, L:/127.0.0.1:14257 - R:localhost/127.0.0.1:47548]
14:10:51.135 [Forwarding getAlertText on session 8b34e4a320753b2e7304ed0ac786986d to remote] DEBUG org.asynchttpclient.netty.request.NettyRequestSender - Using pooled Channel '[id: 0x96665dd2, L:/127.0.0.1:14257 - R:localhost/127.0.0.1:47548]' for 'GET' to 'http://localhost:47548/session/8b34e4a320753b2e7304ed0ac786986d/alert/text'
14:10:51.135 [Forwarding getAlertText on session 8b34e4a320753b2e7304ed0ac786986d to remote] DEBUG org.asynchttpclient.netty.request.NettyRequestSender - Using open Channel [id: 0x96665dd2, L:/127.0.0.1:14257 - R:localhost/127.0.0.1:47548] for GET '/session/8b34e4a320753b2e7304ed0ac786986d/alert/text'
14:10:51.137 [AsyncHttpClient-1-4] DEBUG org.asynchttpclient.netty.handler.HttpHandler - 

Request DefaultFullHttpRequest(decodeResult: success, version: HTTP/1.1, content: EmptyByteBufBE)
GET /session/8b34e4a320753b2e7304ed0ac786986d/alert/text HTTP/1.1
User-Agent: selenium/4.8.1 (java windows)
Cache-Control: no-cache
Content-Type: application/json; charset=utf-8
host: localhost:47548
accept: */*

Response DefaultHttpResponse(decodeResult: success, version: HTTP/1.1)
HTTP/1.1 404 Not Found
Content-Length: 807
Content-Type: application/json; charset=utf-8
cache-control: no-cache

14:10:51.137 [AsyncHttpClient-1-4] DEBUG org.asynchttpclient.netty.channel.ChannelManager - Adding key: http://localhost:47548 for channel [id: 0x96665dd2, L:/127.0.0.1:14257 - R:localhost/127.0.0.1:47548]
14:10:51.138 [Forwarding getCurrentUrl on session 8b34e4a320753b2e7304ed0ac786986d to remote] DEBUG org.asynchttpclient.netty.request.NettyRequestSender - Using pooled Channel '[id: 0x96665dd2, L:/127.0.0.1:14257 - R:localhost/127.0.0.1:47548]' for 'GET' to 'http://localhost:47548/session/8b34e4a320753b2e7304ed0ac786986d/url'
14:10:51.138 [Forwarding getCurrentUrl on session 8b34e4a320753b2e7304ed0ac786986d to remote] DEBUG org.asynchttpclient.netty.request.NettyRequestSender - Using open Channel [id: 0x96665dd2, L:/127.0.0.1:14257 - R:localhost/127.0.0.1:47548] for GET '/session/8b34e4a320753b2e7304ed0ac786986d/url'
14:10:51.143 [AsyncHttpClient-1-4] DEBUG org.asynchttpclient.netty.handler.HttpHandler - 

Request DefaultFullHttpRequest(decodeResult: success, version: HTTP/1.1, content: EmptyByteBufBE)
GET /session/8b34e4a320753b2e7304ed0ac786986d/url HTTP/1.1
User-Agent: selenium/4.8.1 (java windows)
Cache-Control: no-cache
Content-Type: application/json; charset=utf-8
host: localhost:47548
accept: */*

Response DefaultHttpResponse(decodeResult: success, version: HTTP/1.1)
HTTP/1.1 200 OK
Content-Length: 64
Content-Type: application/json; charset=utf-8
cache-control: no-cache

14:10:51.144 [AsyncHttpClient-1-4] DEBUG org.asynchttpclient.netty.channel.ChannelManager - Adding key: http://localhost:47548 for channel [id: 0x96665dd2, L:/127.0.0.1:14257 - R:localhost/127.0.0.1:47548]
14:10:51.145 [Forwarding screenshot on session 8b34e4a320753b2e7304ed0ac786986d to remote] DEBUG org.asynchttpclient.netty.request.NettyRequestSender - Using pooled Channel '[id: 0x96665dd2, L:/127.0.0.1:14257 - R:localhost/127.0.0.1:47548]' for 'GET' to 'http://localhost:47548/session/8b34e4a320753b2e7304ed0ac786986d/screenshot'
14:10:51.145 [Forwarding screenshot on session 8b34e4a320753b2e7304ed0ac786986d to remote] DEBUG org.asynchttpclient.netty.request.NettyRequestSender - Using open Channel [id: 0x96665dd2, L:/127.0.0.1:14257 - R:localhost/127.0.0.1:47548] for GET '/session/8b34e4a320753b2e7304ed0ac786986d/screenshot'
14:10:51.249 [AsyncHttpClient-1-4] DEBUG org.asynchttpclient.netty.handler.HttpHandler - 

Request DefaultFullHttpRequest(decodeResult: success, version: HTTP/1.1, content: EmptyByteBufBE)
GET /session/8b34e4a320753b2e7304ed0ac786986d/screenshot HTTP/1.1
User-Agent: selenium/4.8.1 (java windows)
Cache-Control: no-cache
Content-Type: application/json; charset=utf-8
host: localhost:47548
accept: */*

Response DefaultHttpResponse(decodeResult: success, version: HTTP/1.1)
HTTP/1.1 200 OK
Content-Length: 127136
Content-Type: application/json; charset=utf-8
cache-control: no-cache

14:10:51.250 [AsyncHttpClient-1-4] DEBUG org.asynchttpclient.netty.channel.ChannelManager - Adding key: http://localhost:47548 for channel [id: 0x96665dd2, L:/127.0.0.1:14257 - R:localhost/127.0.0.1:47548]
14:10:51.258 [main] DEBUG net.serenitybdd.core.photography.Darkroom - Send negative for processing for target\site\serenity\07af8b5e8d6ac3c41711ce00bdeb2b7ffa27cf1da1fd3d51f5a418e1cb738261.png
14:10:51.259 [Darkroom Processing Line] DEBUG net.serenitybdd.core.photography.DarkroomProcessingLine - Processing screenshot image in /var/screenshots/screenshot-1124494076722250296
14:10:51.259 [Darkroom Processing Line] DEBUG net.serenitybdd.core.photography.DarkroomProcessingLine - Saving screenshot to target\site\serenity\07af8b5e8d6ac3c41711ce00bdeb2b7ffa27cf1da1fd3d51f5a418e1cb738261.png
14:10:51.261 [Forwarding getPageSource on session 8b34e4a320753b2e7304ed0ac786986d to remote] DEBUG org.asynchttpclient.netty.request.NettyRequestSender - Using pooled Channel '[id: 0x96665dd2, L:/127.0.0.1:14257 - R:localhost/127.0.0.1:47548]' for 'POST' to 'http://localhost:47548/session/8b34e4a320753b2e7304ed0ac786986d/execute/sync'
14:10:51.261 [Forwarding getPageSource on session 8b34e4a320753b2e7304ed0ac786986d to remote] DEBUG org.asynchttpclient.netty.request.NettyRequestSender - Using open Channel [id: 0x96665dd2, L:/127.0.0.1:14257 - R:localhost/127.0.0.1:47548] for POST '/session/8b34e4a320753b2e7304ed0ac786986d/execute/sync'
14:10:51.269 [AsyncHttpClient-1-4] DEBUG org.asynchttpclient.netty.handler.HttpHandler - 

Request DefaultHttpRequest(decodeResult: success, version: HTTP/1.1)
POST /session/8b34e4a320753b2e7304ed0ac786986d/execute/sync HTTP/1.1
User-Agent: selenium/4.8.1 (java windows)
Content-Length: 176
Content-Type: application/json; charset=utf-8
host: localhost:47548
accept: */*

Response DefaultHttpResponse(decodeResult: success, version: HTTP/1.1)
HTTP/1.1 200 OK
Content-Length: 6066
Content-Type: application/json; charset=utf-8
cache-control: no-cache

14:10:51.269 [AsyncHttpClient-1-4] DEBUG org.asynchttpclient.netty.channel.ChannelManager - Adding key: http://localhost:47548 for channel [id: 0x96665dd2, L:/127.0.0.1:14257 - R:localhost/127.0.0.1:47548]
14:10:51.272 [Forwarding getCurrentUrl on session 8b34e4a320753b2e7304ed0ac786986d to remote] DEBUG org.asynchttpclient.netty.request.NettyRequestSender - Using pooled Channel '[id: 0x96665dd2, L:/127.0.0.1:14257 - R:localhost/127.0.0.1:47548]' for 'GET' to 'http://localhost:47548/session/8b34e4a320753b2e7304ed0ac786986d/url'
14:10:51.272 [Forwarding getCurrentUrl on session 8b34e4a320753b2e7304ed0ac786986d to remote] DEBUG org.asynchttpclient.netty.request.NettyRequestSender - Using open Channel [id: 0x96665dd2, L:/127.0.0.1:14257 - R:localhost/127.0.0.1:47548] for GET '/session/8b34e4a320753b2e7304ed0ac786986d/url'
14:10:51.277 [AsyncHttpClient-1-4] DEBUG org.asynchttpclient.netty.handler.HttpHandler - 

Request DefaultFullHttpRequest(decodeResult: success, version: HTTP/1.1, content: EmptyByteBufBE)
GET /session/8b34e4a320753b2e7304ed0ac786986d/url HTTP/1.1
User-Agent: selenium/4.8.1 (java windows)
Cache-Control: no-cache
Content-Type: application/json; charset=utf-8
host: localhost:47548
accept: */*

Response DefaultHttpResponse(decodeResult: success, version: HTTP/1.1)
HTTP/1.1 200 OK
Content-Length: 64
Content-Type: application/json; charset=utf-8
cache-control: no-cache

14:10:51.277 [AsyncHttpClient-1-4] DEBUG org.asynchttpclient.netty.channel.ChannelManager - Adding key: http://localhost:47548 for channel [id: 0x96665dd2, L:/127.0.0.1:14257 - R:localhost/127.0.0.1:47548]
14:10:51.280 [main] DEBUG net.thucydides.core.steps.StepInterceptor - STARTING STEP: Failed3SigninSteps.onTheHomePageWrongPassword - errorMessageAppearr
14:10:51.284 [Forwarding findElement on session 8b34e4a320753b2e7304ed0ac786986d to remote] DEBUG org.asynchttpclient.netty.request.NettyRequestSender - Using pooled Channel '[id: 0x96665dd2, L:/127.0.0.1:14257 - R:localhost/127.0.0.1:47548]' for 'POST' to 'http://localhost:47548/session/8b34e4a320753b2e7304ed0ac786986d/element'
14:10:51.284 [Forwarding findElement on session 8b34e4a320753b2e7304ed0ac786986d to remote] DEBUG org.asynchttpclient.netty.request.NettyRequestSender - Using open Channel [id: 0x96665dd2, L:/127.0.0.1:14257 - R:localhost/127.0.0.1:47548] for POST '/session/8b34e4a320753b2e7304ed0ac786986d/element'
14:10:51.300 [AsyncHttpClient-1-4] DEBUG org.asynchttpclient.netty.handler.HttpHandler - 

Request DefaultHttpRequest(decodeResult: success, version: HTTP/1.1)
POST /session/8b34e4a320753b2e7304ed0ac786986d/element HTTP/1.1
User-Agent: selenium/4.8.1 (java windows)
Content-Length: 64
Content-Type: application/json; charset=utf-8
host: localhost:47548
accept: */*

Response DefaultHttpResponse(decodeResult: success, version: HTTP/1.1)
HTTP/1.1 200 OK
Content-Length: 95
Content-Type: application/json; charset=utf-8
cache-control: no-cache

14:10:51.300 [AsyncHttpClient-1-4] DEBUG org.asynchttpclient.netty.channel.ChannelManager - Adding key: http://localhost:47548 for channel [id: 0x96665dd2, L:/127.0.0.1:14257 - R:localhost/127.0.0.1:47548]
14:10:51.308 [Forwarding isElementDisplayed on session 8b34e4a320753b2e7304ed0ac786986d to remote] DEBUG org.asynchttpclient.netty.request.NettyRequestSender - Using pooled Channel '[id: 0x96665dd2, L:/127.0.0.1:14257 - R:localhost/127.0.0.1:47548]' for 'POST' to 'http://localhost:47548/session/8b34e4a320753b2e7304ed0ac786986d/execute/sync'
14:10:51.308 [Forwarding isElementDisplayed on session 8b34e4a320753b2e7304ed0ac786986d to remote] DEBUG org.asynchttpclient.netty.request.NettyRequestSender - Using open Channel [id: 0x96665dd2, L:/127.0.0.1:14257 - R:localhost/127.0.0.1:47548] for POST '/session/8b34e4a320753b2e7304ed0ac786986d/execute/sync'
14:10:51.327 [AsyncHttpClient-1-4] DEBUG org.asynchttpclient.netty.handler.HttpHandler - 

Request DefaultHttpRequest(decodeResult: success, version: HTTP/1.1)
POST /session/8b34e4a320753b2e7304ed0ac786986d/execute/sync HTTP/1.1
User-Agent: selenium/4.8.1 (java windows)
Content-Length: 48814
Content-Type: application/json; charset=utf-8
host: localhost:47548
accept: */*

Response DefaultHttpResponse(decodeResult: success, version: HTTP/1.1)
HTTP/1.1 200 OK
Content-Length: 14
Content-Type: application/json; charset=utf-8
cache-control: no-cache

14:10:51.327 [AsyncHttpClient-1-4] DEBUG org.asynchttpclient.netty.channel.ChannelManager - Adding key: http://localhost:47548 for channel [id: 0x96665dd2, L:/127.0.0.1:14257 - R:localhost/127.0.0.1:47548]
14:10:51.337 [Forwarding getAlertText on session 8b34e4a320753b2e7304ed0ac786986d to remote] DEBUG org.asynchttpclient.netty.request.NettyRequestSender - Using pooled Channel '[id: 0x96665dd2, L:/127.0.0.1:14257 - R:localhost/127.0.0.1:47548]' for 'GET' to 'http://localhost:47548/session/8b34e4a320753b2e7304ed0ac786986d/alert/text'
14:10:51.337 [Forwarding getAlertText on session 8b34e4a320753b2e7304ed0ac786986d to remote] DEBUG org.asynchttpclient.netty.request.NettyRequestSender - Using open Channel [id: 0x96665dd2, L:/127.0.0.1:14257 - R:localhost/127.0.0.1:47548] for GET '/session/8b34e4a320753b2e7304ed0ac786986d/alert/text'
14:10:51.338 [AsyncHttpClient-1-4] DEBUG org.asynchttpclient.netty.handler.HttpHandler - 

Request DefaultFullHttpRequest(decodeResult: success, version: HTTP/1.1, content: EmptyByteBufBE)
GET /session/8b34e4a320753b2e7304ed0ac786986d/alert/text HTTP/1.1
User-Agent: selenium/4.8.1 (java windows)
Cache-Control: no-cache
Content-Type: application/json; charset=utf-8
host: localhost:47548
accept: */*

Response DefaultHttpResponse(decodeResult: success, version: HTTP/1.1)
HTTP/1.1 404 Not Found
Content-Length: 807
Content-Type: application/json; charset=utf-8
cache-control: no-cache

14:10:51.339 [AsyncHttpClient-1-4] DEBUG org.asynchttpclient.netty.channel.ChannelManager - Adding key: http://localhost:47548 for channel [id: 0x96665dd2, L:/127.0.0.1:14257 - R:localhost/127.0.0.1:47548]
14:10:51.340 [Forwarding getCurrentUrl on session 8b34e4a320753b2e7304ed0ac786986d to remote] DEBUG org.asynchttpclient.netty.request.NettyRequestSender - Using pooled Channel '[id: 0x96665dd2, L:/127.0.0.1:14257 - R:localhost/127.0.0.1:47548]' for 'GET' to 'http://localhost:47548/session/8b34e4a320753b2e7304ed0ac786986d/url'
14:10:51.340 [Forwarding getCurrentUrl on session 8b34e4a320753b2e7304ed0ac786986d to remote] DEBUG org.asynchttpclient.netty.request.NettyRequestSender - Using open Channel [id: 0x96665dd2, L:/127.0.0.1:14257 - R:localhost/127.0.0.1:47548] for GET '/session/8b34e4a320753b2e7304ed0ac786986d/url'
14:10:51.345 [AsyncHttpClient-1-4] DEBUG org.asynchttpclient.netty.handler.HttpHandler - 

Request DefaultFullHttpRequest(decodeResult: success, version: HTTP/1.1, content: EmptyByteBufBE)
GET /session/8b34e4a320753b2e7304ed0ac786986d/url HTTP/1.1
User-Agent: selenium/4.8.1 (java windows)
Cache-Control: no-cache
Content-Type: application/json; charset=utf-8
host: localhost:47548
accept: */*

Response DefaultHttpResponse(decodeResult: success, version: HTTP/1.1)
HTTP/1.1 200 OK
Content-Length: 64
Content-Type: application/json; charset=utf-8
cache-control: no-cache

14:10:51.345 [AsyncHttpClient-1-4] DEBUG org.asynchttpclient.netty.channel.ChannelManager - Adding key: http://localhost:47548 for channel [id: 0x96665dd2, L:/127.0.0.1:14257 - R:localhost/127.0.0.1:47548]
14:10:51.346 [Forwarding screenshot on session 8b34e4a320753b2e7304ed0ac786986d to remote] DEBUG org.asynchttpclient.netty.request.NettyRequestSender - Using pooled Channel '[id: 0x96665dd2, L:/127.0.0.1:14257 - R:localhost/127.0.0.1:47548]' for 'GET' to 'http://localhost:47548/session/8b34e4a320753b2e7304ed0ac786986d/screenshot'
14:10:51.346 [Forwarding screenshot on session 8b34e4a320753b2e7304ed0ac786986d to remote] DEBUG org.asynchttpclient.netty.request.NettyRequestSender - Using open Channel [id: 0x96665dd2, L:/127.0.0.1:14257 - R:localhost/127.0.0.1:47548] for GET '/session/8b34e4a320753b2e7304ed0ac786986d/screenshot'
14:10:51.443 [AsyncHttpClient-1-4] DEBUG org.asynchttpclient.netty.handler.HttpHandler - 

Request DefaultFullHttpRequest(decodeResult: success, version: HTTP/1.1, content: EmptyByteBufBE)
GET /session/8b34e4a320753b2e7304ed0ac786986d/screenshot HTTP/1.1
User-Agent: selenium/4.8.1 (java windows)
Cache-Control: no-cache
Content-Type: application/json; charset=utf-8
host: localhost:47548
accept: */*

Response DefaultHttpResponse(decodeResult: success, version: HTTP/1.1)
HTTP/1.1 200 OK
Content-Length: 127136
Content-Type: application/json; charset=utf-8
cache-control: no-cache

14:10:51.444 [AsyncHttpClient-1-4] DEBUG org.asynchttpclient.netty.channel.ChannelManager - Adding key: http://localhost:47548 for channel [id: 0x96665dd2, L:/127.0.0.1:14257 - R:localhost/127.0.0.1:47548]
14:10:51.452 [main] DEBUG net.serenitybdd.core.photography.Darkroom - Send negative for processing for target\site\serenity\07af8b5e8d6ac3c41711ce00bdeb2b7ffa27cf1da1fd3d51f5a418e1cb738261.png
14:10:51.453 [main] DEBUG net.thucydides.core.steps.StepInterceptor - STEP DONE: errorMessageAppearr
  &amp#27;[32mThen &amp#27;[0m&amp#27;[32mI am on the home page wrong password&amp#27;[0m                              &amp#27;[90m# Starter.Stepdefitions.Failed3SigninSteps.onTheHomePageWrongPassword()&amp#27;[0m
14:10:51.462 [main] INFO  - 
  _____   ___   ___   _____     ___     _     ___   ___   ___   ___  
 |_   _| | __| / __| |_   _|   | _ \   /_\   / __| / __| | __| |   \ 
   | |   | _|  \__ \   | |     |  _/  / _ \  \__ \ \__ \ | _|  | |) |
   |_|   |___| |___/   |_|     |_|   /_/ \_\ |___/ |___/ |___| |___/ 

As user, I have be able to failed login because wrong password
----------------------------------------------------------------------
14:10:51.464 [AsyncHttpClient-1-6] DEBUG org.asynchttpclient.netty.handler.WebSocketHandler - Channel Closed: [id: 0x1da47ef3, L:/127.0.0.1:14265 ! R:localhost/127.0.0.1:14258] with attribute NettyResponseFuture{currentRetry=0,
	isDone=1,
	isCancelled=0,
	asyncHandler=org.asynchttpclient.ws.WebSocketUpgradeHandler@1823016,
	nettyRequest=org.asynchttpclient.netty.request.NettyRequest@1175176,
	future=java.util.concurrent.CompletableFuture@ae8985[Completed normally],
	uri=ws://localhost:14258/devtools/browser/ceb39505-e63e-4770-9589-a36f09aabbfb,
	keepAlive=true,
	redirectCount=0,
	timeoutsHolder=null,
	inAuth=0,
	touch=1687677039166}
14:10:51.465 [AsyncHttpClient-1-6] DEBUG org.asynchttpclient.netty.channel.ChannelManager - Closing Channel [id: 0x1da47ef3, L:/127.0.0.1:14265 ! R:localhost/127.0.0.1:14258] 
14:10:51.465 [Driver Command Executor] DEBUG org.asynchttpclient.netty.request.NettyRequestSender - Using pooled Channel '[id: 0x96665dd2, L:/127.0.0.1:14257 - R:localhost/127.0.0.1:47548]' for 'DELETE' to 'http://localhost:47548/session/8b34e4a320753b2e7304ed0ac786986d'
14:10:51.465 [Driver Command Executor] DEBUG org.asynchttpclient.netty.request.NettyRequestSender - Using open Channel [id: 0x96665dd2, L:/127.0.0.1:14257 - R:localhost/127.0.0.1:47548] for DELETE '/session/8b34e4a320753b2e7304ed0ac786986d'
14:10:51.699 [AsyncHttpClient-1-1] DEBUG org.asynchttpclient.netty.channel.DefaultChannelPool - Entry count for : http://localhost:14258 : 1
14:10:52.093 [AsyncHttpClient-1-5] DEBUG org.asynchttpclient.netty.handler.HttpHandler - Unexpected I/O exception on channel [id: 0x5fa44bbf, L:/127.0.0.1:14264 - R:localhost/127.0.0.1:14258]
java.io.IOException: An existing connection was forcibly closed by the remote host
	at sun.nio.ch.SocketDispatcher.read0(Native Method)
	at sun.nio.ch.SocketDispatcher.read(SocketDispatcher.java:43)
	at sun.nio.ch.IOUtil.readIntoNativeBuffer(IOUtil.java:223)
	at sun.nio.ch.IOUtil.read(IOUtil.java:192)
	at sun.nio.ch.SocketChannelImpl.read(SocketChannelImpl.java:379)
	at io.netty.buffer.PooledByteBuf.setBytes(PooledByteBuf.java:259)
	at io.netty.buffer.AbstractByteBuf.writeBytes(AbstractByteBuf.java:1132)
	at io.netty.channel.socket.nio.NioSocketChannel.doReadBytes(NioSocketChannel.java:357)
	at io.netty.channel.nio.AbstractNioByteChannel$NioByteUnsafe.read(AbstractNioByteChannel.java:151)
	at io.netty.channel.nio.NioEventLoop.processSelectedKey(NioEventLoop.java:788)
	at io.netty.channel.nio.NioEventLoop.processSelectedKeysOptimized(NioEventLoop.java:724)
	at io.netty.channel.nio.NioEventLoop.processSelectedKeys(NioEventLoop.java:650)
	at io.netty.channel.nio.NioEventLoop.run(NioEventLoop.java:562)
	at io.netty.util.concurrent.SingleThreadEventExecutor$4.run(SingleThreadEventExecutor.java:997)
	at io.netty.util.internal.ThreadExecutorMap$2.run(ThreadExecutorMap.java:74)
	at io.netty.util.concurrent.FastThreadLocalRunnable.run(FastThreadLocalRunnable.java:30)
	at java.lang.Thread.run(Thread.java:745)
14:10:52.093 [AsyncHttpClient-1-5] DEBUG org.asynchttpclient.netty.channel.ChannelManager - Closing Channel [id: 0x5fa44bbf, L:/127.0.0.1:14264 - R:localhost/127.0.0.1:14258] 
14:10:52.093 [AsyncHttpClient-1-5] DEBUG org.asynchttpclient.netty.handler.HttpHandler - Channel Closed: [id: 0x5fa44bbf, L:/127.0.0.1:14264 ! R:localhost/127.0.0.1:14258] with attribute DISCARD
14:10:52.271 [AsyncHttpClient-1-4] DEBUG org.asynchttpclient.netty.handler.HttpHandler - 

Request DefaultFullHttpRequest(decodeResult: success, version: HTTP/1.1, content: EmptyByteBufBE)
DELETE /session/8b34e4a320753b2e7304ed0ac786986d HTTP/1.1
User-Agent: selenium/4.8.1 (java windows)
Content-Type: application/json; charset=utf-8
host: localhost:47548
accept: */*

Response DefaultHttpResponse(decodeResult: success, version: HTTP/1.1)
HTTP/1.1 200 OK
Content-Length: 14
Content-Type: application/json; charset=utf-8
cache-control: no-cache

14:10:52.272 [AsyncHttpClient-1-4] DEBUG org.asynchttpclient.netty.channel.ChannelManager - Adding key: http://localhost:47548 for channel [id: 0x96665dd2, L:/127.0.0.1:14257 - R:localhost/127.0.0.1:47548]
14:10:52.347 [AsyncHttpClient-1-4] DEBUG org.asynchttpclient.netty.handler.HttpHandler - Channel Closed: [id: 0x96665dd2, L:/127.0.0.1:14257 ! R:localhost/127.0.0.1:47548] with attribute DISCARD
14:10:52.797 [AsyncHttpClient-1-1] DEBUG org.asynchttpclient.netty.channel.DefaultChannelPool - Entry count for : http://localhost:14258 : 1
14:10:52.797 [AsyncHttpClient-1-1] DEBUG org.asynchttpclient.netty.channel.DefaultChannelPool - Entry count for : http://localhost:47548 : 1
14:10:52.797 [AsyncHttpClient-1-1] DEBUG org.asynchttpclient.netty.channel.DefaultChannelPool - Adding Candidate expired Channel [id: 0x5fa44bbf, L:/127.0.0.1:14264 ! R:localhost/127.0.0.1:14258] isIdleTimeoutExpired=false isRemotelyClosed=true isTtlExpired=false
14:10:52.797 [AsyncHttpClient-1-1] DEBUG org.asynchttpclient.netty.channel.DefaultChannelPool - Closing Idle Channel [id: 0x5fa44bbf, L:/127.0.0.1:14264 ! R:localhost/127.0.0.1:14258]
14:10:52.797 [AsyncHttpClient-1-1] DEBUG org.asynchttpclient.netty.channel.DefaultChannelPool - Adding Candidate expired Channel [id: 0x96665dd2, L:/127.0.0.1:14257 ! R:localhost/127.0.0.1:47548] isIdleTimeoutExpired=false isRemotelyClosed=true isTtlExpired=false
14:10:52.797 [AsyncHttpClient-1-1] DEBUG org.asynchttpclient.netty.channel.DefaultChannelPool - Closing Idle Channel [id: 0x96665dd2, L:/127.0.0.1:14257 ! R:localhost/127.0.0.1:47548]
14:10:52.797 [AsyncHttpClient-1-1] DEBUG org.asynchttpclient.netty.channel.DefaultChannelPool - Closed 2 connections out of 2 in 0 ms
]]></system-out>
    <system-err><![CDATA[Starting ChromeDriver 114.0.5735.90 (386bc09e8f4f2e025eddae123f36f6263096ae49-refs/branch-heads/5735@{#1052}) on port 47548
Only local connections are allowed.
Please see https://chromedriver.chromium.org/security-considerations for suggestions on keeping ChromeDriver safe.
ChromeDriver was started successfully.
Jun 25, 2023 2:10:39 PM org.openqa.selenium.devtools.CdpVersionFinder findNearestMatch
WARNING: Unable to find an exact match for CDP version 114, so returning the closest version found: 110
]]></system-err>
  </testcase>
  <testcase name="As user, I have be able to failed sign in because email and password field empty" classname="User be able to sign in" time="14.955">
    <system-out><![CDATA[
@all-fields-empty
Scenario: As user, I have be able to failed sign in because email and password field empty &amp#27;[90m# src/test/resources/Feature/Signin.feature:39&amp#27;[0m
14:10:52.869 [main] DEBUG io.cucumber.core.plugin.SerenityReporter - Running feature from file:///C:/Users/USER/IdeaProjects/Capston_webtesting/src/test/resources/Feature/Signin.feature
14:10:52.869 [main] WARN io.cucumber.core.plugin.SerenityReporter - Feature from file:///C:/Users/USER/IdeaProjects/Capston_webtesting/src/test/resources/Feature/Signin.feature is not under the 'features' directory. Requirements report will not be correctly generated!
14:10:52.873 [main] INFO  - 
  _____   ___   ___   _____     ___   _____     _     ___   _____   ___   ___  
 |_   _| | __| / __| |_   _|   / __| |_   _|   /_\   | _ \ |_   _| | __| |   \ 
   | |   | _|  \__ \   | |     \__ \   | |    / _ \  |   /   | |   | _|  | |) |
   |_|   |___| |___/   |_|     |___/   |_|   /_/ \_\ |_|_\   |_|   |___| |___/ 

As user, I have be able to failed sign in because email and password field empty(user-be-able-to-sign-in;as-user--i-have-be-able-to-failed-sign-in-because-email-and-password-field-empty)
--------------------------------------------------------------------------------
14:10:52.901 [main] DEBUG net.thucydides.core.steps.StepInterceptor - STARTING STEP: Failed4SigninSteps.onLoginPageEmptyFields - openPage
14:10:53.026 [main] INFO net.serenitybdd.core.webdriver.driverproviders.ChromeDriverProvider - Starting Chrome driver instance with capabilities:
14:10:53.026 [main] INFO net.serenitybdd.core.webdriver.driverproviders.ChromeDriverProvider - Capabilities {acceptInsecureCerts: false, browserName: chrome, goog:chromeOptions: {args: [remote-allow-origins=*], extensions: []}}
14:10:53.100 [AsyncHttpClient-1-7] DEBUG org.asynchttpclient.netty.channel.NettyConnectListener - Using new Channel '[id: 0x9fbb2057, L:/127.0.0.1:14274 - R:localhost/127.0.0.1:39334]' for 'POST' to '/session'
14:10:55.573 [AsyncHttpClient-1-7] DEBUG org.asynchttpclient.netty.handler.HttpHandler - 

Request DefaultHttpRequest(decodeResult: success, version: HTTP/1.1)
POST /session HTTP/1.1
User-Agent: selenium/4.8.1 (java windows)
Content-Length: 507
Content-Type: application/json; charset=utf-8
host: localhost:39334
accept: */*

Response DefaultHttpResponse(decodeResult: success, version: HTTP/1.1)
HTTP/1.1 200 OK
Content-Length: 858
Content-Type: application/json; charset=utf-8
cache-control: no-cache

14:10:55.574 [AsyncHttpClient-1-7] DEBUG org.asynchttpclient.netty.channel.ChannelManager - Adding key: http://localhost:39334 for channel [id: 0x9fbb2057, L:/127.0.0.1:14274 - R:localhost/127.0.0.1:39334]
14:10:55.584 [AsyncHttpClient-1-8] DEBUG org.asynchttpclient.netty.channel.NettyConnectListener - Using new Channel '[id: 0xa246bb89, L:/127.0.0.1:14281 - R:localhost/127.0.0.1:14275]' for 'GET' to '/json/version'
14:10:55.585 [AsyncHttpClient-1-8] DEBUG org.asynchttpclient.netty.handler.HttpHandler - 

Request DefaultFullHttpRequest(decodeResult: success, version: HTTP/1.1, content: EmptyByteBufBE)
GET /json/version HTTP/1.1
User-Agent: selenium/4.8.1 (java windows)
host: localhost:14275
accept: */*

Response DefaultHttpResponse(decodeResult: success, version: HTTP/1.1)
HTTP/1.1 200 OK
Content-Security-Policy: frame-ancestors 'none'
Content-Length: 424
Content-Type: application/json; charset=UTF-8

14:10:55.585 [AsyncHttpClient-1-8] DEBUG org.asynchttpclient.netty.channel.ChannelManager - Adding key: http://localhost:14275 for channel [id: 0xa246bb89, L:/127.0.0.1:14281 - R:localhost/127.0.0.1:14275]
14:10:55.588 [AsyncHttpClient-1-9] DEBUG org.asynchttpclient.netty.channel.NettyConnectListener - Using new Channel '[id: 0xdc813e2d, L:/127.0.0.1:14282 - R:localhost/127.0.0.1:14275]' for 'GET' to '/devtools/browser/ff533f01-b997-41ef-92ec-88d2123a7351'
14:10:55.593 [AsyncHttpClient-1-9] DEBUG org.asynchttpclient.netty.handler.WebSocketHandler - 

Request DefaultFullHttpRequest(decodeResult: success, version: HTTP/1.1, content: EmptyByteBufBE)
GET /devtools/browser/ff533f01-b997-41ef-92ec-88d2123a7351 HTTP/1.1
upgrade: websocket
connection: upgrade
sec-websocket-key: UD70nhuU92+qEwVazg24Jw==
sec-websocket-version: 13
origin: http://localhost:14275
host: localhost:14275
accept: */*
user-agent: AHC/2.1

Response DefaultHttpResponse(decodeResult: success, version: HTTP/1.1)
HTTP/1.1 101 WebSocket Protocol Handshake
Upgrade: WebSocket
Connection: Upgrade
Sec-WebSocket-Accept: a9NdgSlzu70cbb0Fmn99BMRd3Ws=

14:10:55.605 [Forwarding get on session 6c565e701c4bd71b4ab58d7ef27d3693 to remote] DEBUG org.asynchttpclient.netty.request.NettyRequestSender - Using pooled Channel '[id: 0x9fbb2057, L:/127.0.0.1:14274 - R:localhost/127.0.0.1:39334]' for 'POST' to 'http://localhost:39334/session/6c565e701c4bd71b4ab58d7ef27d3693/url'
14:10:55.605 [Forwarding get on session 6c565e701c4bd71b4ab58d7ef27d3693 to remote] DEBUG org.asynchttpclient.netty.request.NettyRequestSender - Using open Channel [id: 0x9fbb2057, L:/127.0.0.1:14274 - R:localhost/127.0.0.1:39334] for POST '/session/6c565e701c4bd71b4ab58d7ef27d3693/url'
14:10:56.097 [AsyncHttpClient-1-1] DEBUG org.asynchttpclient.netty.channel.DefaultChannelPool - Entry count for : http://localhost:14275 : 1
14:10:57.198 [AsyncHttpClient-1-1] DEBUG org.asynchttpclient.netty.channel.DefaultChannelPool - Entry count for : http://localhost:14275 : 1
14:10:58.298 [AsyncHttpClient-1-1] DEBUG org.asynchttpclient.netty.channel.DefaultChannelPool - Entry count for : http://localhost:14275 : 1
14:10:59.398 [AsyncHttpClient-1-1] DEBUG org.asynchttpclient.netty.channel.DefaultChannelPool - Entry count for : http://localhost:14275 : 1
14:11:00.498 [AsyncHttpClient-1-1] DEBUG org.asynchttpclient.netty.channel.DefaultChannelPool - Entry count for : http://localhost:14275 : 1
14:11:01.007 [AsyncHttpClient-1-7] DEBUG org.asynchttpclient.netty.handler.HttpHandler - 

Request DefaultHttpRequest(decodeResult: success, version: HTTP/1.1)
POST /session/6c565e701c4bd71b4ab58d7ef27d3693/url HTTP/1.1
User-Agent: selenium/4.8.1 (java windows)
Content-Length: 82
Content-Type: application/json; charset=utf-8
host: localhost:39334
accept: */*

Response DefaultHttpResponse(decodeResult: success, version: HTTP/1.1)
HTTP/1.1 200 OK
Content-Length: 14
Content-Type: application/json; charset=utf-8
cache-control: no-cache

14:11:01.007 [AsyncHttpClient-1-7] DEBUG org.asynchttpclient.netty.channel.ChannelManager - Adding key: http://localhost:39334 for channel [id: 0x9fbb2057, L:/127.0.0.1:14274 - R:localhost/127.0.0.1:39334]
14:11:01.009 [Forwarding setTimeout on session 6c565e701c4bd71b4ab58d7ef27d3693 to remote] DEBUG org.asynchttpclient.netty.request.NettyRequestSender - Using pooled Channel '[id: 0x9fbb2057, L:/127.0.0.1:14274 - R:localhost/127.0.0.1:39334]' for 'POST' to 'http://localhost:39334/session/6c565e701c4bd71b4ab58d7ef27d3693/timeouts'
14:11:01.009 [Forwarding setTimeout on session 6c565e701c4bd71b4ab58d7ef27d3693 to remote] DEBUG org.asynchttpclient.netty.request.NettyRequestSender - Using open Channel [id: 0x9fbb2057, L:/127.0.0.1:14274 - R:localhost/127.0.0.1:39334] for POST '/session/6c565e701c4bd71b4ab58d7ef27d3693/timeouts'
14:11:01.015 [AsyncHttpClient-1-7] DEBUG org.asynchttpclient.netty.handler.HttpHandler - 

Request DefaultHttpRequest(decodeResult: success, version: HTTP/1.1)
POST /session/6c565e701c4bd71b4ab58d7ef27d3693/timeouts HTTP/1.1
User-Agent: selenium/4.8.1 (java windows)
Content-Length: 22
Content-Type: application/json; charset=utf-8
host: localhost:39334
accept: */*

Response DefaultHttpResponse(decodeResult: success, version: HTTP/1.1)
HTTP/1.1 200 OK
Content-Length: 14
Content-Type: application/json; charset=utf-8
cache-control: no-cache

14:11:01.016 [AsyncHttpClient-1-7] DEBUG org.asynchttpclient.netty.channel.ChannelManager - Adding key: http://localhost:39334 for channel [id: 0x9fbb2057, L:/127.0.0.1:14274 - R:localhost/127.0.0.1:39334]
14:11:01.029 [Forwarding getAlertText on session 6c565e701c4bd71b4ab58d7ef27d3693 to remote] DEBUG org.asynchttpclient.netty.request.NettyRequestSender - Using pooled Channel '[id: 0x9fbb2057, L:/127.0.0.1:14274 - R:localhost/127.0.0.1:39334]' for 'GET' to 'http://localhost:39334/session/6c565e701c4bd71b4ab58d7ef27d3693/alert/text'
14:11:01.029 [Forwarding getAlertText on session 6c565e701c4bd71b4ab58d7ef27d3693 to remote] DEBUG org.asynchttpclient.netty.request.NettyRequestSender - Using open Channel [id: 0x9fbb2057, L:/127.0.0.1:14274 - R:localhost/127.0.0.1:39334] for GET '/session/6c565e701c4bd71b4ab58d7ef27d3693/alert/text'
14:11:01.598 [AsyncHttpClient-1-1] DEBUG org.asynchttpclient.netty.channel.DefaultChannelPool - Entry count for : http://localhost:14275 : 1
14:11:02.698 [AsyncHttpClient-1-1] DEBUG org.asynchttpclient.netty.channel.DefaultChannelPool - Entry count for : http://localhost:14275 : 1
14:11:03.141 [AsyncHttpClient-1-7] DEBUG org.asynchttpclient.netty.handler.HttpHandler - 

Request DefaultFullHttpRequest(decodeResult: success, version: HTTP/1.1, content: EmptyByteBufBE)
GET /session/6c565e701c4bd71b4ab58d7ef27d3693/alert/text HTTP/1.1
User-Agent: selenium/4.8.1 (java windows)
Cache-Control: no-cache
Content-Type: application/json; charset=utf-8
host: localhost:39334
accept: */*

Response DefaultHttpResponse(decodeResult: success, version: HTTP/1.1)
HTTP/1.1 404 Not Found
Content-Length: 807
Content-Type: application/json; charset=utf-8
cache-control: no-cache

14:11:03.142 [AsyncHttpClient-1-7] DEBUG org.asynchttpclient.netty.channel.ChannelManager - Adding key: http://localhost:39334 for channel [id: 0x9fbb2057, L:/127.0.0.1:14274 - R:localhost/127.0.0.1:39334]
14:11:03.145 [Forwarding getCurrentUrl on session 6c565e701c4bd71b4ab58d7ef27d3693 to remote] DEBUG org.asynchttpclient.netty.request.NettyRequestSender - Using pooled Channel '[id: 0x9fbb2057, L:/127.0.0.1:14274 - R:localhost/127.0.0.1:39334]' for 'GET' to 'http://localhost:39334/session/6c565e701c4bd71b4ab58d7ef27d3693/url'
14:11:03.146 [Forwarding getCurrentUrl on session 6c565e701c4bd71b4ab58d7ef27d3693 to remote] DEBUG org.asynchttpclient.netty.request.NettyRequestSender - Using open Channel [id: 0x9fbb2057, L:/127.0.0.1:14274 - R:localhost/127.0.0.1:39334] for GET '/session/6c565e701c4bd71b4ab58d7ef27d3693/url'
14:11:03.170 [AsyncHttpClient-1-7] DEBUG org.asynchttpclient.netty.handler.HttpHandler - 

Request DefaultFullHttpRequest(decodeResult: success, version: HTTP/1.1, content: EmptyByteBufBE)
GET /session/6c565e701c4bd71b4ab58d7ef27d3693/url HTTP/1.1
User-Agent: selenium/4.8.1 (java windows)
Cache-Control: no-cache
Content-Type: application/json; charset=utf-8
host: localhost:39334
accept: */*

Response DefaultHttpResponse(decodeResult: success, version: HTTP/1.1)
HTTP/1.1 200 OK
Content-Length: 64
Content-Type: application/json; charset=utf-8
cache-control: no-cache

14:11:03.170 [AsyncHttpClient-1-7] DEBUG org.asynchttpclient.netty.channel.ChannelManager - Adding key: http://localhost:39334 for channel [id: 0x9fbb2057, L:/127.0.0.1:14274 - R:localhost/127.0.0.1:39334]
14:11:03.173 [Forwarding screenshot on session 6c565e701c4bd71b4ab58d7ef27d3693 to remote] DEBUG org.asynchttpclient.netty.request.NettyRequestSender - Using pooled Channel '[id: 0x9fbb2057, L:/127.0.0.1:14274 - R:localhost/127.0.0.1:39334]' for 'GET' to 'http://localhost:39334/session/6c565e701c4bd71b4ab58d7ef27d3693/screenshot'
14:11:03.173 [Forwarding screenshot on session 6c565e701c4bd71b4ab58d7ef27d3693 to remote] DEBUG org.asynchttpclient.netty.request.NettyRequestSender - Using open Channel [id: 0x9fbb2057, L:/127.0.0.1:14274 - R:localhost/127.0.0.1:39334] for GET '/session/6c565e701c4bd71b4ab58d7ef27d3693/screenshot'
14:11:03.281 [AsyncHttpClient-1-7] DEBUG org.asynchttpclient.netty.handler.HttpHandler - 

Request DefaultFullHttpRequest(decodeResult: success, version: HTTP/1.1, content: EmptyByteBufBE)
GET /session/6c565e701c4bd71b4ab58d7ef27d3693/screenshot HTTP/1.1
User-Agent: selenium/4.8.1 (java windows)
Cache-Control: no-cache
Content-Type: application/json; charset=utf-8
host: localhost:39334
accept: */*

Response DefaultHttpResponse(decodeResult: success, version: HTTP/1.1)
HTTP/1.1 200 OK
Content-Length: 125596
Content-Type: application/json; charset=utf-8
cache-control: no-cache

14:11:03.283 [AsyncHttpClient-1-7] DEBUG org.asynchttpclient.netty.channel.ChannelManager - Adding key: http://localhost:39334 for channel [id: 0x9fbb2057, L:/127.0.0.1:14274 - R:localhost/127.0.0.1:39334]
14:11:03.297 [main] DEBUG net.serenitybdd.core.photography.Darkroom - Send negative for processing for target\site\serenity\830bdd557b85a27d44613b64a7d39bdd5ce5e9cd6eedc8befa21a1ab815b1265.png
14:11:03.298 [main] DEBUG net.thucydides.core.steps.StepInterceptor - STEP DONE: openPage
  &amp#27;[32mGiven &amp#27;[0m&amp#27;[32mI am on the sign in page email and password field empty&amp#27;[0m                            &amp#27;[90m# Starter.Stepdefitions.Failed4SigninSteps.onLoginPageEmptyFields()&amp#27;[0m
14:11:03.314 [Forwarding getPageSource on session 6c565e701c4bd71b4ab58d7ef27d3693 to remote] DEBUG org.asynchttpclient.netty.request.NettyRequestSender - Using pooled Channel '[id: 0x9fbb2057, L:/127.0.0.1:14274 - R:localhost/127.0.0.1:39334]' for 'POST' to 'http://localhost:39334/session/6c565e701c4bd71b4ab58d7ef27d3693/execute/sync'
14:11:03.314 [Forwarding getPageSource on session 6c565e701c4bd71b4ab58d7ef27d3693 to remote] DEBUG org.asynchttpclient.netty.request.NettyRequestSender - Using open Channel [id: 0x9fbb2057, L:/127.0.0.1:14274 - R:localhost/127.0.0.1:39334] for POST '/session/6c565e701c4bd71b4ab58d7ef27d3693/execute/sync'
14:11:03.322 [AsyncHttpClient-1-7] DEBUG org.asynchttpclient.netty.handler.HttpHandler - 

Request DefaultHttpRequest(decodeResult: success, version: HTTP/1.1)
POST /session/6c565e701c4bd71b4ab58d7ef27d3693/execute/sync HTTP/1.1
User-Agent: selenium/4.8.1 (java windows)
Content-Length: 176
Content-Type: application/json; charset=utf-8
host: localhost:39334
accept: */*

Response DefaultHttpResponse(decodeResult: success, version: HTTP/1.1)
HTTP/1.1 200 OK
Content-Length: 5992
Content-Type: application/json; charset=utf-8
cache-control: no-cache

14:11:03.322 [AsyncHttpClient-1-7] DEBUG org.asynchttpclient.netty.channel.ChannelManager - Adding key: http://localhost:39334 for channel [id: 0x9fbb2057, L:/127.0.0.1:14274 - R:localhost/127.0.0.1:39334]
14:11:03.326 [Forwarding getCurrentUrl on session 6c565e701c4bd71b4ab58d7ef27d3693 to remote] DEBUG org.asynchttpclient.netty.request.NettyRequestSender - Using pooled Channel '[id: 0x9fbb2057, L:/127.0.0.1:14274 - R:localhost/127.0.0.1:39334]' for 'GET' to 'http://localhost:39334/session/6c565e701c4bd71b4ab58d7ef27d3693/url'
14:11:03.326 [Forwarding getCurrentUrl on session 6c565e701c4bd71b4ab58d7ef27d3693 to remote] DEBUG org.asynchttpclient.netty.request.NettyRequestSender - Using open Channel [id: 0x9fbb2057, L:/127.0.0.1:14274 - R:localhost/127.0.0.1:39334] for GET '/session/6c565e701c4bd71b4ab58d7ef27d3693/url'
14:11:03.331 [AsyncHttpClient-1-7] DEBUG org.asynchttpclient.netty.handler.HttpHandler - 

Request DefaultFullHttpRequest(decodeResult: success, version: HTTP/1.1, content: EmptyByteBufBE)
GET /session/6c565e701c4bd71b4ab58d7ef27d3693/url HTTP/1.1
User-Agent: selenium/4.8.1 (java windows)
Cache-Control: no-cache
Content-Type: application/json; charset=utf-8
host: localhost:39334
accept: */*

Response DefaultHttpResponse(decodeResult: success, version: HTTP/1.1)
HTTP/1.1 200 OK
Content-Length: 64
Content-Type: application/json; charset=utf-8
cache-control: no-cache

14:11:03.331 [AsyncHttpClient-1-7] DEBUG org.asynchttpclient.netty.channel.ChannelManager - Adding key: http://localhost:39334 for channel [id: 0x9fbb2057, L:/127.0.0.1:14274 - R:localhost/127.0.0.1:39334]
14:11:03.346 [Forwarding getPageSource on session 6c565e701c4bd71b4ab58d7ef27d3693 to remote] DEBUG org.asynchttpclient.netty.request.NettyRequestSender - Using pooled Channel '[id: 0x9fbb2057, L:/127.0.0.1:14274 - R:localhost/127.0.0.1:39334]' for 'POST' to 'http://localhost:39334/session/6c565e701c4bd71b4ab58d7ef27d3693/execute/sync'
14:11:03.346 [Forwarding getPageSource on session 6c565e701c4bd71b4ab58d7ef27d3693 to remote] DEBUG org.asynchttpclient.netty.request.NettyRequestSender - Using open Channel [id: 0x9fbb2057, L:/127.0.0.1:14274 - R:localhost/127.0.0.1:39334] for POST '/session/6c565e701c4bd71b4ab58d7ef27d3693/execute/sync'
14:11:03.356 [AsyncHttpClient-1-7] DEBUG org.asynchttpclient.netty.handler.HttpHandler - 

Request DefaultHttpRequest(decodeResult: success, version: HTTP/1.1)
POST /session/6c565e701c4bd71b4ab58d7ef27d3693/execute/sync HTTP/1.1
User-Agent: selenium/4.8.1 (java windows)
Content-Length: 176
Content-Type: application/json; charset=utf-8
host: localhost:39334
accept: */*

Response DefaultHttpResponse(decodeResult: success, version: HTTP/1.1)
HTTP/1.1 200 OK
Content-Length: 5992
Content-Type: application/json; charset=utf-8
cache-control: no-cache

14:11:03.357 [AsyncHttpClient-1-7] DEBUG org.asynchttpclient.netty.channel.ChannelManager - Adding key: http://localhost:39334 for channel [id: 0x9fbb2057, L:/127.0.0.1:14274 - R:localhost/127.0.0.1:39334]
14:11:03.360 [Forwarding getCurrentUrl on session 6c565e701c4bd71b4ab58d7ef27d3693 to remote] DEBUG org.asynchttpclient.netty.request.NettyRequestSender - Using pooled Channel '[id: 0x9fbb2057, L:/127.0.0.1:14274 - R:localhost/127.0.0.1:39334]' for 'GET' to 'http://localhost:39334/session/6c565e701c4bd71b4ab58d7ef27d3693/url'
14:11:03.360 [Forwarding getCurrentUrl on session 6c565e701c4bd71b4ab58d7ef27d3693 to remote] DEBUG org.asynchttpclient.netty.request.NettyRequestSender - Using open Channel [id: 0x9fbb2057, L:/127.0.0.1:14274 - R:localhost/127.0.0.1:39334] for GET '/session/6c565e701c4bd71b4ab58d7ef27d3693/url'
14:11:03.366 [AsyncHttpClient-1-7] DEBUG org.asynchttpclient.netty.handler.HttpHandler - 

Request DefaultFullHttpRequest(decodeResult: success, version: HTTP/1.1, content: EmptyByteBufBE)
GET /session/6c565e701c4bd71b4ab58d7ef27d3693/url HTTP/1.1
User-Agent: selenium/4.8.1 (java windows)
Cache-Control: no-cache
Content-Type: application/json; charset=utf-8
host: localhost:39334
accept: */*

Response DefaultHttpResponse(decodeResult: success, version: HTTP/1.1)
HTTP/1.1 200 OK
Content-Length: 64
Content-Type: application/json; charset=utf-8
cache-control: no-cache

14:11:03.366 [AsyncHttpClient-1-7] DEBUG org.asynchttpclient.netty.channel.ChannelManager - Adding key: http://localhost:39334 for channel [id: 0x9fbb2057, L:/127.0.0.1:14274 - R:localhost/127.0.0.1:39334]
14:11:03.368 [main] DEBUG net.thucydides.core.steps.StepInterceptor - STARTING STEP: Failed4SigninSteps.inputEmailEmptyFields - inputEmail
14:11:03.375 [Forwarding findElement on session 6c565e701c4bd71b4ab58d7ef27d3693 to remote] DEBUG org.asynchttpclient.netty.request.NettyRequestSender - Using pooled Channel '[id: 0x9fbb2057, L:/127.0.0.1:14274 - R:localhost/127.0.0.1:39334]' for 'POST' to 'http://localhost:39334/session/6c565e701c4bd71b4ab58d7ef27d3693/element'
14:11:03.375 [Forwarding findElement on session 6c565e701c4bd71b4ab58d7ef27d3693 to remote] DEBUG org.asynchttpclient.netty.request.NettyRequestSender - Using open Channel [id: 0x9fbb2057, L:/127.0.0.1:14274 - R:localhost/127.0.0.1:39334] for POST '/session/6c565e701c4bd71b4ab58d7ef27d3693/element'
14:11:03.393 [AsyncHttpClient-1-7] DEBUG org.asynchttpclient.netty.handler.HttpHandler - 

Request DefaultHttpRequest(decodeResult: success, version: HTTP/1.1)
POST /session/6c565e701c4bd71b4ab58d7ef27d3693/element HTTP/1.1
User-Agent: selenium/4.8.1 (java windows)
Content-Length: 67
Content-Type: application/json; charset=utf-8
host: localhost:39334
accept: */*

Response DefaultHttpResponse(decodeResult: success, version: HTTP/1.1)
HTTP/1.1 200 OK
Content-Length: 95
Content-Type: application/json; charset=utf-8
cache-control: no-cache

14:11:03.393 [AsyncHttpClient-1-7] DEBUG org.asynchttpclient.netty.channel.ChannelManager - Adding key: http://localhost:39334 for channel [id: 0x9fbb2057, L:/127.0.0.1:14274 - R:localhost/127.0.0.1:39334]
14:11:03.395 [Forwarding clearElement on session 6c565e701c4bd71b4ab58d7ef27d3693 to remote] DEBUG org.asynchttpclient.netty.request.NettyRequestSender - Using pooled Channel '[id: 0x9fbb2057, L:/127.0.0.1:14274 - R:localhost/127.0.0.1:39334]' for 'POST' to 'http://localhost:39334/session/6c565e701c4bd71b4ab58d7ef27d3693/element/AC27CCA838BC5C0A4A07C7C50B21EB1F_element_10/clear'
14:11:03.395 [Forwarding clearElement on session 6c565e701c4bd71b4ab58d7ef27d3693 to remote] DEBUG org.asynchttpclient.netty.request.NettyRequestSender - Using open Channel [id: 0x9fbb2057, L:/127.0.0.1:14274 - R:localhost/127.0.0.1:39334] for POST '/session/6c565e701c4bd71b4ab58d7ef27d3693/element/AC27CCA838BC5C0A4A07C7C50B21EB1F_element_10/clear'
14:11:03.447 [AsyncHttpClient-1-7] DEBUG org.asynchttpclient.netty.handler.HttpHandler - 

Request DefaultHttpRequest(decodeResult: success, version: HTTP/1.1)
POST /session/6c565e701c4bd71b4ab58d7ef27d3693/element/AC27CCA838BC5C0A4A07C7C50B21EB1F_element_10/clear HTTP/1.1
User-Agent: selenium/4.8.1 (java windows)
Content-Length: 57
Content-Type: application/json; charset=utf-8
host: localhost:39334
accept: */*

Response DefaultHttpResponse(decodeResult: success, version: HTTP/1.1)
HTTP/1.1 200 OK
Content-Length: 14
Content-Type: application/json; charset=utf-8
cache-control: no-cache

14:11:03.447 [AsyncHttpClient-1-7] DEBUG org.asynchttpclient.netty.channel.ChannelManager - Adding key: http://localhost:39334 for channel [id: 0x9fbb2057, L:/127.0.0.1:14274 - R:localhost/127.0.0.1:39334]
14:11:03.450 [Forwarding sendKeysToElement on session 6c565e701c4bd71b4ab58d7ef27d3693 to remote] DEBUG org.asynchttpclient.netty.request.NettyRequestSender - Using pooled Channel '[id: 0x9fbb2057, L:/127.0.0.1:14274 - R:localhost/127.0.0.1:39334]' for 'POST' to 'http://localhost:39334/session/6c565e701c4bd71b4ab58d7ef27d3693/element/AC27CCA838BC5C0A4A07C7C50B21EB1F_element_10/value'
14:11:03.450 [Forwarding sendKeysToElement on session 6c565e701c4bd71b4ab58d7ef27d3693 to remote] DEBUG org.asynchttpclient.netty.request.NettyRequestSender - Using open Channel [id: 0x9fbb2057, L:/127.0.0.1:14274 - R:localhost/127.0.0.1:39334] for POST '/session/6c565e701c4bd71b4ab58d7ef27d3693/element/AC27CCA838BC5C0A4A07C7C50B21EB1F_element_10/value'
14:11:03.515 [AsyncHttpClient-1-7] DEBUG org.asynchttpclient.netty.handler.HttpHandler - 

Request DefaultHttpRequest(decodeResult: success, version: HTTP/1.1)
POST /session/6c565e701c4bd71b4ab58d7ef27d3693/element/AC27CCA838BC5C0A4A07C7C50B21EB1F_element_10/value HTTP/1.1
User-Agent: selenium/4.8.1 (java windows)
Content-Length: 89
Content-Type: application/json; charset=utf-8
host: localhost:39334
accept: */*

Response DefaultHttpResponse(decodeResult: success, version: HTTP/1.1)
HTTP/1.1 200 OK
Content-Length: 14
Content-Type: application/json; charset=utf-8
cache-control: no-cache

14:11:03.515 [AsyncHttpClient-1-7] DEBUG org.asynchttpclient.netty.channel.ChannelManager - Adding key: http://localhost:39334 for channel [id: 0x9fbb2057, L:/127.0.0.1:14274 - R:localhost/127.0.0.1:39334]
14:11:03.529 [Forwarding getAlertText on session 6c565e701c4bd71b4ab58d7ef27d3693 to remote] DEBUG org.asynchttpclient.netty.request.NettyRequestSender - Using pooled Channel '[id: 0x9fbb2057, L:/127.0.0.1:14274 - R:localhost/127.0.0.1:39334]' for 'GET' to 'http://localhost:39334/session/6c565e701c4bd71b4ab58d7ef27d3693/alert/text'
14:11:03.529 [Forwarding getAlertText on session 6c565e701c4bd71b4ab58d7ef27d3693 to remote] DEBUG org.asynchttpclient.netty.request.NettyRequestSender - Using open Channel [id: 0x9fbb2057, L:/127.0.0.1:14274 - R:localhost/127.0.0.1:39334] for GET '/session/6c565e701c4bd71b4ab58d7ef27d3693/alert/text'
14:11:03.533 [AsyncHttpClient-1-7] DEBUG org.asynchttpclient.netty.handler.HttpHandler - 

Request DefaultFullHttpRequest(decodeResult: success, version: HTTP/1.1, content: EmptyByteBufBE)
GET /session/6c565e701c4bd71b4ab58d7ef27d3693/alert/text HTTP/1.1
User-Agent: selenium/4.8.1 (java windows)
Cache-Control: no-cache
Content-Type: application/json; charset=utf-8
host: localhost:39334
accept: */*

Response DefaultHttpResponse(decodeResult: success, version: HTTP/1.1)
HTTP/1.1 404 Not Found
Content-Length: 807
Content-Type: application/json; charset=utf-8
cache-control: no-cache

14:11:03.533 [AsyncHttpClient-1-7] DEBUG org.asynchttpclient.netty.channel.ChannelManager - Adding key: http://localhost:39334 for channel [id: 0x9fbb2057, L:/127.0.0.1:14274 - R:localhost/127.0.0.1:39334]
14:11:03.535 [Forwarding getCurrentUrl on session 6c565e701c4bd71b4ab58d7ef27d3693 to remote] DEBUG org.asynchttpclient.netty.request.NettyRequestSender - Using pooled Channel '[id: 0x9fbb2057, L:/127.0.0.1:14274 - R:localhost/127.0.0.1:39334]' for 'GET' to 'http://localhost:39334/session/6c565e701c4bd71b4ab58d7ef27d3693/url'
14:11:03.535 [Forwarding getCurrentUrl on session 6c565e701c4bd71b4ab58d7ef27d3693 to remote] DEBUG org.asynchttpclient.netty.request.NettyRequestSender - Using open Channel [id: 0x9fbb2057, L:/127.0.0.1:14274 - R:localhost/127.0.0.1:39334] for GET '/session/6c565e701c4bd71b4ab58d7ef27d3693/url'
14:11:03.541 [AsyncHttpClient-1-7] DEBUG org.asynchttpclient.netty.handler.HttpHandler - 

Request DefaultFullHttpRequest(decodeResult: success, version: HTTP/1.1, content: EmptyByteBufBE)
GET /session/6c565e701c4bd71b4ab58d7ef27d3693/url HTTP/1.1
User-Agent: selenium/4.8.1 (java windows)
Cache-Control: no-cache
Content-Type: application/json; charset=utf-8
host: localhost:39334
accept: */*

Response DefaultHttpResponse(decodeResult: success, version: HTTP/1.1)
HTTP/1.1 200 OK
Content-Length: 64
Content-Type: application/json; charset=utf-8
cache-control: no-cache

14:11:03.541 [AsyncHttpClient-1-7] DEBUG org.asynchttpclient.netty.channel.ChannelManager - Adding key: http://localhost:39334 for channel [id: 0x9fbb2057, L:/127.0.0.1:14274 - R:localhost/127.0.0.1:39334]
14:11:03.542 [Forwarding screenshot on session 6c565e701c4bd71b4ab58d7ef27d3693 to remote] DEBUG org.asynchttpclient.netty.request.NettyRequestSender - Using pooled Channel '[id: 0x9fbb2057, L:/127.0.0.1:14274 - R:localhost/127.0.0.1:39334]' for 'GET' to 'http://localhost:39334/session/6c565e701c4bd71b4ab58d7ef27d3693/screenshot'
14:11:03.542 [Forwarding screenshot on session 6c565e701c4bd71b4ab58d7ef27d3693 to remote] DEBUG org.asynchttpclient.netty.request.NettyRequestSender - Using open Channel [id: 0x9fbb2057, L:/127.0.0.1:14274 - R:localhost/127.0.0.1:39334] for GET '/session/6c565e701c4bd71b4ab58d7ef27d3693/screenshot'
14:11:03.674 [AsyncHttpClient-1-7] DEBUG org.asynchttpclient.netty.handler.HttpHandler - 

Request DefaultFullHttpRequest(decodeResult: success, version: HTTP/1.1, content: EmptyByteBufBE)
GET /session/6c565e701c4bd71b4ab58d7ef27d3693/screenshot HTTP/1.1
User-Agent: selenium/4.8.1 (java windows)
Cache-Control: no-cache
Content-Type: application/json; charset=utf-8
host: localhost:39334
accept: */*

Response DefaultHttpResponse(decodeResult: success, version: HTTP/1.1)
HTTP/1.1 200 OK
Content-Length: 125940
Content-Type: application/json; charset=utf-8
cache-control: no-cache

14:11:03.675 [AsyncHttpClient-1-7] DEBUG org.asynchttpclient.netty.channel.ChannelManager - Adding key: http://localhost:39334 for channel [id: 0x9fbb2057, L:/127.0.0.1:14274 - R:localhost/127.0.0.1:39334]
14:11:03.684 [main] DEBUG net.serenitybdd.core.photography.Darkroom - Send negative for processing for target\site\serenity\be04becaa048b62d8eff2b06d16eed074c7f8e33997ae7871525578531f2e163.png
14:11:03.684 [main] DEBUG net.thucydides.core.steps.StepInterceptor - STEP DONE: inputEmail
  &amp#27;[32mWhen &amp#27;[0m&amp#27;[32mI input email email and password field empty&amp#27;[0m                                        &amp#27;[90m# Starter.Stepdefitions.Failed4SigninSteps.inputEmailEmptyFields()&amp#27;[0m
14:11:03.684 [Darkroom Processing Line] DEBUG net.serenitybdd.core.photography.DarkroomProcessingLine - Processing screenshot image in /var/screenshots/screenshot-8322898259101336579
14:11:03.685 [Darkroom Processing Line] DEBUG net.serenitybdd.core.photography.DarkroomProcessingLine - Saving screenshot to target\site\serenity\be04becaa048b62d8eff2b06d16eed074c7f8e33997ae7871525578531f2e163.png
14:11:03.702 [Forwarding getPageSource on session 6c565e701c4bd71b4ab58d7ef27d3693 to remote] DEBUG org.asynchttpclient.netty.request.NettyRequestSender - Using pooled Channel '[id: 0x9fbb2057, L:/127.0.0.1:14274 - R:localhost/127.0.0.1:39334]' for 'POST' to 'http://localhost:39334/session/6c565e701c4bd71b4ab58d7ef27d3693/execute/sync'
14:11:03.702 [Forwarding getPageSource on session 6c565e701c4bd71b4ab58d7ef27d3693 to remote] DEBUG org.asynchttpclient.netty.request.NettyRequestSender - Using open Channel [id: 0x9fbb2057, L:/127.0.0.1:14274 - R:localhost/127.0.0.1:39334] for POST '/session/6c565e701c4bd71b4ab58d7ef27d3693/execute/sync'
14:11:03.708 [AsyncHttpClient-1-7] DEBUG org.asynchttpclient.netty.handler.HttpHandler - 

Request DefaultHttpRequest(decodeResult: success, version: HTTP/1.1)
POST /session/6c565e701c4bd71b4ab58d7ef27d3693/execute/sync HTTP/1.1
User-Agent: selenium/4.8.1 (java windows)
Content-Length: 176
Content-Type: application/json; charset=utf-8
host: localhost:39334
accept: */*

Response DefaultHttpResponse(decodeResult: success, version: HTTP/1.1)
HTTP/1.1 200 OK
Content-Length: 6008
Content-Type: application/json; charset=utf-8
cache-control: no-cache

14:11:03.708 [AsyncHttpClient-1-7] DEBUG org.asynchttpclient.netty.channel.ChannelManager - Adding key: http://localhost:39334 for channel [id: 0x9fbb2057, L:/127.0.0.1:14274 - R:localhost/127.0.0.1:39334]
14:11:03.711 [Forwarding getCurrentUrl on session 6c565e701c4bd71b4ab58d7ef27d3693 to remote] DEBUG org.asynchttpclient.netty.request.NettyRequestSender - Using pooled Channel '[id: 0x9fbb2057, L:/127.0.0.1:14274 - R:localhost/127.0.0.1:39334]' for 'GET' to 'http://localhost:39334/session/6c565e701c4bd71b4ab58d7ef27d3693/url'
14:11:03.712 [Forwarding getCurrentUrl on session 6c565e701c4bd71b4ab58d7ef27d3693 to remote] DEBUG org.asynchttpclient.netty.request.NettyRequestSender - Using open Channel [id: 0x9fbb2057, L:/127.0.0.1:14274 - R:localhost/127.0.0.1:39334] for GET '/session/6c565e701c4bd71b4ab58d7ef27d3693/url'
14:11:03.717 [AsyncHttpClient-1-7] DEBUG org.asynchttpclient.netty.handler.HttpHandler - 

Request DefaultFullHttpRequest(decodeResult: success, version: HTTP/1.1, content: EmptyByteBufBE)
GET /session/6c565e701c4bd71b4ab58d7ef27d3693/url HTTP/1.1
User-Agent: selenium/4.8.1 (java windows)
Cache-Control: no-cache
Content-Type: application/json; charset=utf-8
host: localhost:39334
accept: */*

Response DefaultHttpResponse(decodeResult: success, version: HTTP/1.1)
HTTP/1.1 200 OK
Content-Length: 64
Content-Type: application/json; charset=utf-8
cache-control: no-cache

14:11:03.717 [AsyncHttpClient-1-7] DEBUG org.asynchttpclient.netty.channel.ChannelManager - Adding key: http://localhost:39334 for channel [id: 0x9fbb2057, L:/127.0.0.1:14274 - R:localhost/127.0.0.1:39334]
14:11:03.758 [Forwarding getAlertText on session 6c565e701c4bd71b4ab58d7ef27d3693 to remote] DEBUG org.asynchttpclient.netty.request.NettyRequestSender - Using pooled Channel '[id: 0x9fbb2057, L:/127.0.0.1:14274 - R:localhost/127.0.0.1:39334]' for 'GET' to 'http://localhost:39334/session/6c565e701c4bd71b4ab58d7ef27d3693/alert/text'
14:11:03.758 [Forwarding getAlertText on session 6c565e701c4bd71b4ab58d7ef27d3693 to remote] DEBUG org.asynchttpclient.netty.request.NettyRequestSender - Using open Channel [id: 0x9fbb2057, L:/127.0.0.1:14274 - R:localhost/127.0.0.1:39334] for GET '/session/6c565e701c4bd71b4ab58d7ef27d3693/alert/text'
14:11:03.759 [AsyncHttpClient-1-7] DEBUG org.asynchttpclient.netty.handler.HttpHandler - 

Request DefaultFullHttpRequest(decodeResult: success, version: HTTP/1.1, content: EmptyByteBufBE)
GET /session/6c565e701c4bd71b4ab58d7ef27d3693/alert/text HTTP/1.1
User-Agent: selenium/4.8.1 (java windows)
Cache-Control: no-cache
Content-Type: application/json; charset=utf-8
host: localhost:39334
accept: */*

Response DefaultHttpResponse(decodeResult: success, version: HTTP/1.1)
HTTP/1.1 404 Not Found
Content-Length: 807
Content-Type: application/json; charset=utf-8
cache-control: no-cache

14:11:03.760 [AsyncHttpClient-1-7] DEBUG org.asynchttpclient.netty.channel.ChannelManager - Adding key: http://localhost:39334 for channel [id: 0x9fbb2057, L:/127.0.0.1:14274 - R:localhost/127.0.0.1:39334]
14:11:03.761 [Forwarding getCurrentUrl on session 6c565e701c4bd71b4ab58d7ef27d3693 to remote] DEBUG org.asynchttpclient.netty.request.NettyRequestSender - Using pooled Channel '[id: 0x9fbb2057, L:/127.0.0.1:14274 - R:localhost/127.0.0.1:39334]' for 'GET' to 'http://localhost:39334/session/6c565e701c4bd71b4ab58d7ef27d3693/url'
14:11:03.761 [Forwarding getCurrentUrl on session 6c565e701c4bd71b4ab58d7ef27d3693 to remote] DEBUG org.asynchttpclient.netty.request.NettyRequestSender - Using open Channel [id: 0x9fbb2057, L:/127.0.0.1:14274 - R:localhost/127.0.0.1:39334] for GET '/session/6c565e701c4bd71b4ab58d7ef27d3693/url'
14:11:03.767 [AsyncHttpClient-1-7] DEBUG org.asynchttpclient.netty.handler.HttpHandler - 

Request DefaultFullHttpRequest(decodeResult: success, version: HTTP/1.1, content: EmptyByteBufBE)
GET /session/6c565e701c4bd71b4ab58d7ef27d3693/url HTTP/1.1
User-Agent: selenium/4.8.1 (java windows)
Cache-Control: no-cache
Content-Type: application/json; charset=utf-8
host: localhost:39334
accept: */*

Response DefaultHttpResponse(decodeResult: success, version: HTTP/1.1)
HTTP/1.1 200 OK
Content-Length: 64
Content-Type: application/json; charset=utf-8
cache-control: no-cache

14:11:03.767 [AsyncHttpClient-1-7] DEBUG org.asynchttpclient.netty.channel.ChannelManager - Adding key: http://localhost:39334 for channel [id: 0x9fbb2057, L:/127.0.0.1:14274 - R:localhost/127.0.0.1:39334]
14:11:03.768 [Forwarding screenshot on session 6c565e701c4bd71b4ab58d7ef27d3693 to remote] DEBUG org.asynchttpclient.netty.request.NettyRequestSender - Using pooled Channel '[id: 0x9fbb2057, L:/127.0.0.1:14274 - R:localhost/127.0.0.1:39334]' for 'GET' to 'http://localhost:39334/session/6c565e701c4bd71b4ab58d7ef27d3693/screenshot'
14:11:03.768 [Forwarding screenshot on session 6c565e701c4bd71b4ab58d7ef27d3693 to remote] DEBUG org.asynchttpclient.netty.request.NettyRequestSender - Using open Channel [id: 0x9fbb2057, L:/127.0.0.1:14274 - R:localhost/127.0.0.1:39334] for GET '/session/6c565e701c4bd71b4ab58d7ef27d3693/screenshot'
14:11:03.797 [AsyncHttpClient-1-1] DEBUG org.asynchttpclient.netty.channel.DefaultChannelPool - Entry count for : http://localhost:14275 : 1
14:11:03.876 [AsyncHttpClient-1-7] DEBUG org.asynchttpclient.netty.handler.HttpHandler - 

Request DefaultFullHttpRequest(decodeResult: success, version: HTTP/1.1, content: EmptyByteBufBE)
GET /session/6c565e701c4bd71b4ab58d7ef27d3693/screenshot HTTP/1.1
User-Agent: selenium/4.8.1 (java windows)
Cache-Control: no-cache
Content-Type: application/json; charset=utf-8
host: localhost:39334
accept: */*

Response DefaultHttpResponse(decodeResult: success, version: HTTP/1.1)
HTTP/1.1 200 OK
Content-Length: 125932
Content-Type: application/json; charset=utf-8
cache-control: no-cache

14:11:03.877 [AsyncHttpClient-1-7] DEBUG org.asynchttpclient.netty.channel.ChannelManager - Adding key: http://localhost:39334 for channel [id: 0x9fbb2057, L:/127.0.0.1:14274 - R:localhost/127.0.0.1:39334]
14:11:03.886 [main] DEBUG net.serenitybdd.core.photography.Darkroom - Send negative for processing for target\site\serenity\8c1efa59d887b0ed038cffe51ed6d01748112fac6d621f614d36b89bb6be5230.png
14:11:03.886 [Darkroom Processing Line] DEBUG net.serenitybdd.core.photography.DarkroomProcessingLine - Processing screenshot image in /var/screenshots/screenshot-1154271294838246983
14:11:03.886 [Darkroom Processing Line] DEBUG net.serenitybdd.core.photography.DarkroomProcessingLine - Saving screenshot to target\site\serenity\8c1efa59d887b0ed038cffe51ed6d01748112fac6d621f614d36b89bb6be5230.png
14:11:03.888 [Forwarding getPageSource on session 6c565e701c4bd71b4ab58d7ef27d3693 to remote] DEBUG org.asynchttpclient.netty.request.NettyRequestSender - Using pooled Channel '[id: 0x9fbb2057, L:/127.0.0.1:14274 - R:localhost/127.0.0.1:39334]' for 'POST' to 'http://localhost:39334/session/6c565e701c4bd71b4ab58d7ef27d3693/execute/sync'
14:11:03.889 [Forwarding getPageSource on session 6c565e701c4bd71b4ab58d7ef27d3693 to remote] DEBUG org.asynchttpclient.netty.request.NettyRequestSender - Using open Channel [id: 0x9fbb2057, L:/127.0.0.1:14274 - R:localhost/127.0.0.1:39334] for POST '/session/6c565e701c4bd71b4ab58d7ef27d3693/execute/sync'
14:11:03.895 [AsyncHttpClient-1-7] DEBUG org.asynchttpclient.netty.handler.HttpHandler - 

Request DefaultHttpRequest(decodeResult: success, version: HTTP/1.1)
POST /session/6c565e701c4bd71b4ab58d7ef27d3693/execute/sync HTTP/1.1
User-Agent: selenium/4.8.1 (java windows)
Content-Length: 176
Content-Type: application/json; charset=utf-8
host: localhost:39334
accept: */*

Response DefaultHttpResponse(decodeResult: success, version: HTTP/1.1)
HTTP/1.1 200 OK
Content-Length: 6008
Content-Type: application/json; charset=utf-8
cache-control: no-cache

14:11:03.896 [AsyncHttpClient-1-7] DEBUG org.asynchttpclient.netty.channel.ChannelManager - Adding key: http://localhost:39334 for channel [id: 0x9fbb2057, L:/127.0.0.1:14274 - R:localhost/127.0.0.1:39334]
14:11:03.900 [Forwarding getCurrentUrl on session 6c565e701c4bd71b4ab58d7ef27d3693 to remote] DEBUG org.asynchttpclient.netty.request.NettyRequestSender - Using pooled Channel '[id: 0x9fbb2057, L:/127.0.0.1:14274 - R:localhost/127.0.0.1:39334]' for 'GET' to 'http://localhost:39334/session/6c565e701c4bd71b4ab58d7ef27d3693/url'
14:11:03.900 [Forwarding getCurrentUrl on session 6c565e701c4bd71b4ab58d7ef27d3693 to remote] DEBUG org.asynchttpclient.netty.request.NettyRequestSender - Using open Channel [id: 0x9fbb2057, L:/127.0.0.1:14274 - R:localhost/127.0.0.1:39334] for GET '/session/6c565e701c4bd71b4ab58d7ef27d3693/url'
14:11:03.905 [AsyncHttpClient-1-7] DEBUG org.asynchttpclient.netty.handler.HttpHandler - 

Request DefaultFullHttpRequest(decodeResult: success, version: HTTP/1.1, content: EmptyByteBufBE)
GET /session/6c565e701c4bd71b4ab58d7ef27d3693/url HTTP/1.1
User-Agent: selenium/4.8.1 (java windows)
Cache-Control: no-cache
Content-Type: application/json; charset=utf-8
host: localhost:39334
accept: */*

Response DefaultHttpResponse(decodeResult: success, version: HTTP/1.1)
HTTP/1.1 200 OK
Content-Length: 64
Content-Type: application/json; charset=utf-8
cache-control: no-cache

14:11:03.905 [AsyncHttpClient-1-7] DEBUG org.asynchttpclient.netty.channel.ChannelManager - Adding key: http://localhost:39334 for channel [id: 0x9fbb2057, L:/127.0.0.1:14274 - R:localhost/127.0.0.1:39334]
14:11:03.908 [main] DEBUG net.thucydides.core.steps.StepInterceptor - STARTING STEP: Failed4SigninSteps.inputPasswordEmptyFields - inputPassword
14:11:03.914 [Forwarding findElement on session 6c565e701c4bd71b4ab58d7ef27d3693 to remote] DEBUG org.asynchttpclient.netty.request.NettyRequestSender - Using pooled Channel '[id: 0x9fbb2057, L:/127.0.0.1:14274 - R:localhost/127.0.0.1:39334]' for 'POST' to 'http://localhost:39334/session/6c565e701c4bd71b4ab58d7ef27d3693/element'
14:11:03.914 [Forwarding findElement on session 6c565e701c4bd71b4ab58d7ef27d3693 to remote] DEBUG org.asynchttpclient.netty.request.NettyRequestSender - Using open Channel [id: 0x9fbb2057, L:/127.0.0.1:14274 - R:localhost/127.0.0.1:39334] for POST '/session/6c565e701c4bd71b4ab58d7ef27d3693/element'
14:11:03.961 [AsyncHttpClient-1-7] DEBUG org.asynchttpclient.netty.handler.HttpHandler - 

Request DefaultHttpRequest(decodeResult: success, version: HTTP/1.1)
POST /session/6c565e701c4bd71b4ab58d7ef27d3693/element HTTP/1.1
User-Agent: selenium/4.8.1 (java windows)
Content-Length: 70
Content-Type: application/json; charset=utf-8
host: localhost:39334
accept: */*

Response DefaultHttpResponse(decodeResult: success, version: HTTP/1.1)
HTTP/1.1 200 OK
Content-Length: 95
Content-Type: application/json; charset=utf-8
cache-control: no-cache

14:11:03.961 [AsyncHttpClient-1-7] DEBUG org.asynchttpclient.netty.channel.ChannelManager - Adding key: http://localhost:39334 for channel [id: 0x9fbb2057, L:/127.0.0.1:14274 - R:localhost/127.0.0.1:39334]
14:11:03.963 [Forwarding clearElement on session 6c565e701c4bd71b4ab58d7ef27d3693 to remote] DEBUG org.asynchttpclient.netty.request.NettyRequestSender - Using pooled Channel '[id: 0x9fbb2057, L:/127.0.0.1:14274 - R:localhost/127.0.0.1:39334]' for 'POST' to 'http://localhost:39334/session/6c565e701c4bd71b4ab58d7ef27d3693/element/AC27CCA838BC5C0A4A07C7C50B21EB1F_element_13/clear'
14:11:03.963 [Forwarding clearElement on session 6c565e701c4bd71b4ab58d7ef27d3693 to remote] DEBUG org.asynchttpclient.netty.request.NettyRequestSender - Using open Channel [id: 0x9fbb2057, L:/127.0.0.1:14274 - R:localhost/127.0.0.1:39334] for POST '/session/6c565e701c4bd71b4ab58d7ef27d3693/element/AC27CCA838BC5C0A4A07C7C50B21EB1F_element_13/clear'
14:11:03.996 [AsyncHttpClient-1-7] DEBUG org.asynchttpclient.netty.handler.HttpHandler - 

Request DefaultHttpRequest(decodeResult: success, version: HTTP/1.1)
POST /session/6c565e701c4bd71b4ab58d7ef27d3693/element/AC27CCA838BC5C0A4A07C7C50B21EB1F_element_13/clear HTTP/1.1
User-Agent: selenium/4.8.1 (java windows)
Content-Length: 57
Content-Type: application/json; charset=utf-8
host: localhost:39334
accept: */*

Response DefaultHttpResponse(decodeResult: success, version: HTTP/1.1)
HTTP/1.1 200 OK
Content-Length: 14
Content-Type: application/json; charset=utf-8
cache-control: no-cache

14:11:03.997 [AsyncHttpClient-1-7] DEBUG org.asynchttpclient.netty.channel.ChannelManager - Adding key: http://localhost:39334 for channel [id: 0x9fbb2057, L:/127.0.0.1:14274 - R:localhost/127.0.0.1:39334]
14:11:03.999 [Forwarding sendKeysToElement on session 6c565e701c4bd71b4ab58d7ef27d3693 to remote] DEBUG org.asynchttpclient.netty.request.NettyRequestSender - Using pooled Channel '[id: 0x9fbb2057, L:/127.0.0.1:14274 - R:localhost/127.0.0.1:39334]' for 'POST' to 'http://localhost:39334/session/6c565e701c4bd71b4ab58d7ef27d3693/element/AC27CCA838BC5C0A4A07C7C50B21EB1F_element_13/value'
14:11:03.999 [Forwarding sendKeysToElement on session 6c565e701c4bd71b4ab58d7ef27d3693 to remote] DEBUG org.asynchttpclient.netty.request.NettyRequestSender - Using open Channel [id: 0x9fbb2057, L:/127.0.0.1:14274 - R:localhost/127.0.0.1:39334] for POST '/session/6c565e701c4bd71b4ab58d7ef27d3693/element/AC27CCA838BC5C0A4A07C7C50B21EB1F_element_13/value'
14:11:04.088 [AsyncHttpClient-1-7] DEBUG org.asynchttpclient.netty.handler.HttpHandler - 

Request DefaultHttpRequest(decodeResult: success, version: HTTP/1.1)
POST /session/6c565e701c4bd71b4ab58d7ef27d3693/element/AC27CCA838BC5C0A4A07C7C50B21EB1F_element_13/value HTTP/1.1
User-Agent: selenium/4.8.1 (java windows)
Content-Length: 89
Content-Type: application/json; charset=utf-8
host: localhost:39334
accept: */*

Response DefaultHttpResponse(decodeResult: success, version: HTTP/1.1)
HTTP/1.1 200 OK
Content-Length: 14
Content-Type: application/json; charset=utf-8
cache-control: no-cache

14:11:04.088 [AsyncHttpClient-1-7] DEBUG org.asynchttpclient.netty.channel.ChannelManager - Adding key: http://localhost:39334 for channel [id: 0x9fbb2057, L:/127.0.0.1:14274 - R:localhost/127.0.0.1:39334]
14:11:04.104 [Forwarding getAlertText on session 6c565e701c4bd71b4ab58d7ef27d3693 to remote] DEBUG org.asynchttpclient.netty.request.NettyRequestSender - Using pooled Channel '[id: 0x9fbb2057, L:/127.0.0.1:14274 - R:localhost/127.0.0.1:39334]' for 'GET' to 'http://localhost:39334/session/6c565e701c4bd71b4ab58d7ef27d3693/alert/text'
14:11:04.104 [Forwarding getAlertText on session 6c565e701c4bd71b4ab58d7ef27d3693 to remote] DEBUG org.asynchttpclient.netty.request.NettyRequestSender - Using open Channel [id: 0x9fbb2057, L:/127.0.0.1:14274 - R:localhost/127.0.0.1:39334] for GET '/session/6c565e701c4bd71b4ab58d7ef27d3693/alert/text'
14:11:04.106 [AsyncHttpClient-1-7] DEBUG org.asynchttpclient.netty.handler.HttpHandler - 

Request DefaultFullHttpRequest(decodeResult: success, version: HTTP/1.1, content: EmptyByteBufBE)
GET /session/6c565e701c4bd71b4ab58d7ef27d3693/alert/text HTTP/1.1
User-Agent: selenium/4.8.1 (java windows)
Cache-Control: no-cache
Content-Type: application/json; charset=utf-8
host: localhost:39334
accept: */*

Response DefaultHttpResponse(decodeResult: success, version: HTTP/1.1)
HTTP/1.1 404 Not Found
Content-Length: 807
Content-Type: application/json; charset=utf-8
cache-control: no-cache

14:11:04.106 [AsyncHttpClient-1-7] DEBUG org.asynchttpclient.netty.channel.ChannelManager - Adding key: http://localhost:39334 for channel [id: 0x9fbb2057, L:/127.0.0.1:14274 - R:localhost/127.0.0.1:39334]
14:11:04.108 [Forwarding getCurrentUrl on session 6c565e701c4bd71b4ab58d7ef27d3693 to remote] DEBUG org.asynchttpclient.netty.request.NettyRequestSender - Using pooled Channel '[id: 0x9fbb2057, L:/127.0.0.1:14274 - R:localhost/127.0.0.1:39334]' for 'GET' to 'http://localhost:39334/session/6c565e701c4bd71b4ab58d7ef27d3693/url'
14:11:04.108 [Forwarding getCurrentUrl on session 6c565e701c4bd71b4ab58d7ef27d3693 to remote] DEBUG org.asynchttpclient.netty.request.NettyRequestSender - Using open Channel [id: 0x9fbb2057, L:/127.0.0.1:14274 - R:localhost/127.0.0.1:39334] for GET '/session/6c565e701c4bd71b4ab58d7ef27d3693/url'
14:11:04.115 [AsyncHttpClient-1-7] DEBUG org.asynchttpclient.netty.handler.HttpHandler - 

Request DefaultFullHttpRequest(decodeResult: success, version: HTTP/1.1, content: EmptyByteBufBE)
GET /session/6c565e701c4bd71b4ab58d7ef27d3693/url HTTP/1.1
User-Agent: selenium/4.8.1 (java windows)
Cache-Control: no-cache
Content-Type: application/json; charset=utf-8
host: localhost:39334
accept: */*

Response DefaultHttpResponse(decodeResult: success, version: HTTP/1.1)
HTTP/1.1 200 OK
Content-Length: 64
Content-Type: application/json; charset=utf-8
cache-control: no-cache

14:11:04.115 [AsyncHttpClient-1-7] DEBUG org.asynchttpclient.netty.channel.ChannelManager - Adding key: http://localhost:39334 for channel [id: 0x9fbb2057, L:/127.0.0.1:14274 - R:localhost/127.0.0.1:39334]
14:11:04.117 [Forwarding screenshot on session 6c565e701c4bd71b4ab58d7ef27d3693 to remote] DEBUG org.asynchttpclient.netty.request.NettyRequestSender - Using pooled Channel '[id: 0x9fbb2057, L:/127.0.0.1:14274 - R:localhost/127.0.0.1:39334]' for 'GET' to 'http://localhost:39334/session/6c565e701c4bd71b4ab58d7ef27d3693/screenshot'
14:11:04.117 [Forwarding screenshot on session 6c565e701c4bd71b4ab58d7ef27d3693 to remote] DEBUG org.asynchttpclient.netty.request.NettyRequestSender - Using open Channel [id: 0x9fbb2057, L:/127.0.0.1:14274 - R:localhost/127.0.0.1:39334] for GET '/session/6c565e701c4bd71b4ab58d7ef27d3693/screenshot'
14:11:04.267 [AsyncHttpClient-1-7] DEBUG org.asynchttpclient.netty.handler.HttpHandler - 

Request DefaultFullHttpRequest(decodeResult: success, version: HTTP/1.1, content: EmptyByteBufBE)
GET /session/6c565e701c4bd71b4ab58d7ef27d3693/screenshot HTTP/1.1
User-Agent: selenium/4.8.1 (java windows)
Cache-Control: no-cache
Content-Type: application/json; charset=utf-8
host: localhost:39334
accept: */*

Response DefaultHttpResponse(decodeResult: success, version: HTTP/1.1)
HTTP/1.1 200 OK
Content-Length: 126552
Content-Type: application/json; charset=utf-8
cache-control: no-cache

14:11:04.268 [AsyncHttpClient-1-7] DEBUG org.asynchttpclient.netty.channel.ChannelManager - Adding key: http://localhost:39334 for channel [id: 0x9fbb2057, L:/127.0.0.1:14274 - R:localhost/127.0.0.1:39334]
14:11:04.278 [main] DEBUG net.serenitybdd.core.photography.Darkroom - Send negative for processing for target\site\serenity\e2505ae57f489220cb26987bb71a34d942ac5c5d93dab887d8d1fdf40470c46f.png
14:11:04.278 [main] DEBUG net.thucydides.core.steps.StepInterceptor - STEP DONE: inputPassword
14:11:04.279 [Darkroom Processing Line] DEBUG net.serenitybdd.core.photography.DarkroomProcessingLine - Processing screenshot image in /var/screenshots/screenshot-3832443889480209657
  &amp#27;[32mAnd &amp#27;[0m&amp#27;[32mI input password email and password field empty&amp#27;[0m                                      &amp#27;[90m# Starter.Stepdefitions.Failed4SigninSteps.inputPasswordEmptyFields()&amp#27;[0m
14:11:04.279 [Darkroom Processing Line] DEBUG net.serenitybdd.core.photography.DarkroomProcessingLine - Saving screenshot to target\site\serenity\e2505ae57f489220cb26987bb71a34d942ac5c5d93dab887d8d1fdf40470c46f.png
14:11:04.300 [Forwarding getPageSource on session 6c565e701c4bd71b4ab58d7ef27d3693 to remote] DEBUG org.asynchttpclient.netty.request.NettyRequestSender - Using pooled Channel '[id: 0x9fbb2057, L:/127.0.0.1:14274 - R:localhost/127.0.0.1:39334]' for 'POST' to 'http://localhost:39334/session/6c565e701c4bd71b4ab58d7ef27d3693/execute/sync'
14:11:04.300 [Forwarding getPageSource on session 6c565e701c4bd71b4ab58d7ef27d3693 to remote] DEBUG org.asynchttpclient.netty.request.NettyRequestSender - Using open Channel [id: 0x9fbb2057, L:/127.0.0.1:14274 - R:localhost/127.0.0.1:39334] for POST '/session/6c565e701c4bd71b4ab58d7ef27d3693/execute/sync'
14:11:04.306 [AsyncHttpClient-1-7] DEBUG org.asynchttpclient.netty.handler.HttpHandler - 

Request DefaultHttpRequest(decodeResult: success, version: HTTP/1.1)
POST /session/6c565e701c4bd71b4ab58d7ef27d3693/execute/sync HTTP/1.1
User-Agent: selenium/4.8.1 (java windows)
Content-Length: 176
Content-Type: application/json; charset=utf-8
host: localhost:39334
accept: */*

Response DefaultHttpResponse(decodeResult: success, version: HTTP/1.1)
HTTP/1.1 200 OK
Content-Length: 6067
Content-Type: application/json; charset=utf-8
cache-control: no-cache

14:11:04.306 [AsyncHttpClient-1-7] DEBUG org.asynchttpclient.netty.channel.ChannelManager - Adding key: http://localhost:39334 for channel [id: 0x9fbb2057, L:/127.0.0.1:14274 - R:localhost/127.0.0.1:39334]
14:11:04.309 [Forwarding getCurrentUrl on session 6c565e701c4bd71b4ab58d7ef27d3693 to remote] DEBUG org.asynchttpclient.netty.request.NettyRequestSender - Using pooled Channel '[id: 0x9fbb2057, L:/127.0.0.1:14274 - R:localhost/127.0.0.1:39334]' for 'GET' to 'http://localhost:39334/session/6c565e701c4bd71b4ab58d7ef27d3693/url'
14:11:04.310 [Forwarding getCurrentUrl on session 6c565e701c4bd71b4ab58d7ef27d3693 to remote] DEBUG org.asynchttpclient.netty.request.NettyRequestSender - Using open Channel [id: 0x9fbb2057, L:/127.0.0.1:14274 - R:localhost/127.0.0.1:39334] for GET '/session/6c565e701c4bd71b4ab58d7ef27d3693/url'
14:11:04.315 [AsyncHttpClient-1-7] DEBUG org.asynchttpclient.netty.handler.HttpHandler - 

Request DefaultFullHttpRequest(decodeResult: success, version: HTTP/1.1, content: EmptyByteBufBE)
GET /session/6c565e701c4bd71b4ab58d7ef27d3693/url HTTP/1.1
User-Agent: selenium/4.8.1 (java windows)
Cache-Control: no-cache
Content-Type: application/json; charset=utf-8
host: localhost:39334
accept: */*

Response DefaultHttpResponse(decodeResult: success, version: HTTP/1.1)
HTTP/1.1 200 OK
Content-Length: 64
Content-Type: application/json; charset=utf-8
cache-control: no-cache

14:11:04.315 [AsyncHttpClient-1-7] DEBUG org.asynchttpclient.netty.channel.ChannelManager - Adding key: http://localhost:39334 for channel [id: 0x9fbb2057, L:/127.0.0.1:14274 - R:localhost/127.0.0.1:39334]
14:11:04.378 [Forwarding getAlertText on session 6c565e701c4bd71b4ab58d7ef27d3693 to remote] DEBUG org.asynchttpclient.netty.request.NettyRequestSender - Using pooled Channel '[id: 0x9fbb2057, L:/127.0.0.1:14274 - R:localhost/127.0.0.1:39334]' for 'GET' to 'http://localhost:39334/session/6c565e701c4bd71b4ab58d7ef27d3693/alert/text'
14:11:04.379 [Forwarding getAlertText on session 6c565e701c4bd71b4ab58d7ef27d3693 to remote] DEBUG org.asynchttpclient.netty.request.NettyRequestSender - Using open Channel [id: 0x9fbb2057, L:/127.0.0.1:14274 - R:localhost/127.0.0.1:39334] for GET '/session/6c565e701c4bd71b4ab58d7ef27d3693/alert/text'
14:11:04.380 [AsyncHttpClient-1-7] DEBUG org.asynchttpclient.netty.handler.HttpHandler - 

Request DefaultFullHttpRequest(decodeResult: success, version: HTTP/1.1, content: EmptyByteBufBE)
GET /session/6c565e701c4bd71b4ab58d7ef27d3693/alert/text HTTP/1.1
User-Agent: selenium/4.8.1 (java windows)
Cache-Control: no-cache
Content-Type: application/json; charset=utf-8
host: localhost:39334
accept: */*

Response DefaultHttpResponse(decodeResult: success, version: HTTP/1.1)
HTTP/1.1 404 Not Found
Content-Length: 807
Content-Type: application/json; charset=utf-8
cache-control: no-cache

14:11:04.381 [AsyncHttpClient-1-7] DEBUG org.asynchttpclient.netty.channel.ChannelManager - Adding key: http://localhost:39334 for channel [id: 0x9fbb2057, L:/127.0.0.1:14274 - R:localhost/127.0.0.1:39334]
14:11:04.382 [Forwarding getCurrentUrl on session 6c565e701c4bd71b4ab58d7ef27d3693 to remote] DEBUG org.asynchttpclient.netty.request.NettyRequestSender - Using pooled Channel '[id: 0x9fbb2057, L:/127.0.0.1:14274 - R:localhost/127.0.0.1:39334]' for 'GET' to 'http://localhost:39334/session/6c565e701c4bd71b4ab58d7ef27d3693/url'
14:11:04.382 [Forwarding getCurrentUrl on session 6c565e701c4bd71b4ab58d7ef27d3693 to remote] DEBUG org.asynchttpclient.netty.request.NettyRequestSender - Using open Channel [id: 0x9fbb2057, L:/127.0.0.1:14274 - R:localhost/127.0.0.1:39334] for GET '/session/6c565e701c4bd71b4ab58d7ef27d3693/url'
14:11:04.387 [AsyncHttpClient-1-7] DEBUG org.asynchttpclient.netty.handler.HttpHandler - 

Request DefaultFullHttpRequest(decodeResult: success, version: HTTP/1.1, content: EmptyByteBufBE)
GET /session/6c565e701c4bd71b4ab58d7ef27d3693/url HTTP/1.1
User-Agent: selenium/4.8.1 (java windows)
Cache-Control: no-cache
Content-Type: application/json; charset=utf-8
host: localhost:39334
accept: */*

Response DefaultHttpResponse(decodeResult: success, version: HTTP/1.1)
HTTP/1.1 200 OK
Content-Length: 64
Content-Type: application/json; charset=utf-8
cache-control: no-cache

14:11:04.387 [AsyncHttpClient-1-7] DEBUG org.asynchttpclient.netty.channel.ChannelManager - Adding key: http://localhost:39334 for channel [id: 0x9fbb2057, L:/127.0.0.1:14274 - R:localhost/127.0.0.1:39334]
14:11:04.388 [Forwarding screenshot on session 6c565e701c4bd71b4ab58d7ef27d3693 to remote] DEBUG org.asynchttpclient.netty.request.NettyRequestSender - Using pooled Channel '[id: 0x9fbb2057, L:/127.0.0.1:14274 - R:localhost/127.0.0.1:39334]' for 'GET' to 'http://localhost:39334/session/6c565e701c4bd71b4ab58d7ef27d3693/screenshot'
14:11:04.388 [Forwarding screenshot on session 6c565e701c4bd71b4ab58d7ef27d3693 to remote] DEBUG org.asynchttpclient.netty.request.NettyRequestSender - Using open Channel [id: 0x9fbb2057, L:/127.0.0.1:14274 - R:localhost/127.0.0.1:39334] for GET '/session/6c565e701c4bd71b4ab58d7ef27d3693/screenshot'
14:11:04.488 [AsyncHttpClient-1-7] DEBUG org.asynchttpclient.netty.handler.HttpHandler - 

Request DefaultFullHttpRequest(decodeResult: success, version: HTTP/1.1, content: EmptyByteBufBE)
GET /session/6c565e701c4bd71b4ab58d7ef27d3693/screenshot HTTP/1.1
User-Agent: selenium/4.8.1 (java windows)
Cache-Control: no-cache
Content-Type: application/json; charset=utf-8
host: localhost:39334
accept: */*

Response DefaultHttpResponse(decodeResult: success, version: HTTP/1.1)
HTTP/1.1 200 OK
Content-Length: 126412
Content-Type: application/json; charset=utf-8
cache-control: no-cache

14:11:04.489 [AsyncHttpClient-1-7] DEBUG org.asynchttpclient.netty.channel.ChannelManager - Adding key: http://localhost:39334 for channel [id: 0x9fbb2057, L:/127.0.0.1:14274 - R:localhost/127.0.0.1:39334]
14:11:04.498 [main] DEBUG net.serenitybdd.core.photography.Darkroom - Send negative for processing for target\site\serenity\861d95f995ca830d598d5f7cc17992ec8ef5a9e8cc94d1d820544a3c21dafe32.png
14:11:04.498 [Darkroom Processing Line] DEBUG net.serenitybdd.core.photography.DarkroomProcessingLine - Processing screenshot image in /var/screenshots/screenshot-5309963481730993241
14:11:04.498 [Darkroom Processing Line] DEBUG net.serenitybdd.core.photography.DarkroomProcessingLine - Saving screenshot to target\site\serenity\861d95f995ca830d598d5f7cc17992ec8ef5a9e8cc94d1d820544a3c21dafe32.png
14:11:04.500 [Forwarding getPageSource on session 6c565e701c4bd71b4ab58d7ef27d3693 to remote] DEBUG org.asynchttpclient.netty.request.NettyRequestSender - Using pooled Channel '[id: 0x9fbb2057, L:/127.0.0.1:14274 - R:localhost/127.0.0.1:39334]' for 'POST' to 'http://localhost:39334/session/6c565e701c4bd71b4ab58d7ef27d3693/execute/sync'
14:11:04.501 [Forwarding getPageSource on session 6c565e701c4bd71b4ab58d7ef27d3693 to remote] DEBUG org.asynchttpclient.netty.request.NettyRequestSender - Using open Channel [id: 0x9fbb2057, L:/127.0.0.1:14274 - R:localhost/127.0.0.1:39334] for POST '/session/6c565e701c4bd71b4ab58d7ef27d3693/execute/sync'
14:11:04.507 [AsyncHttpClient-1-7] DEBUG org.asynchttpclient.netty.handler.HttpHandler - 

Request DefaultHttpRequest(decodeResult: success, version: HTTP/1.1)
POST /session/6c565e701c4bd71b4ab58d7ef27d3693/execute/sync HTTP/1.1
User-Agent: selenium/4.8.1 (java windows)
Content-Length: 176
Content-Type: application/json; charset=utf-8
host: localhost:39334
accept: */*

Response DefaultHttpResponse(decodeResult: success, version: HTTP/1.1)
HTTP/1.1 200 OK
Content-Length: 6067
Content-Type: application/json; charset=utf-8
cache-control: no-cache

14:11:04.507 [AsyncHttpClient-1-7] DEBUG org.asynchttpclient.netty.channel.ChannelManager - Adding key: http://localhost:39334 for channel [id: 0x9fbb2057, L:/127.0.0.1:14274 - R:localhost/127.0.0.1:39334]
14:11:04.511 [Forwarding getCurrentUrl on session 6c565e701c4bd71b4ab58d7ef27d3693 to remote] DEBUG org.asynchttpclient.netty.request.NettyRequestSender - Using pooled Channel '[id: 0x9fbb2057, L:/127.0.0.1:14274 - R:localhost/127.0.0.1:39334]' for 'GET' to 'http://localhost:39334/session/6c565e701c4bd71b4ab58d7ef27d3693/url'
14:11:04.511 [Forwarding getCurrentUrl on session 6c565e701c4bd71b4ab58d7ef27d3693 to remote] DEBUG org.asynchttpclient.netty.request.NettyRequestSender - Using open Channel [id: 0x9fbb2057, L:/127.0.0.1:14274 - R:localhost/127.0.0.1:39334] for GET '/session/6c565e701c4bd71b4ab58d7ef27d3693/url'
14:11:04.516 [AsyncHttpClient-1-7] DEBUG org.asynchttpclient.netty.handler.HttpHandler - 

Request DefaultFullHttpRequest(decodeResult: success, version: HTTP/1.1, content: EmptyByteBufBE)
GET /session/6c565e701c4bd71b4ab58d7ef27d3693/url HTTP/1.1
User-Agent: selenium/4.8.1 (java windows)
Cache-Control: no-cache
Content-Type: application/json; charset=utf-8
host: localhost:39334
accept: */*

Response DefaultHttpResponse(decodeResult: success, version: HTTP/1.1)
HTTP/1.1 200 OK
Content-Length: 64
Content-Type: application/json; charset=utf-8
cache-control: no-cache

14:11:04.517 [AsyncHttpClient-1-7] DEBUG org.asynchttpclient.netty.channel.ChannelManager - Adding key: http://localhost:39334 for channel [id: 0x9fbb2057, L:/127.0.0.1:14274 - R:localhost/127.0.0.1:39334]
14:11:04.519 [main] DEBUG net.thucydides.core.steps.StepInterceptor - STARTING STEP: Failed4SigninSteps.clickLoginEmptyFields - clickLoginButton
14:11:04.527 [Forwarding findElement on session 6c565e701c4bd71b4ab58d7ef27d3693 to remote] DEBUG org.asynchttpclient.netty.request.NettyRequestSender - Using pooled Channel '[id: 0x9fbb2057, L:/127.0.0.1:14274 - R:localhost/127.0.0.1:39334]' for 'POST' to 'http://localhost:39334/session/6c565e701c4bd71b4ab58d7ef27d3693/element'
14:11:04.527 [Forwarding findElement on session 6c565e701c4bd71b4ab58d7ef27d3693 to remote] DEBUG org.asynchttpclient.netty.request.NettyRequestSender - Using open Channel [id: 0x9fbb2057, L:/127.0.0.1:14274 - R:localhost/127.0.0.1:39334] for POST '/session/6c565e701c4bd71b4ab58d7ef27d3693/element'
14:11:04.544 [AsyncHttpClient-1-7] DEBUG org.asynchttpclient.netty.handler.HttpHandler - 

Request DefaultHttpRequest(decodeResult: success, version: HTTP/1.1)
POST /session/6c565e701c4bd71b4ab58d7ef27d3693/element HTTP/1.1
User-Agent: selenium/4.8.1 (java windows)
Content-Length: 69
Content-Type: application/json; charset=utf-8
host: localhost:39334
accept: */*

Response DefaultHttpResponse(decodeResult: success, version: HTTP/1.1)
HTTP/1.1 200 OK
Content-Length: 95
Content-Type: application/json; charset=utf-8
cache-control: no-cache

14:11:04.544 [AsyncHttpClient-1-7] DEBUG org.asynchttpclient.netty.channel.ChannelManager - Adding key: http://localhost:39334 for channel [id: 0x9fbb2057, L:/127.0.0.1:14274 - R:localhost/127.0.0.1:39334]
14:11:04.546 [Forwarding getElementTagName on session 6c565e701c4bd71b4ab58d7ef27d3693 to remote] DEBUG org.asynchttpclient.netty.request.NettyRequestSender - Using pooled Channel '[id: 0x9fbb2057, L:/127.0.0.1:14274 - R:localhost/127.0.0.1:39334]' for 'GET' to 'http://localhost:39334/session/6c565e701c4bd71b4ab58d7ef27d3693/element/AC27CCA838BC5C0A4A07C7C50B21EB1F_element_18/name'
14:11:04.546 [Forwarding getElementTagName on session 6c565e701c4bd71b4ab58d7ef27d3693 to remote] DEBUG org.asynchttpclient.netty.request.NettyRequestSender - Using open Channel [id: 0x9fbb2057, L:/127.0.0.1:14274 - R:localhost/127.0.0.1:39334] for GET '/session/6c565e701c4bd71b4ab58d7ef27d3693/element/AC27CCA838BC5C0A4A07C7C50B21EB1F_element_18/name'
14:11:04.552 [AsyncHttpClient-1-7] DEBUG org.asynchttpclient.netty.handler.HttpHandler - 

Request DefaultFullHttpRequest(decodeResult: success, version: HTTP/1.1, content: EmptyByteBufBE)
GET /session/6c565e701c4bd71b4ab58d7ef27d3693/element/AC27CCA838BC5C0A4A07C7C50B21EB1F_element_18/name HTTP/1.1
User-Agent: selenium/4.8.1 (java windows)
Cache-Control: no-cache
Content-Type: application/json; charset=utf-8
host: localhost:39334
accept: */*

Response DefaultHttpResponse(decodeResult: success, version: HTTP/1.1)
HTTP/1.1 200 OK
Content-Length: 18
Content-Type: application/json; charset=utf-8
cache-control: no-cache

14:11:04.553 [AsyncHttpClient-1-7] DEBUG org.asynchttpclient.netty.channel.ChannelManager - Adding key: http://localhost:39334 for channel [id: 0x9fbb2057, L:/127.0.0.1:14274 - R:localhost/127.0.0.1:39334]
14:11:04.555 [Forwarding getElementTagName on session 6c565e701c4bd71b4ab58d7ef27d3693 to remote] DEBUG org.asynchttpclient.netty.request.NettyRequestSender - Using pooled Channel '[id: 0x9fbb2057, L:/127.0.0.1:14274 - R:localhost/127.0.0.1:39334]' for 'GET' to 'http://localhost:39334/session/6c565e701c4bd71b4ab58d7ef27d3693/element/AC27CCA838BC5C0A4A07C7C50B21EB1F_element_18/name'
14:11:04.555 [Forwarding getElementTagName on session 6c565e701c4bd71b4ab58d7ef27d3693 to remote] DEBUG org.asynchttpclient.netty.request.NettyRequestSender - Using open Channel [id: 0x9fbb2057, L:/127.0.0.1:14274 - R:localhost/127.0.0.1:39334] for GET '/session/6c565e701c4bd71b4ab58d7ef27d3693/element/AC27CCA838BC5C0A4A07C7C50B21EB1F_element_18/name'
14:11:04.560 [AsyncHttpClient-1-7] DEBUG org.asynchttpclient.netty.handler.HttpHandler - 

Request DefaultFullHttpRequest(decodeResult: success, version: HTTP/1.1, content: EmptyByteBufBE)
GET /session/6c565e701c4bd71b4ab58d7ef27d3693/element/AC27CCA838BC5C0A4A07C7C50B21EB1F_element_18/name HTTP/1.1
User-Agent: selenium/4.8.1 (java windows)
Cache-Control: no-cache
Content-Type: application/json; charset=utf-8
host: localhost:39334
accept: */*

Response DefaultHttpResponse(decodeResult: success, version: HTTP/1.1)
HTTP/1.1 200 OK
Content-Length: 18
Content-Type: application/json; charset=utf-8
cache-control: no-cache

14:11:04.560 [AsyncHttpClient-1-7] DEBUG org.asynchttpclient.netty.channel.ChannelManager - Adding key: http://localhost:39334 for channel [id: 0x9fbb2057, L:/127.0.0.1:14274 - R:localhost/127.0.0.1:39334]
14:11:04.565 [Forwarding isElementEnabled on session 6c565e701c4bd71b4ab58d7ef27d3693 to remote] DEBUG org.asynchttpclient.netty.request.NettyRequestSender - Using pooled Channel '[id: 0x9fbb2057, L:/127.0.0.1:14274 - R:localhost/127.0.0.1:39334]' for 'GET' to 'http://localhost:39334/session/6c565e701c4bd71b4ab58d7ef27d3693/element/AC27CCA838BC5C0A4A07C7C50B21EB1F_element_18/enabled'
14:11:04.565 [Forwarding isElementEnabled on session 6c565e701c4bd71b4ab58d7ef27d3693 to remote] DEBUG org.asynchttpclient.netty.request.NettyRequestSender - Using open Channel [id: 0x9fbb2057, L:/127.0.0.1:14274 - R:localhost/127.0.0.1:39334] for GET '/session/6c565e701c4bd71b4ab58d7ef27d3693/element/AC27CCA838BC5C0A4A07C7C50B21EB1F_element_18/enabled'
14:11:04.574 [AsyncHttpClient-1-7] DEBUG org.asynchttpclient.netty.handler.HttpHandler - 

Request DefaultFullHttpRequest(decodeResult: success, version: HTTP/1.1, content: EmptyByteBufBE)
GET /session/6c565e701c4bd71b4ab58d7ef27d3693/element/AC27CCA838BC5C0A4A07C7C50B21EB1F_element_18/enabled HTTP/1.1
User-Agent: selenium/4.8.1 (java windows)
Cache-Control: no-cache
Content-Type: application/json; charset=utf-8
host: localhost:39334
accept: */*

Response DefaultHttpResponse(decodeResult: success, version: HTTP/1.1)
HTTP/1.1 200 OK
Content-Length: 14
Content-Type: application/json; charset=utf-8
cache-control: no-cache

14:11:04.574 [AsyncHttpClient-1-7] DEBUG org.asynchttpclient.netty.channel.ChannelManager - Adding key: http://localhost:39334 for channel [id: 0x9fbb2057, L:/127.0.0.1:14274 - R:localhost/127.0.0.1:39334]
14:11:04.576 [Forwarding isElementEnabled on session 6c565e701c4bd71b4ab58d7ef27d3693 to remote] DEBUG org.asynchttpclient.netty.request.NettyRequestSender - Using pooled Channel '[id: 0x9fbb2057, L:/127.0.0.1:14274 - R:localhost/127.0.0.1:39334]' for 'GET' to 'http://localhost:39334/session/6c565e701c4bd71b4ab58d7ef27d3693/element/AC27CCA838BC5C0A4A07C7C50B21EB1F_element_18/enabled'
14:11:04.576 [Forwarding isElementEnabled on session 6c565e701c4bd71b4ab58d7ef27d3693 to remote] DEBUG org.asynchttpclient.netty.request.NettyRequestSender - Using open Channel [id: 0x9fbb2057, L:/127.0.0.1:14274 - R:localhost/127.0.0.1:39334] for GET '/session/6c565e701c4bd71b4ab58d7ef27d3693/element/AC27CCA838BC5C0A4A07C7C50B21EB1F_element_18/enabled'
14:11:04.586 [AsyncHttpClient-1-7] DEBUG org.asynchttpclient.netty.handler.HttpHandler - 

Request DefaultFullHttpRequest(decodeResult: success, version: HTTP/1.1, content: EmptyByteBufBE)
GET /session/6c565e701c4bd71b4ab58d7ef27d3693/element/AC27CCA838BC5C0A4A07C7C50B21EB1F_element_18/enabled HTTP/1.1
User-Agent: selenium/4.8.1 (java windows)
Cache-Control: no-cache
Content-Type: application/json; charset=utf-8
host: localhost:39334
accept: */*

Response DefaultHttpResponse(decodeResult: success, version: HTTP/1.1)
HTTP/1.1 200 OK
Content-Length: 14
Content-Type: application/json; charset=utf-8
cache-control: no-cache

14:11:04.586 [AsyncHttpClient-1-7] DEBUG org.asynchttpclient.netty.channel.ChannelManager - Adding key: http://localhost:39334 for channel [id: 0x9fbb2057, L:/127.0.0.1:14274 - R:localhost/127.0.0.1:39334]
14:11:04.589 [Forwarding findElement on session 6c565e701c4bd71b4ab58d7ef27d3693 to remote] DEBUG org.asynchttpclient.netty.request.NettyRequestSender - Using pooled Channel '[id: 0x9fbb2057, L:/127.0.0.1:14274 - R:localhost/127.0.0.1:39334]' for 'POST' to 'http://localhost:39334/session/6c565e701c4bd71b4ab58d7ef27d3693/element'
14:11:04.590 [Forwarding findElement on session 6c565e701c4bd71b4ab58d7ef27d3693 to remote] DEBUG org.asynchttpclient.netty.request.NettyRequestSender - Using open Channel [id: 0x9fbb2057, L:/127.0.0.1:14274 - R:localhost/127.0.0.1:39334] for POST '/session/6c565e701c4bd71b4ab58d7ef27d3693/element'
14:11:04.601 [AsyncHttpClient-1-7] DEBUG org.asynchttpclient.netty.handler.HttpHandler - 

Request DefaultHttpRequest(decodeResult: success, version: HTTP/1.1)
POST /session/6c565e701c4bd71b4ab58d7ef27d3693/element HTTP/1.1
User-Agent: selenium/4.8.1 (java windows)
Content-Length: 69
Content-Type: application/json; charset=utf-8
host: localhost:39334
accept: */*

Response DefaultHttpResponse(decodeResult: success, version: HTTP/1.1)
HTTP/1.1 200 OK
Content-Length: 95
Content-Type: application/json; charset=utf-8
cache-control: no-cache

14:11:04.601 [AsyncHttpClient-1-7] DEBUG org.asynchttpclient.netty.channel.ChannelManager - Adding key: http://localhost:39334 for channel [id: 0x9fbb2057, L:/127.0.0.1:14274 - R:localhost/127.0.0.1:39334]
14:11:04.602 [Forwarding clickElement on session 6c565e701c4bd71b4ab58d7ef27d3693 to remote] DEBUG org.asynchttpclient.netty.request.NettyRequestSender - Using pooled Channel '[id: 0x9fbb2057, L:/127.0.0.1:14274 - R:localhost/127.0.0.1:39334]' for 'POST' to 'http://localhost:39334/session/6c565e701c4bd71b4ab58d7ef27d3693/element/AC27CCA838BC5C0A4A07C7C50B21EB1F_element_18/click'
14:11:04.603 [Forwarding clickElement on session 6c565e701c4bd71b4ab58d7ef27d3693 to remote] DEBUG org.asynchttpclient.netty.request.NettyRequestSender - Using open Channel [id: 0x9fbb2057, L:/127.0.0.1:14274 - R:localhost/127.0.0.1:39334] for POST '/session/6c565e701c4bd71b4ab58d7ef27d3693/element/AC27CCA838BC5C0A4A07C7C50B21EB1F_element_18/click'
14:11:04.790 [AsyncHttpClient-1-7] DEBUG org.asynchttpclient.netty.handler.HttpHandler - 

Request DefaultHttpRequest(decodeResult: success, version: HTTP/1.1)
POST /session/6c565e701c4bd71b4ab58d7ef27d3693/element/AC27CCA838BC5C0A4A07C7C50B21EB1F_element_18/click HTTP/1.1
User-Agent: selenium/4.8.1 (java windows)
Content-Length: 57
Content-Type: application/json; charset=utf-8
host: localhost:39334
accept: */*

Response DefaultHttpResponse(decodeResult: success, version: HTTP/1.1)
HTTP/1.1 200 OK
Content-Length: 14
Content-Type: application/json; charset=utf-8
cache-control: no-cache

14:11:04.790 [AsyncHttpClient-1-7] DEBUG org.asynchttpclient.netty.channel.ChannelManager - Adding key: http://localhost:39334 for channel [id: 0x9fbb2057, L:/127.0.0.1:14274 - R:localhost/127.0.0.1:39334]
14:11:04.809 [Forwarding getAlertText on session 6c565e701c4bd71b4ab58d7ef27d3693 to remote] DEBUG org.asynchttpclient.netty.request.NettyRequestSender - Using pooled Channel '[id: 0x9fbb2057, L:/127.0.0.1:14274 - R:localhost/127.0.0.1:39334]' for 'GET' to 'http://localhost:39334/session/6c565e701c4bd71b4ab58d7ef27d3693/alert/text'
14:11:04.809 [Forwarding getAlertText on session 6c565e701c4bd71b4ab58d7ef27d3693 to remote] DEBUG org.asynchttpclient.netty.request.NettyRequestSender - Using open Channel [id: 0x9fbb2057, L:/127.0.0.1:14274 - R:localhost/127.0.0.1:39334] for GET '/session/6c565e701c4bd71b4ab58d7ef27d3693/alert/text'
14:11:04.811 [AsyncHttpClient-1-7] DEBUG org.asynchttpclient.netty.handler.HttpHandler - 

Request DefaultFullHttpRequest(decodeResult: success, version: HTTP/1.1, content: EmptyByteBufBE)
GET /session/6c565e701c4bd71b4ab58d7ef27d3693/alert/text HTTP/1.1
User-Agent: selenium/4.8.1 (java windows)
Cache-Control: no-cache
Content-Type: application/json; charset=utf-8
host: localhost:39334
accept: */*

Response DefaultHttpResponse(decodeResult: success, version: HTTP/1.1)
HTTP/1.1 404 Not Found
Content-Length: 807
Content-Type: application/json; charset=utf-8
cache-control: no-cache

14:11:04.811 [AsyncHttpClient-1-7] DEBUG org.asynchttpclient.netty.channel.ChannelManager - Adding key: http://localhost:39334 for channel [id: 0x9fbb2057, L:/127.0.0.1:14274 - R:localhost/127.0.0.1:39334]
14:11:04.813 [Forwarding getCurrentUrl on session 6c565e701c4bd71b4ab58d7ef27d3693 to remote] DEBUG org.asynchttpclient.netty.request.NettyRequestSender - Using pooled Channel '[id: 0x9fbb2057, L:/127.0.0.1:14274 - R:localhost/127.0.0.1:39334]' for 'GET' to 'http://localhost:39334/session/6c565e701c4bd71b4ab58d7ef27d3693/url'
14:11:04.813 [Forwarding getCurrentUrl on session 6c565e701c4bd71b4ab58d7ef27d3693 to remote] DEBUG org.asynchttpclient.netty.request.NettyRequestSender - Using open Channel [id: 0x9fbb2057, L:/127.0.0.1:14274 - R:localhost/127.0.0.1:39334] for GET '/session/6c565e701c4bd71b4ab58d7ef27d3693/url'
14:11:04.822 [AsyncHttpClient-1-7] DEBUG org.asynchttpclient.netty.handler.HttpHandler - 

Request DefaultFullHttpRequest(decodeResult: success, version: HTTP/1.1, content: EmptyByteBufBE)
GET /session/6c565e701c4bd71b4ab58d7ef27d3693/url HTTP/1.1
User-Agent: selenium/4.8.1 (java windows)
Cache-Control: no-cache
Content-Type: application/json; charset=utf-8
host: localhost:39334
accept: */*

Response DefaultHttpResponse(decodeResult: success, version: HTTP/1.1)
HTTP/1.1 200 OK
Content-Length: 64
Content-Type: application/json; charset=utf-8
cache-control: no-cache

14:11:04.822 [AsyncHttpClient-1-7] DEBUG org.asynchttpclient.netty.channel.ChannelManager - Adding key: http://localhost:39334 for channel [id: 0x9fbb2057, L:/127.0.0.1:14274 - R:localhost/127.0.0.1:39334]
14:11:04.824 [Forwarding screenshot on session 6c565e701c4bd71b4ab58d7ef27d3693 to remote] DEBUG org.asynchttpclient.netty.request.NettyRequestSender - Using pooled Channel '[id: 0x9fbb2057, L:/127.0.0.1:14274 - R:localhost/127.0.0.1:39334]' for 'GET' to 'http://localhost:39334/session/6c565e701c4bd71b4ab58d7ef27d3693/screenshot'
14:11:04.824 [Forwarding screenshot on session 6c565e701c4bd71b4ab58d7ef27d3693 to remote] DEBUG org.asynchttpclient.netty.request.NettyRequestSender - Using open Channel [id: 0x9fbb2057, L:/127.0.0.1:14274 - R:localhost/127.0.0.1:39334] for GET '/session/6c565e701c4bd71b4ab58d7ef27d3693/screenshot'
14:11:04.897 [AsyncHttpClient-1-1] DEBUG org.asynchttpclient.netty.channel.DefaultChannelPool - Entry count for : http://localhost:14275 : 1
14:11:05.010 [AsyncHttpClient-1-7] DEBUG org.asynchttpclient.netty.handler.HttpHandler - 

Request DefaultFullHttpRequest(decodeResult: success, version: HTTP/1.1, content: EmptyByteBufBE)
GET /session/6c565e701c4bd71b4ab58d7ef27d3693/screenshot HTTP/1.1
User-Agent: selenium/4.8.1 (java windows)
Cache-Control: no-cache
Content-Type: application/json; charset=utf-8
host: localhost:39334
accept: */*

Response DefaultHttpResponse(decodeResult: success, version: HTTP/1.1)
HTTP/1.1 200 OK
Content-Length: 125356
Content-Type: application/json; charset=utf-8
cache-control: no-cache

14:11:05.011 [AsyncHttpClient-1-7] DEBUG org.asynchttpclient.netty.channel.ChannelManager - Adding key: http://localhost:39334 for channel [id: 0x9fbb2057, L:/127.0.0.1:14274 - R:localhost/127.0.0.1:39334]
14:11:05.021 [main] DEBUG net.serenitybdd.core.photography.Darkroom - Send negative for processing for target\site\serenity\8719cdd807487da2777cf532dda710681d9ba64cfba4be078ef0a283f9acb6b2.png
14:11:05.022 [main] DEBUG net.thucydides.core.steps.StepInterceptor - STEP DONE: clickLoginButton
  &amp#27;[32mAnd &amp#27;[0m&amp#27;[32mI click sign in email and password field empty&amp#27;[0m                                       &amp#27;[90m# Starter.Stepdefitions.Failed4SigninSteps.clickLoginEmptyFields()&amp#27;[0m
14:11:05.022 [Darkroom Processing Line] DEBUG net.serenitybdd.core.photography.DarkroomProcessingLine - Processing screenshot image in /var/screenshots/screenshot-5299057523970291694
14:11:05.022 [Darkroom Processing Line] DEBUG net.serenitybdd.core.photography.DarkroomProcessingLine - Saving screenshot to target\site\serenity\8719cdd807487da2777cf532dda710681d9ba64cfba4be078ef0a283f9acb6b2.png
14:11:05.041 [Forwarding getPageSource on session 6c565e701c4bd71b4ab58d7ef27d3693 to remote] DEBUG org.asynchttpclient.netty.request.NettyRequestSender - Using pooled Channel '[id: 0x9fbb2057, L:/127.0.0.1:14274 - R:localhost/127.0.0.1:39334]' for 'POST' to 'http://localhost:39334/session/6c565e701c4bd71b4ab58d7ef27d3693/execute/sync'
14:11:05.041 [Forwarding getPageSource on session 6c565e701c4bd71b4ab58d7ef27d3693 to remote] DEBUG org.asynchttpclient.netty.request.NettyRequestSender - Using open Channel [id: 0x9fbb2057, L:/127.0.0.1:14274 - R:localhost/127.0.0.1:39334] for POST '/session/6c565e701c4bd71b4ab58d7ef27d3693/execute/sync'
14:11:05.050 [AsyncHttpClient-1-7] DEBUG org.asynchttpclient.netty.handler.HttpHandler - 

Request DefaultHttpRequest(decodeResult: success, version: HTTP/1.1)
POST /session/6c565e701c4bd71b4ab58d7ef27d3693/execute/sync HTTP/1.1
User-Agent: selenium/4.8.1 (java windows)
Content-Length: 176
Content-Type: application/json; charset=utf-8
host: localhost:39334
accept: */*

Response DefaultHttpResponse(decodeResult: success, version: HTTP/1.1)
HTTP/1.1 200 OK
Content-Length: 6109
Content-Type: application/json; charset=utf-8
cache-control: no-cache

14:11:05.050 [AsyncHttpClient-1-7] DEBUG org.asynchttpclient.netty.channel.ChannelManager - Adding key: http://localhost:39334 for channel [id: 0x9fbb2057, L:/127.0.0.1:14274 - R:localhost/127.0.0.1:39334]
14:11:05.054 [Forwarding getCurrentUrl on session 6c565e701c4bd71b4ab58d7ef27d3693 to remote] DEBUG org.asynchttpclient.netty.request.NettyRequestSender - Using pooled Channel '[id: 0x9fbb2057, L:/127.0.0.1:14274 - R:localhost/127.0.0.1:39334]' for 'GET' to 'http://localhost:39334/session/6c565e701c4bd71b4ab58d7ef27d3693/url'
14:11:05.054 [Forwarding getCurrentUrl on session 6c565e701c4bd71b4ab58d7ef27d3693 to remote] DEBUG org.asynchttpclient.netty.request.NettyRequestSender - Using open Channel [id: 0x9fbb2057, L:/127.0.0.1:14274 - R:localhost/127.0.0.1:39334] for GET '/session/6c565e701c4bd71b4ab58d7ef27d3693/url'
14:11:05.060 [AsyncHttpClient-1-7] DEBUG org.asynchttpclient.netty.handler.HttpHandler - 

Request DefaultFullHttpRequest(decodeResult: success, version: HTTP/1.1, content: EmptyByteBufBE)
GET /session/6c565e701c4bd71b4ab58d7ef27d3693/url HTTP/1.1
User-Agent: selenium/4.8.1 (java windows)
Cache-Control: no-cache
Content-Type: application/json; charset=utf-8
host: localhost:39334
accept: */*

Response DefaultHttpResponse(decodeResult: success, version: HTTP/1.1)
HTTP/1.1 200 OK
Content-Length: 64
Content-Type: application/json; charset=utf-8
cache-control: no-cache

14:11:05.060 [AsyncHttpClient-1-7] DEBUG org.asynchttpclient.netty.channel.ChannelManager - Adding key: http://localhost:39334 for channel [id: 0x9fbb2057, L:/127.0.0.1:14274 - R:localhost/127.0.0.1:39334]
14:11:05.113 [Forwarding getAlertText on session 6c565e701c4bd71b4ab58d7ef27d3693 to remote] DEBUG org.asynchttpclient.netty.request.NettyRequestSender - Using pooled Channel '[id: 0x9fbb2057, L:/127.0.0.1:14274 - R:localhost/127.0.0.1:39334]' for 'GET' to 'http://localhost:39334/session/6c565e701c4bd71b4ab58d7ef27d3693/alert/text'
14:11:05.114 [Forwarding getAlertText on session 6c565e701c4bd71b4ab58d7ef27d3693 to remote] DEBUG org.asynchttpclient.netty.request.NettyRequestSender - Using open Channel [id: 0x9fbb2057, L:/127.0.0.1:14274 - R:localhost/127.0.0.1:39334] for GET '/session/6c565e701c4bd71b4ab58d7ef27d3693/alert/text'
14:11:05.116 [AsyncHttpClient-1-7] DEBUG org.asynchttpclient.netty.handler.HttpHandler - 

Request DefaultFullHttpRequest(decodeResult: success, version: HTTP/1.1, content: EmptyByteBufBE)
GET /session/6c565e701c4bd71b4ab58d7ef27d3693/alert/text HTTP/1.1
User-Agent: selenium/4.8.1 (java windows)
Cache-Control: no-cache
Content-Type: application/json; charset=utf-8
host: localhost:39334
accept: */*

Response DefaultHttpResponse(decodeResult: success, version: HTTP/1.1)
HTTP/1.1 404 Not Found
Content-Length: 807
Content-Type: application/json; charset=utf-8
cache-control: no-cache

14:11:05.117 [AsyncHttpClient-1-7] DEBUG org.asynchttpclient.netty.channel.ChannelManager - Adding key: http://localhost:39334 for channel [id: 0x9fbb2057, L:/127.0.0.1:14274 - R:localhost/127.0.0.1:39334]
14:11:05.118 [Forwarding getCurrentUrl on session 6c565e701c4bd71b4ab58d7ef27d3693 to remote] DEBUG org.asynchttpclient.netty.request.NettyRequestSender - Using pooled Channel '[id: 0x9fbb2057, L:/127.0.0.1:14274 - R:localhost/127.0.0.1:39334]' for 'GET' to 'http://localhost:39334/session/6c565e701c4bd71b4ab58d7ef27d3693/url'
14:11:05.118 [Forwarding getCurrentUrl on session 6c565e701c4bd71b4ab58d7ef27d3693 to remote] DEBUG org.asynchttpclient.netty.request.NettyRequestSender - Using open Channel [id: 0x9fbb2057, L:/127.0.0.1:14274 - R:localhost/127.0.0.1:39334] for GET '/session/6c565e701c4bd71b4ab58d7ef27d3693/url'
14:11:05.123 [AsyncHttpClient-1-7] DEBUG org.asynchttpclient.netty.handler.HttpHandler - 

Request DefaultFullHttpRequest(decodeResult: success, version: HTTP/1.1, content: EmptyByteBufBE)
GET /session/6c565e701c4bd71b4ab58d7ef27d3693/url HTTP/1.1
User-Agent: selenium/4.8.1 (java windows)
Cache-Control: no-cache
Content-Type: application/json; charset=utf-8
host: localhost:39334
accept: */*

Response DefaultHttpResponse(decodeResult: success, version: HTTP/1.1)
HTTP/1.1 200 OK
Content-Length: 64
Content-Type: application/json; charset=utf-8
cache-control: no-cache

14:11:05.123 [AsyncHttpClient-1-7] DEBUG org.asynchttpclient.netty.channel.ChannelManager - Adding key: http://localhost:39334 for channel [id: 0x9fbb2057, L:/127.0.0.1:14274 - R:localhost/127.0.0.1:39334]
14:11:05.124 [Forwarding screenshot on session 6c565e701c4bd71b4ab58d7ef27d3693 to remote] DEBUG org.asynchttpclient.netty.request.NettyRequestSender - Using pooled Channel '[id: 0x9fbb2057, L:/127.0.0.1:14274 - R:localhost/127.0.0.1:39334]' for 'GET' to 'http://localhost:39334/session/6c565e701c4bd71b4ab58d7ef27d3693/screenshot'
14:11:05.125 [Forwarding screenshot on session 6c565e701c4bd71b4ab58d7ef27d3693 to remote] DEBUG org.asynchttpclient.netty.request.NettyRequestSender - Using open Channel [id: 0x9fbb2057, L:/127.0.0.1:14274 - R:localhost/127.0.0.1:39334] for GET '/session/6c565e701c4bd71b4ab58d7ef27d3693/screenshot'
14:11:05.223 [AsyncHttpClient-1-7] DEBUG org.asynchttpclient.netty.handler.HttpHandler - 

Request DefaultFullHttpRequest(decodeResult: success, version: HTTP/1.1, content: EmptyByteBufBE)
GET /session/6c565e701c4bd71b4ab58d7ef27d3693/screenshot HTTP/1.1
User-Agent: selenium/4.8.1 (java windows)
Cache-Control: no-cache
Content-Type: application/json; charset=utf-8
host: localhost:39334
accept: */*

Response DefaultHttpResponse(decodeResult: success, version: HTTP/1.1)
HTTP/1.1 200 OK
Content-Length: 125356
Content-Type: application/json; charset=utf-8
cache-control: no-cache

14:11:05.224 [AsyncHttpClient-1-7] DEBUG org.asynchttpclient.netty.channel.ChannelManager - Adding key: http://localhost:39334 for channel [id: 0x9fbb2057, L:/127.0.0.1:14274 - R:localhost/127.0.0.1:39334]
14:11:05.232 [main] DEBUG net.serenitybdd.core.photography.Darkroom - Send negative for processing for target\site\serenity\8719cdd807487da2777cf532dda710681d9ba64cfba4be078ef0a283f9acb6b2.png
14:11:05.234 [Forwarding getPageSource on session 6c565e701c4bd71b4ab58d7ef27d3693 to remote] DEBUG org.asynchttpclient.netty.request.NettyRequestSender - Using pooled Channel '[id: 0x9fbb2057, L:/127.0.0.1:14274 - R:localhost/127.0.0.1:39334]' for 'POST' to 'http://localhost:39334/session/6c565e701c4bd71b4ab58d7ef27d3693/execute/sync'
14:11:05.234 [Forwarding getPageSource on session 6c565e701c4bd71b4ab58d7ef27d3693 to remote] DEBUG org.asynchttpclient.netty.request.NettyRequestSender - Using open Channel [id: 0x9fbb2057, L:/127.0.0.1:14274 - R:localhost/127.0.0.1:39334] for POST '/session/6c565e701c4bd71b4ab58d7ef27d3693/execute/sync'
14:11:05.240 [AsyncHttpClient-1-7] DEBUG org.asynchttpclient.netty.handler.HttpHandler - 

Request DefaultHttpRequest(decodeResult: success, version: HTTP/1.1)
POST /session/6c565e701c4bd71b4ab58d7ef27d3693/execute/sync HTTP/1.1
User-Agent: selenium/4.8.1 (java windows)
Content-Length: 176
Content-Type: application/json; charset=utf-8
host: localhost:39334
accept: */*

Response DefaultHttpResponse(decodeResult: success, version: HTTP/1.1)
HTTP/1.1 200 OK
Content-Length: 6109
Content-Type: application/json; charset=utf-8
cache-control: no-cache

14:11:05.241 [AsyncHttpClient-1-7] DEBUG org.asynchttpclient.netty.channel.ChannelManager - Adding key: http://localhost:39334 for channel [id: 0x9fbb2057, L:/127.0.0.1:14274 - R:localhost/127.0.0.1:39334]
14:11:05.244 [Forwarding getCurrentUrl on session 6c565e701c4bd71b4ab58d7ef27d3693 to remote] DEBUG org.asynchttpclient.netty.request.NettyRequestSender - Using pooled Channel '[id: 0x9fbb2057, L:/127.0.0.1:14274 - R:localhost/127.0.0.1:39334]' for 'GET' to 'http://localhost:39334/session/6c565e701c4bd71b4ab58d7ef27d3693/url'
14:11:05.244 [Forwarding getCurrentUrl on session 6c565e701c4bd71b4ab58d7ef27d3693 to remote] DEBUG org.asynchttpclient.netty.request.NettyRequestSender - Using open Channel [id: 0x9fbb2057, L:/127.0.0.1:14274 - R:localhost/127.0.0.1:39334] for GET '/session/6c565e701c4bd71b4ab58d7ef27d3693/url'
14:11:05.249 [AsyncHttpClient-1-7] DEBUG org.asynchttpclient.netty.handler.HttpHandler - 

Request DefaultFullHttpRequest(decodeResult: success, version: HTTP/1.1, content: EmptyByteBufBE)
GET /session/6c565e701c4bd71b4ab58d7ef27d3693/url HTTP/1.1
User-Agent: selenium/4.8.1 (java windows)
Cache-Control: no-cache
Content-Type: application/json; charset=utf-8
host: localhost:39334
accept: */*

Response DefaultHttpResponse(decodeResult: success, version: HTTP/1.1)
HTTP/1.1 200 OK
Content-Length: 64
Content-Type: application/json; charset=utf-8
cache-control: no-cache

14:11:05.249 [AsyncHttpClient-1-7] DEBUG org.asynchttpclient.netty.channel.ChannelManager - Adding key: http://localhost:39334 for channel [id: 0x9fbb2057, L:/127.0.0.1:14274 - R:localhost/127.0.0.1:39334]
14:11:05.252 [main] DEBUG net.thucydides.core.steps.StepInterceptor - STARTING STEP: Failed4SigninSteps.onTheHomePageEmptyFields - errorMessageAppear
14:11:05.256 [Forwarding findElement on session 6c565e701c4bd71b4ab58d7ef27d3693 to remote] DEBUG org.asynchttpclient.netty.request.NettyRequestSender - Using pooled Channel '[id: 0x9fbb2057, L:/127.0.0.1:14274 - R:localhost/127.0.0.1:39334]' for 'POST' to 'http://localhost:39334/session/6c565e701c4bd71b4ab58d7ef27d3693/element'
14:11:05.256 [Forwarding findElement on session 6c565e701c4bd71b4ab58d7ef27d3693 to remote] DEBUG org.asynchttpclient.netty.request.NettyRequestSender - Using open Channel [id: 0x9fbb2057, L:/127.0.0.1:14274 - R:localhost/127.0.0.1:39334] for POST '/session/6c565e701c4bd71b4ab58d7ef27d3693/element'
14:11:05.272 [AsyncHttpClient-1-7] DEBUG org.asynchttpclient.netty.handler.HttpHandler - 

Request DefaultHttpRequest(decodeResult: success, version: HTTP/1.1)
POST /session/6c565e701c4bd71b4ab58d7ef27d3693/element HTTP/1.1
User-Agent: selenium/4.8.1 (java windows)
Content-Length: 83
Content-Type: application/json; charset=utf-8
host: localhost:39334
accept: */*

Response DefaultHttpResponse(decodeResult: success, version: HTTP/1.1)
HTTP/1.1 200 OK
Content-Length: 95
Content-Type: application/json; charset=utf-8
cache-control: no-cache

14:11:05.273 [AsyncHttpClient-1-7] DEBUG org.asynchttpclient.netty.channel.ChannelManager - Adding key: http://localhost:39334 for channel [id: 0x9fbb2057, L:/127.0.0.1:14274 - R:localhost/127.0.0.1:39334]
14:11:05.278 [Forwarding isElementDisplayed on session 6c565e701c4bd71b4ab58d7ef27d3693 to remote] DEBUG org.asynchttpclient.netty.request.NettyRequestSender - Using pooled Channel '[id: 0x9fbb2057, L:/127.0.0.1:14274 - R:localhost/127.0.0.1:39334]' for 'POST' to 'http://localhost:39334/session/6c565e701c4bd71b4ab58d7ef27d3693/execute/sync'
14:11:05.279 [Forwarding isElementDisplayed on session 6c565e701c4bd71b4ab58d7ef27d3693 to remote] DEBUG org.asynchttpclient.netty.request.NettyRequestSender - Using open Channel [id: 0x9fbb2057, L:/127.0.0.1:14274 - R:localhost/127.0.0.1:39334] for POST '/session/6c565e701c4bd71b4ab58d7ef27d3693/execute/sync'
14:11:05.297 [AsyncHttpClient-1-7] DEBUG org.asynchttpclient.netty.handler.HttpHandler - 

Request DefaultHttpRequest(decodeResult: success, version: HTTP/1.1)
POST /session/6c565e701c4bd71b4ab58d7ef27d3693/execute/sync HTTP/1.1
User-Agent: selenium/4.8.1 (java windows)
Content-Length: 48814
Content-Type: application/json; charset=utf-8
host: localhost:39334
accept: */*

Response DefaultHttpResponse(decodeResult: success, version: HTTP/1.1)
HTTP/1.1 200 OK
Content-Length: 14
Content-Type: application/json; charset=utf-8
cache-control: no-cache

14:11:05.297 [AsyncHttpClient-1-7] DEBUG org.asynchttpclient.netty.channel.ChannelManager - Adding key: http://localhost:39334 for channel [id: 0x9fbb2057, L:/127.0.0.1:14274 - R:localhost/127.0.0.1:39334]
14:11:05.307 [Forwarding getAlertText on session 6c565e701c4bd71b4ab58d7ef27d3693 to remote] DEBUG org.asynchttpclient.netty.request.NettyRequestSender - Using pooled Channel '[id: 0x9fbb2057, L:/127.0.0.1:14274 - R:localhost/127.0.0.1:39334]' for 'GET' to 'http://localhost:39334/session/6c565e701c4bd71b4ab58d7ef27d3693/alert/text'
14:11:05.307 [Forwarding getAlertText on session 6c565e701c4bd71b4ab58d7ef27d3693 to remote] DEBUG org.asynchttpclient.netty.request.NettyRequestSender - Using open Channel [id: 0x9fbb2057, L:/127.0.0.1:14274 - R:localhost/127.0.0.1:39334] for GET '/session/6c565e701c4bd71b4ab58d7ef27d3693/alert/text'
14:11:05.308 [AsyncHttpClient-1-7] DEBUG org.asynchttpclient.netty.handler.HttpHandler - 

Request DefaultFullHttpRequest(decodeResult: success, version: HTTP/1.1, content: EmptyByteBufBE)
GET /session/6c565e701c4bd71b4ab58d7ef27d3693/alert/text HTTP/1.1
User-Agent: selenium/4.8.1 (java windows)
Cache-Control: no-cache
Content-Type: application/json; charset=utf-8
host: localhost:39334
accept: */*

Response DefaultHttpResponse(decodeResult: success, version: HTTP/1.1)
HTTP/1.1 404 Not Found
Content-Length: 807
Content-Type: application/json; charset=utf-8
cache-control: no-cache

14:11:05.309 [AsyncHttpClient-1-7] DEBUG org.asynchttpclient.netty.channel.ChannelManager - Adding key: http://localhost:39334 for channel [id: 0x9fbb2057, L:/127.0.0.1:14274 - R:localhost/127.0.0.1:39334]
14:11:05.310 [Forwarding getCurrentUrl on session 6c565e701c4bd71b4ab58d7ef27d3693 to remote] DEBUG org.asynchttpclient.netty.request.NettyRequestSender - Using pooled Channel '[id: 0x9fbb2057, L:/127.0.0.1:14274 - R:localhost/127.0.0.1:39334]' for 'GET' to 'http://localhost:39334/session/6c565e701c4bd71b4ab58d7ef27d3693/url'
14:11:05.310 [Forwarding getCurrentUrl on session 6c565e701c4bd71b4ab58d7ef27d3693 to remote] DEBUG org.asynchttpclient.netty.request.NettyRequestSender - Using open Channel [id: 0x9fbb2057, L:/127.0.0.1:14274 - R:localhost/127.0.0.1:39334] for GET '/session/6c565e701c4bd71b4ab58d7ef27d3693/url'
14:11:05.315 [AsyncHttpClient-1-7] DEBUG org.asynchttpclient.netty.handler.HttpHandler - 

Request DefaultFullHttpRequest(decodeResult: success, version: HTTP/1.1, content: EmptyByteBufBE)
GET /session/6c565e701c4bd71b4ab58d7ef27d3693/url HTTP/1.1
User-Agent: selenium/4.8.1 (java windows)
Cache-Control: no-cache
Content-Type: application/json; charset=utf-8
host: localhost:39334
accept: */*

Response DefaultHttpResponse(decodeResult: success, version: HTTP/1.1)
HTTP/1.1 200 OK
Content-Length: 64
Content-Type: application/json; charset=utf-8
cache-control: no-cache

14:11:05.315 [AsyncHttpClient-1-7] DEBUG org.asynchttpclient.netty.channel.ChannelManager - Adding key: http://localhost:39334 for channel [id: 0x9fbb2057, L:/127.0.0.1:14274 - R:localhost/127.0.0.1:39334]
14:11:05.316 [Forwarding screenshot on session 6c565e701c4bd71b4ab58d7ef27d3693 to remote] DEBUG org.asynchttpclient.netty.request.NettyRequestSender - Using pooled Channel '[id: 0x9fbb2057, L:/127.0.0.1:14274 - R:localhost/127.0.0.1:39334]' for 'GET' to 'http://localhost:39334/session/6c565e701c4bd71b4ab58d7ef27d3693/screenshot'
14:11:05.317 [Forwarding screenshot on session 6c565e701c4bd71b4ab58d7ef27d3693 to remote] DEBUG org.asynchttpclient.netty.request.NettyRequestSender - Using open Channel [id: 0x9fbb2057, L:/127.0.0.1:14274 - R:localhost/127.0.0.1:39334] for GET '/session/6c565e701c4bd71b4ab58d7ef27d3693/screenshot'
14:11:05.419 [AsyncHttpClient-1-7] DEBUG org.asynchttpclient.netty.handler.HttpHandler - 

Request DefaultFullHttpRequest(decodeResult: success, version: HTTP/1.1, content: EmptyByteBufBE)
GET /session/6c565e701c4bd71b4ab58d7ef27d3693/screenshot HTTP/1.1
User-Agent: selenium/4.8.1 (java windows)
Cache-Control: no-cache
Content-Type: application/json; charset=utf-8
host: localhost:39334
accept: */*

Response DefaultHttpResponse(decodeResult: success, version: HTTP/1.1)
HTTP/1.1 200 OK
Content-Length: 125356
Content-Type: application/json; charset=utf-8
cache-control: no-cache

14:11:05.420 [AsyncHttpClient-1-7] DEBUG org.asynchttpclient.netty.channel.ChannelManager - Adding key: http://localhost:39334 for channel [id: 0x9fbb2057, L:/127.0.0.1:14274 - R:localhost/127.0.0.1:39334]
14:11:05.431 [main] DEBUG net.serenitybdd.core.photography.Darkroom - Send negative for processing for target\site\serenity\8719cdd807487da2777cf532dda710681d9ba64cfba4be078ef0a283f9acb6b2.png
14:11:05.432 [main] DEBUG net.thucydides.core.steps.StepInterceptor - STEP DONE: errorMessageAppear
  &amp#27;[32mThen &amp#27;[0m&amp#27;[32mI am on the home page email and password field empty&amp#27;[0m                                &amp#27;[90m# Starter.Stepdefitions.Failed4SigninSteps.onTheHomePageEmptyFields()&amp#27;[0m
14:11:05.441 [main] INFO  - 
  _____   ___   ___   _____     ___     _     ___   ___   ___   ___  
 |_   _| | __| / __| |_   _|   | _ \   /_\   / __| / __| | __| |   \ 
   | |   | _|  \__ \   | |     |  _/  / _ \  \__ \ \__ \ | _|  | |) |
   |_|   |___| |___/   |_|     |_|   /_/ \_\ |___/ |___/ |___| |___/ 

As user, I have be able to failed sign in because email and password field empty
----------------------------------------------------------------------
14:11:05.443 [AsyncHttpClient-1-9] DEBUG org.asynchttpclient.netty.handler.WebSocketHandler - Channel Closed: [id: 0xdc813e2d, L:/127.0.0.1:14282 ! R:localhost/127.0.0.1:14275] with attribute NettyResponseFuture{currentRetry=0,
	isDone=1,
	isCancelled=0,
	asyncHandler=org.asynchttpclient.ws.WebSocketUpgradeHandler@137ce87,
	nettyRequest=org.asynchttpclient.netty.request.NettyRequest@11916d3,
	future=java.util.concurrent.CompletableFuture@18cd429[Completed normally],
	uri=ws://localhost:14275/devtools/browser/ff533f01-b997-41ef-92ec-88d2123a7351,
	keepAlive=true,
	redirectCount=0,
	timeoutsHolder=null,
	inAuth=0,
	touch=1687677055596}
14:11:05.443 [AsyncHttpClient-1-9] DEBUG org.asynchttpclient.netty.channel.ChannelManager - Closing Channel [id: 0xdc813e2d, L:/127.0.0.1:14282 ! R:localhost/127.0.0.1:14275] 
14:11:05.443 [Driver Command Executor] DEBUG org.asynchttpclient.netty.request.NettyRequestSender - Using pooled Channel '[id: 0x9fbb2057, L:/127.0.0.1:14274 - R:localhost/127.0.0.1:39334]' for 'DELETE' to 'http://localhost:39334/session/6c565e701c4bd71b4ab58d7ef27d3693'
14:11:05.444 [Driver Command Executor] DEBUG org.asynchttpclient.netty.request.NettyRequestSender - Using open Channel [id: 0x9fbb2057, L:/127.0.0.1:14274 - R:localhost/127.0.0.1:39334] for DELETE '/session/6c565e701c4bd71b4ab58d7ef27d3693'
14:11:05.703 [AsyncHttpClient-1-8] DEBUG org.asynchttpclient.netty.handler.HttpHandler - Unexpected I/O exception on channel [id: 0xa246bb89, L:/127.0.0.1:14281 - R:localhost/127.0.0.1:14275]
java.io.IOException: An existing connection was forcibly closed by the remote host
	at sun.nio.ch.SocketDispatcher.read0(Native Method)
	at sun.nio.ch.SocketDispatcher.read(SocketDispatcher.java:43)
	at sun.nio.ch.IOUtil.readIntoNativeBuffer(IOUtil.java:223)
	at sun.nio.ch.IOUtil.read(IOUtil.java:192)
	at sun.nio.ch.SocketChannelImpl.read(SocketChannelImpl.java:379)
	at io.netty.buffer.PooledByteBuf.setBytes(PooledByteBuf.java:259)
	at io.netty.buffer.AbstractByteBuf.writeBytes(AbstractByteBuf.java:1132)
	at io.netty.channel.socket.nio.NioSocketChannel.doReadBytes(NioSocketChannel.java:357)
	at io.netty.channel.nio.AbstractNioByteChannel$NioByteUnsafe.read(AbstractNioByteChannel.java:151)
	at io.netty.channel.nio.NioEventLoop.processSelectedKey(NioEventLoop.java:788)
	at io.netty.channel.nio.NioEventLoop.processSelectedKeysOptimized(NioEventLoop.java:724)
	at io.netty.channel.nio.NioEventLoop.processSelectedKeys(NioEventLoop.java:650)
	at io.netty.channel.nio.NioEventLoop.run(NioEventLoop.java:562)
	at io.netty.util.concurrent.SingleThreadEventExecutor$4.run(SingleThreadEventExecutor.java:997)
	at io.netty.util.internal.ThreadExecutorMap$2.run(ThreadExecutorMap.java:74)
	at io.netty.util.concurrent.FastThreadLocalRunnable.run(FastThreadLocalRunnable.java:30)
	at java.lang.Thread.run(Thread.java:745)
14:11:05.703 [AsyncHttpClient-1-8] DEBUG org.asynchttpclient.netty.channel.ChannelManager - Closing Channel [id: 0xa246bb89, L:/127.0.0.1:14281 - R:localhost/127.0.0.1:14275] 
14:11:05.704 [AsyncHttpClient-1-8] DEBUG org.asynchttpclient.netty.handler.HttpHandler - Channel Closed: [id: 0xa246bb89, L:/127.0.0.1:14281 ! R:localhost/127.0.0.1:14275] with attribute DISCARD
14:11:05.997 [AsyncHttpClient-1-1] DEBUG org.asynchttpclient.netty.channel.DefaultChannelPool - Entry count for : http://localhost:14275 : 1
14:11:05.997 [AsyncHttpClient-1-1] DEBUG org.asynchttpclient.netty.channel.DefaultChannelPool - Adding Candidate expired Channel [id: 0xa246bb89, L:/127.0.0.1:14281 ! R:localhost/127.0.0.1:14275] isIdleTimeoutExpired=false isRemotelyClosed=true isTtlExpired=false
14:11:05.997 [AsyncHttpClient-1-1] DEBUG org.asynchttpclient.netty.channel.DefaultChannelPool - Closing Idle Channel [id: 0xa246bb89, L:/127.0.0.1:14281 ! R:localhost/127.0.0.1:14275]
14:11:05.997 [AsyncHttpClient-1-1] DEBUG org.asynchttpclient.netty.channel.DefaultChannelPool - Closed 1 connections out of 1 in 0 ms
14:11:06.049 [AsyncHttpClient-1-7] DEBUG org.asynchttpclient.netty.handler.HttpHandler - 

Request DefaultFullHttpRequest(decodeResult: success, version: HTTP/1.1, content: EmptyByteBufBE)
DELETE /session/6c565e701c4bd71b4ab58d7ef27d3693 HTTP/1.1
User-Agent: selenium/4.8.1 (java windows)
Content-Type: application/json; charset=utf-8
host: localhost:39334
accept: */*

Response DefaultHttpResponse(decodeResult: success, version: HTTP/1.1)
HTTP/1.1 200 OK
Content-Length: 14
Content-Type: application/json; charset=utf-8
cache-control: no-cache

14:11:06.050 [AsyncHttpClient-1-7] DEBUG org.asynchttpclient.netty.channel.ChannelManager - Adding key: http://localhost:39334 for channel [id: 0x9fbb2057, L:/127.0.0.1:14274 - R:localhost/127.0.0.1:39334]
14:11:06.114 [AsyncHttpClient-1-7] DEBUG org.asynchttpclient.netty.handler.HttpHandler - Channel Closed: [id: 0x9fbb2057, L:/127.0.0.1:14274 ! R:localhost/127.0.0.1:39334] with attribute DISCARD
14:11:07.099 [AsyncHttpClient-1-1] DEBUG org.asynchttpclient.netty.channel.DefaultChannelPool - Entry count for : http://localhost:39334 : 1
14:11:07.099 [AsyncHttpClient-1-1] DEBUG org.asynchttpclient.netty.channel.DefaultChannelPool - Adding Candidate expired Channel [id: 0x9fbb2057, L:/127.0.0.1:14274 ! R:localhost/127.0.0.1:39334] isIdleTimeoutExpired=false isRemotelyClosed=true isTtlExpired=false
14:11:07.099 [AsyncHttpClient-1-1] DEBUG org.asynchttpclient.netty.channel.DefaultChannelPool - Closing Idle Channel [id: 0x9fbb2057, L:/127.0.0.1:14274 ! R:localhost/127.0.0.1:39334]
14:11:07.099 [AsyncHttpClient-1-1] DEBUG org.asynchttpclient.netty.channel.DefaultChannelPool - Closed 1 connections out of 1 in 0 ms
]]></system-out>
    <system-err><![CDATA[Starting ChromeDriver 114.0.5735.90 (386bc09e8f4f2e025eddae123f36f6263096ae49-refs/branch-heads/5735@{#1052}) on port 39334
Only local connections are allowed.
Please see https://chromedriver.chromium.org/security-considerations for suggestions on keeping ChromeDriver safe.
ChromeDriver was started successfully.
Jun 25, 2023 2:10:55 PM org.openqa.selenium.devtools.CdpVersionFinder findNearestMatch
WARNING: Unable to find an exact match for CDP version 114, so returning the closest version found: 110
]]></system-err>
  </testcase>
  <testcase name="As a user, I have successfully view the Stock Cashout" classname="Stock Cashout View" time="30.08">
    <system-out><![CDATA[14:11:07.817 [main] DEBUG io.cucumber.core.plugin.SerenityReporter - Running feature from file:///C:/Users/USER/IdeaProjects/Capston_webtesting/src/test/resources/Feature/StockCashout.feature
14:11:07.817 [main] WARN io.cucumber.core.plugin.SerenityReporter - Feature from file:///C:/Users/USER/IdeaProjects/Capston_webtesting/src/test/resources/Feature/StockCashout.feature is not under the 'features' directory. Requirements report will not be correctly generated!
14:11:07.824 [main] DEBUG net.thucydides.core.steps.StepEventBus - Test suite started for story net.thucydides.core.model.Story@28f13c16
14:11:07.825 [main] INFO  - Test Suite Started: Stock Cashout View

@StockCashout
Scenario: As a user, I have successfully view the Stock Cashout &amp#27;[90m# src/test/resources/Feature/StockCashout.feature:3&amp#27;[0m
14:11:07.837 [main] DEBUG io.cucumber.core.plugin.SerenityReporter - Running feature from file:///C:/Users/USER/IdeaProjects/Capston_webtesting/src/test/resources/Feature/StockCashout.feature
14:11:07.837 [main] WARN io.cucumber.core.plugin.SerenityReporter - Feature from file:///C:/Users/USER/IdeaProjects/Capston_webtesting/src/test/resources/Feature/StockCashout.feature is not under the 'features' directory. Requirements report will not be correctly generated!
14:11:07.842 [main] INFO  - 
  _____   ___   ___   _____     ___   _____     _     ___   _____   ___   ___  
 |_   _| | __| / __| |_   _|   / __| |_   _|   /_\   | _ \ |_   _| | __| |   \ 
   | |   | _|  \__ \   | |     \__ \   | |    / _ \  |   /   | |   | _|  | |) |
   |_|   |___| |___/   |_|     |___/   |_|   /_/ \_\ |_|_\   |_|   |___| |___/ 

As a user, I have successfully view the Stock Cashout(stock-cashout-view;as-a-user--i-have-successfully-view-the-stock-cashout)
--------------------------------------------------------------------------------
14:11:08.015 [main] DEBUG net.thucydides.core.steps.StepInterceptor - STARTING STEP: StockCasoutSteps.onnSignInPage - openPage
14:11:08.556 [main] INFO net.serenitybdd.core.webdriver.driverproviders.ChromeDriverProvider - Starting Chrome driver instance with capabilities:
14:11:08.556 [main] INFO net.serenitybdd.core.webdriver.driverproviders.ChromeDriverProvider - Capabilities {acceptInsecureCerts: false, browserName: chrome, goog:chromeOptions: {args: [remote-allow-origins=*], extensions: []}}
14:11:08.710 [AsyncHttpClient-1-2] DEBUG org.asynchttpclient.netty.channel.NettyConnectListener - Using new Channel '[id: 0x848dd16a, L:/127.0.0.1:14291 - R:localhost/127.0.0.1:3845]' for 'POST' to '/session'
14:11:13.427 [AsyncHttpClient-1-2] DEBUG org.asynchttpclient.netty.handler.HttpHandler - 

Request DefaultHttpRequest(decodeResult: success, version: HTTP/1.1)
POST /session HTTP/1.1
User-Agent: selenium/4.8.1 (java windows)
Content-Length: 507
Content-Type: application/json; charset=utf-8
host: localhost:3845
accept: */*

Response DefaultHttpResponse(decodeResult: success, version: HTTP/1.1)
HTTP/1.1 200 OK
Content-Length: 859
Content-Type: application/json; charset=utf-8
cache-control: no-cache

14:11:13.427 [AsyncHttpClient-1-2] DEBUG org.asynchttpclient.netty.channel.ChannelManager - Adding key: http://localhost:3845 for channel [id: 0x848dd16a, L:/127.0.0.1:14291 - R:localhost/127.0.0.1:3845]
14:11:13.444 [AsyncHttpClient-1-3] DEBUG org.asynchttpclient.netty.channel.NettyConnectListener - Using new Channel '[id: 0x908b7bb2, L:/127.0.0.1:14297 - R:localhost/127.0.0.1:14292]' for 'GET' to '/json/version'
14:11:13.445 [AsyncHttpClient-1-3] DEBUG org.asynchttpclient.netty.handler.HttpHandler - 

Request DefaultFullHttpRequest(decodeResult: success, version: HTTP/1.1, content: EmptyByteBufBE)
GET /json/version HTTP/1.1
User-Agent: selenium/4.8.1 (java windows)
host: localhost:14292
accept: */*

Response DefaultHttpResponse(decodeResult: success, version: HTTP/1.1)
HTTP/1.1 200 OK
Content-Security-Policy: frame-ancestors 'none'
Content-Length: 424
Content-Type: application/json; charset=UTF-8

14:11:13.445 [AsyncHttpClient-1-3] DEBUG org.asynchttpclient.netty.channel.ChannelManager - Adding key: http://localhost:14292 for channel [id: 0x908b7bb2, L:/127.0.0.1:14297 - R:localhost/127.0.0.1:14292]
14:11:13.447 [AsyncHttpClient-1-4] DEBUG org.asynchttpclient.netty.channel.NettyConnectListener - Using new Channel '[id: 0x0d9d36fd, L:/127.0.0.1:14298 - R:localhost/127.0.0.1:14292]' for 'GET' to '/devtools/browser/6c0dcfbf-d0fc-4ddd-a80d-a018c33af286'
14:11:13.448 [AsyncHttpClient-1-4] DEBUG org.asynchttpclient.netty.handler.WebSocketHandler - 

Request DefaultFullHttpRequest(decodeResult: success, version: HTTP/1.1, content: EmptyByteBufBE)
GET /devtools/browser/6c0dcfbf-d0fc-4ddd-a80d-a018c33af286 HTTP/1.1
upgrade: websocket
connection: upgrade
sec-websocket-key: 7bTzFR/2M6SwnBz2qOBBNA==
sec-websocket-version: 13
origin: http://localhost:14292
host: localhost:14292
accept: */*
user-agent: AHC/2.1

Response DefaultHttpResponse(decodeResult: success, version: HTTP/1.1)
HTTP/1.1 101 WebSocket Protocol Handshake
Upgrade: WebSocket
Connection: Upgrade
Sec-WebSocket-Accept: V5zJ7Mh07WNqWDcl9wxUvghRRwM=

14:11:13.461 [Forwarding get on session d8ab11d9f2e66cb92559578c5de5e8cf to remote] DEBUG org.asynchttpclient.netty.request.NettyRequestSender - Using pooled Channel '[id: 0x848dd16a, L:/127.0.0.1:14291 - R:localhost/127.0.0.1:3845]' for 'POST' to 'http://localhost:3845/session/d8ab11d9f2e66cb92559578c5de5e8cf/url'
14:11:13.461 [Forwarding get on session d8ab11d9f2e66cb92559578c5de5e8cf to remote] DEBUG org.asynchttpclient.netty.request.NettyRequestSender - Using open Channel [id: 0x848dd16a, L:/127.0.0.1:14291 - R:localhost/127.0.0.1:3845] for POST '/session/d8ab11d9f2e66cb92559578c5de5e8cf/url'
14:11:13.697 [AsyncHttpClient-1-1] DEBUG org.asynchttpclient.netty.channel.DefaultChannelPool - Entry count for : http://localhost:14292 : 1
14:11:14.799 [AsyncHttpClient-1-1] DEBUG org.asynchttpclient.netty.channel.DefaultChannelPool - Entry count for : http://localhost:14292 : 1
14:11:15.899 [AsyncHttpClient-1-1] DEBUG org.asynchttpclient.netty.channel.DefaultChannelPool - Entry count for : http://localhost:14292 : 1
14:11:16.998 [AsyncHttpClient-1-1] DEBUG org.asynchttpclient.netty.channel.DefaultChannelPool - Entry count for : http://localhost:14292 : 1
14:11:18.098 [AsyncHttpClient-1-1] DEBUG org.asynchttpclient.netty.channel.DefaultChannelPool - Entry count for : http://localhost:14292 : 1
14:11:19.198 [AsyncHttpClient-1-1] DEBUG org.asynchttpclient.netty.channel.DefaultChannelPool - Entry count for : http://localhost:14292 : 1
14:11:20.299 [AsyncHttpClient-1-1] DEBUG org.asynchttpclient.netty.channel.DefaultChannelPool - Entry count for : http://localhost:14292 : 1
14:11:21.398 [AsyncHttpClient-1-1] DEBUG org.asynchttpclient.netty.channel.DefaultChannelPool - Entry count for : http://localhost:14292 : 1
14:11:22.498 [AsyncHttpClient-1-1] DEBUG org.asynchttpclient.netty.channel.DefaultChannelPool - Entry count for : http://localhost:14292 : 1
14:11:22.638 [AsyncHttpClient-1-2] DEBUG org.asynchttpclient.netty.handler.HttpHandler - 

Request DefaultHttpRequest(decodeResult: success, version: HTTP/1.1)
POST /session/d8ab11d9f2e66cb92559578c5de5e8cf/url HTTP/1.1
User-Agent: selenium/4.8.1 (java windows)
Content-Length: 82
Content-Type: application/json; charset=utf-8
host: localhost:3845
accept: */*

Response DefaultHttpResponse(decodeResult: success, version: HTTP/1.1)
HTTP/1.1 200 OK
Content-Length: 14
Content-Type: application/json; charset=utf-8
cache-control: no-cache

14:11:22.639 [AsyncHttpClient-1-2] DEBUG org.asynchttpclient.netty.channel.ChannelManager - Adding key: http://localhost:3845 for channel [id: 0x848dd16a, L:/127.0.0.1:14291 - R:localhost/127.0.0.1:3845]
14:11:22.642 [Forwarding setTimeout on session d8ab11d9f2e66cb92559578c5de5e8cf to remote] DEBUG org.asynchttpclient.netty.request.NettyRequestSender - Using pooled Channel '[id: 0x848dd16a, L:/127.0.0.1:14291 - R:localhost/127.0.0.1:3845]' for 'POST' to 'http://localhost:3845/session/d8ab11d9f2e66cb92559578c5de5e8cf/timeouts'
14:11:22.642 [Forwarding setTimeout on session d8ab11d9f2e66cb92559578c5de5e8cf to remote] DEBUG org.asynchttpclient.netty.request.NettyRequestSender - Using open Channel [id: 0x848dd16a, L:/127.0.0.1:14291 - R:localhost/127.0.0.1:3845] for POST '/session/d8ab11d9f2e66cb92559578c5de5e8cf/timeouts'
14:11:22.645 [AsyncHttpClient-1-2] DEBUG org.asynchttpclient.netty.handler.HttpHandler - 

Request DefaultHttpRequest(decodeResult: success, version: HTTP/1.1)
POST /session/d8ab11d9f2e66cb92559578c5de5e8cf/timeouts HTTP/1.1
User-Agent: selenium/4.8.1 (java windows)
Content-Length: 22
Content-Type: application/json; charset=utf-8
host: localhost:3845
accept: */*

Response DefaultHttpResponse(decodeResult: success, version: HTTP/1.1)
HTTP/1.1 200 OK
Content-Length: 14
Content-Type: application/json; charset=utf-8
cache-control: no-cache

14:11:22.645 [AsyncHttpClient-1-2] DEBUG org.asynchttpclient.netty.channel.ChannelManager - Adding key: http://localhost:3845 for channel [id: 0x848dd16a, L:/127.0.0.1:14291 - R:localhost/127.0.0.1:3845]
14:11:22.663 [main] DEBUG net.serenitybdd.core.photography.Darkroom - Opening darkroom
14:11:22.667 [Forwarding getAlertText on session d8ab11d9f2e66cb92559578c5de5e8cf to remote] DEBUG org.asynchttpclient.netty.request.NettyRequestSender - Using pooled Channel '[id: 0x848dd16a, L:/127.0.0.1:14291 - R:localhost/127.0.0.1:3845]' for 'GET' to 'http://localhost:3845/session/d8ab11d9f2e66cb92559578c5de5e8cf/alert/text'
14:11:22.667 [Forwarding getAlertText on session d8ab11d9f2e66cb92559578c5de5e8cf to remote] DEBUG org.asynchttpclient.netty.request.NettyRequestSender - Using open Channel [id: 0x848dd16a, L:/127.0.0.1:14291 - R:localhost/127.0.0.1:3845] for GET '/session/d8ab11d9f2e66cb92559578c5de5e8cf/alert/text'
14:11:22.668 [Darkroom Processing Line] DEBUG net.serenitybdd.core.photography.DarkroomProcessingLine - Darkroom processing line starting up
14:11:22.671 [AsyncHttpClient-1-2] DEBUG org.asynchttpclient.netty.handler.HttpHandler - 

Request DefaultFullHttpRequest(decodeResult: success, version: HTTP/1.1, content: EmptyByteBufBE)
GET /session/d8ab11d9f2e66cb92559578c5de5e8cf/alert/text HTTP/1.1
User-Agent: selenium/4.8.1 (java windows)
Cache-Control: no-cache
Content-Type: application/json; charset=utf-8
host: localhost:3845
accept: */*

Response DefaultHttpResponse(decodeResult: success, version: HTTP/1.1)
HTTP/1.1 404 Not Found
Content-Length: 807
Content-Type: application/json; charset=utf-8
cache-control: no-cache

14:11:22.672 [AsyncHttpClient-1-2] DEBUG org.asynchttpclient.netty.channel.ChannelManager - Adding key: http://localhost:3845 for channel [id: 0x848dd16a, L:/127.0.0.1:14291 - R:localhost/127.0.0.1:3845]
14:11:22.674 [Forwarding getCurrentUrl on session d8ab11d9f2e66cb92559578c5de5e8cf to remote] DEBUG org.asynchttpclient.netty.request.NettyRequestSender - Using pooled Channel '[id: 0x848dd16a, L:/127.0.0.1:14291 - R:localhost/127.0.0.1:3845]' for 'GET' to 'http://localhost:3845/session/d8ab11d9f2e66cb92559578c5de5e8cf/url'
14:11:22.674 [Forwarding getCurrentUrl on session d8ab11d9f2e66cb92559578c5de5e8cf to remote] DEBUG org.asynchttpclient.netty.request.NettyRequestSender - Using open Channel [id: 0x848dd16a, L:/127.0.0.1:14291 - R:localhost/127.0.0.1:3845] for GET '/session/d8ab11d9f2e66cb92559578c5de5e8cf/url'
14:11:22.682 [AsyncHttpClient-1-2] DEBUG org.asynchttpclient.netty.handler.HttpHandler - 

Request DefaultFullHttpRequest(decodeResult: success, version: HTTP/1.1, content: EmptyByteBufBE)
GET /session/d8ab11d9f2e66cb92559578c5de5e8cf/url HTTP/1.1
User-Agent: selenium/4.8.1 (java windows)
Cache-Control: no-cache
Content-Type: application/json; charset=utf-8
host: localhost:3845
accept: */*

Response DefaultHttpResponse(decodeResult: success, version: HTTP/1.1)
HTTP/1.1 200 OK
Content-Length: 64
Content-Type: application/json; charset=utf-8
cache-control: no-cache

14:11:22.682 [AsyncHttpClient-1-2] DEBUG org.asynchttpclient.netty.channel.ChannelManager - Adding key: http://localhost:3845 for channel [id: 0x848dd16a, L:/127.0.0.1:14291 - R:localhost/127.0.0.1:3845]
14:11:22.684 [Forwarding screenshot on session d8ab11d9f2e66cb92559578c5de5e8cf to remote] DEBUG org.asynchttpclient.netty.request.NettyRequestSender - Using pooled Channel '[id: 0x848dd16a, L:/127.0.0.1:14291 - R:localhost/127.0.0.1:3845]' for 'GET' to 'http://localhost:3845/session/d8ab11d9f2e66cb92559578c5de5e8cf/screenshot'
14:11:22.684 [Forwarding screenshot on session d8ab11d9f2e66cb92559578c5de5e8cf to remote] DEBUG org.asynchttpclient.netty.request.NettyRequestSender - Using open Channel [id: 0x848dd16a, L:/127.0.0.1:14291 - R:localhost/127.0.0.1:3845] for GET '/session/d8ab11d9f2e66cb92559578c5de5e8cf/screenshot'
14:11:23.598 [AsyncHttpClient-1-1] DEBUG org.asynchttpclient.netty.channel.DefaultChannelPool - Entry count for : http://localhost:14292 : 1
14:11:24.698 [AsyncHttpClient-1-1] DEBUG org.asynchttpclient.netty.channel.DefaultChannelPool - Entry count for : http://localhost:14292 : 1
14:11:25.798 [AsyncHttpClient-1-1] DEBUG org.asynchttpclient.netty.channel.DefaultChannelPool - Entry count for : http://localhost:14292 : 1
14:11:26.103 [AsyncHttpClient-1-2] DEBUG org.asynchttpclient.netty.handler.HttpHandler - 

Request DefaultFullHttpRequest(decodeResult: success, version: HTTP/1.1, content: EmptyByteBufBE)
GET /session/d8ab11d9f2e66cb92559578c5de5e8cf/screenshot HTTP/1.1
User-Agent: selenium/4.8.1 (java windows)
Cache-Control: no-cache
Content-Type: application/json; charset=utf-8
host: localhost:3845
accept: */*

Response DefaultHttpResponse(decodeResult: success, version: HTTP/1.1)
HTTP/1.1 200 OK
Content-Length: 47472
Content-Type: application/json; charset=utf-8
cache-control: no-cache

14:11:26.104 [AsyncHttpClient-1-2] DEBUG org.asynchttpclient.netty.channel.ChannelManager - Adding key: http://localhost:3845 for channel [id: 0x848dd16a, L:/127.0.0.1:14291 - R:localhost/127.0.0.1:3845]
14:11:26.108 [main] DEBUG net.serenitybdd.core.photography.Darkroom - Send negative for processing for target\site\serenity\e37ee6f66f3bed3bfdec5240173bfd987335cd3f8a7776f260fdb27d13104633.png
14:11:26.109 [main] DEBUG net.thucydides.core.steps.StepInterceptor - STEP DONE: openPage
  &amp#27;[32mGiven &amp#27;[0m&amp#27;[32mI am on the signn in pageeee&amp#27;[0m                            &amp#27;[90m# Starter.Stepdefitions.StockCasoutSteps.onnSignInPage()&amp#27;[0m
14:11:26.109 [Darkroom Processing Line] DEBUG net.serenitybdd.core.photography.DarkroomProcessingLine - Processing screenshot image in /var/screenshots/screenshot-4342711687527791578
14:11:26.109 [Darkroom Processing Line] DEBUG net.serenitybdd.core.photography.DarkroomProcessingLine - Saving screenshot to target\site\serenity\e37ee6f66f3bed3bfdec5240173bfd987335cd3f8a7776f260fdb27d13104633.png
14:11:26.127 [Forwarding getPageSource on session d8ab11d9f2e66cb92559578c5de5e8cf to remote] DEBUG org.asynchttpclient.netty.request.NettyRequestSender - Using pooled Channel '[id: 0x848dd16a, L:/127.0.0.1:14291 - R:localhost/127.0.0.1:3845]' for 'POST' to 'http://localhost:3845/session/d8ab11d9f2e66cb92559578c5de5e8cf/execute/sync'
14:11:26.127 [Forwarding getPageSource on session d8ab11d9f2e66cb92559578c5de5e8cf to remote] DEBUG org.asynchttpclient.netty.request.NettyRequestSender - Using open Channel [id: 0x848dd16a, L:/127.0.0.1:14291 - R:localhost/127.0.0.1:3845] for POST '/session/d8ab11d9f2e66cb92559578c5de5e8cf/execute/sync'
14:11:26.135 [AsyncHttpClient-1-2] DEBUG org.asynchttpclient.netty.handler.HttpHandler - 

Request DefaultHttpRequest(decodeResult: success, version: HTTP/1.1)
POST /session/d8ab11d9f2e66cb92559578c5de5e8cf/execute/sync HTTP/1.1
User-Agent: selenium/4.8.1 (java windows)
Content-Length: 176
Content-Type: application/json; charset=utf-8
host: localhost:3845
accept: */*

Response DefaultHttpResponse(decodeResult: success, version: HTTP/1.1)
HTTP/1.1 200 OK
Content-Length: 5992
Content-Type: application/json; charset=utf-8
cache-control: no-cache

14:11:26.136 [AsyncHttpClient-1-2] DEBUG org.asynchttpclient.netty.channel.ChannelManager - Adding key: http://localhost:3845 for channel [id: 0x848dd16a, L:/127.0.0.1:14291 - R:localhost/127.0.0.1:3845]
14:11:26.141 [Forwarding getCurrentUrl on session d8ab11d9f2e66cb92559578c5de5e8cf to remote] DEBUG org.asynchttpclient.netty.request.NettyRequestSender - Using pooled Channel '[id: 0x848dd16a, L:/127.0.0.1:14291 - R:localhost/127.0.0.1:3845]' for 'GET' to 'http://localhost:3845/session/d8ab11d9f2e66cb92559578c5de5e8cf/url'
14:11:26.141 [Forwarding getCurrentUrl on session d8ab11d9f2e66cb92559578c5de5e8cf to remote] DEBUG org.asynchttpclient.netty.request.NettyRequestSender - Using open Channel [id: 0x848dd16a, L:/127.0.0.1:14291 - R:localhost/127.0.0.1:3845] for GET '/session/d8ab11d9f2e66cb92559578c5de5e8cf/url'
14:11:26.147 [AsyncHttpClient-1-2] DEBUG org.asynchttpclient.netty.handler.HttpHandler - 

Request DefaultFullHttpRequest(decodeResult: success, version: HTTP/1.1, content: EmptyByteBufBE)
GET /session/d8ab11d9f2e66cb92559578c5de5e8cf/url HTTP/1.1
User-Agent: selenium/4.8.1 (java windows)
Cache-Control: no-cache
Content-Type: application/json; charset=utf-8
host: localhost:3845
accept: */*

Response DefaultHttpResponse(decodeResult: success, version: HTTP/1.1)
HTTP/1.1 200 OK
Content-Length: 64
Content-Type: application/json; charset=utf-8
cache-control: no-cache

14:11:26.147 [AsyncHttpClient-1-2] DEBUG org.asynchttpclient.netty.channel.ChannelManager - Adding key: http://localhost:3845 for channel [id: 0x848dd16a, L:/127.0.0.1:14291 - R:localhost/127.0.0.1:3845]
14:11:26.170 [Forwarding getAlertText on session d8ab11d9f2e66cb92559578c5de5e8cf to remote] DEBUG org.asynchttpclient.netty.request.NettyRequestSender - Using pooled Channel '[id: 0x848dd16a, L:/127.0.0.1:14291 - R:localhost/127.0.0.1:3845]' for 'GET' to 'http://localhost:3845/session/d8ab11d9f2e66cb92559578c5de5e8cf/alert/text'
14:11:26.170 [Forwarding getAlertText on session d8ab11d9f2e66cb92559578c5de5e8cf to remote] DEBUG org.asynchttpclient.netty.request.NettyRequestSender - Using open Channel [id: 0x848dd16a, L:/127.0.0.1:14291 - R:localhost/127.0.0.1:3845] for GET '/session/d8ab11d9f2e66cb92559578c5de5e8cf/alert/text'
14:11:26.176 [AsyncHttpClient-1-2] DEBUG org.asynchttpclient.netty.handler.HttpHandler - 

Request DefaultFullHttpRequest(decodeResult: success, version: HTTP/1.1, content: EmptyByteBufBE)
GET /session/d8ab11d9f2e66cb92559578c5de5e8cf/alert/text HTTP/1.1
User-Agent: selenium/4.8.1 (java windows)
Cache-Control: no-cache
Content-Type: application/json; charset=utf-8
host: localhost:3845
accept: */*

Response DefaultHttpResponse(decodeResult: success, version: HTTP/1.1)
HTTP/1.1 404 Not Found
Content-Length: 807
Content-Type: application/json; charset=utf-8
cache-control: no-cache

14:11:26.177 [AsyncHttpClient-1-2] DEBUG org.asynchttpclient.netty.channel.ChannelManager - Adding key: http://localhost:3845 for channel [id: 0x848dd16a, L:/127.0.0.1:14291 - R:localhost/127.0.0.1:3845]
14:11:26.179 [Forwarding getCurrentUrl on session d8ab11d9f2e66cb92559578c5de5e8cf to remote] DEBUG org.asynchttpclient.netty.request.NettyRequestSender - Using pooled Channel '[id: 0x848dd16a, L:/127.0.0.1:14291 - R:localhost/127.0.0.1:3845]' for 'GET' to 'http://localhost:3845/session/d8ab11d9f2e66cb92559578c5de5e8cf/url'
14:11:26.179 [Forwarding getCurrentUrl on session d8ab11d9f2e66cb92559578c5de5e8cf to remote] DEBUG org.asynchttpclient.netty.request.NettyRequestSender - Using open Channel [id: 0x848dd16a, L:/127.0.0.1:14291 - R:localhost/127.0.0.1:3845] for GET '/session/d8ab11d9f2e66cb92559578c5de5e8cf/url'
14:11:26.186 [AsyncHttpClient-1-2] DEBUG org.asynchttpclient.netty.handler.HttpHandler - 

Request DefaultFullHttpRequest(decodeResult: success, version: HTTP/1.1, content: EmptyByteBufBE)
GET /session/d8ab11d9f2e66cb92559578c5de5e8cf/url HTTP/1.1
User-Agent: selenium/4.8.1 (java windows)
Cache-Control: no-cache
Content-Type: application/json; charset=utf-8
host: localhost:3845
accept: */*

Response DefaultHttpResponse(decodeResult: success, version: HTTP/1.1)
HTTP/1.1 200 OK
Content-Length: 64
Content-Type: application/json; charset=utf-8
cache-control: no-cache

14:11:26.186 [AsyncHttpClient-1-2] DEBUG org.asynchttpclient.netty.channel.ChannelManager - Adding key: http://localhost:3845 for channel [id: 0x848dd16a, L:/127.0.0.1:14291 - R:localhost/127.0.0.1:3845]
14:11:26.188 [Forwarding screenshot on session d8ab11d9f2e66cb92559578c5de5e8cf to remote] DEBUG org.asynchttpclient.netty.request.NettyRequestSender - Using pooled Channel '[id: 0x848dd16a, L:/127.0.0.1:14291 - R:localhost/127.0.0.1:3845]' for 'GET' to 'http://localhost:3845/session/d8ab11d9f2e66cb92559578c5de5e8cf/screenshot'
14:11:26.188 [Forwarding screenshot on session d8ab11d9f2e66cb92559578c5de5e8cf to remote] DEBUG org.asynchttpclient.netty.request.NettyRequestSender - Using open Channel [id: 0x848dd16a, L:/127.0.0.1:14291 - R:localhost/127.0.0.1:3845] for GET '/session/d8ab11d9f2e66cb92559578c5de5e8cf/screenshot'
14:11:26.291 [AsyncHttpClient-1-2] DEBUG org.asynchttpclient.netty.handler.HttpHandler - 

Request DefaultFullHttpRequest(decodeResult: success, version: HTTP/1.1, content: EmptyByteBufBE)
GET /session/d8ab11d9f2e66cb92559578c5de5e8cf/screenshot HTTP/1.1
User-Agent: selenium/4.8.1 (java windows)
Cache-Control: no-cache
Content-Type: application/json; charset=utf-8
host: localhost:3845
accept: */*

Response DefaultHttpResponse(decodeResult: success, version: HTTP/1.1)
HTTP/1.1 200 OK
Content-Length: 125596
Content-Type: application/json; charset=utf-8
cache-control: no-cache

14:11:26.292 [AsyncHttpClient-1-2] DEBUG org.asynchttpclient.netty.channel.ChannelManager - Adding key: http://localhost:3845 for channel [id: 0x848dd16a, L:/127.0.0.1:14291 - R:localhost/127.0.0.1:3845]
14:11:26.299 [main] DEBUG net.serenitybdd.core.photography.Darkroom - Send negative for processing for target\site\serenity\830bdd557b85a27d44613b64a7d39bdd5ce5e9cd6eedc8befa21a1ab815b1265.png
14:11:26.302 [Forwarding getPageSource on session d8ab11d9f2e66cb92559578c5de5e8cf to remote] DEBUG org.asynchttpclient.netty.request.NettyRequestSender - Using pooled Channel '[id: 0x848dd16a, L:/127.0.0.1:14291 - R:localhost/127.0.0.1:3845]' for 'POST' to 'http://localhost:3845/session/d8ab11d9f2e66cb92559578c5de5e8cf/execute/sync'
14:11:26.302 [Forwarding getPageSource on session d8ab11d9f2e66cb92559578c5de5e8cf to remote] DEBUG org.asynchttpclient.netty.request.NettyRequestSender - Using open Channel [id: 0x848dd16a, L:/127.0.0.1:14291 - R:localhost/127.0.0.1:3845] for POST '/session/d8ab11d9f2e66cb92559578c5de5e8cf/execute/sync'
14:11:26.308 [AsyncHttpClient-1-2] DEBUG org.asynchttpclient.netty.handler.HttpHandler - 

Request DefaultHttpRequest(decodeResult: success, version: HTTP/1.1)
POST /session/d8ab11d9f2e66cb92559578c5de5e8cf/execute/sync HTTP/1.1
User-Agent: selenium/4.8.1 (java windows)
Content-Length: 176
Content-Type: application/json; charset=utf-8
host: localhost:3845
accept: */*

Response DefaultHttpResponse(decodeResult: success, version: HTTP/1.1)
HTTP/1.1 200 OK
Content-Length: 5992
Content-Type: application/json; charset=utf-8
cache-control: no-cache

14:11:26.309 [AsyncHttpClient-1-2] DEBUG org.asynchttpclient.netty.channel.ChannelManager - Adding key: http://localhost:3845 for channel [id: 0x848dd16a, L:/127.0.0.1:14291 - R:localhost/127.0.0.1:3845]
14:11:26.312 [Forwarding getCurrentUrl on session d8ab11d9f2e66cb92559578c5de5e8cf to remote] DEBUG org.asynchttpclient.netty.request.NettyRequestSender - Using pooled Channel '[id: 0x848dd16a, L:/127.0.0.1:14291 - R:localhost/127.0.0.1:3845]' for 'GET' to 'http://localhost:3845/session/d8ab11d9f2e66cb92559578c5de5e8cf/url'
14:11:26.312 [Forwarding getCurrentUrl on session d8ab11d9f2e66cb92559578c5de5e8cf to remote] DEBUG org.asynchttpclient.netty.request.NettyRequestSender - Using open Channel [id: 0x848dd16a, L:/127.0.0.1:14291 - R:localhost/127.0.0.1:3845] for GET '/session/d8ab11d9f2e66cb92559578c5de5e8cf/url'
14:11:26.317 [AsyncHttpClient-1-2] DEBUG org.asynchttpclient.netty.handler.HttpHandler - 

Request DefaultFullHttpRequest(decodeResult: success, version: HTTP/1.1, content: EmptyByteBufBE)
GET /session/d8ab11d9f2e66cb92559578c5de5e8cf/url HTTP/1.1
User-Agent: selenium/4.8.1 (java windows)
Cache-Control: no-cache
Content-Type: application/json; charset=utf-8
host: localhost:3845
accept: */*

Response DefaultHttpResponse(decodeResult: success, version: HTTP/1.1)
HTTP/1.1 200 OK
Content-Length: 64
Content-Type: application/json; charset=utf-8
cache-control: no-cache

14:11:26.317 [AsyncHttpClient-1-2] DEBUG org.asynchttpclient.netty.channel.ChannelManager - Adding key: http://localhost:3845 for channel [id: 0x848dd16a, L:/127.0.0.1:14291 - R:localhost/127.0.0.1:3845]
14:11:26.320 [main] DEBUG net.thucydides.core.steps.StepInterceptor - STARTING STEP: StockCasoutSteps.inputttEmailll - inputttEmailll
14:11:26.326 [Forwarding findElement on session d8ab11d9f2e66cb92559578c5de5e8cf to remote] DEBUG org.asynchttpclient.netty.request.NettyRequestSender - Using pooled Channel '[id: 0x848dd16a, L:/127.0.0.1:14291 - R:localhost/127.0.0.1:3845]' for 'POST' to 'http://localhost:3845/session/d8ab11d9f2e66cb92559578c5de5e8cf/element'
14:11:26.326 [Forwarding findElement on session d8ab11d9f2e66cb92559578c5de5e8cf to remote] DEBUG org.asynchttpclient.netty.request.NettyRequestSender - Using open Channel [id: 0x848dd16a, L:/127.0.0.1:14291 - R:localhost/127.0.0.1:3845] for POST '/session/d8ab11d9f2e66cb92559578c5de5e8cf/element'
14:11:26.343 [AsyncHttpClient-1-2] DEBUG org.asynchttpclient.netty.handler.HttpHandler - 

Request DefaultHttpRequest(decodeResult: success, version: HTTP/1.1)
POST /session/d8ab11d9f2e66cb92559578c5de5e8cf/element HTTP/1.1
User-Agent: selenium/4.8.1 (java windows)
Content-Length: 67
Content-Type: application/json; charset=utf-8
host: localhost:3845
accept: */*

Response DefaultHttpResponse(decodeResult: success, version: HTTP/1.1)
HTTP/1.1 200 OK
Content-Length: 94
Content-Type: application/json; charset=utf-8
cache-control: no-cache

14:11:26.344 [AsyncHttpClient-1-2] DEBUG org.asynchttpclient.netty.channel.ChannelManager - Adding key: http://localhost:3845 for channel [id: 0x848dd16a, L:/127.0.0.1:14291 - R:localhost/127.0.0.1:3845]
14:11:26.345 [Forwarding clearElement on session d8ab11d9f2e66cb92559578c5de5e8cf to remote] DEBUG org.asynchttpclient.netty.request.NettyRequestSender - Using pooled Channel '[id: 0x848dd16a, L:/127.0.0.1:14291 - R:localhost/127.0.0.1:3845]' for 'POST' to 'http://localhost:3845/session/d8ab11d9f2e66cb92559578c5de5e8cf/element/FE8892E94CB8FC1509788E31C8AD8443_element_9/clear'
14:11:26.345 [Forwarding clearElement on session d8ab11d9f2e66cb92559578c5de5e8cf to remote] DEBUG org.asynchttpclient.netty.request.NettyRequestSender - Using open Channel [id: 0x848dd16a, L:/127.0.0.1:14291 - R:localhost/127.0.0.1:3845] for POST '/session/d8ab11d9f2e66cb92559578c5de5e8cf/element/FE8892E94CB8FC1509788E31C8AD8443_element_9/clear'
14:11:26.398 [AsyncHttpClient-1-2] DEBUG org.asynchttpclient.netty.handler.HttpHandler - 

Request DefaultHttpRequest(decodeResult: success, version: HTTP/1.1)
POST /session/d8ab11d9f2e66cb92559578c5de5e8cf/element/FE8892E94CB8FC1509788E31C8AD8443_element_9/clear HTTP/1.1
User-Agent: selenium/4.8.1 (java windows)
Content-Length: 56
Content-Type: application/json; charset=utf-8
host: localhost:3845
accept: */*

Response DefaultHttpResponse(decodeResult: success, version: HTTP/1.1)
HTTP/1.1 200 OK
Content-Length: 14
Content-Type: application/json; charset=utf-8
cache-control: no-cache

14:11:26.398 [AsyncHttpClient-1-2] DEBUG org.asynchttpclient.netty.channel.ChannelManager - Adding key: http://localhost:3845 for channel [id: 0x848dd16a, L:/127.0.0.1:14291 - R:localhost/127.0.0.1:3845]
14:11:26.401 [Forwarding sendKeysToElement on session d8ab11d9f2e66cb92559578c5de5e8cf to remote] DEBUG org.asynchttpclient.netty.request.NettyRequestSender - Using pooled Channel '[id: 0x848dd16a, L:/127.0.0.1:14291 - R:localhost/127.0.0.1:3845]' for 'POST' to 'http://localhost:3845/session/d8ab11d9f2e66cb92559578c5de5e8cf/element/FE8892E94CB8FC1509788E31C8AD8443_element_9/value'
14:11:26.401 [Forwarding sendKeysToElement on session d8ab11d9f2e66cb92559578c5de5e8cf to remote] DEBUG org.asynchttpclient.netty.request.NettyRequestSender - Using open Channel [id: 0x848dd16a, L:/127.0.0.1:14291 - R:localhost/127.0.0.1:3845] for POST '/session/d8ab11d9f2e66cb92559578c5de5e8cf/element/FE8892E94CB8FC1509788E31C8AD8443_element_9/value'
14:11:26.771 [AsyncHttpClient-1-2] DEBUG org.asynchttpclient.netty.handler.HttpHandler - 

Request DefaultHttpRequest(decodeResult: success, version: HTTP/1.1)
POST /session/d8ab11d9f2e66cb92559578c5de5e8cf/element/FE8892E94CB8FC1509788E31C8AD8443_element_9/value HTTP/1.1
User-Agent: selenium/4.8.1 (java windows)
Content-Length: 257
Content-Type: application/json; charset=utf-8
host: localhost:3845
accept: */*

Response DefaultHttpResponse(decodeResult: success, version: HTTP/1.1)
HTTP/1.1 200 OK
Content-Length: 14
Content-Type: application/json; charset=utf-8
cache-control: no-cache

14:11:26.772 [AsyncHttpClient-1-2] DEBUG org.asynchttpclient.netty.channel.ChannelManager - Adding key: http://localhost:3845 for channel [id: 0x848dd16a, L:/127.0.0.1:14291 - R:localhost/127.0.0.1:3845]
14:11:26.786 [Forwarding getAlertText on session d8ab11d9f2e66cb92559578c5de5e8cf to remote] DEBUG org.asynchttpclient.netty.request.NettyRequestSender - Using pooled Channel '[id: 0x848dd16a, L:/127.0.0.1:14291 - R:localhost/127.0.0.1:3845]' for 'GET' to 'http://localhost:3845/session/d8ab11d9f2e66cb92559578c5de5e8cf/alert/text'
14:11:26.786 [Forwarding getAlertText on session d8ab11d9f2e66cb92559578c5de5e8cf to remote] DEBUG org.asynchttpclient.netty.request.NettyRequestSender - Using open Channel [id: 0x848dd16a, L:/127.0.0.1:14291 - R:localhost/127.0.0.1:3845] for GET '/session/d8ab11d9f2e66cb92559578c5de5e8cf/alert/text'
14:11:26.788 [AsyncHttpClient-1-2] DEBUG org.asynchttpclient.netty.handler.HttpHandler - 

Request DefaultFullHttpRequest(decodeResult: success, version: HTTP/1.1, content: EmptyByteBufBE)
GET /session/d8ab11d9f2e66cb92559578c5de5e8cf/alert/text HTTP/1.1
User-Agent: selenium/4.8.1 (java windows)
Cache-Control: no-cache
Content-Type: application/json; charset=utf-8
host: localhost:3845
accept: */*

Response DefaultHttpResponse(decodeResult: success, version: HTTP/1.1)
HTTP/1.1 404 Not Found
Content-Length: 807
Content-Type: application/json; charset=utf-8
cache-control: no-cache

14:11:26.788 [AsyncHttpClient-1-2] DEBUG org.asynchttpclient.netty.channel.ChannelManager - Adding key: http://localhost:3845 for channel [id: 0x848dd16a, L:/127.0.0.1:14291 - R:localhost/127.0.0.1:3845]
14:11:26.791 [Forwarding getCurrentUrl on session d8ab11d9f2e66cb92559578c5de5e8cf to remote] DEBUG org.asynchttpclient.netty.request.NettyRequestSender - Using pooled Channel '[id: 0x848dd16a, L:/127.0.0.1:14291 - R:localhost/127.0.0.1:3845]' for 'GET' to 'http://localhost:3845/session/d8ab11d9f2e66cb92559578c5de5e8cf/url'
14:11:26.791 [Forwarding getCurrentUrl on session d8ab11d9f2e66cb92559578c5de5e8cf to remote] DEBUG org.asynchttpclient.netty.request.NettyRequestSender - Using open Channel [id: 0x848dd16a, L:/127.0.0.1:14291 - R:localhost/127.0.0.1:3845] for GET '/session/d8ab11d9f2e66cb92559578c5de5e8cf/url'
14:11:26.796 [AsyncHttpClient-1-2] DEBUG org.asynchttpclient.netty.handler.HttpHandler - 

Request DefaultFullHttpRequest(decodeResult: success, version: HTTP/1.1, content: EmptyByteBufBE)
GET /session/d8ab11d9f2e66cb92559578c5de5e8cf/url HTTP/1.1
User-Agent: selenium/4.8.1 (java windows)
Cache-Control: no-cache
Content-Type: application/json; charset=utf-8
host: localhost:3845
accept: */*

Response DefaultHttpResponse(decodeResult: success, version: HTTP/1.1)
HTTP/1.1 200 OK
Content-Length: 64
Content-Type: application/json; charset=utf-8
cache-control: no-cache

14:11:26.796 [AsyncHttpClient-1-2] DEBUG org.asynchttpclient.netty.channel.ChannelManager - Adding key: http://localhost:3845 for channel [id: 0x848dd16a, L:/127.0.0.1:14291 - R:localhost/127.0.0.1:3845]
14:11:26.797 [Forwarding screenshot on session d8ab11d9f2e66cb92559578c5de5e8cf to remote] DEBUG org.asynchttpclient.netty.request.NettyRequestSender - Using pooled Channel '[id: 0x848dd16a, L:/127.0.0.1:14291 - R:localhost/127.0.0.1:3845]' for 'GET' to 'http://localhost:3845/session/d8ab11d9f2e66cb92559578c5de5e8cf/screenshot'
14:11:26.797 [Forwarding screenshot on session d8ab11d9f2e66cb92559578c5de5e8cf to remote] DEBUG org.asynchttpclient.netty.request.NettyRequestSender - Using open Channel [id: 0x848dd16a, L:/127.0.0.1:14291 - R:localhost/127.0.0.1:3845] for GET '/session/d8ab11d9f2e66cb92559578c5de5e8cf/screenshot'
14:11:26.903 [AsyncHttpClient-1-1] DEBUG org.asynchttpclient.netty.channel.DefaultChannelPool - Entry count for : http://localhost:14292 : 1
14:11:26.928 [AsyncHttpClient-1-2] DEBUG org.asynchttpclient.netty.handler.HttpHandler - 

Request DefaultFullHttpRequest(decodeResult: success, version: HTTP/1.1, content: EmptyByteBufBE)
GET /session/d8ab11d9f2e66cb92559578c5de5e8cf/screenshot HTTP/1.1
User-Agent: selenium/4.8.1 (java windows)
Cache-Control: no-cache
Content-Type: application/json; charset=utf-8
host: localhost:3845
accept: */*

Response DefaultHttpResponse(decodeResult: success, version: HTTP/1.1)
HTTP/1.1 200 OK
Content-Length: 126880
Content-Type: application/json; charset=utf-8
cache-control: no-cache

14:11:26.930 [AsyncHttpClient-1-2] DEBUG org.asynchttpclient.netty.channel.ChannelManager - Adding key: http://localhost:3845 for channel [id: 0x848dd16a, L:/127.0.0.1:14291 - R:localhost/127.0.0.1:3845]
14:11:26.940 [main] DEBUG net.serenitybdd.core.photography.Darkroom - Send negative for processing for target\site\serenity\9ec64985c01a5d7457eb74c476de1babf70ca3704579374954728a8216b455ce.png
14:11:26.941 [main] DEBUG net.thucydides.core.steps.StepInterceptor - STEP DONE: inputttEmailll
  &amp#27;[32mWhen &amp#27;[0m&amp#27;[32mI inputttt emailll&amp#27;[0m                                       &amp#27;[90m# Starter.Stepdefitions.StockCasoutSteps.inputttEmailll()&amp#27;[0m
14:11:26.962 [Forwarding getPageSource on session d8ab11d9f2e66cb92559578c5de5e8cf to remote] DEBUG org.asynchttpclient.netty.request.NettyRequestSender - Using pooled Channel '[id: 0x848dd16a, L:/127.0.0.1:14291 - R:localhost/127.0.0.1:3845]' for 'POST' to 'http://localhost:3845/session/d8ab11d9f2e66cb92559578c5de5e8cf/execute/sync'
14:11:26.962 [Forwarding getPageSource on session d8ab11d9f2e66cb92559578c5de5e8cf to remote] DEBUG org.asynchttpclient.netty.request.NettyRequestSender - Using open Channel [id: 0x848dd16a, L:/127.0.0.1:14291 - R:localhost/127.0.0.1:3845] for POST '/session/d8ab11d9f2e66cb92559578c5de5e8cf/execute/sync'
14:11:26.976 [AsyncHttpClient-1-2] DEBUG org.asynchttpclient.netty.handler.HttpHandler - 

Request DefaultHttpRequest(decodeResult: success, version: HTTP/1.1)
POST /session/d8ab11d9f2e66cb92559578c5de5e8cf/execute/sync HTTP/1.1
User-Agent: selenium/4.8.1 (java windows)
Content-Length: 176
Content-Type: application/json; charset=utf-8
host: localhost:3845
accept: */*

Response DefaultHttpResponse(decodeResult: success, version: HTTP/1.1)
HTTP/1.1 200 OK
Content-Length: 6025
Content-Type: application/json; charset=utf-8
cache-control: no-cache

14:11:26.976 [AsyncHttpClient-1-2] DEBUG org.asynchttpclient.netty.channel.ChannelManager - Adding key: http://localhost:3845 for channel [id: 0x848dd16a, L:/127.0.0.1:14291 - R:localhost/127.0.0.1:3845]
14:11:26.980 [Forwarding getCurrentUrl on session d8ab11d9f2e66cb92559578c5de5e8cf to remote] DEBUG org.asynchttpclient.netty.request.NettyRequestSender - Using pooled Channel '[id: 0x848dd16a, L:/127.0.0.1:14291 - R:localhost/127.0.0.1:3845]' for 'GET' to 'http://localhost:3845/session/d8ab11d9f2e66cb92559578c5de5e8cf/url'
14:11:26.980 [Forwarding getCurrentUrl on session d8ab11d9f2e66cb92559578c5de5e8cf to remote] DEBUG org.asynchttpclient.netty.request.NettyRequestSender - Using open Channel [id: 0x848dd16a, L:/127.0.0.1:14291 - R:localhost/127.0.0.1:3845] for GET '/session/d8ab11d9f2e66cb92559578c5de5e8cf/url'
14:11:26.985 [AsyncHttpClient-1-2] DEBUG org.asynchttpclient.netty.handler.HttpHandler - 

Request DefaultFullHttpRequest(decodeResult: success, version: HTTP/1.1, content: EmptyByteBufBE)
GET /session/d8ab11d9f2e66cb92559578c5de5e8cf/url HTTP/1.1
User-Agent: selenium/4.8.1 (java windows)
Cache-Control: no-cache
Content-Type: application/json; charset=utf-8
host: localhost:3845
accept: */*

Response DefaultHttpResponse(decodeResult: success, version: HTTP/1.1)
HTTP/1.1 200 OK
Content-Length: 64
Content-Type: application/json; charset=utf-8
cache-control: no-cache

14:11:26.985 [AsyncHttpClient-1-2] DEBUG org.asynchttpclient.netty.channel.ChannelManager - Adding key: http://localhost:3845 for channel [id: 0x848dd16a, L:/127.0.0.1:14291 - R:localhost/127.0.0.1:3845]
14:11:27.002 [Forwarding getAlertText on session d8ab11d9f2e66cb92559578c5de5e8cf to remote] DEBUG org.asynchttpclient.netty.request.NettyRequestSender - Using pooled Channel '[id: 0x848dd16a, L:/127.0.0.1:14291 - R:localhost/127.0.0.1:3845]' for 'GET' to 'http://localhost:3845/session/d8ab11d9f2e66cb92559578c5de5e8cf/alert/text'
14:11:27.002 [Forwarding getAlertText on session d8ab11d9f2e66cb92559578c5de5e8cf to remote] DEBUG org.asynchttpclient.netty.request.NettyRequestSender - Using open Channel [id: 0x848dd16a, L:/127.0.0.1:14291 - R:localhost/127.0.0.1:3845] for GET '/session/d8ab11d9f2e66cb92559578c5de5e8cf/alert/text'
14:11:27.004 [AsyncHttpClient-1-2] DEBUG org.asynchttpclient.netty.handler.HttpHandler - 

Request DefaultFullHttpRequest(decodeResult: success, version: HTTP/1.1, content: EmptyByteBufBE)
GET /session/d8ab11d9f2e66cb92559578c5de5e8cf/alert/text HTTP/1.1
User-Agent: selenium/4.8.1 (java windows)
Cache-Control: no-cache
Content-Type: application/json; charset=utf-8
host: localhost:3845
accept: */*

Response DefaultHttpResponse(decodeResult: success, version: HTTP/1.1)
HTTP/1.1 404 Not Found
Content-Length: 807
Content-Type: application/json; charset=utf-8
cache-control: no-cache

14:11:27.004 [AsyncHttpClient-1-2] DEBUG org.asynchttpclient.netty.channel.ChannelManager - Adding key: http://localhost:3845 for channel [id: 0x848dd16a, L:/127.0.0.1:14291 - R:localhost/127.0.0.1:3845]
14:11:27.006 [Forwarding getCurrentUrl on session d8ab11d9f2e66cb92559578c5de5e8cf to remote] DEBUG org.asynchttpclient.netty.request.NettyRequestSender - Using pooled Channel '[id: 0x848dd16a, L:/127.0.0.1:14291 - R:localhost/127.0.0.1:3845]' for 'GET' to 'http://localhost:3845/session/d8ab11d9f2e66cb92559578c5de5e8cf/url'
14:11:27.006 [Forwarding getCurrentUrl on session d8ab11d9f2e66cb92559578c5de5e8cf to remote] DEBUG org.asynchttpclient.netty.request.NettyRequestSender - Using open Channel [id: 0x848dd16a, L:/127.0.0.1:14291 - R:localhost/127.0.0.1:3845] for GET '/session/d8ab11d9f2e66cb92559578c5de5e8cf/url'
14:11:27.011 [AsyncHttpClient-1-2] DEBUG org.asynchttpclient.netty.handler.HttpHandler - 

Request DefaultFullHttpRequest(decodeResult: success, version: HTTP/1.1, content: EmptyByteBufBE)
GET /session/d8ab11d9f2e66cb92559578c5de5e8cf/url HTTP/1.1
User-Agent: selenium/4.8.1 (java windows)
Cache-Control: no-cache
Content-Type: application/json; charset=utf-8
host: localhost:3845
accept: */*

Response DefaultHttpResponse(decodeResult: success, version: HTTP/1.1)
HTTP/1.1 200 OK
Content-Length: 64
Content-Type: application/json; charset=utf-8
cache-control: no-cache

14:11:27.012 [AsyncHttpClient-1-2] DEBUG org.asynchttpclient.netty.channel.ChannelManager - Adding key: http://localhost:3845 for channel [id: 0x848dd16a, L:/127.0.0.1:14291 - R:localhost/127.0.0.1:3845]
14:11:27.013 [Forwarding screenshot on session d8ab11d9f2e66cb92559578c5de5e8cf to remote] DEBUG org.asynchttpclient.netty.request.NettyRequestSender - Using pooled Channel '[id: 0x848dd16a, L:/127.0.0.1:14291 - R:localhost/127.0.0.1:3845]' for 'GET' to 'http://localhost:3845/session/d8ab11d9f2e66cb92559578c5de5e8cf/screenshot'
14:11:27.013 [Forwarding screenshot on session d8ab11d9f2e66cb92559578c5de5e8cf to remote] DEBUG org.asynchttpclient.netty.request.NettyRequestSender - Using open Channel [id: 0x848dd16a, L:/127.0.0.1:14291 - R:localhost/127.0.0.1:3845] for GET '/session/d8ab11d9f2e66cb92559578c5de5e8cf/screenshot'
14:11:27.112 [AsyncHttpClient-1-2] DEBUG org.asynchttpclient.netty.handler.HttpHandler - 

Request DefaultFullHttpRequest(decodeResult: success, version: HTTP/1.1, content: EmptyByteBufBE)
GET /session/d8ab11d9f2e66cb92559578c5de5e8cf/screenshot HTTP/1.1
User-Agent: selenium/4.8.1 (java windows)
Cache-Control: no-cache
Content-Type: application/json; charset=utf-8
host: localhost:3845
accept: */*

Response DefaultHttpResponse(decodeResult: success, version: HTTP/1.1)
HTTP/1.1 200 OK
Content-Length: 126880
Content-Type: application/json; charset=utf-8
cache-control: no-cache

14:11:27.113 [AsyncHttpClient-1-2] DEBUG org.asynchttpclient.netty.channel.ChannelManager - Adding key: http://localhost:3845 for channel [id: 0x848dd16a, L:/127.0.0.1:14291 - R:localhost/127.0.0.1:3845]
14:11:27.122 [main] DEBUG net.serenitybdd.core.photography.Darkroom - Send negative for processing for target\site\serenity\9ec64985c01a5d7457eb74c476de1babf70ca3704579374954728a8216b455ce.png
14:11:27.125 [Forwarding getPageSource on session d8ab11d9f2e66cb92559578c5de5e8cf to remote] DEBUG org.asynchttpclient.netty.request.NettyRequestSender - Using pooled Channel '[id: 0x848dd16a, L:/127.0.0.1:14291 - R:localhost/127.0.0.1:3845]' for 'POST' to 'http://localhost:3845/session/d8ab11d9f2e66cb92559578c5de5e8cf/execute/sync'
14:11:27.125 [Forwarding getPageSource on session d8ab11d9f2e66cb92559578c5de5e8cf to remote] DEBUG org.asynchttpclient.netty.request.NettyRequestSender - Using open Channel [id: 0x848dd16a, L:/127.0.0.1:14291 - R:localhost/127.0.0.1:3845] for POST '/session/d8ab11d9f2e66cb92559578c5de5e8cf/execute/sync'
14:11:27.131 [AsyncHttpClient-1-2] DEBUG org.asynchttpclient.netty.handler.HttpHandler - 

Request DefaultHttpRequest(decodeResult: success, version: HTTP/1.1)
POST /session/d8ab11d9f2e66cb92559578c5de5e8cf/execute/sync HTTP/1.1
User-Agent: selenium/4.8.1 (java windows)
Content-Length: 176
Content-Type: application/json; charset=utf-8
host: localhost:3845
accept: */*

Response DefaultHttpResponse(decodeResult: success, version: HTTP/1.1)
HTTP/1.1 200 OK
Content-Length: 6025
Content-Type: application/json; charset=utf-8
cache-control: no-cache

14:11:27.131 [AsyncHttpClient-1-2] DEBUG org.asynchttpclient.netty.channel.ChannelManager - Adding key: http://localhost:3845 for channel [id: 0x848dd16a, L:/127.0.0.1:14291 - R:localhost/127.0.0.1:3845]
14:11:27.134 [Forwarding getCurrentUrl on session d8ab11d9f2e66cb92559578c5de5e8cf to remote] DEBUG org.asynchttpclient.netty.request.NettyRequestSender - Using pooled Channel '[id: 0x848dd16a, L:/127.0.0.1:14291 - R:localhost/127.0.0.1:3845]' for 'GET' to 'http://localhost:3845/session/d8ab11d9f2e66cb92559578c5de5e8cf/url'
14:11:27.135 [Forwarding getCurrentUrl on session d8ab11d9f2e66cb92559578c5de5e8cf to remote] DEBUG org.asynchttpclient.netty.request.NettyRequestSender - Using open Channel [id: 0x848dd16a, L:/127.0.0.1:14291 - R:localhost/127.0.0.1:3845] for GET '/session/d8ab11d9f2e66cb92559578c5de5e8cf/url'
14:11:27.140 [AsyncHttpClient-1-2] DEBUG org.asynchttpclient.netty.handler.HttpHandler - 

Request DefaultFullHttpRequest(decodeResult: success, version: HTTP/1.1, content: EmptyByteBufBE)
GET /session/d8ab11d9f2e66cb92559578c5de5e8cf/url HTTP/1.1
User-Agent: selenium/4.8.1 (java windows)
Cache-Control: no-cache
Content-Type: application/json; charset=utf-8
host: localhost:3845
accept: */*

Response DefaultHttpResponse(decodeResult: success, version: HTTP/1.1)
HTTP/1.1 200 OK
Content-Length: 64
Content-Type: application/json; charset=utf-8
cache-control: no-cache

14:11:27.140 [AsyncHttpClient-1-2] DEBUG org.asynchttpclient.netty.channel.ChannelManager - Adding key: http://localhost:3845 for channel [id: 0x848dd16a, L:/127.0.0.1:14291 - R:localhost/127.0.0.1:3845]
14:11:27.143 [main] DEBUG net.thucydides.core.steps.StepInterceptor - STARTING STEP: StockCasoutSteps.inputttPassworddd - inputttPassworddd
14:11:27.174 [Forwarding findElement on session d8ab11d9f2e66cb92559578c5de5e8cf to remote] DEBUG org.asynchttpclient.netty.request.NettyRequestSender - Using pooled Channel '[id: 0x848dd16a, L:/127.0.0.1:14291 - R:localhost/127.0.0.1:3845]' for 'POST' to 'http://localhost:3845/session/d8ab11d9f2e66cb92559578c5de5e8cf/element'
14:11:27.174 [Forwarding findElement on session d8ab11d9f2e66cb92559578c5de5e8cf to remote] DEBUG org.asynchttpclient.netty.request.NettyRequestSender - Using open Channel [id: 0x848dd16a, L:/127.0.0.1:14291 - R:localhost/127.0.0.1:3845] for POST '/session/d8ab11d9f2e66cb92559578c5de5e8cf/element'
14:11:27.191 [AsyncHttpClient-1-2] DEBUG org.asynchttpclient.netty.handler.HttpHandler - 

Request DefaultHttpRequest(decodeResult: success, version: HTTP/1.1)
POST /session/d8ab11d9f2e66cb92559578c5de5e8cf/element HTTP/1.1
User-Agent: selenium/4.8.1 (java windows)
Content-Length: 70
Content-Type: application/json; charset=utf-8
host: localhost:3845
accept: */*

Response DefaultHttpResponse(decodeResult: success, version: HTTP/1.1)
HTTP/1.1 200 OK
Content-Length: 95
Content-Type: application/json; charset=utf-8
cache-control: no-cache

14:11:27.191 [AsyncHttpClient-1-2] DEBUG org.asynchttpclient.netty.channel.ChannelManager - Adding key: http://localhost:3845 for channel [id: 0x848dd16a, L:/127.0.0.1:14291 - R:localhost/127.0.0.1:3845]
14:11:27.193 [Forwarding clearElement on session d8ab11d9f2e66cb92559578c5de5e8cf to remote] DEBUG org.asynchttpclient.netty.request.NettyRequestSender - Using pooled Channel '[id: 0x848dd16a, L:/127.0.0.1:14291 - R:localhost/127.0.0.1:3845]' for 'POST' to 'http://localhost:3845/session/d8ab11d9f2e66cb92559578c5de5e8cf/element/FE8892E94CB8FC1509788E31C8AD8443_element_12/clear'
14:11:27.193 [Forwarding clearElement on session d8ab11d9f2e66cb92559578c5de5e8cf to remote] DEBUG org.asynchttpclient.netty.request.NettyRequestSender - Using open Channel [id: 0x848dd16a, L:/127.0.0.1:14291 - R:localhost/127.0.0.1:3845] for POST '/session/d8ab11d9f2e66cb92559578c5de5e8cf/element/FE8892E94CB8FC1509788E31C8AD8443_element_12/clear'
14:11:27.230 [AsyncHttpClient-1-2] DEBUG org.asynchttpclient.netty.handler.HttpHandler - 

Request DefaultHttpRequest(decodeResult: success, version: HTTP/1.1)
POST /session/d8ab11d9f2e66cb92559578c5de5e8cf/element/FE8892E94CB8FC1509788E31C8AD8443_element_12/clear HTTP/1.1
User-Agent: selenium/4.8.1 (java windows)
Content-Length: 57
Content-Type: application/json; charset=utf-8
host: localhost:3845
accept: */*

Response DefaultHttpResponse(decodeResult: success, version: HTTP/1.1)
HTTP/1.1 200 OK
Content-Length: 14
Content-Type: application/json; charset=utf-8
cache-control: no-cache

14:11:27.230 [AsyncHttpClient-1-2] DEBUG org.asynchttpclient.netty.channel.ChannelManager - Adding key: http://localhost:3845 for channel [id: 0x848dd16a, L:/127.0.0.1:14291 - R:localhost/127.0.0.1:3845]
14:11:27.234 [Forwarding sendKeysToElement on session d8ab11d9f2e66cb92559578c5de5e8cf to remote] DEBUG org.asynchttpclient.netty.request.NettyRequestSender - Using pooled Channel '[id: 0x848dd16a, L:/127.0.0.1:14291 - R:localhost/127.0.0.1:3845]' for 'POST' to 'http://localhost:3845/session/d8ab11d9f2e66cb92559578c5de5e8cf/element/FE8892E94CB8FC1509788E31C8AD8443_element_12/value'
14:11:27.234 [Forwarding sendKeysToElement on session d8ab11d9f2e66cb92559578c5de5e8cf to remote] DEBUG org.asynchttpclient.netty.request.NettyRequestSender - Using open Channel [id: 0x848dd16a, L:/127.0.0.1:14291 - R:localhost/127.0.0.1:3845] for POST '/session/d8ab11d9f2e66cb92559578c5de5e8cf/element/FE8892E94CB8FC1509788E31C8AD8443_element_12/value'
14:11:27.519 [AsyncHttpClient-1-2] DEBUG org.asynchttpclient.netty.handler.HttpHandler - 

Request DefaultHttpRequest(decodeResult: success, version: HTTP/1.1)
POST /session/d8ab11d9f2e66cb92559578c5de5e8cf/element/FE8892E94CB8FC1509788E31C8AD8443_element_12/value HTTP/1.1
User-Agent: selenium/4.8.1 (java windows)
Content-Length: 198
Content-Type: application/json; charset=utf-8
host: localhost:3845
accept: */*

Response DefaultHttpResponse(decodeResult: success, version: HTTP/1.1)
HTTP/1.1 200 OK
Content-Length: 14
Content-Type: application/json; charset=utf-8
cache-control: no-cache

14:11:27.519 [AsyncHttpClient-1-2] DEBUG org.asynchttpclient.netty.channel.ChannelManager - Adding key: http://localhost:3845 for channel [id: 0x848dd16a, L:/127.0.0.1:14291 - R:localhost/127.0.0.1:3845]
14:11:27.532 [Forwarding getAlertText on session d8ab11d9f2e66cb92559578c5de5e8cf to remote] DEBUG org.asynchttpclient.netty.request.NettyRequestSender - Using pooled Channel '[id: 0x848dd16a, L:/127.0.0.1:14291 - R:localhost/127.0.0.1:3845]' for 'GET' to 'http://localhost:3845/session/d8ab11d9f2e66cb92559578c5de5e8cf/alert/text'
14:11:27.532 [Forwarding getAlertText on session d8ab11d9f2e66cb92559578c5de5e8cf to remote] DEBUG org.asynchttpclient.netty.request.NettyRequestSender - Using open Channel [id: 0x848dd16a, L:/127.0.0.1:14291 - R:localhost/127.0.0.1:3845] for GET '/session/d8ab11d9f2e66cb92559578c5de5e8cf/alert/text'
14:11:27.534 [AsyncHttpClient-1-2] DEBUG org.asynchttpclient.netty.handler.HttpHandler - 

Request DefaultFullHttpRequest(decodeResult: success, version: HTTP/1.1, content: EmptyByteBufBE)
GET /session/d8ab11d9f2e66cb92559578c5de5e8cf/alert/text HTTP/1.1
User-Agent: selenium/4.8.1 (java windows)
Cache-Control: no-cache
Content-Type: application/json; charset=utf-8
host: localhost:3845
accept: */*

Response DefaultHttpResponse(decodeResult: success, version: HTTP/1.1)
HTTP/1.1 404 Not Found
Content-Length: 807
Content-Type: application/json; charset=utf-8
cache-control: no-cache

14:11:27.534 [AsyncHttpClient-1-2] DEBUG org.asynchttpclient.netty.channel.ChannelManager - Adding key: http://localhost:3845 for channel [id: 0x848dd16a, L:/127.0.0.1:14291 - R:localhost/127.0.0.1:3845]
14:11:27.536 [Forwarding getCurrentUrl on session d8ab11d9f2e66cb92559578c5de5e8cf to remote] DEBUG org.asynchttpclient.netty.request.NettyRequestSender - Using pooled Channel '[id: 0x848dd16a, L:/127.0.0.1:14291 - R:localhost/127.0.0.1:3845]' for 'GET' to 'http://localhost:3845/session/d8ab11d9f2e66cb92559578c5de5e8cf/url'
14:11:27.536 [Forwarding getCurrentUrl on session d8ab11d9f2e66cb92559578c5de5e8cf to remote] DEBUG org.asynchttpclient.netty.request.NettyRequestSender - Using open Channel [id: 0x848dd16a, L:/127.0.0.1:14291 - R:localhost/127.0.0.1:3845] for GET '/session/d8ab11d9f2e66cb92559578c5de5e8cf/url'
14:11:27.542 [AsyncHttpClient-1-2] DEBUG org.asynchttpclient.netty.handler.HttpHandler - 

Request DefaultFullHttpRequest(decodeResult: success, version: HTTP/1.1, content: EmptyByteBufBE)
GET /session/d8ab11d9f2e66cb92559578c5de5e8cf/url HTTP/1.1
User-Agent: selenium/4.8.1 (java windows)
Cache-Control: no-cache
Content-Type: application/json; charset=utf-8
host: localhost:3845
accept: */*

Response DefaultHttpResponse(decodeResult: success, version: HTTP/1.1)
HTTP/1.1 200 OK
Content-Length: 64
Content-Type: application/json; charset=utf-8
cache-control: no-cache

14:11:27.542 [AsyncHttpClient-1-2] DEBUG org.asynchttpclient.netty.channel.ChannelManager - Adding key: http://localhost:3845 for channel [id: 0x848dd16a, L:/127.0.0.1:14291 - R:localhost/127.0.0.1:3845]
14:11:27.543 [Forwarding screenshot on session d8ab11d9f2e66cb92559578c5de5e8cf to remote] DEBUG org.asynchttpclient.netty.request.NettyRequestSender - Using pooled Channel '[id: 0x848dd16a, L:/127.0.0.1:14291 - R:localhost/127.0.0.1:3845]' for 'GET' to 'http://localhost:3845/session/d8ab11d9f2e66cb92559578c5de5e8cf/screenshot'
14:11:27.543 [Forwarding screenshot on session d8ab11d9f2e66cb92559578c5de5e8cf to remote] DEBUG org.asynchttpclient.netty.request.NettyRequestSender - Using open Channel [id: 0x848dd16a, L:/127.0.0.1:14291 - R:localhost/127.0.0.1:3845] for GET '/session/d8ab11d9f2e66cb92559578c5de5e8cf/screenshot'
14:11:27.658 [AsyncHttpClient-1-2] DEBUG org.asynchttpclient.netty.handler.HttpHandler - 

Request DefaultFullHttpRequest(decodeResult: success, version: HTTP/1.1, content: EmptyByteBufBE)
GET /session/d8ab11d9f2e66cb92559578c5de5e8cf/screenshot HTTP/1.1
User-Agent: selenium/4.8.1 (java windows)
Cache-Control: no-cache
Content-Type: application/json; charset=utf-8
host: localhost:3845
accept: */*

Response DefaultHttpResponse(decodeResult: success, version: HTTP/1.1)
HTTP/1.1 200 OK
Content-Length: 124768
Content-Type: application/json; charset=utf-8
cache-control: no-cache

14:11:27.658 [AsyncHttpClient-1-2] DEBUG org.asynchttpclient.netty.channel.ChannelManager - Adding key: http://localhost:3845 for channel [id: 0x848dd16a, L:/127.0.0.1:14291 - R:localhost/127.0.0.1:3845]
14:11:27.667 [main] DEBUG net.serenitybdd.core.photography.Darkroom - Send negative for processing for target\site\serenity\a482bc7bd961aca5e94723349c45a43c2640dfe964600ce63e970df6c5797a73.png
14:11:27.667 [main] DEBUG net.thucydides.core.steps.StepInterceptor - STEP DONE: inputttPassworddd
  &amp#27;[32mAnd &amp#27;[0m&amp#27;[32mI inputtt passwordddd&amp#27;[0m                                     &amp#27;[90m# Starter.Stepdefitions.StockCasoutSteps.inputttPassworddd()&amp#27;[0m
14:11:27.685 [Forwarding getPageSource on session d8ab11d9f2e66cb92559578c5de5e8cf to remote] DEBUG org.asynchttpclient.netty.request.NettyRequestSender - Using pooled Channel '[id: 0x848dd16a, L:/127.0.0.1:14291 - R:localhost/127.0.0.1:3845]' for 'POST' to 'http://localhost:3845/session/d8ab11d9f2e66cb92559578c5de5e8cf/execute/sync'
14:11:27.685 [Forwarding getPageSource on session d8ab11d9f2e66cb92559578c5de5e8cf to remote] DEBUG org.asynchttpclient.netty.request.NettyRequestSender - Using open Channel [id: 0x848dd16a, L:/127.0.0.1:14291 - R:localhost/127.0.0.1:3845] for POST '/session/d8ab11d9f2e66cb92559578c5de5e8cf/execute/sync'
14:11:27.692 [AsyncHttpClient-1-2] DEBUG org.asynchttpclient.netty.handler.HttpHandler - 

Request DefaultHttpRequest(decodeResult: success, version: HTTP/1.1)
POST /session/d8ab11d9f2e66cb92559578c5de5e8cf/execute/sync HTTP/1.1
User-Agent: selenium/4.8.1 (java windows)
Content-Length: 176
Content-Type: application/json; charset=utf-8
host: localhost:3845
accept: */*

Response DefaultHttpResponse(decodeResult: success, version: HTTP/1.1)
HTTP/1.1 200 OK
Content-Length: 6036
Content-Type: application/json; charset=utf-8
cache-control: no-cache

14:11:27.692 [AsyncHttpClient-1-2] DEBUG org.asynchttpclient.netty.channel.ChannelManager - Adding key: http://localhost:3845 for channel [id: 0x848dd16a, L:/127.0.0.1:14291 - R:localhost/127.0.0.1:3845]
14:11:27.695 [Forwarding getCurrentUrl on session d8ab11d9f2e66cb92559578c5de5e8cf to remote] DEBUG org.asynchttpclient.netty.request.NettyRequestSender - Using pooled Channel '[id: 0x848dd16a, L:/127.0.0.1:14291 - R:localhost/127.0.0.1:3845]' for 'GET' to 'http://localhost:3845/session/d8ab11d9f2e66cb92559578c5de5e8cf/url'
14:11:27.696 [Forwarding getCurrentUrl on session d8ab11d9f2e66cb92559578c5de5e8cf to remote] DEBUG org.asynchttpclient.netty.request.NettyRequestSender - Using open Channel [id: 0x848dd16a, L:/127.0.0.1:14291 - R:localhost/127.0.0.1:3845] for GET '/session/d8ab11d9f2e66cb92559578c5de5e8cf/url'
14:11:27.700 [AsyncHttpClient-1-2] DEBUG org.asynchttpclient.netty.handler.HttpHandler - 

Request DefaultFullHttpRequest(decodeResult: success, version: HTTP/1.1, content: EmptyByteBufBE)
GET /session/d8ab11d9f2e66cb92559578c5de5e8cf/url HTTP/1.1
User-Agent: selenium/4.8.1 (java windows)
Cache-Control: no-cache
Content-Type: application/json; charset=utf-8
host: localhost:3845
accept: */*

Response DefaultHttpResponse(decodeResult: success, version: HTTP/1.1)
HTTP/1.1 200 OK
Content-Length: 64
Content-Type: application/json; charset=utf-8
cache-control: no-cache

14:11:27.701 [AsyncHttpClient-1-2] DEBUG org.asynchttpclient.netty.channel.ChannelManager - Adding key: http://localhost:3845 for channel [id: 0x848dd16a, L:/127.0.0.1:14291 - R:localhost/127.0.0.1:3845]
14:11:27.717 [Forwarding getPageSource on session d8ab11d9f2e66cb92559578c5de5e8cf to remote] DEBUG org.asynchttpclient.netty.request.NettyRequestSender - Using pooled Channel '[id: 0x848dd16a, L:/127.0.0.1:14291 - R:localhost/127.0.0.1:3845]' for 'POST' to 'http://localhost:3845/session/d8ab11d9f2e66cb92559578c5de5e8cf/execute/sync'
14:11:27.717 [Forwarding getPageSource on session d8ab11d9f2e66cb92559578c5de5e8cf to remote] DEBUG org.asynchttpclient.netty.request.NettyRequestSender - Using open Channel [id: 0x848dd16a, L:/127.0.0.1:14291 - R:localhost/127.0.0.1:3845] for POST '/session/d8ab11d9f2e66cb92559578c5de5e8cf/execute/sync'
14:11:27.722 [AsyncHttpClient-1-2] DEBUG org.asynchttpclient.netty.handler.HttpHandler - 

Request DefaultHttpRequest(decodeResult: success, version: HTTP/1.1)
POST /session/d8ab11d9f2e66cb92559578c5de5e8cf/execute/sync HTTP/1.1
User-Agent: selenium/4.8.1 (java windows)
Content-Length: 176
Content-Type: application/json; charset=utf-8
host: localhost:3845
accept: */*

Response DefaultHttpResponse(decodeResult: success, version: HTTP/1.1)
HTTP/1.1 200 OK
Content-Length: 6036
Content-Type: application/json; charset=utf-8
cache-control: no-cache

14:11:27.723 [AsyncHttpClient-1-2] DEBUG org.asynchttpclient.netty.channel.ChannelManager - Adding key: http://localhost:3845 for channel [id: 0x848dd16a, L:/127.0.0.1:14291 - R:localhost/127.0.0.1:3845]
14:11:27.726 [Forwarding getCurrentUrl on session d8ab11d9f2e66cb92559578c5de5e8cf to remote] DEBUG org.asynchttpclient.netty.request.NettyRequestSender - Using pooled Channel '[id: 0x848dd16a, L:/127.0.0.1:14291 - R:localhost/127.0.0.1:3845]' for 'GET' to 'http://localhost:3845/session/d8ab11d9f2e66cb92559578c5de5e8cf/url'
14:11:27.726 [Forwarding getCurrentUrl on session d8ab11d9f2e66cb92559578c5de5e8cf to remote] DEBUG org.asynchttpclient.netty.request.NettyRequestSender - Using open Channel [id: 0x848dd16a, L:/127.0.0.1:14291 - R:localhost/127.0.0.1:3845] for GET '/session/d8ab11d9f2e66cb92559578c5de5e8cf/url'
14:11:27.731 [AsyncHttpClient-1-2] DEBUG org.asynchttpclient.netty.handler.HttpHandler - 

Request DefaultFullHttpRequest(decodeResult: success, version: HTTP/1.1, content: EmptyByteBufBE)
GET /session/d8ab11d9f2e66cb92559578c5de5e8cf/url HTTP/1.1
User-Agent: selenium/4.8.1 (java windows)
Cache-Control: no-cache
Content-Type: application/json; charset=utf-8
host: localhost:3845
accept: */*

Response DefaultHttpResponse(decodeResult: success, version: HTTP/1.1)
HTTP/1.1 200 OK
Content-Length: 64
Content-Type: application/json; charset=utf-8
cache-control: no-cache

14:11:27.731 [AsyncHttpClient-1-2] DEBUG org.asynchttpclient.netty.channel.ChannelManager - Adding key: http://localhost:3845 for channel [id: 0x848dd16a, L:/127.0.0.1:14291 - R:localhost/127.0.0.1:3845]
14:11:27.734 [main] DEBUG net.thucydides.core.steps.StepInterceptor - STARTING STEP: StockCasoutSteps.clickkkSignInButtonnn - clickkkSignInButtonnn
14:11:27.741 [Forwarding findElement on session d8ab11d9f2e66cb92559578c5de5e8cf to remote] DEBUG org.asynchttpclient.netty.request.NettyRequestSender - Using pooled Channel '[id: 0x848dd16a, L:/127.0.0.1:14291 - R:localhost/127.0.0.1:3845]' for 'POST' to 'http://localhost:3845/session/d8ab11d9f2e66cb92559578c5de5e8cf/element'
14:11:27.741 [Forwarding findElement on session d8ab11d9f2e66cb92559578c5de5e8cf to remote] DEBUG org.asynchttpclient.netty.request.NettyRequestSender - Using open Channel [id: 0x848dd16a, L:/127.0.0.1:14291 - R:localhost/127.0.0.1:3845] for POST '/session/d8ab11d9f2e66cb92559578c5de5e8cf/element'
14:11:27.757 [AsyncHttpClient-1-2] DEBUG org.asynchttpclient.netty.handler.HttpHandler - 

Request DefaultHttpRequest(decodeResult: success, version: HTTP/1.1)
POST /session/d8ab11d9f2e66cb92559578c5de5e8cf/element HTTP/1.1
User-Agent: selenium/4.8.1 (java windows)
Content-Length: 69
Content-Type: application/json; charset=utf-8
host: localhost:3845
accept: */*

Response DefaultHttpResponse(decodeResult: success, version: HTTP/1.1)
HTTP/1.1 200 OK
Content-Length: 95
Content-Type: application/json; charset=utf-8
cache-control: no-cache

14:11:27.757 [AsyncHttpClient-1-2] DEBUG org.asynchttpclient.netty.channel.ChannelManager - Adding key: http://localhost:3845 for channel [id: 0x848dd16a, L:/127.0.0.1:14291 - R:localhost/127.0.0.1:3845]
14:11:27.759 [Forwarding getElementTagName on session d8ab11d9f2e66cb92559578c5de5e8cf to remote] DEBUG org.asynchttpclient.netty.request.NettyRequestSender - Using pooled Channel '[id: 0x848dd16a, L:/127.0.0.1:14291 - R:localhost/127.0.0.1:3845]' for 'GET' to 'http://localhost:3845/session/d8ab11d9f2e66cb92559578c5de5e8cf/element/FE8892E94CB8FC1509788E31C8AD8443_element_16/name'
14:11:27.759 [Forwarding getElementTagName on session d8ab11d9f2e66cb92559578c5de5e8cf to remote] DEBUG org.asynchttpclient.netty.request.NettyRequestSender - Using open Channel [id: 0x848dd16a, L:/127.0.0.1:14291 - R:localhost/127.0.0.1:3845] for GET '/session/d8ab11d9f2e66cb92559578c5de5e8cf/element/FE8892E94CB8FC1509788E31C8AD8443_element_16/name'
14:11:27.765 [AsyncHttpClient-1-2] DEBUG org.asynchttpclient.netty.handler.HttpHandler - 

Request DefaultFullHttpRequest(decodeResult: success, version: HTTP/1.1, content: EmptyByteBufBE)
GET /session/d8ab11d9f2e66cb92559578c5de5e8cf/element/FE8892E94CB8FC1509788E31C8AD8443_element_16/name HTTP/1.1
User-Agent: selenium/4.8.1 (java windows)
Cache-Control: no-cache
Content-Type: application/json; charset=utf-8
host: localhost:3845
accept: */*

Response DefaultHttpResponse(decodeResult: success, version: HTTP/1.1)
HTTP/1.1 200 OK
Content-Length: 18
Content-Type: application/json; charset=utf-8
cache-control: no-cache

14:11:27.766 [AsyncHttpClient-1-2] DEBUG org.asynchttpclient.netty.channel.ChannelManager - Adding key: http://localhost:3845 for channel [id: 0x848dd16a, L:/127.0.0.1:14291 - R:localhost/127.0.0.1:3845]
14:11:27.767 [Forwarding getElementTagName on session d8ab11d9f2e66cb92559578c5de5e8cf to remote] DEBUG org.asynchttpclient.netty.request.NettyRequestSender - Using pooled Channel '[id: 0x848dd16a, L:/127.0.0.1:14291 - R:localhost/127.0.0.1:3845]' for 'GET' to 'http://localhost:3845/session/d8ab11d9f2e66cb92559578c5de5e8cf/element/FE8892E94CB8FC1509788E31C8AD8443_element_16/name'
14:11:27.768 [Forwarding getElementTagName on session d8ab11d9f2e66cb92559578c5de5e8cf to remote] DEBUG org.asynchttpclient.netty.request.NettyRequestSender - Using open Channel [id: 0x848dd16a, L:/127.0.0.1:14291 - R:localhost/127.0.0.1:3845] for GET '/session/d8ab11d9f2e66cb92559578c5de5e8cf/element/FE8892E94CB8FC1509788E31C8AD8443_element_16/name'
14:11:27.773 [AsyncHttpClient-1-2] DEBUG org.asynchttpclient.netty.handler.HttpHandler - 

Request DefaultFullHttpRequest(decodeResult: success, version: HTTP/1.1, content: EmptyByteBufBE)
GET /session/d8ab11d9f2e66cb92559578c5de5e8cf/element/FE8892E94CB8FC1509788E31C8AD8443_element_16/name HTTP/1.1
User-Agent: selenium/4.8.1 (java windows)
Cache-Control: no-cache
Content-Type: application/json; charset=utf-8
host: localhost:3845
accept: */*

Response DefaultHttpResponse(decodeResult: success, version: HTTP/1.1)
HTTP/1.1 200 OK
Content-Length: 18
Content-Type: application/json; charset=utf-8
cache-control: no-cache

14:11:27.773 [AsyncHttpClient-1-2] DEBUG org.asynchttpclient.netty.channel.ChannelManager - Adding key: http://localhost:3845 for channel [id: 0x848dd16a, L:/127.0.0.1:14291 - R:localhost/127.0.0.1:3845]
14:11:27.778 [Forwarding isElementEnabled on session d8ab11d9f2e66cb92559578c5de5e8cf to remote] DEBUG org.asynchttpclient.netty.request.NettyRequestSender - Using pooled Channel '[id: 0x848dd16a, L:/127.0.0.1:14291 - R:localhost/127.0.0.1:3845]' for 'GET' to 'http://localhost:3845/session/d8ab11d9f2e66cb92559578c5de5e8cf/element/FE8892E94CB8FC1509788E31C8AD8443_element_16/enabled'
14:11:27.778 [Forwarding isElementEnabled on session d8ab11d9f2e66cb92559578c5de5e8cf to remote] DEBUG org.asynchttpclient.netty.request.NettyRequestSender - Using open Channel [id: 0x848dd16a, L:/127.0.0.1:14291 - R:localhost/127.0.0.1:3845] for GET '/session/d8ab11d9f2e66cb92559578c5de5e8cf/element/FE8892E94CB8FC1509788E31C8AD8443_element_16/enabled'
14:11:27.787 [AsyncHttpClient-1-2] DEBUG org.asynchttpclient.netty.handler.HttpHandler - 

Request DefaultFullHttpRequest(decodeResult: success, version: HTTP/1.1, content: EmptyByteBufBE)
GET /session/d8ab11d9f2e66cb92559578c5de5e8cf/element/FE8892E94CB8FC1509788E31C8AD8443_element_16/enabled HTTP/1.1
User-Agent: selenium/4.8.1 (java windows)
Cache-Control: no-cache
Content-Type: application/json; charset=utf-8
host: localhost:3845
accept: */*

Response DefaultHttpResponse(decodeResult: success, version: HTTP/1.1)
HTTP/1.1 200 OK
Content-Length: 14
Content-Type: application/json; charset=utf-8
cache-control: no-cache

14:11:27.787 [AsyncHttpClient-1-2] DEBUG org.asynchttpclient.netty.channel.ChannelManager - Adding key: http://localhost:3845 for channel [id: 0x848dd16a, L:/127.0.0.1:14291 - R:localhost/127.0.0.1:3845]
14:11:27.789 [Forwarding isElementEnabled on session d8ab11d9f2e66cb92559578c5de5e8cf to remote] DEBUG org.asynchttpclient.netty.request.NettyRequestSender - Using pooled Channel '[id: 0x848dd16a, L:/127.0.0.1:14291 - R:localhost/127.0.0.1:3845]' for 'GET' to 'http://localhost:3845/session/d8ab11d9f2e66cb92559578c5de5e8cf/element/FE8892E94CB8FC1509788E31C8AD8443_element_16/enabled'
14:11:27.789 [Forwarding isElementEnabled on session d8ab11d9f2e66cb92559578c5de5e8cf to remote] DEBUG org.asynchttpclient.netty.request.NettyRequestSender - Using open Channel [id: 0x848dd16a, L:/127.0.0.1:14291 - R:localhost/127.0.0.1:3845] for GET '/session/d8ab11d9f2e66cb92559578c5de5e8cf/element/FE8892E94CB8FC1509788E31C8AD8443_element_16/enabled'
14:11:27.796 [AsyncHttpClient-1-2] DEBUG org.asynchttpclient.netty.handler.HttpHandler - 

Request DefaultFullHttpRequest(decodeResult: success, version: HTTP/1.1, content: EmptyByteBufBE)
GET /session/d8ab11d9f2e66cb92559578c5de5e8cf/element/FE8892E94CB8FC1509788E31C8AD8443_element_16/enabled HTTP/1.1
User-Agent: selenium/4.8.1 (java windows)
Cache-Control: no-cache
Content-Type: application/json; charset=utf-8
host: localhost:3845
accept: */*

Response DefaultHttpResponse(decodeResult: success, version: HTTP/1.1)
HTTP/1.1 200 OK
Content-Length: 14
Content-Type: application/json; charset=utf-8
cache-control: no-cache

14:11:27.797 [AsyncHttpClient-1-2] DEBUG org.asynchttpclient.netty.channel.ChannelManager - Adding key: http://localhost:3845 for channel [id: 0x848dd16a, L:/127.0.0.1:14291 - R:localhost/127.0.0.1:3845]
14:11:27.800 [Forwarding findElement on session d8ab11d9f2e66cb92559578c5de5e8cf to remote] DEBUG org.asynchttpclient.netty.request.NettyRequestSender - Using pooled Channel '[id: 0x848dd16a, L:/127.0.0.1:14291 - R:localhost/127.0.0.1:3845]' for 'POST' to 'http://localhost:3845/session/d8ab11d9f2e66cb92559578c5de5e8cf/element'
14:11:27.800 [Forwarding findElement on session d8ab11d9f2e66cb92559578c5de5e8cf to remote] DEBUG org.asynchttpclient.netty.request.NettyRequestSender - Using open Channel [id: 0x848dd16a, L:/127.0.0.1:14291 - R:localhost/127.0.0.1:3845] for POST '/session/d8ab11d9f2e66cb92559578c5de5e8cf/element'
14:11:27.810 [AsyncHttpClient-1-2] DEBUG org.asynchttpclient.netty.handler.HttpHandler - 

Request DefaultHttpRequest(decodeResult: success, version: HTTP/1.1)
POST /session/d8ab11d9f2e66cb92559578c5de5e8cf/element HTTP/1.1
User-Agent: selenium/4.8.1 (java windows)
Content-Length: 69
Content-Type: application/json; charset=utf-8
host: localhost:3845
accept: */*

Response DefaultHttpResponse(decodeResult: success, version: HTTP/1.1)
HTTP/1.1 200 OK
Content-Length: 95
Content-Type: application/json; charset=utf-8
cache-control: no-cache

14:11:27.810 [AsyncHttpClient-1-2] DEBUG org.asynchttpclient.netty.channel.ChannelManager - Adding key: http://localhost:3845 for channel [id: 0x848dd16a, L:/127.0.0.1:14291 - R:localhost/127.0.0.1:3845]
14:11:27.811 [Forwarding clickElement on session d8ab11d9f2e66cb92559578c5de5e8cf to remote] DEBUG org.asynchttpclient.netty.request.NettyRequestSender - Using pooled Channel '[id: 0x848dd16a, L:/127.0.0.1:14291 - R:localhost/127.0.0.1:3845]' for 'POST' to 'http://localhost:3845/session/d8ab11d9f2e66cb92559578c5de5e8cf/element/FE8892E94CB8FC1509788E31C8AD8443_element_16/click'
14:11:27.811 [Forwarding clickElement on session d8ab11d9f2e66cb92559578c5de5e8cf to remote] DEBUG org.asynchttpclient.netty.request.NettyRequestSender - Using open Channel [id: 0x848dd16a, L:/127.0.0.1:14291 - R:localhost/127.0.0.1:3845] for POST '/session/d8ab11d9f2e66cb92559578c5de5e8cf/element/FE8892E94CB8FC1509788E31C8AD8443_element_16/click'
14:11:27.893 [AsyncHttpClient-1-2] DEBUG org.asynchttpclient.netty.handler.HttpHandler - 

Request DefaultHttpRequest(decodeResult: success, version: HTTP/1.1)
POST /session/d8ab11d9f2e66cb92559578c5de5e8cf/element/FE8892E94CB8FC1509788E31C8AD8443_element_16/click HTTP/1.1
User-Agent: selenium/4.8.1 (java windows)
Content-Length: 57
Content-Type: application/json; charset=utf-8
host: localhost:3845
accept: */*

Response DefaultHttpResponse(decodeResult: success, version: HTTP/1.1)
HTTP/1.1 200 OK
Content-Length: 14
Content-Type: application/json; charset=utf-8
cache-control: no-cache

14:11:27.893 [AsyncHttpClient-1-2] DEBUG org.asynchttpclient.netty.channel.ChannelManager - Adding key: http://localhost:3845 for channel [id: 0x848dd16a, L:/127.0.0.1:14291 - R:localhost/127.0.0.1:3845]
14:11:27.905 [Forwarding getAlertText on session d8ab11d9f2e66cb92559578c5de5e8cf to remote] DEBUG org.asynchttpclient.netty.request.NettyRequestSender - Using pooled Channel '[id: 0x848dd16a, L:/127.0.0.1:14291 - R:localhost/127.0.0.1:3845]' for 'GET' to 'http://localhost:3845/session/d8ab11d9f2e66cb92559578c5de5e8cf/alert/text'
14:11:27.905 [Forwarding getAlertText on session d8ab11d9f2e66cb92559578c5de5e8cf to remote] DEBUG org.asynchttpclient.netty.request.NettyRequestSender - Using open Channel [id: 0x848dd16a, L:/127.0.0.1:14291 - R:localhost/127.0.0.1:3845] for GET '/session/d8ab11d9f2e66cb92559578c5de5e8cf/alert/text'
14:11:27.909 [AsyncHttpClient-1-2] DEBUG org.asynchttpclient.netty.handler.HttpHandler - 

Request DefaultFullHttpRequest(decodeResult: success, version: HTTP/1.1, content: EmptyByteBufBE)
GET /session/d8ab11d9f2e66cb92559578c5de5e8cf/alert/text HTTP/1.1
User-Agent: selenium/4.8.1 (java windows)
Cache-Control: no-cache
Content-Type: application/json; charset=utf-8
host: localhost:3845
accept: */*

Response DefaultHttpResponse(decodeResult: success, version: HTTP/1.1)
HTTP/1.1 404 Not Found
Content-Length: 807
Content-Type: application/json; charset=utf-8
cache-control: no-cache

14:11:27.909 [AsyncHttpClient-1-2] DEBUG org.asynchttpclient.netty.channel.ChannelManager - Adding key: http://localhost:3845 for channel [id: 0x848dd16a, L:/127.0.0.1:14291 - R:localhost/127.0.0.1:3845]
14:11:27.911 [Forwarding getCurrentUrl on session d8ab11d9f2e66cb92559578c5de5e8cf to remote] DEBUG org.asynchttpclient.netty.request.NettyRequestSender - Using pooled Channel '[id: 0x848dd16a, L:/127.0.0.1:14291 - R:localhost/127.0.0.1:3845]' for 'GET' to 'http://localhost:3845/session/d8ab11d9f2e66cb92559578c5de5e8cf/url'
14:11:27.911 [Forwarding getCurrentUrl on session d8ab11d9f2e66cb92559578c5de5e8cf to remote] DEBUG org.asynchttpclient.netty.request.NettyRequestSender - Using open Channel [id: 0x848dd16a, L:/127.0.0.1:14291 - R:localhost/127.0.0.1:3845] for GET '/session/d8ab11d9f2e66cb92559578c5de5e8cf/url'
14:11:27.916 [AsyncHttpClient-1-2] DEBUG org.asynchttpclient.netty.handler.HttpHandler - 

Request DefaultFullHttpRequest(decodeResult: success, version: HTTP/1.1, content: EmptyByteBufBE)
GET /session/d8ab11d9f2e66cb92559578c5de5e8cf/url HTTP/1.1
User-Agent: selenium/4.8.1 (java windows)
Cache-Control: no-cache
Content-Type: application/json; charset=utf-8
host: localhost:3845
accept: */*

Response DefaultHttpResponse(decodeResult: success, version: HTTP/1.1)
HTTP/1.1 200 OK
Content-Length: 64
Content-Type: application/json; charset=utf-8
cache-control: no-cache

14:11:27.916 [AsyncHttpClient-1-2] DEBUG org.asynchttpclient.netty.channel.ChannelManager - Adding key: http://localhost:3845 for channel [id: 0x848dd16a, L:/127.0.0.1:14291 - R:localhost/127.0.0.1:3845]
14:11:27.917 [Forwarding screenshot on session d8ab11d9f2e66cb92559578c5de5e8cf to remote] DEBUG org.asynchttpclient.netty.request.NettyRequestSender - Using pooled Channel '[id: 0x848dd16a, L:/127.0.0.1:14291 - R:localhost/127.0.0.1:3845]' for 'GET' to 'http://localhost:3845/session/d8ab11d9f2e66cb92559578c5de5e8cf/screenshot'
14:11:27.917 [Forwarding screenshot on session d8ab11d9f2e66cb92559578c5de5e8cf to remote] DEBUG org.asynchttpclient.netty.request.NettyRequestSender - Using open Channel [id: 0x848dd16a, L:/127.0.0.1:14291 - R:localhost/127.0.0.1:3845] for GET '/session/d8ab11d9f2e66cb92559578c5de5e8cf/screenshot'
14:11:27.999 [AsyncHttpClient-1-1] DEBUG org.asynchttpclient.netty.channel.DefaultChannelPool - Entry count for : http://localhost:14292 : 1
14:11:28.050 [AsyncHttpClient-1-2] DEBUG org.asynchttpclient.netty.handler.HttpHandler - 

Request DefaultFullHttpRequest(decodeResult: success, version: HTTP/1.1, content: EmptyByteBufBE)
GET /session/d8ab11d9f2e66cb92559578c5de5e8cf/screenshot HTTP/1.1
User-Agent: selenium/4.8.1 (java windows)
Cache-Control: no-cache
Content-Type: application/json; charset=utf-8
host: localhost:3845
accept: */*

Response DefaultHttpResponse(decodeResult: success, version: HTTP/1.1)
HTTP/1.1 200 OK
Content-Length: 124712
Content-Type: application/json; charset=utf-8
cache-control: no-cache

14:11:28.051 [AsyncHttpClient-1-2] DEBUG org.asynchttpclient.netty.channel.ChannelManager - Adding key: http://localhost:3845 for channel [id: 0x848dd16a, L:/127.0.0.1:14291 - R:localhost/127.0.0.1:3845]
14:11:28.060 [main] DEBUG net.serenitybdd.core.photography.Darkroom - Send negative for processing for target\site\serenity\9f45d0a3f8e8013669cb09e6251cfebce0fa5dba9162393dcb127d2b86e07b4a.png
14:11:28.060 [main] DEBUG net.thucydides.core.steps.StepInterceptor - STEP DONE: clickkkSignInButtonnn
14:11:28.060 [Darkroom Processing Line] DEBUG net.serenitybdd.core.photography.DarkroomProcessingLine - Processing screenshot image in /var/screenshots/screenshot-6880370791941572671
  &amp#27;[32mAnd &amp#27;[0m&amp#27;[32mI clickk signn innn&amp#27;[0m                                       &amp#27;[90m# Starter.Stepdefitions.StockCasoutSteps.clickkkSignInButtonnn()&amp#27;[0m
14:11:28.060 [Darkroom Processing Line] DEBUG net.serenitybdd.core.photography.DarkroomProcessingLine - Saving screenshot to target\site\serenity\9f45d0a3f8e8013669cb09e6251cfebce0fa5dba9162393dcb127d2b86e07b4a.png
14:11:28.081 [Forwarding getPageSource on session d8ab11d9f2e66cb92559578c5de5e8cf to remote] DEBUG org.asynchttpclient.netty.request.NettyRequestSender - Using pooled Channel '[id: 0x848dd16a, L:/127.0.0.1:14291 - R:localhost/127.0.0.1:3845]' for 'POST' to 'http://localhost:3845/session/d8ab11d9f2e66cb92559578c5de5e8cf/execute/sync'
14:11:28.081 [Forwarding getPageSource on session d8ab11d9f2e66cb92559578c5de5e8cf to remote] DEBUG org.asynchttpclient.netty.request.NettyRequestSender - Using open Channel [id: 0x848dd16a, L:/127.0.0.1:14291 - R:localhost/127.0.0.1:3845] for POST '/session/d8ab11d9f2e66cb92559578c5de5e8cf/execute/sync'
14:11:28.087 [AsyncHttpClient-1-2] DEBUG org.asynchttpclient.netty.handler.HttpHandler - 

Request DefaultHttpRequest(decodeResult: success, version: HTTP/1.1)
POST /session/d8ab11d9f2e66cb92559578c5de5e8cf/execute/sync HTTP/1.1
User-Agent: selenium/4.8.1 (java windows)
Content-Length: 176
Content-Type: application/json; charset=utf-8
host: localhost:3845
accept: */*

Response DefaultHttpResponse(decodeResult: success, version: HTTP/1.1)
HTTP/1.1 200 OK
Content-Length: 6020
Content-Type: application/json; charset=utf-8
cache-control: no-cache

14:11:28.087 [AsyncHttpClient-1-2] DEBUG org.asynchttpclient.netty.channel.ChannelManager - Adding key: http://localhost:3845 for channel [id: 0x848dd16a, L:/127.0.0.1:14291 - R:localhost/127.0.0.1:3845]
14:11:28.092 [Forwarding getCurrentUrl on session d8ab11d9f2e66cb92559578c5de5e8cf to remote] DEBUG org.asynchttpclient.netty.request.NettyRequestSender - Using pooled Channel '[id: 0x848dd16a, L:/127.0.0.1:14291 - R:localhost/127.0.0.1:3845]' for 'GET' to 'http://localhost:3845/session/d8ab11d9f2e66cb92559578c5de5e8cf/url'
14:11:28.092 [Forwarding getCurrentUrl on session d8ab11d9f2e66cb92559578c5de5e8cf to remote] DEBUG org.asynchttpclient.netty.request.NettyRequestSender - Using open Channel [id: 0x848dd16a, L:/127.0.0.1:14291 - R:localhost/127.0.0.1:3845] for GET '/session/d8ab11d9f2e66cb92559578c5de5e8cf/url'
14:11:28.096 [AsyncHttpClient-1-2] DEBUG org.asynchttpclient.netty.handler.HttpHandler - 

Request DefaultFullHttpRequest(decodeResult: success, version: HTTP/1.1, content: EmptyByteBufBE)
GET /session/d8ab11d9f2e66cb92559578c5de5e8cf/url HTTP/1.1
User-Agent: selenium/4.8.1 (java windows)
Cache-Control: no-cache
Content-Type: application/json; charset=utf-8
host: localhost:3845
accept: */*

Response DefaultHttpResponse(decodeResult: success, version: HTTP/1.1)
HTTP/1.1 200 OK
Content-Length: 64
Content-Type: application/json; charset=utf-8
cache-control: no-cache

14:11:28.097 [AsyncHttpClient-1-2] DEBUG org.asynchttpclient.netty.channel.ChannelManager - Adding key: http://localhost:3845 for channel [id: 0x848dd16a, L:/127.0.0.1:14291 - R:localhost/127.0.0.1:3845]
14:11:28.115 [Forwarding getAlertText on session d8ab11d9f2e66cb92559578c5de5e8cf to remote] DEBUG org.asynchttpclient.netty.request.NettyRequestSender - Using pooled Channel '[id: 0x848dd16a, L:/127.0.0.1:14291 - R:localhost/127.0.0.1:3845]' for 'GET' to 'http://localhost:3845/session/d8ab11d9f2e66cb92559578c5de5e8cf/alert/text'
14:11:28.115 [Forwarding getAlertText on session d8ab11d9f2e66cb92559578c5de5e8cf to remote] DEBUG org.asynchttpclient.netty.request.NettyRequestSender - Using open Channel [id: 0x848dd16a, L:/127.0.0.1:14291 - R:localhost/127.0.0.1:3845] for GET '/session/d8ab11d9f2e66cb92559578c5de5e8cf/alert/text'
14:11:28.343 [AsyncHttpClient-1-2] DEBUG org.asynchttpclient.netty.handler.HttpHandler - 

Request DefaultFullHttpRequest(decodeResult: success, version: HTTP/1.1, content: EmptyByteBufBE)
GET /session/d8ab11d9f2e66cb92559578c5de5e8cf/alert/text HTTP/1.1
User-Agent: selenium/4.8.1 (java windows)
Cache-Control: no-cache
Content-Type: application/json; charset=utf-8
host: localhost:3845
accept: */*

Response DefaultHttpResponse(decodeResult: success, version: HTTP/1.1)
HTTP/1.1 404 Not Found
Content-Length: 807
Content-Type: application/json; charset=utf-8
cache-control: no-cache

14:11:28.344 [AsyncHttpClient-1-2] DEBUG org.asynchttpclient.netty.channel.ChannelManager - Adding key: http://localhost:3845 for channel [id: 0x848dd16a, L:/127.0.0.1:14291 - R:localhost/127.0.0.1:3845]
14:11:28.346 [Forwarding getCurrentUrl on session d8ab11d9f2e66cb92559578c5de5e8cf to remote] DEBUG org.asynchttpclient.netty.request.NettyRequestSender - Using pooled Channel '[id: 0x848dd16a, L:/127.0.0.1:14291 - R:localhost/127.0.0.1:3845]' for 'GET' to 'http://localhost:3845/session/d8ab11d9f2e66cb92559578c5de5e8cf/url'
14:11:28.346 [Forwarding getCurrentUrl on session d8ab11d9f2e66cb92559578c5de5e8cf to remote] DEBUG org.asynchttpclient.netty.request.NettyRequestSender - Using open Channel [id: 0x848dd16a, L:/127.0.0.1:14291 - R:localhost/127.0.0.1:3845] for GET '/session/d8ab11d9f2e66cb92559578c5de5e8cf/url'
14:11:28.654 [AsyncHttpClient-1-2] DEBUG org.asynchttpclient.netty.handler.HttpHandler - 

Request DefaultFullHttpRequest(decodeResult: success, version: HTTP/1.1, content: EmptyByteBufBE)
GET /session/d8ab11d9f2e66cb92559578c5de5e8cf/url HTTP/1.1
User-Agent: selenium/4.8.1 (java windows)
Cache-Control: no-cache
Content-Type: application/json; charset=utf-8
host: localhost:3845
accept: */*

Response DefaultHttpResponse(decodeResult: success, version: HTTP/1.1)
HTTP/1.1 200 OK
Content-Length: 67
Content-Type: application/json; charset=utf-8
cache-control: no-cache

14:11:28.654 [AsyncHttpClient-1-2] DEBUG org.asynchttpclient.netty.channel.ChannelManager - Adding key: http://localhost:3845 for channel [id: 0x848dd16a, L:/127.0.0.1:14291 - R:localhost/127.0.0.1:3845]
14:11:28.656 [Forwarding screenshot on session d8ab11d9f2e66cb92559578c5de5e8cf to remote] DEBUG org.asynchttpclient.netty.request.NettyRequestSender - Using pooled Channel '[id: 0x848dd16a, L:/127.0.0.1:14291 - R:localhost/127.0.0.1:3845]' for 'GET' to 'http://localhost:3845/session/d8ab11d9f2e66cb92559578c5de5e8cf/screenshot'
14:11:28.656 [Forwarding screenshot on session d8ab11d9f2e66cb92559578c5de5e8cf to remote] DEBUG org.asynchttpclient.netty.request.NettyRequestSender - Using open Channel [id: 0x848dd16a, L:/127.0.0.1:14291 - R:localhost/127.0.0.1:3845] for GET '/session/d8ab11d9f2e66cb92559578c5de5e8cf/screenshot'
14:11:28.894 [AsyncHttpClient-1-2] DEBUG org.asynchttpclient.netty.handler.HttpHandler - 

Request DefaultFullHttpRequest(decodeResult: success, version: HTTP/1.1, content: EmptyByteBufBE)
GET /session/d8ab11d9f2e66cb92559578c5de5e8cf/screenshot HTTP/1.1
User-Agent: selenium/4.8.1 (java windows)
Cache-Control: no-cache
Content-Type: application/json; charset=utf-8
host: localhost:3845
accept: */*

Response DefaultHttpResponse(decodeResult: success, version: HTTP/1.1)
HTTP/1.1 200 OK
Content-Length: 64672
Content-Type: application/json; charset=utf-8
cache-control: no-cache

14:11:28.895 [AsyncHttpClient-1-2] DEBUG org.asynchttpclient.netty.channel.ChannelManager - Adding key: http://localhost:3845 for channel [id: 0x848dd16a, L:/127.0.0.1:14291 - R:localhost/127.0.0.1:3845]
14:11:28.901 [main] DEBUG net.serenitybdd.core.photography.Darkroom - Send negative for processing for target\site\serenity\8630df04266c112e3374360b74557982ef084a04ac01859cb04c7664f39ae008.png
14:11:28.903 [Darkroom Processing Line] DEBUG net.serenitybdd.core.photography.DarkroomProcessingLine - Processing screenshot image in /var/screenshots/screenshot-3554980451593964830
14:11:28.903 [Darkroom Processing Line] DEBUG net.serenitybdd.core.photography.DarkroomProcessingLine - Saving screenshot to target\site\serenity\8630df04266c112e3374360b74557982ef084a04ac01859cb04c7664f39ae008.png
14:11:28.904 [Forwarding getPageSource on session d8ab11d9f2e66cb92559578c5de5e8cf to remote] DEBUG org.asynchttpclient.netty.request.NettyRequestSender - Using pooled Channel '[id: 0x848dd16a, L:/127.0.0.1:14291 - R:localhost/127.0.0.1:3845]' for 'POST' to 'http://localhost:3845/session/d8ab11d9f2e66cb92559578c5de5e8cf/execute/sync'
14:11:28.906 [Forwarding getPageSource on session d8ab11d9f2e66cb92559578c5de5e8cf to remote] DEBUG org.asynchttpclient.netty.request.NettyRequestSender - Using open Channel [id: 0x848dd16a, L:/127.0.0.1:14291 - R:localhost/127.0.0.1:3845] for POST '/session/d8ab11d9f2e66cb92559578c5de5e8cf/execute/sync'
14:11:28.923 [AsyncHttpClient-1-2] DEBUG org.asynchttpclient.netty.handler.HttpHandler - 

Request DefaultHttpRequest(decodeResult: success, version: HTTP/1.1)
POST /session/d8ab11d9f2e66cb92559578c5de5e8cf/execute/sync HTTP/1.1
User-Agent: selenium/4.8.1 (java windows)
Content-Length: 176
Content-Type: application/json; charset=utf-8
host: localhost:3845
accept: */*

Response DefaultHttpResponse(decodeResult: success, version: HTTP/1.1)
HTTP/1.1 200 OK
Content-Length: 6725
Content-Type: application/json; charset=utf-8
cache-control: no-cache

14:11:28.923 [AsyncHttpClient-1-2] DEBUG org.asynchttpclient.netty.channel.ChannelManager - Adding key: http://localhost:3845 for channel [id: 0x848dd16a, L:/127.0.0.1:14291 - R:localhost/127.0.0.1:3845]
14:11:28.928 [Forwarding getCurrentUrl on session d8ab11d9f2e66cb92559578c5de5e8cf to remote] DEBUG org.asynchttpclient.netty.request.NettyRequestSender - Using pooled Channel '[id: 0x848dd16a, L:/127.0.0.1:14291 - R:localhost/127.0.0.1:3845]' for 'GET' to 'http://localhost:3845/session/d8ab11d9f2e66cb92559578c5de5e8cf/url'
14:11:28.929 [Forwarding getCurrentUrl on session d8ab11d9f2e66cb92559578c5de5e8cf to remote] DEBUG org.asynchttpclient.netty.request.NettyRequestSender - Using open Channel [id: 0x848dd16a, L:/127.0.0.1:14291 - R:localhost/127.0.0.1:3845] for GET '/session/d8ab11d9f2e66cb92559578c5de5e8cf/url'
14:11:28.935 [AsyncHttpClient-1-2] DEBUG org.asynchttpclient.netty.handler.HttpHandler - 

Request DefaultFullHttpRequest(decodeResult: success, version: HTTP/1.1, content: EmptyByteBufBE)
GET /session/d8ab11d9f2e66cb92559578c5de5e8cf/url HTTP/1.1
User-Agent: selenium/4.8.1 (java windows)
Cache-Control: no-cache
Content-Type: application/json; charset=utf-8
host: localhost:3845
accept: */*

Response DefaultHttpResponse(decodeResult: success, version: HTTP/1.1)
HTTP/1.1 200 OK
Content-Length: 67
Content-Type: application/json; charset=utf-8
cache-control: no-cache

14:11:28.936 [AsyncHttpClient-1-2] DEBUG org.asynchttpclient.netty.channel.ChannelManager - Adding key: http://localhost:3845 for channel [id: 0x848dd16a, L:/127.0.0.1:14291 - R:localhost/127.0.0.1:3845]
14:11:29.098 [AsyncHttpClient-1-1] DEBUG org.asynchttpclient.netty.channel.DefaultChannelPool - Entry count for : http://localhost:3845 : 1
14:11:29.098 [AsyncHttpClient-1-1] DEBUG org.asynchttpclient.netty.channel.DefaultChannelPool - Entry count for : http://localhost:14292 : 1
14:11:29.332 [main] DEBUG net.thucydides.core.steps.StepInterceptor - STARTING STEP: StockCasoutSteps.ClickCashout - ClickCashout
14:11:29.343 [Forwarding findElement on session d8ab11d9f2e66cb92559578c5de5e8cf to remote] DEBUG org.asynchttpclient.netty.request.NettyRequestSender - Using pooled Channel '[id: 0x848dd16a, L:/127.0.0.1:14291 - R:localhost/127.0.0.1:3845]' for 'POST' to 'http://localhost:3845/session/d8ab11d9f2e66cb92559578c5de5e8cf/element'
14:11:29.343 [Forwarding findElement on session d8ab11d9f2e66cb92559578c5de5e8cf to remote] DEBUG org.asynchttpclient.netty.request.NettyRequestSender - Using open Channel [id: 0x848dd16a, L:/127.0.0.1:14291 - R:localhost/127.0.0.1:3845] for POST '/session/d8ab11d9f2e66cb92559578c5de5e8cf/element'
14:11:29.361 [AsyncHttpClient-1-2] DEBUG org.asynchttpclient.netty.handler.HttpHandler - 

Request DefaultHttpRequest(decodeResult: success, version: HTTP/1.1)
POST /session/d8ab11d9f2e66cb92559578c5de5e8cf/element HTTP/1.1
User-Agent: selenium/4.8.1 (java windows)
Content-Length: 81
Content-Type: application/json; charset=utf-8
host: localhost:3845
accept: */*

Response DefaultHttpResponse(decodeResult: success, version: HTTP/1.1)
HTTP/1.1 200 OK
Content-Length: 95
Content-Type: application/json; charset=utf-8
cache-control: no-cache

14:11:29.361 [AsyncHttpClient-1-2] DEBUG org.asynchttpclient.netty.channel.ChannelManager - Adding key: http://localhost:3845 for channel [id: 0x848dd16a, L:/127.0.0.1:14291 - R:localhost/127.0.0.1:3845]
14:11:29.363 [Forwarding getElementTagName on session d8ab11d9f2e66cb92559578c5de5e8cf to remote] DEBUG org.asynchttpclient.netty.request.NettyRequestSender - Using pooled Channel '[id: 0x848dd16a, L:/127.0.0.1:14291 - R:localhost/127.0.0.1:3845]' for 'GET' to 'http://localhost:3845/session/d8ab11d9f2e66cb92559578c5de5e8cf/element/FE8892E94CB8FC1509788E31C8AD8443_element_48/name'
14:11:29.363 [Forwarding getElementTagName on session d8ab11d9f2e66cb92559578c5de5e8cf to remote] DEBUG org.asynchttpclient.netty.request.NettyRequestSender - Using open Channel [id: 0x848dd16a, L:/127.0.0.1:14291 - R:localhost/127.0.0.1:3845] for GET '/session/d8ab11d9f2e66cb92559578c5de5e8cf/element/FE8892E94CB8FC1509788E31C8AD8443_element_48/name'
14:11:29.371 [AsyncHttpClient-1-2] DEBUG org.asynchttpclient.netty.handler.HttpHandler - 

Request DefaultFullHttpRequest(decodeResult: success, version: HTTP/1.1, content: EmptyByteBufBE)
GET /session/d8ab11d9f2e66cb92559578c5de5e8cf/element/FE8892E94CB8FC1509788E31C8AD8443_element_48/name HTTP/1.1
User-Agent: selenium/4.8.1 (java windows)
Cache-Control: no-cache
Content-Type: application/json; charset=utf-8
host: localhost:3845
accept: */*

Response DefaultHttpResponse(decodeResult: success, version: HTTP/1.1)
HTTP/1.1 200 OK
Content-Length: 13
Content-Type: application/json; charset=utf-8
cache-control: no-cache

14:11:29.371 [AsyncHttpClient-1-2] DEBUG org.asynchttpclient.netty.channel.ChannelManager - Adding key: http://localhost:3845 for channel [id: 0x848dd16a, L:/127.0.0.1:14291 - R:localhost/127.0.0.1:3845]
14:11:29.374 [Forwarding getElementTagName on session d8ab11d9f2e66cb92559578c5de5e8cf to remote] DEBUG org.asynchttpclient.netty.request.NettyRequestSender - Using pooled Channel '[id: 0x848dd16a, L:/127.0.0.1:14291 - R:localhost/127.0.0.1:3845]' for 'GET' to 'http://localhost:3845/session/d8ab11d9f2e66cb92559578c5de5e8cf/element/FE8892E94CB8FC1509788E31C8AD8443_element_48/name'
14:11:29.374 [Forwarding getElementTagName on session d8ab11d9f2e66cb92559578c5de5e8cf to remote] DEBUG org.asynchttpclient.netty.request.NettyRequestSender - Using open Channel [id: 0x848dd16a, L:/127.0.0.1:14291 - R:localhost/127.0.0.1:3845] for GET '/session/d8ab11d9f2e66cb92559578c5de5e8cf/element/FE8892E94CB8FC1509788E31C8AD8443_element_48/name'
14:11:29.381 [AsyncHttpClient-1-2] DEBUG org.asynchttpclient.netty.handler.HttpHandler - 

Request DefaultFullHttpRequest(decodeResult: success, version: HTTP/1.1, content: EmptyByteBufBE)
GET /session/d8ab11d9f2e66cb92559578c5de5e8cf/element/FE8892E94CB8FC1509788E31C8AD8443_element_48/name HTTP/1.1
User-Agent: selenium/4.8.1 (java windows)
Cache-Control: no-cache
Content-Type: application/json; charset=utf-8
host: localhost:3845
accept: */*

Response DefaultHttpResponse(decodeResult: success, version: HTTP/1.1)
HTTP/1.1 200 OK
Content-Length: 13
Content-Type: application/json; charset=utf-8
cache-control: no-cache

14:11:29.381 [AsyncHttpClient-1-2] DEBUG org.asynchttpclient.netty.channel.ChannelManager - Adding key: http://localhost:3845 for channel [id: 0x848dd16a, L:/127.0.0.1:14291 - R:localhost/127.0.0.1:3845]
14:11:29.386 [Forwarding findElement on session d8ab11d9f2e66cb92559578c5de5e8cf to remote] DEBUG org.asynchttpclient.netty.request.NettyRequestSender - Using pooled Channel '[id: 0x848dd16a, L:/127.0.0.1:14291 - R:localhost/127.0.0.1:3845]' for 'POST' to 'http://localhost:3845/session/d8ab11d9f2e66cb92559578c5de5e8cf/element'
14:11:29.387 [Forwarding findElement on session d8ab11d9f2e66cb92559578c5de5e8cf to remote] DEBUG org.asynchttpclient.netty.request.NettyRequestSender - Using open Channel [id: 0x848dd16a, L:/127.0.0.1:14291 - R:localhost/127.0.0.1:3845] for POST '/session/d8ab11d9f2e66cb92559578c5de5e8cf/element'
14:11:29.398 [AsyncHttpClient-1-2] DEBUG org.asynchttpclient.netty.handler.HttpHandler - 

Request DefaultHttpRequest(decodeResult: success, version: HTTP/1.1)
POST /session/d8ab11d9f2e66cb92559578c5de5e8cf/element HTTP/1.1
User-Agent: selenium/4.8.1 (java windows)
Content-Length: 81
Content-Type: application/json; charset=utf-8
host: localhost:3845
accept: */*

Response DefaultHttpResponse(decodeResult: success, version: HTTP/1.1)
HTTP/1.1 200 OK
Content-Length: 95
Content-Type: application/json; charset=utf-8
cache-control: no-cache

14:11:29.399 [AsyncHttpClient-1-2] DEBUG org.asynchttpclient.netty.channel.ChannelManager - Adding key: http://localhost:3845 for channel [id: 0x848dd16a, L:/127.0.0.1:14291 - R:localhost/127.0.0.1:3845]
14:11:29.400 [Forwarding clickElement on session d8ab11d9f2e66cb92559578c5de5e8cf to remote] DEBUG org.asynchttpclient.netty.request.NettyRequestSender - Using pooled Channel '[id: 0x848dd16a, L:/127.0.0.1:14291 - R:localhost/127.0.0.1:3845]' for 'POST' to 'http://localhost:3845/session/d8ab11d9f2e66cb92559578c5de5e8cf/element/FE8892E94CB8FC1509788E31C8AD8443_element_48/click'
14:11:29.400 [Forwarding clickElement on session d8ab11d9f2e66cb92559578c5de5e8cf to remote] DEBUG org.asynchttpclient.netty.request.NettyRequestSender - Using open Channel [id: 0x848dd16a, L:/127.0.0.1:14291 - R:localhost/127.0.0.1:3845] for POST '/session/d8ab11d9f2e66cb92559578c5de5e8cf/element/FE8892E94CB8FC1509788E31C8AD8443_element_48/click'
14:11:29.683 [AsyncHttpClient-1-2] DEBUG org.asynchttpclient.netty.handler.HttpHandler - 

Request DefaultHttpRequest(decodeResult: success, version: HTTP/1.1)
POST /session/d8ab11d9f2e66cb92559578c5de5e8cf/element/FE8892E94CB8FC1509788E31C8AD8443_element_48/click HTTP/1.1
User-Agent: selenium/4.8.1 (java windows)
Content-Length: 57
Content-Type: application/json; charset=utf-8
host: localhost:3845
accept: */*

Response DefaultHttpResponse(decodeResult: success, version: HTTP/1.1)
HTTP/1.1 200 OK
Content-Length: 14
Content-Type: application/json; charset=utf-8
cache-control: no-cache

14:11:29.683 [AsyncHttpClient-1-2] DEBUG org.asynchttpclient.netty.channel.ChannelManager - Adding key: http://localhost:3845 for channel [id: 0x848dd16a, L:/127.0.0.1:14291 - R:localhost/127.0.0.1:3845]
14:11:29.705 [Forwarding getAlertText on session d8ab11d9f2e66cb92559578c5de5e8cf to remote] DEBUG org.asynchttpclient.netty.request.NettyRequestSender - Using pooled Channel '[id: 0x848dd16a, L:/127.0.0.1:14291 - R:localhost/127.0.0.1:3845]' for 'GET' to 'http://localhost:3845/session/d8ab11d9f2e66cb92559578c5de5e8cf/alert/text'
14:11:29.706 [Forwarding getAlertText on session d8ab11d9f2e66cb92559578c5de5e8cf to remote] DEBUG org.asynchttpclient.netty.request.NettyRequestSender - Using open Channel [id: 0x848dd16a, L:/127.0.0.1:14291 - R:localhost/127.0.0.1:3845] for GET '/session/d8ab11d9f2e66cb92559578c5de5e8cf/alert/text'
14:11:29.717 [AsyncHttpClient-1-2] DEBUG org.asynchttpclient.netty.handler.HttpHandler - 

Request DefaultFullHttpRequest(decodeResult: success, version: HTTP/1.1, content: EmptyByteBufBE)
GET /session/d8ab11d9f2e66cb92559578c5de5e8cf/alert/text HTTP/1.1
User-Agent: selenium/4.8.1 (java windows)
Cache-Control: no-cache
Content-Type: application/json; charset=utf-8
host: localhost:3845
accept: */*

Response DefaultHttpResponse(decodeResult: success, version: HTTP/1.1)
HTTP/1.1 404 Not Found
Content-Length: 807
Content-Type: application/json; charset=utf-8
cache-control: no-cache

14:11:29.717 [AsyncHttpClient-1-2] DEBUG org.asynchttpclient.netty.channel.ChannelManager - Adding key: http://localhost:3845 for channel [id: 0x848dd16a, L:/127.0.0.1:14291 - R:localhost/127.0.0.1:3845]
14:11:29.719 [Forwarding getCurrentUrl on session d8ab11d9f2e66cb92559578c5de5e8cf to remote] DEBUG org.asynchttpclient.netty.request.NettyRequestSender - Using pooled Channel '[id: 0x848dd16a, L:/127.0.0.1:14291 - R:localhost/127.0.0.1:3845]' for 'GET' to 'http://localhost:3845/session/d8ab11d9f2e66cb92559578c5de5e8cf/url'
14:11:29.719 [Forwarding getCurrentUrl on session d8ab11d9f2e66cb92559578c5de5e8cf to remote] DEBUG org.asynchttpclient.netty.request.NettyRequestSender - Using open Channel [id: 0x848dd16a, L:/127.0.0.1:14291 - R:localhost/127.0.0.1:3845] for GET '/session/d8ab11d9f2e66cb92559578c5de5e8cf/url'
14:11:29.725 [AsyncHttpClient-1-2] DEBUG org.asynchttpclient.netty.handler.HttpHandler - 

Request DefaultFullHttpRequest(decodeResult: success, version: HTTP/1.1, content: EmptyByteBufBE)
GET /session/d8ab11d9f2e66cb92559578c5de5e8cf/url HTTP/1.1
User-Agent: selenium/4.8.1 (java windows)
Cache-Control: no-cache
Content-Type: application/json; charset=utf-8
host: localhost:3845
accept: */*

Response DefaultHttpResponse(decodeResult: success, version: HTTP/1.1)
HTTP/1.1 200 OK
Content-Length: 65
Content-Type: application/json; charset=utf-8
cache-control: no-cache

14:11:29.725 [AsyncHttpClient-1-2] DEBUG org.asynchttpclient.netty.channel.ChannelManager - Adding key: http://localhost:3845 for channel [id: 0x848dd16a, L:/127.0.0.1:14291 - R:localhost/127.0.0.1:3845]
14:11:29.726 [Forwarding screenshot on session d8ab11d9f2e66cb92559578c5de5e8cf to remote] DEBUG org.asynchttpclient.netty.request.NettyRequestSender - Using pooled Channel '[id: 0x848dd16a, L:/127.0.0.1:14291 - R:localhost/127.0.0.1:3845]' for 'GET' to 'http://localhost:3845/session/d8ab11d9f2e66cb92559578c5de5e8cf/screenshot'
14:11:29.726 [Forwarding screenshot on session d8ab11d9f2e66cb92559578c5de5e8cf to remote] DEBUG org.asynchttpclient.netty.request.NettyRequestSender - Using open Channel [id: 0x848dd16a, L:/127.0.0.1:14291 - R:localhost/127.0.0.1:3845] for GET '/session/d8ab11d9f2e66cb92559578c5de5e8cf/screenshot'
14:11:30.198 [AsyncHttpClient-1-1] DEBUG org.asynchttpclient.netty.channel.DefaultChannelPool - Entry count for : http://localhost:14292 : 1
14:11:31.298 [AsyncHttpClient-1-1] DEBUG org.asynchttpclient.netty.channel.DefaultChannelPool - Entry count for : http://localhost:14292 : 1
14:11:31.975 [AsyncHttpClient-1-2] DEBUG org.asynchttpclient.netty.handler.HttpHandler - 

Request DefaultFullHttpRequest(decodeResult: success, version: HTTP/1.1, content: EmptyByteBufBE)
GET /session/d8ab11d9f2e66cb92559578c5de5e8cf/screenshot HTTP/1.1
User-Agent: selenium/4.8.1 (java windows)
Cache-Control: no-cache
Content-Type: application/json; charset=utf-8
host: localhost:3845
accept: */*

Response DefaultHttpResponse(decodeResult: success, version: HTTP/1.1)
HTTP/1.1 200 OK
Content-Length: 84784
Content-Type: application/json; charset=utf-8
cache-control: no-cache

14:11:31.976 [AsyncHttpClient-1-2] DEBUG org.asynchttpclient.netty.channel.ChannelManager - Adding key: http://localhost:3845 for channel [id: 0x848dd16a, L:/127.0.0.1:14291 - R:localhost/127.0.0.1:3845]
14:11:31.982 [main] DEBUG net.serenitybdd.core.photography.Darkroom - Send negative for processing for target\site\serenity\fb3db79ede32b8d486697cddcafc2ada832097fbee15d4068be63c8fcd00652c.png
14:11:31.982 [main] DEBUG net.thucydides.core.steps.StepInterceptor - STEP DONE: ClickCashout
14:11:31.983 [Darkroom Processing Line] DEBUG net.serenitybdd.core.photography.DarkroomProcessingLine - Processing screenshot image in /var/screenshots/screenshot-6957022760445801611
  &amp#27;[32mAnd &amp#27;[0m&amp#27;[32mI click Stock Cashout&amp#27;[0m                                     &amp#27;[90m# Starter.Stepdefitions.StockCasoutSteps.ClickCashout()&amp#27;[0m
14:11:31.983 [Darkroom Processing Line] DEBUG net.serenitybdd.core.photography.DarkroomProcessingLine - Saving screenshot to target\site\serenity\fb3db79ede32b8d486697cddcafc2ada832097fbee15d4068be63c8fcd00652c.png
14:11:32.001 [Forwarding getPageSource on session d8ab11d9f2e66cb92559578c5de5e8cf to remote] DEBUG org.asynchttpclient.netty.request.NettyRequestSender - Using pooled Channel '[id: 0x848dd16a, L:/127.0.0.1:14291 - R:localhost/127.0.0.1:3845]' for 'POST' to 'http://localhost:3845/session/d8ab11d9f2e66cb92559578c5de5e8cf/execute/sync'
14:11:32.001 [Forwarding getPageSource on session d8ab11d9f2e66cb92559578c5de5e8cf to remote] DEBUG org.asynchttpclient.netty.request.NettyRequestSender - Using open Channel [id: 0x848dd16a, L:/127.0.0.1:14291 - R:localhost/127.0.0.1:3845] for POST '/session/d8ab11d9f2e66cb92559578c5de5e8cf/execute/sync'
14:11:32.008 [AsyncHttpClient-1-2] DEBUG org.asynchttpclient.netty.handler.HttpHandler - 

Request DefaultHttpRequest(decodeResult: success, version: HTTP/1.1)
POST /session/d8ab11d9f2e66cb92559578c5de5e8cf/execute/sync HTTP/1.1
User-Agent: selenium/4.8.1 (java windows)
Content-Length: 176
Content-Type: application/json; charset=utf-8
host: localhost:3845
accept: */*

Response DefaultHttpResponse(decodeResult: success, version: HTTP/1.1)
HTTP/1.1 200 OK
Content-Length: 9227
Content-Type: application/json; charset=utf-8
cache-control: no-cache

14:11:32.008 [AsyncHttpClient-1-2] DEBUG org.asynchttpclient.netty.channel.ChannelManager - Adding key: http://localhost:3845 for channel [id: 0x848dd16a, L:/127.0.0.1:14291 - R:localhost/127.0.0.1:3845]
14:11:32.013 [Forwarding getCurrentUrl on session d8ab11d9f2e66cb92559578c5de5e8cf to remote] DEBUG org.asynchttpclient.netty.request.NettyRequestSender - Using pooled Channel '[id: 0x848dd16a, L:/127.0.0.1:14291 - R:localhost/127.0.0.1:3845]' for 'GET' to 'http://localhost:3845/session/d8ab11d9f2e66cb92559578c5de5e8cf/url'
14:11:32.013 [Forwarding getCurrentUrl on session d8ab11d9f2e66cb92559578c5de5e8cf to remote] DEBUG org.asynchttpclient.netty.request.NettyRequestSender - Using open Channel [id: 0x848dd16a, L:/127.0.0.1:14291 - R:localhost/127.0.0.1:3845] for GET '/session/d8ab11d9f2e66cb92559578c5de5e8cf/url'
14:11:32.018 [AsyncHttpClient-1-2] DEBUG org.asynchttpclient.netty.handler.HttpHandler - 

Request DefaultFullHttpRequest(decodeResult: success, version: HTTP/1.1, content: EmptyByteBufBE)
GET /session/d8ab11d9f2e66cb92559578c5de5e8cf/url HTTP/1.1
User-Agent: selenium/4.8.1 (java windows)
Cache-Control: no-cache
Content-Type: application/json; charset=utf-8
host: localhost:3845
accept: */*

Response DefaultHttpResponse(decodeResult: success, version: HTTP/1.1)
HTTP/1.1 200 OK
Content-Length: 65
Content-Type: application/json; charset=utf-8
cache-control: no-cache

14:11:32.018 [AsyncHttpClient-1-2] DEBUG org.asynchttpclient.netty.channel.ChannelManager - Adding key: http://localhost:3845 for channel [id: 0x848dd16a, L:/127.0.0.1:14291 - R:localhost/127.0.0.1:3845]
14:11:32.033 [Forwarding getPageSource on session d8ab11d9f2e66cb92559578c5de5e8cf to remote] DEBUG org.asynchttpclient.netty.request.NettyRequestSender - Using pooled Channel '[id: 0x848dd16a, L:/127.0.0.1:14291 - R:localhost/127.0.0.1:3845]' for 'POST' to 'http://localhost:3845/session/d8ab11d9f2e66cb92559578c5de5e8cf/execute/sync'
14:11:32.034 [Forwarding getPageSource on session d8ab11d9f2e66cb92559578c5de5e8cf to remote] DEBUG org.asynchttpclient.netty.request.NettyRequestSender - Using open Channel [id: 0x848dd16a, L:/127.0.0.1:14291 - R:localhost/127.0.0.1:3845] for POST '/session/d8ab11d9f2e66cb92559578c5de5e8cf/execute/sync'
14:11:32.040 [AsyncHttpClient-1-2] DEBUG org.asynchttpclient.netty.handler.HttpHandler - 

Request DefaultHttpRequest(decodeResult: success, version: HTTP/1.1)
POST /session/d8ab11d9f2e66cb92559578c5de5e8cf/execute/sync HTTP/1.1
User-Agent: selenium/4.8.1 (java windows)
Content-Length: 176
Content-Type: application/json; charset=utf-8
host: localhost:3845
accept: */*

Response DefaultHttpResponse(decodeResult: success, version: HTTP/1.1)
HTTP/1.1 200 OK
Content-Length: 9227
Content-Type: application/json; charset=utf-8
cache-control: no-cache

14:11:32.040 [AsyncHttpClient-1-2] DEBUG org.asynchttpclient.netty.channel.ChannelManager - Adding key: http://localhost:3845 for channel [id: 0x848dd16a, L:/127.0.0.1:14291 - R:localhost/127.0.0.1:3845]
14:11:32.045 [Forwarding getCurrentUrl on session d8ab11d9f2e66cb92559578c5de5e8cf to remote] DEBUG org.asynchttpclient.netty.request.NettyRequestSender - Using pooled Channel '[id: 0x848dd16a, L:/127.0.0.1:14291 - R:localhost/127.0.0.1:3845]' for 'GET' to 'http://localhost:3845/session/d8ab11d9f2e66cb92559578c5de5e8cf/url'
14:11:32.045 [Forwarding getCurrentUrl on session d8ab11d9f2e66cb92559578c5de5e8cf to remote] DEBUG org.asynchttpclient.netty.request.NettyRequestSender - Using open Channel [id: 0x848dd16a, L:/127.0.0.1:14291 - R:localhost/127.0.0.1:3845] for GET '/session/d8ab11d9f2e66cb92559578c5de5e8cf/url'
14:11:32.051 [AsyncHttpClient-1-2] DEBUG org.asynchttpclient.netty.handler.HttpHandler - 

Request DefaultFullHttpRequest(decodeResult: success, version: HTTP/1.1, content: EmptyByteBufBE)
GET /session/d8ab11d9f2e66cb92559578c5de5e8cf/url HTTP/1.1
User-Agent: selenium/4.8.1 (java windows)
Cache-Control: no-cache
Content-Type: application/json; charset=utf-8
host: localhost:3845
accept: */*

Response DefaultHttpResponse(decodeResult: success, version: HTTP/1.1)
HTTP/1.1 200 OK
Content-Length: 65
Content-Type: application/json; charset=utf-8
cache-control: no-cache

14:11:32.051 [AsyncHttpClient-1-2] DEBUG org.asynchttpclient.netty.channel.ChannelManager - Adding key: http://localhost:3845 for channel [id: 0x848dd16a, L:/127.0.0.1:14291 - R:localhost/127.0.0.1:3845]
14:11:32.220 [main] DEBUG net.thucydides.core.steps.StepInterceptor - STARTING STEP: StockCasoutSteps.ClickViewCashout - ClickViewCashout
14:11:32.228 [Forwarding findElement on session d8ab11d9f2e66cb92559578c5de5e8cf to remote] DEBUG org.asynchttpclient.netty.request.NettyRequestSender - Using pooled Channel '[id: 0x848dd16a, L:/127.0.0.1:14291 - R:localhost/127.0.0.1:3845]' for 'POST' to 'http://localhost:3845/session/d8ab11d9f2e66cb92559578c5de5e8cf/element'
14:11:32.228 [Forwarding findElement on session d8ab11d9f2e66cb92559578c5de5e8cf to remote] DEBUG org.asynchttpclient.netty.request.NettyRequestSender - Using open Channel [id: 0x848dd16a, L:/127.0.0.1:14291 - R:localhost/127.0.0.1:3845] for POST '/session/d8ab11d9f2e66cb92559578c5de5e8cf/element'
14:11:32.238 [AsyncHttpClient-1-2] DEBUG org.asynchttpclient.netty.handler.HttpHandler - 

Request DefaultHttpRequest(decodeResult: success, version: HTTP/1.1)
POST /session/d8ab11d9f2e66cb92559578c5de5e8cf/element HTTP/1.1
User-Agent: selenium/4.8.1 (java windows)
Content-Length: 81
Content-Type: application/json; charset=utf-8
host: localhost:3845
accept: */*

Response DefaultHttpResponse(decodeResult: success, version: HTTP/1.1)
HTTP/1.1 200 OK
Content-Length: 95
Content-Type: application/json; charset=utf-8
cache-control: no-cache

14:11:32.238 [AsyncHttpClient-1-2] DEBUG org.asynchttpclient.netty.channel.ChannelManager - Adding key: http://localhost:3845 for channel [id: 0x848dd16a, L:/127.0.0.1:14291 - R:localhost/127.0.0.1:3845]
14:11:32.240 [Forwarding getElementTagName on session d8ab11d9f2e66cb92559578c5de5e8cf to remote] DEBUG org.asynchttpclient.netty.request.NettyRequestSender - Using pooled Channel '[id: 0x848dd16a, L:/127.0.0.1:14291 - R:localhost/127.0.0.1:3845]' for 'GET' to 'http://localhost:3845/session/d8ab11d9f2e66cb92559578c5de5e8cf/element/FE8892E94CB8FC1509788E31C8AD8443_element_56/name'
14:11:32.240 [Forwarding getElementTagName on session d8ab11d9f2e66cb92559578c5de5e8cf to remote] DEBUG org.asynchttpclient.netty.request.NettyRequestSender - Using open Channel [id: 0x848dd16a, L:/127.0.0.1:14291 - R:localhost/127.0.0.1:3845] for GET '/session/d8ab11d9f2e66cb92559578c5de5e8cf/element/FE8892E94CB8FC1509788E31C8AD8443_element_56/name'
14:11:32.246 [AsyncHttpClient-1-2] DEBUG org.asynchttpclient.netty.handler.HttpHandler - 

Request DefaultFullHttpRequest(decodeResult: success, version: HTTP/1.1, content: EmptyByteBufBE)
GET /session/d8ab11d9f2e66cb92559578c5de5e8cf/element/FE8892E94CB8FC1509788E31C8AD8443_element_56/name HTTP/1.1
User-Agent: selenium/4.8.1 (java windows)
Cache-Control: no-cache
Content-Type: application/json; charset=utf-8
host: localhost:3845
accept: */*

Response DefaultHttpResponse(decodeResult: success, version: HTTP/1.1)
HTTP/1.1 200 OK
Content-Length: 13
Content-Type: application/json; charset=utf-8
cache-control: no-cache

14:11:32.246 [AsyncHttpClient-1-2] DEBUG org.asynchttpclient.netty.channel.ChannelManager - Adding key: http://localhost:3845 for channel [id: 0x848dd16a, L:/127.0.0.1:14291 - R:localhost/127.0.0.1:3845]
14:11:32.248 [Forwarding getElementTagName on session d8ab11d9f2e66cb92559578c5de5e8cf to remote] DEBUG org.asynchttpclient.netty.request.NettyRequestSender - Using pooled Channel '[id: 0x848dd16a, L:/127.0.0.1:14291 - R:localhost/127.0.0.1:3845]' for 'GET' to 'http://localhost:3845/session/d8ab11d9f2e66cb92559578c5de5e8cf/element/FE8892E94CB8FC1509788E31C8AD8443_element_56/name'
14:11:32.248 [Forwarding getElementTagName on session d8ab11d9f2e66cb92559578c5de5e8cf to remote] DEBUG org.asynchttpclient.netty.request.NettyRequestSender - Using open Channel [id: 0x848dd16a, L:/127.0.0.1:14291 - R:localhost/127.0.0.1:3845] for GET '/session/d8ab11d9f2e66cb92559578c5de5e8cf/element/FE8892E94CB8FC1509788E31C8AD8443_element_56/name'
14:11:32.254 [AsyncHttpClient-1-2] DEBUG org.asynchttpclient.netty.handler.HttpHandler - 

Request DefaultFullHttpRequest(decodeResult: success, version: HTTP/1.1, content: EmptyByteBufBE)
GET /session/d8ab11d9f2e66cb92559578c5de5e8cf/element/FE8892E94CB8FC1509788E31C8AD8443_element_56/name HTTP/1.1
User-Agent: selenium/4.8.1 (java windows)
Cache-Control: no-cache
Content-Type: application/json; charset=utf-8
host: localhost:3845
accept: */*

Response DefaultHttpResponse(decodeResult: success, version: HTTP/1.1)
HTTP/1.1 200 OK
Content-Length: 13
Content-Type: application/json; charset=utf-8
cache-control: no-cache

14:11:32.254 [AsyncHttpClient-1-2] DEBUG org.asynchttpclient.netty.channel.ChannelManager - Adding key: http://localhost:3845 for channel [id: 0x848dd16a, L:/127.0.0.1:14291 - R:localhost/127.0.0.1:3845]
14:11:32.257 [Forwarding findElement on session d8ab11d9f2e66cb92559578c5de5e8cf to remote] DEBUG org.asynchttpclient.netty.request.NettyRequestSender - Using pooled Channel '[id: 0x848dd16a, L:/127.0.0.1:14291 - R:localhost/127.0.0.1:3845]' for 'POST' to 'http://localhost:3845/session/d8ab11d9f2e66cb92559578c5de5e8cf/element'
14:11:32.258 [Forwarding findElement on session d8ab11d9f2e66cb92559578c5de5e8cf to remote] DEBUG org.asynchttpclient.netty.request.NettyRequestSender - Using open Channel [id: 0x848dd16a, L:/127.0.0.1:14291 - R:localhost/127.0.0.1:3845] for POST '/session/d8ab11d9f2e66cb92559578c5de5e8cf/element'
14:11:32.268 [AsyncHttpClient-1-2] DEBUG org.asynchttpclient.netty.handler.HttpHandler - 

Request DefaultHttpRequest(decodeResult: success, version: HTTP/1.1)
POST /session/d8ab11d9f2e66cb92559578c5de5e8cf/element HTTP/1.1
User-Agent: selenium/4.8.1 (java windows)
Content-Length: 81
Content-Type: application/json; charset=utf-8
host: localhost:3845
accept: */*

Response DefaultHttpResponse(decodeResult: success, version: HTTP/1.1)
HTTP/1.1 200 OK
Content-Length: 95
Content-Type: application/json; charset=utf-8
cache-control: no-cache

14:11:32.268 [AsyncHttpClient-1-2] DEBUG org.asynchttpclient.netty.channel.ChannelManager - Adding key: http://localhost:3845 for channel [id: 0x848dd16a, L:/127.0.0.1:14291 - R:localhost/127.0.0.1:3845]
14:11:32.270 [Forwarding clickElement on session d8ab11d9f2e66cb92559578c5de5e8cf to remote] DEBUG org.asynchttpclient.netty.request.NettyRequestSender - Using pooled Channel '[id: 0x848dd16a, L:/127.0.0.1:14291 - R:localhost/127.0.0.1:3845]' for 'POST' to 'http://localhost:3845/session/d8ab11d9f2e66cb92559578c5de5e8cf/element/FE8892E94CB8FC1509788E31C8AD8443_element_56/click'
14:11:32.270 [Forwarding clickElement on session d8ab11d9f2e66cb92559578c5de5e8cf to remote] DEBUG org.asynchttpclient.netty.request.NettyRequestSender - Using open Channel [id: 0x848dd16a, L:/127.0.0.1:14291 - R:localhost/127.0.0.1:3845] for POST '/session/d8ab11d9f2e66cb92559578c5de5e8cf/element/FE8892E94CB8FC1509788E31C8AD8443_element_56/click'
14:11:32.317 [AsyncHttpClient-1-2] DEBUG org.asynchttpclient.netty.handler.HttpHandler - 

Request DefaultHttpRequest(decodeResult: success, version: HTTP/1.1)
POST /session/d8ab11d9f2e66cb92559578c5de5e8cf/element/FE8892E94CB8FC1509788E31C8AD8443_element_56/click HTTP/1.1
User-Agent: selenium/4.8.1 (java windows)
Content-Length: 57
Content-Type: application/json; charset=utf-8
host: localhost:3845
accept: */*

Response DefaultHttpResponse(decodeResult: success, version: HTTP/1.1)
HTTP/1.1 200 OK
Content-Length: 14
Content-Type: application/json; charset=utf-8
cache-control: no-cache

14:11:32.317 [AsyncHttpClient-1-2] DEBUG org.asynchttpclient.netty.channel.ChannelManager - Adding key: http://localhost:3845 for channel [id: 0x848dd16a, L:/127.0.0.1:14291 - R:localhost/127.0.0.1:3845]
14:11:32.331 [Forwarding getAlertText on session d8ab11d9f2e66cb92559578c5de5e8cf to remote] DEBUG org.asynchttpclient.netty.request.NettyRequestSender - Using pooled Channel '[id: 0x848dd16a, L:/127.0.0.1:14291 - R:localhost/127.0.0.1:3845]' for 'GET' to 'http://localhost:3845/session/d8ab11d9f2e66cb92559578c5de5e8cf/alert/text'
14:11:32.332 [Forwarding getAlertText on session d8ab11d9f2e66cb92559578c5de5e8cf to remote] DEBUG org.asynchttpclient.netty.request.NettyRequestSender - Using open Channel [id: 0x848dd16a, L:/127.0.0.1:14291 - R:localhost/127.0.0.1:3845] for GET '/session/d8ab11d9f2e66cb92559578c5de5e8cf/alert/text'
14:11:32.333 [AsyncHttpClient-1-2] DEBUG org.asynchttpclient.netty.handler.HttpHandler - 

Request DefaultFullHttpRequest(decodeResult: success, version: HTTP/1.1, content: EmptyByteBufBE)
GET /session/d8ab11d9f2e66cb92559578c5de5e8cf/alert/text HTTP/1.1
User-Agent: selenium/4.8.1 (java windows)
Cache-Control: no-cache
Content-Type: application/json; charset=utf-8
host: localhost:3845
accept: */*

Response DefaultHttpResponse(decodeResult: success, version: HTTP/1.1)
HTTP/1.1 404 Not Found
Content-Length: 807
Content-Type: application/json; charset=utf-8
cache-control: no-cache

14:11:32.334 [AsyncHttpClient-1-2] DEBUG org.asynchttpclient.netty.channel.ChannelManager - Adding key: http://localhost:3845 for channel [id: 0x848dd16a, L:/127.0.0.1:14291 - R:localhost/127.0.0.1:3845]
14:11:32.335 [Forwarding getCurrentUrl on session d8ab11d9f2e66cb92559578c5de5e8cf to remote] DEBUG org.asynchttpclient.netty.request.NettyRequestSender - Using pooled Channel '[id: 0x848dd16a, L:/127.0.0.1:14291 - R:localhost/127.0.0.1:3845]' for 'GET' to 'http://localhost:3845/session/d8ab11d9f2e66cb92559578c5de5e8cf/url'
14:11:32.335 [Forwarding getCurrentUrl on session d8ab11d9f2e66cb92559578c5de5e8cf to remote] DEBUG org.asynchttpclient.netty.request.NettyRequestSender - Using open Channel [id: 0x848dd16a, L:/127.0.0.1:14291 - R:localhost/127.0.0.1:3845] for GET '/session/d8ab11d9f2e66cb92559578c5de5e8cf/url'
14:11:32.341 [AsyncHttpClient-1-2] DEBUG org.asynchttpclient.netty.handler.HttpHandler - 

Request DefaultFullHttpRequest(decodeResult: success, version: HTTP/1.1, content: EmptyByteBufBE)
GET /session/d8ab11d9f2e66cb92559578c5de5e8cf/url HTTP/1.1
User-Agent: selenium/4.8.1 (java windows)
Cache-Control: no-cache
Content-Type: application/json; charset=utf-8
host: localhost:3845
accept: */*

Response DefaultHttpResponse(decodeResult: success, version: HTTP/1.1)
HTTP/1.1 200 OK
Content-Length: 65
Content-Type: application/json; charset=utf-8
cache-control: no-cache

14:11:32.341 [AsyncHttpClient-1-2] DEBUG org.asynchttpclient.netty.channel.ChannelManager - Adding key: http://localhost:3845 for channel [id: 0x848dd16a, L:/127.0.0.1:14291 - R:localhost/127.0.0.1:3845]
14:11:32.342 [Forwarding screenshot on session d8ab11d9f2e66cb92559578c5de5e8cf to remote] DEBUG org.asynchttpclient.netty.request.NettyRequestSender - Using pooled Channel '[id: 0x848dd16a, L:/127.0.0.1:14291 - R:localhost/127.0.0.1:3845]' for 'GET' to 'http://localhost:3845/session/d8ab11d9f2e66cb92559578c5de5e8cf/screenshot'
14:11:32.342 [Forwarding screenshot on session d8ab11d9f2e66cb92559578c5de5e8cf to remote] DEBUG org.asynchttpclient.netty.request.NettyRequestSender - Using open Channel [id: 0x848dd16a, L:/127.0.0.1:14291 - R:localhost/127.0.0.1:3845] for GET '/session/d8ab11d9f2e66cb92559578c5de5e8cf/screenshot'
14:11:32.399 [AsyncHttpClient-1-1] DEBUG org.asynchttpclient.netty.channel.DefaultChannelPool - Entry count for : http://localhost:14292 : 1
14:11:32.458 [AsyncHttpClient-1-2] DEBUG org.asynchttpclient.netty.handler.HttpHandler - 

Request DefaultFullHttpRequest(decodeResult: success, version: HTTP/1.1, content: EmptyByteBufBE)
GET /session/d8ab11d9f2e66cb92559578c5de5e8cf/screenshot HTTP/1.1
User-Agent: selenium/4.8.1 (java windows)
Cache-Control: no-cache
Content-Type: application/json; charset=utf-8
host: localhost:3845
accept: */*

Response DefaultHttpResponse(decodeResult: success, version: HTTP/1.1)
HTTP/1.1 200 OK
Content-Length: 84784
Content-Type: application/json; charset=utf-8
cache-control: no-cache

14:11:32.459 [AsyncHttpClient-1-2] DEBUG org.asynchttpclient.netty.channel.ChannelManager - Adding key: http://localhost:3845 for channel [id: 0x848dd16a, L:/127.0.0.1:14291 - R:localhost/127.0.0.1:3845]
14:11:32.465 [main] DEBUG net.serenitybdd.core.photography.Darkroom - Send negative for processing for target\site\serenity\fb3db79ede32b8d486697cddcafc2ada832097fbee15d4068be63c8fcd00652c.png
14:11:32.466 [main] DEBUG net.thucydides.core.steps.StepInterceptor - STEP DONE: ClickViewCashout
  &amp#27;[32mThen &amp#27;[0m&amp#27;[32mI see the Stock Cashout history&amp#27;[0m                          &amp#27;[90m# Starter.Stepdefitions.StockCasoutSteps.ClickViewCashout()&amp#27;[0m
14:11:32.474 [main] INFO  - 
  _____   ___   ___   _____     ___     _     ___   ___   ___   ___  
 |_   _| | __| / __| |_   _|   | _ \   /_\   / __| / __| | __| |   \ 
   | |   | _|  \__ \   | |     |  _/  / _ \  \__ \ \__ \ | _|  | |) |
   |_|   |___| |___/   |_|     |_|   /_/ \_\ |___/ |___/ |___| |___/ 

As a user, I have successfully view the Stock Cashout
----------------------------------------------------------------------
14:11:32.476 [AsyncHttpClient-1-4] DEBUG org.asynchttpclient.netty.handler.WebSocketHandler - Channel Closed: [id: 0x0d9d36fd, L:/127.0.0.1:14298 ! R:localhost/127.0.0.1:14292] with attribute NettyResponseFuture{currentRetry=0,
	isDone=1,
	isCancelled=0,
	asyncHandler=org.asynchttpclient.ws.WebSocketUpgradeHandler@1972c40,
	nettyRequest=org.asynchttpclient.netty.request.NettyRequest@1b4858e,
	future=java.util.concurrent.CompletableFuture@aa5f7d[Completed normally],
	uri=ws://localhost:14292/devtools/browser/6c0dcfbf-d0fc-4ddd-a80d-a018c33af286,
	keepAlive=true,
	redirectCount=0,
	timeoutsHolder=null,
	inAuth=0,
	touch=1687677073449}
14:11:32.476 [AsyncHttpClient-1-4] DEBUG org.asynchttpclient.netty.channel.ChannelManager - Closing Channel [id: 0x0d9d36fd, L:/127.0.0.1:14298 ! R:localhost/127.0.0.1:14292] 
14:11:32.476 [Driver Command Executor] DEBUG org.asynchttpclient.netty.request.NettyRequestSender - Using pooled Channel '[id: 0x848dd16a, L:/127.0.0.1:14291 - R:localhost/127.0.0.1:3845]' for 'DELETE' to 'http://localhost:3845/session/d8ab11d9f2e66cb92559578c5de5e8cf'
14:11:32.476 [Driver Command Executor] DEBUG org.asynchttpclient.netty.request.NettyRequestSender - Using open Channel [id: 0x848dd16a, L:/127.0.0.1:14291 - R:localhost/127.0.0.1:3845] for DELETE '/session/d8ab11d9f2e66cb92559578c5de5e8cf'
14:11:33.498 [AsyncHttpClient-1-1] DEBUG org.asynchttpclient.netty.channel.DefaultChannelPool - Entry count for : http://localhost:14292 : 1
14:11:34.598 [AsyncHttpClient-1-1] DEBUG org.asynchttpclient.netty.channel.DefaultChannelPool - Entry count for : http://localhost:14292 : 1
14:11:35.698 [AsyncHttpClient-1-1] DEBUG org.asynchttpclient.netty.channel.DefaultChannelPool - Entry count for : http://localhost:14292 : 1
14:11:36.504 [AsyncHttpClient-1-3] DEBUG org.asynchttpclient.netty.handler.HttpHandler - Unexpected I/O exception on channel [id: 0x908b7bb2, L:/127.0.0.1:14297 - R:localhost/127.0.0.1:14292]
java.io.IOException: An existing connection was forcibly closed by the remote host
	at sun.nio.ch.SocketDispatcher.read0(Native Method)
	at sun.nio.ch.SocketDispatcher.read(SocketDispatcher.java:43)
	at sun.nio.ch.IOUtil.readIntoNativeBuffer(IOUtil.java:223)
	at sun.nio.ch.IOUtil.read(IOUtil.java:192)
	at sun.nio.ch.SocketChannelImpl.read(SocketChannelImpl.java:379)
	at io.netty.buffer.PooledByteBuf.setBytes(PooledByteBuf.java:259)
	at io.netty.buffer.AbstractByteBuf.writeBytes(AbstractByteBuf.java:1132)
	at io.netty.channel.socket.nio.NioSocketChannel.doReadBytes(NioSocketChannel.java:357)
	at io.netty.channel.nio.AbstractNioByteChannel$NioByteUnsafe.read(AbstractNioByteChannel.java:151)
	at io.netty.channel.nio.NioEventLoop.processSelectedKey(NioEventLoop.java:788)
	at io.netty.channel.nio.NioEventLoop.processSelectedKeysOptimized(NioEventLoop.java:724)
	at io.netty.channel.nio.NioEventLoop.processSelectedKeys(NioEventLoop.java:650)
	at io.netty.channel.nio.NioEventLoop.run(NioEventLoop.java:562)
	at io.netty.util.concurrent.SingleThreadEventExecutor$4.run(SingleThreadEventExecutor.java:997)
	at io.netty.util.internal.ThreadExecutorMap$2.run(ThreadExecutorMap.java:74)
	at io.netty.util.concurrent.FastThreadLocalRunnable.run(FastThreadLocalRunnable.java:30)
	at java.lang.Thread.run(Thread.java:745)
14:11:36.504 [AsyncHttpClient-1-3] DEBUG org.asynchttpclient.netty.channel.ChannelManager - Closing Channel [id: 0x908b7bb2, L:/127.0.0.1:14297 - R:localhost/127.0.0.1:14292] 
14:11:36.504 [AsyncHttpClient-1-3] DEBUG org.asynchttpclient.netty.handler.HttpHandler - Channel Closed: [id: 0x908b7bb2, L:/127.0.0.1:14297 ! R:localhost/127.0.0.1:14292] with attribute DISCARD
14:11:36.798 [AsyncHttpClient-1-1] DEBUG org.asynchttpclient.netty.channel.DefaultChannelPool - Entry count for : http://localhost:14292 : 1
14:11:36.798 [AsyncHttpClient-1-1] DEBUG org.asynchttpclient.netty.channel.DefaultChannelPool - Adding Candidate expired Channel [id: 0x908b7bb2, L:/127.0.0.1:14297 ! R:localhost/127.0.0.1:14292] isIdleTimeoutExpired=false isRemotelyClosed=true isTtlExpired=false
14:11:36.798 [AsyncHttpClient-1-1] DEBUG org.asynchttpclient.netty.channel.DefaultChannelPool - Closing Idle Channel [id: 0x908b7bb2, L:/127.0.0.1:14297 ! R:localhost/127.0.0.1:14292]
14:11:36.798 [AsyncHttpClient-1-1] DEBUG org.asynchttpclient.netty.channel.DefaultChannelPool - Closed 1 connections out of 1 in 0 ms
14:11:37.309 [AsyncHttpClient-1-2] DEBUG org.asynchttpclient.netty.handler.HttpHandler - 

Request DefaultFullHttpRequest(decodeResult: success, version: HTTP/1.1, content: EmptyByteBufBE)
DELETE /session/d8ab11d9f2e66cb92559578c5de5e8cf HTTP/1.1
User-Agent: selenium/4.8.1 (java windows)
Content-Type: application/json; charset=utf-8
host: localhost:3845
accept: */*

Response DefaultHttpResponse(decodeResult: success, version: HTTP/1.1)
HTTP/1.1 200 OK
Content-Length: 14
Content-Type: application/json; charset=utf-8
cache-control: no-cache

14:11:37.309 [AsyncHttpClient-1-2] DEBUG org.asynchttpclient.netty.channel.ChannelManager - Adding key: http://localhost:3845 for channel [id: 0x848dd16a, L:/127.0.0.1:14291 - R:localhost/127.0.0.1:3845]
14:11:37.393 [AsyncHttpClient-1-2] DEBUG org.asynchttpclient.netty.handler.HttpHandler - Channel Closed: [id: 0x848dd16a, L:/127.0.0.1:14291 ! R:localhost/127.0.0.1:3845] with attribute DISCARD
14:11:37.898 [AsyncHttpClient-1-1] DEBUG org.asynchttpclient.netty.channel.DefaultChannelPool - Entry count for : http://localhost:3845 : 1
14:11:37.898 [AsyncHttpClient-1-1] DEBUG org.asynchttpclient.netty.channel.DefaultChannelPool - Adding Candidate expired Channel [id: 0x848dd16a, L:/127.0.0.1:14291 ! R:localhost/127.0.0.1:3845] isIdleTimeoutExpired=false isRemotelyClosed=true isTtlExpired=false
14:11:37.898 [AsyncHttpClient-1-1] DEBUG org.asynchttpclient.netty.channel.DefaultChannelPool - Closing Idle Channel [id: 0x848dd16a, L:/127.0.0.1:14291 ! R:localhost/127.0.0.1:3845]
14:11:37.898 [AsyncHttpClient-1-1] DEBUG org.asynchttpclient.netty.channel.DefaultChannelPool - Closed 1 connections out of 1 in 0 ms
]]></system-out>
    <system-err><![CDATA[Starting ChromeDriver 114.0.5735.90 (386bc09e8f4f2e025eddae123f36f6263096ae49-refs/branch-heads/5735@{#1052}) on port 3845
Only local connections are allowed.
Please see https://chromedriver.chromium.org/security-considerations for suggestions on keeping ChromeDriver safe.
ChromeDriver was started successfully.
Jun 25, 2023 2:11:13 PM org.openqa.selenium.devtools.CdpVersionFinder findNearestMatch
WARNING: Unable to find an exact match for CDP version 114, so returning the closest version found: 110
]]></system-err>
  </testcase>
</testsuite>