<?xml version="1.0" encoding="UTF-8"?>
<testsuite xmlns:xsi="http://www.w3.org/2001/XMLSchema-instance" xsi:noNamespaceSchemaLocation="https://maven.apache.org/surefire/maven-failsafe-plugin/xsd/failsafe-test-report-3.0.xsd" version="3.0" name="starter.CucumberTestSuite" time="97.355" tests="38" errors="0" skipped="0" failures="9">
  <properties>
    <property name="java.specification.version" value="17"/>
    <property name="sun.cpu.isalist" value="amd64"/>
    <property name="sun.jnu.encoding" value="Cp1252"/>
    <property name="java.class.path" value="C:\Users\user\Documents\GitHub\QE_Loyalty-Point\API_CICD_Minpro\target\test-classes;C:\Users\user\.m2\repository\net\serenity-bdd\serenity-rest-assured\3.6.22\serenity-rest-assured-3.6.22.jar;C:\Users\user\.m2\repository\org\apache\httpcomponents\httpclient\4.5.13\httpclient-4.5.13.jar;C:\Users\user\.m2\repository\org\apache\httpcomponents\httpcore\4.4.13\httpcore-4.4.13.jar;C:\Users\user\.m2\repository\commons-logging\commons-logging\1.2\commons-logging-1.2.jar;C:\Users\user\.m2\repository\io\rest-assured\rest-assured\5.3.0\rest-assured-5.3.0.jar;C:\Users\user\.m2\repository\org\apache\httpcomponents\httpmime\4.5.13\httpmime-4.5.13.jar;C:\Users\user\.m2\repository\org\ccil\cowan\tagsoup\tagsoup\1.2.1\tagsoup-1.2.1.jar;C:\Users\user\.m2\repository\io\rest-assured\json-path\5.3.0\json-path-5.3.0.jar;C:\Users\user\.m2\repository\io\rest-assured\rest-assured-common\5.3.0\rest-assured-common-5.3.0.jar;C:\Users\user\.m2\repository\io\rest-assured\xml-path\5.3.0\xml-path-5.3.0.jar;C:\Users\user\.m2\repository\org\apache\groovy\groovy-json\4.0.10\groovy-json-4.0.10.jar;C:\Users\user\.m2\repository\org\apache\groovy\groovy-xml\4.0.10\groovy-xml-4.0.10.jar;C:\Users\user\.m2\repository\org\apache\groovy\groovy\4.0.10\groovy-4.0.10.jar;C:\Users\user\.m2\repository\org\opentest4j\opentest4j\1.2.0\opentest4j-1.2.0.jar;C:\Users\user\.m2\repository\net\serenity-bdd\serenity-core\3.6.21\serenity-core-3.6.21.jar;C:\Users\user\.m2\repository\net\serenity-bdd\serenity-model\3.6.21\serenity-model-3.6.21.jar;C:\Users\user\.m2\repository\org\apache\commons\commons-text\1.10.0\commons-text-1.10.0.jar;C:\Users\user\.m2\repository\commons-net\commons-net\3.9.0\commons-net-3.9.0.jar;C:\Users\user\.m2\repository\com\google\guava\guava\31.1-jre\guava-31.1-jre.jar;C:\Users\user\.m2\repository\com\google\guava\failureaccess\1.0.1\failureaccess-1.0.1.jar;C:\Users\user\.m2\repository\com\google\guava\listenablefuture\9999.0-empty-to-avoid-conflict-with-guava\listenablefuture-9999.0-empty-to-avoid-conflict-with-guava.jar;C:\Users\user\.m2\repository\com\google\code\findbugs\jsr305\3.0.2\jsr305-3.0.2.jar;C:\Users\user\.m2\repository\org\checkerframework\checker-qual\3.12.0\checker-qual-3.12.0.jar;C:\Users\user\.m2\repository\com\google\errorprone\error_prone_annotations\2.11.0\error_prone_annotations-2.11.0.jar;C:\Users\user\.m2\repository\com\google\j2objc\j2objc-annotations\1.3\j2objc-annotations-1.3.jar;C:\Users\user\.m2\repository\com\google\inject\guice\5.1.0\guice-5.1.0.jar;C:\Users\user\.m2\repository\javax\inject\javax.inject\1\javax.inject-1.jar;C:\Users\user\.m2\repository\aopalliance\aopalliance\1.0\aopalliance-1.0.jar;C:\Users\user\.m2\repository\org\jsoup\jsoup\1.14.3\jsoup-1.14.3.jar;C:\Users\user\.m2\repository\com\thoughtworks\xstream\xstream\1.4.20\xstream-1.4.20.jar;C:\Users\user\.m2\repository\io\github\x-stream\mxparser\1.2.2\mxparser-1.2.2.jar;C:\Users\user\.m2\repository\xmlpull\xmlpull\1.1.3.1\xmlpull-1.1.3.1.jar;C:\Users\user\.m2\repository\com\typesafe\config\1.4.2\config-1.4.2.jar;C:\Users\user\.m2\repository\org\imgscalr\imgscalr-lib\4.2\imgscalr-lib-4.2.jar;C:\Users\user\.m2\repository\org\awaitility\awaitility\4.2.0\awaitility-4.2.0.jar;C:\Users\user\.m2\repository\org\freemarker\freemarker\2.3.31\freemarker-2.3.31.jar;C:\Users\user\.m2\repository\io\github\classgraph\classgraph\4.8.138\classgraph-4.8.138.jar;C:\Users\user\.m2\repository\net\sourceforge\jexcelapi\jxl\2.6.12\jxl-2.6.12.jar;C:\Users\user\.m2\repository\net\bytebuddy\byte-buddy-agent\1.14.2\byte-buddy-agent-1.14.2.jar;C:\Users\user\.m2\repository\org\objenesis\objenesis\3.3\objenesis-3.3.jar;C:\Users\user\.m2\repository\net\serenity-bdd\serenity-reports\3.6.21\serenity-reports-3.6.21.jar;C:\Users\user\.m2\repository\net\serenity-bdd\serenity-stats\3.6.21\serenity-stats-3.6.21.jar;C:\Users\user\.m2\repository\net\serenity-bdd\serenity-reports-configuration\3.6.21\serenity-reports-configuration-3.6.21.jar;C:\Users\user\.m2\repository\com\vladsch\flexmark\flexmark-all\0.62.2\flexmark-all-0.62.2.jar;C:\Users\user\.m2\repository\com\vladsch\flexmark\flexmark\0.62.2\flexmark-0.62.2.jar;C:\Users\user\.m2\repository\com\vladsch\flexmark\flexmark-ext-abbreviation\0.62.2\flexmark-ext-abbreviation-0.62.2.jar;C:\Users\user\.m2\repository\com\vladsch\flexmark\flexmark-util\0.62.2\flexmark-util-0.62.2.jar;C:\Users\user\.m2\repository\com\vladsch\flexmark\flexmark-ext-admonition\0.62.2\flexmark-ext-admonition-0.62.2.jar;C:\Users\user\.m2\repository\com\vladsch\flexmark\flexmark-ext-anchorlink\0.62.2\flexmark-ext-anchorlink-0.62.2.jar;C:\Users\user\.m2\repository\com\vladsch\flexmark\flexmark-ext-aside\0.62.2\flexmark-ext-aside-0.62.2.jar;C:\Users\user\.m2\repository\com\vladsch\flexmark\flexmark-ext-attributes\0.62.2\flexmark-ext-attributes-0.62.2.jar;C:\Users\user\.m2\repository\com\vladsch\flexmark\flexmark-ext-autolink\0.62.2\flexmark-ext-autolink-0.62.2.jar;C:\Users\user\.m2\repository\org\nibor\autolink\autolink\0.6.0\autolink-0.6.0.jar;C:\Users\user\.m2\repository\com\vladsch\flexmark\flexmark-ext-definition\0.62.2\flexmark-ext-definition-0.62.2.jar;C:\Users\user\.m2\repository\com\vladsch\flexmark\flexmark-ext-emoji\0.62.2\flexmark-ext-emoji-0.62.2.jar;C:\Users\user\.m2\repository\com\vladsch\flexmark\flexmark-ext-enumerated-reference\0.62.2\flexmark-ext-enumerated-reference-0.62.2.jar;C:\Users\user\.m2\repository\com\vladsch\flexmark\flexmark-ext-escaped-character\0.62.2\flexmark-ext-escaped-character-0.62.2.jar;C:\Users\user\.m2\repository\com\vladsch\flexmark\flexmark-ext-footnotes\0.62.2\flexmark-ext-footnotes-0.62.2.jar;C:\Users\user\.m2\repository\com\vladsch\flexmark\flexmark-ext-gfm-issues\0.62.2\flexmark-ext-gfm-issues-0.62.2.jar;C:\Users\user\.m2\repository\com\vladsch\flexmark\flexmark-ext-gfm-strikethrough\0.62.2\flexmark-ext-gfm-strikethrough-0.62.2.jar;C:\Users\user\.m2\repository\com\vladsch\flexmark\flexmark-ext-gfm-tasklist\0.62.2\flexmark-ext-gfm-tasklist-0.62.2.jar;C:\Users\user\.m2\repository\com\vladsch\flexmark\flexmark-ext-gfm-users\0.62.2\flexmark-ext-gfm-users-0.62.2.jar;C:\Users\user\.m2\repository\com\vladsch\flexmark\flexmark-ext-gitlab\0.62.2\flexmark-ext-gitlab-0.62.2.jar;C:\Users\user\.m2\repository\com\vladsch\flexmark\flexmark-ext-jekyll-front-matter\0.62.2\flexmark-ext-jekyll-front-matter-0.62.2.jar;C:\Users\user\.m2\repository\com\vladsch\flexmark\flexmark-ext-jekyll-tag\0.62.2\flexmark-ext-jekyll-tag-0.62.2.jar;C:\Users\user\.m2\repository\com\vladsch\flexmark\flexmark-ext-media-tags\0.62.2\flexmark-ext-media-tags-0.62.2.jar;C:\Users\user\.m2\repository\com\vladsch\flexmark\flexmark-ext-macros\0.62.2\flexmark-ext-macros-0.62.2.jar;C:\Users\user\.m2\repository\com\vladsch\flexmark\flexmark-ext-ins\0.62.2\flexmark-ext-ins-0.62.2.jar;C:\Users\user\.m2\repository\com\vladsch\flexmark\flexmark-ext-xwiki-macros\0.62.2\flexmark-ext-xwiki-macros-0.62.2.jar;C:\Users\user\.m2\repository\com\vladsch\flexmark\flexmark-ext-superscript\0.62.2\flexmark-ext-superscript-0.62.2.jar;C:\Users\user\.m2\repository\com\vladsch\flexmark\flexmark-ext-tables\0.62.2\flexmark-ext-tables-0.62.2.jar;C:\Users\user\.m2\repository\com\vladsch\flexmark\flexmark-ext-toc\0.62.2\flexmark-ext-toc-0.62.2.jar;C:\Users\user\.m2\repository\com\vladsch\flexmark\flexmark-ext-typographic\0.62.2\flexmark-ext-typographic-0.62.2.jar;C:\Users\user\.m2\repository\com\vladsch\flexmark\flexmark-ext-wikilink\0.62.2\flexmark-ext-wikilink-0.62.2.jar;C:\Users\user\.m2\repository\com\vladsch\flexmark\flexmark-ext-yaml-front-matter\0.62.2\flexmark-ext-yaml-front-matter-0.62.2.jar;C:\Users\user\.m2\repository\com\vladsch\flexmark\flexmark-ext-youtube-embedded\0.62.2\flexmark-ext-youtube-embedded-0.62.2.jar;C:\Users\user\.m2\repository\com\vladsch\flexmark\flexmark-html2md-converter\0.62.2\flexmark-html2md-converter-0.62.2.jar;C:\Users\user\.m2\repository\com\vladsch\flexmark\flexmark-jira-converter\0.62.2\flexmark-jira-converter-0.62.2.jar;C:\Users\user\.m2\repository\com\vladsch\flexmark\flexmark-pdf-converter\0.62.2\flexmark-pdf-converter-0.62.2.jar;C:\Users\user\.m2\repository\com\openhtmltopdf\openhtmltopdf-core\1.0.0\openhtmltopdf-core-1.0.0.jar;C:\Users\user\.m2\repository\com\openhtmltopdf\openhtmltopdf-pdfbox\1.0.0\openhtmltopdf-pdfbox-1.0.0.jar;C:\Users\user\.m2\repository\org\apache\pdfbox\pdfbox\2.0.16\pdfbox-2.0.16.jar;C:\Users\user\.m2\repository\org\apache\pdfbox\fontbox\2.0.16\fontbox-2.0.16.jar;C:\Users\user\.m2\repository\org\apache\pdfbox\xmpbox\2.0.16\xmpbox-2.0.16.jar;C:\Users\user\.m2\repository\de\rototor\pdfbox\graphics2d\0.24\graphics2d-0.24.jar;C:\Users\user\.m2\repository\com\openhtmltopdf\openhtmltopdf-rtl-support\1.0.0\openhtmltopdf-rtl-support-1.0.0.jar;C:\Users\user\.m2\repository\com\openhtmltopdf\openhtmltopdf-jsoup-dom-converter\1.0.0\openhtmltopdf-jsoup-dom-converter-1.0.0.jar;C:\Users\user\.m2\repository\com\vladsch\flexmark\flexmark-profile-pegdown\0.62.2\flexmark-profile-pegdown-0.62.2.jar;C:\Users\user\.m2\repository\com\vladsch\flexmark\flexmark-util-ast\0.62.2\flexmark-util-ast-0.62.2.jar;C:\Users\user\.m2\repository\com\vladsch\flexmark\flexmark-util-builder\0.62.2\flexmark-util-builder-0.62.2.jar;C:\Users\user\.m2\repository\com\vladsch\flexmark\flexmark-util-collection\0.62.2\flexmark-util-collection-0.62.2.jar;C:\Users\user\.m2\repository\com\vladsch\flexmark\flexmark-util-data\0.62.2\flexmark-util-data-0.62.2.jar;C:\Users\user\.m2\repository\com\vladsch\flexmark\flexmark-util-dependency\0.62.2\flexmark-util-dependency-0.62.2.jar;C:\Users\user\.m2\repository\com\vladsch\flexmark\flexmark-util-format\0.62.2\flexmark-util-format-0.62.2.jar;C:\Users\user\.m2\repository\com\vladsch\flexmark\flexmark-util-html\0.62.2\flexmark-util-html-0.62.2.jar;C:\Users\user\.m2\repository\com\vladsch\flexmark\flexmark-util-misc\0.62.2\flexmark-util-misc-0.62.2.jar;C:\Users\user\.m2\repository\com\vladsch\flexmark\flexmark-util-options\0.62.2\flexmark-util-options-0.62.2.jar;C:\Users\user\.m2\repository\com\vladsch\flexmark\flexmark-util-sequence\0.62.2\flexmark-util-sequence-0.62.2.jar;C:\Users\user\.m2\repository\com\vladsch\flexmark\flexmark-util-visitor\0.62.2\flexmark-util-visitor-0.62.2.jar;C:\Users\user\.m2\repository\com\vladsch\flexmark\flexmark-youtrack-converter\0.62.2\flexmark-youtrack-converter-0.62.2.jar;C:\Users\user\.m2\repository\com\ibm\icu\icu4j\72.1\icu4j-72.1.jar;C:\Users\user\.m2\repository\es\nitaur\markdown\txtmark\0.16\txtmark-0.16.jar;C:\Users\user\.m2\repository\net\serenity-bdd\serenity-report-resources\3.6.21\serenity-report-resources-3.6.21.jar;C:\Users\user\.m2\repository\com\google\code\gson\gson\2.10.1\gson-2.10.1.jar;C:\Users\user\.m2\repository\com\fasterxml\jackson\core\jackson-core\2.15.0-rc1\jackson-core-2.15.0-rc1.jar;C:\Users\user\.m2\repository\com\fasterxml\jackson\core\jackson-databind\2.15.0-rc1\jackson-databind-2.15.0-rc1.jar;C:\Users\user\.m2\repository\com\fasterxml\jackson\core\jackson-annotations\2.15.0-rc1\jackson-annotations-2.15.0-rc1.jar;C:\Users\user\.m2\repository\commons-codec\commons-codec\1.15\commons-codec-1.15.jar;C:\Users\user\.m2\repository\commons-io\commons-io\2.11.0\commons-io-2.11.0.jar;C:\Users\user\.m2\repository\org\seleniumhq\selenium\selenium-java\4.8.1\selenium-java-4.8.1.jar;C:\Users\user\.m2\repository\org\seleniumhq\selenium\selenium-devtools-v108\4.8.1\selenium-devtools-v108-4.8.1.jar;C:\Users\user\.m2\repository\org\seleniumhq\selenium\selenium-devtools-v109\4.8.1\selenium-devtools-v109-4.8.1.jar;C:\Users\user\.m2\repository\org\seleniumhq\selenium\selenium-devtools-v110\4.8.1\selenium-devtools-v110-4.8.1.jar;C:\Users\user\.m2\repository\org\seleniumhq\selenium\selenium-devtools-v85\4.8.1\selenium-devtools-v85-4.8.1.jar;C:\Users\user\.m2\repository\org\seleniumhq\selenium\selenium-remote-driver\4.8.1\selenium-remote-driver-4.8.1.jar;C:\Users\user\.m2\repository\com\beust\jcommander\1.82\jcommander-1.82.jar;C:\Users\user\.m2\repository\io\netty\netty-buffer\4.1.87.Final\netty-buffer-4.1.87.Final.jar;C:\Users\user\.m2\repository\io\netty\netty-codec-http\4.1.87.Final\netty-codec-http-4.1.87.Final.jar;C:\Users\user\.m2\repository\io\netty\netty-codec\4.1.87.Final\netty-codec-4.1.87.Final.jar;C:\Users\user\.m2\repository\io\netty\netty-handler\4.1.87.Final\netty-handler-4.1.87.Final.jar;C:\Users\user\.m2\repository\io\netty\netty-common\4.1.87.Final\netty-common-4.1.87.Final.jar;C:\Users\user\.m2\repository\io\netty\netty-transport-classes-epoll\4.1.87.Final\netty-transport-classes-epoll-4.1.87.Final.jar;C:\Users\user\.m2\repository\io\netty\netty-transport-classes-kqueue\4.1.87.Final\netty-transport-classes-kqueue-4.1.87.Final.jar;C:\Users\user\.m2\repository\io\netty\netty-transport-native-epoll\4.1.87.Final\netty-transport-native-epoll-4.1.87.Final.jar;C:\Users\user\.m2\repository\io\netty\netty-transport-native-kqueue\4.1.87.Final\netty-transport-native-kqueue-4.1.87.Final.jar;C:\Users\user\.m2\repository\io\netty\netty-transport-native-unix-common\4.1.87.Final\netty-transport-native-unix-common-4.1.87.Final.jar;C:\Users\user\.m2\repository\io\netty\netty-transport\4.1.87.Final\netty-transport-4.1.87.Final.jar;C:\Users\user\.m2\repository\io\netty\netty-resolver\4.1.87.Final\netty-resolver-4.1.87.Final.jar;C:\Users\user\.m2\repository\io\opentelemetry\opentelemetry-api\1.22.0\opentelemetry-api-1.22.0.jar;C:\Users\user\.m2\repository\io\opentelemetry\opentelemetry-context\1.22.0\opentelemetry-context-1.22.0.jar;C:\Users\user\.m2\repository\io\opentelemetry\opentelemetry-exporter-logging\1.22.0\opentelemetry-exporter-logging-1.22.0.jar;C:\Users\user\.m2\repository\io\opentelemetry\opentelemetry-sdk-metrics\1.22.0\opentelemetry-sdk-metrics-1.22.0.jar;C:\Users\user\.m2\repository\io\opentelemetry\opentelemetry-sdk-logs\1.22.0-alpha\opentelemetry-sdk-logs-1.22.0-alpha.jar;C:\Users\user\.m2\repository\io\opentelemetry\opentelemetry-api-logs\1.22.0-alpha\opentelemetry-api-logs-1.22.0-alpha.jar;C:\Users\user\.m2\repository\io\opentelemetry\opentelemetry-sdk-common\1.22.0\opentelemetry-sdk-common-1.22.0.jar;C:\Users\user\.m2\repository\io\opentelemetry\opentelemetry-sdk-extension-autoconfigure-spi\1.22.0\opentelemetry-sdk-extension-autoconfigure-spi-1.22.0.jar;C:\Users\user\.m2\repository\io\opentelemetry\opentelemetry-sdk-extension-autoconfigure\1.22.0-alpha\opentelemetry-sdk-extension-autoconfigure-1.22.0-alpha.jar;C:\Users\user\.m2\repository\io\opentelemetry\opentelemetry-sdk-trace\1.22.0\opentelemetry-sdk-trace-1.22.0.jar;C:\Users\user\.m2\repository\io\opentelemetry\opentelemetry-sdk\1.22.0\opentelemetry-sdk-1.22.0.jar;C:\Users\user\.m2\repository\io\opentelemetry\opentelemetry-semconv\1.22.0-alpha\opentelemetry-semconv-1.22.0-alpha.jar;C:\Users\user\.m2\repository\io\ous\jtoml\2.0.0\jtoml-2.0.0.jar;C:\Users\user\.m2\repository\org\apache\commons\commons-exec\1.3\commons-exec-1.3.jar;C:\Users\user\.m2\repository\org\asynchttpclient\async-http-client\2.12.3\async-http-client-2.12.3.jar;C:\Users\user\.m2\repository\org\asynchttpclient\async-http-client-netty-utils\2.12.3\async-http-client-netty-utils-2.12.3.jar;C:\Users\user\.m2\repository\io\netty\netty-codec-socks\4.1.60.Final\netty-codec-socks-4.1.60.Final.jar;C:\Users\user\.m2\repository\io\netty\netty-handler-proxy\4.1.60.Final\netty-handler-proxy-4.1.60.Final.jar;C:\Users\user\.m2\repository\io\netty\netty-transport-native-epoll\4.1.60.Final\netty-transport-native-epoll-4.1.60.Final-linux-x86_64.jar;C:\Users\user\.m2\repository\io\netty\netty-transport-native-kqueue\4.1.60.Final\netty-transport-native-kqueue-4.1.60.Final-osx-x86_64.jar;C:\Users\user\.m2\repository\org\reactivestreams\reactive-streams\1.0.3\reactive-streams-1.0.3.jar;C:\Users\user\.m2\repository\com\typesafe\netty\netty-reactive-streams\2.0.4\netty-reactive-streams-2.0.4.jar;C:\Users\user\.m2\repository\org\seleniumhq\selenium\selenium-manager\4.8.1\selenium-manager-4.8.1.jar;C:\Users\user\.m2\repository\org\seleniumhq\selenium\selenium-safari-driver\4.8.1\selenium-safari-driver-4.8.1.jar;C:\Users\user\.m2\repository\org\seleniumhq\selenium\selenium-api\4.8.1\selenium-api-4.8.1.jar;C:\Users\user\.m2\repository\org\seleniumhq\selenium\selenium-support\4.8.1\selenium-support-4.8.1.jar;C:\Users\user\.m2\repository\com\google\auto\service\auto-service-annotations\1.0.1\auto-service-annotations-1.0.1.jar;C:\Users\user\.m2\repository\com\google\auto\service\auto-service\1.0.1\auto-service-1.0.1.jar;C:\Users\user\.m2\repository\com\google\auto\auto-common\1.2\auto-common-1.2.jar;C:\Users\user\.m2\repository\org\seleniumhq\selenium\selenium-json\4.8.1\selenium-json-4.8.1.jar;C:\Users\user\.m2\repository\org\seleniumhq\selenium\selenium-chrome-driver\4.8.1\selenium-chrome-driver-4.8.1.jar;C:\Users\user\.m2\repository\org\seleniumhq\selenium\selenium-chromium-driver\4.8.1\selenium-chromium-driver-4.8.1.jar;C:\Users\user\.m2\repository\org\seleniumhq\selenium\selenium-firefox-driver\4.8.1\selenium-firefox-driver-4.8.1.jar;C:\Users\user\.m2\repository\org\seleniumhq\selenium\selenium-http\4.8.1\selenium-http-4.8.1.jar;C:\Users\user\.m2\repository\dev\failsafe\failsafe\3.3.0\failsafe-3.3.0.jar;C:\Users\user\.m2\repository\org\seleniumhq\selenium\selenium-edge-driver\4.8.1\selenium-edge-driver-4.8.1.jar;C:\Users\user\.m2\repository\org\seleniumhq\selenium\selenium-ie-driver\4.8.1\selenium-ie-driver-4.8.1.jar;C:\Users\user\.m2\repository\org\projectlombok\lombok\1.18.20\lombok-1.18.20.jar;C:\Users\user\.m2\repository\io\appium\java-client\8.3.0\java-client-8.3.0.jar;C:\Users\user\.m2\repository\commons-validator\commons-validator\1.7\commons-validator-1.7.jar;C:\Users\user\.m2\repository\commons-digester\commons-digester\2.1\commons-digester-2.1.jar;C:\Users\user\.m2\repository\net\sf\opencsv\opencsv\2.0\opencsv-2.0.jar;C:\Users\user\.m2\repository\commons-beanutils\commons-beanutils\1.9.4\commons-beanutils-1.9.4.jar;C:\Users\user\.m2\repository\org\apache\commons\commons-lang3\3.12.0\commons-lang3-3.12.0.jar;C:\Users\user\.m2\repository\commons-collections\commons-collections\3.2.2\commons-collections-3.2.2.jar;C:\Users\user\.m2\repository\org\fluentlenium\fluentlenium-core\0.10.2\fluentlenium-core-0.10.2.jar;C:\Users\user\.m2\repository\io\github\bonigarcia\webdrivermanager\5.3.0\webdrivermanager-5.3.0.jar;C:\Users\user\.m2\repository\com\github\docker-java\docker-java\3.2.13\docker-java-3.2.13.jar;C:\Users\user\.m2\repository\com\github\docker-java\docker-java-core\3.2.13\docker-java-core-3.2.13.jar;C:\Users\user\.m2\repository\com\github\docker-java\docker-java-api\3.2.13\docker-java-api-3.2.13.jar;C:\Users\user\.m2\repository\org\apache\commons\commons-compress\1.21\commons-compress-1.21.jar;C:\Users\user\.m2\repository\org\bouncycastle\bcpkix-jdk15on\1.64\bcpkix-jdk15on-1.64.jar;C:\Users\user\.m2\repository\org\bouncycastle\bcprov-jdk15on\1.64\bcprov-jdk15on-1.64.jar;C:\Users\user\.m2\repository\org\slf4j\jcl-over-slf4j\1.7.30\jcl-over-slf4j-1.7.30.jar;C:\Users\user\.m2\repository\com\github\docker-java\docker-java-transport-httpclient5\3.2.13\docker-java-transport-httpclient5-3.2.13.jar;C:\Users\user\.m2\repository\com\github\docker-java\docker-java-transport\3.2.13\docker-java-transport-3.2.13.jar;C:\Users\user\.m2\repository\net\java\dev\jna\jna\5.8.0\jna-5.8.0.jar;C:\Users\user\.m2\repository\org\brotli\dec\0.1.2\dec-0.1.2.jar;C:\Users\user\.m2\repository\org\apache\httpcomponents\client5\httpclient5\5.1.3\httpclient5-5.1.3.jar;C:\Users\user\.m2\repository\org\apache\httpcomponents\core5\httpcore5\5.1.3\httpcore5-5.1.3.jar;C:\Users\user\.m2\repository\org\apache\httpcomponents\core5\httpcore5-h2\5.1.3\httpcore5-h2-5.1.3.jar;C:\Users\user\.m2\repository\com\jhlabs\filters\2.0.235\filters-2.0.235.jar;C:\Users\user\.m2\repository\com\paulhammant\ngwebdriver\1.1.6\ngwebdriver-1.1.6.jar;C:\Users\user\.m2\repository\joda-time\joda-time\2.12.2\joda-time-2.12.2.jar;C:\Users\user\.m2\repository\org\hamcrest\hamcrest\2.2\hamcrest-2.2.jar;C:\Users\user\.m2\repository\com\google\jimfs\jimfs\1.2\jimfs-1.2.jar;C:\Users\user\.m2\repository\org\mockito\mockito-core\3.3.3\mockito-core-3.3.3.jar;C:\Users\user\.m2\repository\javax\xml\bind\jaxb-api\2.3.1\jaxb-api-2.3.1.jar;C:\Users\user\.m2\repository\javax\activation\javax.activation-api\1.2.0\javax.activation-api-1.2.0.jar;C:\Users\user\.m2\repository\com\sun\xml\bind\jaxb-core\2.3.0.1\jaxb-core-2.3.0.1.jar;C:\Users\user\.m2\repository\com\sun\xml\bind\jaxb-impl\2.3.3\jaxb-impl-2.3.3.jar;C:\Users\user\.m2\repository\jakarta\xml\bind\jakarta.xml.bind-api\2.3.3\jakarta.xml.bind-api-2.3.3.jar;C:\Users\user\.m2\repository\com\sun\activation\jakarta.activation\1.2.2\jakarta.activation-1.2.2.jar;C:\Users\user\.m2\repository\javax\activation\activation\1.1.1\activation-1.1.1.jar;C:\Users\user\.m2\repository\net\serenity-bdd\serenity-cucumber\3.6.21\serenity-cucumber-3.6.21.jar;C:\Users\user\.m2\repository\io\cucumber\cucumber-core\7.11.0\cucumber-core-7.11.0.jar;C:\Users\user\.m2\repository\io\cucumber\cucumber-gherkin\7.11.0\cucumber-gherkin-7.11.0.jar;C:\Users\user\.m2\repository\io\cucumber\cucumber-gherkin-messages\7.11.0\cucumber-gherkin-messages-7.11.0.jar;C:\Users\user\.m2\repository\io\cucumber\gherkin\26.0.3\gherkin-26.0.3.jar;C:\Users\user\.m2\repository\io\cucumber\messages\21.0.1\messages-21.0.1.jar;C:\Users\user\.m2\repository\io\cucumber\tag-expressions\5.0.1\tag-expressions-5.0.1.jar;C:\Users\user\.m2\repository\io\cucumber\cucumber-expressions\16.1.1\cucumber-expressions-16.1.1.jar;C:\Users\user\.m2\repository\io\cucumber\datatable\7.11.0\datatable-7.11.0.jar;C:\Users\user\.m2\repository\io\cucumber\cucumber-plugin\7.11.0\cucumber-plugin-7.11.0.jar;C:\Users\user\.m2\repository\io\cucumber\docstring\7.11.0\docstring-7.11.0.jar;C:\Users\user\.m2\repository\io\cucumber\html-formatter\20.2.1\html-formatter-20.2.1.jar;C:\Users\user\.m2\repository\io\cucumber\junit-xml-formatter\0.1.0\junit-xml-formatter-0.1.0.jar;C:\Users\user\.m2\repository\io\cucumber\ci-environment\9.1.0\ci-environment-9.1.0.jar;C:\Users\user\.m2\repository\io\cucumber\cucumber-java\7.11.0\cucumber-java-7.11.0.jar;C:\Users\user\.m2\repository\io\cucumber\cucumber-junit\7.11.0\cucumber-junit-7.11.0.jar;C:\Users\user\.m2\repository\org\apache\commons\commons-csv\1.5\commons-csv-1.5.jar;C:\Users\user\.m2\repository\net\serenity-bdd\serenity-screenplay\3.6.21\serenity-screenplay-3.6.21.jar;C:\Users\user\.m2\repository\net\serenity-bdd\serenity-screenplay-webdriver\3.6.21\serenity-screenplay-webdriver-3.6.21.jar;C:\Users\user\.m2\repository\net\serenity-bdd\serenity-ensure\3.6.21\serenity-ensure-3.6.21.jar;C:\Users\user\.m2\repository\net\serenity-bdd\serenity-junit\3.6.21\serenity-junit-3.6.21.jar;C:\Users\user\.m2\repository\org\jetbrains\kotlin\kotlin-stdlib\1.8.10\kotlin-stdlib-1.8.10.jar;C:\Users\user\.m2\repository\org\jetbrains\kotlin\kotlin-stdlib-common\1.8.10\kotlin-stdlib-common-1.8.10.jar;C:\Users\user\.m2\repository\org\jetbrains\annotations\13.0\annotations-13.0.jar;C:\Users\user\.m2\repository\org\junit\platform\junit-platform-launcher\1.8.2\junit-platform-launcher-1.8.2.jar;C:\Users\user\.m2\repository\org\junit\platform\junit-platform-engine\1.8.2\junit-platform-engine-1.8.2.jar;C:\Users\user\.m2\repository\org\junit\platform\junit-platform-commons\1.8.2\junit-platform-commons-1.8.2.jar;C:\Users\user\.m2\repository\org\apiguardian\apiguardian-api\1.1.2\apiguardian-api-1.1.2.jar;C:\Users\user\.m2\repository\org\junit\jupiter\junit-jupiter-engine\5.8.2\junit-jupiter-engine-5.8.2.jar;C:\Users\user\.m2\repository\org\junit\jupiter\junit-jupiter-api\5.8.2\junit-jupiter-api-5.8.2.jar;C:\Users\user\.m2\repository\org\junit\vintage\junit-vintage-engine\5.8.2\junit-vintage-engine-5.8.2.jar;C:\Users\user\.m2\repository\junit\junit\4.13.2\junit-4.13.2.jar;C:\Users\user\.m2\repository\org\hamcrest\hamcrest-core\1.3\hamcrest-core-1.3.jar;C:\Users\user\.m2\repository\ch\qos\logback\logback-classic\1.2.10\logback-classic-1.2.10.jar;C:\Users\user\.m2\repository\ch\qos\logback\logback-core\1.2.10\logback-core-1.2.10.jar;C:\Users\user\.m2\repository\org\slf4j\slf4j-api\1.7.32\slf4j-api-1.7.32.jar;C:\Users\user\.m2\repository\org\assertj\assertj-core\3.23.1\assertj-core-3.23.1.jar;C:\Users\user\.m2\repository\net\bytebuddy\byte-buddy\1.12.10\byte-buddy-1.12.10.jar;C:\Users\user\.m2\repository\com\googlecode\json-simple\json-simple\1.1.1\json-simple-1.1.1.jar;"/>
    <property name="java.vm.vendor" value="Oracle Corporation"/>
    <property name="sun.arch.data.model" value="64"/>
    <property name="user.variant" value=""/>
    <property name="java.vendor.url" value="https://java.oracle.com/"/>
    <property name="user.timezone" value="Asia/Jakarta"/>
    <property name="user.country.format" value="ID"/>
    <property name="os.name" value="Windows 10"/>
    <property name="java.vm.specification.version" value="17"/>
    <property name="sun.java.launcher" value="SUN_STANDARD"/>
    <property name="user.country" value="GB"/>
    <property name="sun.boot.library.path" value="C:\Program Files\Java\jdk-17\bin"/>
    <property name="sun.java.command" value="org.apache.maven.surefire.booter.ForkedBooter C:\Users\user\AppData\Local\Temp\surefire4034419307970906480 2023-05-29T14-57-34_822-jvmRun1 surefire17972715312799882539tmp surefire_013931191565249385405tmp"/>
    <property name="jdk.debug" value="release"/>
    <property name="surefire.test.class.path" value="C:\Users\user\Documents\GitHub\QE_Loyalty-Point\API_CICD_Minpro\target\test-classes;C:\Users\user\.m2\repository\net\serenity-bdd\serenity-rest-assured\3.6.22\serenity-rest-assured-3.6.22.jar;C:\Users\user\.m2\repository\org\apache\httpcomponents\httpclient\4.5.13\httpclient-4.5.13.jar;C:\Users\user\.m2\repository\org\apache\httpcomponents\httpcore\4.4.13\httpcore-4.4.13.jar;C:\Users\user\.m2\repository\commons-logging\commons-logging\1.2\commons-logging-1.2.jar;C:\Users\user\.m2\repository\io\rest-assured\rest-assured\5.3.0\rest-assured-5.3.0.jar;C:\Users\user\.m2\repository\org\apache\httpcomponents\httpmime\4.5.13\httpmime-4.5.13.jar;C:\Users\user\.m2\repository\org\ccil\cowan\tagsoup\tagsoup\1.2.1\tagsoup-1.2.1.jar;C:\Users\user\.m2\repository\io\rest-assured\json-path\5.3.0\json-path-5.3.0.jar;C:\Users\user\.m2\repository\io\rest-assured\rest-assured-common\5.3.0\rest-assured-common-5.3.0.jar;C:\Users\user\.m2\repository\io\rest-assured\xml-path\5.3.0\xml-path-5.3.0.jar;C:\Users\user\.m2\repository\org\apache\groovy\groovy-json\4.0.10\groovy-json-4.0.10.jar;C:\Users\user\.m2\repository\org\apache\groovy\groovy-xml\4.0.10\groovy-xml-4.0.10.jar;C:\Users\user\.m2\repository\org\apache\groovy\groovy\4.0.10\groovy-4.0.10.jar;C:\Users\user\.m2\repository\org\opentest4j\opentest4j\1.2.0\opentest4j-1.2.0.jar;C:\Users\user\.m2\repository\net\serenity-bdd\serenity-core\3.6.21\serenity-core-3.6.21.jar;C:\Users\user\.m2\repository\net\serenity-bdd\serenity-model\3.6.21\serenity-model-3.6.21.jar;C:\Users\user\.m2\repository\org\apache\commons\commons-text\1.10.0\commons-text-1.10.0.jar;C:\Users\user\.m2\repository\commons-net\commons-net\3.9.0\commons-net-3.9.0.jar;C:\Users\user\.m2\repository\com\google\guava\guava\31.1-jre\guava-31.1-jre.jar;C:\Users\user\.m2\repository\com\google\guava\failureaccess\1.0.1\failureaccess-1.0.1.jar;C:\Users\user\.m2\repository\com\google\guava\listenablefuture\9999.0-empty-to-avoid-conflict-with-guava\listenablefuture-9999.0-empty-to-avoid-conflict-with-guava.jar;C:\Users\user\.m2\repository\com\google\code\findbugs\jsr305\3.0.2\jsr305-3.0.2.jar;C:\Users\user\.m2\repository\org\checkerframework\checker-qual\3.12.0\checker-qual-3.12.0.jar;C:\Users\user\.m2\repository\com\google\errorprone\error_prone_annotations\2.11.0\error_prone_annotations-2.11.0.jar;C:\Users\user\.m2\repository\com\google\j2objc\j2objc-annotations\1.3\j2objc-annotations-1.3.jar;C:\Users\user\.m2\repository\com\google\inject\guice\5.1.0\guice-5.1.0.jar;C:\Users\user\.m2\repository\javax\inject\javax.inject\1\javax.inject-1.jar;C:\Users\user\.m2\repository\aopalliance\aopalliance\1.0\aopalliance-1.0.jar;C:\Users\user\.m2\repository\org\jsoup\jsoup\1.14.3\jsoup-1.14.3.jar;C:\Users\user\.m2\repository\com\thoughtworks\xstream\xstream\1.4.20\xstream-1.4.20.jar;C:\Users\user\.m2\repository\io\github\x-stream\mxparser\1.2.2\mxparser-1.2.2.jar;C:\Users\user\.m2\repository\xmlpull\xmlpull\1.1.3.1\xmlpull-1.1.3.1.jar;C:\Users\user\.m2\repository\com\typesafe\config\1.4.2\config-1.4.2.jar;C:\Users\user\.m2\repository\org\imgscalr\imgscalr-lib\4.2\imgscalr-lib-4.2.jar;C:\Users\user\.m2\repository\org\awaitility\awaitility\4.2.0\awaitility-4.2.0.jar;C:\Users\user\.m2\repository\org\freemarker\freemarker\2.3.31\freemarker-2.3.31.jar;C:\Users\user\.m2\repository\io\github\classgraph\classgraph\4.8.138\classgraph-4.8.138.jar;C:\Users\user\.m2\repository\net\sourceforge\jexcelapi\jxl\2.6.12\jxl-2.6.12.jar;C:\Users\user\.m2\repository\net\bytebuddy\byte-buddy-agent\1.14.2\byte-buddy-agent-1.14.2.jar;C:\Users\user\.m2\repository\org\objenesis\objenesis\3.3\objenesis-3.3.jar;C:\Users\user\.m2\repository\net\serenity-bdd\serenity-reports\3.6.21\serenity-reports-3.6.21.jar;C:\Users\user\.m2\repository\net\serenity-bdd\serenity-stats\3.6.21\serenity-stats-3.6.21.jar;C:\Users\user\.m2\repository\net\serenity-bdd\serenity-reports-configuration\3.6.21\serenity-reports-configuration-3.6.21.jar;C:\Users\user\.m2\repository\com\vladsch\flexmark\flexmark-all\0.62.2\flexmark-all-0.62.2.jar;C:\Users\user\.m2\repository\com\vladsch\flexmark\flexmark\0.62.2\flexmark-0.62.2.jar;C:\Users\user\.m2\repository\com\vladsch\flexmark\flexmark-ext-abbreviation\0.62.2\flexmark-ext-abbreviation-0.62.2.jar;C:\Users\user\.m2\repository\com\vladsch\flexmark\flexmark-util\0.62.2\flexmark-util-0.62.2.jar;C:\Users\user\.m2\repository\com\vladsch\flexmark\flexmark-ext-admonition\0.62.2\flexmark-ext-admonition-0.62.2.jar;C:\Users\user\.m2\repository\com\vladsch\flexmark\flexmark-ext-anchorlink\0.62.2\flexmark-ext-anchorlink-0.62.2.jar;C:\Users\user\.m2\repository\com\vladsch\flexmark\flexmark-ext-aside\0.62.2\flexmark-ext-aside-0.62.2.jar;C:\Users\user\.m2\repository\com\vladsch\flexmark\flexmark-ext-attributes\0.62.2\flexmark-ext-attributes-0.62.2.jar;C:\Users\user\.m2\repository\com\vladsch\flexmark\flexmark-ext-autolink\0.62.2\flexmark-ext-autolink-0.62.2.jar;C:\Users\user\.m2\repository\org\nibor\autolink\autolink\0.6.0\autolink-0.6.0.jar;C:\Users\user\.m2\repository\com\vladsch\flexmark\flexmark-ext-definition\0.62.2\flexmark-ext-definition-0.62.2.jar;C:\Users\user\.m2\repository\com\vladsch\flexmark\flexmark-ext-emoji\0.62.2\flexmark-ext-emoji-0.62.2.jar;C:\Users\user\.m2\repository\com\vladsch\flexmark\flexmark-ext-enumerated-reference\0.62.2\flexmark-ext-enumerated-reference-0.62.2.jar;C:\Users\user\.m2\repository\com\vladsch\flexmark\flexmark-ext-escaped-character\0.62.2\flexmark-ext-escaped-character-0.62.2.jar;C:\Users\user\.m2\repository\com\vladsch\flexmark\flexmark-ext-footnotes\0.62.2\flexmark-ext-footnotes-0.62.2.jar;C:\Users\user\.m2\repository\com\vladsch\flexmark\flexmark-ext-gfm-issues\0.62.2\flexmark-ext-gfm-issues-0.62.2.jar;C:\Users\user\.m2\repository\com\vladsch\flexmark\flexmark-ext-gfm-strikethrough\0.62.2\flexmark-ext-gfm-strikethrough-0.62.2.jar;C:\Users\user\.m2\repository\com\vladsch\flexmark\flexmark-ext-gfm-tasklist\0.62.2\flexmark-ext-gfm-tasklist-0.62.2.jar;C:\Users\user\.m2\repository\com\vladsch\flexmark\flexmark-ext-gfm-users\0.62.2\flexmark-ext-gfm-users-0.62.2.jar;C:\Users\user\.m2\repository\com\vladsch\flexmark\flexmark-ext-gitlab\0.62.2\flexmark-ext-gitlab-0.62.2.jar;C:\Users\user\.m2\repository\com\vladsch\flexmark\flexmark-ext-jekyll-front-matter\0.62.2\flexmark-ext-jekyll-front-matter-0.62.2.jar;C:\Users\user\.m2\repository\com\vladsch\flexmark\flexmark-ext-jekyll-tag\0.62.2\flexmark-ext-jekyll-tag-0.62.2.jar;C:\Users\user\.m2\repository\com\vladsch\flexmark\flexmark-ext-media-tags\0.62.2\flexmark-ext-media-tags-0.62.2.jar;C:\Users\user\.m2\repository\com\vladsch\flexmark\flexmark-ext-macros\0.62.2\flexmark-ext-macros-0.62.2.jar;C:\Users\user\.m2\repository\com\vladsch\flexmark\flexmark-ext-ins\0.62.2\flexmark-ext-ins-0.62.2.jar;C:\Users\user\.m2\repository\com\vladsch\flexmark\flexmark-ext-xwiki-macros\0.62.2\flexmark-ext-xwiki-macros-0.62.2.jar;C:\Users\user\.m2\repository\com\vladsch\flexmark\flexmark-ext-superscript\0.62.2\flexmark-ext-superscript-0.62.2.jar;C:\Users\user\.m2\repository\com\vladsch\flexmark\flexmark-ext-tables\0.62.2\flexmark-ext-tables-0.62.2.jar;C:\Users\user\.m2\repository\com\vladsch\flexmark\flexmark-ext-toc\0.62.2\flexmark-ext-toc-0.62.2.jar;C:\Users\user\.m2\repository\com\vladsch\flexmark\flexmark-ext-typographic\0.62.2\flexmark-ext-typographic-0.62.2.jar;C:\Users\user\.m2\repository\com\vladsch\flexmark\flexmark-ext-wikilink\0.62.2\flexmark-ext-wikilink-0.62.2.jar;C:\Users\user\.m2\repository\com\vladsch\flexmark\flexmark-ext-yaml-front-matter\0.62.2\flexmark-ext-yaml-front-matter-0.62.2.jar;C:\Users\user\.m2\repository\com\vladsch\flexmark\flexmark-ext-youtube-embedded\0.62.2\flexmark-ext-youtube-embedded-0.62.2.jar;C:\Users\user\.m2\repository\com\vladsch\flexmark\flexmark-html2md-converter\0.62.2\flexmark-html2md-converter-0.62.2.jar;C:\Users\user\.m2\repository\com\vladsch\flexmark\flexmark-jira-converter\0.62.2\flexmark-jira-converter-0.62.2.jar;C:\Users\user\.m2\repository\com\vladsch\flexmark\flexmark-pdf-converter\0.62.2\flexmark-pdf-converter-0.62.2.jar;C:\Users\user\.m2\repository\com\openhtmltopdf\openhtmltopdf-core\1.0.0\openhtmltopdf-core-1.0.0.jar;C:\Users\user\.m2\repository\com\openhtmltopdf\openhtmltopdf-pdfbox\1.0.0\openhtmltopdf-pdfbox-1.0.0.jar;C:\Users\user\.m2\repository\org\apache\pdfbox\pdfbox\2.0.16\pdfbox-2.0.16.jar;C:\Users\user\.m2\repository\org\apache\pdfbox\fontbox\2.0.16\fontbox-2.0.16.jar;C:\Users\user\.m2\repository\org\apache\pdfbox\xmpbox\2.0.16\xmpbox-2.0.16.jar;C:\Users\user\.m2\repository\de\rototor\pdfbox\graphics2d\0.24\graphics2d-0.24.jar;C:\Users\user\.m2\repository\com\openhtmltopdf\openhtmltopdf-rtl-support\1.0.0\openhtmltopdf-rtl-support-1.0.0.jar;C:\Users\user\.m2\repository\com\openhtmltopdf\openhtmltopdf-jsoup-dom-converter\1.0.0\openhtmltopdf-jsoup-dom-converter-1.0.0.jar;C:\Users\user\.m2\repository\com\vladsch\flexmark\flexmark-profile-pegdown\0.62.2\flexmark-profile-pegdown-0.62.2.jar;C:\Users\user\.m2\repository\com\vladsch\flexmark\flexmark-util-ast\0.62.2\flexmark-util-ast-0.62.2.jar;C:\Users\user\.m2\repository\com\vladsch\flexmark\flexmark-util-builder\0.62.2\flexmark-util-builder-0.62.2.jar;C:\Users\user\.m2\repository\com\vladsch\flexmark\flexmark-util-collection\0.62.2\flexmark-util-collection-0.62.2.jar;C:\Users\user\.m2\repository\com\vladsch\flexmark\flexmark-util-data\0.62.2\flexmark-util-data-0.62.2.jar;C:\Users\user\.m2\repository\com\vladsch\flexmark\flexmark-util-dependency\0.62.2\flexmark-util-dependency-0.62.2.jar;C:\Users\user\.m2\repository\com\vladsch\flexmark\flexmark-util-format\0.62.2\flexmark-util-format-0.62.2.jar;C:\Users\user\.m2\repository\com\vladsch\flexmark\flexmark-util-html\0.62.2\flexmark-util-html-0.62.2.jar;C:\Users\user\.m2\repository\com\vladsch\flexmark\flexmark-util-misc\0.62.2\flexmark-util-misc-0.62.2.jar;C:\Users\user\.m2\repository\com\vladsch\flexmark\flexmark-util-options\0.62.2\flexmark-util-options-0.62.2.jar;C:\Users\user\.m2\repository\com\vladsch\flexmark\flexmark-util-sequence\0.62.2\flexmark-util-sequence-0.62.2.jar;C:\Users\user\.m2\repository\com\vladsch\flexmark\flexmark-util-visitor\0.62.2\flexmark-util-visitor-0.62.2.jar;C:\Users\user\.m2\repository\com\vladsch\flexmark\flexmark-youtrack-converter\0.62.2\flexmark-youtrack-converter-0.62.2.jar;C:\Users\user\.m2\repository\com\ibm\icu\icu4j\72.1\icu4j-72.1.jar;C:\Users\user\.m2\repository\es\nitaur\markdown\txtmark\0.16\txtmark-0.16.jar;C:\Users\user\.m2\repository\net\serenity-bdd\serenity-report-resources\3.6.21\serenity-report-resources-3.6.21.jar;C:\Users\user\.m2\repository\com\google\code\gson\gson\2.10.1\gson-2.10.1.jar;C:\Users\user\.m2\repository\com\fasterxml\jackson\core\jackson-core\2.15.0-rc1\jackson-core-2.15.0-rc1.jar;C:\Users\user\.m2\repository\com\fasterxml\jackson\core\jackson-databind\2.15.0-rc1\jackson-databind-2.15.0-rc1.jar;C:\Users\user\.m2\repository\com\fasterxml\jackson\core\jackson-annotations\2.15.0-rc1\jackson-annotations-2.15.0-rc1.jar;C:\Users\user\.m2\repository\commons-codec\commons-codec\1.15\commons-codec-1.15.jar;C:\Users\user\.m2\repository\commons-io\commons-io\2.11.0\commons-io-2.11.0.jar;C:\Users\user\.m2\repository\org\seleniumhq\selenium\selenium-java\4.8.1\selenium-java-4.8.1.jar;C:\Users\user\.m2\repository\org\seleniumhq\selenium\selenium-devtools-v108\4.8.1\selenium-devtools-v108-4.8.1.jar;C:\Users\user\.m2\repository\org\seleniumhq\selenium\selenium-devtools-v109\4.8.1\selenium-devtools-v109-4.8.1.jar;C:\Users\user\.m2\repository\org\seleniumhq\selenium\selenium-devtools-v110\4.8.1\selenium-devtools-v110-4.8.1.jar;C:\Users\user\.m2\repository\org\seleniumhq\selenium\selenium-devtools-v85\4.8.1\selenium-devtools-v85-4.8.1.jar;C:\Users\user\.m2\repository\org\seleniumhq\selenium\selenium-remote-driver\4.8.1\selenium-remote-driver-4.8.1.jar;C:\Users\user\.m2\repository\com\beust\jcommander\1.82\jcommander-1.82.jar;C:\Users\user\.m2\repository\io\netty\netty-buffer\4.1.87.Final\netty-buffer-4.1.87.Final.jar;C:\Users\user\.m2\repository\io\netty\netty-codec-http\4.1.87.Final\netty-codec-http-4.1.87.Final.jar;C:\Users\user\.m2\repository\io\netty\netty-codec\4.1.87.Final\netty-codec-4.1.87.Final.jar;C:\Users\user\.m2\repository\io\netty\netty-handler\4.1.87.Final\netty-handler-4.1.87.Final.jar;C:\Users\user\.m2\repository\io\netty\netty-common\4.1.87.Final\netty-common-4.1.87.Final.jar;C:\Users\user\.m2\repository\io\netty\netty-transport-classes-epoll\4.1.87.Final\netty-transport-classes-epoll-4.1.87.Final.jar;C:\Users\user\.m2\repository\io\netty\netty-transport-classes-kqueue\4.1.87.Final\netty-transport-classes-kqueue-4.1.87.Final.jar;C:\Users\user\.m2\repository\io\netty\netty-transport-native-epoll\4.1.87.Final\netty-transport-native-epoll-4.1.87.Final.jar;C:\Users\user\.m2\repository\io\netty\netty-transport-native-kqueue\4.1.87.Final\netty-transport-native-kqueue-4.1.87.Final.jar;C:\Users\user\.m2\repository\io\netty\netty-transport-native-unix-common\4.1.87.Final\netty-transport-native-unix-common-4.1.87.Final.jar;C:\Users\user\.m2\repository\io\netty\netty-transport\4.1.87.Final\netty-transport-4.1.87.Final.jar;C:\Users\user\.m2\repository\io\netty\netty-resolver\4.1.87.Final\netty-resolver-4.1.87.Final.jar;C:\Users\user\.m2\repository\io\opentelemetry\opentelemetry-api\1.22.0\opentelemetry-api-1.22.0.jar;C:\Users\user\.m2\repository\io\opentelemetry\opentelemetry-context\1.22.0\opentelemetry-context-1.22.0.jar;C:\Users\user\.m2\repository\io\opentelemetry\opentelemetry-exporter-logging\1.22.0\opentelemetry-exporter-logging-1.22.0.jar;C:\Users\user\.m2\repository\io\opentelemetry\opentelemetry-sdk-metrics\1.22.0\opentelemetry-sdk-metrics-1.22.0.jar;C:\Users\user\.m2\repository\io\opentelemetry\opentelemetry-sdk-logs\1.22.0-alpha\opentelemetry-sdk-logs-1.22.0-alpha.jar;C:\Users\user\.m2\repository\io\opentelemetry\opentelemetry-api-logs\1.22.0-alpha\opentelemetry-api-logs-1.22.0-alpha.jar;C:\Users\user\.m2\repository\io\opentelemetry\opentelemetry-sdk-common\1.22.0\opentelemetry-sdk-common-1.22.0.jar;C:\Users\user\.m2\repository\io\opentelemetry\opentelemetry-sdk-extension-autoconfigure-spi\1.22.0\opentelemetry-sdk-extension-autoconfigure-spi-1.22.0.jar;C:\Users\user\.m2\repository\io\opentelemetry\opentelemetry-sdk-extension-autoconfigure\1.22.0-alpha\opentelemetry-sdk-extension-autoconfigure-1.22.0-alpha.jar;C:\Users\user\.m2\repository\io\opentelemetry\opentelemetry-sdk-trace\1.22.0\opentelemetry-sdk-trace-1.22.0.jar;C:\Users\user\.m2\repository\io\opentelemetry\opentelemetry-sdk\1.22.0\opentelemetry-sdk-1.22.0.jar;C:\Users\user\.m2\repository\io\opentelemetry\opentelemetry-semconv\1.22.0-alpha\opentelemetry-semconv-1.22.0-alpha.jar;C:\Users\user\.m2\repository\io\ous\jtoml\2.0.0\jtoml-2.0.0.jar;C:\Users\user\.m2\repository\org\apache\commons\commons-exec\1.3\commons-exec-1.3.jar;C:\Users\user\.m2\repository\org\asynchttpclient\async-http-client\2.12.3\async-http-client-2.12.3.jar;C:\Users\user\.m2\repository\org\asynchttpclient\async-http-client-netty-utils\2.12.3\async-http-client-netty-utils-2.12.3.jar;C:\Users\user\.m2\repository\io\netty\netty-codec-socks\4.1.60.Final\netty-codec-socks-4.1.60.Final.jar;C:\Users\user\.m2\repository\io\netty\netty-handler-proxy\4.1.60.Final\netty-handler-proxy-4.1.60.Final.jar;C:\Users\user\.m2\repository\io\netty\netty-transport-native-epoll\4.1.60.Final\netty-transport-native-epoll-4.1.60.Final-linux-x86_64.jar;C:\Users\user\.m2\repository\io\netty\netty-transport-native-kqueue\4.1.60.Final\netty-transport-native-kqueue-4.1.60.Final-osx-x86_64.jar;C:\Users\user\.m2\repository\org\reactivestreams\reactive-streams\1.0.3\reactive-streams-1.0.3.jar;C:\Users\user\.m2\repository\com\typesafe\netty\netty-reactive-streams\2.0.4\netty-reactive-streams-2.0.4.jar;C:\Users\user\.m2\repository\org\seleniumhq\selenium\selenium-manager\4.8.1\selenium-manager-4.8.1.jar;C:\Users\user\.m2\repository\org\seleniumhq\selenium\selenium-safari-driver\4.8.1\selenium-safari-driver-4.8.1.jar;C:\Users\user\.m2\repository\org\seleniumhq\selenium\selenium-api\4.8.1\selenium-api-4.8.1.jar;C:\Users\user\.m2\repository\org\seleniumhq\selenium\selenium-support\4.8.1\selenium-support-4.8.1.jar;C:\Users\user\.m2\repository\com\google\auto\service\auto-service-annotations\1.0.1\auto-service-annotations-1.0.1.jar;C:\Users\user\.m2\repository\com\google\auto\service\auto-service\1.0.1\auto-service-1.0.1.jar;C:\Users\user\.m2\repository\com\google\auto\auto-common\1.2\auto-common-1.2.jar;C:\Users\user\.m2\repository\org\seleniumhq\selenium\selenium-json\4.8.1\selenium-json-4.8.1.jar;C:\Users\user\.m2\repository\org\seleniumhq\selenium\selenium-chrome-driver\4.8.1\selenium-chrome-driver-4.8.1.jar;C:\Users\user\.m2\repository\org\seleniumhq\selenium\selenium-chromium-driver\4.8.1\selenium-chromium-driver-4.8.1.jar;C:\Users\user\.m2\repository\org\seleniumhq\selenium\selenium-firefox-driver\4.8.1\selenium-firefox-driver-4.8.1.jar;C:\Users\user\.m2\repository\org\seleniumhq\selenium\selenium-http\4.8.1\selenium-http-4.8.1.jar;C:\Users\user\.m2\repository\dev\failsafe\failsafe\3.3.0\failsafe-3.3.0.jar;C:\Users\user\.m2\repository\org\seleniumhq\selenium\selenium-edge-driver\4.8.1\selenium-edge-driver-4.8.1.jar;C:\Users\user\.m2\repository\org\seleniumhq\selenium\selenium-ie-driver\4.8.1\selenium-ie-driver-4.8.1.jar;C:\Users\user\.m2\repository\org\projectlombok\lombok\1.18.20\lombok-1.18.20.jar;C:\Users\user\.m2\repository\io\appium\java-client\8.3.0\java-client-8.3.0.jar;C:\Users\user\.m2\repository\commons-validator\commons-validator\1.7\commons-validator-1.7.jar;C:\Users\user\.m2\repository\commons-digester\commons-digester\2.1\commons-digester-2.1.jar;C:\Users\user\.m2\repository\net\sf\opencsv\opencsv\2.0\opencsv-2.0.jar;C:\Users\user\.m2\repository\commons-beanutils\commons-beanutils\1.9.4\commons-beanutils-1.9.4.jar;C:\Users\user\.m2\repository\org\apache\commons\commons-lang3\3.12.0\commons-lang3-3.12.0.jar;C:\Users\user\.m2\repository\commons-collections\commons-collections\3.2.2\commons-collections-3.2.2.jar;C:\Users\user\.m2\repository\org\fluentlenium\fluentlenium-core\0.10.2\fluentlenium-core-0.10.2.jar;C:\Users\user\.m2\repository\io\github\bonigarcia\webdrivermanager\5.3.0\webdrivermanager-5.3.0.jar;C:\Users\user\.m2\repository\com\github\docker-java\docker-java\3.2.13\docker-java-3.2.13.jar;C:\Users\user\.m2\repository\com\github\docker-java\docker-java-core\3.2.13\docker-java-core-3.2.13.jar;C:\Users\user\.m2\repository\com\github\docker-java\docker-java-api\3.2.13\docker-java-api-3.2.13.jar;C:\Users\user\.m2\repository\org\apache\commons\commons-compress\1.21\commons-compress-1.21.jar;C:\Users\user\.m2\repository\org\bouncycastle\bcpkix-jdk15on\1.64\bcpkix-jdk15on-1.64.jar;C:\Users\user\.m2\repository\org\bouncycastle\bcprov-jdk15on\1.64\bcprov-jdk15on-1.64.jar;C:\Users\user\.m2\repository\org\slf4j\jcl-over-slf4j\1.7.30\jcl-over-slf4j-1.7.30.jar;C:\Users\user\.m2\repository\com\github\docker-java\docker-java-transport-httpclient5\3.2.13\docker-java-transport-httpclient5-3.2.13.jar;C:\Users\user\.m2\repository\com\github\docker-java\docker-java-transport\3.2.13\docker-java-transport-3.2.13.jar;C:\Users\user\.m2\repository\net\java\dev\jna\jna\5.8.0\jna-5.8.0.jar;C:\Users\user\.m2\repository\org\brotli\dec\0.1.2\dec-0.1.2.jar;C:\Users\user\.m2\repository\org\apache\httpcomponents\client5\httpclient5\5.1.3\httpclient5-5.1.3.jar;C:\Users\user\.m2\repository\org\apache\httpcomponents\core5\httpcore5\5.1.3\httpcore5-5.1.3.jar;C:\Users\user\.m2\repository\org\apache\httpcomponents\core5\httpcore5-h2\5.1.3\httpcore5-h2-5.1.3.jar;C:\Users\user\.m2\repository\com\jhlabs\filters\2.0.235\filters-2.0.235.jar;C:\Users\user\.m2\repository\com\paulhammant\ngwebdriver\1.1.6\ngwebdriver-1.1.6.jar;C:\Users\user\.m2\repository\joda-time\joda-time\2.12.2\joda-time-2.12.2.jar;C:\Users\user\.m2\repository\org\hamcrest\hamcrest\2.2\hamcrest-2.2.jar;C:\Users\user\.m2\repository\com\google\jimfs\jimfs\1.2\jimfs-1.2.jar;C:\Users\user\.m2\repository\org\mockito\mockito-core\3.3.3\mockito-core-3.3.3.jar;C:\Users\user\.m2\repository\javax\xml\bind\jaxb-api\2.3.1\jaxb-api-2.3.1.jar;C:\Users\user\.m2\repository\javax\activation\javax.activation-api\1.2.0\javax.activation-api-1.2.0.jar;C:\Users\user\.m2\repository\com\sun\xml\bind\jaxb-core\2.3.0.1\jaxb-core-2.3.0.1.jar;C:\Users\user\.m2\repository\com\sun\xml\bind\jaxb-impl\2.3.3\jaxb-impl-2.3.3.jar;C:\Users\user\.m2\repository\jakarta\xml\bind\jakarta.xml.bind-api\2.3.3\jakarta.xml.bind-api-2.3.3.jar;C:\Users\user\.m2\repository\com\sun\activation\jakarta.activation\1.2.2\jakarta.activation-1.2.2.jar;C:\Users\user\.m2\repository\javax\activation\activation\1.1.1\activation-1.1.1.jar;C:\Users\user\.m2\repository\net\serenity-bdd\serenity-cucumber\3.6.21\serenity-cucumber-3.6.21.jar;C:\Users\user\.m2\repository\io\cucumber\cucumber-core\7.11.0\cucumber-core-7.11.0.jar;C:\Users\user\.m2\repository\io\cucumber\cucumber-gherkin\7.11.0\cucumber-gherkin-7.11.0.jar;C:\Users\user\.m2\repository\io\cucumber\cucumber-gherkin-messages\7.11.0\cucumber-gherkin-messages-7.11.0.jar;C:\Users\user\.m2\repository\io\cucumber\gherkin\26.0.3\gherkin-26.0.3.jar;C:\Users\user\.m2\repository\io\cucumber\messages\21.0.1\messages-21.0.1.jar;C:\Users\user\.m2\repository\io\cucumber\tag-expressions\5.0.1\tag-expressions-5.0.1.jar;C:\Users\user\.m2\repository\io\cucumber\cucumber-expressions\16.1.1\cucumber-expressions-16.1.1.jar;C:\Users\user\.m2\repository\io\cucumber\datatable\7.11.0\datatable-7.11.0.jar;C:\Users\user\.m2\repository\io\cucumber\cucumber-plugin\7.11.0\cucumber-plugin-7.11.0.jar;C:\Users\user\.m2\repository\io\cucumber\docstring\7.11.0\docstring-7.11.0.jar;C:\Users\user\.m2\repository\io\cucumber\html-formatter\20.2.1\html-formatter-20.2.1.jar;C:\Users\user\.m2\repository\io\cucumber\junit-xml-formatter\0.1.0\junit-xml-formatter-0.1.0.jar;C:\Users\user\.m2\repository\io\cucumber\ci-environment\9.1.0\ci-environment-9.1.0.jar;C:\Users\user\.m2\repository\io\cucumber\cucumber-java\7.11.0\cucumber-java-7.11.0.jar;C:\Users\user\.m2\repository\io\cucumber\cucumber-junit\7.11.0\cucumber-junit-7.11.0.jar;C:\Users\user\.m2\repository\org\apache\commons\commons-csv\1.5\commons-csv-1.5.jar;C:\Users\user\.m2\repository\net\serenity-bdd\serenity-screenplay\3.6.21\serenity-screenplay-3.6.21.jar;C:\Users\user\.m2\repository\net\serenity-bdd\serenity-screenplay-webdriver\3.6.21\serenity-screenplay-webdriver-3.6.21.jar;C:\Users\user\.m2\repository\net\serenity-bdd\serenity-ensure\3.6.21\serenity-ensure-3.6.21.jar;C:\Users\user\.m2\repository\net\serenity-bdd\serenity-junit\3.6.21\serenity-junit-3.6.21.jar;C:\Users\user\.m2\repository\org\jetbrains\kotlin\kotlin-stdlib\1.8.10\kotlin-stdlib-1.8.10.jar;C:\Users\user\.m2\repository\org\jetbrains\kotlin\kotlin-stdlib-common\1.8.10\kotlin-stdlib-common-1.8.10.jar;C:\Users\user\.m2\repository\org\jetbrains\annotations\13.0\annotations-13.0.jar;C:\Users\user\.m2\repository\org\junit\platform\junit-platform-launcher\1.8.2\junit-platform-launcher-1.8.2.jar;C:\Users\user\.m2\repository\org\junit\platform\junit-platform-engine\1.8.2\junit-platform-engine-1.8.2.jar;C:\Users\user\.m2\repository\org\junit\platform\junit-platform-commons\1.8.2\junit-platform-commons-1.8.2.jar;C:\Users\user\.m2\repository\org\apiguardian\apiguardian-api\1.1.2\apiguardian-api-1.1.2.jar;C:\Users\user\.m2\repository\org\junit\jupiter\junit-jupiter-engine\5.8.2\junit-jupiter-engine-5.8.2.jar;C:\Users\user\.m2\repository\org\junit\jupiter\junit-jupiter-api\5.8.2\junit-jupiter-api-5.8.2.jar;C:\Users\user\.m2\repository\org\junit\vintage\junit-vintage-engine\5.8.2\junit-vintage-engine-5.8.2.jar;C:\Users\user\.m2\repository\junit\junit\4.13.2\junit-4.13.2.jar;C:\Users\user\.m2\repository\org\hamcrest\hamcrest-core\1.3\hamcrest-core-1.3.jar;C:\Users\user\.m2\repository\ch\qos\logback\logback-classic\1.2.10\logback-classic-1.2.10.jar;C:\Users\user\.m2\repository\ch\qos\logback\logback-core\1.2.10\logback-core-1.2.10.jar;C:\Users\user\.m2\repository\org\slf4j\slf4j-api\1.7.32\slf4j-api-1.7.32.jar;C:\Users\user\.m2\repository\org\assertj\assertj-core\3.23.1\assertj-core-3.23.1.jar;C:\Users\user\.m2\repository\net\bytebuddy\byte-buddy\1.12.10\byte-buddy-1.12.10.jar;C:\Users\user\.m2\repository\com\googlecode\json-simple\json-simple\1.1.1\json-simple-1.1.1.jar;"/>
    <property name="sun.cpu.endian" value="little"/>
    <property name="user.home" value="C:\Users\user"/>
    <property name="user.language" value="en"/>
    <property name="java.specification.vendor" value="Oracle Corporation"/>
    <property name="jdk.module.path" value="C:\Users\user\Documents\GitHub\QE_Loyalty-Point\API_CICD_Minpro\target\minpro-1.0-SNAPSHOT.jar"/>
    <property name="java.version.date" value="2023-01-17"/>
    <property name="java.home" value="C:\Program Files\Java\jdk-17"/>
    <property name="file.separator" value="\"/>
    <property name="basedir" value="C:\Users\user\Documents\GitHub\QE_Loyalty-Point\API_CICD_Minpro"/>
    <property name="java.vm.compressedOopsMode" value="32-bit"/>
    <property name="line.separator" value="&#10;"/>
    <property name="java.vm.specification.vendor" value="Oracle Corporation"/>
    <property name="java.specification.name" value="Java Platform API Specification"/>
    <property name="surefire.real.class.path" value="C:\Users\user\.m2\repository\org\apache\maven\surefire\surefire-booter\3.0.0-M5\surefire-booter-3.0.0-M5.jar;C:\Users\user\.m2\repository\org\apache\maven\surefire\surefire-api\3.0.0-M5\surefire-api-3.0.0-M5.jar;C:\Users\user\.m2\repository\org\apache\maven\surefire\surefire-logger-api\3.0.0-M5\surefire-logger-api-3.0.0-M5.jar;C:\Users\user\.m2\repository\org\apache\maven\surefire\surefire-shared-utils\3.0.0-M4\surefire-shared-utils-3.0.0-M4.jar;C:\Users\user\.m2\repository\org\apache\maven\surefire\surefire-extensions-spi\3.0.0-M5\surefire-extensions-spi-3.0.0-M5.jar;C:\Users\user\Documents\GitHub\QE_Loyalty-Point\API_CICD_Minpro\target\test-classes;C:\Users\user\.m2\repository\net\serenity-bdd\serenity-rest-assured\3.6.22\serenity-rest-assured-3.6.22.jar;C:\Users\user\.m2\repository\org\apache\httpcomponents\httpclient\4.5.13\httpclient-4.5.13.jar;C:\Users\user\.m2\repository\org\apache\httpcomponents\httpcore\4.4.13\httpcore-4.4.13.jar;C:\Users\user\.m2\repository\commons-logging\commons-logging\1.2\commons-logging-1.2.jar;C:\Users\user\.m2\repository\io\rest-assured\rest-assured\5.3.0\rest-assured-5.3.0.jar;C:\Users\user\.m2\repository\org\apache\httpcomponents\httpmime\4.5.13\httpmime-4.5.13.jar;C:\Users\user\.m2\repository\org\ccil\cowan\tagsoup\tagsoup\1.2.1\tagsoup-1.2.1.jar;C:\Users\user\.m2\repository\io\rest-assured\json-path\5.3.0\json-path-5.3.0.jar;C:\Users\user\.m2\repository\io\rest-assured\rest-assured-common\5.3.0\rest-assured-common-5.3.0.jar;C:\Users\user\.m2\repository\io\rest-assured\xml-path\5.3.0\xml-path-5.3.0.jar;C:\Users\user\.m2\repository\org\apache\groovy\groovy-json\4.0.10\groovy-json-4.0.10.jar;C:\Users\user\.m2\repository\org\apache\groovy\groovy-xml\4.0.10\groovy-xml-4.0.10.jar;C:\Users\user\.m2\repository\org\apache\groovy\groovy\4.0.10\groovy-4.0.10.jar;C:\Users\user\.m2\repository\org\opentest4j\opentest4j\1.2.0\opentest4j-1.2.0.jar;C:\Users\user\.m2\repository\net\serenity-bdd\serenity-core\3.6.21\serenity-core-3.6.21.jar;C:\Users\user\.m2\repository\net\serenity-bdd\serenity-model\3.6.21\serenity-model-3.6.21.jar;C:\Users\user\.m2\repository\org\apache\commons\commons-text\1.10.0\commons-text-1.10.0.jar;C:\Users\user\.m2\repository\commons-net\commons-net\3.9.0\commons-net-3.9.0.jar;C:\Users\user\.m2\repository\com\google\guava\guava\31.1-jre\guava-31.1-jre.jar;C:\Users\user\.m2\repository\com\google\guava\failureaccess\1.0.1\failureaccess-1.0.1.jar;C:\Users\user\.m2\repository\com\google\guava\listenablefuture\9999.0-empty-to-avoid-conflict-with-guava\listenablefuture-9999.0-empty-to-avoid-conflict-with-guava.jar;C:\Users\user\.m2\repository\com\google\code\findbugs\jsr305\3.0.2\jsr305-3.0.2.jar;C:\Users\user\.m2\repository\org\checkerframework\checker-qual\3.12.0\checker-qual-3.12.0.jar;C:\Users\user\.m2\repository\com\google\errorprone\error_prone_annotations\2.11.0\error_prone_annotations-2.11.0.jar;C:\Users\user\.m2\repository\com\google\j2objc\j2objc-annotations\1.3\j2objc-annotations-1.3.jar;C:\Users\user\.m2\repository\com\google\inject\guice\5.1.0\guice-5.1.0.jar;C:\Users\user\.m2\repository\javax\inject\javax.inject\1\javax.inject-1.jar;C:\Users\user\.m2\repository\aopalliance\aopalliance\1.0\aopalliance-1.0.jar;C:\Users\user\.m2\repository\org\jsoup\jsoup\1.14.3\jsoup-1.14.3.jar;C:\Users\user\.m2\repository\com\thoughtworks\xstream\xstream\1.4.20\xstream-1.4.20.jar;C:\Users\user\.m2\repository\io\github\x-stream\mxparser\1.2.2\mxparser-1.2.2.jar;C:\Users\user\.m2\repository\xmlpull\xmlpull\1.1.3.1\xmlpull-1.1.3.1.jar;C:\Users\user\.m2\repository\com\typesafe\config\1.4.2\config-1.4.2.jar;C:\Users\user\.m2\repository\org\imgscalr\imgscalr-lib\4.2\imgscalr-lib-4.2.jar;C:\Users\user\.m2\repository\org\awaitility\awaitility\4.2.0\awaitility-4.2.0.jar;C:\Users\user\.m2\repository\org\freemarker\freemarker\2.3.31\freemarker-2.3.31.jar;C:\Users\user\.m2\repository\io\github\classgraph\classgraph\4.8.138\classgraph-4.8.138.jar;C:\Users\user\.m2\repository\net\sourceforge\jexcelapi\jxl\2.6.12\jxl-2.6.12.jar;C:\Users\user\.m2\repository\net\bytebuddy\byte-buddy-agent\1.14.2\byte-buddy-agent-1.14.2.jar;C:\Users\user\.m2\repository\org\objenesis\objenesis\3.3\objenesis-3.3.jar;C:\Users\user\.m2\repository\net\serenity-bdd\serenity-reports\3.6.21\serenity-reports-3.6.21.jar;C:\Users\user\.m2\repository\net\serenity-bdd\serenity-stats\3.6.21\serenity-stats-3.6.21.jar;C:\Users\user\.m2\repository\net\serenity-bdd\serenity-reports-configuration\3.6.21\serenity-reports-configuration-3.6.21.jar;C:\Users\user\.m2\repository\com\vladsch\flexmark\flexmark-all\0.62.2\flexmark-all-0.62.2.jar;C:\Users\user\.m2\repository\com\vladsch\flexmark\flexmark\0.62.2\flexmark-0.62.2.jar;C:\Users\user\.m2\repository\com\vladsch\flexmark\flexmark-ext-abbreviation\0.62.2\flexmark-ext-abbreviation-0.62.2.jar;C:\Users\user\.m2\repository\com\vladsch\flexmark\flexmark-util\0.62.2\flexmark-util-0.62.2.jar;C:\Users\user\.m2\repository\com\vladsch\flexmark\flexmark-ext-admonition\0.62.2\flexmark-ext-admonition-0.62.2.jar;C:\Users\user\.m2\repository\com\vladsch\flexmark\flexmark-ext-anchorlink\0.62.2\flexmark-ext-anchorlink-0.62.2.jar;C:\Users\user\.m2\repository\com\vladsch\flexmark\flexmark-ext-aside\0.62.2\flexmark-ext-aside-0.62.2.jar;C:\Users\user\.m2\repository\com\vladsch\flexmark\flexmark-ext-attributes\0.62.2\flexmark-ext-attributes-0.62.2.jar;C:\Users\user\.m2\repository\com\vladsch\flexmark\flexmark-ext-autolink\0.62.2\flexmark-ext-autolink-0.62.2.jar;C:\Users\user\.m2\repository\org\nibor\autolink\autolink\0.6.0\autolink-0.6.0.jar;C:\Users\user\.m2\repository\com\vladsch\flexmark\flexmark-ext-definition\0.62.2\flexmark-ext-definition-0.62.2.jar;C:\Users\user\.m2\repository\com\vladsch\flexmark\flexmark-ext-emoji\0.62.2\flexmark-ext-emoji-0.62.2.jar;C:\Users\user\.m2\repository\com\vladsch\flexmark\flexmark-ext-enumerated-reference\0.62.2\flexmark-ext-enumerated-reference-0.62.2.jar;C:\Users\user\.m2\repository\com\vladsch\flexmark\flexmark-ext-escaped-character\0.62.2\flexmark-ext-escaped-character-0.62.2.jar;C:\Users\user\.m2\repository\com\vladsch\flexmark\flexmark-ext-footnotes\0.62.2\flexmark-ext-footnotes-0.62.2.jar;C:\Users\user\.m2\repository\com\vladsch\flexmark\flexmark-ext-gfm-issues\0.62.2\flexmark-ext-gfm-issues-0.62.2.jar;C:\Users\user\.m2\repository\com\vladsch\flexmark\flexmark-ext-gfm-strikethrough\0.62.2\flexmark-ext-gfm-strikethrough-0.62.2.jar;C:\Users\user\.m2\repository\com\vladsch\flexmark\flexmark-ext-gfm-tasklist\0.62.2\flexmark-ext-gfm-tasklist-0.62.2.jar;C:\Users\user\.m2\repository\com\vladsch\flexmark\flexmark-ext-gfm-users\0.62.2\flexmark-ext-gfm-users-0.62.2.jar;C:\Users\user\.m2\repository\com\vladsch\flexmark\flexmark-ext-gitlab\0.62.2\flexmark-ext-gitlab-0.62.2.jar;C:\Users\user\.m2\repository\com\vladsch\flexmark\flexmark-ext-jekyll-front-matter\0.62.2\flexmark-ext-jekyll-front-matter-0.62.2.jar;C:\Users\user\.m2\repository\com\vladsch\flexmark\flexmark-ext-jekyll-tag\0.62.2\flexmark-ext-jekyll-tag-0.62.2.jar;C:\Users\user\.m2\repository\com\vladsch\flexmark\flexmark-ext-media-tags\0.62.2\flexmark-ext-media-tags-0.62.2.jar;C:\Users\user\.m2\repository\com\vladsch\flexmark\flexmark-ext-macros\0.62.2\flexmark-ext-macros-0.62.2.jar;C:\Users\user\.m2\repository\com\vladsch\flexmark\flexmark-ext-ins\0.62.2\flexmark-ext-ins-0.62.2.jar;C:\Users\user\.m2\repository\com\vladsch\flexmark\flexmark-ext-xwiki-macros\0.62.2\flexmark-ext-xwiki-macros-0.62.2.jar;C:\Users\user\.m2\repository\com\vladsch\flexmark\flexmark-ext-superscript\0.62.2\flexmark-ext-superscript-0.62.2.jar;C:\Users\user\.m2\repository\com\vladsch\flexmark\flexmark-ext-tables\0.62.2\flexmark-ext-tables-0.62.2.jar;C:\Users\user\.m2\repository\com\vladsch\flexmark\flexmark-ext-toc\0.62.2\flexmark-ext-toc-0.62.2.jar;C:\Users\user\.m2\repository\com\vladsch\flexmark\flexmark-ext-typographic\0.62.2\flexmark-ext-typographic-0.62.2.jar;C:\Users\user\.m2\repository\com\vladsch\flexmark\flexmark-ext-wikilink\0.62.2\flexmark-ext-wikilink-0.62.2.jar;C:\Users\user\.m2\repository\com\vladsch\flexmark\flexmark-ext-yaml-front-matter\0.62.2\flexmark-ext-yaml-front-matter-0.62.2.jar;C:\Users\user\.m2\repository\com\vladsch\flexmark\flexmark-ext-youtube-embedded\0.62.2\flexmark-ext-youtube-embedded-0.62.2.jar;C:\Users\user\.m2\repository\com\vladsch\flexmark\flexmark-html2md-converter\0.62.2\flexmark-html2md-converter-0.62.2.jar;C:\Users\user\.m2\repository\com\vladsch\flexmark\flexmark-jira-converter\0.62.2\flexmark-jira-converter-0.62.2.jar;C:\Users\user\.m2\repository\com\vladsch\flexmark\flexmark-pdf-converter\0.62.2\flexmark-pdf-converter-0.62.2.jar;C:\Users\user\.m2\repository\com\openhtmltopdf\openhtmltopdf-core\1.0.0\openhtmltopdf-core-1.0.0.jar;C:\Users\user\.m2\repository\com\openhtmltopdf\openhtmltopdf-pdfbox\1.0.0\openhtmltopdf-pdfbox-1.0.0.jar;C:\Users\user\.m2\repository\org\apache\pdfbox\pdfbox\2.0.16\pdfbox-2.0.16.jar;C:\Users\user\.m2\repository\org\apache\pdfbox\fontbox\2.0.16\fontbox-2.0.16.jar;C:\Users\user\.m2\repository\org\apache\pdfbox\xmpbox\2.0.16\xmpbox-2.0.16.jar;C:\Users\user\.m2\repository\de\rototor\pdfbox\graphics2d\0.24\graphics2d-0.24.jar;C:\Users\user\.m2\repository\com\openhtmltopdf\openhtmltopdf-rtl-support\1.0.0\openhtmltopdf-rtl-support-1.0.0.jar;C:\Users\user\.m2\repository\com\openhtmltopdf\openhtmltopdf-jsoup-dom-converter\1.0.0\openhtmltopdf-jsoup-dom-converter-1.0.0.jar;C:\Users\user\.m2\repository\com\vladsch\flexmark\flexmark-profile-pegdown\0.62.2\flexmark-profile-pegdown-0.62.2.jar;C:\Users\user\.m2\repository\com\vladsch\flexmark\flexmark-util-ast\0.62.2\flexmark-util-ast-0.62.2.jar;C:\Users\user\.m2\repository\com\vladsch\flexmark\flexmark-util-builder\0.62.2\flexmark-util-builder-0.62.2.jar;C:\Users\user\.m2\repository\com\vladsch\flexmark\flexmark-util-collection\0.62.2\flexmark-util-collection-0.62.2.jar;C:\Users\user\.m2\repository\com\vladsch\flexmark\flexmark-util-data\0.62.2\flexmark-util-data-0.62.2.jar;C:\Users\user\.m2\repository\com\vladsch\flexmark\flexmark-util-dependency\0.62.2\flexmark-util-dependency-0.62.2.jar;C:\Users\user\.m2\repository\com\vladsch\flexmark\flexmark-util-format\0.62.2\flexmark-util-format-0.62.2.jar;C:\Users\user\.m2\repository\com\vladsch\flexmark\flexmark-util-html\0.62.2\flexmark-util-html-0.62.2.jar;C:\Users\user\.m2\repository\com\vladsch\flexmark\flexmark-util-misc\0.62.2\flexmark-util-misc-0.62.2.jar;C:\Users\user\.m2\repository\com\vladsch\flexmark\flexmark-util-options\0.62.2\flexmark-util-options-0.62.2.jar;C:\Users\user\.m2\repository\com\vladsch\flexmark\flexmark-util-sequence\0.62.2\flexmark-util-sequence-0.62.2.jar;C:\Users\user\.m2\repository\com\vladsch\flexmark\flexmark-util-visitor\0.62.2\flexmark-util-visitor-0.62.2.jar;C:\Users\user\.m2\repository\com\vladsch\flexmark\flexmark-youtrack-converter\0.62.2\flexmark-youtrack-converter-0.62.2.jar;C:\Users\user\.m2\repository\com\ibm\icu\icu4j\72.1\icu4j-72.1.jar;C:\Users\user\.m2\repository\es\nitaur\markdown\txtmark\0.16\txtmark-0.16.jar;C:\Users\user\.m2\repository\net\serenity-bdd\serenity-report-resources\3.6.21\serenity-report-resources-3.6.21.jar;C:\Users\user\.m2\repository\com\google\code\gson\gson\2.10.1\gson-2.10.1.jar;C:\Users\user\.m2\repository\com\fasterxml\jackson\core\jackson-core\2.15.0-rc1\jackson-core-2.15.0-rc1.jar;C:\Users\user\.m2\repository\com\fasterxml\jackson\core\jackson-databind\2.15.0-rc1\jackson-databind-2.15.0-rc1.jar;C:\Users\user\.m2\repository\com\fasterxml\jackson\core\jackson-annotations\2.15.0-rc1\jackson-annotations-2.15.0-rc1.jar;C:\Users\user\.m2\repository\commons-codec\commons-codec\1.15\commons-codec-1.15.jar;C:\Users\user\.m2\repository\commons-io\commons-io\2.11.0\commons-io-2.11.0.jar;C:\Users\user\.m2\repository\org\seleniumhq\selenium\selenium-java\4.8.1\selenium-java-4.8.1.jar;C:\Users\user\.m2\repository\org\seleniumhq\selenium\selenium-devtools-v108\4.8.1\selenium-devtools-v108-4.8.1.jar;C:\Users\user\.m2\repository\org\seleniumhq\selenium\selenium-devtools-v109\4.8.1\selenium-devtools-v109-4.8.1.jar;C:\Users\user\.m2\repository\org\seleniumhq\selenium\selenium-devtools-v110\4.8.1\selenium-devtools-v110-4.8.1.jar;C:\Users\user\.m2\repository\org\seleniumhq\selenium\selenium-devtools-v85\4.8.1\selenium-devtools-v85-4.8.1.jar;C:\Users\user\.m2\repository\org\seleniumhq\selenium\selenium-remote-driver\4.8.1\selenium-remote-driver-4.8.1.jar;C:\Users\user\.m2\repository\com\beust\jcommander\1.82\jcommander-1.82.jar;C:\Users\user\.m2\repository\io\netty\netty-buffer\4.1.87.Final\netty-buffer-4.1.87.Final.jar;C:\Users\user\.m2\repository\io\netty\netty-codec-http\4.1.87.Final\netty-codec-http-4.1.87.Final.jar;C:\Users\user\.m2\repository\io\netty\netty-codec\4.1.87.Final\netty-codec-4.1.87.Final.jar;C:\Users\user\.m2\repository\io\netty\netty-handler\4.1.87.Final\netty-handler-4.1.87.Final.jar;C:\Users\user\.m2\repository\io\netty\netty-common\4.1.87.Final\netty-common-4.1.87.Final.jar;C:\Users\user\.m2\repository\io\netty\netty-transport-classes-epoll\4.1.87.Final\netty-transport-classes-epoll-4.1.87.Final.jar;C:\Users\user\.m2\repository\io\netty\netty-transport-classes-kqueue\4.1.87.Final\netty-transport-classes-kqueue-4.1.87.Final.jar;C:\Users\user\.m2\repository\io\netty\netty-transport-native-epoll\4.1.87.Final\netty-transport-native-epoll-4.1.87.Final.jar;C:\Users\user\.m2\repository\io\netty\netty-transport-native-kqueue\4.1.87.Final\netty-transport-native-kqueue-4.1.87.Final.jar;C:\Users\user\.m2\repository\io\netty\netty-transport-native-unix-common\4.1.87.Final\netty-transport-native-unix-common-4.1.87.Final.jar;C:\Users\user\.m2\repository\io\netty\netty-transport\4.1.87.Final\netty-transport-4.1.87.Final.jar;C:\Users\user\.m2\repository\io\netty\netty-resolver\4.1.87.Final\netty-resolver-4.1.87.Final.jar;C:\Users\user\.m2\repository\io\opentelemetry\opentelemetry-api\1.22.0\opentelemetry-api-1.22.0.jar;C:\Users\user\.m2\repository\io\opentelemetry\opentelemetry-context\1.22.0\opentelemetry-context-1.22.0.jar;C:\Users\user\.m2\repository\io\opentelemetry\opentelemetry-exporter-logging\1.22.0\opentelemetry-exporter-logging-1.22.0.jar;C:\Users\user\.m2\repository\io\opentelemetry\opentelemetry-sdk-metrics\1.22.0\opentelemetry-sdk-metrics-1.22.0.jar;C:\Users\user\.m2\repository\io\opentelemetry\opentelemetry-sdk-logs\1.22.0-alpha\opentelemetry-sdk-logs-1.22.0-alpha.jar;C:\Users\user\.m2\repository\io\opentelemetry\opentelemetry-api-logs\1.22.0-alpha\opentelemetry-api-logs-1.22.0-alpha.jar;C:\Users\user\.m2\repository\io\opentelemetry\opentelemetry-sdk-common\1.22.0\opentelemetry-sdk-common-1.22.0.jar;C:\Users\user\.m2\repository\io\opentelemetry\opentelemetry-sdk-extension-autoconfigure-spi\1.22.0\opentelemetry-sdk-extension-autoconfigure-spi-1.22.0.jar;C:\Users\user\.m2\repository\io\opentelemetry\opentelemetry-sdk-extension-autoconfigure\1.22.0-alpha\opentelemetry-sdk-extension-autoconfigure-1.22.0-alpha.jar;C:\Users\user\.m2\repository\io\opentelemetry\opentelemetry-sdk-trace\1.22.0\opentelemetry-sdk-trace-1.22.0.jar;C:\Users\user\.m2\repository\io\opentelemetry\opentelemetry-sdk\1.22.0\opentelemetry-sdk-1.22.0.jar;C:\Users\user\.m2\repository\io\opentelemetry\opentelemetry-semconv\1.22.0-alpha\opentelemetry-semconv-1.22.0-alpha.jar;C:\Users\user\.m2\repository\io\ous\jtoml\2.0.0\jtoml-2.0.0.jar;C:\Users\user\.m2\repository\org\apache\commons\commons-exec\1.3\commons-exec-1.3.jar;C:\Users\user\.m2\repository\org\asynchttpclient\async-http-client\2.12.3\async-http-client-2.12.3.jar;C:\Users\user\.m2\repository\org\asynchttpclient\async-http-client-netty-utils\2.12.3\async-http-client-netty-utils-2.12.3.jar;C:\Users\user\.m2\repository\io\netty\netty-codec-socks\4.1.60.Final\netty-codec-socks-4.1.60.Final.jar;C:\Users\user\.m2\repository\io\netty\netty-handler-proxy\4.1.60.Final\netty-handler-proxy-4.1.60.Final.jar;C:\Users\user\.m2\repository\io\netty\netty-transport-native-epoll\4.1.60.Final\netty-transport-native-epoll-4.1.60.Final-linux-x86_64.jar;C:\Users\user\.m2\repository\io\netty\netty-transport-native-kqueue\4.1.60.Final\netty-transport-native-kqueue-4.1.60.Final-osx-x86_64.jar;C:\Users\user\.m2\repository\org\reactivestreams\reactive-streams\1.0.3\reactive-streams-1.0.3.jar;C:\Users\user\.m2\repository\com\typesafe\netty\netty-reactive-streams\2.0.4\netty-reactive-streams-2.0.4.jar;C:\Users\user\.m2\repository\org\seleniumhq\selenium\selenium-manager\4.8.1\selenium-manager-4.8.1.jar;C:\Users\user\.m2\repository\org\seleniumhq\selenium\selenium-safari-driver\4.8.1\selenium-safari-driver-4.8.1.jar;C:\Users\user\.m2\repository\org\seleniumhq\selenium\selenium-api\4.8.1\selenium-api-4.8.1.jar;C:\Users\user\.m2\repository\org\seleniumhq\selenium\selenium-support\4.8.1\selenium-support-4.8.1.jar;C:\Users\user\.m2\repository\com\google\auto\service\auto-service-annotations\1.0.1\auto-service-annotations-1.0.1.jar;C:\Users\user\.m2\repository\com\google\auto\service\auto-service\1.0.1\auto-service-1.0.1.jar;C:\Users\user\.m2\repository\com\google\auto\auto-common\1.2\auto-common-1.2.jar;C:\Users\user\.m2\repository\org\seleniumhq\selenium\selenium-json\4.8.1\selenium-json-4.8.1.jar;C:\Users\user\.m2\repository\org\seleniumhq\selenium\selenium-chrome-driver\4.8.1\selenium-chrome-driver-4.8.1.jar;C:\Users\user\.m2\repository\org\seleniumhq\selenium\selenium-chromium-driver\4.8.1\selenium-chromium-driver-4.8.1.jar;C:\Users\user\.m2\repository\org\seleniumhq\selenium\selenium-firefox-driver\4.8.1\selenium-firefox-driver-4.8.1.jar;C:\Users\user\.m2\repository\org\seleniumhq\selenium\selenium-http\4.8.1\selenium-http-4.8.1.jar;C:\Users\user\.m2\repository\dev\failsafe\failsafe\3.3.0\failsafe-3.3.0.jar;C:\Users\user\.m2\repository\org\seleniumhq\selenium\selenium-edge-driver\4.8.1\selenium-edge-driver-4.8.1.jar;C:\Users\user\.m2\repository\org\seleniumhq\selenium\selenium-ie-driver\4.8.1\selenium-ie-driver-4.8.1.jar;C:\Users\user\.m2\repository\org\projectlombok\lombok\1.18.20\lombok-1.18.20.jar;C:\Users\user\.m2\repository\io\appium\java-client\8.3.0\java-client-8.3.0.jar;C:\Users\user\.m2\repository\commons-validator\commons-validator\1.7\commons-validator-1.7.jar;C:\Users\user\.m2\repository\commons-digester\commons-digester\2.1\commons-digester-2.1.jar;C:\Users\user\.m2\repository\net\sf\opencsv\opencsv\2.0\opencsv-2.0.jar;C:\Users\user\.m2\repository\commons-beanutils\commons-beanutils\1.9.4\commons-beanutils-1.9.4.jar;C:\Users\user\.m2\repository\org\apache\commons\commons-lang3\3.12.0\commons-lang3-3.12.0.jar;C:\Users\user\.m2\repository\commons-collections\commons-collections\3.2.2\commons-collections-3.2.2.jar;C:\Users\user\.m2\repository\org\fluentlenium\fluentlenium-core\0.10.2\fluentlenium-core-0.10.2.jar;C:\Users\user\.m2\repository\io\github\bonigarcia\webdrivermanager\5.3.0\webdrivermanager-5.3.0.jar;C:\Users\user\.m2\repository\com\github\docker-java\docker-java\3.2.13\docker-java-3.2.13.jar;C:\Users\user\.m2\repository\com\github\docker-java\docker-java-core\3.2.13\docker-java-core-3.2.13.jar;C:\Users\user\.m2\repository\com\github\docker-java\docker-java-api\3.2.13\docker-java-api-3.2.13.jar;C:\Users\user\.m2\repository\org\apache\commons\commons-compress\1.21\commons-compress-1.21.jar;C:\Users\user\.m2\repository\org\bouncycastle\bcpkix-jdk15on\1.64\bcpkix-jdk15on-1.64.jar;C:\Users\user\.m2\repository\org\bouncycastle\bcprov-jdk15on\1.64\bcprov-jdk15on-1.64.jar;C:\Users\user\.m2\repository\org\slf4j\jcl-over-slf4j\1.7.30\jcl-over-slf4j-1.7.30.jar;C:\Users\user\.m2\repository\com\github\docker-java\docker-java-transport-httpclient5\3.2.13\docker-java-transport-httpclient5-3.2.13.jar;C:\Users\user\.m2\repository\com\github\docker-java\docker-java-transport\3.2.13\docker-java-transport-3.2.13.jar;C:\Users\user\.m2\repository\net\java\dev\jna\jna\5.8.0\jna-5.8.0.jar;C:\Users\user\.m2\repository\org\brotli\dec\0.1.2\dec-0.1.2.jar;C:\Users\user\.m2\repository\org\apache\httpcomponents\client5\httpclient5\5.1.3\httpclient5-5.1.3.jar;C:\Users\user\.m2\repository\org\apache\httpcomponents\core5\httpcore5\5.1.3\httpcore5-5.1.3.jar;C:\Users\user\.m2\repository\org\apache\httpcomponents\core5\httpcore5-h2\5.1.3\httpcore5-h2-5.1.3.jar;C:\Users\user\.m2\repository\com\jhlabs\filters\2.0.235\filters-2.0.235.jar;C:\Users\user\.m2\repository\com\paulhammant\ngwebdriver\1.1.6\ngwebdriver-1.1.6.jar;C:\Users\user\.m2\repository\joda-time\joda-time\2.12.2\joda-time-2.12.2.jar;C:\Users\user\.m2\repository\org\hamcrest\hamcrest\2.2\hamcrest-2.2.jar;C:\Users\user\.m2\repository\com\google\jimfs\jimfs\1.2\jimfs-1.2.jar;C:\Users\user\.m2\repository\org\mockito\mockito-core\3.3.3\mockito-core-3.3.3.jar;C:\Users\user\.m2\repository\javax\xml\bind\jaxb-api\2.3.1\jaxb-api-2.3.1.jar;C:\Users\user\.m2\repository\javax\activation\javax.activation-api\1.2.0\javax.activation-api-1.2.0.jar;C:\Users\user\.m2\repository\com\sun\xml\bind\jaxb-core\2.3.0.1\jaxb-core-2.3.0.1.jar;C:\Users\user\.m2\repository\com\sun\xml\bind\jaxb-impl\2.3.3\jaxb-impl-2.3.3.jar;C:\Users\user\.m2\repository\jakarta\xml\bind\jakarta.xml.bind-api\2.3.3\jakarta.xml.bind-api-2.3.3.jar;C:\Users\user\.m2\repository\com\sun\activation\jakarta.activation\1.2.2\jakarta.activation-1.2.2.jar;C:\Users\user\.m2\repository\javax\activation\activation\1.1.1\activation-1.1.1.jar;C:\Users\user\.m2\repository\net\serenity-bdd\serenity-cucumber\3.6.21\serenity-cucumber-3.6.21.jar;C:\Users\user\.m2\repository\io\cucumber\cucumber-core\7.11.0\cucumber-core-7.11.0.jar;C:\Users\user\.m2\repository\io\cucumber\cucumber-gherkin\7.11.0\cucumber-gherkin-7.11.0.jar;C:\Users\user\.m2\repository\io\cucumber\cucumber-gherkin-messages\7.11.0\cucumber-gherkin-messages-7.11.0.jar;C:\Users\user\.m2\repository\io\cucumber\gherkin\26.0.3\gherkin-26.0.3.jar;C:\Users\user\.m2\repository\io\cucumber\messages\21.0.1\messages-21.0.1.jar;C:\Users\user\.m2\repository\io\cucumber\tag-expressions\5.0.1\tag-expressions-5.0.1.jar;C:\Users\user\.m2\repository\io\cucumber\cucumber-expressions\16.1.1\cucumber-expressions-16.1.1.jar;C:\Users\user\.m2\repository\io\cucumber\datatable\7.11.0\datatable-7.11.0.jar;C:\Users\user\.m2\repository\io\cucumber\cucumber-plugin\7.11.0\cucumber-plugin-7.11.0.jar;C:\Users\user\.m2\repository\io\cucumber\docstring\7.11.0\docstring-7.11.0.jar;C:\Users\user\.m2\repository\io\cucumber\html-formatter\20.2.1\html-formatter-20.2.1.jar;C:\Users\user\.m2\repository\io\cucumber\junit-xml-formatter\0.1.0\junit-xml-formatter-0.1.0.jar;C:\Users\user\.m2\repository\io\cucumber\ci-environment\9.1.0\ci-environment-9.1.0.jar;C:\Users\user\.m2\repository\io\cucumber\cucumber-java\7.11.0\cucumber-java-7.11.0.jar;C:\Users\user\.m2\repository\io\cucumber\cucumber-junit\7.11.0\cucumber-junit-7.11.0.jar;C:\Users\user\.m2\repository\org\apache\commons\commons-csv\1.5\commons-csv-1.5.jar;C:\Users\user\.m2\repository\net\serenity-bdd\serenity-screenplay\3.6.21\serenity-screenplay-3.6.21.jar;C:\Users\user\.m2\repository\net\serenity-bdd\serenity-screenplay-webdriver\3.6.21\serenity-screenplay-webdriver-3.6.21.jar;C:\Users\user\.m2\repository\net\serenity-bdd\serenity-ensure\3.6.21\serenity-ensure-3.6.21.jar;C:\Users\user\.m2\repository\net\serenity-bdd\serenity-junit\3.6.21\serenity-junit-3.6.21.jar;C:\Users\user\.m2\repository\org\jetbrains\kotlin\kotlin-stdlib\1.8.10\kotlin-stdlib-1.8.10.jar;C:\Users\user\.m2\repository\org\jetbrains\kotlin\kotlin-stdlib-common\1.8.10\kotlin-stdlib-common-1.8.10.jar;C:\Users\user\.m2\repository\org\jetbrains\annotations\13.0\annotations-13.0.jar;C:\Users\user\.m2\repository\org\junit\platform\junit-platform-launcher\1.8.2\junit-platform-launcher-1.8.2.jar;C:\Users\user\.m2\repository\org\junit\platform\junit-platform-engine\1.8.2\junit-platform-engine-1.8.2.jar;C:\Users\user\.m2\repository\org\junit\platform\junit-platform-commons\1.8.2\junit-platform-commons-1.8.2.jar;C:\Users\user\.m2\repository\org\apiguardian\apiguardian-api\1.1.2\apiguardian-api-1.1.2.jar;C:\Users\user\.m2\repository\org\junit\jupiter\junit-jupiter-engine\5.8.2\junit-jupiter-engine-5.8.2.jar;C:\Users\user\.m2\repository\org\junit\jupiter\junit-jupiter-api\5.8.2\junit-jupiter-api-5.8.2.jar;C:\Users\user\.m2\repository\org\junit\vintage\junit-vintage-engine\5.8.2\junit-vintage-engine-5.8.2.jar;C:\Users\user\.m2\repository\junit\junit\4.13.2\junit-4.13.2.jar;C:\Users\user\.m2\repository\org\hamcrest\hamcrest-core\1.3\hamcrest-core-1.3.jar;C:\Users\user\.m2\repository\ch\qos\logback\logback-classic\1.2.10\logback-classic-1.2.10.jar;C:\Users\user\.m2\repository\ch\qos\logback\logback-core\1.2.10\logback-core-1.2.10.jar;C:\Users\user\.m2\repository\org\slf4j\slf4j-api\1.7.32\slf4j-api-1.7.32.jar;C:\Users\user\.m2\repository\org\assertj\assertj-core\3.23.1\assertj-core-3.23.1.jar;C:\Users\user\.m2\repository\net\bytebuddy\byte-buddy\1.12.10\byte-buddy-1.12.10.jar;C:\Users\user\.m2\repository\com\googlecode\json-simple\json-simple\1.1.1\json-simple-1.1.1.jar;C:\Users\user\.m2\repository\org\apache\maven\surefire\surefire-junit-platform\3.0.0-M5\surefire-junit-platform-3.0.0-M5.jar;C:\Users\user\.m2\repository\org\apache\maven\surefire\common-java5\3.0.0-M5\common-java5-3.0.0-M5.jar"/>
    <property name="user.script" value=""/>
    <property name="sun.management.compiler" value="HotSpot 64-Bit Tiered Compilers"/>
    <property name="java.runtime.version" value="17.0.6+9-LTS-190"/>
    <property name="user.name" value="user"/>
    <property name="path.separator" value=";"/>
    <property name="os.version" value="10.0"/>
    <property name="java.runtime.name" value="Java(TM) SE Runtime Environment"/>
    <property name="file.encoding" value="Cp1252"/>
    <property name="webdriver.base.url" value=""/>
    <property name="java.vm.name" value="Java HotSpot(TM) 64-Bit Server VM"/>
    <property name="localRepository" value="C:\Users\user\.m2\repository"/>
    <property name="java.vendor.url.bug" value="https://bugreport.java.com/bugreport/"/>
    <property name="java.io.tmpdir" value="C:\Users\user\AppData\Local\Temp\"/>
    <property name="java.version" value="17.0.6"/>
    <property name="user.dir" value="C:\Users\user\Documents\GitHub\QE_Loyalty-Point\API_CICD_Minpro"/>
    <property name="os.arch" value="amd64"/>
    <property name="java.vm.specification.name" value="Java Virtual Machine Specification"/>
    <property name="user.language.format" value="id"/>
    <property name="sun.os.patch.level" value=""/>
    <property name="native.encoding" value="Cp1252"/>
    <property name="java.library.path" value="C:\Program Files\Java\jdk-17\bin;C:\Windows\Sun\Java\bin;C:\Windows\system32;C:\Windows;C:\Program Files\Common Files\Oracle\Java\javapath;C:\Program Files (x86)\Borland\Delphi for .NET Preview\aspx\bin\;C:\Program Files (x86)\Borland\Delphi for .NET Preview\aspx\framework\;C:\Program Files (x86)\Borland\Delphi for .NET Preview\bin\;C:\Program Files (x86)\Borland\Delphi7\Bin;C:\Program Files (x86)\Borland\Delphi7\Projects\Bpl\;C:\Inprise\vbroker\bin;C:\Windows\system32;C:\Windows;C:\Windows\System32\Wbem;C:\Windows\System32\WindowsPowerShell\v1.0\;C:\Users\user\Downloads\apache-maven-3.9.1-bin\apache-maven-3.9.1\bin;C:\Program Files\nodejs\;C:Java\java-8\bin;C:Android\Android-sdk\tools;C:\Program Files\Java\jdk-20\bin;C:\Program Files\Java\jdk-17\bin;C:\Program Files\Git\cmd;C:\Users\user\AppData\Local\Programs\Microsoft VS Code\bin;C:\Program Files\JetBrains\IntelliJ IDEA Community Edition 2022.3.2\bin;;C:\Users\user\AppData\Local\GitHubDesktop\bin;C:\Users\user\AppData\Roaming\npm;."/>
    <property name="java.vm.info" value="mixed mode"/>
    <property name="java.vendor" value="Oracle Corporation"/>
    <property name="java.vm.version" value="17.0.6+9-LTS-190"/>
    <property name="sun.io.unicode.encoding" value="UnicodeLittle"/>
    <property name="java.class.version" value="61.0"/>
  </properties>
  <testcase name="GET - Get hello with correct endpoints" classname="Hello" time="21.287">
    <system-out><![CDATA[14:57:54.345 [main] DEBUG net.thucydides.core.guice.Injectors - Created injector for module net.thucydides.core.guice.ThucydidesModule
14:57:55.895 [main] DEBUG io.cucumber.core.plugin.SerenityReporter - Running feature from file:///C:/Users/user/Documents/GitHub/QE_Loyalty-Point/API_CICD_Minpro/src/test/resources/features/0.%20Hello.feature
14:57:56.911 [main] DEBUG net.thucydides.core.guice.Injectors - Created injector for module net.thucydides.core.guice.webdriver.WebDriverModule
14:57:57.017 [main] INFO  - 

-------------------------------------------------------------------------------------
     _______. _______ .______       _______ .__   __.  __  .___________.____    ____ 
    /       ||   ____||   _  \     |   ____||  \ |  | |  | |           |\   \  /   / 
   |   (----`|  |__   |  |_)  |    |  |__   |   \|  | |  | `---|  |----` \   \/   /  
    \   \    |   __|  |      /     |   __|  |  . `  | |  |     |  |       \_    _/   
.----)   |   |  |____ |  |\  \----.|  |____ |  |\   | |  |     |  |         |  |     
|_______/    |_______|| _| `._____||_______||__| \__| |__|     |__|         |__|    
                                                                                     
 News and tutorials at http://www.serenity-bdd.info                                  
 Documentation at https://wakaleo.gitbooks.io/the-serenity-book/content/             
 Join the Serenity Community on Gitter: https://gitter.im/serenity-bdd/serenity-core 
 Serenity BDD Support and Training at http://serenity-bdd.info/#/trainingandsupport  
-------------------------------------------------------------------------------------

14:57:57.026 [main] DEBUG net.thucydides.core.steps.StepEventBus - Test suite started for story net.thucydides.core.model.Story@48cbcce3
14:57:57.047 [main] INFO  - Test Suite Started: Hello
14:57:57.150 [main] DEBUG io.cucumber.core.plugin.SerenityReporter - Running feature from file:///C:/Users/user/Documents/GitHub/QE_Loyalty-Point/API_CICD_Minpro/src/test/resources/features/1.%20Register.feature
14:57:57.173 [main] DEBUG net.thucydides.core.steps.StepEventBus - Test suite started for story net.thucydides.core.model.Story@773abe6e
14:57:57.175 [main] INFO  - Test Suite Started: Register
14:57:57.176 [main] DEBUG io.cucumber.core.plugin.SerenityReporter - Running feature from file:///C:/Users/user/Documents/GitHub/QE_Loyalty-Point/API_CICD_Minpro/src/test/resources/features/2.%20Login.feature
14:57:57.200 [main] DEBUG net.thucydides.core.steps.StepEventBus - Test suite started for story net.thucydides.core.model.Story@86b1dd01
14:57:57.202 [main] INFO  - Test Suite Started: Login
14:57:57.203 [main] DEBUG io.cucumber.core.plugin.SerenityReporter - Running feature from file:///C:/Users/user/Documents/GitHub/QE_Loyalty-Point/API_CICD_Minpro/src/test/resources/features/3.%20User.feature
14:57:57.236 [main] DEBUG net.thucydides.core.steps.StepEventBus - Test suite started for story net.thucydides.core.model.Story@11e807f1
14:57:57.239 [main] INFO  - Test Suite Started: User Information
14:57:57.240 [main] DEBUG io.cucumber.core.plugin.SerenityReporter - Running feature from file:///C:/Users/user/Documents/GitHub/QE_Loyalty-Point/API_CICD_Minpro/src/test/resources/features/4.%20Categories.feature
14:57:57.262 [main] DEBUG net.thucydides.core.steps.StepEventBus - Test suite started for story net.thucydides.core.model.Story@1b5f86d1
14:57:57.264 [main] INFO  - Test Suite Started: Categories
14:57:57.264 [main] DEBUG io.cucumber.core.plugin.SerenityReporter - Running feature from file:///C:/Users/user/Documents/GitHub/QE_Loyalty-Point/API_CICD_Minpro/src/test/resources/features/5.%20Product.feature
14:57:57.281 [main] DEBUG net.thucydides.core.steps.StepEventBus - Test suite started for story net.thucydides.core.model.Story@5c78189e
14:57:57.283 [main] INFO  - Test Suite Started: Product
14:57:57.283 [main] DEBUG io.cucumber.core.plugin.SerenityReporter - Running feature from file:///C:/Users/user/Documents/GitHub/QE_Loyalty-Point/API_CICD_Minpro/src/test/resources/features/6.%20Order.feature
14:57:57.296 [main] DEBUG net.thucydides.core.steps.StepEventBus - Test suite started for story net.thucydides.core.model.Story@421cad1d
14:57:57.298 [main] INFO  - Test Suite Started: Order
14:57:57.298 [main] DEBUG io.cucumber.core.plugin.SerenityReporter - Running feature from file:///C:/Users/user/Documents/GitHub/QE_Loyalty-Point/API_CICD_Minpro/src/test/resources/features/7.%20Rating.feature
14:57:57.312 [main] DEBUG net.thucydides.core.steps.StepEventBus - Test suite started for story net.thucydides.core.model.Story@a2cc97b4
14:57:57.314 [main] INFO  - Test Suite Started: Rating
14:57:57.314 [main] DEBUG io.cucumber.core.plugin.SerenityReporter - Running feature from file:///C:/Users/user/Documents/GitHub/QE_Loyalty-Point/API_CICD_Minpro/src/test/resources/features/8.%20Comment.feature
14:57:57.327 [main] DEBUG net.thucydides.core.steps.StepEventBus - Test suite started for story net.thucydides.core.model.Story@8ea159bb
14:57:57.330 [main] INFO  - Test Suite Started: Comment
14:57:57.332 [main] DEBUG io.cucumber.core.plugin.SerenityReporter - Running feature from file:///C:/Users/user/Documents/GitHub/QE_Loyalty-Point/API_CICD_Minpro/src/test/resources/features/0.%20Hello.feature
14:57:57.342 [main] DEBUG net.thucydides.core.steps.StepEventBus - Test suite started for story net.thucydides.core.model.Story@48cbcce3
14:57:57.344 [main] INFO  - Test Suite Started: Hello

Scenario: GET - Get hello with correct endpoints      &amp#27;[90m# src/test/resources/features/0. Hello.feature:7&amp#27;[0m
14:57:58.369 [main] DEBUG io.cucumber.core.plugin.SerenityReporter - Running feature from file:///C:/Users/user/Documents/GitHub/QE_Loyalty-Point/API_CICD_Minpro/src/test/resources/features/0.%20Hello.feature
14:57:58.960 [main] INFO  - 
  _____   ___   ___   _____     ___   _____     _     ___   _____   ___   ___  
 |_   _| | __| / __| |_   _|   / __| |_   _|   /_\   | _ \ |_   _| | __| |   \ 
   | |   | _|  \__ \   | |     \__ \   | |    / _ \  |   /   | |   | _|  | |) |
   |_|   |___| |___/   |_|     |___/   |_|   /_/ \_\ |_|_\   |_|   |___| |___/ 

GET - Get hello with correct endpoints(hello;get---get-hello-with-correct-endpoints)
--------------------------------------------------------------------------------
14:57:59.416 [main] DEBUG net.thucydides.core.requirements.model.cucumber.CucumberParser - Loading feature C:\Users\user\Documents\GitHub\QE_Loyalty-Point\API_CICD_Minpro\src\test\resources\features\0. Hello.feature
14:57:59.634 [main] DEBUG net.thucydides.core.requirements.model.cucumber.CucumberParser - Loading feature C:\Users\user\Documents\GitHub\QE_Loyalty-Point\API_CICD_Minpro\src\test\resources\features\1. Register.feature
14:57:59.720 [main] DEBUG net.thucydides.core.requirements.model.cucumber.CucumberParser - Loading feature C:\Users\user\Documents\GitHub\QE_Loyalty-Point\API_CICD_Minpro\src\test\resources\features\2. Login.feature
14:57:59.774 [main] DEBUG net.thucydides.core.requirements.model.cucumber.CucumberParser - Loading feature C:\Users\user\Documents\GitHub\QE_Loyalty-Point\API_CICD_Minpro\src\test\resources\features\3. User.feature
14:57:59.807 [main] DEBUG net.thucydides.core.requirements.model.cucumber.CucumberParser - Loading feature C:\Users\user\Documents\GitHub\QE_Loyalty-Point\API_CICD_Minpro\src\test\resources\features\4. Categories.feature
14:57:59.836 [main] DEBUG net.thucydides.core.requirements.model.cucumber.CucumberParser - Loading feature C:\Users\user\Documents\GitHub\QE_Loyalty-Point\API_CICD_Minpro\src\test\resources\features\5. Product.feature
14:57:59.877 [main] DEBUG net.thucydides.core.requirements.model.cucumber.CucumberParser - Loading feature C:\Users\user\Documents\GitHub\QE_Loyalty-Point\API_CICD_Minpro\src\test\resources\features\6. Order.feature
14:57:59.908 [main] DEBUG net.thucydides.core.requirements.model.cucumber.CucumberParser - Loading feature C:\Users\user\Documents\GitHub\QE_Loyalty-Point\API_CICD_Minpro\src\test\resources\features\7. Rating.feature
14:57:59.931 [main] DEBUG net.thucydides.core.requirements.model.cucumber.CucumberParser - Loading feature C:\Users\user\Documents\GitHub\QE_Loyalty-Point\API_CICD_Minpro\src\test\resources\features\8. Comment.feature
14:58:02.678 [main] DEBUG net.thucydides.core.steps.StepInterceptor - STARTING STEP: HelloSteps.setGetApiEndpointHello - I set GET api endpoints hello
14:58:02.743 [main] DEBUG net.thucydides.core.steps.StepInterceptor - STEP DONE: I set GET api endpoints hello
  &amp#27;[32mGiven &amp#27;[0m&amp#27;[32mI set GET api endpoints hello&amp#27;[0m                 &amp#27;[90m# starter.stepdefinitions.HelloSteps.setGetApiEndpointHello()&amp#27;[0m
14:58:02.803 [main] DEBUG net.thucydides.core.steps.StepInterceptor - STARTING STEP: HelloSteps.sendGetHttpRequestHello - I send GET HTTP request hello
14:58:11.265 [main] DEBUG net.thucydides.core.steps.StepInterceptor - STARTING STEP: Hello.sendGetHttpRequestHello - I set GET api endpoints hello
14:58:11.267 [main] DEBUG net.thucydides.core.steps.StepInterceptor - STEP DONE: I set GET api endpoints hello
14:58:16.345 [main] DEBUG org.apache.http.impl.conn.BasicClientConnectionManager - Get connection for route {s}->https://altashop-api.fly.dev:443
14:58:16.600 [main] DEBUG org.apache.http.impl.conn.DefaultClientConnectionOperator - Connecting to altashop-api.fly.dev:443
14:58:17.773 [main] DEBUG org.apache.http.client.protocol.RequestAddCookies - CookieSpec selected: ignoreCookies
14:58:17.775 [main] DEBUG org.apache.http.client.protocol.RequestAuthCache - Auth cache not set in the context
14:58:17.775 [main] DEBUG org.apache.http.client.protocol.RequestTargetAuthentication - Target auth state: UNCHALLENGED
14:58:17.776 [main] DEBUG org.apache.http.client.protocol.RequestProxyAuthentication - Proxy auth state: UNCHALLENGED
14:58:17.777 [main] DEBUG org.apache.http.impl.client.DefaultHttpClient - Attempt 1 to execute request
14:58:17.777 [main] DEBUG org.apache.http.impl.conn.DefaultClientConnection - Sending request: GET /api/hello HTTP/1.1
14:58:17.779 [main] DEBUG org.apache.http.wire -  >> "GET /api/hello HTTP/1.1[\r][\n]"
14:58:17.781 [main] DEBUG org.apache.http.wire -  >> "Accept: */*[\r][\n]"
14:58:17.781 [main] DEBUG org.apache.http.wire -  >> "Host: altashop-api.fly.dev[\r][\n]"
14:58:17.782 [main] DEBUG org.apache.http.wire -  >> "Connection: Keep-Alive[\r][\n]"
14:58:17.782 [main] DEBUG org.apache.http.wire -  >> "User-Agent: Apache-HttpClient/4.5.13 (Java/17.0.6)[\r][\n]"
14:58:17.782 [main] DEBUG org.apache.http.wire -  >> "Accept-Encoding: gzip,deflate[\r][\n]"
14:58:17.782 [main] DEBUG org.apache.http.wire -  >> "[\r][\n]"
14:58:17.782 [main] DEBUG org.apache.http.headers - >> GET /api/hello HTTP/1.1
14:58:17.782 [main] DEBUG org.apache.http.headers - >> Accept: */*
14:58:17.782 [main] DEBUG org.apache.http.headers - >> Host: altashop-api.fly.dev
14:58:17.783 [main] DEBUG org.apache.http.headers - >> Connection: Keep-Alive
14:58:17.783 [main] DEBUG org.apache.http.headers - >> User-Agent: Apache-HttpClient/4.5.13 (Java/17.0.6)
14:58:17.783 [main] DEBUG org.apache.http.headers - >> Accept-Encoding: gzip,deflate
14:58:17.821 [main] DEBUG org.apache.http.wire -  << "HTTP/1.1 200 OK[\r][\n]"
14:58:17.824 [main] DEBUG org.apache.http.wire -  << "content-type: application/json[\r][\n]"
14:58:17.824 [main] DEBUG org.apache.http.wire -  << "date: Mon, 29 May 2023 07:58:06 GMT[\r][\n]"
14:58:17.824 [main] DEBUG org.apache.http.wire -  << "content-encoding: gzip[\r][\n]"
14:58:17.824 [main] DEBUG org.apache.http.wire -  << "transfer-encoding: chunked[\r][\n]"
14:58:17.824 [main] DEBUG org.apache.http.wire -  << "server: Fly/fe06e9419 (2023-05-24)[\r][\n]"
14:58:17.824 [main] DEBUG org.apache.http.wire -  << "via: 1.1 fly.io[\r][\n]"
14:58:17.824 [main] DEBUG org.apache.http.wire -  << "fly-request-id: 01H1K87CHM2D2SGEN2XHR59KHF-sin[\r][\n]"
14:58:17.825 [main] DEBUG org.apache.http.wire -  << "[\r][\n]"
14:58:17.826 [main] DEBUG org.apache.http.impl.conn.DefaultClientConnection - Receiving response: HTTP/1.1 200 OK
14:58:17.826 [main] DEBUG org.apache.http.headers - << HTTP/1.1 200 OK
14:58:17.827 [main] DEBUG org.apache.http.headers - << content-type: application/json
14:58:17.827 [main] DEBUG org.apache.http.headers - << date: Mon, 29 May 2023 07:58:06 GMT
14:58:17.827 [main] DEBUG org.apache.http.headers - << content-encoding: gzip
14:58:17.827 [main] DEBUG org.apache.http.headers - << transfer-encoding: chunked
14:58:17.827 [main] DEBUG org.apache.http.headers - << server: Fly/fe06e9419 (2023-05-24)
14:58:17.827 [main] DEBUG org.apache.http.headers - << via: 1.1 fly.io
14:58:17.827 [main] DEBUG org.apache.http.headers - << fly-request-id: 01H1K87CHM2D2SGEN2XHR59KHF-sin
14:58:17.840 [main] DEBUG org.apache.http.impl.client.DefaultHttpClient - Connection can be kept alive indefinitely
14:58:17.864 [main] DEBUG io.restassured.internal.RestAssuredHttpBuilder - Parsing response as: application/json
14:58:17.866 [main] DEBUG org.apache.http.wire -  << "25[\r][\n]"
14:58:17.866 [main] DEBUG org.apache.http.wire -  << "[0x1f][0x8b][0x8][0x0][0x0][0x0][0x0][0x0][0x4][0xff][0xab]VJI,IT[0xb2]R[0xca]H[0xcd][0xc9][0xc9]W[0xaa][0xe5][0x2][0x0][0xfd][0x95][0xfe]N[0x11][0x0][0x0][0x0]"
14:58:17.866 [main] DEBUG org.apache.http.wire -  << "[\r][\n]"
14:58:17.867 [main] DEBUG org.apache.http.wire -  << "0[\r][\n]"
14:58:17.867 [main] DEBUG org.apache.http.wire -  << "[\r][\n]"
14:58:17.868 [main] DEBUG io.restassured.internal.RestAssuredHttpBuilder - Parsed data to instance of: class org.apache.http.conn.EofSensorInputStream
14:58:18.101 [main] DEBUG org.apache.http.impl.conn.BasicClientConnectionManager - Releasing connection org.apache.http.impl.conn.ManagedClientConnectionImpl@5cb8580
14:58:18.101 [main] DEBUG org.apache.http.impl.conn.BasicClientConnectionManager - Connection can be kept alive indefinitely
14:58:18.277 [main] DEBUG net.thucydides.core.steps.StepInterceptor - STEP DONE: I send GET HTTP request hello
  &amp#27;[32mWhen &amp#27;[0m&amp#27;[32mI send GET HTTP request hello&amp#27;[0m                  &amp#27;[90m# starter.stepdefinitions.HelloSteps.sendGetHttpRequestHello()&amp#27;[0m
14:58:18.395 [main] DEBUG net.thucydides.core.steps.StepInterceptor - STARTING STEP: CommentSteps.receiveValidHttp200Rating - I receive valid HTTP response code 200 comment
14:58:18.575 [main] DEBUG net.thucydides.core.steps.StepInterceptor - STEP DONE: I receive valid HTTP response code 200 comment
  &amp#27;[32mThen &amp#27;[0m&amp#27;[32mI receive valid HTTP response code 200 comment&amp#27;[0m &amp#27;[90m# starter.stepdefinitions.CommentSteps.receiveValidHttp200Rating()&amp#27;[0m
14:58:18.615 [main] INFO  - 
  _____   ___   ___   _____     ___     _     ___   ___   ___   ___  
 |_   _| | __| / __| |_   _|   | _ \   /_\   / __| / __| | __| |   \ 
   | |   | _|  \__ \   | |     |  _/  / _ \  \__ \ \__ \ | _|  | |) |
   |_|   |___| |___/   |_|     |_|   /_/ \_\ |___/ |___/ |___| |___/ 

GET - Get hello with correct endpoints
----------------------------------------------------------------------
]]></system-out>
  </testcase>
  <testcase name="POST - Register with valid data" classname="Register" time="1.694">
    <system-out><![CDATA[14:58:18.660 [main] DEBUG io.cucumber.core.plugin.SerenityReporter - Running feature from file:///C:/Users/user/Documents/GitHub/QE_Loyalty-Point/API_CICD_Minpro/src/test/resources/features/1.%20Register.feature
14:58:18.673 [main] DEBUG net.thucydides.core.steps.StepEventBus - Test suite started for story net.thucydides.core.model.Story@773abe6e
14:58:18.677 [main] INFO  - Test Suite Started: Register

Scenario: POST - Register with valid data              &amp#27;[90m# src/test/resources/features/1. Register.feature:7&amp#27;[0m
14:58:18.735 [main] DEBUG io.cucumber.core.plugin.SerenityReporter - Running feature from file:///C:/Users/user/Documents/GitHub/QE_Loyalty-Point/API_CICD_Minpro/src/test/resources/features/1.%20Register.feature
14:58:18.841 [main] INFO  - 
  _____   ___   ___   _____     ___   _____     _     ___   _____   ___   ___  
 |_   _| | __| / __| |_   _|   / __| |_   _|   /_\   | _ \ |_   _| | __| |   \ 
   | |   | _|  \__ \   | |     \__ \   | |    / _ \  |   /   | |   | _|  | |) |
   |_|   |___| |___/   |_|     |___/   |_|   /_/ \_\ |_|_\   |_|   |___| |___/ 

POST - Register with valid data(register;post---register-with-valid-data)
--------------------------------------------------------------------------------
14:58:19.290 [main] DEBUG net.thucydides.core.steps.StepInterceptor - STARTING STEP: RegisterSteps.setPostApiEndpointsRegister - I set POST api endpoints register
14:58:19.291 [main] DEBUG net.thucydides.core.steps.StepInterceptor - STEP DONE: I set POST api endpoints register
  &amp#27;[32mGiven &amp#27;[0m&amp#27;[32mI set POST api endpoints register&amp#27;[0m              &amp#27;[90m# starter.stepdefinitions.RegisterSteps.setPostApiEndpointsRegister()&amp#27;[0m
14:58:19.331 [main] DEBUG net.thucydides.core.steps.StepInterceptor - STARTING STEP: RegisterSteps.sendPostHttpRequestRegister - I send POST HTTP request register
14:58:19.453 [main] DEBUG net.thucydides.core.steps.StepInterceptor - STARTING STEP: Register.sendPostHttpRequestRegister - I set POST api endpoints register
14:58:19.454 [main] DEBUG net.thucydides.core.steps.StepInterceptor - STEP DONE: I set POST api endpoints register
14:58:20.081 [main] DEBUG org.apache.http.impl.conn.BasicClientConnectionManager - Get connection for route {s}->https://altashop-api.fly.dev:443
14:58:20.082 [main] DEBUG org.apache.http.impl.conn.DefaultClientConnectionOperator - Connecting to altashop-api.fly.dev:443
14:58:20.245 [main] DEBUG org.apache.http.client.protocol.RequestAddCookies - CookieSpec selected: ignoreCookies
14:58:20.246 [main] DEBUG org.apache.http.client.protocol.RequestAuthCache - Auth cache not set in the context
14:58:20.246 [main] DEBUG org.apache.http.client.protocol.RequestTargetAuthentication - Target auth state: UNCHALLENGED
14:58:20.246 [main] DEBUG org.apache.http.client.protocol.RequestProxyAuthentication - Proxy auth state: UNCHALLENGED
14:58:20.246 [main] DEBUG org.apache.http.impl.client.DefaultHttpClient - Attempt 1 to execute request
14:58:20.249 [main] DEBUG org.apache.http.impl.conn.DefaultClientConnection - Sending request: POST /api/auth/register HTTP/1.1
14:58:20.250 [main] DEBUG org.apache.http.wire -  >> "POST /api/auth/register HTTP/1.1[\r][\n]"
14:58:20.250 [main] DEBUG org.apache.http.wire -  >> "Accept: */*[\r][\n]"
14:58:20.250 [main] DEBUG org.apache.http.wire -  >> "Content-Type: application/json[\r][\n]"
14:58:20.251 [main] DEBUG org.apache.http.wire -  >> "Content-Length: 74[\r][\n]"
14:58:20.251 [main] DEBUG org.apache.http.wire -  >> "Host: altashop-api.fly.dev[\r][\n]"
14:58:20.251 [main] DEBUG org.apache.http.wire -  >> "Connection: Keep-Alive[\r][\n]"
14:58:20.251 [main] DEBUG org.apache.http.wire -  >> "User-Agent: Apache-HttpClient/4.5.13 (Java/17.0.6)[\r][\n]"
14:58:20.252 [main] DEBUG org.apache.http.wire -  >> "Accept-Encoding: gzip,deflate[\r][\n]"
14:58:20.252 [main] DEBUG org.apache.http.wire -  >> "[\r][\n]"
14:58:20.252 [main] DEBUG org.apache.http.headers - >> POST /api/auth/register HTTP/1.1
14:58:20.252 [main] DEBUG org.apache.http.headers - >> Accept: */*
14:58:20.252 [main] DEBUG org.apache.http.headers - >> Content-Type: application/json
14:58:20.252 [main] DEBUG org.apache.http.headers - >> Content-Length: 74
14:58:20.263 [main] DEBUG org.apache.http.headers - >> Host: altashop-api.fly.dev
14:58:20.263 [main] DEBUG org.apache.http.headers - >> Connection: Keep-Alive
14:58:20.263 [main] DEBUG org.apache.http.headers - >> User-Agent: Apache-HttpClient/4.5.13 (Java/17.0.6)
14:58:20.264 [main] DEBUG org.apache.http.headers - >> Accept-Encoding: gzip,deflate
14:58:20.264 [main] DEBUG org.apache.http.wire -  >> "{"password":"123456","fullname":"StevenJatmiko","email":"6ufx0p@mail.com"}"
14:58:20.300 [main] DEBUG org.apache.http.wire -  << "HTTP/1.1 200 OK[\r][\n]"
14:58:20.301 [main] DEBUG org.apache.http.wire -  << "content-type: application/json[\r][\n]"
14:58:20.301 [main] DEBUG org.apache.http.wire -  << "date: Mon, 29 May 2023 07:58:09 GMT[\r][\n]"
14:58:20.301 [main] DEBUG org.apache.http.wire -  << "content-encoding: gzip[\r][\n]"
14:58:20.301 [main] DEBUG org.apache.http.wire -  << "transfer-encoding: chunked[\r][\n]"
14:58:20.301 [main] DEBUG org.apache.http.wire -  << "server: Fly/fe06e9419 (2023-05-24)[\r][\n]"
14:58:20.301 [main] DEBUG org.apache.http.wire -  << "via: 1.1 fly.io[\r][\n]"
14:58:20.302 [main] DEBUG org.apache.http.wire -  << "fly-request-id: 01H1K87EZBV0DRRYTC3HXQNDT2-sin[\r][\n]"
14:58:20.302 [main] DEBUG org.apache.http.wire -  << "[\r][\n]"
14:58:20.302 [main] DEBUG org.apache.http.impl.conn.DefaultClientConnection - Receiving response: HTTP/1.1 200 OK
14:58:20.302 [main] DEBUG org.apache.http.headers - << HTTP/1.1 200 OK
14:58:20.302 [main] DEBUG org.apache.http.headers - << content-type: application/json
14:58:20.302 [main] DEBUG org.apache.http.headers - << date: Mon, 29 May 2023 07:58:09 GMT
14:58:20.302 [main] DEBUG org.apache.http.headers - << content-encoding: gzip
14:58:20.302 [main] DEBUG org.apache.http.headers - << transfer-encoding: chunked
14:58:20.303 [main] DEBUG org.apache.http.headers - << server: Fly/fe06e9419 (2023-05-24)
14:58:20.303 [main] DEBUG org.apache.http.headers - << via: 1.1 fly.io
14:58:20.303 [main] DEBUG org.apache.http.headers - << fly-request-id: 01H1K87EZBV0DRRYTC3HXQNDT2-sin
14:58:20.303 [main] DEBUG org.apache.http.impl.client.DefaultHttpClient - Connection can be kept alive indefinitely
14:58:20.304 [main] DEBUG io.restassured.internal.RestAssuredHttpBuilder - Parsing response as: application/json
14:58:20.304 [main] DEBUG org.apache.http.wire -  << "70[\r][\n]"
14:58:20.304 [main] DEBUG org.apache.http.wire -  << "[0x1f][0x8b][0x8][0x0][0x0][0x0][0x0][0x0][0x4][0xff][0xab]VJI,IT[0xb2][0xaa]V[0xf2]tQ[0xb2]2213[0xb2][0xd0]Qr+[0xcd][0xc9][0xc9]K[0xcc]MU[0xb2]R[\n]"
14:58:20.305 [main] DEBUG org.apache.http.wire -  << ".I-K[0xcd][0xf3]J,[0xc9][0xcd][0xcc][0xce]W[0xd2]Qr[0xcd]M[0xcc][0xcc]Q[0xb2]R2+M[0xab]0(p[0x0][0xf1][0xf4][0x92][0xf3]s[0x95]t[0x94][0x2][0x12][0x8b][0x8b][0xcb][0xf3][0x8b]R[0x94][0xac][0x94][0xc][0x8d][0x8c]ML[0xcd][0x94]jk[0xb9][0x0][0xb4][0xed]7[0xf9]_[0x0][0x0][0x0]"
14:58:20.305 [main] DEBUG org.apache.http.wire -  << "[\r][\n]"
14:58:20.306 [main] DEBUG org.apache.http.wire -  << "0[\r][\n]"
14:58:20.306 [main] DEBUG org.apache.http.wire -  << "[\r][\n]"
14:58:20.306 [main] DEBUG io.restassured.internal.RestAssuredHttpBuilder - Parsed data to instance of: class org.apache.http.conn.EofSensorInputStream
14:58:20.323 [main] DEBUG org.apache.http.impl.conn.BasicClientConnectionManager - Releasing connection org.apache.http.impl.conn.ManagedClientConnectionImpl@124ff64d
14:58:20.323 [main] DEBUG org.apache.http.impl.conn.BasicClientConnectionManager - Connection can be kept alive indefinitely
14:58:20.330 [main] DEBUG net.thucydides.core.steps.StepInterceptor - STEP DONE: I send POST HTTP request register
  &amp#27;[32mWhen &amp#27;[0m&amp#27;[32mI send POST HTTP request register&amp#27;[0m               &amp#27;[90m# starter.stepdefinitions.RegisterSteps.sendPostHttpRequestRegister()&amp#27;[0m
14:58:20.356 [main] DEBUG net.thucydides.core.steps.StepInterceptor - STARTING STEP: RegisterSteps.receiveValidHttp200Register - I receive valid HTTP response code 200 register
14:58:20.363 [main] DEBUG net.thucydides.core.steps.StepInterceptor - STEP DONE: I receive valid HTTP response code 200 register
  &amp#27;[32mThen &amp#27;[0m&amp#27;[32mI receive valid HTTP response code 200 register&amp#27;[0m &amp#27;[90m# starter.stepdefinitions.RegisterSteps.receiveValidHttp200Register()&amp#27;[0m
14:58:20.374 [main] INFO  - 
  _____   ___   ___   _____     ___     _     ___   ___   ___   ___  
 |_   _| | __| / __| |_   _|   | _ \   /_\   / __| / __| | __| |   \ 
   | |   | _|  \__ \   | |     |  _/  / _ \  \__ \ \__ \ | _|  | |) |
   |_|   |___| |___/   |_|     |_|   /_/ \_\ |___/ |___/ |___| |___/ 

POST - Register with valid data
----------------------------------------------------------------------
]]></system-out>
  </testcase>
  <testcase name="POST - Register without fullname" classname="Register" time="1.098">
    <system-out><![CDATA[
Scenario: POST - Register without fullname             &amp#27;[90m# src/test/resources/features/1. Register.feature:12&amp#27;[0m
14:58:20.474 [main] DEBUG io.cucumber.core.plugin.SerenityReporter - Running feature from file:///C:/Users/user/Documents/GitHub/QE_Loyalty-Point/API_CICD_Minpro/src/test/resources/features/1.%20Register.feature
14:58:20.484 [main] INFO  - 
  _____   ___   ___   _____     ___   _____     _     ___   _____   ___   ___  
 |_   _| | __| / __| |_   _|   / __| |_   _|   /_\   | _ \ |_   _| | __| |   \ 
   | |   | _|  \__ \   | |     \__ \   | |    / _ \  |   /   | |   | _|  | |) |
   |_|   |___| |___/   |_|     |___/   |_|   /_/ \_\ |_|_\   |_|   |___| |___/ 

POST - Register without fullname(register;post---register-without-fullname)
--------------------------------------------------------------------------------
14:58:20.800 [main] DEBUG net.thucydides.core.steps.StepInterceptor - STARTING STEP: RegisterSteps.setPostApiEndpointsRegister - I set POST api endpoints register
14:58:20.801 [main] DEBUG net.thucydides.core.steps.StepInterceptor - STEP DONE: I set POST api endpoints register
  &amp#27;[32mGiven &amp#27;[0m&amp#27;[32mI set POST api endpoints register&amp#27;[0m              &amp#27;[90m# starter.stepdefinitions.RegisterSteps.setPostApiEndpointsRegister()&amp#27;[0m
14:58:20.820 [main] DEBUG net.thucydides.core.steps.StepInterceptor - STARTING STEP: RegisterSteps.sendPostHttpRequestRegister2 - I send POST HTTP request register2
14:58:20.834 [main] DEBUG net.thucydides.core.steps.StepInterceptor - STARTING STEP: Register.sendPostHttpRequestRegister2 - I set POST api endpoints register
14:58:20.835 [main] DEBUG net.thucydides.core.steps.StepInterceptor - STEP DONE: I set POST api endpoints register
14:58:21.107 [main] DEBUG org.apache.http.impl.conn.BasicClientConnectionManager - Get connection for route {s}->https://altashop-api.fly.dev:443
14:58:21.108 [main] DEBUG org.apache.http.impl.conn.DefaultClientConnectionOperator - Connecting to altashop-api.fly.dev:443
14:58:21.322 [main] DEBUG org.apache.http.client.protocol.RequestAddCookies - CookieSpec selected: ignoreCookies
14:58:21.322 [main] DEBUG org.apache.http.client.protocol.RequestAuthCache - Auth cache not set in the context
14:58:21.322 [main] DEBUG org.apache.http.client.protocol.RequestTargetAuthentication - Target auth state: UNCHALLENGED
14:58:21.322 [main] DEBUG org.apache.http.client.protocol.RequestProxyAuthentication - Proxy auth state: UNCHALLENGED
14:58:21.322 [main] DEBUG org.apache.http.impl.client.DefaultHttpClient - Attempt 1 to execute request
14:58:21.323 [main] DEBUG org.apache.http.impl.conn.DefaultClientConnection - Sending request: POST /api/auth/register HTTP/1.1
14:58:21.323 [main] DEBUG org.apache.http.wire -  >> "POST /api/auth/register HTTP/1.1[\r][\n]"
14:58:21.323 [main] DEBUG org.apache.http.wire -  >> "Accept: */*[\r][\n]"
14:58:21.323 [main] DEBUG org.apache.http.wire -  >> "Content-Type: application/json[\r][\n]"
14:58:21.323 [main] DEBUG org.apache.http.wire -  >> "Content-Length: 69[\r][\n]"
14:58:21.323 [main] DEBUG org.apache.http.wire -  >> "Host: altashop-api.fly.dev[\r][\n]"
14:58:21.324 [main] DEBUG org.apache.http.wire -  >> "Connection: Keep-Alive[\r][\n]"
14:58:21.324 [main] DEBUG org.apache.http.wire -  >> "User-Agent: Apache-HttpClient/4.5.13 (Java/17.0.6)[\r][\n]"
14:58:21.324 [main] DEBUG org.apache.http.wire -  >> "Accept-Encoding: gzip,deflate[\r][\n]"
14:58:21.324 [main] DEBUG org.apache.http.wire -  >> "[\r][\n]"
14:58:21.324 [main] DEBUG org.apache.http.headers - >> POST /api/auth/register HTTP/1.1
14:58:21.324 [main] DEBUG org.apache.http.headers - >> Accept: */*
14:58:21.324 [main] DEBUG org.apache.http.headers - >> Content-Type: application/json
14:58:21.325 [main] DEBUG org.apache.http.headers - >> Content-Length: 69
14:58:21.325 [main] DEBUG org.apache.http.headers - >> Host: altashop-api.fly.dev
14:58:21.325 [main] DEBUG org.apache.http.headers - >> Connection: Keep-Alive
14:58:21.325 [main] DEBUG org.apache.http.headers - >> User-Agent: Apache-HttpClient/4.5.13 (Java/17.0.6)
14:58:21.334 [main] DEBUG org.apache.http.headers - >> Accept-Encoding: gzip,deflate
14:58:21.350 [main] DEBUG org.apache.http.wire -  >> "{"password":"123456","fullname":"","email":"stevenjatmiko@gmail.com"}"
14:58:21.381 [main] DEBUG org.apache.http.wire -  << "HTTP/1.1 400 Bad Request[\r][\n]"
14:58:21.381 [main] DEBUG org.apache.http.wire -  << "content-type: application/json[\r][\n]"
14:58:21.381 [main] DEBUG org.apache.http.wire -  << "date: Mon, 29 May 2023 07:58:10 GMT[\r][\n]"
14:58:21.381 [main] DEBUG org.apache.http.wire -  << "content-encoding: gzip[\r][\n]"
14:58:21.382 [main] DEBUG org.apache.http.wire -  << "transfer-encoding: chunked[\r][\n]"
14:58:21.382 [main] DEBUG org.apache.http.wire -  << "server: Fly/fe06e9419 (2023-05-24)[\r][\n]"
14:58:21.382 [main] DEBUG org.apache.http.wire -  << "via: 1.1 fly.io[\r][\n]"
14:58:21.382 [main] DEBUG org.apache.http.wire -  << "fly-request-id: 01H1K87G183GV08311F33TTRH6-sin[\r][\n]"
14:58:21.382 [main] DEBUG org.apache.http.wire -  << "[\r][\n]"
14:58:21.382 [main] DEBUG org.apache.http.impl.conn.DefaultClientConnection - Receiving response: HTTP/1.1 400 Bad Request
14:58:21.382 [main] DEBUG org.apache.http.headers - << HTTP/1.1 400 Bad Request
14:58:21.382 [main] DEBUG org.apache.http.headers - << content-type: application/json
14:58:21.382 [main] DEBUG org.apache.http.headers - << date: Mon, 29 May 2023 07:58:10 GMT
14:58:21.383 [main] DEBUG org.apache.http.headers - << content-encoding: gzip
14:58:21.383 [main] DEBUG org.apache.http.headers - << transfer-encoding: chunked
14:58:21.383 [main] DEBUG org.apache.http.headers - << server: Fly/fe06e9419 (2023-05-24)
14:58:21.383 [main] DEBUG org.apache.http.headers - << via: 1.1 fly.io
14:58:21.383 [main] DEBUG org.apache.http.headers - << fly-request-id: 01H1K87G183GV08311F33TTRH6-sin
14:58:21.383 [main] DEBUG org.apache.http.impl.client.DefaultHttpClient - Connection can be kept alive indefinitely
14:58:21.384 [main] DEBUG io.restassured.internal.RestAssuredHttpBuilder - Parsing response as: application/json
14:58:21.384 [main] DEBUG org.apache.http.wire -  << "35[\r][\n]"
14:58:21.384 [main] DEBUG org.apache.http.wire -  << "[0x1f][0x8b][0x8][0x0][0x0][0x0][0x0][0x0][0x4][0xff][0xab]VJ-*[0xca]/R[0xb2]RJ+[0xcd][0xc9][0xc9]K[0xcc]MU[0xc8],V(J-,[0xcd],JMQ[0xaa][0xe5][0x2][0x0]ok4[0xc9]![0x0][0x0][0x0]"
14:58:21.385 [main] DEBUG org.apache.http.wire -  << "[\r][\n]"
14:58:21.385 [main] DEBUG org.apache.http.wire -  << "0[\r][\n]"
14:58:21.386 [main] DEBUG org.apache.http.wire -  << "[\r][\n]"
14:58:21.386 [main] DEBUG io.restassured.internal.RestAssuredHttpBuilder - Parsed data to instance of: class org.apache.http.conn.EofSensorInputStream
14:58:21.393 [main] DEBUG org.apache.http.impl.conn.BasicClientConnectionManager - Releasing connection org.apache.http.impl.conn.ManagedClientConnectionImpl@3149409c
14:58:21.394 [main] DEBUG org.apache.http.impl.conn.BasicClientConnectionManager - Connection can be kept alive indefinitely
14:58:21.400 [main] DEBUG net.thucydides.core.steps.StepInterceptor - STEP DONE: I send POST HTTP request register2
  &amp#27;[32mWhen &amp#27;[0m&amp#27;[32mI send POST HTTP request register2&amp#27;[0m              &amp#27;[90m# starter.stepdefinitions.RegisterSteps.sendPostHttpRequestRegister2()&amp#27;[0m
14:58:21.431 [main] DEBUG net.thucydides.core.steps.StepInterceptor - STARTING STEP: RegisterSteps.receiveValidHttp400Register - I receive valid HTTP response code 400 register
14:58:21.446 [Finalizer] DEBUG org.apache.http.impl.conn.DefaultClientConnection - Connection 0.0.0.0:55439<->149.248.193.56:443 closed
14:58:21.464 [main] DEBUG net.thucydides.core.steps.StepInterceptor - STEP DONE: I receive valid HTTP response code 400 register
  &amp#27;[32mThen &amp#27;[0m&amp#27;[32mI receive valid HTTP response code 400 register&amp#27;[0m &amp#27;[90m# starter.stepdefinitions.RegisterSteps.receiveValidHttp400Register()&amp#27;[0m
14:58:21.481 [main] INFO  - 
  _____   ___   ___   _____     ___     _     ___   ___   ___   ___  
 |_   _| | __| / __| |_   _|   | _ \   /_\   / __| / __| | __| |   \ 
   | |   | _|  \__ \   | |     |  _/  / _ \  \__ \ \__ \ | _|  | |) |
   |_|   |___| |___/   |_|     |_|   /_/ \_\ |___/ |___/ |___| |___/ 

POST - Register without fullname
----------------------------------------------------------------------
]]></system-out>
  </testcase>
  <testcase name="POST - Register without email" classname="Register" time="1.137">
    <system-out><![CDATA[
Scenario: POST - Register without email                &amp#27;[90m# src/test/resources/features/1. Register.feature:17&amp#27;[0m
14:58:21.707 [main] DEBUG io.cucumber.core.plugin.SerenityReporter - Running feature from file:///C:/Users/user/Documents/GitHub/QE_Loyalty-Point/API_CICD_Minpro/src/test/resources/features/1.%20Register.feature
14:58:21.719 [main] INFO  - 
  _____   ___   ___   _____     ___   _____     _     ___   _____   ___   ___  
 |_   _| | __| / __| |_   _|   / __| |_   _|   /_\   | _ \ |_   _| | __| |   \ 
   | |   | _|  \__ \   | |     \__ \   | |    / _ \  |   /   | |   | _|  | |) |
   |_|   |___| |___/   |_|     |___/   |_|   /_/ \_\ |_|_\   |_|   |___| |___/ 

POST - Register without email(register;post---register-without-email)
--------------------------------------------------------------------------------
14:58:21.797 [main] DEBUG net.thucydides.core.steps.StepInterceptor - STARTING STEP: RegisterSteps.setPostApiEndpointsRegister - I set POST api endpoints register
14:58:21.797 [main] DEBUG net.thucydides.core.steps.StepInterceptor - STEP DONE: I set POST api endpoints register
  &amp#27;[32mGiven &amp#27;[0m&amp#27;[32mI set POST api endpoints register&amp#27;[0m              &amp#27;[90m# starter.stepdefinitions.RegisterSteps.setPostApiEndpointsRegister()&amp#27;[0m
14:58:21.930 [main] DEBUG net.thucydides.core.steps.StepInterceptor - STARTING STEP: RegisterSteps.sendPostHttpRequestRegister3 - I send POST HTTP request register3
14:58:21.973 [main] DEBUG net.thucydides.core.steps.StepInterceptor - STARTING STEP: Register.sendPostHttpRequestRegister3 - I set POST api endpoints register
14:58:21.974 [main] DEBUG net.thucydides.core.steps.StepInterceptor - STEP DONE: I set POST api endpoints register
14:58:22.256 [main] DEBUG org.apache.http.impl.conn.BasicClientConnectionManager - Get connection for route {s}->https://altashop-api.fly.dev:443
14:58:22.257 [main] DEBUG org.apache.http.impl.conn.DefaultClientConnectionOperator - Connecting to altashop-api.fly.dev:443
14:58:22.392 [main] DEBUG org.apache.http.client.protocol.RequestAddCookies - CookieSpec selected: ignoreCookies
14:58:22.393 [main] DEBUG org.apache.http.client.protocol.RequestAuthCache - Auth cache not set in the context
14:58:22.393 [main] DEBUG org.apache.http.client.protocol.RequestTargetAuthentication - Target auth state: UNCHALLENGED
14:58:22.393 [main] DEBUG org.apache.http.client.protocol.RequestProxyAuthentication - Proxy auth state: UNCHALLENGED
14:58:22.393 [main] DEBUG org.apache.http.impl.client.DefaultHttpClient - Attempt 1 to execute request
14:58:22.393 [main] DEBUG org.apache.http.impl.conn.DefaultClientConnection - Sending request: POST /api/auth/register HTTP/1.1
14:58:22.394 [main] DEBUG org.apache.http.wire -  >> "POST /api/auth/register HTTP/1.1[\r][\n]"
14:58:22.394 [main] DEBUG org.apache.http.wire -  >> "Accept: */*[\r][\n]"
14:58:22.394 [main] DEBUG org.apache.http.wire -  >> "Content-Type: application/json[\r][\n]"
14:58:22.394 [main] DEBUG org.apache.http.wire -  >> "Content-Length: 60[\r][\n]"
14:58:22.395 [main] DEBUG org.apache.http.wire -  >> "Host: altashop-api.fly.dev[\r][\n]"
14:58:22.395 [main] DEBUG org.apache.http.wire -  >> "Connection: Keep-Alive[\r][\n]"
14:58:22.395 [main] DEBUG org.apache.http.wire -  >> "User-Agent: Apache-HttpClient/4.5.13 (Java/17.0.6)[\r][\n]"
14:58:22.395 [main] DEBUG org.apache.http.wire -  >> "Accept-Encoding: gzip,deflate[\r][\n]"
14:58:22.395 [main] DEBUG org.apache.http.wire -  >> "[\r][\n]"
14:58:22.395 [main] DEBUG org.apache.http.headers - >> POST /api/auth/register HTTP/1.1
14:58:22.395 [main] DEBUG org.apache.http.headers - >> Accept: */*
14:58:22.396 [main] DEBUG org.apache.http.headers - >> Content-Type: application/json
14:58:22.396 [main] DEBUG org.apache.http.headers - >> Content-Length: 60
14:58:22.396 [main] DEBUG org.apache.http.headers - >> Host: altashop-api.fly.dev
14:58:22.397 [main] DEBUG org.apache.http.headers - >> Connection: Keep-Alive
14:58:22.397 [main] DEBUG org.apache.http.headers - >> User-Agent: Apache-HttpClient/4.5.13 (Java/17.0.6)
14:58:22.397 [main] DEBUG org.apache.http.headers - >> Accept-Encoding: gzip,deflate
14:58:22.397 [main] DEBUG org.apache.http.wire -  >> "{"password":"123456","fullname":"Steven Jatmiko","email":""}"
14:58:22.482 [main] DEBUG org.apache.http.wire -  << "HTTP/1.1 400 Bad Request[\r][\n]"
14:58:22.483 [main] DEBUG org.apache.http.wire -  << "content-type: application/json[\r][\n]"
14:58:22.483 [main] DEBUG org.apache.http.wire -  << "date: Mon, 29 May 2023 07:58:11 GMT[\r][\n]"
14:58:22.483 [main] DEBUG org.apache.http.wire -  << "content-encoding: gzip[\r][\n]"
14:58:22.483 [main] DEBUG org.apache.http.wire -  << "transfer-encoding: chunked[\r][\n]"
14:58:22.484 [main] DEBUG org.apache.http.wire -  << "server: Fly/fe06e9419 (2023-05-24)[\r][\n]"
14:58:22.484 [main] DEBUG org.apache.http.wire -  << "via: 1.1 fly.io[\r][\n]"
14:58:22.485 [main] DEBUG org.apache.http.wire -  << "fly-request-id: 01H1K87H1ZCAPWT4V51KVV1726-sin[\r][\n]"
14:58:22.485 [main] DEBUG org.apache.http.wire -  << "[\r][\n]"
14:58:22.485 [main] DEBUG org.apache.http.impl.conn.DefaultClientConnection - Receiving response: HTTP/1.1 400 Bad Request
14:58:22.485 [main] DEBUG org.apache.http.headers - << HTTP/1.1 400 Bad Request
14:58:22.485 [main] DEBUG org.apache.http.headers - << content-type: application/json
14:58:22.485 [main] DEBUG org.apache.http.headers - << date: Mon, 29 May 2023 07:58:11 GMT
14:58:22.486 [main] DEBUG org.apache.http.headers - << content-encoding: gzip
14:58:22.486 [main] DEBUG org.apache.http.headers - << transfer-encoding: chunked
14:58:22.486 [main] DEBUG org.apache.http.headers - << server: Fly/fe06e9419 (2023-05-24)
14:58:22.486 [main] DEBUG org.apache.http.headers - << via: 1.1 fly.io
14:58:22.486 [main] DEBUG org.apache.http.headers - << fly-request-id: 01H1K87H1ZCAPWT4V51KVV1726-sin
14:58:22.486 [main] DEBUG org.apache.http.impl.client.DefaultHttpClient - Connection can be kept alive indefinitely
14:58:22.487 [main] DEBUG io.restassured.internal.RestAssuredHttpBuilder - Parsing response as: application/json
14:58:22.487 [main] DEBUG org.apache.http.wire -  << "32[\r][\n]"
14:58:22.487 [main] DEBUG org.apache.http.wire -  << "[0x1f][0x8b][0x8][0x0][0x0][0x0][0x0][0x0][0x4][0xff][0xab]VJ-*[0xca]/R[0xb2]RJ[0xcd]M[0xcc][0xcc]Q[0xc8],V(J-,[0xcd],JMQ[0xaa][0xe5][0x2][0x0]&[0xe3][0xaa]j[0x1e][0x0][0x0][0x0]"
14:58:22.487 [main] DEBUG org.apache.http.wire -  << "[\r][\n]"
14:58:22.488 [main] DEBUG org.apache.http.wire -  << "0[\r][\n]"
14:58:22.488 [main] DEBUG org.apache.http.wire -  << "[\r][\n]"
14:58:22.489 [main] DEBUG io.restassured.internal.RestAssuredHttpBuilder - Parsed data to instance of: class org.apache.http.conn.EofSensorInputStream
14:58:22.496 [main] DEBUG org.apache.http.impl.conn.BasicClientConnectionManager - Releasing connection org.apache.http.impl.conn.ManagedClientConnectionImpl@34f60be9
14:58:22.496 [main] DEBUG org.apache.http.impl.conn.BasicClientConnectionManager - Connection can be kept alive indefinitely
14:58:22.498 [main] DEBUG net.thucydides.core.steps.StepInterceptor - STEP DONE: I send POST HTTP request register3
  &amp#27;[32mWhen &amp#27;[0m&amp#27;[32mI send POST HTTP request register3&amp#27;[0m              &amp#27;[90m# starter.stepdefinitions.RegisterSteps.sendPostHttpRequestRegister3()&amp#27;[0m
14:58:22.559 [main] DEBUG net.thucydides.core.steps.StepInterceptor - STARTING STEP: RegisterSteps.receiveValidHttp400Register - I receive valid HTTP response code 400 register
14:58:22.613 [main] DEBUG net.thucydides.core.steps.StepInterceptor - STEP DONE: I receive valid HTTP response code 400 register
  &amp#27;[32mThen &amp#27;[0m&amp#27;[32mI receive valid HTTP response code 400 register&amp#27;[0m &amp#27;[90m# starter.stepdefinitions.RegisterSteps.receiveValidHttp400Register()&amp#27;[0m
14:58:22.637 [main] INFO  - 
  _____   ___   ___   _____     ___     _     ___   ___   ___   ___  
 |_   _| | __| / __| |_   _|   | _ \   /_\   / __| / __| | __| |   \ 
   | |   | _|  \__ \   | |     |  _/  / _ \  \__ \ \__ \ | _|  | |) |
   |_|   |___| |___/   |_|     |_|   /_/ \_\ |___/ |___/ |___| |___/ 

POST - Register without email
----------------------------------------------------------------------
]]></system-out>
  </testcase>
  <testcase name="POST - Register without password" classname="Register" time="1.016">
    <system-out><![CDATA[
Scenario: POST - Register without password             &amp#27;[90m# src/test/resources/features/1. Register.feature:22&amp#27;[0m
14:58:22.920 [main] DEBUG io.cucumber.core.plugin.SerenityReporter - Running feature from file:///C:/Users/user/Documents/GitHub/QE_Loyalty-Point/API_CICD_Minpro/src/test/resources/features/1.%20Register.feature
14:58:22.933 [main] INFO  - 
  _____   ___   ___   _____     ___   _____     _     ___   _____   ___   ___  
 |_   _| | __| / __| |_   _|   / __| |_   _|   /_\   | _ \ |_   _| | __| |   \ 
   | |   | _|  \__ \   | |     \__ \   | |    / _ \  |   /   | |   | _|  | |) |
   |_|   |___| |___/   |_|     |___/   |_|   /_/ \_\ |_|_\   |_|   |___| |___/ 

POST - Register without password(register;post---register-without-password)
--------------------------------------------------------------------------------
14:58:23.027 [main] DEBUG net.thucydides.core.steps.StepInterceptor - STARTING STEP: RegisterSteps.setPostApiEndpointsRegister - I set POST api endpoints register
14:58:23.060 [main] DEBUG net.thucydides.core.steps.StepInterceptor - STEP DONE: I set POST api endpoints register
  &amp#27;[32mGiven &amp#27;[0m&amp#27;[32mI set POST api endpoints register&amp#27;[0m              &amp#27;[90m# starter.stepdefinitions.RegisterSteps.setPostApiEndpointsRegister()&amp#27;[0m
14:58:23.095 [main] DEBUG net.thucydides.core.steps.StepInterceptor - STARTING STEP: RegisterSteps.sendPostHttpRequest4 - I send POST HTTP request register4
14:58:23.110 [main] DEBUG net.thucydides.core.steps.StepInterceptor - STARTING STEP: Register.sendPostHttpRequestRegister4 - I set POST api endpoints register
14:58:23.111 [main] DEBUG net.thucydides.core.steps.StepInterceptor - STEP DONE: I set POST api endpoints register
14:58:23.387 [main] DEBUG org.apache.http.impl.conn.BasicClientConnectionManager - Get connection for route {s}->https://altashop-api.fly.dev:443
14:58:23.390 [main] DEBUG org.apache.http.impl.conn.DefaultClientConnectionOperator - Connecting to altashop-api.fly.dev:443
14:58:23.532 [main] DEBUG org.apache.http.client.protocol.RequestAddCookies - CookieSpec selected: ignoreCookies
14:58:23.533 [main] DEBUG org.apache.http.client.protocol.RequestAuthCache - Auth cache not set in the context
14:58:23.533 [main] DEBUG org.apache.http.client.protocol.RequestTargetAuthentication - Target auth state: UNCHALLENGED
14:58:23.533 [main] DEBUG org.apache.http.client.protocol.RequestProxyAuthentication - Proxy auth state: UNCHALLENGED
14:58:23.533 [main] DEBUG org.apache.http.impl.client.DefaultHttpClient - Attempt 1 to execute request
14:58:23.533 [main] DEBUG org.apache.http.impl.conn.DefaultClientConnection - Sending request: POST /api/auth/register HTTP/1.1
14:58:23.534 [main] DEBUG org.apache.http.wire -  >> "POST /api/auth/register HTTP/1.1[\r][\n]"
14:58:23.534 [main] DEBUG org.apache.http.wire -  >> "Accept: */*[\r][\n]"
14:58:23.534 [main] DEBUG org.apache.http.wire -  >> "Content-Type: application/json[\r][\n]"
14:58:23.534 [main] DEBUG org.apache.http.wire -  >> "Content-Length: 77[\r][\n]"
14:58:23.534 [main] DEBUG org.apache.http.wire -  >> "Host: altashop-api.fly.dev[\r][\n]"
14:58:23.534 [main] DEBUG org.apache.http.wire -  >> "Connection: Keep-Alive[\r][\n]"
14:58:23.535 [main] DEBUG org.apache.http.wire -  >> "User-Agent: Apache-HttpClient/4.5.13 (Java/17.0.6)[\r][\n]"
14:58:23.535 [main] DEBUG org.apache.http.wire -  >> "Accept-Encoding: gzip,deflate[\r][\n]"
14:58:23.535 [main] DEBUG org.apache.http.wire -  >> "[\r][\n]"
14:58:23.535 [main] DEBUG org.apache.http.headers - >> POST /api/auth/register HTTP/1.1
14:58:23.535 [main] DEBUG org.apache.http.headers - >> Accept: */*
14:58:23.536 [main] DEBUG org.apache.http.headers - >> Content-Type: application/json
14:58:23.536 [main] DEBUG org.apache.http.headers - >> Content-Length: 77
14:58:23.536 [main] DEBUG org.apache.http.headers - >> Host: altashop-api.fly.dev
14:58:23.536 [main] DEBUG org.apache.http.headers - >> Connection: Keep-Alive
14:58:23.536 [main] DEBUG org.apache.http.headers - >> User-Agent: Apache-HttpClient/4.5.13 (Java/17.0.6)
14:58:23.536 [main] DEBUG org.apache.http.headers - >> Accept-Encoding: gzip,deflate
14:58:23.536 [main] DEBUG org.apache.http.wire -  >> "{"password":"","fullname":"Steven Jatmiko","email":"stevenjatmiko@gmail.com"}"
14:58:23.565 [main] DEBUG org.apache.http.wire -  << "HTTP/1.1 400 Bad Request[\r][\n]"
14:58:23.566 [main] DEBUG org.apache.http.wire -  << "content-type: application/json[\r][\n]"
14:58:23.566 [main] DEBUG org.apache.http.wire -  << "date: Mon, 29 May 2023 07:58:12 GMT[\r][\n]"
14:58:23.566 [main] DEBUG org.apache.http.wire -  << "content-encoding: gzip[\r][\n]"
14:58:23.566 [main] DEBUG org.apache.http.wire -  << "transfer-encoding: chunked[\r][\n]"
14:58:23.566 [main] DEBUG org.apache.http.wire -  << "server: Fly/fe06e9419 (2023-05-24)[\r][\n]"
14:58:23.567 [main] DEBUG org.apache.http.wire -  << "via: 1.1 fly.io[\r][\n]"
14:58:23.567 [main] DEBUG org.apache.http.wire -  << "fly-request-id: 01H1K87J5EDJBB9Y69VK95R6YV-sin[\r][\n]"
14:58:23.567 [main] DEBUG org.apache.http.wire -  << "[\r][\n]"
14:58:23.567 [main] DEBUG org.apache.http.impl.conn.DefaultClientConnection - Receiving response: HTTP/1.1 400 Bad Request
14:58:23.567 [main] DEBUG org.apache.http.headers - << HTTP/1.1 400 Bad Request
14:58:23.567 [main] DEBUG org.apache.http.headers - << content-type: application/json
14:58:23.567 [main] DEBUG org.apache.http.headers - << date: Mon, 29 May 2023 07:58:12 GMT
14:58:23.567 [main] DEBUG org.apache.http.headers - << content-encoding: gzip
14:58:23.567 [main] DEBUG org.apache.http.headers - << transfer-encoding: chunked
14:58:23.567 [main] DEBUG org.apache.http.headers - << server: Fly/fe06e9419 (2023-05-24)
14:58:23.567 [main] DEBUG org.apache.http.headers - << via: 1.1 fly.io
14:58:23.567 [main] DEBUG org.apache.http.headers - << fly-request-id: 01H1K87J5EDJBB9Y69VK95R6YV-sin
14:58:23.568 [main] DEBUG org.apache.http.impl.client.DefaultHttpClient - Connection can be kept alive indefinitely
14:58:23.568 [main] DEBUG io.restassured.internal.RestAssuredHttpBuilder - Parsing response as: application/json
14:58:23.572 [main] DEBUG org.apache.http.wire -  << "35[\r][\n]"
14:58:23.580 [main] DEBUG org.apache.http.wire -  << "[0x1f][0x8b][0x8][0x0][0x0][0x0][0x0][0x0][0x4][0xff][0xab]VJ-*[0xca]/R[0xb2]R*H,..[0xcf]/JQ[0xc8],V(J-,[0xcd],JMQ[0xaa][0xe5][0x2][0x0][0xb9][0x8f][0xe5][0xe0]![0x0][0x0][0x0]"
14:58:23.580 [main] DEBUG org.apache.http.wire -  << "[\r][\n]"
14:58:23.584 [main] DEBUG org.apache.http.wire -  << "0[\r][\n]"
14:58:23.584 [main] DEBUG org.apache.http.wire -  << "[\r][\n]"
14:58:23.585 [main] DEBUG io.restassured.internal.RestAssuredHttpBuilder - Parsed data to instance of: class org.apache.http.conn.EofSensorInputStream
14:58:23.591 [main] DEBUG org.apache.http.impl.conn.BasicClientConnectionManager - Releasing connection org.apache.http.impl.conn.ManagedClientConnectionImpl@1f293cb7
14:58:23.592 [main] DEBUG org.apache.http.impl.conn.BasicClientConnectionManager - Connection can be kept alive indefinitely
14:58:23.606 [main] DEBUG net.thucydides.core.steps.StepInterceptor - STEP DONE: I send POST HTTP request register4
  &amp#27;[32mWhen &amp#27;[0m&amp#27;[32mI send POST HTTP request register4&amp#27;[0m              &amp#27;[90m# starter.stepdefinitions.RegisterSteps.sendPostHttpRequest4()&amp#27;[0m
14:58:23.670 [main] DEBUG net.thucydides.core.steps.StepInterceptor - STARTING STEP: RegisterSteps.receiveValidHttp400Register - I receive valid HTTP response code 400 register
14:58:23.681 [main] DEBUG net.thucydides.core.steps.StepInterceptor - STEP DONE: I receive valid HTTP response code 400 register
  &amp#27;[32mThen &amp#27;[0m&amp#27;[32mI receive valid HTTP response code 400 register&amp#27;[0m &amp#27;[90m# starter.stepdefinitions.RegisterSteps.receiveValidHttp400Register()&amp#27;[0m
14:58:23.721 [main] INFO  - 
  _____   ___   ___   _____     ___     _     ___   ___   ___   ___  
 |_   _| | __| / __| |_   _|   | _ \   /_\   / __| / __| | __| |   \ 
   | |   | _|  \__ \   | |     |  _/  / _ \  \__ \ \__ \ | _|  | |) |
   |_|   |___| |___/   |_|     |_|   /_/ \_\ |___/ |___/ |___| |___/ 

POST - Register without password
----------------------------------------------------------------------
]]></system-out>
  </testcase>
  <testcase name="POST - Register with existed account" classname="Register" time="2.434">
    <failure type="java.lang.AssertionError"><![CDATA[java.lang.AssertionError: 
1 expectation failed.
Expected status code <400> but was <200>.

]]></failure>
    <system-out><![CDATA[
Scenario: POST - Register with existed account         &amp#27;[90m# src/test/resources/features/1. Register.feature:27&amp#27;[0m
14:58:23.880 [main] DEBUG io.cucumber.core.plugin.SerenityReporter - Running feature from file:///C:/Users/user/Documents/GitHub/QE_Loyalty-Point/API_CICD_Minpro/src/test/resources/features/1.%20Register.feature
14:58:23.890 [main] INFO  - 
  _____   ___   ___   _____     ___   _____     _     ___   _____   ___   ___  
 |_   _| | __| / __| |_   _|   / __| |_   _|   /_\   | _ \ |_   _| | __| |   \ 
   | |   | _|  \__ \   | |     \__ \   | |    / _ \  |   /   | |   | _|  | |) |
   |_|   |___| |___/   |_|     |___/   |_|   /_/ \_\ |_|_\   |_|   |___| |___/ 

POST - Register with existed account(register;post---register-with-existed-account)
--------------------------------------------------------------------------------
14:58:23.968 [main] DEBUG net.thucydides.core.steps.StepInterceptor - STARTING STEP: RegisterSteps.setPostApiEndpointsRegister - I set POST api endpoints register
14:58:23.969 [main] DEBUG net.thucydides.core.steps.StepInterceptor - STEP DONE: I set POST api endpoints register
  &amp#27;[32mGiven &amp#27;[0m&amp#27;[32mI set POST api endpoints register&amp#27;[0m              &amp#27;[90m# starter.stepdefinitions.RegisterSteps.setPostApiEndpointsRegister()&amp#27;[0m
14:58:24.012 [main] DEBUG net.thucydides.core.steps.StepInterceptor - STARTING STEP: RegisterSteps.sendPostHttpRequest5 - I send POST HTTP request register5
14:58:24.023 [main] DEBUG net.thucydides.core.steps.StepInterceptor - STARTING STEP: Register.sendPostHttpRequestRegister5 - I set POST api endpoints register
14:58:24.036 [main] DEBUG net.thucydides.core.steps.StepInterceptor - STEP DONE: I set POST api endpoints register
14:58:24.275 [main] DEBUG org.apache.http.impl.conn.BasicClientConnectionManager - Get connection for route {s}->https://altashop-api.fly.dev:443
14:58:24.283 [main] DEBUG org.apache.http.impl.conn.DefaultClientConnectionOperator - Connecting to altashop-api.fly.dev:443
14:58:24.460 [main] DEBUG org.apache.http.client.protocol.RequestAddCookies - CookieSpec selected: ignoreCookies
14:58:24.460 [main] DEBUG org.apache.http.client.protocol.RequestAuthCache - Auth cache not set in the context
14:58:24.461 [main] DEBUG org.apache.http.client.protocol.RequestTargetAuthentication - Target auth state: UNCHALLENGED
14:58:24.461 [main] DEBUG org.apache.http.client.protocol.RequestProxyAuthentication - Proxy auth state: UNCHALLENGED
14:58:24.461 [main] DEBUG org.apache.http.impl.client.DefaultHttpClient - Attempt 1 to execute request
14:58:24.461 [main] DEBUG org.apache.http.impl.conn.DefaultClientConnection - Sending request: POST /api/auth/register HTTP/1.1
14:58:24.461 [main] DEBUG org.apache.http.wire -  >> "POST /api/auth/register HTTP/1.1[\r][\n]"
14:58:24.463 [main] DEBUG org.apache.http.wire -  >> "Accept: */*[\r][\n]"
14:58:24.497 [main] DEBUG org.apache.http.wire -  >> "Content-Type: application/json[\r][\n]"
14:58:24.499 [main] DEBUG org.apache.http.wire -  >> "Content-Length: 75[\r][\n]"
14:58:24.501 [main] DEBUG org.apache.http.wire -  >> "Host: altashop-api.fly.dev[\r][\n]"
14:58:24.501 [main] DEBUG org.apache.http.wire -  >> "Connection: Keep-Alive[\r][\n]"
14:58:24.502 [main] DEBUG org.apache.http.wire -  >> "User-Agent: Apache-HttpClient/4.5.13 (Java/17.0.6)[\r][\n]"
14:58:24.502 [main] DEBUG org.apache.http.wire -  >> "Accept-Encoding: gzip,deflate[\r][\n]"
14:58:24.502 [main] DEBUG org.apache.http.wire -  >> "[\r][\n]"
14:58:24.502 [main] DEBUG org.apache.http.headers - >> POST /api/auth/register HTTP/1.1
14:58:24.502 [main] DEBUG org.apache.http.headers - >> Accept: */*
14:58:24.503 [main] DEBUG org.apache.http.headers - >> Content-Type: application/json
14:58:24.506 [main] DEBUG org.apache.http.headers - >> Content-Length: 75
14:58:24.506 [main] DEBUG org.apache.http.headers - >> Host: altashop-api.fly.dev
14:58:24.507 [main] DEBUG org.apache.http.headers - >> Connection: Keep-Alive
14:58:24.507 [main] DEBUG org.apache.http.headers - >> User-Agent: Apache-HttpClient/4.5.13 (Java/17.0.6)
14:58:24.507 [main] DEBUG org.apache.http.headers - >> Accept-Encoding: gzip,deflate
14:58:24.507 [main] DEBUG org.apache.http.wire -  >> "{"password":"steven123","fullname":"steven","email":"stevenmiko@gmail.com"}"
14:58:24.542 [main] DEBUG org.apache.http.wire -  << "HTTP/1.1 200 OK[\r][\n]"
14:58:24.543 [main] DEBUG org.apache.http.wire -  << "content-type: application/json[\r][\n]"
14:58:24.544 [main] DEBUG org.apache.http.wire -  << "date: Mon, 29 May 2023 07:58:13 GMT[\r][\n]"
14:58:24.544 [main] DEBUG org.apache.http.wire -  << "content-encoding: gzip[\r][\n]"
14:58:24.544 [main] DEBUG org.apache.http.wire -  << "transfer-encoding: chunked[\r][\n]"
14:58:24.544 [main] DEBUG org.apache.http.wire -  << "server: Fly/fe06e9419 (2023-05-24)[\r][\n]"
14:58:24.544 [main] DEBUG org.apache.http.wire -  << "via: 1.1 fly.io[\r][\n]"
14:58:24.544 [main] DEBUG org.apache.http.wire -  << "fly-request-id: 01H1K87K3WHH7S3NVHYXK6PX8X-sin[\r][\n]"
14:58:24.544 [main] DEBUG org.apache.http.wire -  << "[\r][\n]"
14:58:24.544 [main] DEBUG org.apache.http.impl.conn.DefaultClientConnection - Receiving response: HTTP/1.1 200 OK
14:58:24.544 [main] DEBUG org.apache.http.headers - << HTTP/1.1 200 OK
14:58:24.544 [main] DEBUG org.apache.http.headers - << content-type: application/json
14:58:24.544 [main] DEBUG org.apache.http.headers - << date: Mon, 29 May 2023 07:58:13 GMT
14:58:24.544 [main] DEBUG org.apache.http.headers - << content-encoding: gzip
14:58:24.544 [main] DEBUG org.apache.http.headers - << transfer-encoding: chunked
14:58:24.544 [main] DEBUG org.apache.http.headers - << server: Fly/fe06e9419 (2023-05-24)
14:58:24.545 [main] DEBUG org.apache.http.headers - << via: 1.1 fly.io
14:58:24.545 [main] DEBUG org.apache.http.headers - << fly-request-id: 01H1K87K3WHH7S3NVHYXK6PX8X-sin
14:58:24.545 [main] DEBUG org.apache.http.impl.client.DefaultHttpClient - Connection can be kept alive indefinitely
14:58:24.547 [main] DEBUG io.restassured.internal.RestAssuredHttpBuilder - Parsing response as: application/json
14:58:24.547 [main] DEBUG org.apache.http.wire -  << "63[\r][\n]"
14:58:24.547 [main] DEBUG org.apache.http.wire -  << "[0x1f][0x8b][0x8][0x0][0x0][0x0][0x0][0x0][0x4][0xff][0xab]VJI,IT[0xb2][0xaa]V[0xf2]tQ[0xb2]2213[0xb2][0xd4]Qr+[0xcd][0xc9][0xc9]K[0xcc]MU[0xb2]R*.I-K[0xcd]S[0xd2]Qr[0xcd]M[0xcc][0xcc][0x81][0xb][0xe4]ff[0xe7];[0xa4][0x83][0x84][0xf4][0x92][0xf3]s[0x95]t[0x94][0x2][0x12][0x8b][0x8b][0xcb][0xf3][0x8b]R[0xe0]*[0xc][0x8d][0x8c][0x95]jk[0xb9][0x0][0x89][0x2]~[0xbe]`[0x0][0x0][0x0]"
14:58:24.547 [main] DEBUG org.apache.http.wire -  << "[\r][\n]"
14:58:24.548 [main] DEBUG org.apache.http.wire -  << "0[\r][\n]"
14:58:24.549 [main] DEBUG org.apache.http.wire -  << "[\r][\n]"
14:58:24.549 [main] DEBUG io.restassured.internal.RestAssuredHttpBuilder - Parsed data to instance of: class org.apache.http.conn.EofSensorInputStream
14:58:24.553 [main] DEBUG org.apache.http.impl.conn.BasicClientConnectionManager - Releasing connection org.apache.http.impl.conn.ManagedClientConnectionImpl@7b2dd35d
14:58:24.553 [main] DEBUG org.apache.http.impl.conn.BasicClientConnectionManager - Connection can be kept alive indefinitely
14:58:24.560 [main] DEBUG net.thucydides.core.steps.StepInterceptor - STEP DONE: I send POST HTTP request register5
  &amp#27;[32mWhen &amp#27;[0m&amp#27;[32mI send POST HTTP request register5&amp#27;[0m              &amp#27;[90m# starter.stepdefinitions.RegisterSteps.sendPostHttpRequest5()&amp#27;[0m
14:58:24.576 [main] DEBUG net.thucydides.core.steps.StepInterceptor - STARTING STEP: RegisterSteps.receiveValidHttp400Register - I receive valid HTTP response code 400 register
14:58:24.816 [Finalizer] DEBUG org.apache.http.impl.conn.DefaultClientConnection - Connection 0.0.0.0:55441<->149.248.193.56:443 closed
14:58:24.818 [Finalizer] DEBUG org.apache.http.impl.conn.DefaultClientConnection - Connection 0.0.0.0:55442<->149.248.193.56:443 closed
14:58:25.017 [Finalizer] DEBUG org.apache.http.impl.conn.DefaultClientConnection - Connection 0.0.0.0:55438<->149.248.193.56:443 closed
14:58:25.022 [Finalizer] DEBUG org.apache.http.impl.conn.DefaultClientConnection - Connection 0.0.0.0:55440<->149.248.193.56:443 closed
  &amp#27;[31mThen &amp#27;[0m&amp#27;[31mI receive valid HTTP response code 400 register&amp#27;[0m &amp#27;[90m# starter.stepdefinitions.RegisterSteps.receiveValidHttp400Register()&amp#27;[0m
      &amp#27;[31mjava.lang.AssertionError: 1 expectation failed.
Expected status code <400> but was <200>.

	at java.base/jdk.internal.reflect.NativeConstructorAccessorImpl.newInstance0(Native Method)
	at java.base/jdk.internal.reflect.NativeConstructorAccessorImpl.newInstance(NativeConstructorAccessorImpl.java:77)
	at java.base/jdk.internal.reflect.DelegatingConstructorAccessorImpl.newInstance(DelegatingConstructorAccessorImpl.java:45)
	at java.base/java.lang.reflect.Constructor.newInstanceWithCaller(Constructor.java:499)
	at java.base/java.lang.reflect.Constructor.newInstance(Constructor.java:480)
	at org.codehaus.groovy.reflection.CachedConstructor.invoke(CachedConstructor.java:73)
	at org.codehaus.groovy.runtime.callsite.ConstructorSite$ConstructorSiteNoUnwrapNoCoerce.callConstructor(ConstructorSite.java:108)
	at org.codehaus.groovy.runtime.callsite.CallSiteArray.defaultCallConstructor(CallSiteArray.java:57)
	at org.codehaus.groovy.runtime.callsite.AbstractCallSite.callConstructor(AbstractCallSite.java:263)
	at org.codehaus.groovy.runtime.callsite.AbstractCallSite.callConstructor(AbstractCallSite.java:277)
	at io.restassured.internal.ResponseSpecificationImpl$HamcrestAssertionClosure.validate(ResponseSpecificationImpl.groovy:512)
	at io.restassured.internal.ResponseSpecificationImpl$HamcrestAssertionClosure$validate$1.call(Unknown Source)
	at io.restassured.internal.ResponseSpecificationImpl.validateResponseIfRequired(ResponseSpecificationImpl.groovy:696)
	at io.restassured.internal.ResponseSpecificationImpl.this$2$validateResponseIfRequired(ResponseSpecificationImpl.groovy)
	at java.base/jdk.internal.reflect.NativeMethodAccessorImpl.invoke0(Native Method)
	at java.base/jdk.internal.reflect.NativeMethodAccessorImpl.invoke(NativeMethodAccessorImpl.java:77)
	at java.base/jdk.internal.reflect.DelegatingMethodAccessorImpl.invoke(DelegatingMethodAccessorImpl.java:43)
	at java.base/java.lang.reflect.Method.invoke(Method.java:568)
	at org.codehaus.groovy.runtime.callsite.PlainObjectMetaMethodSite.doInvoke(PlainObjectMetaMethodSite.java:43)
	at org.codehaus.groovy.runtime.callsite.PogoMetaMethodSite$PogoCachedMethodSiteNoUnwrapNoCoerce.invoke(PogoMetaMethodSite.java:198)
	at org.codehaus.groovy.runtime.callsite.PogoMetaMethodSite.callCurrent(PogoMetaMethodSite.java:62)
	at org.codehaus.groovy.runtime.callsite.AbstractCallSite.callCurrent(AbstractCallSite.java:185)
	at io.restassured.internal.ResponseSpecificationImpl.statusCode(ResponseSpecificationImpl.groovy:135)
	at io.restassured.specification.ResponseSpecification$statusCode$0.callCurrent(Unknown Source)
	at io.restassured.internal.ResponseSpecificationImpl.statusCode(ResponseSpecificationImpl.groovy:143)
	at io.restassured.internal.ValidatableResponseOptionsImpl.statusCode(ValidatableResponseOptionsImpl.java:89)
	at minpro@1.0-SNAPSHOT/starter.java.Register.lambda$receiveValidHttp400Register$1(Register.java:118)
	at net.serenitybdd.rest.SerenityRest.restAssuredThat(SerenityRest.java:626)
	at minpro@1.0-SNAPSHOT/starter.java.Register.receiveValidHttp400Register(Register.java:118)
	at minpro@1.0-SNAPSHOT/starter.java.Register$ByteBuddy$J0Sf0T7y.receiveValidHttp400Register$accessor$uQ37Fom7(Unknown Source)
	at java.base/jdk.internal.reflect.NativeMethodAccessorImpl.invoke0(Native Method)
	at java.base/jdk.internal.reflect.NativeMethodAccessorImpl.invoke(NativeMethodAccessorImpl.java:77)
	at java.base/jdk.internal.reflect.DelegatingMethodAccessorImpl.invoke(DelegatingMethodAccessorImpl.java:43)
	at java.base/java.lang.reflect.Method.invoke(Method.java:568)
	at net.thucydides.core.steps.StepInterceptor.invokeMethod(StepInterceptor.java:518)
	at net.thucydides.core.steps.StepInterceptor.executeTestStepMethod(StepInterceptor.java:498)
	at net.thucydides.core.steps.StepInterceptor.runTestStep(StepInterceptor.java:472)
	at net.thucydides.core.steps.StepInterceptor.runOrSkipMethod(StepInterceptor.java:211)
	at net.thucydides.core.steps.StepInterceptor.testStepResult(StepInterceptor.java:198)
	at net.thucydides.core.steps.StepInterceptor.intercept(StepInterceptor.java:86)
	at net.thucydides.core.steps.ProxyConfiguration$InterceptorDispatcher.intercept(ProxyConfiguration.java:51)
	at minpro@1.0-SNAPSHOT/starter.java.Register$ByteBuddy$J0Sf0T7y.receiveValidHttp400Register(Unknown Source)
	at minpro@1.0-SNAPSHOT/starter.stepdefinitions.RegisterSteps.receiveValidHttp400Register(RegisterSteps.java:67)
	at âœ½.I receive valid HTTP response code 400 register(file:///C:/Users/user/Documents/GitHub/QE_Loyalty-Point/API_CICD_Minpro/src/test/resources/features/1.%20Register.feature:30)
&amp#27;[0m
14:58:25.280 [main] ERROR  - 
  _____   ___   ___   _____     ___     _     ___   _      ___   ___  
 |_   _| | __| / __| |_   _|   | __|   /_\   |_ _| | |    | __| |   \ 
   | |   | _|  \__ \   | |     | _|   / _ \   | |  | |__  | _|  | |) |
   |_|   |___| |___/   |_|     |_|   /_/ \_\ |___| |____| |___| |___/ 

POST - Register with existed account
-----------------------------------------------------------------------
14:58:25.333 [main] DEBUG  - RELATED ISSUES: 
14:58:26.186 [main] ERROR  -     Test failed at step: I receive valid HTTP response code 400 register
14:58:26.186 [main] ERROR  -     1 expectation failed.Expected status code <400> but was <200>.
]]></system-out>
  </testcase>
  <testcase name="POST - Login with valid credential" classname="Login" time="1.29">
    <failure type="java.lang.AssertionError"><![CDATA[java.lang.AssertionError: 
1 expectation failed.
Expected status code <200> but was <400>.

]]></failure>
    <system-out><![CDATA[14:58:26.242 [main] DEBUG io.cucumber.core.plugin.SerenityReporter - Running feature from file:///C:/Users/user/Documents/GitHub/QE_Loyalty-Point/API_CICD_Minpro/src/test/resources/features/2.%20Login.feature
14:58:26.340 [main] DEBUG net.thucydides.core.steps.StepEventBus - Test suite started for story net.thucydides.core.model.Story@86b1dd01
14:58:26.386 [main] INFO  - Test Suite Started: Login

Scenario: POST - Login with valid credential        &amp#27;[90m# src/test/resources/features/2. Login.feature:7&amp#27;[0m
14:58:26.524 [main] DEBUG io.cucumber.core.plugin.SerenityReporter - Running feature from file:///C:/Users/user/Documents/GitHub/QE_Loyalty-Point/API_CICD_Minpro/src/test/resources/features/2.%20Login.feature
14:58:26.566 [main] INFO  - 
  _____   ___   ___   _____     ___   _____     _     ___   _____   ___   ___  
 |_   _| | __| / __| |_   _|   / __| |_   _|   /_\   | _ \ |_   _| | __| |   \ 
   | |   | _|  \__ \   | |     \__ \   | |    / _ \  |   /   | |   | _|  | |) |
   |_|   |___| |___/   |_|     |___/   |_|   /_/ \_\ |_|_\   |_|   |___| |___/ 

POST - Login with valid credential(login;post---login-with-valid-credential)
--------------------------------------------------------------------------------
14:58:26.820 [main] DEBUG net.thucydides.core.steps.StepInterceptor - STARTING STEP: LoginSteps.setPostApiEndpointsLogin - I set POST api endpoints login
14:58:26.821 [main] DEBUG net.thucydides.core.steps.StepInterceptor - STEP DONE: I set POST api endpoints login
  &amp#27;[32mGiven &amp#27;[0m&amp#27;[32mI set POST api endpoints login&amp#27;[0m              &amp#27;[90m# starter.stepdefinitions.LoginSteps.setPostApiEndpointsLogin()&amp#27;[0m
14:58:26.983 [main] DEBUG net.thucydides.core.steps.StepInterceptor - STARTING STEP: LoginSteps.sendPostHttpRequestLogin - I send POST HTTP request login
14:58:26.998 [main] DEBUG net.thucydides.core.steps.StepInterceptor - STARTING STEP: Login.sendPostHttpRequestLogin - I set POST api endpoints login
14:58:27.001 [main] DEBUG net.thucydides.core.steps.StepInterceptor - STEP DONE: I set POST api endpoints login
14:58:27.220 [main] DEBUG org.apache.http.impl.conn.BasicClientConnectionManager - Get connection for route {s}->https://altashop-api.fly.dev:443
14:58:27.221 [main] DEBUG org.apache.http.impl.conn.DefaultClientConnectionOperator - Connecting to altashop-api.fly.dev:443
14:58:27.365 [main] DEBUG org.apache.http.client.protocol.RequestAddCookies - CookieSpec selected: ignoreCookies
14:58:27.365 [main] DEBUG org.apache.http.client.protocol.RequestAuthCache - Auth cache not set in the context
14:58:27.367 [main] DEBUG org.apache.http.client.protocol.RequestTargetAuthentication - Target auth state: UNCHALLENGED
14:58:27.367 [main] DEBUG org.apache.http.client.protocol.RequestProxyAuthentication - Proxy auth state: UNCHALLENGED
14:58:27.367 [main] DEBUG org.apache.http.impl.client.DefaultHttpClient - Attempt 1 to execute request
14:58:27.368 [main] DEBUG org.apache.http.impl.conn.DefaultClientConnection - Sending request: POST /api/auth/login HTTP/1.1
14:58:27.372 [main] DEBUG org.apache.http.wire -  >> "POST /api/auth/login HTTP/1.1[\r][\n]"
14:58:27.372 [main] DEBUG org.apache.http.wire -  >> "Accept: */*[\r][\n]"
14:58:27.372 [main] DEBUG org.apache.http.wire -  >> "Content-Type: application/json[\r][\n]"
14:58:27.372 [main] DEBUG org.apache.http.wire -  >> "Content-Length: 53[\r][\n]"
14:58:27.372 [main] DEBUG org.apache.http.wire -  >> "Host: altashop-api.fly.dev[\r][\n]"
14:58:27.372 [main] DEBUG org.apache.http.wire -  >> "Connection: Keep-Alive[\r][\n]"
14:58:27.373 [main] DEBUG org.apache.http.wire -  >> "User-Agent: Apache-HttpClient/4.5.13 (Java/17.0.6)[\r][\n]"
14:58:27.373 [main] DEBUG org.apache.http.wire -  >> "Accept-Encoding: gzip,deflate[\r][\n]"
14:58:27.373 [main] DEBUG org.apache.http.wire -  >> "[\r][\n]"
14:58:27.373 [main] DEBUG org.apache.http.headers - >> POST /api/auth/login HTTP/1.1
14:58:27.373 [main] DEBUG org.apache.http.headers - >> Accept: */*
14:58:27.373 [main] DEBUG org.apache.http.headers - >> Content-Type: application/json
14:58:27.373 [main] DEBUG org.apache.http.headers - >> Content-Length: 53
14:58:27.373 [main] DEBUG org.apache.http.headers - >> Host: altashop-api.fly.dev
14:58:27.373 [main] DEBUG org.apache.http.headers - >> Connection: Keep-Alive
14:58:27.373 [main] DEBUG org.apache.http.headers - >> User-Agent: Apache-HttpClient/4.5.13 (Java/17.0.6)
14:58:27.373 [main] DEBUG org.apache.http.headers - >> Accept-Encoding: gzip,deflate
14:58:27.407 [main] DEBUG org.apache.http.wire -  >> "{"password":"steven123","email":"stevennn@gmail.com"}"
14:58:27.451 [main] DEBUG org.apache.http.wire -  << "HTTP/1.1 400 Bad Request[\r][\n]"
14:58:27.455 [main] DEBUG org.apache.http.wire -  << "content-type: application/json[\r][\n]"
14:58:27.455 [main] DEBUG org.apache.http.wire -  << "date: Mon, 29 May 2023 07:58:16 GMT[\r][\n]"
14:58:27.455 [main] DEBUG org.apache.http.wire -  << "content-encoding: gzip[\r][\n]"
14:58:27.455 [main] DEBUG org.apache.http.wire -  << "transfer-encoding: chunked[\r][\n]"
14:58:27.455 [main] DEBUG org.apache.http.wire -  << "server: Fly/fe06e9419 (2023-05-24)[\r][\n]"
14:58:27.455 [main] DEBUG org.apache.http.wire -  << "via: 1.1 fly.io[\r][\n]"
14:58:27.455 [main] DEBUG org.apache.http.wire -  << "fly-request-id: 01H1K87NYSN0MVR75Y86C50E2S-sin[\r][\n]"
14:58:27.455 [main] DEBUG org.apache.http.wire -  << "[\r][\n]"
14:58:27.456 [main] DEBUG org.apache.http.impl.conn.DefaultClientConnection - Receiving response: HTTP/1.1 400 Bad Request
14:58:27.456 [main] DEBUG org.apache.http.headers - << HTTP/1.1 400 Bad Request
14:58:27.456 [main] DEBUG org.apache.http.headers - << content-type: application/json
14:58:27.456 [main] DEBUG org.apache.http.headers - << date: Mon, 29 May 2023 07:58:16 GMT
14:58:27.456 [main] DEBUG org.apache.http.headers - << content-encoding: gzip
14:58:27.456 [main] DEBUG org.apache.http.headers - << transfer-encoding: chunked
14:58:27.456 [main] DEBUG org.apache.http.headers - << server: Fly/fe06e9419 (2023-05-24)
14:58:27.456 [main] DEBUG org.apache.http.headers - << via: 1.1 fly.io
14:58:27.456 [main] DEBUG org.apache.http.headers - << fly-request-id: 01H1K87NYSN0MVR75Y86C50E2S-sin
14:58:27.456 [main] DEBUG org.apache.http.impl.client.DefaultHttpClient - Connection can be kept alive indefinitely
14:58:27.457 [main] DEBUG io.restassured.internal.RestAssuredHttpBuilder - Parsing response as: application/json
14:58:27.458 [main] DEBUG org.apache.http.wire -  << "31[\r][\n]"
14:58:27.459 [main] DEBUG org.apache.http.wire -  << "[0x1f][0x8b][0x8][0x0][0x0][0x0][0x0][0x0][0x4][0xff][0xab]VJ-*[0xca]/R[0xb2]R*JM[0xce]/JQ[0xc8][0xcb]/QH[0xcb]/[0xcd]KQ[0xaa][0xe5][0x2][0x0]6`[0x14][0x2][0x1d][0x0][0x0][0x0]"
14:58:27.460 [main] DEBUG org.apache.http.wire -  << "[\r][\n]"
14:58:27.461 [main] DEBUG org.apache.http.wire -  << "0[\r][\n]"
14:58:27.463 [main] DEBUG org.apache.http.wire -  << "[\r][\n]"
14:58:27.464 [main] DEBUG io.restassured.internal.RestAssuredHttpBuilder - Parsed data to instance of: class org.apache.http.conn.EofSensorInputStream
14:58:27.470 [main] DEBUG org.apache.http.impl.conn.BasicClientConnectionManager - Releasing connection org.apache.http.impl.conn.ManagedClientConnectionImpl@77db231c
14:58:27.470 [main] DEBUG org.apache.http.impl.conn.BasicClientConnectionManager - Connection can be kept alive indefinitely
14:58:27.472 [main] DEBUG net.thucydides.core.steps.StepInterceptor - STEP DONE: I send POST HTTP request login
  &amp#27;[32mWhen &amp#27;[0m&amp#27;[32mI send POST HTTP request login&amp#27;[0m               &amp#27;[90m# starter.stepdefinitions.LoginSteps.sendPostHttpRequestLogin()&amp#27;[0m
14:58:27.506 [main] DEBUG net.thucydides.core.steps.StepInterceptor - STARTING STEP: LoginSteps.receiveValidHttp200Login - I receive valid HTTP response code 200 login
  &amp#27;[31mThen &amp#27;[0m&amp#27;[31mI receive valid HTTP response code 200 login&amp#27;[0m &amp#27;[90m# starter.stepdefinitions.LoginSteps.receiveValidHttp200Login()&amp#27;[0m
      &amp#27;[31mjava.lang.AssertionError: 1 expectation failed.
Expected status code <200> but was <400>.

	at java.base/jdk.internal.reflect.NativeConstructorAccessorImpl.newInstance0(Native Method)
	at java.base/jdk.internal.reflect.NativeConstructorAccessorImpl.newInstance(NativeConstructorAccessorImpl.java:77)
	at java.base/jdk.internal.reflect.DelegatingConstructorAccessorImpl.newInstance(DelegatingConstructorAccessorImpl.java:45)
	at java.base/java.lang.reflect.Constructor.newInstanceWithCaller(Constructor.java:499)
	at java.base/java.lang.reflect.Constructor.newInstance(Constructor.java:480)
	at org.codehaus.groovy.reflection.CachedConstructor.invoke(CachedConstructor.java:73)
	at org.codehaus.groovy.runtime.callsite.ConstructorSite$ConstructorSiteNoUnwrapNoCoerce.callConstructor(ConstructorSite.java:108)
	at org.codehaus.groovy.runtime.callsite.AbstractCallSite.callConstructor(AbstractCallSite.java:277)
	at io.restassured.internal.ResponseSpecificationImpl$HamcrestAssertionClosure.validate(ResponseSpecificationImpl.groovy:512)
	at io.restassured.internal.ResponseSpecificationImpl$HamcrestAssertionClosure$validate$1.call(Unknown Source)
	at io.restassured.internal.ResponseSpecificationImpl.validateResponseIfRequired(ResponseSpecificationImpl.groovy:696)
	at io.restassured.internal.ResponseSpecificationImpl.this$2$validateResponseIfRequired(ResponseSpecificationImpl.groovy)
	at java.base/jdk.internal.reflect.NativeMethodAccessorImpl.invoke0(Native Method)
	at java.base/jdk.internal.reflect.NativeMethodAccessorImpl.invoke(NativeMethodAccessorImpl.java:77)
	at java.base/jdk.internal.reflect.DelegatingMethodAccessorImpl.invoke(DelegatingMethodAccessorImpl.java:43)
	at java.base/java.lang.reflect.Method.invoke(Method.java:568)
	at org.codehaus.groovy.runtime.callsite.PlainObjectMetaMethodSite.doInvoke(PlainObjectMetaMethodSite.java:43)
	at org.codehaus.groovy.runtime.callsite.PogoMetaMethodSite$PogoCachedMethodSiteNoUnwrapNoCoerce.invoke(PogoMetaMethodSite.java:198)
	at org.codehaus.groovy.runtime.callsite.PogoMetaMethodSite.callCurrent(PogoMetaMethodSite.java:62)
	at org.codehaus.groovy.runtime.callsite.AbstractCallSite.callCurrent(AbstractCallSite.java:185)
	at io.restassured.internal.ResponseSpecificationImpl.statusCode(ResponseSpecificationImpl.groovy:135)
	at io.restassured.specification.ResponseSpecification$statusCode$0.callCurrent(Unknown Source)
	at io.restassured.internal.ResponseSpecificationImpl.statusCode(ResponseSpecificationImpl.groovy:143)
	at io.restassured.internal.ValidatableResponseOptionsImpl.statusCode(ValidatableResponseOptionsImpl.java:89)
	at minpro@1.0-SNAPSHOT/starter.java.Login.lambda$receiveValidHttp200Login$0(Login.java:77)
	at net.serenitybdd.rest.SerenityRest.restAssuredThat(SerenityRest.java:626)
	at minpro@1.0-SNAPSHOT/starter.java.Login.receiveValidHttp200Login(Login.java:77)
	at minpro@1.0-SNAPSHOT/starter.java.Login$ByteBuddy$Qh2peOTT.receiveValidHttp200Login$accessor$uOuqRlev(Unknown Source)
	at java.base/jdk.internal.reflect.NativeMethodAccessorImpl.invoke0(Native Method)
	at java.base/jdk.internal.reflect.NativeMethodAccessorImpl.invoke(NativeMethodAccessorImpl.java:77)
	at java.base/jdk.internal.reflect.DelegatingMethodAccessorImpl.invoke(DelegatingMethodAccessorImpl.java:43)
	at java.base/java.lang.reflect.Method.invoke(Method.java:568)
	at net.thucydides.core.steps.StepInterceptor.invokeMethod(StepInterceptor.java:518)
	at net.thucydides.core.steps.StepInterceptor.executeTestStepMethod(StepInterceptor.java:498)
	at net.thucydides.core.steps.StepInterceptor.runTestStep(StepInterceptor.java:472)
	at net.thucydides.core.steps.StepInterceptor.runOrSkipMethod(StepInterceptor.java:211)
	at net.thucydides.core.steps.StepInterceptor.testStepResult(StepInterceptor.java:198)
	at net.thucydides.core.steps.StepInterceptor.intercept(StepInterceptor.java:86)
	at net.thucydides.core.steps.ProxyConfiguration$InterceptorDispatcher.intercept(ProxyConfiguration.java:51)
	at minpro@1.0-SNAPSHOT/starter.java.Login$ByteBuddy$Qh2peOTT.receiveValidHttp200Login(Unknown Source)
	at minpro@1.0-SNAPSHOT/starter.stepdefinitions.LoginSteps.receiveValidHttp200Login(LoginSteps.java:54)
	at âœ½.I receive valid HTTP response code 200 login(file:///C:/Users/user/Documents/GitHub/QE_Loyalty-Point/API_CICD_Minpro/src/test/resources/features/2.%20Login.feature:10)
&amp#27;[0m
14:58:27.599 [main] ERROR  - 
  _____   ___   ___   _____     ___     _     ___   _      ___   ___  
 |_   _| | __| / __| |_   _|   | __|   /_\   |_ _| | |    | __| |   \ 
   | |   | _|  \__ \   | |     | _|   / _ \   | |  | |__  | _|  | |) |
   |_|   |___| |___/   |_|     |_|   /_/ \_\ |___| |____| |___| |___/ 

POST - Login with valid credential
-----------------------------------------------------------------------
14:58:27.600 [main] DEBUG  - RELATED ISSUES: 
14:58:27.601 [main] ERROR  -     Test failed at step: I receive valid HTTP response code 200 login
14:58:27.602 [main] ERROR  -     1 expectation failed.Expected status code <200> but was <400>.
]]></system-out>
  </testcase>
  <testcase name="POST - Login wrong password" classname="Login" time="0.772">
    <system-out><![CDATA[
Scenario: POST - Login wrong password               &amp#27;[90m# src/test/resources/features/2. Login.feature:12&amp#27;[0m
14:58:27.747 [main] DEBUG io.cucumber.core.plugin.SerenityReporter - Running feature from file:///C:/Users/user/Documents/GitHub/QE_Loyalty-Point/API_CICD_Minpro/src/test/resources/features/2.%20Login.feature
14:58:27.765 [main] INFO  - 
  _____   ___   ___   _____     ___   _____     _     ___   _____   ___   ___  
 |_   _| | __| / __| |_   _|   / __| |_   _|   /_\   | _ \ |_   _| | __| |   \ 
   | |   | _|  \__ \   | |     \__ \   | |    / _ \  |   /   | |   | _|  | |) |
   |_|   |___| |___/   |_|     |___/   |_|   /_/ \_\ |_|_\   |_|   |___| |___/ 

POST - Login wrong password(login;post---login-wrong-password)
--------------------------------------------------------------------------------
14:58:27.812 [Finalizer] DEBUG org.apache.http.impl.conn.DefaultClientConnection - Connection 0.0.0.0:55443<->149.248.193.56:443 closed
14:58:27.860 [main] DEBUG net.thucydides.core.steps.StepInterceptor - STARTING STEP: LoginSteps.setPostApiEndpointsLogin - I set POST api endpoints login
14:58:27.861 [main] DEBUG net.thucydides.core.steps.StepInterceptor - STEP DONE: I set POST api endpoints login
  &amp#27;[32mGiven &amp#27;[0m&amp#27;[32mI set POST api endpoints login&amp#27;[0m              &amp#27;[90m# starter.stepdefinitions.LoginSteps.setPostApiEndpointsLogin()&amp#27;[0m
14:58:27.884 [main] DEBUG net.thucydides.core.steps.StepInterceptor - STARTING STEP: LoginSteps.sendPostHttpRequestLogin1 - I send POST HTTP request login1
14:58:27.914 [main] DEBUG net.thucydides.core.steps.StepInterceptor - STARTING STEP: Login.sendPostHttpRequestLogin1 - I set POST api endpoints login
14:58:27.915 [main] DEBUG net.thucydides.core.steps.StepInterceptor - STEP DONE: I set POST api endpoints login
14:58:28.165 [main] DEBUG org.apache.http.impl.conn.BasicClientConnectionManager - Get connection for route {s}->https://altashop-api.fly.dev:443
14:58:28.165 [main] DEBUG org.apache.http.impl.conn.DefaultClientConnectionOperator - Connecting to altashop-api.fly.dev:443
14:58:28.352 [main] DEBUG org.apache.http.client.protocol.RequestAddCookies - CookieSpec selected: ignoreCookies
14:58:28.352 [main] DEBUG org.apache.http.client.protocol.RequestAuthCache - Auth cache not set in the context
14:58:28.352 [main] DEBUG org.apache.http.client.protocol.RequestTargetAuthentication - Target auth state: UNCHALLENGED
14:58:28.352 [main] DEBUG org.apache.http.client.protocol.RequestProxyAuthentication - Proxy auth state: UNCHALLENGED
14:58:28.353 [main] DEBUG org.apache.http.impl.client.DefaultHttpClient - Attempt 1 to execute request
14:58:28.353 [main] DEBUG org.apache.http.impl.conn.DefaultClientConnection - Sending request: POST /api/auth/login HTTP/1.1
14:58:28.353 [main] DEBUG org.apache.http.wire -  >> "POST /api/auth/login HTTP/1.1[\r][\n]"
14:58:28.353 [main] DEBUG org.apache.http.wire -  >> "Accept: */*[\r][\n]"
14:58:28.353 [main] DEBUG org.apache.http.wire -  >> "Content-Type: application/json[\r][\n]"
14:58:28.353 [main] DEBUG org.apache.http.wire -  >> "Content-Length: 49[\r][\n]"
14:58:28.353 [main] DEBUG org.apache.http.wire -  >> "Host: altashop-api.fly.dev[\r][\n]"
14:58:28.353 [main] DEBUG org.apache.http.wire -  >> "Connection: Keep-Alive[\r][\n]"
14:58:28.353 [main] DEBUG org.apache.http.wire -  >> "User-Agent: Apache-HttpClient/4.5.13 (Java/17.0.6)[\r][\n]"
14:58:28.353 [main] DEBUG org.apache.http.wire -  >> "Accept-Encoding: gzip,deflate[\r][\n]"
14:58:28.354 [main] DEBUG org.apache.http.wire -  >> "[\r][\n]"
14:58:28.354 [main] DEBUG org.apache.http.headers - >> POST /api/auth/login HTTP/1.1
14:58:28.354 [main] DEBUG org.apache.http.headers - >> Accept: */*
14:58:28.354 [main] DEBUG org.apache.http.headers - >> Content-Type: application/json
14:58:28.354 [main] DEBUG org.apache.http.headers - >> Content-Length: 49
14:58:28.354 [main] DEBUG org.apache.http.headers - >> Host: altashop-api.fly.dev
14:58:28.354 [main] DEBUG org.apache.http.headers - >> Connection: Keep-Alive
14:58:28.357 [main] DEBUG org.apache.http.headers - >> User-Agent: Apache-HttpClient/4.5.13 (Java/17.0.6)
14:58:28.359 [main] DEBUG org.apache.http.headers - >> Accept-Encoding: gzip,deflate
14:58:28.359 [main] DEBUG org.apache.http.wire -  >> "{"password":"steven1","email":"steven@gmail.com"}"
14:58:28.394 [main] DEBUG org.apache.http.wire -  << "HTTP/1.1 400 Bad Request[\r][\n]"
14:58:28.395 [main] DEBUG org.apache.http.wire -  << "content-type: application/json[\r][\n]"
14:58:28.395 [main] DEBUG org.apache.http.wire -  << "date: Mon, 29 May 2023 07:58:17 GMT[\r][\n]"
14:58:28.395 [main] DEBUG org.apache.http.wire -  << "content-encoding: gzip[\r][\n]"
14:58:28.396 [main] DEBUG org.apache.http.wire -  << "transfer-encoding: chunked[\r][\n]"
14:58:28.396 [main] DEBUG org.apache.http.wire -  << "server: Fly/fe06e9419 (2023-05-24)[\r][\n]"
14:58:28.396 [main] DEBUG org.apache.http.wire -  << "via: 1.1 fly.io[\r][\n]"
14:58:28.396 [main] DEBUG org.apache.http.wire -  << "fly-request-id: 01H1K87PW87NM547PWG0M9SCNG-sin[\r][\n]"
14:58:28.396 [main] DEBUG org.apache.http.wire -  << "[\r][\n]"
14:58:28.396 [main] DEBUG org.apache.http.impl.conn.DefaultClientConnection - Receiving response: HTTP/1.1 400 Bad Request
14:58:28.396 [main] DEBUG org.apache.http.headers - << HTTP/1.1 400 Bad Request
14:58:28.396 [main] DEBUG org.apache.http.headers - << content-type: application/json
14:58:28.396 [main] DEBUG org.apache.http.headers - << date: Mon, 29 May 2023 07:58:17 GMT
14:58:28.396 [main] DEBUG org.apache.http.headers - << content-encoding: gzip
14:58:28.396 [main] DEBUG org.apache.http.headers - << transfer-encoding: chunked
14:58:28.396 [main] DEBUG org.apache.http.headers - << server: Fly/fe06e9419 (2023-05-24)
14:58:28.396 [main] DEBUG org.apache.http.headers - << via: 1.1 fly.io
14:58:28.396 [main] DEBUG org.apache.http.headers - << fly-request-id: 01H1K87PW87NM547PWG0M9SCNG-sin
14:58:28.397 [main] DEBUG org.apache.http.impl.client.DefaultHttpClient - Connection can be kept alive indefinitely
14:58:28.400 [main] DEBUG io.restassured.internal.RestAssuredHttpBuilder - Parsing response as: application/json
14:58:28.402 [main] DEBUG org.apache.http.wire -  << "31[\r][\n]"
14:58:28.402 [main] DEBUG org.apache.http.wire -  << "[0x1f][0x8b][0x8][0x0][0x0][0x0][0x0][0x0][0x4][0xff][0xab]VJ-*[0xca]/R[0xb2]R*JM[0xce]/JQ[0xc8][0xcb]/QH[0xcb]/[0xcd]KQ[0xaa][0xe5][0x2][0x0]6`[0x14][0x2][0x1d][0x0][0x0][0x0]"
14:58:28.403 [main] DEBUG org.apache.http.wire -  << "[\r][\n]"
14:58:28.405 [main] DEBUG org.apache.http.wire -  << "0[\r][\n]"
14:58:28.405 [main] DEBUG org.apache.http.wire -  << "[\r][\n]"
14:58:28.405 [main] DEBUG io.restassured.internal.RestAssuredHttpBuilder - Parsed data to instance of: class org.apache.http.conn.EofSensorInputStream
14:58:28.417 [main] DEBUG org.apache.http.impl.conn.BasicClientConnectionManager - Releasing connection org.apache.http.impl.conn.ManagedClientConnectionImpl@568c9ee1
14:58:28.418 [main] DEBUG org.apache.http.impl.conn.BasicClientConnectionManager - Connection can be kept alive indefinitely
14:58:28.419 [main] DEBUG net.thucydides.core.steps.StepInterceptor - STEP DONE: I send POST HTTP request login1
  &amp#27;[32mWhen &amp#27;[0m&amp#27;[32mI send POST HTTP request login1&amp#27;[0m              &amp#27;[90m# starter.stepdefinitions.LoginSteps.sendPostHttpRequestLogin1()&amp#27;[0m
14:58:28.449 [main] DEBUG net.thucydides.core.steps.StepInterceptor - STARTING STEP: LoginSteps.receiveValidHttp400Login - I receive valid HTTP response code 400 login
14:58:28.460 [main] DEBUG net.thucydides.core.steps.StepInterceptor - STEP DONE: I receive valid HTTP response code 400 login
  &amp#27;[32mThen &amp#27;[0m&amp#27;[32mI receive valid HTTP response code 400 login&amp#27;[0m &amp#27;[90m# starter.stepdefinitions.LoginSteps.receiveValidHttp400Login()&amp#27;[0m
14:58:28.471 [main] INFO  - 
  _____   ___   ___   _____     ___     _     ___   ___   ___   ___  
 |_   _| | __| / __| |_   _|   | _ \   /_\   / __| / __| | __| |   \ 
   | |   | _|  \__ \   | |     |  _/  / _ \  \__ \ \__ \ | _|  | |) |
   |_|   |___| |___/   |_|     |_|   /_/ \_\ |___/ |___/ |___| |___/ 

POST - Login wrong password
----------------------------------------------------------------------
]]></system-out>
  </testcase>
  <testcase name="POST - Login with empty email" classname="Login" time="0.743">
    <system-out><![CDATA[
Scenario: POST - Login with empty email             &amp#27;[90m# src/test/resources/features/2. Login.feature:17&amp#27;[0m
14:58:28.539 [main] DEBUG io.cucumber.core.plugin.SerenityReporter - Running feature from file:///C:/Users/user/Documents/GitHub/QE_Loyalty-Point/API_CICD_Minpro/src/test/resources/features/2.%20Login.feature
14:58:28.553 [main] INFO  - 
  _____   ___   ___   _____     ___   _____     _     ___   _____   ___   ___  
 |_   _| | __| / __| |_   _|   / __| |_   _|   /_\   | _ \ |_   _| | __| |   \ 
   | |   | _|  \__ \   | |     \__ \   | |    / _ \  |   /   | |   | _|  | |) |
   |_|   |___| |___/   |_|     |___/   |_|   /_/ \_\ |_|_\   |_|   |___| |___/ 

POST - Login with empty email(login;post---login-with-empty-email)
--------------------------------------------------------------------------------
14:58:28.663 [main] DEBUG net.thucydides.core.steps.StepInterceptor - STARTING STEP: LoginSteps.setPostApiEndpointsLogin - I set POST api endpoints login
14:58:28.673 [main] DEBUG net.thucydides.core.steps.StepInterceptor - STEP DONE: I set POST api endpoints login
  &amp#27;[32mGiven &amp#27;[0m&amp#27;[32mI set POST api endpoints login&amp#27;[0m              &amp#27;[90m# starter.stepdefinitions.LoginSteps.setPostApiEndpointsLogin()&amp#27;[0m
14:58:28.762 [main] DEBUG net.thucydides.core.steps.StepInterceptor - STARTING STEP: LoginSteps.sendPostHttpRequestLogin2 - I send POST HTTP request login2
14:58:28.773 [main] DEBUG net.thucydides.core.steps.StepInterceptor - STARTING STEP: Login.sendPostHttpRequestLogin2 - I set POST api endpoints login
14:58:28.775 [main] DEBUG net.thucydides.core.steps.StepInterceptor - STEP DONE: I set POST api endpoints login
14:58:28.953 [main] DEBUG org.apache.http.impl.conn.BasicClientConnectionManager - Get connection for route {s}->https://altashop-api.fly.dev:443
14:58:28.954 [main] DEBUG org.apache.http.impl.conn.DefaultClientConnectionOperator - Connecting to altashop-api.fly.dev:443
14:58:29.099 [main] DEBUG org.apache.http.client.protocol.RequestAddCookies - CookieSpec selected: ignoreCookies
14:58:29.100 [main] DEBUG org.apache.http.client.protocol.RequestAuthCache - Auth cache not set in the context
14:58:29.100 [main] DEBUG org.apache.http.client.protocol.RequestTargetAuthentication - Target auth state: UNCHALLENGED
14:58:29.100 [main] DEBUG org.apache.http.client.protocol.RequestProxyAuthentication - Proxy auth state: UNCHALLENGED
14:58:29.100 [main] DEBUG org.apache.http.impl.client.DefaultHttpClient - Attempt 1 to execute request
14:58:29.100 [main] DEBUG org.apache.http.impl.conn.DefaultClientConnection - Sending request: POST /api/auth/login HTTP/1.1
14:58:29.100 [main] DEBUG org.apache.http.wire -  >> "POST /api/auth/login HTTP/1.1[\r][\n]"
14:58:29.100 [main] DEBUG org.apache.http.wire -  >> "Accept: */*[\r][\n]"
14:58:29.100 [main] DEBUG org.apache.http.wire -  >> "Content-Type: application/json[\r][\n]"
14:58:29.101 [main] DEBUG org.apache.http.wire -  >> "Content-Length: 36[\r][\n]"
14:58:29.101 [main] DEBUG org.apache.http.wire -  >> "Host: altashop-api.fly.dev[\r][\n]"
14:58:29.101 [main] DEBUG org.apache.http.wire -  >> "Connection: Keep-Alive[\r][\n]"
14:58:29.101 [main] DEBUG org.apache.http.wire -  >> "User-Agent: Apache-HttpClient/4.5.13 (Java/17.0.6)[\r][\n]"
14:58:29.101 [main] DEBUG org.apache.http.wire -  >> "Accept-Encoding: gzip,deflate[\r][\n]"
14:58:29.101 [main] DEBUG org.apache.http.wire -  >> "[\r][\n]"
14:58:29.101 [main] DEBUG org.apache.http.headers - >> POST /api/auth/login HTTP/1.1
14:58:29.101 [main] DEBUG org.apache.http.headers - >> Accept: */*
14:58:29.101 [main] DEBUG org.apache.http.headers - >> Content-Type: application/json
14:58:29.101 [main] DEBUG org.apache.http.headers - >> Content-Length: 36
14:58:29.101 [main] DEBUG org.apache.http.headers - >> Host: altashop-api.fly.dev
14:58:29.101 [main] DEBUG org.apache.http.headers - >> Connection: Keep-Alive
14:58:29.101 [main] DEBUG org.apache.http.headers - >> User-Agent: Apache-HttpClient/4.5.13 (Java/17.0.6)
14:58:29.101 [main] DEBUG org.apache.http.headers - >> Accept-Encoding: gzip,deflate
14:58:29.101 [main] DEBUG org.apache.http.wire -  >> "{"password":"steven123","email":" "}"
14:58:29.150 [main] DEBUG org.apache.http.wire -  << "HTTP/1.1 400 Bad Request[\r][\n]"
14:58:29.151 [main] DEBUG org.apache.http.wire -  << "content-type: application/json[\r][\n]"
14:58:29.153 [main] DEBUG org.apache.http.wire -  << "date: Mon, 29 May 2023 07:58:18 GMT[\r][\n]"
14:58:29.153 [main] DEBUG org.apache.http.wire -  << "content-encoding: gzip[\r][\n]"
14:58:29.153 [main] DEBUG org.apache.http.wire -  << "transfer-encoding: chunked[\r][\n]"
14:58:29.153 [main] DEBUG org.apache.http.wire -  << "server: Fly/fe06e9419 (2023-05-24)[\r][\n]"
14:58:29.154 [main] DEBUG org.apache.http.wire -  << "via: 1.1 fly.io[\r][\n]"
14:58:29.156 [main] DEBUG org.apache.http.wire -  << "fly-request-id: 01H1K87QKK16CWYN47EGJCEYCQ-sin[\r][\n]"
14:58:29.156 [main] DEBUG org.apache.http.wire -  << "[\r][\n]"
14:58:29.156 [main] DEBUG org.apache.http.impl.conn.DefaultClientConnection - Receiving response: HTTP/1.1 400 Bad Request
14:58:29.156 [main] DEBUG org.apache.http.headers - << HTTP/1.1 400 Bad Request
14:58:29.156 [main] DEBUG org.apache.http.headers - << content-type: application/json
14:58:29.156 [main] DEBUG org.apache.http.headers - << date: Mon, 29 May 2023 07:58:18 GMT
14:58:29.156 [main] DEBUG org.apache.http.headers - << content-encoding: gzip
14:58:29.156 [main] DEBUG org.apache.http.headers - << transfer-encoding: chunked
14:58:29.157 [main] DEBUG org.apache.http.headers - << server: Fly/fe06e9419 (2023-05-24)
14:58:29.157 [main] DEBUG org.apache.http.headers - << via: 1.1 fly.io
14:58:29.157 [main] DEBUG org.apache.http.headers - << fly-request-id: 01H1K87QKK16CWYN47EGJCEYCQ-sin
14:58:29.159 [main] DEBUG org.apache.http.impl.client.DefaultHttpClient - Connection can be kept alive indefinitely
14:58:29.160 [main] DEBUG io.restassured.internal.RestAssuredHttpBuilder - Parsing response as: application/json
14:58:29.161 [main] DEBUG org.apache.http.wire -  << "3D[\r][\n]"
14:58:29.161 [main] DEBUG org.apache.http.wire -  << "[0x1f][0x8b][0x8][0x0][0x0][0x0][0x0][0x0][0x4][0xff][0xab]VJ-*[0xca]/R[0xb2]RJ[0xcd]M[0xcc][0xcc]Q[0xc8]/R(H,..[0xcf]/JQ[0xc8],V[0xc8][0xcc]+K[0xcc][0xc9]LQ[0xaa][0xe5][0x2][0x0][0xc0][0xad][0xff][0xb])[0x0][0x0][0x0]"
14:58:29.163 [main] DEBUG org.apache.http.wire -  << "[\r][\n]"
14:58:29.165 [main] DEBUG org.apache.http.wire -  << "0[\r][\n]"
14:58:29.165 [main] DEBUG org.apache.http.wire -  << "[\r][\n]"
14:58:29.166 [main] DEBUG io.restassured.internal.RestAssuredHttpBuilder - Parsed data to instance of: class org.apache.http.conn.EofSensorInputStream
14:58:29.174 [main] DEBUG org.apache.http.impl.conn.BasicClientConnectionManager - Releasing connection org.apache.http.impl.conn.ManagedClientConnectionImpl@22b3b5d0
14:58:29.174 [main] DEBUG org.apache.http.impl.conn.BasicClientConnectionManager - Connection can be kept alive indefinitely
14:58:29.181 [main] DEBUG net.thucydides.core.steps.StepInterceptor - STEP DONE: I send POST HTTP request login2
  &amp#27;[32mWhen &amp#27;[0m&amp#27;[32mI send POST HTTP request login2&amp#27;[0m              &amp#27;[90m# starter.stepdefinitions.LoginSteps.sendPostHttpRequestLogin2()&amp#27;[0m
14:58:29.202 [main] DEBUG net.thucydides.core.steps.StepInterceptor - STARTING STEP: LoginSteps.receiveValidHttp400Login - I receive valid HTTP response code 400 login
14:58:29.204 [main] DEBUG net.thucydides.core.steps.StepInterceptor - STEP DONE: I receive valid HTTP response code 400 login
  &amp#27;[32mThen &amp#27;[0m&amp#27;[32mI receive valid HTTP response code 400 login&amp#27;[0m &amp#27;[90m# starter.stepdefinitions.LoginSteps.receiveValidHttp400Login()&amp#27;[0m
14:58:29.220 [main] INFO  - 
  _____   ___   ___   _____     ___     _     ___   ___   ___   ___  
 |_   _| | __| / __| |_   _|   | _ \   /_\   / __| / __| | __| |   \ 
   | |   | _|  \__ \   | |     |  _/  / _ \  \__ \ \__ \ | _|  | |) |
   |_|   |___| |___/   |_|     |_|   /_/ \_\ |___/ |___/ |___| |___/ 

POST - Login with empty email
----------------------------------------------------------------------
]]></system-out>
  </testcase>
  <testcase name="POST - Login with empty password" classname="Login" time="0.486">
    <system-out><![CDATA[
Scenario: POST - Login with empty password          &amp#27;[90m# src/test/resources/features/2. Login.feature:22&amp#27;[0m
14:58:29.276 [main] DEBUG io.cucumber.core.plugin.SerenityReporter - Running feature from file:///C:/Users/user/Documents/GitHub/QE_Loyalty-Point/API_CICD_Minpro/src/test/resources/features/2.%20Login.feature
14:58:29.285 [main] INFO  - 
  _____   ___   ___   _____     ___   _____     _     ___   _____   ___   ___  
 |_   _| | __| / __| |_   _|   / __| |_   _|   /_\   | _ \ |_   _| | __| |   \ 
   | |   | _|  \__ \   | |     \__ \   | |    / _ \  |   /   | |   | _|  | |) |
   |_|   |___| |___/   |_|     |___/   |_|   /_/ \_\ |_|_\   |_|   |___| |___/ 

POST - Login with empty password(login;post---login-with-empty-password)
--------------------------------------------------------------------------------
14:58:29.335 [main] DEBUG net.thucydides.core.steps.StepInterceptor - STARTING STEP: LoginSteps.setPostApiEndpointsLogin - I set POST api endpoints login
14:58:29.335 [main] DEBUG net.thucydides.core.steps.StepInterceptor - STEP DONE: I set POST api endpoints login
  &amp#27;[32mGiven &amp#27;[0m&amp#27;[32mI set POST api endpoints login&amp#27;[0m              &amp#27;[90m# starter.stepdefinitions.LoginSteps.setPostApiEndpointsLogin()&amp#27;[0m
14:58:29.355 [main] DEBUG net.thucydides.core.steps.StepInterceptor - STARTING STEP: LoginSteps.sendPostHttpRequestLogin3 - I send POST HTTP request login3
14:58:29.367 [main] DEBUG net.thucydides.core.steps.StepInterceptor - STARTING STEP: Login.sendPostHttpRequestLogin3 - I set POST api endpoints login
14:58:29.371 [main] DEBUG net.thucydides.core.steps.StepInterceptor - STEP DONE: I set POST api endpoints login
14:58:29.527 [main] DEBUG org.apache.http.impl.conn.BasicClientConnectionManager - Get connection for route {s}->https://altashop-api.fly.dev:443
14:58:29.531 [main] DEBUG org.apache.http.impl.conn.DefaultClientConnectionOperator - Connecting to altashop-api.fly.dev:443
14:58:29.645 [main] DEBUG org.apache.http.client.protocol.RequestAddCookies - CookieSpec selected: ignoreCookies
14:58:29.645 [main] DEBUG org.apache.http.client.protocol.RequestAuthCache - Auth cache not set in the context
14:58:29.645 [main] DEBUG org.apache.http.client.protocol.RequestTargetAuthentication - Target auth state: UNCHALLENGED
14:58:29.645 [main] DEBUG org.apache.http.client.protocol.RequestProxyAuthentication - Proxy auth state: UNCHALLENGED
14:58:29.645 [main] DEBUG org.apache.http.impl.client.DefaultHttpClient - Attempt 1 to execute request
14:58:29.645 [main] DEBUG org.apache.http.impl.conn.DefaultClientConnection - Sending request: POST /api/auth/login HTTP/1.1
14:58:29.646 [main] DEBUG org.apache.http.wire -  >> "POST /api/auth/login HTTP/1.1[\r][\n]"
14:58:29.646 [main] DEBUG org.apache.http.wire -  >> "Accept: */*[\r][\n]"
14:58:29.646 [main] DEBUG org.apache.http.wire -  >> "Content-Type: application/json[\r][\n]"
14:58:29.646 [main] DEBUG org.apache.http.wire -  >> "Content-Length: 43[\r][\n]"
14:58:29.646 [main] DEBUG org.apache.http.wire -  >> "Host: altashop-api.fly.dev[\r][\n]"
14:58:29.646 [main] DEBUG org.apache.http.wire -  >> "Connection: Keep-Alive[\r][\n]"
14:58:29.646 [main] DEBUG org.apache.http.wire -  >> "User-Agent: Apache-HttpClient/4.5.13 (Java/17.0.6)[\r][\n]"
14:58:29.646 [main] DEBUG org.apache.http.wire -  >> "Accept-Encoding: gzip,deflate[\r][\n]"
14:58:29.646 [main] DEBUG org.apache.http.wire -  >> "[\r][\n]"
14:58:29.646 [main] DEBUG org.apache.http.headers - >> POST /api/auth/login HTTP/1.1
14:58:29.646 [main] DEBUG org.apache.http.headers - >> Accept: */*
14:58:29.647 [main] DEBUG org.apache.http.headers - >> Content-Type: application/json
14:58:29.649 [main] DEBUG org.apache.http.headers - >> Content-Length: 43
14:58:29.649 [main] DEBUG org.apache.http.headers - >> Host: altashop-api.fly.dev
14:58:29.649 [main] DEBUG org.apache.http.headers - >> Connection: Keep-Alive
14:58:29.649 [main] DEBUG org.apache.http.headers - >> User-Agent: Apache-HttpClient/4.5.13 (Java/17.0.6)
14:58:29.649 [main] DEBUG org.apache.http.headers - >> Accept-Encoding: gzip,deflate
14:58:29.649 [main] DEBUG org.apache.http.wire -  >> "{"password":" ","email":"someone@mail.com"}"
14:58:29.674 [main] DEBUG org.apache.http.wire -  << "HTTP/1.1 400 Bad Request[\r][\n]"
14:58:29.675 [main] DEBUG org.apache.http.wire -  << "content-type: application/json[\r][\n]"
14:58:29.675 [main] DEBUG org.apache.http.wire -  << "date: Mon, 29 May 2023 07:58:18 GMT[\r][\n]"
14:58:29.675 [main] DEBUG org.apache.http.wire -  << "content-encoding: gzip[\r][\n]"
14:58:29.675 [main] DEBUG org.apache.http.wire -  << "transfer-encoding: chunked[\r][\n]"
14:58:29.675 [main] DEBUG org.apache.http.wire -  << "server: Fly/fe06e9419 (2023-05-24)[\r][\n]"
14:58:29.675 [main] DEBUG org.apache.http.wire -  << "via: 1.1 fly.io[\r][\n]"
14:58:29.675 [main] DEBUG org.apache.http.wire -  << "fly-request-id: 01H1K87R4F8RPFTE09J1ZJ6T4N-sin[\r][\n]"
14:58:29.675 [main] DEBUG org.apache.http.wire -  << "[\r][\n]"
14:58:29.676 [main] DEBUG org.apache.http.impl.conn.DefaultClientConnection - Receiving response: HTTP/1.1 400 Bad Request
14:58:29.676 [main] DEBUG org.apache.http.headers - << HTTP/1.1 400 Bad Request
14:58:29.676 [main] DEBUG org.apache.http.headers - << content-type: application/json
14:58:29.676 [main] DEBUG org.apache.http.headers - << date: Mon, 29 May 2023 07:58:18 GMT
14:58:29.676 [main] DEBUG org.apache.http.headers - << content-encoding: gzip
14:58:29.676 [main] DEBUG org.apache.http.headers - << transfer-encoding: chunked
14:58:29.676 [main] DEBUG org.apache.http.headers - << server: Fly/fe06e9419 (2023-05-24)
14:58:29.676 [main] DEBUG org.apache.http.headers - << via: 1.1 fly.io
14:58:29.676 [main] DEBUG org.apache.http.headers - << fly-request-id: 01H1K87R4F8RPFTE09J1ZJ6T4N-sin
14:58:29.676 [main] DEBUG org.apache.http.impl.client.DefaultHttpClient - Connection can be kept alive indefinitely
14:58:29.677 [main] DEBUG io.restassured.internal.RestAssuredHttpBuilder - Parsing response as: application/json
14:58:29.677 [main] DEBUG org.apache.http.wire -  << "3D[\r][\n]"
14:58:29.677 [main] DEBUG org.apache.http.wire -  << "[0x1f][0x8b][0x8][0x0][0x0][0x0][0x0][0x0][0x4][0xff][0xab]VJ-*[0xca]/R[0xb2]RJ[0xcd]M[0xcc][0xcc]Q[0xc8]/R(H,..[0xcf]/JQ[0xc8],V[0xc8][0xcc]+K[0xcc][0xc9]LQ[0xaa][0xe5][0x2][0x0][0xc0][0xad][0xff][0xb])[0x0][0x0][0x0]"
14:58:29.677 [main] DEBUG org.apache.http.wire -  << "[\r][\n]"
14:58:29.679 [main] DEBUG org.apache.http.wire -  << "0[\r][\n]"
14:58:29.679 [main] DEBUG org.apache.http.wire -  << "[\r][\n]"
14:58:29.679 [main] DEBUG io.restassured.internal.RestAssuredHttpBuilder - Parsed data to instance of: class org.apache.http.conn.EofSensorInputStream
14:58:29.683 [main] DEBUG org.apache.http.impl.conn.BasicClientConnectionManager - Releasing connection org.apache.http.impl.conn.ManagedClientConnectionImpl@7ea039b4
14:58:29.683 [main] DEBUG org.apache.http.impl.conn.BasicClientConnectionManager - Connection can be kept alive indefinitely
14:58:29.685 [main] DEBUG net.thucydides.core.steps.StepInterceptor - STEP DONE: I send POST HTTP request login3
  &amp#27;[32mWhen &amp#27;[0m&amp#27;[32mI send POST HTTP request login3&amp#27;[0m              &amp#27;[90m# starter.stepdefinitions.LoginSteps.sendPostHttpRequestLogin3()&amp#27;[0m
14:58:29.698 [main] DEBUG net.thucydides.core.steps.StepInterceptor - STARTING STEP: LoginSteps.receiveValidHttp400Login - I receive valid HTTP response code 400 login
14:58:29.700 [main] DEBUG net.thucydides.core.steps.StepInterceptor - STEP DONE: I receive valid HTTP response code 400 login
  &amp#27;[32mThen &amp#27;[0m&amp#27;[32mI receive valid HTTP response code 400 login&amp#27;[0m &amp#27;[90m# starter.stepdefinitions.LoginSteps.receiveValidHttp400Login()&amp#27;[0m
14:58:29.711 [main] INFO  - 
  _____   ___   ___   _____     ___     _     ___   ___   ___   ___  
 |_   _| | __| / __| |_   _|   | _ \   /_\   / __| / __| | __| |   \ 
   | |   | _|  \__ \   | |     |  _/  / _ \  \__ \ \__ \ | _|  | |) |
   |_|   |___| |___/   |_|     |_|   /_/ \_\ |___/ |___/ |___| |___/ 

POST - Login with empty password
----------------------------------------------------------------------
]]></system-out>
  </testcase>
  <testcase name="POST - Login without payload" classname="Login" time="1.371">
    <system-out><![CDATA[
Scenario: POST - Login without payload              &amp#27;[90m# src/test/resources/features/2. Login.feature:27&amp#27;[0m
14:58:29.753 [main] DEBUG io.cucumber.core.plugin.SerenityReporter - Running feature from file:///C:/Users/user/Documents/GitHub/QE_Loyalty-Point/API_CICD_Minpro/src/test/resources/features/2.%20Login.feature
14:58:29.760 [main] INFO  - 
  _____   ___   ___   _____     ___   _____     _     ___   _____   ___   ___  
 |_   _| | __| / __| |_   _|   / __| |_   _|   /_\   | _ \ |_   _| | __| |   \ 
   | |   | _|  \__ \   | |     \__ \   | |    / _ \  |   /   | |   | _|  | |) |
   |_|   |___| |___/   |_|     |___/   |_|   /_/ \_\ |_|_\   |_|   |___| |___/ 

POST - Login without payload(login;post---login-without-payload)
--------------------------------------------------------------------------------
14:58:29.823 [main] DEBUG net.thucydides.core.steps.StepInterceptor - STARTING STEP: LoginSteps.setPostApiEndpointsLogin - I set POST api endpoints login
14:58:29.825 [main] DEBUG net.thucydides.core.steps.StepInterceptor - STEP DONE: I set POST api endpoints login
  &amp#27;[32mGiven &amp#27;[0m&amp#27;[32mI set POST api endpoints login&amp#27;[0m              &amp#27;[90m# starter.stepdefinitions.LoginSteps.setPostApiEndpointsLogin()&amp#27;[0m
14:58:29.886 [main] DEBUG net.thucydides.core.steps.StepInterceptor - STARTING STEP: LoginSteps.sendPostHttpRequestLogin4 - I send POST HTTP request login4
14:58:29.905 [main] DEBUG net.thucydides.core.steps.StepInterceptor - STARTING STEP: Login.sendPostHttpRequestLogin4 - I set POST api endpoints login
14:58:29.906 [main] DEBUG net.thucydides.core.steps.StepInterceptor - STEP DONE: I set POST api endpoints login
14:58:30.812 [main] DEBUG org.apache.http.impl.conn.BasicClientConnectionManager - Get connection for route {s}->https://altashop-api.fly.dev:443
14:58:30.812 [main] DEBUG org.apache.http.impl.conn.DefaultClientConnectionOperator - Connecting to altashop-api.fly.dev:443
14:58:30.913 [Finalizer] DEBUG org.apache.http.impl.conn.DefaultClientConnection - Connection 0.0.0.0:55446<->149.248.193.56:443 closed
14:58:30.917 [Finalizer] DEBUG org.apache.http.impl.conn.DefaultClientConnection - Connection 0.0.0.0:55447<->149.248.193.56:443 closed
14:58:30.922 [Finalizer] DEBUG org.apache.http.impl.conn.DefaultClientConnection - Connection 0.0.0.0:55445<->149.248.193.56:443 closed
14:58:30.971 [main] DEBUG org.apache.http.client.protocol.RequestAddCookies - CookieSpec selected: ignoreCookies
14:58:30.971 [main] DEBUG org.apache.http.client.protocol.RequestAuthCache - Auth cache not set in the context
14:58:30.971 [main] DEBUG org.apache.http.client.protocol.RequestTargetAuthentication - Target auth state: UNCHALLENGED
14:58:30.971 [main] DEBUG org.apache.http.client.protocol.RequestProxyAuthentication - Proxy auth state: UNCHALLENGED
14:58:30.971 [main] DEBUG org.apache.http.impl.client.DefaultHttpClient - Attempt 1 to execute request
14:58:30.971 [main] DEBUG org.apache.http.impl.conn.DefaultClientConnection - Sending request: POST /api/auth/login HTTP/1.1
14:58:30.972 [main] DEBUG org.apache.http.wire -  >> "POST /api/auth/login HTTP/1.1[\r][\n]"
14:58:30.972 [main] DEBUG org.apache.http.wire -  >> "Accept: */*[\r][\n]"
14:58:30.972 [main] DEBUG org.apache.http.wire -  >> "Content-Type: application/json[\r][\n]"
14:58:30.972 [main] DEBUG org.apache.http.wire -  >> "Content-Length: 9[\r][\n]"
14:58:30.972 [main] DEBUG org.apache.http.wire -  >> "Host: altashop-api.fly.dev[\r][\n]"
14:58:30.972 [main] DEBUG org.apache.http.wire -  >> "Connection: Keep-Alive[\r][\n]"
14:58:30.972 [main] DEBUG org.apache.http.wire -  >> "User-Agent: Apache-HttpClient/4.5.13 (Java/17.0.6)[\r][\n]"
14:58:30.973 [main] DEBUG org.apache.http.wire -  >> "Accept-Encoding: gzip,deflate[\r][\n]"
14:58:30.973 [main] DEBUG org.apache.http.wire -  >> "[\r][\n]"
14:58:30.973 [main] DEBUG org.apache.http.headers - >> POST /api/auth/login HTTP/1.1
14:58:30.973 [main] DEBUG org.apache.http.headers - >> Accept: */*
14:58:30.973 [main] DEBUG org.apache.http.headers - >> Content-Type: application/json
14:58:30.973 [main] DEBUG org.apache.http.headers - >> Content-Length: 9
14:58:30.973 [main] DEBUG org.apache.http.headers - >> Host: altashop-api.fly.dev
14:58:30.973 [main] DEBUG org.apache.http.headers - >> Connection: Keep-Alive
14:58:30.973 [main] DEBUG org.apache.http.headers - >> User-Agent: Apache-HttpClient/4.5.13 (Java/17.0.6)
14:58:30.973 [main] DEBUG org.apache.http.headers - >> Accept-Encoding: gzip,deflate
14:58:30.974 [main] DEBUG org.apache.http.wire -  >> "{" ":" "}"
14:58:31.009 [main] DEBUG org.apache.http.wire -  << "HTTP/1.1 400 Bad Request[\r][\n]"
14:58:31.009 [main] DEBUG org.apache.http.wire -  << "content-type: application/json[\r][\n]"
14:58:31.009 [main] DEBUG org.apache.http.wire -  << "date: Mon, 29 May 2023 07:58:20 GMT[\r][\n]"
14:58:31.009 [main] DEBUG org.apache.http.wire -  << "content-encoding: gzip[\r][\n]"
14:58:31.009 [main] DEBUG org.apache.http.wire -  << "transfer-encoding: chunked[\r][\n]"
14:58:31.009 [main] DEBUG org.apache.http.wire -  << "server: Fly/fe06e9419 (2023-05-24)[\r][\n]"
14:58:31.010 [main] DEBUG org.apache.http.wire -  << "via: 1.1 fly.io[\r][\n]"
14:58:31.010 [main] DEBUG org.apache.http.wire -  << "fly-request-id: 01H1K87SE21Z2JDN90JSRVJBYX-sin[\r][\n]"
14:58:31.010 [main] DEBUG org.apache.http.wire -  << "[\r][\n]"
14:58:31.011 [main] DEBUG org.apache.http.impl.conn.DefaultClientConnection - Receiving response: HTTP/1.1 400 Bad Request
14:58:31.012 [main] DEBUG org.apache.http.headers - << HTTP/1.1 400 Bad Request
14:58:31.012 [main] DEBUG org.apache.http.headers - << content-type: application/json
14:58:31.012 [main] DEBUG org.apache.http.headers - << date: Mon, 29 May 2023 07:58:20 GMT
14:58:31.012 [main] DEBUG org.apache.http.headers - << content-encoding: gzip
14:58:31.012 [main] DEBUG org.apache.http.headers - << transfer-encoding: chunked
14:58:31.012 [main] DEBUG org.apache.http.headers - << server: Fly/fe06e9419 (2023-05-24)
14:58:31.012 [main] DEBUG org.apache.http.headers - << via: 1.1 fly.io
14:58:31.012 [main] DEBUG org.apache.http.headers - << fly-request-id: 01H1K87SE21Z2JDN90JSRVJBYX-sin
14:58:31.012 [main] DEBUG org.apache.http.impl.client.DefaultHttpClient - Connection can be kept alive indefinitely
14:58:31.013 [main] DEBUG io.restassured.internal.RestAssuredHttpBuilder - Parsing response as: application/json
14:58:31.013 [main] DEBUG org.apache.http.wire -  << "32[\r][\n]"
14:58:31.013 [main] DEBUG org.apache.http.wire -  << "[0x1f][0x8b][0x8][0x0][0x0][0x0][0x0][0x0][0x4][0xff][0xab]VJ-*[0xca]/R[0xb2]RJ[0xcd]M[0xcc][0xcc]Q[0xc8],V(J-,[0xcd],JMQ[0xaa][0xe5][0x2][0x0]&[0xe3][0xaa]j[0x1e][0x0][0x0][0x0]"
14:58:31.013 [main] DEBUG org.apache.http.wire -  << "[\r][\n]"
14:58:31.014 [main] DEBUG org.apache.http.wire -  << "0[\r][\n]"
14:58:31.014 [main] DEBUG org.apache.http.wire -  << "[\r][\n]"
14:58:31.014 [main] DEBUG io.restassured.internal.RestAssuredHttpBuilder - Parsed data to instance of: class org.apache.http.conn.EofSensorInputStream
14:58:31.019 [main] DEBUG org.apache.http.impl.conn.BasicClientConnectionManager - Releasing connection org.apache.http.impl.conn.ManagedClientConnectionImpl@71d78cac
14:58:31.019 [main] DEBUG org.apache.http.impl.conn.BasicClientConnectionManager - Connection can be kept alive indefinitely
14:58:31.021 [main] DEBUG net.thucydides.core.steps.StepInterceptor - STEP DONE: I send POST HTTP request login4
  &amp#27;[32mWhen &amp#27;[0m&amp#27;[32mI send POST HTTP request login4&amp#27;[0m              &amp#27;[90m# starter.stepdefinitions.LoginSteps.sendPostHttpRequestLogin4()&amp#27;[0m
14:58:31.071 [main] DEBUG net.thucydides.core.steps.StepInterceptor - STARTING STEP: LoginSteps.receiveValidHttp400Login - I receive valid HTTP response code 400 login
14:58:31.072 [Finalizer] DEBUG org.apache.http.impl.conn.DefaultClientConnection - Connection 0.0.0.0:55444<->149.248.193.56:443 closed
14:58:31.073 [main] DEBUG net.thucydides.core.steps.StepInterceptor - STEP DONE: I receive valid HTTP response code 400 login
  &amp#27;[32mThen &amp#27;[0m&amp#27;[32mI receive valid HTTP response code 400 login&amp#27;[0m &amp#27;[90m# starter.stepdefinitions.LoginSteps.receiveValidHttp400Login()&amp#27;[0m
14:58:31.085 [main] INFO  - 
  _____   ___   ___   _____     ___     _     ___   ___   ___   ___  
 |_   _| | __| / __| |_   _|   | _ \   /_\   / __| / __| | __| |   \ 
   | |   | _|  \__ \   | |     |  _/  / _ \  \__ \ \__ \ | _|  | |) |
   |_|   |___| |___/   |_|     |_|   /_/ \_\ |___/ |___/ |___| |___/ 

POST - Login without payload
----------------------------------------------------------------------
]]></system-out>
  </testcase>
  <testcase name="POST - Login with empty body parameter" classname="Login" time="0.419">
    <system-out><![CDATA[
Scenario: POST - Login with empty body parameter    &amp#27;[90m# src/test/resources/features/2. Login.feature:32&amp#27;[0m
14:58:31.144 [main] DEBUG io.cucumber.core.plugin.SerenityReporter - Running feature from file:///C:/Users/user/Documents/GitHub/QE_Loyalty-Point/API_CICD_Minpro/src/test/resources/features/2.%20Login.feature
14:58:31.154 [main] INFO  - 
  _____   ___   ___   _____     ___   _____     _     ___   _____   ___   ___  
 |_   _| | __| / __| |_   _|   / __| |_   _|   /_\   | _ \ |_   _| | __| |   \ 
   | |   | _|  \__ \   | |     \__ \   | |    / _ \  |   /   | |   | _|  | |) |
   |_|   |___| |___/   |_|     |___/   |_|   /_/ \_\ |_|_\   |_|   |___| |___/ 

POST - Login with empty body parameter(login;post---login-with-empty-body-parameter)
--------------------------------------------------------------------------------
14:58:31.202 [main] DEBUG net.thucydides.core.steps.StepInterceptor - STARTING STEP: LoginSteps.setPostApiEndpointsLogin - I set POST api endpoints login
14:58:31.203 [main] DEBUG net.thucydides.core.steps.StepInterceptor - STEP DONE: I set POST api endpoints login
  &amp#27;[32mGiven &amp#27;[0m&amp#27;[32mI set POST api endpoints login&amp#27;[0m              &amp#27;[90m# starter.stepdefinitions.LoginSteps.setPostApiEndpointsLogin()&amp#27;[0m
14:58:31.217 [main] DEBUG net.thucydides.core.steps.StepInterceptor - STARTING STEP: LoginSteps.sendPostHttpRequestLogin5 - I send POST HTTP request login5
14:58:31.226 [main] DEBUG net.thucydides.core.steps.StepInterceptor - STARTING STEP: Login.sendPostHttpRequestLogin5 - I set POST api endpoints login
14:58:31.227 [main] DEBUG net.thucydides.core.steps.StepInterceptor - STEP DONE: I set POST api endpoints login
14:58:31.307 [main] DEBUG org.apache.http.impl.conn.BasicClientConnectionManager - Get connection for route {s}->https://altashop-api.fly.dev:443
14:58:31.313 [main] DEBUG org.apache.http.impl.conn.DefaultClientConnectionOperator - Connecting to altashop-api.fly.dev:443
14:58:31.435 [main] DEBUG org.apache.http.client.protocol.RequestAddCookies - CookieSpec selected: ignoreCookies
14:58:31.435 [main] DEBUG org.apache.http.client.protocol.RequestAuthCache - Auth cache not set in the context
14:58:31.435 [main] DEBUG org.apache.http.client.protocol.RequestTargetAuthentication - Target auth state: UNCHALLENGED
14:58:31.435 [main] DEBUG org.apache.http.client.protocol.RequestProxyAuthentication - Proxy auth state: UNCHALLENGED
14:58:31.435 [main] DEBUG org.apache.http.impl.client.DefaultHttpClient - Attempt 1 to execute request
14:58:31.436 [main] DEBUG org.apache.http.impl.conn.DefaultClientConnection - Sending request: POST /api/auth/login HTTP/1.1
14:58:31.436 [main] DEBUG org.apache.http.wire -  >> "POST /api/auth/login HTTP/1.1[\r][\n]"
14:58:31.436 [main] DEBUG org.apache.http.wire -  >> "Accept: */*[\r][\n]"
14:58:31.436 [main] DEBUG org.apache.http.wire -  >> "Content-Type: application/json[\r][\n]"
14:58:31.436 [main] DEBUG org.apache.http.wire -  >> "Content-Length: 28[\r][\n]"
14:58:31.436 [main] DEBUG org.apache.http.wire -  >> "Host: altashop-api.fly.dev[\r][\n]"
14:58:31.436 [main] DEBUG org.apache.http.wire -  >> "Connection: Keep-Alive[\r][\n]"
14:58:31.436 [main] DEBUG org.apache.http.wire -  >> "User-Agent: Apache-HttpClient/4.5.13 (Java/17.0.6)[\r][\n]"
14:58:31.436 [main] DEBUG org.apache.http.wire -  >> "Accept-Encoding: gzip,deflate[\r][\n]"
14:58:31.436 [main] DEBUG org.apache.http.wire -  >> "[\r][\n]"
14:58:31.437 [main] DEBUG org.apache.http.headers - >> POST /api/auth/login HTTP/1.1
14:58:31.437 [main] DEBUG org.apache.http.headers - >> Accept: */*
14:58:31.437 [main] DEBUG org.apache.http.headers - >> Content-Type: application/json
14:58:31.437 [main] DEBUG org.apache.http.headers - >> Content-Length: 28
14:58:31.437 [main] DEBUG org.apache.http.headers - >> Host: altashop-api.fly.dev
14:58:31.437 [main] DEBUG org.apache.http.headers - >> Connection: Keep-Alive
14:58:31.437 [main] DEBUG org.apache.http.headers - >> User-Agent: Apache-HttpClient/4.5.13 (Java/17.0.6)
14:58:31.437 [main] DEBUG org.apache.http.headers - >> Accept-Encoding: gzip,deflate
14:58:31.437 [main] DEBUG org.apache.http.wire -  >> "{"password":" ","email":" "}"
14:58:31.472 [main] DEBUG org.apache.http.wire -  << "HTTP/1.1 400 Bad Request[\r][\n]"
14:58:31.473 [main] DEBUG org.apache.http.wire -  << "content-type: application/json[\r][\n]"
14:58:31.473 [main] DEBUG org.apache.http.wire -  << "date: Mon, 29 May 2023 07:58:20 GMT[\r][\n]"
14:58:31.473 [main] DEBUG org.apache.http.wire -  << "content-encoding: gzip[\r][\n]"
14:58:31.473 [main] DEBUG org.apache.http.wire -  << "transfer-encoding: chunked[\r][\n]"
14:58:31.474 [main] DEBUG org.apache.http.wire -  << "server: Fly/fe06e9419 (2023-05-24)[\r][\n]"
14:58:31.474 [main] DEBUG org.apache.http.wire -  << "via: 1.1 fly.io[\r][\n]"
14:58:31.474 [main] DEBUG org.apache.http.wire -  << "fly-request-id: 01H1K87SWG18D6HRNKTHT0YV3E-sin[\r][\n]"
14:58:31.474 [main] DEBUG org.apache.http.wire -  << "[\r][\n]"
14:58:31.474 [main] DEBUG org.apache.http.impl.conn.DefaultClientConnection - Receiving response: HTTP/1.1 400 Bad Request
14:58:31.474 [main] DEBUG org.apache.http.headers - << HTTP/1.1 400 Bad Request
14:58:31.474 [main] DEBUG org.apache.http.headers - << content-type: application/json
14:58:31.474 [main] DEBUG org.apache.http.headers - << date: Mon, 29 May 2023 07:58:20 GMT
14:58:31.474 [main] DEBUG org.apache.http.headers - << content-encoding: gzip
14:58:31.474 [main] DEBUG org.apache.http.headers - << transfer-encoding: chunked
14:58:31.474 [main] DEBUG org.apache.http.headers - << server: Fly/fe06e9419 (2023-05-24)
14:58:31.474 [main] DEBUG org.apache.http.headers - << via: 1.1 fly.io
14:58:31.474 [main] DEBUG org.apache.http.headers - << fly-request-id: 01H1K87SWG18D6HRNKTHT0YV3E-sin
14:58:31.475 [main] DEBUG org.apache.http.impl.client.DefaultHttpClient - Connection can be kept alive indefinitely
14:58:31.475 [main] DEBUG io.restassured.internal.RestAssuredHttpBuilder - Parsing response as: application/json
14:58:31.475 [main] DEBUG org.apache.http.wire -  << "3D[\r][\n]"
14:58:31.475 [main] DEBUG org.apache.http.wire -  << "[0x1f][0x8b][0x8][0x0][0x0][0x0][0x0][0x0][0x4][0xff][0xab]VJ-*[0xca]/R[0xb2]RJ[0xcd]M[0xcc][0xcc]Q[0xc8]/R(H,..[0xcf]/JQ[0xc8],V[0xc8][0xcc]+K[0xcc][0xc9]LQ[0xaa][0xe5][0x2][0x0][0xc0][0xad][0xff][0xb])[0x0][0x0][0x0]"
14:58:31.475 [main] DEBUG org.apache.http.wire -  << "[\r][\n]"
14:58:31.476 [main] DEBUG org.apache.http.wire -  << "0[\r][\n]"
14:58:31.476 [main] DEBUG org.apache.http.wire -  << "[\r][\n]"
14:58:31.476 [main] DEBUG io.restassured.internal.RestAssuredHttpBuilder - Parsed data to instance of: class org.apache.http.conn.EofSensorInputStream
14:58:31.481 [main] DEBUG org.apache.http.impl.conn.BasicClientConnectionManager - Releasing connection org.apache.http.impl.conn.ManagedClientConnectionImpl@f575d2b
14:58:31.481 [main] DEBUG org.apache.http.impl.conn.BasicClientConnectionManager - Connection can be kept alive indefinitely
14:58:31.483 [main] DEBUG net.thucydides.core.steps.StepInterceptor - STEP DONE: I send POST HTTP request login5
  &amp#27;[32mWhen &amp#27;[0m&amp#27;[32mI send POST HTTP request login5&amp#27;[0m              &amp#27;[90m# starter.stepdefinitions.LoginSteps.sendPostHttpRequestLogin5()&amp#27;[0m
14:58:31.498 [main] DEBUG net.thucydides.core.steps.StepInterceptor - STARTING STEP: LoginSteps.receiveValidHttp400Login - I receive valid HTTP response code 400 login
14:58:31.501 [main] DEBUG net.thucydides.core.steps.StepInterceptor - STEP DONE: I receive valid HTTP response code 400 login
  &amp#27;[32mThen &amp#27;[0m&amp#27;[32mI receive valid HTTP response code 400 login&amp#27;[0m &amp#27;[90m# starter.stepdefinitions.LoginSteps.receiveValidHttp400Login()&amp#27;[0m
14:58:31.510 [main] INFO  - 
  _____   ___   ___   _____     ___     _     ___   ___   ___   ___  
 |_   _| | __| / __| |_   _|   | _ \   /_\   / __| / __| | __| |   \ 
   | |   | _|  \__ \   | |     |  _/  / _ \  \__ \ \__ \ | _|  | |) |
   |_|   |___| |___/   |_|     |_|   /_/ \_\ |___/ |___/ |___| |___/ 

POST - Login with empty body parameter
----------------------------------------------------------------------
]]></system-out>
  </testcase>
  <testcase name="GET - Get user information" classname="User Information" time="2.244">
    <failure type="java.lang.AssertionError"><![CDATA[java.lang.AssertionError: 
1 expectation failed.
Expected status code <200> but was <401>.

]]></failure>
    <system-out><![CDATA[14:58:31.528 [main] DEBUG io.cucumber.core.plugin.SerenityReporter - Running feature from file:///C:/Users/user/Documents/GitHub/QE_Loyalty-Point/API_CICD_Minpro/src/test/resources/features/3.%20User.feature
14:58:31.547 [main] DEBUG net.thucydides.core.steps.StepEventBus - Test suite started for story net.thucydides.core.model.Story@11e807f1
14:58:31.551 [main] INFO  - Test Suite Started: User Information

Scenario: GET - Get user information               &amp#27;[90m# src/test/resources/features/3. User.feature:7&amp#27;[0m
14:58:31.578 [main] DEBUG io.cucumber.core.plugin.SerenityReporter - Running feature from file:///C:/Users/user/Documents/GitHub/QE_Loyalty-Point/API_CICD_Minpro/src/test/resources/features/3.%20User.feature
14:58:31.587 [main] INFO  - 
  _____   ___   ___   _____     ___   _____     _     ___   _____   ___   ___  
 |_   _| | __| / __| |_   _|   / __| |_   _|   /_\   | _ \ |_   _| | __| |   \ 
   | |   | _|  \__ \   | |     \__ \   | |    / _ \  |   /   | |   | _|  | |) |
   |_|   |___| |___/   |_|     |___/   |_|   /_/ \_\ |_|_\   |_|   |___| |___/ 

GET - Get user information(user-information;get---get-user-information)
--------------------------------------------------------------------------------
  &amp#27;[32mGiven &amp#27;[0m&amp#27;[32mI set GET api endpoints user&amp#27;[0m               &amp#27;[90m# starter.stepdefinitions.UserSteps.setGetApiEndpointsUser()&amp#27;[0m
14:58:33.361 [main] DEBUG org.apache.http.impl.conn.BasicClientConnectionManager - Get connection for route {s}->https://altashop-api.fly.dev:443
14:58:33.361 [main] DEBUG org.apache.http.impl.conn.DefaultClientConnectionOperator - Connecting to altashop-api.fly.dev:443
14:58:33.485 [main] DEBUG org.apache.http.client.protocol.RequestAddCookies - CookieSpec selected: ignoreCookies
14:58:33.485 [main] DEBUG org.apache.http.client.protocol.RequestAuthCache - Auth cache not set in the context
14:58:33.485 [main] DEBUG org.apache.http.client.protocol.RequestProxyAuthentication - Proxy auth state: UNCHALLENGED
14:58:33.485 [main] DEBUG org.apache.http.impl.client.DefaultHttpClient - Attempt 1 to execute request
14:58:33.485 [main] DEBUG org.apache.http.impl.conn.DefaultClientConnection - Sending request: GET /api/auth/info HTTP/1.1
14:58:33.485 [main] DEBUG org.apache.http.wire -  >> "GET /api/auth/info HTTP/1.1[\r][\n]"
14:58:33.486 [main] DEBUG org.apache.http.wire -  >> "Authorization: Bearer eyJhbGciOiJIUzI1NiIsInR5cCI6IkpXVCJ9.eyJGdWxsbmFtZSI6IkFkaXR5YSBOdWdyYWhhIiwiRW1haWwiOiJhZGl0QGdtYWlsLmNvbSJ9.VM2lARkmmliu1pWtk1uhb8z5fGaElvH1jIoYM72Te3g[\r][\n]"
14:58:33.486 [main] DEBUG org.apache.http.wire -  >> "Accept: */*[\r][\n]"
14:58:33.486 [main] DEBUG org.apache.http.wire -  >> "Host: altashop-api.fly.dev[\r][\n]"
14:58:33.486 [main] DEBUG org.apache.http.wire -  >> "Connection: Keep-Alive[\r][\n]"
14:58:33.486 [main] DEBUG org.apache.http.wire -  >> "User-Agent: Apache-HttpClient/4.5.13 (Java/17.0.6)[\r][\n]"
14:58:33.486 [main] DEBUG org.apache.http.wire -  >> "Accept-Encoding: gzip,deflate[\r][\n]"
14:58:33.486 [main] DEBUG org.apache.http.wire -  >> "[\r][\n]"
14:58:33.486 [main] DEBUG org.apache.http.headers - >> GET /api/auth/info HTTP/1.1
14:58:33.486 [main] DEBUG org.apache.http.headers - >> Authorization: Bearer eyJhbGciOiJIUzI1NiIsInR5cCI6IkpXVCJ9.eyJGdWxsbmFtZSI6IkFkaXR5YSBOdWdyYWhhIiwiRW1haWwiOiJhZGl0QGdtYWlsLmNvbSJ9.VM2lARkmmliu1pWtk1uhb8z5fGaElvH1jIoYM72Te3g
14:58:33.486 [main] DEBUG org.apache.http.headers - >> Accept: */*
14:58:33.486 [main] DEBUG org.apache.http.headers - >> Host: altashop-api.fly.dev
14:58:33.486 [main] DEBUG org.apache.http.headers - >> Connection: Keep-Alive
14:58:33.486 [main] DEBUG org.apache.http.headers - >> User-Agent: Apache-HttpClient/4.5.13 (Java/17.0.6)
14:58:33.486 [main] DEBUG org.apache.http.headers - >> Accept-Encoding: gzip,deflate
14:58:33.520 [main] DEBUG org.apache.http.wire -  << "HTTP/1.1 401 Unauthorized[\r][\n]"
14:58:33.520 [main] DEBUG org.apache.http.wire -  << "content-type: application/json[\r][\n]"
14:58:33.520 [main] DEBUG org.apache.http.wire -  << "date: Mon, 29 May 2023 07:58:22 GMT[\r][\n]"
14:58:33.520 [main] DEBUG org.apache.http.wire -  << "content-encoding: gzip[\r][\n]"
14:58:33.520 [main] DEBUG org.apache.http.wire -  << "transfer-encoding: chunked[\r][\n]"
14:58:33.520 [main] DEBUG org.apache.http.wire -  << "server: Fly/fe06e9419 (2023-05-24)[\r][\n]"
14:58:33.520 [main] DEBUG org.apache.http.wire -  << "via: 1.1 fly.io[\r][\n]"
14:58:33.520 [main] DEBUG org.apache.http.wire -  << "fly-request-id: 01H1K87VWH6WBMAJ7GE7A0CRCK-sin[\r][\n]"
14:58:33.520 [main] DEBUG org.apache.http.wire -  << "[\r][\n]"
14:58:33.520 [main] DEBUG org.apache.http.impl.conn.DefaultClientConnection - Receiving response: HTTP/1.1 401 Unauthorized
14:58:33.521 [main] DEBUG org.apache.http.headers - << HTTP/1.1 401 Unauthorized
14:58:33.521 [main] DEBUG org.apache.http.headers - << content-type: application/json
14:58:33.521 [main] DEBUG org.apache.http.headers - << date: Mon, 29 May 2023 07:58:22 GMT
14:58:33.521 [main] DEBUG org.apache.http.headers - << content-encoding: gzip
14:58:33.521 [main] DEBUG org.apache.http.headers - << transfer-encoding: chunked
14:58:33.521 [main] DEBUG org.apache.http.headers - << server: Fly/fe06e9419 (2023-05-24)
14:58:33.521 [main] DEBUG org.apache.http.headers - << via: 1.1 fly.io
14:58:33.521 [main] DEBUG org.apache.http.headers - << fly-request-id: 01H1K87VWH6WBMAJ7GE7A0CRCK-sin
14:58:33.521 [main] DEBUG org.apache.http.impl.client.DefaultHttpClient - Connection can be kept alive indefinitely
14:58:33.521 [main] DEBUG org.apache.http.impl.client.DefaultHttpClient - Authentication required
14:58:33.521 [main] DEBUG org.apache.http.impl.client.DefaultHttpClient - altashop-api.fly.dev:443 requested authentication
14:58:33.522 [main] DEBUG org.apache.http.impl.client.DefaultHttpClient - Response contains no authentication challenges
14:58:33.522 [main] DEBUG io.restassured.internal.RestAssuredHttpBuilder - Parsing response as: application/json
14:58:33.522 [main] DEBUG org.apache.http.wire -  << "31[\r][\n]"
14:58:33.522 [main] DEBUG org.apache.http.wire -  << "[0x1f][0x8b][0x8][0x0][0x0][0x0][0x0][0x0][0x4][0xff][0xab]VJ-*[0xca]/R[0xb2]R*JM[0xce]/JQ[0xc8][0xcb]/QH[0xcb]/[0xcd]KQ[0xaa][0xe5][0x2][0x0]6`[0x14][0x2][0x1d][0x0][0x0][0x0]"
14:58:33.522 [main] DEBUG org.apache.http.wire -  << "[\r][\n]"
14:58:33.523 [main] DEBUG org.apache.http.wire -  << "0[\r][\n]"
14:58:33.523 [main] DEBUG org.apache.http.wire -  << "[\r][\n]"
14:58:33.523 [main] DEBUG io.restassured.internal.RestAssuredHttpBuilder - Parsed data to instance of: class org.apache.http.conn.EofSensorInputStream
14:58:33.527 [main] DEBUG org.apache.http.impl.conn.BasicClientConnectionManager - Releasing connection org.apache.http.impl.conn.ManagedClientConnectionImpl@2648aa1b
14:58:33.527 [main] DEBUG org.apache.http.impl.conn.BasicClientConnectionManager - Connection can be kept alive indefinitely
  &amp#27;[31mWhen &amp#27;[0m&amp#27;[31mI send GET HTTP request user&amp#27;[0m                &amp#27;[90m# starter.stepdefinitions.UserSteps.sentGetHttpRequestUser()&amp#27;[0m
      &amp#27;[31mjava.lang.AssertionError: 1 expectation failed.
Expected status code <200> but was <401>.

	at java.base/jdk.internal.reflect.NativeConstructorAccessorImpl.newInstance0(Native Method)
	at java.base/jdk.internal.reflect.NativeConstructorAccessorImpl.newInstance(NativeConstructorAccessorImpl.java:77)
	at java.base/jdk.internal.reflect.DelegatingConstructorAccessorImpl.newInstance(DelegatingConstructorAccessorImpl.java:45)
	at java.base/java.lang.reflect.Constructor.newInstanceWithCaller(Constructor.java:499)
	at java.base/java.lang.reflect.Constructor.newInstance(Constructor.java:480)
	at org.codehaus.groovy.reflection.CachedConstructor.invoke(CachedConstructor.java:73)
	at org.codehaus.groovy.runtime.callsite.ConstructorSite$ConstructorSiteNoUnwrapNoCoerce.callConstructor(ConstructorSite.java:108)
	at org.codehaus.groovy.runtime.callsite.AbstractCallSite.callConstructor(AbstractCallSite.java:277)
	at io.restassured.internal.ResponseSpecificationImpl$HamcrestAssertionClosure.validate(ResponseSpecificationImpl.groovy:512)
	at io.restassured.internal.ResponseSpecificationImpl$HamcrestAssertionClosure$validate$1.call(Unknown Source)
	at io.restassured.internal.ResponseSpecificationImpl.validateResponseIfRequired(ResponseSpecificationImpl.groovy:696)
	at io.restassured.internal.ResponseSpecificationImpl.this$2$validateResponseIfRequired(ResponseSpecificationImpl.groovy)
	at java.base/jdk.internal.reflect.NativeMethodAccessorImpl.invoke0(Native Method)
	at java.base/jdk.internal.reflect.NativeMethodAccessorImpl.invoke(NativeMethodAccessorImpl.java:77)
	at java.base/jdk.internal.reflect.DelegatingMethodAccessorImpl.invoke(DelegatingMethodAccessorImpl.java:43)
	at java.base/java.lang.reflect.Method.invoke(Method.java:568)
	at org.codehaus.groovy.runtime.callsite.PlainObjectMetaMethodSite.doInvoke(PlainObjectMetaMethodSite.java:43)
	at org.codehaus.groovy.runtime.callsite.PogoMetaMethodSite$PogoCachedMethodSiteNoUnwrapNoCoerce.invoke(PogoMetaMethodSite.java:198)
	at org.codehaus.groovy.runtime.callsite.PogoMetaMethodSite.callCurrent(PogoMetaMethodSite.java:62)
	at org.codehaus.groovy.runtime.callsite.AbstractCallSite.callCurrent(AbstractCallSite.java:185)
	at io.restassured.internal.ResponseSpecificationImpl.statusCode(ResponseSpecificationImpl.groovy:135)
	at io.restassured.specification.ResponseSpecification$statusCode$0.callCurrent(Unknown Source)
	at io.restassured.internal.ResponseSpecificationImpl.statusCode(ResponseSpecificationImpl.groovy:143)
	at io.restassured.internal.ValidatableResponseOptionsImpl.statusCode(ValidatableResponseOptionsImpl.java:89)
	at minpro@1.0-SNAPSHOT/starter.java.User.sendGetHttpRequestUser(User.java:27)
	at minpro@1.0-SNAPSHOT/starter.stepdefinitions.UserSteps.sentGetHttpRequestUser(UserSteps.java:25)
	at âœ½.I send GET HTTP request user(file:///C:/Users/user/Documents/GitHub/QE_Loyalty-Point/API_CICD_Minpro/src/test/resources/features/3.%20User.feature:9)
&amp#27;[0m
  &amp#27;[36mThen &amp#27;[0m&amp#27;[36mI receive valid HTTP response code 200 user&amp#27;[0m &amp#27;[90m# starter.stepdefinitions.UserSteps.receiveValidHttp200User()&amp#27;[0m
14:58:33.775 [main] ERROR  - 
  _____   ___   ___   _____     ___     _     ___   _      ___   ___  
 |_   _| | __| / __| |_   _|   | __|   /_\   |_ _| | |    | __| |   \ 
   | |   | _|  \__ \   | |     | _|   / _ \   | |  | |__  | _|  | |) |
   |_|   |___| |___/   |_|     |_|   /_/ \_\ |___| |____| |___| |___/ 

GET - Get user information
-----------------------------------------------------------------------
14:58:33.776 [main] DEBUG  - RELATED ISSUES: 
14:58:33.782 [main] ERROR  -     Test failed at step: When I send GET HTTP request user
14:58:33.782 [main] ERROR  -     1 expectation failed.Expected status code <200> but was <401>.
]]></system-out>
  </testcase>
  <testcase name="GET - Get user information without token" classname="User Information" time="0.475">
    <system-out><![CDATA[
Scenario: GET - Get user information without token &amp#27;[90m# src/test/resources/features/3. User.feature:12&amp#27;[0m
14:58:33.843 [main] DEBUG io.cucumber.core.plugin.SerenityReporter - Running feature from file:///C:/Users/user/Documents/GitHub/QE_Loyalty-Point/API_CICD_Minpro/src/test/resources/features/3.%20User.feature
14:58:33.854 [main] INFO  - 
  _____   ___   ___   _____     ___   _____     _     ___   _____   ___   ___  
 |_   _| | __| / __| |_   _|   / __| |_   _|   /_\   | _ \ |_   _| | __| |   \ 
   | |   | _|  \__ \   | |     \__ \   | |    / _ \  |   /   | |   | _|  | |) |
   |_|   |___| |___/   |_|     |___/   |_|   /_/ \_\ |_|_\   |_|   |___| |___/ 

GET - Get user information without token(user-information;get---get-user-information-without-token)
--------------------------------------------------------------------------------
  &amp#27;[32mGiven &amp#27;[0m&amp#27;[32mI set GET api endpoints user&amp#27;[0m               &amp#27;[90m# starter.stepdefinitions.UserSteps.setGetApiEndpointsUser()&amp#27;[0m
14:58:33.999 [Finalizer] DEBUG org.apache.http.impl.conn.DefaultClientConnection - Connection 0.0.0.0:55450<->149.248.193.56:443 closed
14:58:34.000 [Finalizer] DEBUG org.apache.http.impl.conn.DefaultClientConnection - Connection 0.0.0.0:55449<->149.248.193.56:443 closed
14:58:34.003 [Finalizer] DEBUG org.apache.http.impl.conn.DefaultClientConnection - Connection 0.0.0.0:55451<->149.248.193.56:443 closed
14:58:34.033 [main] DEBUG org.apache.http.impl.conn.BasicClientConnectionManager - Get connection for route {s}->https://altashop-api.fly.dev:443
14:58:34.041 [main] DEBUG org.apache.http.impl.conn.DefaultClientConnectionOperator - Connecting to altashop-api.fly.dev:443
14:58:34.196 [main] DEBUG org.apache.http.client.protocol.RequestAddCookies - CookieSpec selected: ignoreCookies
14:58:34.197 [main] DEBUG org.apache.http.client.protocol.RequestAuthCache - Auth cache not set in the context
14:58:34.197 [main] DEBUG org.apache.http.client.protocol.RequestTargetAuthentication - Target auth state: UNCHALLENGED
14:58:34.197 [main] DEBUG org.apache.http.client.protocol.RequestProxyAuthentication - Proxy auth state: UNCHALLENGED
14:58:34.197 [main] DEBUG org.apache.http.impl.client.DefaultHttpClient - Attempt 1 to execute request
14:58:34.198 [main] DEBUG org.apache.http.impl.conn.DefaultClientConnection - Sending request: GET /api/auth/info HTTP/1.1
14:58:34.199 [main] DEBUG org.apache.http.wire -  >> "GET /api/auth/info HTTP/1.1[\r][\n]"
14:58:34.199 [main] DEBUG org.apache.http.wire -  >> "Accept: */*[\r][\n]"
14:58:34.200 [main] DEBUG org.apache.http.wire -  >> "Host: altashop-api.fly.dev[\r][\n]"
14:58:34.200 [main] DEBUG org.apache.http.wire -  >> "Connection: Keep-Alive[\r][\n]"
14:58:34.200 [main] DEBUG org.apache.http.wire -  >> "User-Agent: Apache-HttpClient/4.5.13 (Java/17.0.6)[\r][\n]"
14:58:34.200 [main] DEBUG org.apache.http.wire -  >> "Accept-Encoding: gzip,deflate[\r][\n]"
14:58:34.200 [main] DEBUG org.apache.http.wire -  >> "[\r][\n]"
14:58:34.200 [main] DEBUG org.apache.http.headers - >> GET /api/auth/info HTTP/1.1
14:58:34.200 [main] DEBUG org.apache.http.headers - >> Accept: */*
14:58:34.200 [main] DEBUG org.apache.http.headers - >> Host: altashop-api.fly.dev
14:58:34.200 [main] DEBUG org.apache.http.headers - >> Connection: Keep-Alive
14:58:34.200 [main] DEBUG org.apache.http.headers - >> User-Agent: Apache-HttpClient/4.5.13 (Java/17.0.6)
14:58:34.200 [main] DEBUG org.apache.http.headers - >> Accept-Encoding: gzip,deflate
14:58:34.235 [main] DEBUG org.apache.http.wire -  << "HTTP/1.1 401 Unauthorized[\r][\n]"
14:58:34.235 [main] DEBUG org.apache.http.wire -  << "content-type: application/json[\r][\n]"
14:58:34.235 [main] DEBUG org.apache.http.wire -  << "date: Mon, 29 May 2023 07:58:23 GMT[\r][\n]"
14:58:34.235 [main] DEBUG org.apache.http.wire -  << "content-encoding: gzip[\r][\n]"
14:58:34.235 [main] DEBUG org.apache.http.wire -  << "transfer-encoding: chunked[\r][\n]"
14:58:34.235 [main] DEBUG org.apache.http.wire -  << "server: Fly/fe06e9419 (2023-05-24)[\r][\n]"
14:58:34.235 [main] DEBUG org.apache.http.wire -  << "via: 1.1 fly.io[\r][\n]"
14:58:34.235 [main] DEBUG org.apache.http.wire -  << "fly-request-id: 01H1K87WJTTBF6FJQDDSY6H3V3-sin[\r][\n]"
14:58:34.235 [main] DEBUG org.apache.http.wire -  << "[\r][\n]"
14:58:34.235 [main] DEBUG org.apache.http.impl.conn.DefaultClientConnection - Receiving response: HTTP/1.1 401 Unauthorized
14:58:34.235 [main] DEBUG org.apache.http.headers - << HTTP/1.1 401 Unauthorized
14:58:34.235 [main] DEBUG org.apache.http.headers - << content-type: application/json
14:58:34.236 [main] DEBUG org.apache.http.headers - << date: Mon, 29 May 2023 07:58:23 GMT
14:58:34.236 [main] DEBUG org.apache.http.headers - << content-encoding: gzip
14:58:34.236 [main] DEBUG org.apache.http.headers - << transfer-encoding: chunked
14:58:34.236 [main] DEBUG org.apache.http.headers - << server: Fly/fe06e9419 (2023-05-24)
14:58:34.236 [main] DEBUG org.apache.http.headers - << via: 1.1 fly.io
14:58:34.236 [main] DEBUG org.apache.http.headers - << fly-request-id: 01H1K87WJTTBF6FJQDDSY6H3V3-sin
14:58:34.236 [main] DEBUG org.apache.http.impl.client.DefaultHttpClient - Connection can be kept alive indefinitely
14:58:34.236 [main] DEBUG org.apache.http.impl.client.DefaultHttpClient - Authentication required
14:58:34.236 [main] DEBUG org.apache.http.impl.client.DefaultHttpClient - altashop-api.fly.dev:443 requested authentication
14:58:34.236 [main] DEBUG org.apache.http.impl.client.DefaultHttpClient - Response contains no authentication challenges
14:58:34.237 [main] DEBUG io.restassured.internal.RestAssuredHttpBuilder - Parsing response as: application/json
14:58:34.237 [main] DEBUG org.apache.http.wire -  << "2D[\r][\n]"
14:58:34.237 [main] DEBUG org.apache.http.wire -  << "[0x1f][0x8b][0x8][0x0][0x0][0x0][0x0][0x0][0x4][0xff][0xab]VJ-*[0xca]/R[0xb2]R*[0xcd]K,-[0xc9][0xc8]/[0xca][0xac]JMQ[0xaa][0xe5][0x2][0x0]@[0x17]da[0x19][0x0][0x0][0x0]"
14:58:34.237 [main] DEBUG org.apache.http.wire -  << "[\r][\n]"
14:58:34.238 [main] DEBUG org.apache.http.wire -  << "0[\r][\n]"
14:58:34.239 [main] DEBUG org.apache.http.wire -  << "[\r][\n]"
14:58:34.239 [main] DEBUG io.restassured.internal.RestAssuredHttpBuilder - Parsed data to instance of: class org.apache.http.conn.EofSensorInputStream
14:58:34.245 [main] DEBUG org.apache.http.impl.conn.BasicClientConnectionManager - Releasing connection org.apache.http.impl.conn.ManagedClientConnectionImpl@6c2fea95
14:58:34.245 [main] DEBUG org.apache.http.impl.conn.BasicClientConnectionManager - Connection can be kept alive indefinitely
  &amp#27;[32mWhen &amp#27;[0m&amp#27;[32mI send GET HTTP request user2&amp#27;[0m               &amp#27;[90m# starter.stepdefinitions.UserSteps.sendGetHttpRequestUser2()&amp#27;[0m
  &amp#27;[32mThen &amp#27;[0m&amp#27;[32mI receive valid HTTP response code 401 user&amp#27;[0m &amp#27;[90m# starter.stepdefinitions.UserSteps.receiveValidHttp401User()&amp#27;[0m
14:58:34.284 [main] INFO  - 
  _____   ___   ___   _____     ___     _     ___   ___   ___   ___  
 |_   _| | __| / __| |_   _|   | _ \   /_\   / __| / __| | __| |   \ 
   | |   | _|  \__ \   | |     |  _/  / _ \  \__ \ \__ \ | _|  | |) |
   |_|   |___| |___/   |_|     |_|   /_/ \_\ |___/ |___/ |___| |___/ 

GET - Get user information without token
----------------------------------------------------------------------
]]></system-out>
  </testcase>
  <testcase name="POST - Add new category" classname="Categories" time="1.791">
    <system-out><![CDATA[14:58:34.292 [main] DEBUG io.cucumber.core.plugin.SerenityReporter - Running feature from file:///C:/Users/user/Documents/GitHub/QE_Loyalty-Point/API_CICD_Minpro/src/test/resources/features/4.%20Categories.feature
14:58:34.346 [main] DEBUG net.thucydides.core.steps.StepEventBus - Test suite started for story net.thucydides.core.model.Story@1b5f86d1
14:58:34.347 [main] INFO  - Test Suite Started: Categories

Scenario: POST - Add new category                        &amp#27;[90m# src/test/resources/features/4. Categories.feature:7&amp#27;[0m
14:58:34.395 [main] DEBUG io.cucumber.core.plugin.SerenityReporter - Running feature from file:///C:/Users/user/Documents/GitHub/QE_Loyalty-Point/API_CICD_Minpro/src/test/resources/features/4.%20Categories.feature
14:58:34.893 [main] INFO  - 
  _____   ___   ___   _____     ___   _____     _     ___   _____   ___   ___  
 |_   _| | __| / __| |_   _|   / __| |_   _|   /_\   | _ \ |_   _| | __| |   \ 
   | |   | _|  \__ \   | |     \__ \   | |    / _ \  |   /   | |   | _|  | |) |
   |_|   |___| |___/   |_|     |___/   |_|   /_/ \_\ |_|_\   |_|   |___| |___/ 

POST - Add new category(categories;post---add-new-category)
--------------------------------------------------------------------------------
14:58:35.336 [main] DEBUG net.thucydides.core.steps.StepInterceptor - STARTING STEP: CategoriesSteps.setPostApiEndpointsf - I set POST api endpoints categories
14:58:35.337 [main] DEBUG net.thucydides.core.steps.StepInterceptor - STEP DONE: I set POST api endpoints categories
  &amp#27;[32mGiven &amp#27;[0m&amp#27;[32mI set POST api endpoints categories&amp#27;[0m              &amp#27;[90m# starter.stepdefinitions.CategoriesSteps.setPostApiEndpointsf()&amp#27;[0m
14:58:35.369 [main] DEBUG net.thucydides.core.steps.StepInterceptor - STARTING STEP: CategoriesSteps.sendPostHttpRequestCategories - I send POST HTTP request categories
14:58:35.380 [main] DEBUG net.thucydides.core.steps.StepInterceptor - STARTING STEP: Categories.sendPostHttpRequestCategories - I set POST api endpoints categories
14:58:35.381 [main] DEBUG net.thucydides.core.steps.StepInterceptor - STEP DONE: I set POST api endpoints categories
14:58:35.674 [main] DEBUG org.apache.http.impl.conn.BasicClientConnectionManager - Get connection for route {s}->https://altashop-api.fly.dev:443
14:58:35.687 [main] DEBUG org.apache.http.impl.conn.DefaultClientConnectionOperator - Connecting to altashop-api.fly.dev:443
14:58:35.986 [main] DEBUG org.apache.http.client.protocol.RequestAddCookies - CookieSpec selected: ignoreCookies
14:58:35.987 [main] DEBUG org.apache.http.client.protocol.RequestAuthCache - Auth cache not set in the context
14:58:35.987 [main] DEBUG org.apache.http.client.protocol.RequestTargetAuthentication - Target auth state: UNCHALLENGED
14:58:35.987 [main] DEBUG org.apache.http.client.protocol.RequestProxyAuthentication - Proxy auth state: UNCHALLENGED
14:58:35.987 [main] DEBUG org.apache.http.impl.client.DefaultHttpClient - Attempt 1 to execute request
14:58:35.987 [main] DEBUG org.apache.http.impl.conn.DefaultClientConnection - Sending request: POST /api/categories HTTP/1.1
14:58:35.987 [main] DEBUG org.apache.http.wire -  >> "POST /api/categories HTTP/1.1[\r][\n]"
14:58:35.987 [main] DEBUG org.apache.http.wire -  >> "Accept: */*[\r][\n]"
14:58:35.987 [main] DEBUG org.apache.http.wire -  >> "Content-Type: application/json[\r][\n]"
14:58:35.987 [main] DEBUG org.apache.http.wire -  >> "Content-Length: 53[\r][\n]"
14:58:35.987 [main] DEBUG org.apache.http.wire -  >> "Host: altashop-api.fly.dev[\r][\n]"
14:58:35.987 [main] DEBUG org.apache.http.wire -  >> "Connection: Keep-Alive[\r][\n]"
14:58:35.987 [main] DEBUG org.apache.http.wire -  >> "User-Agent: Apache-HttpClient/4.5.13 (Java/17.0.6)[\r][\n]"
14:58:35.987 [main] DEBUG org.apache.http.wire -  >> "Accept-Encoding: gzip,deflate[\r][\n]"
14:58:35.987 [main] DEBUG org.apache.http.wire -  >> "[\r][\n]"
14:58:35.987 [main] DEBUG org.apache.http.headers - >> POST /api/categories HTTP/1.1
14:58:35.987 [main] DEBUG org.apache.http.headers - >> Accept: */*
14:58:35.988 [main] DEBUG org.apache.http.headers - >> Content-Type: application/json
14:58:35.988 [main] DEBUG org.apache.http.headers - >> Content-Length: 53
14:58:35.988 [main] DEBUG org.apache.http.headers - >> Host: altashop-api.fly.dev
14:58:35.988 [main] DEBUG org.apache.http.headers - >> Connection: Keep-Alive
14:58:35.988 [main] DEBUG org.apache.http.headers - >> User-Agent: Apache-HttpClient/4.5.13 (Java/17.0.6)
14:58:35.988 [main] DEBUG org.apache.http.headers - >> Accept-Encoding: gzip,deflate
14:58:35.988 [main] DEBUG org.apache.http.wire -  >> "{"name":"Gaming","description":"For gaming purposes"}"
14:58:36.033 [main] DEBUG org.apache.http.wire -  << "HTTP/1.1 200 OK[\r][\n]"
14:58:36.033 [main] DEBUG org.apache.http.wire -  << "content-type: application/json[\r][\n]"
14:58:36.033 [main] DEBUG org.apache.http.wire -  << "date: Mon, 29 May 2023 07:58:25 GMT[\r][\n]"
14:58:36.033 [main] DEBUG org.apache.http.wire -  << "content-encoding: gzip[\r][\n]"
14:58:36.033 [main] DEBUG org.apache.http.wire -  << "transfer-encoding: chunked[\r][\n]"
14:58:36.033 [main] DEBUG org.apache.http.wire -  << "server: Fly/fe06e9419 (2023-05-24)[\r][\n]"
14:58:36.033 [main] DEBUG org.apache.http.wire -  << "via: 1.1 fly.io[\r][\n]"
14:58:36.033 [main] DEBUG org.apache.http.wire -  << "fly-request-id: 01H1K87YANWX0XGFVM156TQ2S6-sin[\r][\n]"
14:58:36.033 [main] DEBUG org.apache.http.wire -  << "[\r][\n]"
14:58:36.035 [main] DEBUG org.apache.http.impl.conn.DefaultClientConnection - Receiving response: HTTP/1.1 200 OK
14:58:36.035 [main] DEBUG org.apache.http.headers - << HTTP/1.1 200 OK
14:58:36.036 [main] DEBUG org.apache.http.headers - << content-type: application/json
14:58:36.036 [main] DEBUG org.apache.http.headers - << date: Mon, 29 May 2023 07:58:25 GMT
14:58:36.036 [main] DEBUG org.apache.http.headers - << content-encoding: gzip
14:58:36.036 [main] DEBUG org.apache.http.headers - << transfer-encoding: chunked
14:58:36.036 [main] DEBUG org.apache.http.headers - << server: Fly/fe06e9419 (2023-05-24)
14:58:36.036 [main] DEBUG org.apache.http.headers - << via: 1.1 fly.io
14:58:36.036 [main] DEBUG org.apache.http.headers - << fly-request-id: 01H1K87YANWX0XGFVM156TQ2S6-sin
14:58:36.036 [main] DEBUG org.apache.http.impl.client.DefaultHttpClient - Connection can be kept alive indefinitely
14:58:36.037 [main] DEBUG io.restassured.internal.RestAssuredHttpBuilder - Parsing response as: application/json
14:58:36.037 [main] DEBUG org.apache.http.wire -  << "5B[\r][\n]"
14:58:36.037 [main] DEBUG org.apache.http.wire -  << "[0x1f][0x8b][0x8][0x0][0x0][0x0][0x0][0x0][0x4][0xff][0xab]VJI,IT[0xb2][0xaa]V[0xf2]tQ[0xb2]2[0xb2]453[0xd0]Q[0xf2]K[0xcc]MU[0xb2]RrO[0xcc][0xcd][0xcc]KW[0xd2]QrI-N.[0xca],([0xc9][0xcc][0xcf]S[0xb2]Rr[0xcb]/RH[0x7]K)[0x14][0x94][0x16][0x15][0xe4][0x17][0xa7][0x16]+[0xd5][0xd6]r[0x1][0x0]Q%[0xba])J[0x0][0x0][0x0]"
14:58:36.037 [main] DEBUG org.apache.http.wire -  << "[\r][\n]"
14:58:36.039 [main] DEBUG org.apache.http.wire -  << "0[\r][\n]"
14:58:36.040 [main] DEBUG org.apache.http.wire -  << "[\r][\n]"
14:58:36.040 [main] DEBUG io.restassured.internal.RestAssuredHttpBuilder - Parsed data to instance of: class org.apache.http.conn.EofSensorInputStream
14:58:36.042 [main] DEBUG org.apache.http.impl.conn.BasicClientConnectionManager - Releasing connection org.apache.http.impl.conn.ManagedClientConnectionImpl@206b959c
14:58:36.043 [main] DEBUG org.apache.http.impl.conn.BasicClientConnectionManager - Connection can be kept alive indefinitely
14:58:36.058 [main] DEBUG net.thucydides.core.steps.StepInterceptor - STEP DONE: I send POST HTTP request categories
  &amp#27;[32mWhen &amp#27;[0m&amp#27;[32mI send POST HTTP request categories&amp#27;[0m               &amp#27;[90m# starter.stepdefinitions.CategoriesSteps.sendPostHttpRequestCategories()&amp#27;[0m
14:58:36.071 [main] DEBUG net.thucydides.core.steps.StepInterceptor - STARTING STEP: CategoriesSteps.receiveValidHttp200Categories - I receive valid HTTP response code 200 categories
14:58:36.081 [main] DEBUG net.thucydides.core.steps.StepInterceptor - STEP DONE: I receive valid HTTP response code 200 categories
  &amp#27;[32mThen &amp#27;[0m&amp#27;[32mI receive valid HTTP response code 200 categories&amp#27;[0m &amp#27;[90m# starter.stepdefinitions.CategoriesSteps.receiveValidHttp200Categories()&amp#27;[0m
14:58:36.113 [main] INFO  - 
  _____   ___   ___   _____     ___     _     ___   ___   ___   ___  
 |_   _| | __| / __| |_   _|   | _ \   /_\   / __| / __| | __| |   \ 
   | |   | _|  \__ \   | |     |  _/  / _ \  \__ \ \__ \ | _|  | |) |
   |_|   |___| |___/   |_|     |_|   /_/ \_\ |___/ |___/ |___| |___/ 

POST - Add new category
----------------------------------------------------------------------
]]></system-out>
  </testcase>
  <testcase name="POST - Add new category without description data payload" classname="Categories" time="1.197">
    <system-out><![CDATA[
Scenario: POST - Add new category without description data payload &amp#27;[90m# src/test/resources/features/4. Categories.feature:12&amp#27;[0m
14:58:36.166 [main] DEBUG io.cucumber.core.plugin.SerenityReporter - Running feature from file:///C:/Users/user/Documents/GitHub/QE_Loyalty-Point/API_CICD_Minpro/src/test/resources/features/4.%20Categories.feature
14:58:36.176 [main] INFO  - 
  _____   ___   ___   _____     ___   _____     _     ___   _____   ___   ___  
 |_   _| | __| / __| |_   _|   / __| |_   _|   /_\   | _ \ |_   _| | __| |   \ 
   | |   | _|  \__ \   | |     \__ \   | |    / _ \  |   /   | |   | _|  | |) |
   |_|   |___| |___/   |_|     |___/   |_|   /_/ \_\ |_|_\   |_|   |___| |___/ 

POST - Add new category without description data payload(categories;post---add-new-category-without-description-data-payload)
--------------------------------------------------------------------------------
14:58:36.386 [main] DEBUG net.thucydides.core.steps.StepInterceptor - STARTING STEP: CategoriesSteps.setPostApiEndpointsf - I set POST api endpoints categories
14:58:36.429 [main] DEBUG net.thucydides.core.steps.StepInterceptor - STEP DONE: I set POST api endpoints categories
  &amp#27;[32mGiven &amp#27;[0m&amp#27;[32mI set POST api endpoints categories&amp#27;[0m                        &amp#27;[90m# starter.stepdefinitions.CategoriesSteps.setPostApiEndpointsf()&amp#27;[0m
14:58:36.588 [main] DEBUG net.thucydides.core.steps.StepInterceptor - STARTING STEP: CategoriesSteps.sendPostHttpRequestCategories2 - I send POST HTTP request categories2
14:58:36.702 [main] DEBUG net.thucydides.core.steps.StepInterceptor - STARTING STEP: Categories.sendPostHttpRequestCategories2 - I set POST api endpoints categories
14:58:36.702 [main] DEBUG net.thucydides.core.steps.StepInterceptor - STEP DONE: I set POST api endpoints categories
14:58:37.012 [main] DEBUG org.apache.http.impl.conn.BasicClientConnectionManager - Get connection for route {s}->https://altashop-api.fly.dev:443
14:58:37.012 [main] DEBUG org.apache.http.impl.conn.DefaultClientConnectionOperator - Connecting to altashop-api.fly.dev:443
14:58:37.235 [main] DEBUG org.apache.http.client.protocol.RequestAddCookies - CookieSpec selected: ignoreCookies
14:58:37.235 [main] DEBUG org.apache.http.client.protocol.RequestAuthCache - Auth cache not set in the context
14:58:37.235 [main] DEBUG org.apache.http.client.protocol.RequestTargetAuthentication - Target auth state: UNCHALLENGED
14:58:37.235 [main] DEBUG org.apache.http.client.protocol.RequestProxyAuthentication - Proxy auth state: UNCHALLENGED
14:58:37.235 [main] DEBUG org.apache.http.impl.client.DefaultHttpClient - Attempt 1 to execute request
14:58:37.235 [main] DEBUG org.apache.http.impl.conn.DefaultClientConnection - Sending request: POST /api/categories HTTP/1.1
14:58:37.235 [main] DEBUG org.apache.http.wire -  >> "POST /api/categories HTTP/1.1[\r][\n]"
14:58:37.235 [main] DEBUG org.apache.http.wire -  >> "Accept: */*[\r][\n]"
14:58:37.235 [main] DEBUG org.apache.http.wire -  >> "Content-Type: application/json[\r][\n]"
14:58:37.235 [main] DEBUG org.apache.http.wire -  >> "Content-Length: 17[\r][\n]"
14:58:37.236 [main] DEBUG org.apache.http.wire -  >> "Host: altashop-api.fly.dev[\r][\n]"
14:58:37.236 [main] DEBUG org.apache.http.wire -  >> "Connection: Keep-Alive[\r][\n]"
14:58:37.236 [main] DEBUG org.apache.http.wire -  >> "User-Agent: Apache-HttpClient/4.5.13 (Java/17.0.6)[\r][\n]"
14:58:37.236 [main] DEBUG org.apache.http.wire -  >> "Accept-Encoding: gzip,deflate[\r][\n]"
14:58:37.236 [main] DEBUG org.apache.http.wire -  >> "[\r][\n]"
14:58:37.236 [main] DEBUG org.apache.http.headers - >> POST /api/categories HTTP/1.1
14:58:37.236 [main] DEBUG org.apache.http.headers - >> Accept: */*
14:58:37.236 [main] DEBUG org.apache.http.headers - >> Content-Type: application/json
14:58:37.236 [main] DEBUG org.apache.http.headers - >> Content-Length: 17
14:58:37.236 [main] DEBUG org.apache.http.headers - >> Host: altashop-api.fly.dev
14:58:37.236 [main] DEBUG org.apache.http.headers - >> Connection: Keep-Alive
14:58:37.236 [main] DEBUG org.apache.http.headers - >> User-Agent: Apache-HttpClient/4.5.13 (Java/17.0.6)
14:58:37.236 [main] DEBUG org.apache.http.headers - >> Accept-Encoding: gzip,deflate
14:58:37.236 [main] DEBUG org.apache.http.wire -  >> "{"name":"Gaming"}"
14:58:37.265 [main] DEBUG org.apache.http.wire -  << "HTTP/1.1 200 OK[\r][\n]"
14:58:37.265 [main] DEBUG org.apache.http.wire -  << "content-type: application/json[\r][\n]"
14:58:37.265 [main] DEBUG org.apache.http.wire -  << "date: Mon, 29 May 2023 07:58:26 GMT[\r][\n]"
14:58:37.265 [main] DEBUG org.apache.http.wire -  << "content-encoding: gzip[\r][\n]"
14:58:37.265 [main] DEBUG org.apache.http.wire -  << "transfer-encoding: chunked[\r][\n]"
14:58:37.265 [main] DEBUG org.apache.http.wire -  << "server: Fly/fe06e9419 (2023-05-24)[\r][\n]"
14:58:37.265 [main] DEBUG org.apache.http.wire -  << "via: 1.1 fly.io[\r][\n]"
14:58:37.265 [main] DEBUG org.apache.http.wire -  << "fly-request-id: 01H1K87ZHHQ5RZCRP3A9MTJDBX-sin[\r][\n]"
14:58:37.265 [main] DEBUG org.apache.http.wire -  << "[\r][\n]"
14:58:37.266 [main] DEBUG org.apache.http.impl.conn.DefaultClientConnection - Receiving response: HTTP/1.1 200 OK
14:58:37.266 [main] DEBUG org.apache.http.headers - << HTTP/1.1 200 OK
14:58:37.266 [main] DEBUG org.apache.http.headers - << content-type: application/json
14:58:37.266 [main] DEBUG org.apache.http.headers - << date: Mon, 29 May 2023 07:58:26 GMT
14:58:37.266 [main] DEBUG org.apache.http.headers - << content-encoding: gzip
14:58:37.266 [main] DEBUG org.apache.http.headers - << transfer-encoding: chunked
14:58:37.266 [main] DEBUG org.apache.http.headers - << server: Fly/fe06e9419 (2023-05-24)
14:58:37.266 [main] DEBUG org.apache.http.headers - << via: 1.1 fly.io
14:58:37.266 [main] DEBUG org.apache.http.headers - << fly-request-id: 01H1K87ZHHQ5RZCRP3A9MTJDBX-sin
14:58:37.266 [main] DEBUG org.apache.http.impl.client.DefaultHttpClient - Connection can be kept alive indefinitely
14:58:37.268 [main] DEBUG io.restassured.internal.RestAssuredHttpBuilder - Parsing response as: application/json
14:58:37.268 [main] DEBUG org.apache.http.wire -  << "4B[\r][\n]"
14:58:37.268 [main] DEBUG org.apache.http.wire -  << "[0x1f][0x8b][0x8][0x0][0x0][0x0][0x0][0x0][0x4][0xff][0xab]VJI,IT[0xb2][0xaa]V[0xf2]tQ[0xb2]2[0xb2]453[0xd4]Q[0xf2]K[0xcc]MU[0xb2]RrO[0xcc][0xcd][0xcc]KW[0xd2]QrI-N.[0xca],([0xc9][0xcc][0xcf]S[0xb2]RR[0xaa][0xad][0xe5][0x2][0x0][0xa0][0x1a][0x93]~7[0x0][0x0][0x0]"
14:58:37.268 [main] DEBUG org.apache.http.wire -  << "[\r][\n]"
14:58:37.271 [main] DEBUG org.apache.http.wire -  << "0[\r][\n]"
14:58:37.272 [main] DEBUG org.apache.http.wire -  << "[\r][\n]"
14:58:37.272 [main] DEBUG io.restassured.internal.RestAssuredHttpBuilder - Parsed data to instance of: class org.apache.http.conn.EofSensorInputStream
14:58:37.287 [main] DEBUG org.apache.http.impl.conn.BasicClientConnectionManager - Releasing connection org.apache.http.impl.conn.ManagedClientConnectionImpl@43dddfdd
14:58:37.288 [main] DEBUG org.apache.http.impl.conn.BasicClientConnectionManager - Connection can be kept alive indefinitely
14:58:37.291 [main] DEBUG net.thucydides.core.steps.StepInterceptor - STEP DONE: I send POST HTTP request categories2
  &amp#27;[32mWhen &amp#27;[0m&amp#27;[32mI send POST HTTP request categories2&amp#27;[0m                        &amp#27;[90m# starter.stepdefinitions.CategoriesSteps.sendPostHttpRequestCategories2()&amp#27;[0m
14:58:37.302 [main] DEBUG net.thucydides.core.steps.StepInterceptor - STARTING STEP: CategoriesSteps.receiveValidHttp200Categories - I receive valid HTTP response code 200 categories
14:58:37.316 [main] DEBUG net.thucydides.core.steps.StepInterceptor - STEP DONE: I receive valid HTTP response code 200 categories
  &amp#27;[32mThen &amp#27;[0m&amp#27;[32mI receive valid HTTP response code 200 categories&amp#27;[0m           &amp#27;[90m# starter.stepdefinitions.CategoriesSteps.receiveValidHttp200Categories()&amp#27;[0m
14:58:37.336 [main] INFO  - 
  _____   ___   ___   _____     ___     _     ___   ___   ___   ___  
 |_   _| | __| / __| |_   _|   | _ \   /_\   / __| / __| | __| |   \ 
   | |   | _|  \__ \   | |     |  _/  / _ \  \__ \ \__ \ | _|  | |) |
   |_|   |___| |___/   |_|     |_|   /_/ \_\ |___/ |___/ |___| |___/ 

POST - Add new category without description data payload
----------------------------------------------------------------------
]]></system-out>
  </testcase>
  <testcase name="POST - Add new category without name data payload" classname="Categories" time="1.061">
    <system-out><![CDATA[
Scenario: POST - Add new category without name data payload &amp#27;[90m# src/test/resources/features/4. Categories.feature:17&amp#27;[0m
14:58:37.445 [main] DEBUG io.cucumber.core.plugin.SerenityReporter - Running feature from file:///C:/Users/user/Documents/GitHub/QE_Loyalty-Point/API_CICD_Minpro/src/test/resources/features/4.%20Categories.feature
14:58:37.464 [main] INFO  - 
  _____   ___   ___   _____     ___   _____     _     ___   _____   ___   ___  
 |_   _| | __| / __| |_   _|   / __| |_   _|   /_\   | _ \ |_   _| | __| |   \ 
   | |   | _|  \__ \   | |     \__ \   | |    / _ \  |   /   | |   | _|  | |) |
   |_|   |___| |___/   |_|     |___/   |_|   /_/ \_\ |_|_\   |_|   |___| |___/ 

POST - Add new category without name data payload(categories;post---add-new-category-without-name-data-payload)
--------------------------------------------------------------------------------
14:58:37.645 [main] DEBUG net.thucydides.core.steps.StepInterceptor - STARTING STEP: CategoriesSteps.setPostApiEndpointsf - I set POST api endpoints categories
14:58:37.834 [main] DEBUG net.thucydides.core.steps.StepInterceptor - STEP DONE: I set POST api endpoints categories
  &amp#27;[32mGiven &amp#27;[0m&amp#27;[32mI set POST api endpoints categories&amp#27;[0m                 &amp#27;[90m# starter.stepdefinitions.CategoriesSteps.setPostApiEndpointsf()&amp#27;[0m
14:58:37.893 [main] DEBUG net.thucydides.core.steps.StepInterceptor - STARTING STEP: CategoriesSteps.sendPostHttpRequestCategories3 - I send POST HTTP request categories3
14:58:37.999 [main] DEBUG net.thucydides.core.steps.StepInterceptor - STARTING STEP: Categories.sendPostHttpRequestCategories3 - I set POST api endpoints categories
14:58:37.999 [main] DEBUG net.thucydides.core.steps.StepInterceptor - STEP DONE: I set POST api endpoints categories
14:58:38.125 [main] DEBUG org.apache.http.impl.conn.BasicClientConnectionManager - Get connection for route {s}->https://altashop-api.fly.dev:443
14:58:38.125 [main] DEBUG org.apache.http.impl.conn.DefaultClientConnectionOperator - Connecting to altashop-api.fly.dev:443
14:58:38.286 [main] DEBUG org.apache.http.client.protocol.RequestAddCookies - CookieSpec selected: ignoreCookies
14:58:38.286 [main] DEBUG org.apache.http.client.protocol.RequestAuthCache - Auth cache not set in the context
14:58:38.286 [main] DEBUG org.apache.http.client.protocol.RequestTargetAuthentication - Target auth state: UNCHALLENGED
14:58:38.286 [main] DEBUG org.apache.http.client.protocol.RequestProxyAuthentication - Proxy auth state: UNCHALLENGED
14:58:38.287 [main] DEBUG org.apache.http.impl.client.DefaultHttpClient - Attempt 1 to execute request
14:58:38.287 [main] DEBUG org.apache.http.impl.conn.DefaultClientConnection - Sending request: POST /api/categories HTTP/1.1
14:58:38.287 [main] DEBUG org.apache.http.wire -  >> "POST /api/categories HTTP/1.1[\r][\n]"
14:58:38.287 [main] DEBUG org.apache.http.wire -  >> "Accept: */*[\r][\n]"
14:58:38.287 [main] DEBUG org.apache.http.wire -  >> "Content-Type: application/json[\r][\n]"
14:58:38.287 [main] DEBUG org.apache.http.wire -  >> "Content-Length: 37[\r][\n]"
14:58:38.287 [main] DEBUG org.apache.http.wire -  >> "Host: altashop-api.fly.dev[\r][\n]"
14:58:38.287 [main] DEBUG org.apache.http.wire -  >> "Connection: Keep-Alive[\r][\n]"
14:58:38.287 [main] DEBUG org.apache.http.wire -  >> "User-Agent: Apache-HttpClient/4.5.13 (Java/17.0.6)[\r][\n]"
14:58:38.287 [main] DEBUG org.apache.http.wire -  >> "Accept-Encoding: gzip,deflate[\r][\n]"
14:58:38.287 [main] DEBUG org.apache.http.wire -  >> "[\r][\n]"
14:58:38.287 [main] DEBUG org.apache.http.headers - >> POST /api/categories HTTP/1.1
14:58:38.287 [main] DEBUG org.apache.http.headers - >> Accept: */*
14:58:38.287 [main] DEBUG org.apache.http.headers - >> Content-Type: application/json
14:58:38.288 [main] DEBUG org.apache.http.headers - >> Content-Length: 37
14:58:38.288 [main] DEBUG org.apache.http.headers - >> Host: altashop-api.fly.dev
14:58:38.288 [main] DEBUG org.apache.http.headers - >> Connection: Keep-Alive
14:58:38.288 [main] DEBUG org.apache.http.headers - >> User-Agent: Apache-HttpClient/4.5.13 (Java/17.0.6)
14:58:38.288 [main] DEBUG org.apache.http.headers - >> Accept-Encoding: gzip,deflate
14:58:38.288 [main] DEBUG org.apache.http.wire -  >> "{"description":"For gaming purposes"}"
14:58:38.331 [main] DEBUG org.apache.http.wire -  << "HTTP/1.1 500 Internal Server Error[\r][\n]"
14:58:38.331 [main] DEBUG org.apache.http.wire -  << "content-type: application/json[\r][\n]"
14:58:38.331 [main] DEBUG org.apache.http.wire -  << "date: Mon, 29 May 2023 07:58:27 GMT[\r][\n]"
14:58:38.332 [main] DEBUG org.apache.http.wire -  << "content-encoding: gzip[\r][\n]"
14:58:38.332 [main] DEBUG org.apache.http.wire -  << "transfer-encoding: chunked[\r][\n]"
14:58:38.332 [main] DEBUG org.apache.http.wire -  << "server: Fly/fe06e9419 (2023-05-24)[\r][\n]"
14:58:38.332 [main] DEBUG org.apache.http.wire -  << "via: 1.1 fly.io[\r][\n]"
14:58:38.332 [main] DEBUG org.apache.http.wire -  << "fly-request-id: 01H1K880JSM49MJFJ9JCM3Y0RV-sin[\r][\n]"
14:58:38.332 [main] DEBUG org.apache.http.wire -  << "[\r][\n]"
14:58:38.332 [main] DEBUG org.apache.http.impl.conn.DefaultClientConnection - Receiving response: HTTP/1.1 500 Internal Server Error
14:58:38.332 [main] DEBUG org.apache.http.headers - << HTTP/1.1 500 Internal Server Error
14:58:38.332 [main] DEBUG org.apache.http.headers - << content-type: application/json
14:58:38.332 [main] DEBUG org.apache.http.headers - << date: Mon, 29 May 2023 07:58:27 GMT
14:58:38.332 [main] DEBUG org.apache.http.headers - << content-encoding: gzip
14:58:38.332 [main] DEBUG org.apache.http.headers - << transfer-encoding: chunked
14:58:38.332 [main] DEBUG org.apache.http.headers - << server: Fly/fe06e9419 (2023-05-24)
14:58:38.332 [main] DEBUG org.apache.http.headers - << via: 1.1 fly.io
14:58:38.332 [main] DEBUG org.apache.http.headers - << fly-request-id: 01H1K880JSM49MJFJ9JCM3Y0RV-sin
14:58:38.333 [main] DEBUG org.apache.http.impl.client.DefaultHttpClient - Connection can be kept alive indefinitely
14:58:38.333 [main] DEBUG io.restassured.internal.RestAssuredHttpBuilder - Parsing response as: application/json
14:58:38.333 [main] DEBUG org.apache.http.wire -  << "82[\r][\n]"
14:58:38.333 [main] DEBUG org.apache.http.wire -  << "[0x1f][0x8b][0x8][0x0][0x0][0x0][0x0][0x0][0x4][0xff][0xab]VJ-*[0xca]/R[0xb2]Rr[\r][\n]"
14:58:38.333 [main] DEBUG org.apache.http.wire -  << "[0xf2][0xf][0xb2]R[0xc8]K-W([0xca]/WH[0xcb]/R(J[0xcd]I,[0xc9][0xcc][0xcf]S[0x88]QJN,IM[0xcf]/[0xca]L-[0x8e]QR([0xcb][0xcc][0xcf]I,I-VH[0xce]HM[0xce]VH[0xce][0xcf]+.)J[0xcc][0xcc]+AQ[0x18][0x9f][0x97][0x98][0x9b][0x1a][0xf]V[0x12][0xa3][0xa4][0xa0][0x11][0x1c][0xe8][0x13][0x1c][0xe2][0x18][0xe2][0xaa]`dljh[0xa2][0xa9]T[0xcb][0x5][0x0]p%[0xdd]o|[0x0][0x0][0x0]"
14:58:38.333 [main] DEBUG org.apache.http.wire -  << "[\r][\n]"
14:58:38.334 [main] DEBUG org.apache.http.wire -  << "0[\r][\n]"
14:58:38.334 [main] DEBUG org.apache.http.wire -  << "[\r][\n]"
14:58:38.334 [main] DEBUG io.restassured.internal.RestAssuredHttpBuilder - Parsed data to instance of: class org.apache.http.conn.EofSensorInputStream
14:58:38.337 [main] DEBUG org.apache.http.impl.conn.BasicClientConnectionManager - Releasing connection org.apache.http.impl.conn.ManagedClientConnectionImpl@156eeff1
14:58:38.338 [main] DEBUG org.apache.http.impl.conn.BasicClientConnectionManager - Connection can be kept alive indefinitely
14:58:38.343 [main] DEBUG net.thucydides.core.steps.StepInterceptor - STEP DONE: I send POST HTTP request categories3
  &amp#27;[32mWhen &amp#27;[0m&amp#27;[32mI send POST HTTP request categories3&amp#27;[0m                 &amp#27;[90m# starter.stepdefinitions.CategoriesSteps.sendPostHttpRequestCategories3()&amp#27;[0m
14:58:38.362 [main] DEBUG net.thucydides.core.steps.StepInterceptor - STARTING STEP: CategoriesSteps.receiveValidHttp500Categories - I receive valid HTTP response code 500 categories
14:58:38.365 [main] DEBUG net.thucydides.core.steps.StepInterceptor - STEP DONE: I receive valid HTTP response code 500 categories
  &amp#27;[32mThen &amp#27;[0m&amp#27;[32mI receive valid HTTP response code 500 categories&amp#27;[0m    &amp#27;[90m# starter.stepdefinitions.CategoriesSteps.receiveValidHttp500Categories()&amp#27;[0m
14:58:38.387 [Finalizer] DEBUG org.apache.http.impl.conn.DefaultClientConnection - Connection 0.0.0.0:55453<->149.248.193.56:443 closed
14:58:38.391 [Finalizer] DEBUG org.apache.http.impl.conn.DefaultClientConnection - Connection 0.0.0.0:55452<->149.248.193.56:443 closed
14:58:38.394 [Finalizer] DEBUG org.apache.http.impl.conn.DefaultClientConnection - Connection 0.0.0.0:55454<->149.248.193.56:443 closed
14:58:38.397 [main] INFO  - 
  _____   ___   ___   _____     ___     _     ___   ___   ___   ___  
 |_   _| | __| / __| |_   _|   | _ \   /_\   / __| / __| | __| |   \ 
   | |   | _|  \__ \   | |     |  _/  / _ \  \__ \ \__ \ | _|  | |) |
   |_|   |___| |___/   |_|     |_|   /_/ \_\ |___/ |___/ |___| |___/ 

POST - Add new category without name data payload
----------------------------------------------------------------------
]]></system-out>
  </testcase>
  <testcase name="GET - Get list all categories" classname="Categories" time="1.158">
    <system-out><![CDATA[
Scenario: GET - Get list all categories                  &amp#27;[90m# src/test/resources/features/4. Categories.feature:22&amp#27;[0m
14:58:38.674 [main] DEBUG io.cucumber.core.plugin.SerenityReporter - Running feature from file:///C:/Users/user/Documents/GitHub/QE_Loyalty-Point/API_CICD_Minpro/src/test/resources/features/4.%20Categories.feature
14:58:38.684 [main] INFO  - 
  _____   ___   ___   _____     ___   _____     _     ___   _____   ___   ___  
 |_   _| | __| / __| |_   _|   / __| |_   _|   /_\   | _ \ |_   _| | __| |   \ 
   | |   | _|  \__ \   | |     \__ \   | |    / _ \  |   /   | |   | _|  | |) |
   |_|   |___| |___/   |_|     |___/   |_|   /_/ \_\ |_|_\   |_|   |___| |___/ 

GET - Get list all categories(categories;get---get-list-all-categories)
--------------------------------------------------------------------------------
14:58:38.727 [main] DEBUG net.thucydides.core.steps.StepInterceptor - STARTING STEP: CategoriesSteps.setGetApiEndpoints - I set GET api endpoints categories
14:58:38.731 [main] DEBUG net.thucydides.core.steps.StepInterceptor - STEP DONE: I set GET api endpoints categories
  &amp#27;[32mGiven &amp#27;[0m&amp#27;[32mI set GET api endpoints categories&amp#27;[0m               &amp#27;[90m# starter.stepdefinitions.CategoriesSteps.setGetApiEndpoints()&amp#27;[0m
14:58:38.803 [main] DEBUG net.thucydides.core.steps.StepInterceptor - STARTING STEP: CategoriesSteps.sentGetHttpRequestCategories - I send GET HTTP request categories
14:58:38.833 [main] DEBUG net.thucydides.core.steps.StepInterceptor - STARTING STEP: Categories.sendGetHttpRequestCategories - I set GET api endpoints categories
14:58:38.834 [main] DEBUG net.thucydides.core.steps.StepInterceptor - STEP DONE: I set GET api endpoints categories
14:58:39.010 [main] DEBUG org.apache.http.impl.conn.BasicClientConnectionManager - Get connection for route {s}->https://altashop-api.fly.dev:443
14:58:39.011 [main] DEBUG org.apache.http.impl.conn.DefaultClientConnectionOperator - Connecting to altashop-api.fly.dev:443
14:58:39.201 [main] DEBUG org.apache.http.client.protocol.RequestAddCookies - CookieSpec selected: ignoreCookies
14:58:39.201 [main] DEBUG org.apache.http.client.protocol.RequestAuthCache - Auth cache not set in the context
14:58:39.202 [main] DEBUG org.apache.http.client.protocol.RequestTargetAuthentication - Target auth state: UNCHALLENGED
14:58:39.202 [main] DEBUG org.apache.http.client.protocol.RequestProxyAuthentication - Proxy auth state: UNCHALLENGED
14:58:39.202 [main] DEBUG org.apache.http.impl.client.DefaultHttpClient - Attempt 1 to execute request
14:58:39.202 [main] DEBUG org.apache.http.impl.conn.DefaultClientConnection - Sending request: GET /api/categories HTTP/1.1
14:58:39.202 [main] DEBUG org.apache.http.wire -  >> "GET /api/categories HTTP/1.1[\r][\n]"
14:58:39.202 [main] DEBUG org.apache.http.wire -  >> "Accept: */*[\r][\n]"
14:58:39.202 [main] DEBUG org.apache.http.wire -  >> "Host: altashop-api.fly.dev[\r][\n]"
14:58:39.202 [main] DEBUG org.apache.http.wire -  >> "Connection: Keep-Alive[\r][\n]"
14:58:39.202 [main] DEBUG org.apache.http.wire -  >> "User-Agent: Apache-HttpClient/4.5.13 (Java/17.0.6)[\r][\n]"
14:58:39.202 [main] DEBUG org.apache.http.wire -  >> "Accept-Encoding: gzip,deflate[\r][\n]"
14:58:39.202 [main] DEBUG org.apache.http.wire -  >> "[\r][\n]"
14:58:39.202 [main] DEBUG org.apache.http.headers - >> GET /api/categories HTTP/1.1
14:58:39.202 [main] DEBUG org.apache.http.headers - >> Accept: */*
14:58:39.202 [main] DEBUG org.apache.http.headers - >> Host: altashop-api.fly.dev
14:58:39.202 [main] DEBUG org.apache.http.headers - >> Connection: Keep-Alive
14:58:39.202 [main] DEBUG org.apache.http.headers - >> User-Agent: Apache-HttpClient/4.5.13 (Java/17.0.6)
14:58:39.202 [main] DEBUG org.apache.http.headers - >> Accept-Encoding: gzip,deflate
14:58:39.231 [main] DEBUG org.apache.http.wire -  << "HTTP/1.1 200 OK[\r][\n]"
14:58:39.231 [main] DEBUG org.apache.http.wire -  << "content-type: application/json[\r][\n]"
14:58:39.231 [main] DEBUG org.apache.http.wire -  << "date: Mon, 29 May 2023 07:58:28 GMT[\r][\n]"
14:58:39.231 [main] DEBUG org.apache.http.wire -  << "transfer-encoding: chunked[\r][\n]"
14:58:39.231 [main] DEBUG org.apache.http.wire -  << "content-encoding: gzip[\r][\n]"
14:58:39.231 [main] DEBUG org.apache.http.wire -  << "server: Fly/fe06e9419 (2023-05-24)[\r][\n]"
14:58:39.231 [main] DEBUG org.apache.http.wire -  << "via: 1.1 fly.io[\r][\n]"
14:58:39.232 [main] DEBUG org.apache.http.wire -  << "fly-request-id: 01H1K881F0R201SNB7DWNYER03-sin[\r][\n]"
14:58:39.232 [main] DEBUG org.apache.http.wire -  << "[\r][\n]"
14:58:39.232 [main] DEBUG org.apache.http.impl.conn.DefaultClientConnection - Receiving response: HTTP/1.1 200 OK
14:58:39.232 [main] DEBUG org.apache.http.headers - << HTTP/1.1 200 OK
14:58:39.232 [main] DEBUG org.apache.http.headers - << content-type: application/json
14:58:39.232 [main] DEBUG org.apache.http.headers - << date: Mon, 29 May 2023 07:58:28 GMT
14:58:39.232 [main] DEBUG org.apache.http.headers - << transfer-encoding: chunked
14:58:39.232 [main] DEBUG org.apache.http.headers - << content-encoding: gzip
14:58:39.232 [main] DEBUG org.apache.http.headers - << server: Fly/fe06e9419 (2023-05-24)
14:58:39.232 [main] DEBUG org.apache.http.headers - << via: 1.1 fly.io
14:58:39.232 [main] DEBUG org.apache.http.headers - << fly-request-id: 01H1K881F0R201SNB7DWNYER03-sin
14:58:39.237 [main] DEBUG org.apache.http.impl.client.DefaultHttpClient - Connection can be kept alive indefinitely
14:58:39.238 [main] DEBUG io.restassured.internal.RestAssuredHttpBuilder - Parsing response as: application/json
14:58:39.238 [main] DEBUG org.apache.http.wire -  << "1D3[\r][\n]"
14:58:39.238 [main] DEBUG org.apache.http.wire -  << "[0x1f][0x8b][0x8][0x0][0x0][0x0][0x0][0x0][0x4][0xff][0xaa]VJI,IT[0xb2][0x8a][0xae]V[0xf2]tQ[0xb2]2[0xb2]467[0xd1]Q[0xf2]K[0xcc]MU[0xb2]RrO[0xcc][0xcd][0xcc]KW[0xd2]QrI-N.[0xca],([0xc9][0xcc][0xcf]S[0xb2]Rr[0xcb]/RH[0x7]K)[0x14][0x94][0x16][0x15][0xe4][0x17][0xa7][0x16]+[0xd5][0xea] [0xc]0[0xa5][0xd4][0x0]sJ[\r][0xb0][0xa0][0xd4][0x0]K[\n]"
14:58:39.239 [main] DEBUG org.apache.http.wire -  << "[\r][0xb0]0[0xa0][0xd4][0x0]C[0xb8][0x1][0x90][0xa0][0xc6][0x88][0x85]4[0xfc][0xb1]`aD[0xc8][0x0][0xe4]8[0xb3]0[0x83][0xab]&/[0xd2]-[0x10]qF[0xa6]{[0x11]q[0x86][0xc3][0x0]d[0xf7]Z[0x12][0xf4][0x1d][0x81][0xe0][0xb1]4[0x86]{[0x98][0x18][0xeb][0x10][0xbe]#/x,[0x11][0xbe]#[0xd3][0x0][\n]"
14:58:39.241 [main] DEBUG org.apache.http.wire -  << "S[0xa4][0x89][0x1][0x85])[0xd2][0xc4][0x0][0x91]"qx[0x1])[0x82]L[0xc][0x10][0xe1][0x8b]C5[0xfe]R[0xc4][0xc4][0x80]`1[0x84]b[0x1d][0x85][0xe9][0xd7][0xc4][0x80][0xc2][0x18]61[0xa0]0[0x86]M[0xc][0x8][0xc6]0[0xb2][0x87][\r][0x9][0xc6][0x6][0x81][0xf0]5D[0xe4] [0xf2]"[0xc8][0x90][0xd2][0x18]6D[0xc4]0[0x8e],[0x88]?[0xf][0x9b][0x18]RX[0xd1][0x98][0x18]R[0x9a]j[0xc][0x11][0xa9][0x86]L/[0x10][0x8c]t[0x2][0xd1]hDi[0xb6]6[0xa2]4![0x19]Q[0x9a][0x90][0x8c][0x8]&$[0xe4][0x84]o[0x84][0x88]t[0xf2][0x82][0xdc][0x8][0x11][0xe9]d[0x1a]@i[0xa4][0x1b]QZT[0x18]!R[\r]y^0[0xa6]4[0xd5][0x18]#R[\r][0x99].@[0xa4][0x1a]2[\r]@[0xa4][0x1a][0x1c][0x6] [0xa7][0x1a]cJ[0xe3][0xcc][0x18][0x11]gDXg[0x82][0xf0][0x1d]y[0x85][0xab][0x9]A[0xdf][0x11]([0x1b]M[0x10][0x85]+[0x99].@[0xe4]3[0x1c][0x6] [0x87][0xaf][0x9]"|q[0xa8]&P[0x8e][0x99][0x10][0xc]_B[0x1e]F[0xe4][0x9][0xf2]\`[0x8a][0xc8][0x13]8b[0x98][0x80][0xb]L[0x11]y[0x2]I[0xa5][0x91][0x11]F[0xcb][0xbd] '[0xb1]R!#[0xb1]X!/_!'37[0xb3][0x4][0xb9][0xfb]dbJi[0xda]1[0xa5]4[0xed][0x98]R[0x9a]vL[0x11]i[0x87][0xcc][0xa0]D[0x94][0xd1]dF&"=[0x92][0xe9][0x2]Dz$[0xd3][0x5][0xa4][0xa4]G[0x0][0x0][0x0][0x0][0xff][0xff]"
14:58:39.241 [main] DEBUG org.apache.http.wire -  << "[\r][\n]"
14:58:39.251 [main] DEBUG org.apache.http.wire -  << "321[\r][\n]"
14:58:39.251 [main] DEBUG org.apache.http.wire -  << "[0xc2][0xd2][0x8d]61[0xa3]4=[0x9a]![0xd2]#ya`[0x86]H[0x89]8[0xc]@.[0x2][0xcc][0x10]q[0x86]C5R[0xae][0xc0][0xea]aJ[0x83][0xdc][0xc][0x11][0xe4][0xe4][0xb9][0xc0][0x9c][0xd2] 7G[0x4][0xb9]{j[0x9e]B[0x14]F[0xd6]ON,Q[0x80][0xc8] [0x6]LL[0xcc][0x9][0x86]3[0x81][0x90]3[0xa7]4[0xc7]#[0x8d][0xf9][0xf8][0xa5][0x96]+[0x4][0x14][0xe5][0xa7][0x94]&[0x97]`[0xb8][0x1e][0xc1]e[0x8e][0xc8][0xf5][0xe4]e[0x19]sD[\n]"
14:58:39.251 [main] DEBUG org.apache.http.wire -  << "[0xc2]a[0x0]rz3G$[0x17][\n]"
14:58:39.251 [main] DEBUG org.apache.http.wire -  << "[0xdc]Li[0x92][0xa1]t[0xa0][0xc7][0xc4][0x2])[0xc9][0x80][0xc7][0xd4]0B[0x1d][0xd9][0xd3][0x16][0x94][0xc6][0xb4][0x5][0xa2]l'/[0x8f]X b[0x99]L[0x3][0x10][0xb1]L[0xa6][0x1][0x88][0xb2][0x1d]G2![0xd0][0xd6][0xb0]@[0xa4][0x1c]2][0x80]H5[0xe4][0xb9][0xc0][0x92][0xd2][0x82][0xc6][0x12][0x91]j[0xc8]O[0xfc][0x94][0xe][0xa2][0x99][0x10][0x1e]D#PpYR[0x9a][0x1a]-[0x11][0xa9][0x91][0xcc][0x98][0xa0]45Z"RcIjqI&[0xa8]6[0xc7]Q|[0x96]dd[0x16]+d[0x16]+[0x94]d[0xa4]*[0x14]@[0xd4]([0xa4] [0x8d][0xac]#U[0x9]H[0xe3][0x85][0x84]LE*[0x1e]L[0x91][0x6][0xf9][0x8]i#[0xde]1[0xa6][0x6][0x14][0xd6]O[0xa6]H[0x83][0x81]de8S[0xa4][0xc1]@[0x1c][0x6][0xa0][0x84][0x2][0x85][0xf9][0xdb][0x14]i([0xe][0x87]u[0xf8][0xd3][0xb5][0xa9]![0x85][0xf9][0xdb][0x94][0xd2][0xe1]=S[0xa4][0xe1]=[0xb2][0xb][0x8]S[0xa4]!>*&'[0xa4]q?B[0xa6]"[0xc7]*[0xd2]`[0x1d]!m$[0xa4]mCDZ![0xab][0x0]15D[0xd4][0x5][0xe4][0xa5][0x15][0xa4][0x11]<[0x1c][0x6] [0x87][0x82][0x11][0xa2][0xc4]$[0xcf][0xbd][0x94][0x8e][0x9f][0x99]"[0x8d][0x9f]9'[0x96][0xa4][0xa6][0xe7][0x17]U*8[0x96][0xe6]d&b4\2[0xf3]2[0x15][0x92]aJ[0x12][0xc1]J[0x10]E[0x9c][0xa9][0x11][0xa2][0xe0][0xa4][0xcc][0x1c]D[0xc]Rf[0xe]"")2[0x7]il[\r]G|[0x12](<[0x90][0xc6][0xd6][0x2]R[0x8b][0x92]+[0x15][0xc2]S[0x13][0x8b]sR+1[0xc2]7([0xb1],5/9'[0xb1][0x1c]9[0x81][0x18]SZX[0x1b]S[0xd8][0xc4]45F$Q2[0x3][0x0]Q[0xa9][0x93]i[0x0][0x85][0x95][0xba])[0xa5][0xc3][0x85][0xa6]$[\r][0x17][0x9a]"[\r][0x17][0x92][0xe7]a[0xc2][0xc3][0x85][0xc8]I[0x4]i[0xb0].8[0xb3]([0xb3][0xb4]X[0xc1])'19[0x1b]#}[0x5][0x94]f[0x97][0x97][0xa6][0xa4]g[0xa6][0xa2]hFd7[0x9f][0xd2][0x94]|[0x5][0xa7][0xc4][0xf4][0xdc][0xc4]<[0xc][0xbd][0xe1][0x89][0xb9][0x5][0xa5][0xc8][0xe3]Z[0xa6]&[0x88][0xfc][0xe5]^[0x94]Y[0x9c][0x9a][0x93][0x92][0xa8][0xe0][0x9b]X[0x94][0x9c][0x91][0x94][0x98][0x97]][0x8c]a[0x80]{QeZZf^J~[0x11][0xb2][0xed]H[0x83]t[0xde][0x89]%[0x99][0xa9][\n]"
14:58:39.251 [main] DEBUG org.apache.http.wire -  << "N[0xa9]99[0x18]z1-G[0x1a][0x9b][0xf3])[0xcd]KT[0xf0][0xc9]/KM[0xcf][0xcf]O[0xc1][0xd0][0xea]Q[0x9a][0x96][0x96][0x93]ZP[0x9a][0x96][0x86]b-"S[0xb9][0x16][0x15][0xe5]c[0xda][0x88]5+"[\r][0xc4][0xb9][0x17]%[0x96][0x17]`X[0x86][0xc3][0x8f][0x88][0xfc][0x83][0xa3][0x88][0x87][0xd6](.D[0xe4][0x99][0x80][0xd4][0xa2][0xcc][0x82][0x8c][0xd4][0xa2][0xc4][0x1c][0x5][0x1c][0xfa]}[0xf3]K[0x8b]Su[0x14][0xbc]S+[0x93][0xf2][0x13][0x8b]Rt[0x14]<R[0x13]S[\n]"
14:58:39.251 [main] DEBUG org.apache.http.wire -  << "2[0xf2][0xf3]R[0x15]\C[0x9c]Q[0x8c]E[0xe4]$[0xaa][0x1a][0x8b]([0xfb][0xa9]j,"m:f'%[0x16])[0x4]eVeW*[0xb8]%f[0x14][0x95][0x16][0xe5]Wa[0x96][0xa0][0xb9][0xa0]*[0xaa][0xa0](?+5[0xb9][0x4][0xc5][0xdb][0x88][0xb4]J^[0x86]D[0x1a][0xbc][0xc3][0x11][0x7][0xf8][0xfb][0xa8][0xa6]H[0x83]w8[0xc]P[0xaa][0x8d][0xad][0xe5][0x2][0x0][0x0][0x0][0xff][0xff]"
14:58:39.251 [main] DEBUG org.apache.http.wire -  << "[\r][\n]"
14:58:39.254 [main] DEBUG org.apache.http.wire -  << "A[\r][\n]"
14:58:39.254 [main] DEBUG org.apache.http.wire -  << "[0x3][0x0]?[0xa6]N [0xbf]#[0x0][0x0]"
14:58:39.270 [main] DEBUG org.apache.http.wire -  << "[\r][\n]"
14:58:39.282 [main] DEBUG org.apache.http.wire -  << "0[\r][\n]"
14:58:39.282 [main] DEBUG org.apache.http.wire -  << "[\r][\n]"
14:58:39.282 [main] DEBUG io.restassured.internal.RestAssuredHttpBuilder - Parsed data to instance of: class org.apache.http.conn.EofSensorInputStream
14:58:39.288 [main] DEBUG org.apache.http.impl.conn.BasicClientConnectionManager - Releasing connection org.apache.http.impl.conn.ManagedClientConnectionImpl@a72925
14:58:39.291 [main] DEBUG org.apache.http.impl.conn.BasicClientConnectionManager - Connection can be kept alive indefinitely
14:58:39.532 [main] DEBUG net.thucydides.core.steps.StepInterceptor - STEP DONE: I send GET HTTP request categories
  &amp#27;[32mWhen &amp#27;[0m&amp#27;[32mI send GET HTTP request categories&amp#27;[0m                &amp#27;[90m# starter.stepdefinitions.CategoriesSteps.sentGetHttpRequestCategories()&amp#27;[0m
14:58:39.552 [main] DEBUG net.thucydides.core.steps.StepInterceptor - STARTING STEP: CategoriesSteps.receiveValidHttp200Categories - I receive valid HTTP response code 200 categories
14:58:39.553 [main] DEBUG net.thucydides.core.steps.StepInterceptor - STEP DONE: I receive valid HTTP response code 200 categories
  &amp#27;[32mThen &amp#27;[0m&amp#27;[32mI receive valid HTTP response code 200 categories&amp#27;[0m &amp#27;[90m# starter.stepdefinitions.CategoriesSteps.receiveValidHttp200Categories()&amp#27;[0m
14:58:39.577 [main] INFO  - 
  _____   ___   ___   _____     ___     _     ___   ___   ___   ___  
 |_   _| | __| / __| |_   _|   | _ \   /_\   / __| / __| | __| |   \ 
   | |   | _|  \__ \   | |     |  _/  / _ \  \__ \ \__ \ | _|  | |) |
   |_|   |___| |___/   |_|     |_|   /_/ \_\ |___/ |___/ |___| |___/ 

GET - Get list all categories
----------------------------------------------------------------------
]]></system-out>
  </testcase>
  <testcase name="GET - Get categories by ID" classname="Categories" time="0.609">
    <system-out><![CDATA[
Scenario: GET - Get categories by ID                     &amp#27;[90m# src/test/resources/features/4. Categories.feature:27&amp#27;[0m
14:58:39.607 [main] DEBUG io.cucumber.core.plugin.SerenityReporter - Running feature from file:///C:/Users/user/Documents/GitHub/QE_Loyalty-Point/API_CICD_Minpro/src/test/resources/features/4.%20Categories.feature
14:58:39.616 [main] INFO  - 
  _____   ___   ___   _____     ___   _____     _     ___   _____   ___   ___  
 |_   _| | __| / __| |_   _|   / __| |_   _|   /_\   | _ \ |_   _| | __| |   \ 
   | |   | _|  \__ \   | |     \__ \   | |    / _ \  |   /   | |   | _|  | |) |
   |_|   |___| |___/   |_|     |___/   |_|   /_/ \_\ |_|_\   |_|   |___| |___/ 

GET - Get categories by ID(categories;get---get-categories-by-id)
--------------------------------------------------------------------------------
14:58:39.751 [main] DEBUG net.thucydides.core.steps.StepInterceptor - STARTING STEP: CategoriesSteps.setGetApiEndpoints - I set GET api endpoints categories
14:58:39.753 [main] DEBUG net.thucydides.core.steps.StepInterceptor - STEP DONE: I set GET api endpoints categories
  &amp#27;[32mGiven &amp#27;[0m&amp#27;[32mI set GET api endpoints categories&amp#27;[0m               &amp#27;[90m# starter.stepdefinitions.CategoriesSteps.setGetApiEndpoints()&amp#27;[0m
14:58:39.792 [main] DEBUG net.thucydides.core.steps.StepInterceptor - STARTING STEP: CategoriesSteps.sendGetHttpRequestCategories2 - I send GET HTTP request categories2
14:58:39.797 [main] DEBUG net.thucydides.core.steps.StepInterceptor - STARTING STEP: Categories.sendGetHttpRequestCategories2 - I set GET api endpoints categories
14:58:39.797 [main] DEBUG net.thucydides.core.steps.StepInterceptor - STEP DONE: I set GET api endpoints categories
14:58:39.879 [main] DEBUG org.apache.http.impl.conn.BasicClientConnectionManager - Get connection for route {s}->https://altashop-api.fly.dev:443
14:58:39.880 [main] DEBUG org.apache.http.impl.conn.DefaultClientConnectionOperator - Connecting to altashop-api.fly.dev:443
14:58:40.054 [main] DEBUG org.apache.http.client.protocol.RequestAddCookies - CookieSpec selected: ignoreCookies
14:58:40.055 [main] DEBUG org.apache.http.client.protocol.RequestAuthCache - Auth cache not set in the context
14:58:40.055 [main] DEBUG org.apache.http.client.protocol.RequestTargetAuthentication - Target auth state: UNCHALLENGED
14:58:40.055 [main] DEBUG org.apache.http.client.protocol.RequestProxyAuthentication - Proxy auth state: UNCHALLENGED
14:58:40.056 [main] DEBUG org.apache.http.impl.client.DefaultHttpClient - Attempt 1 to execute request
14:58:40.056 [main] DEBUG org.apache.http.impl.conn.DefaultClientConnection - Sending request: GET /api/categories HTTP/1.1
14:58:40.056 [main] DEBUG org.apache.http.wire -  >> "GET /api/categories HTTP/1.1[\r][\n]"
14:58:40.056 [main] DEBUG org.apache.http.wire -  >> "Accept: */*[\r][\n]"
14:58:40.056 [main] DEBUG org.apache.http.wire -  >> "Host: altashop-api.fly.dev[\r][\n]"
14:58:40.056 [main] DEBUG org.apache.http.wire -  >> "Connection: Keep-Alive[\r][\n]"
14:58:40.056 [main] DEBUG org.apache.http.wire -  >> "User-Agent: Apache-HttpClient/4.5.13 (Java/17.0.6)[\r][\n]"
14:58:40.056 [main] DEBUG org.apache.http.wire -  >> "Accept-Encoding: gzip,deflate[\r][\n]"
14:58:40.060 [main] DEBUG org.apache.http.wire -  >> "[\r][\n]"
14:58:40.060 [main] DEBUG org.apache.http.headers - >> GET /api/categories HTTP/1.1
14:58:40.060 [main] DEBUG org.apache.http.headers - >> Accept: */*
14:58:40.060 [main] DEBUG org.apache.http.headers - >> Host: altashop-api.fly.dev
14:58:40.060 [main] DEBUG org.apache.http.headers - >> Connection: Keep-Alive
14:58:40.060 [main] DEBUG org.apache.http.headers - >> User-Agent: Apache-HttpClient/4.5.13 (Java/17.0.6)
14:58:40.060 [main] DEBUG org.apache.http.headers - >> Accept-Encoding: gzip,deflate
14:58:40.094 [main] DEBUG org.apache.http.wire -  << "HTTP/1.1 200 OK[\r][\n]"
14:58:40.094 [main] DEBUG org.apache.http.wire -  << "content-type: application/json[\r][\n]"
14:58:40.094 [main] DEBUG org.apache.http.wire -  << "date: Mon, 29 May 2023 07:58:29 GMT[\r][\n]"
14:58:40.094 [main] DEBUG org.apache.http.wire -  << "transfer-encoding: chunked[\r][\n]"
14:58:40.094 [main] DEBUG org.apache.http.wire -  << "content-encoding: gzip[\r][\n]"
14:58:40.094 [main] DEBUG org.apache.http.wire -  << "server: Fly/fe06e9419 (2023-05-24)[\r][\n]"
14:58:40.094 [main] DEBUG org.apache.http.wire -  << "via: 1.1 fly.io[\r][\n]"
14:58:40.094 [main] DEBUG org.apache.http.wire -  << "fly-request-id: 01H1K8829V9KWHHDRXRDNVA0CZ-sin[\r][\n]"
14:58:40.094 [main] DEBUG org.apache.http.wire -  << "[\r][\n]"
14:58:40.094 [main] DEBUG org.apache.http.impl.conn.DefaultClientConnection - Receiving response: HTTP/1.1 200 OK
14:58:40.094 [main] DEBUG org.apache.http.headers - << HTTP/1.1 200 OK
14:58:40.094 [main] DEBUG org.apache.http.headers - << content-type: application/json
14:58:40.094 [main] DEBUG org.apache.http.headers - << date: Mon, 29 May 2023 07:58:29 GMT
14:58:40.094 [main] DEBUG org.apache.http.headers - << transfer-encoding: chunked
14:58:40.094 [main] DEBUG org.apache.http.headers - << content-encoding: gzip
14:58:40.095 [main] DEBUG org.apache.http.headers - << server: Fly/fe06e9419 (2023-05-24)
14:58:40.095 [main] DEBUG org.apache.http.headers - << via: 1.1 fly.io
14:58:40.095 [main] DEBUG org.apache.http.headers - << fly-request-id: 01H1K8829V9KWHHDRXRDNVA0CZ-sin
14:58:40.095 [main] DEBUG org.apache.http.impl.client.DefaultHttpClient - Connection can be kept alive indefinitely
14:58:40.096 [main] DEBUG io.restassured.internal.RestAssuredHttpBuilder - Parsing response as: application/json
14:58:40.096 [main] DEBUG org.apache.http.wire -  << "CE[\r][\n]"
14:58:40.096 [main] DEBUG org.apache.http.wire -  << "[0x1f][0x8b][0x8][0x0][0x0][0x0][0x0][0x0][0x4][0xff][0xaa]VJI,IT[0xb2][0x8a][0xae]V[0xf2]tQ[0xb2]2[0xb2]467[0xd1]Q[0xf2]K[0xcc]MU[0xb2]RrO[0xcc][0xcd][0xcc]KW[0xd2]QrI-N.[0xca],([0xc9][0xcc][0xcf]S[0xb2]Rr[0xcb]/RH[0x7]K)[0x14][0x94][0x16][0x15][0xe4][0x17][0xa7][0x16]+[0xd5][0xea] [0xc]0[0xa5][0xd4][0x0]sJ[\r][0xb0][0xa0][0xd4][0x0]K[\n]"
14:58:40.096 [main] DEBUG org.apache.http.wire -  << "[\r][0xb0]0[0xa0][0xd4][0x0]C[0xb8][0x1][0x90][0xa0][0xc6][0x88][0x85]4[0xfc][0xb1]`aD[0xc8][0x0][0xe4]8[0xb3]0[0x83][0xab]&/[0xd2]-[0x10]qF[0xa6]{[0x11]q[0x86][0xc3][0x0]d[0xf7]Z[0x12][0xf4][0x1d][0x81][0xe0][0xb1]4[0x86]{[0x98][0x18][0xeb][0x10][0xbe]#/x,[0x11][0xbe]#[0xd3][0x0][\n]"
14:58:40.096 [main] DEBUG org.apache.http.wire -  << "S[0xa4][0x89][0x1][0x85])[0xd2][0xc4][0x0][0x91]"qx[0x1])[0x82]L[0xc][0x10][0xe1][0x8b]C5[0xfe]R[0xc4][0xc4][0x80]`1[0x84]b[0x1d][0xf6][0xf4][0xb][0x0][0x0][0x0][0xff][0xff]"
14:58:40.096 [main] DEBUG org.apache.http.wire -  << "[\r][\n]"
14:58:40.097 [main] DEBUG org.apache.http.wire -  << "426[\r][\n]"
14:58:40.097 [main] DEBUG org.apache.http.wire -  << ""[0xba][0xd0]21[0xa0]0[0x86]M[0xc]([0x8c]a[0x13][0x3][0x82]1[0x8c][0xec]aC[0x82][0xb1]A |[\r][0x11]9[0x88][0xbc][0x8]2[0xa4]4[0x86][\r][0x11]1[0x8c]#[0xb][0xe2][0xcf][0xc3]&[0x86][0x14]V4&[0x86][0x94][0xa6][0x1a]CD[0xaa]![0xd3][0xb][0x4]#[0x9d]@4[0x1a]Q[0x9a][0xad][0x8d](MHF[0x94]&$#[0x82][0x9][0x9]9[0xe1][0x1b]!"[0x9d][0xbc] 7BD:[0x99][0x6]P[0x1a][0xe9]F[0x94][0x16][0x15]F[0x88]TC[0x9e][0x17][0x8c])M5[0xc6][0x88]TC[0xa6][0xb][0x10][0xa9][0x86]L[0x3][0x10][0xa9][0x6][0x87][0x1][0xc8][0xa9][0xc6][0x98][0xd2]83F[0xc4][0x19][0x11][0xd6][0x99] |G^[0xe1]jB[0xd0]w[0x4][0xca]F[0x13]D[0xe1]J[0xa6][0xb][0x10][0xf9][0xc][0x87][0x1][0xc8][0xe1]k[0x82][0x8]_[0x1c][0xaa][0x9][0x94]c&[0x4][0xc3][0x97][0x90][0x87][0x11]y[0x82]<[0x17][0x98]"[0xf2][0x4][0x8e][0x18]&[0xe0][0x2]SD[0x9e]@Rid[0x84][0xd1]r/[0xc8]I[0xac]T[0xc8]H,V[0xc8][0xcb]W[0xc8][0xc9][0xcc][0xcd],A[0xee]>[0x99][0x98]R[0x9a]vL)M;[0xa6][0x94][0xa6][0x1d]SD[0xda]!3([0x11]e4[0x99][0x91][0x89]H[0x8f]d[0xba][0x0][0x91][0x1e][0xc9]t[0x1][0xa5][0xe9][0xd1][0x8c][0xd2][0xf4]h[0x86]H[0x8f][0xe4][0x85][0x81][0x19]"%[0xe2]0[0x0][0xb9][0x8]0C[0xc4][0x19][0xe][0xd5]H[0xb9][0x2][0xcb][0xb8][0x81][0x89][0x19][0xa5]An[0x86][0x8]r[0xf2]\`Ni[0x90][0x9b]#[0x82][0xdc]=5O![\n]"
14:58:40.097 [main] DEBUG org.apache.http.wire -  << "#[0xeb]''[0x96](@d[0x10][0x3]&&[0xe6][0x4][0xc3][0x99]@[0xc8][0x99]S[0x9a][0xe3][0x91][0xc6]|[0xfc]R[0xcb][0x15][0x2][0x8a][0xf2]SJ[0x93]K0\[0x8f][0xbf][0xe0]2G[0xe4]z[0xf2][0xb2][0x8c]9"[0x5][0xe1]0[0x0]9[0xbd][0x99]#[0x92][0xb][0x5]n[0xa6]4[0xc9]P:[0xd0]cb[0x81][0x94]d[0xc0]cj[0x18][0xa1][0x8e][0xec]i[0xb]Jc[0xda][0x2]Q[0xb6][0x93][0x97]G,[0x10][0xb1]L[0xa6][0x1][0x88]X&[0xd3][0x0]D[0xd9][0x8e]#[0x99][0x10]hkX R[0xe][0x99].@[0xa4][0x1a][0xf2]\`IiAc[0x89]H5[0xe4]'~J[0x7][0xd1]L[0x8][0xf][0xa2][0x11]([0xb8],)M[0x8d][0x96][0x88][0xd4]HfLP[0x9a][0x1a]-[0x11][0xa9][0xb1]$[0xb5][0xb8]$3/][0xa1][0x0]G[0xf1]Y[0x92][0x91]Y[0xac][0x90]Y[0xac]P[0x92][0x91][\n]"
14:58:40.097 [main] DEBUG org.apache.http.wire -  << "S[0xa3][0x90][0x82]4H[0x85]T% [0x8d][0x17][0x12]2[0x15][0xa9]x0E[0x1a][0xe4]#[0xa4][0x8d]x[0xc7][0x98][0x1a]PX?[0x99]"[\r][0x6][0x92][0x95][0xe1]L[0x91][0x6][0x3]q[0x18][0x80][0x12][\n]"
14:58:40.097 [main] DEBUG org.apache.http.wire -  << "[0x14][0xe6]oS[0xa4][0xa1]8[0x1c][0xd6][0xe1]O[0xd7][0xa6][0x86][0x14][0xe6]oSJ[0x87][0xf7]L[0x91][0x86][0xf7][0xc8]. L[0x91][0x86][0xf8][0xa8][0x98][0x9c][0x90][0xc6][0xfd][0x8][0x99][0x8a][0x1c][0xab]H[0x83]u[0x84][0xb4][0x91][0x90][0xb6][\r][0x11]i[0x85][0xac][0x2][0xc4][0xd4][0x10]Q[0x17][0x90][0x97]V[0x90]F[0xf0]p[0x18][0x80][0x1c][\n]"
14:58:40.099 [main] DEBUG org.apache.http.wire -  << "F[0x88][0x12][0x93]<[0xf7]R:~f[0x8a]4~[0xe6][0x9c]X[0x92][0x9a][0x9e]_T[0xa9][0xe0]X[0x9a][0x93][0x99][0x88][0xd1]p[0xc9][0xcc][0xcb]TH[0x86])I[0x4]+A[0x14]q[0xa6]F[0x88][0x82][0x93]2s[0x10]1H[0x99]9[0x88][0x88][0xa4][0xc8][0x1c][0xa4][0xb1]5[0x1c][0xf1]I[0xa0][0xf0]@[0x1a][[0xb]H-J[0xae]T[0x8]OM,[0xce]I[0xad][0xc4][0x8][0xdf][0xa0][0xc4][0xb2][0xd4][0xbc][0xe4][0x9c][0xc4]r[0xe4][0x4]bLiamLa[0x13][0xd3][0xd4][0x18][0x91]D[0xc9][0xc][0x0]D[0xa5]N[0xa6][0x1][0x14]V[0xea][0xa6][0x94][0xe][0x17][0x9a][0x92]4\h[0x8a]4\H[0x9e][0x87][0x9][0xf][0x17]"'[0x11][0xa4][0xc1][0xba][0xe0][0xcc][0xa2][0xcc][0xd2]b[0x5][0xa7][0x9c][0xc4][0xe4]l[0x8c][0xf4][0x15]P[0x9a]]^[0x9a][0x92][0x9e][0x99][0x8a][0xa2][0x19][0x91][0xdd]|JS[0xf2][0x15][0x9c][0x12][0xd3]s[0x13][0xf3]0[0xf4][0x86]'[0xe6][0x16][0x94]"[0x8f]k[0x99][0x9a] [0xf2][0x97]{QfqjNJ[0xa2][0x82]obQrFRb^v1[0x86][0x1][0xee]E[0x95]ii[0x99]y)[0xf9]E[0xc8][0xb6]#[\r][0xd2]y'[0x96]d[0xa6]*8[0xa5][0xe6][0xe4]`[0xe8][0xc5][0xb4][0x1c]il[0xce][0xa7]4/Q[0xc1]'[0xbf],5=??[0x5]C[0xab]GiZZNjAiZ[0x1a][0x8a][0xb5][0x88]L[0xe5]ZT[0x94][0x8f]i#[0xd6][0xac][0x88]4[0x10][0xe7]^[0x94]X^[0x80]a[0x19][0xe]?"[0xf2][0xf][0x8e]"[0x1e]Z[0xff][0xa1][0xb8][0x10][0x91]g[0x2]R[0x8b]2[0xb]2R[0x8b][0x12]s[0x14]p[0xe8][0xf7][0xcd]/-N[0xd5]Q[0xf0]N[0xad]L[0xca]O,J[0xd1]Q[0xf0]HML)[0xc8][0xc8][0xcf]KUp[\r]qF1[0x16][0x91][0x93][0xa8]j,[0xa2][0xec][0xa7][0xaa][0xb1][0x88][0xb4][0xe9][0x98][0x9d][0x94]X[0xa4][0x10][0x94]Y[0x95]][0xa9][0xe0][0x96][0x98]QTZ[0x94]_[0x85]Y[0x82][0xe6][0x82][0xaa][0xa8][0x82][0xa2][0xfc][0xac][0xd4][0xe4][0x12][0x14]o#[0xd2]*y[0x19][0x12]i[0xf0][0xe]G[0x1c][0xe0][0xef][0xa3][0x9a]"[\r][0xde][0xe1]0@[0xa9]6[0xb6][0x96][0xb][0x0][0x0][0x0][0xff][0xff]"
14:58:40.100 [main] DEBUG org.apache.http.wire -  << "[\r][\n]"
14:58:40.101 [main] DEBUG org.apache.http.wire -  << "A[\r][\n]"
14:58:40.101 [main] DEBUG org.apache.http.wire -  << "[0x3][0x0]?[0xa6]N [0xbf]#[0x0][0x0]"
14:58:40.101 [main] DEBUG org.apache.http.wire -  << "[\r][\n]"
14:58:40.102 [main] DEBUG org.apache.http.wire -  << "0[\r][\n]"
14:58:40.103 [main] DEBUG org.apache.http.wire -  << "[\r][\n]"
14:58:40.103 [main] DEBUG io.restassured.internal.RestAssuredHttpBuilder - Parsed data to instance of: class org.apache.http.conn.EofSensorInputStream
14:58:40.111 [main] DEBUG org.apache.http.impl.conn.BasicClientConnectionManager - Releasing connection org.apache.http.impl.conn.ManagedClientConnectionImpl@7f20dfd5
14:58:40.112 [main] DEBUG org.apache.http.impl.conn.BasicClientConnectionManager - Connection can be kept alive indefinitely
14:58:40.162 [main] DEBUG net.thucydides.core.steps.StepInterceptor - STEP DONE: I send GET HTTP request categories2
  &amp#27;[32mWhen &amp#27;[0m&amp#27;[32mI send GET HTTP request categories2&amp#27;[0m               &amp#27;[90m# starter.stepdefinitions.CategoriesSteps.sendGetHttpRequestCategories2()&amp#27;[0m
14:58:40.177 [main] DEBUG net.thucydides.core.steps.StepInterceptor - STARTING STEP: CategoriesSteps.receiveValidHttp200Categories - I receive valid HTTP response code 200 categories
14:58:40.178 [main] DEBUG net.thucydides.core.steps.StepInterceptor - STEP DONE: I receive valid HTTP response code 200 categories
  &amp#27;[32mThen &amp#27;[0m&amp#27;[32mI receive valid HTTP response code 200 categories&amp#27;[0m &amp#27;[90m# starter.stepdefinitions.CategoriesSteps.receiveValidHttp200Categories()&amp#27;[0m
14:58:40.186 [main] INFO  - 
  _____   ___   ___   _____     ___     _     ___   ___   ___   ___  
 |_   _| | __| / __| |_   _|   | _ \   /_\   / __| / __| | __| |   \ 
   | |   | _|  \__ \   | |     |  _/  / _ \  \__ \ \__ \ | _|  | |) |
   |_|   |___| |___/   |_|     |_|   /_/ \_\ |___/ |___/ |___| |___/ 

GET - Get categories by ID
----------------------------------------------------------------------
]]></system-out>
  </testcase>
  <testcase name="DEL - Delete category with ID" classname="Categories" time="0.58">
    <system-out><![CDATA[14:58:40.306 [Finalizer] DEBUG org.apache.http.impl.conn.DefaultClientConnection - Connection 0.0.0.0:55456<->149.248.193.56:443 closed

Scenario: DEL - Delete category with ID                  &amp#27;[90m# src/test/resources/features/4. Categories.feature:32&amp#27;[0m
14:58:40.308 [Finalizer] DEBUG org.apache.http.impl.conn.DefaultClientConnection - Connection 0.0.0.0:55455<->149.248.193.56:443 closed
14:58:40.310 [main] DEBUG io.cucumber.core.plugin.SerenityReporter - Running feature from file:///C:/Users/user/Documents/GitHub/QE_Loyalty-Point/API_CICD_Minpro/src/test/resources/features/4.%20Categories.feature
14:58:40.316 [main] INFO  - 
  _____   ___   ___   _____     ___   _____     _     ___   _____   ___   ___  
 |_   _| | __| / __| |_   _|   / __| |_   _|   /_\   | _ \ |_   _| | __| |   \ 
   | |   | _|  \__ \   | |     \__ \   | |    / _ \  |   /   | |   | _|  | |) |
   |_|   |___| |___/   |_|     |___/   |_|   /_/ \_\ |_|_\   |_|   |___| |___/ 

DEL - Delete category with ID(categories;del---delete-category-with-id)
--------------------------------------------------------------------------------
14:58:40.460 [main] DEBUG net.thucydides.core.steps.StepInterceptor - STARTING STEP: CategoriesSteps.setDelApiEndpoints - I set DEL api endpoints categories
14:58:40.534 [main] DEBUG net.thucydides.core.steps.StepInterceptor - STEP DONE: I set DEL api endpoints categories
  &amp#27;[32mGiven &amp#27;[0m&amp#27;[32mI set DEL api endpoints categories&amp#27;[0m               &amp#27;[90m# starter.stepdefinitions.CategoriesSteps.setDelApiEndpoints()&amp#27;[0m
14:58:40.557 [main] DEBUG net.thucydides.core.steps.StepInterceptor - STARTING STEP: CategoriesSteps.sendDelHttpRequestCategoriesDel - I send DEL HTTP request categories
14:58:40.570 [Finalizer] DEBUG org.apache.http.impl.conn.DefaultClientConnection - Connection 0.0.0.0:55457<->149.248.193.56:443 closed
14:58:40.570 [main] DEBUG net.thucydides.core.steps.StepInterceptor - STARTING STEP: Categories.sendDelHttpRequestCategories - I set DEL api endpoints categories
14:58:40.571 [main] DEBUG net.thucydides.core.steps.StepInterceptor - STEP DONE: I set DEL api endpoints categories
14:58:40.643 [main] DEBUG org.apache.http.impl.conn.BasicClientConnectionManager - Get connection for route {s}->https://altashop-api.fly.dev:443
14:58:40.643 [main] DEBUG org.apache.http.impl.conn.DefaultClientConnectionOperator - Connecting to altashop-api.fly.dev:443
14:58:40.720 [main] DEBUG org.apache.http.client.protocol.RequestAddCookies - CookieSpec selected: ignoreCookies
14:58:40.720 [main] DEBUG org.apache.http.client.protocol.RequestAuthCache - Auth cache not set in the context
14:58:40.720 [main] DEBUG org.apache.http.client.protocol.RequestTargetAuthentication - Target auth state: UNCHALLENGED
14:58:40.720 [main] DEBUG org.apache.http.client.protocol.RequestProxyAuthentication - Proxy auth state: UNCHALLENGED
14:58:40.720 [main] DEBUG org.apache.http.impl.client.DefaultHttpClient - Attempt 1 to execute request
14:58:40.720 [main] DEBUG org.apache.http.impl.conn.DefaultClientConnection - Sending request: DELETE /api/categories/12510 HTTP/1.1
14:58:40.720 [main] DEBUG org.apache.http.wire -  >> "DELETE /api/categories/12510 HTTP/1.1[\r][\n]"
14:58:40.720 [main] DEBUG org.apache.http.wire -  >> "Accept: */*[\r][\n]"
14:58:40.720 [main] DEBUG org.apache.http.wire -  >> "Host: altashop-api.fly.dev[\r][\n]"
14:58:40.720 [main] DEBUG org.apache.http.wire -  >> "Connection: Keep-Alive[\r][\n]"
14:58:40.721 [main] DEBUG org.apache.http.wire -  >> "User-Agent: Apache-HttpClient/4.5.13 (Java/17.0.6)[\r][\n]"
14:58:40.721 [main] DEBUG org.apache.http.wire -  >> "Accept-Encoding: gzip,deflate[\r][\n]"
14:58:40.721 [main] DEBUG org.apache.http.wire -  >> "[\r][\n]"
14:58:40.721 [main] DEBUG org.apache.http.headers - >> DELETE /api/categories/12510 HTTP/1.1
14:58:40.721 [main] DEBUG org.apache.http.headers - >> Accept: */*
14:58:40.721 [main] DEBUG org.apache.http.headers - >> Host: altashop-api.fly.dev
14:58:40.721 [main] DEBUG org.apache.http.headers - >> Connection: Keep-Alive
14:58:40.721 [main] DEBUG org.apache.http.headers - >> User-Agent: Apache-HttpClient/4.5.13 (Java/17.0.6)
14:58:40.721 [main] DEBUG org.apache.http.headers - >> Accept-Encoding: gzip,deflate
14:58:40.750 [main] DEBUG org.apache.http.wire -  << "HTTP/1.1 200 OK[\r][\n]"
14:58:40.751 [main] DEBUG org.apache.http.wire -  << "content-type: application/json[\r][\n]"
14:58:40.751 [main] DEBUG org.apache.http.wire -  << "date: Mon, 29 May 2023 07:58:29 GMT[\r][\n]"
14:58:40.751 [main] DEBUG org.apache.http.wire -  << "content-encoding: gzip[\r][\n]"
14:58:40.751 [main] DEBUG org.apache.http.wire -  << "transfer-encoding: chunked[\r][\n]"
14:58:40.751 [main] DEBUG org.apache.http.wire -  << "server: Fly/fe06e9419 (2023-05-24)[\r][\n]"
14:58:40.751 [main] DEBUG org.apache.http.wire -  << "via: 1.1 fly.io[\r][\n]"
14:58:40.751 [main] DEBUG org.apache.http.wire -  << "fly-request-id: 01H1K882YH52Z590A5BSPH1CQ2-sin[\r][\n]"
14:58:40.751 [main] DEBUG org.apache.http.wire -  << "[\r][\n]"
14:58:40.751 [main] DEBUG org.apache.http.impl.conn.DefaultClientConnection - Receiving response: HTTP/1.1 200 OK
14:58:40.751 [main] DEBUG org.apache.http.headers - << HTTP/1.1 200 OK
14:58:40.751 [main] DEBUG org.apache.http.headers - << content-type: application/json
14:58:40.751 [main] DEBUG org.apache.http.headers - << date: Mon, 29 May 2023 07:58:29 GMT
14:58:40.751 [main] DEBUG org.apache.http.headers - << content-encoding: gzip
14:58:40.751 [main] DEBUG org.apache.http.headers - << transfer-encoding: chunked
14:58:40.751 [main] DEBUG org.apache.http.headers - << server: Fly/fe06e9419 (2023-05-24)
14:58:40.751 [main] DEBUG org.apache.http.headers - << via: 1.1 fly.io
14:58:40.751 [main] DEBUG org.apache.http.headers - << fly-request-id: 01H1K882YH52Z590A5BSPH1CQ2-sin
14:58:40.752 [main] DEBUG org.apache.http.impl.client.DefaultHttpClient - Connection can be kept alive indefinitely
14:58:40.752 [main] DEBUG io.restassured.internal.RestAssuredHttpBuilder - Parsing response as: application/json
14:58:40.752 [main] DEBUG org.apache.http.wire -  << "22[\r][\n]"
14:58:40.752 [main] DEBUG org.apache.http.wire -  << "[0x1f][0x8b][0x8][0x0][0x0][0x0][0x0][0x0][0x4][0xff][0xab]VJI,IT[0xb2][0xca]+[0xcd][0xc9][0xa9][0xe5][0x2][0x0][0xa3][0xab][0x8f]W[0xe][0x0][0x0][0x0]"
14:58:40.753 [main] DEBUG org.apache.http.wire -  << "[\r][\n]"
14:58:40.753 [main] DEBUG org.apache.http.wire -  << "0[\r][\n]"
14:58:40.753 [main] DEBUG org.apache.http.wire -  << "[\r][\n]"
14:58:40.753 [main] DEBUG io.restassured.internal.RestAssuredHttpBuilder - Parsed data to instance of: class org.apache.http.conn.EofSensorInputStream
14:58:40.758 [main] DEBUG org.apache.http.impl.conn.BasicClientConnectionManager - Releasing connection org.apache.http.impl.conn.ManagedClientConnectionImpl@820b78a
14:58:40.758 [main] DEBUG org.apache.http.impl.conn.BasicClientConnectionManager - Connection can be kept alive indefinitely
14:58:40.760 [main] DEBUG net.thucydides.core.steps.StepInterceptor - STEP DONE: I send DEL HTTP request categories
  &amp#27;[32mWhen &amp#27;[0m&amp#27;[32mI send DEL HTTP request categories&amp#27;[0m                &amp#27;[90m# starter.stepdefinitions.CategoriesSteps.sendDelHttpRequestCategoriesDel()&amp#27;[0m
14:58:40.770 [main] DEBUG net.thucydides.core.steps.StepInterceptor - STARTING STEP: CategoriesSteps.receiveValidHttp200Categories - I receive valid HTTP response code 200 categories
14:58:40.772 [main] DEBUG net.thucydides.core.steps.StepInterceptor - STEP DONE: I receive valid HTTP response code 200 categories
  &amp#27;[32mThen &amp#27;[0m&amp#27;[32mI receive valid HTTP response code 200 categories&amp#27;[0m &amp#27;[90m# starter.stepdefinitions.CategoriesSteps.receiveValidHttp200Categories()&amp#27;[0m
14:58:40.779 [main] INFO  - 
  _____   ___   ___   _____     ___     _     ___   ___   ___   ___  
 |_   _| | __| / __| |_   _|   | _ \   /_\   / __| / __| | __| |   \ 
   | |   | _|  \__ \   | |     |  _/  / _ \  \__ \ \__ \ | _|  | |) |
   |_|   |___| |___/   |_|     |_|   /_/ \_\ |___/ |___/ |___| |___/ 

DEL - Delete category with ID
----------------------------------------------------------------------
]]></system-out>
  </testcase>
  <testcase name="DEL - Delete category with invalid ID" classname="Categories" time="0.6">
    <system-out><![CDATA[
Scenario: DEL - Delete category with invalid ID          &amp#27;[90m# src/test/resources/features/4. Categories.feature:37&amp#27;[0m
14:58:40.800 [main] DEBUG io.cucumber.core.plugin.SerenityReporter - Running feature from file:///C:/Users/user/Documents/GitHub/QE_Loyalty-Point/API_CICD_Minpro/src/test/resources/features/4.%20Categories.feature
14:58:40.806 [main] INFO  - 
  _____   ___   ___   _____     ___   _____     _     ___   _____   ___   ___  
 |_   _| | __| / __| |_   _|   / __| |_   _|   /_\   | _ \ |_   _| | __| |   \ 
   | |   | _|  \__ \   | |     \__ \   | |    / _ \  |   /   | |   | _|  | |) |
   |_|   |___| |___/   |_|     |___/   |_|   /_/ \_\ |_|_\   |_|   |___| |___/ 

DEL - Delete category with invalid ID(categories;del---delete-category-with-invalid-id)
--------------------------------------------------------------------------------
14:58:40.845 [main] DEBUG net.thucydides.core.steps.StepInterceptor - STARTING STEP: CategoriesSteps.setDelApiEndpoints2 - I set DEL api endpoints categories2
14:58:40.845 [main] DEBUG net.thucydides.core.steps.StepInterceptor - STEP DONE: I set DEL api endpoints categories2
  &amp#27;[32mGiven &amp#27;[0m&amp#27;[32mI set DEL api endpoints categories2&amp#27;[0m              &amp#27;[90m# starter.stepdefinitions.CategoriesSteps.setDelApiEndpoints2()&amp#27;[0m
14:58:40.856 [main] DEBUG net.thucydides.core.steps.StepInterceptor - STARTING STEP: CategoriesSteps.sendDelHttpRequestCategoriesDel2 - I send DEL HTTP request categories2
14:58:40.862 [main] DEBUG net.thucydides.core.steps.StepInterceptor - STARTING STEP: Categories.sendDelHttpRequestCategories2 - I set DEL api endpoints categories2
14:58:40.862 [main] DEBUG net.thucydides.core.steps.StepInterceptor - STEP DONE: I set DEL api endpoints categories2
14:58:40.999 [main] DEBUG org.apache.http.impl.conn.BasicClientConnectionManager - Get connection for route {s}->https://altashop-api.fly.dev:443
14:58:41.000 [main] DEBUG org.apache.http.impl.conn.DefaultClientConnectionOperator - Connecting to altashop-api.fly.dev:443
14:58:41.121 [main] DEBUG org.apache.http.client.protocol.RequestAddCookies - CookieSpec selected: ignoreCookies
14:58:41.122 [main] DEBUG org.apache.http.client.protocol.RequestAuthCache - Auth cache not set in the context
14:58:41.122 [main] DEBUG org.apache.http.client.protocol.RequestTargetAuthentication - Target auth state: UNCHALLENGED
14:58:41.122 [main] DEBUG org.apache.http.client.protocol.RequestProxyAuthentication - Proxy auth state: UNCHALLENGED
14:58:41.122 [main] DEBUG org.apache.http.impl.client.DefaultHttpClient - Attempt 1 to execute request
14:58:41.122 [main] DEBUG org.apache.http.impl.conn.DefaultClientConnection - Sending request: DELETE /api/categories/-12510 HTTP/1.1
14:58:41.122 [main] DEBUG org.apache.http.wire -  >> "DELETE /api/categories/-12510 HTTP/1.1[\r][\n]"
14:58:41.123 [main] DEBUG org.apache.http.wire -  >> "Accept: */*[\r][\n]"
14:58:41.123 [main] DEBUG org.apache.http.wire -  >> "Host: altashop-api.fly.dev[\r][\n]"
14:58:41.123 [main] DEBUG org.apache.http.wire -  >> "Connection: Keep-Alive[\r][\n]"
14:58:41.123 [main] DEBUG org.apache.http.wire -  >> "User-Agent: Apache-HttpClient/4.5.13 (Java/17.0.6)[\r][\n]"
14:58:41.123 [main] DEBUG org.apache.http.wire -  >> "Accept-Encoding: gzip,deflate[\r][\n]"
14:58:41.123 [main] DEBUG org.apache.http.wire -  >> "[\r][\n]"
14:58:41.123 [main] DEBUG org.apache.http.headers - >> DELETE /api/categories/-12510 HTTP/1.1
14:58:41.123 [main] DEBUG org.apache.http.headers - >> Accept: */*
14:58:41.123 [main] DEBUG org.apache.http.headers - >> Host: altashop-api.fly.dev
14:58:41.123 [main] DEBUG org.apache.http.headers - >> Connection: Keep-Alive
14:58:41.123 [main] DEBUG org.apache.http.headers - >> User-Agent: Apache-HttpClient/4.5.13 (Java/17.0.6)
14:58:41.123 [main] DEBUG org.apache.http.headers - >> Accept-Encoding: gzip,deflate
14:58:41.235 [main] DEBUG org.apache.http.wire -  << "HTTP/1.1 500 Internal Server Error[\r][\n]"
14:58:41.235 [main] DEBUG org.apache.http.wire -  << "content-type: application/json[\r][\n]"
14:58:41.236 [main] DEBUG org.apache.http.wire -  << "date: Mon, 29 May 2023 07:58:30 GMT[\r][\n]"
14:58:41.236 [main] DEBUG org.apache.http.wire -  << "content-encoding: gzip[\r][\n]"
14:58:41.236 [main] DEBUG org.apache.http.wire -  << "transfer-encoding: chunked[\r][\n]"
14:58:41.236 [main] DEBUG org.apache.http.wire -  << "server: Fly/fe06e9419 (2023-05-24)[\r][\n]"
14:58:41.236 [main] DEBUG org.apache.http.wire -  << "via: 1.1 fly.io[\r][\n]"
14:58:41.236 [main] DEBUG org.apache.http.wire -  << "fly-request-id: 01H1K883BD3SS7F6BHC3Q2RJPA-sin[\r][\n]"
14:58:41.236 [main] DEBUG org.apache.http.wire -  << "[\r][\n]"
14:58:41.236 [main] DEBUG org.apache.http.impl.conn.DefaultClientConnection - Receiving response: HTTP/1.1 500 Internal Server Error
14:58:41.236 [main] DEBUG org.apache.http.headers - << HTTP/1.1 500 Internal Server Error
14:58:41.236 [main] DEBUG org.apache.http.headers - << content-type: application/json
14:58:41.236 [main] DEBUG org.apache.http.headers - << date: Mon, 29 May 2023 07:58:30 GMT
14:58:41.236 [main] DEBUG org.apache.http.headers - << content-encoding: gzip
14:58:41.236 [main] DEBUG org.apache.http.headers - << transfer-encoding: chunked
14:58:41.236 [main] DEBUG org.apache.http.headers - << server: Fly/fe06e9419 (2023-05-24)
14:58:41.236 [main] DEBUG org.apache.http.headers - << via: 1.1 fly.io
14:58:41.236 [main] DEBUG org.apache.http.headers - << fly-request-id: 01H1K883BD3SS7F6BHC3Q2RJPA-sin
14:58:41.237 [main] DEBUG org.apache.http.impl.client.DefaultHttpClient - Connection can be kept alive indefinitely
14:58:41.237 [main] DEBUG io.restassured.internal.RestAssuredHttpBuilder - Parsing response as: application/json
14:58:41.239 [main] DEBUG org.apache.http.wire -  << "5C[\r][\n]"
14:58:41.240 [main] DEBUG org.apache.http.wire -  << "[0x1f][0x8b][0x8][0x0][0x0][0x0][0x0][0x0][0x4][0xff][0xab]VJ-*[0xca]/R[0xb2]R2[0xb4]01137110767[0xb0]45[0xb6]440S[0xc8],VH/JM,I-R([0xc9]H[0xcc]S[0xc8]M[0xac][0xc8][0xcc]-[0xcd]U(K[0xcc])MUH[0xcb]/R[0xf0][0xcc]+1Q[0xaa][0xe5][0x2][0x0]g[0xb3][0xb][0x10]H[0x0][0x0][0x0]"
14:58:41.240 [main] DEBUG org.apache.http.wire -  << "[\r][\n]"
14:58:41.340 [main] DEBUG org.apache.http.wire -  << "0[\r][\n]"
14:58:41.340 [main] DEBUG org.apache.http.wire -  << "[\r][\n]"
14:58:41.340 [main] DEBUG io.restassured.internal.RestAssuredHttpBuilder - Parsed data to instance of: class org.apache.http.conn.EofSensorInputStream
14:58:41.342 [main] DEBUG org.apache.http.impl.conn.BasicClientConnectionManager - Releasing connection org.apache.http.impl.conn.ManagedClientConnectionImpl@346a2799
14:58:41.343 [main] DEBUG org.apache.http.impl.conn.BasicClientConnectionManager - Connection can be kept alive indefinitely
14:58:41.344 [main] DEBUG net.thucydides.core.steps.StepInterceptor - STEP DONE: I send DEL HTTP request categories2
  &amp#27;[32mWhen &amp#27;[0m&amp#27;[32mI send DEL HTTP request categories2&amp#27;[0m               &amp#27;[90m# starter.stepdefinitions.CategoriesSteps.sendDelHttpRequestCategoriesDel2()&amp#27;[0m
14:58:41.360 [main] DEBUG net.thucydides.core.steps.StepInterceptor - STARTING STEP: CategoriesSteps.receiveValidHttp500Categories - I receive valid HTTP response code 500 categories
14:58:41.363 [main] DEBUG net.thucydides.core.steps.StepInterceptor - STEP DONE: I receive valid HTTP response code 500 categories
  &amp#27;[32mThen &amp#27;[0m&amp#27;[32mI receive valid HTTP response code 500 categories&amp#27;[0m &amp#27;[90m# starter.stepdefinitions.CategoriesSteps.receiveValidHttp500Categories()&amp#27;[0m
14:58:41.375 [main] INFO  - 
  _____   ___   ___   _____     ___     _     ___   ___   ___   ___  
 |_   _| | __| / __| |_   _|   | _ \   /_\   / __| / __| | __| |   \ 
   | |   | _|  \__ \   | |     |  _/  / _ \  \__ \ \__ \ | _|  | |) |
   |_|   |___| |___/   |_|     |_|   /_/ \_\ |___/ |___/ |___| |___/ 

DEL - Delete category with invalid ID
----------------------------------------------------------------------
]]></system-out>
  </testcase>
  <testcase name="POST - Add new product product" classname="Product" time="1.224">
    <system-out><![CDATA[14:58:41.384 [main] DEBUG io.cucumber.core.plugin.SerenityReporter - Running feature from file:///C:/Users/user/Documents/GitHub/QE_Loyalty-Point/API_CICD_Minpro/src/test/resources/features/5.%20Product.feature
14:58:41.484 [main] DEBUG net.thucydides.core.steps.StepEventBus - Test suite started for story net.thucydides.core.model.Story@5c78189e
14:58:41.485 [main] INFO  - Test Suite Started: Product

Scenario: POST - Add new product product              &amp#27;[90m# src/test/resources/features/5. Product.feature:7&amp#27;[0m
14:58:41.577 [main] DEBUG io.cucumber.core.plugin.SerenityReporter - Running feature from file:///C:/Users/user/Documents/GitHub/QE_Loyalty-Point/API_CICD_Minpro/src/test/resources/features/5.%20Product.feature
14:58:41.612 [main] INFO  - 
  _____   ___   ___   _____     ___   _____     _     ___   _____   ___   ___  
 |_   _| | __| / __| |_   _|   / __| |_   _|   /_\   | _ \ |_   _| | __| |   \ 
   | |   | _|  \__ \   | |     \__ \   | |    / _ \  |   /   | |   | _|  | |) |
   |_|   |___| |___/   |_|     |___/   |_|   /_/ \_\ |_|_\   |_|   |___| |___/ 

POST - Add new product product(product;post---add-new-product-product)
--------------------------------------------------------------------------------
14:58:42.128 [main] DEBUG net.thucydides.core.steps.StepInterceptor - STARTING STEP: ProductSteps.setPostApiEndpointsProduct - I set POST api endpoints product
14:58:42.133 [main] DEBUG net.thucydides.core.steps.StepInterceptor - STEP DONE: I set POST api endpoints product
  &amp#27;[32mGiven &amp#27;[0m&amp#27;[32mI set POST api endpoints product&amp#27;[0m              &amp#27;[90m# starter.stepdefinitions.ProductSteps.setPostApiEndpointsProduct()&amp#27;[0m
14:58:42.182 [main] DEBUG net.thucydides.core.steps.StepInterceptor - STARTING STEP: ProductSteps.sendPostHttpRequestProduct - I send POST HTTP request product
14:58:42.204 [main] DEBUG net.thucydides.core.steps.StepInterceptor - STARTING STEP: Product.sendPostHttpRequestProduct - I set POST api endpoints product
14:58:42.204 [main] DEBUG net.thucydides.core.steps.StepInterceptor - STEP DONE: I set POST api endpoints product
14:58:42.367 [main] DEBUG org.apache.http.impl.conn.BasicClientConnectionManager - Get connection for route {s}->https://altashop-api.fly.dev:443
14:58:42.370 [main] DEBUG org.apache.http.impl.conn.DefaultClientConnectionOperator - Connecting to altashop-api.fly.dev:443
14:58:42.516 [main] DEBUG org.apache.http.client.protocol.RequestAddCookies - CookieSpec selected: ignoreCookies
14:58:42.517 [main] DEBUG org.apache.http.client.protocol.RequestAuthCache - Auth cache not set in the context
14:58:42.517 [main] DEBUG org.apache.http.client.protocol.RequestTargetAuthentication - Target auth state: UNCHALLENGED
14:58:42.517 [main] DEBUG org.apache.http.client.protocol.RequestProxyAuthentication - Proxy auth state: UNCHALLENGED
14:58:42.517 [main] DEBUG org.apache.http.impl.client.DefaultHttpClient - Attempt 1 to execute request
14:58:42.517 [main] DEBUG org.apache.http.impl.conn.DefaultClientConnection - Sending request: POST /api/products HTTP/1.1
14:58:42.517 [main] DEBUG org.apache.http.wire -  >> "POST /api/products HTTP/1.1[\r][\n]"
14:58:42.517 [main] DEBUG org.apache.http.wire -  >> "Accept: */*[\r][\n]"
14:58:42.517 [main] DEBUG org.apache.http.wire -  >> "Content-Type: application/json[\r][\n]"
14:58:42.517 [main] DEBUG org.apache.http.wire -  >> "Content-Length: 76[\r][\n]"
14:58:42.517 [main] DEBUG org.apache.http.wire -  >> "Host: altashop-api.fly.dev[\r][\n]"
14:58:42.517 [main] DEBUG org.apache.http.wire -  >> "Connection: Keep-Alive[\r][\n]"
14:58:42.517 [main] DEBUG org.apache.http.wire -  >> "User-Agent: Apache-HttpClient/4.5.13 (Java/17.0.6)[\r][\n]"
14:58:42.519 [main] DEBUG org.apache.http.wire -  >> "Accept-Encoding: gzip,deflate[\r][\n]"
14:58:42.519 [main] DEBUG org.apache.http.wire -  >> "[\r][\n]"
14:58:42.519 [main] DEBUG org.apache.http.headers - >> POST /api/products HTTP/1.1
14:58:42.519 [main] DEBUG org.apache.http.headers - >> Accept: */*
14:58:42.519 [main] DEBUG org.apache.http.headers - >> Content-Type: application/json
14:58:42.519 [main] DEBUG org.apache.http.headers - >> Content-Length: 76
14:58:42.519 [main] DEBUG org.apache.http.headers - >> Host: altashop-api.fly.dev
14:58:42.519 [main] DEBUG org.apache.http.headers - >> Connection: Keep-Alive
14:58:42.519 [main] DEBUG org.apache.http.headers - >> User-Agent: Apache-HttpClient/4.5.13 (Java/17.0.6)
14:58:42.519 [main] DEBUG org.apache.http.headers - >> Accept-Encoding: gzip,deflate
14:58:42.519 [main] DEBUG org.apache.http.wire -  >> "{"price":499,"name":"XBOX1","description":"For gaming","categories":[12541]}"
14:58:42.557 [main] DEBUG org.apache.http.wire -  << "HTTP/1.1 200 OK[\r][\n]"
14:58:42.558 [main] DEBUG org.apache.http.wire -  << "content-type: application/json[\r][\n]"
14:58:42.558 [main] DEBUG org.apache.http.wire -  << "date: Mon, 29 May 2023 07:58:31 GMT[\r][\n]"
14:58:42.558 [main] DEBUG org.apache.http.wire -  << "content-encoding: gzip[\r][\n]"
14:58:42.558 [main] DEBUG org.apache.http.wire -  << "transfer-encoding: chunked[\r][\n]"
14:58:42.558 [main] DEBUG org.apache.http.wire -  << "server: Fly/fe06e9419 (2023-05-24)[\r][\n]"
14:58:42.558 [main] DEBUG org.apache.http.wire -  << "via: 1.1 fly.io[\r][\n]"
14:58:42.558 [main] DEBUG org.apache.http.wire -  << "fly-request-id: 01H1K884PRKFX78QQ4V6J01PQP-sin[\r][\n]"
14:58:42.558 [main] DEBUG org.apache.http.wire -  << "[\r][\n]"
14:58:42.558 [main] DEBUG org.apache.http.impl.conn.DefaultClientConnection - Receiving response: HTTP/1.1 200 OK
14:58:42.558 [main] DEBUG org.apache.http.headers - << HTTP/1.1 200 OK
14:58:42.558 [main] DEBUG org.apache.http.headers - << content-type: application/json
14:58:42.558 [main] DEBUG org.apache.http.headers - << date: Mon, 29 May 2023 07:58:31 GMT
14:58:42.558 [main] DEBUG org.apache.http.headers - << content-encoding: gzip
14:58:42.559 [main] DEBUG org.apache.http.headers - << transfer-encoding: chunked
14:58:42.559 [main] DEBUG org.apache.http.headers - << server: Fly/fe06e9419 (2023-05-24)
14:58:42.559 [main] DEBUG org.apache.http.headers - << via: 1.1 fly.io
14:58:42.559 [main] DEBUG org.apache.http.headers - << fly-request-id: 01H1K884PRKFX78QQ4V6J01PQP-sin
14:58:42.559 [main] DEBUG org.apache.http.impl.client.DefaultHttpClient - Connection can be kept alive indefinitely
14:58:42.559 [main] DEBUG io.restassured.internal.RestAssuredHttpBuilder - Parsing response as: application/json
14:58:42.560 [main] DEBUG org.apache.http.wire -  << "7C[\r][\n]"
14:58:42.560 [main] DEBUG org.apache.http.wire -  << "[0x1f][0x8b][0x8][0x0][0x0][0x0][0x0][0x0][0x4][0xff][0xab]VJI,IT[0xb2][0xaa]V[0xf2]tQ[0xb2][0xb2]056[0xb4][0xd0]Q[0xf2]K[0xcc]MU[0xb2]R[0x8a]p[0xf2][0x8f]0T[0xd2]QrI-N.[0xca],([0xc9][0xcc][0xcf]S[0xb2]Rr[0xcb]/RHO[0xcc][0xcd][0xcc]KW[0xd2]Q[\n]"
14:58:42.560 [main] DEBUG org.apache.http.wire -  << "([0xca]LNU[0xb2]2[0xb1][0xb4][0xd4]Q[\n]"
14:58:42.560 [main] DEBUG org.apache.http.wire -  << "J,[0xc9][0xcc]K/V[0xb2]2[0xd0]QrN,IM[0xcf]/[0xca]L-V[0xb2][0x8a][0x8e][0xad][0xad][0xe5][0x2][0x0][0xbe]#[0x16][0xc]h[0x0][0x0][0x0]"
14:58:42.560 [main] DEBUG org.apache.http.wire -  << "[\r][\n]"
14:58:42.561 [main] DEBUG org.apache.http.wire -  << "0[\r][\n]"
14:58:42.561 [main] DEBUG org.apache.http.wire -  << "[\r][\n]"
14:58:42.561 [main] DEBUG io.restassured.internal.RestAssuredHttpBuilder - Parsed data to instance of: class org.apache.http.conn.EofSensorInputStream
14:58:42.566 [main] DEBUG org.apache.http.impl.conn.BasicClientConnectionManager - Releasing connection org.apache.http.impl.conn.ManagedClientConnectionImpl@10df1f34
14:58:42.566 [main] DEBUG org.apache.http.impl.conn.BasicClientConnectionManager - Connection can be kept alive indefinitely
14:58:42.570 [main] DEBUG net.thucydides.core.steps.StepInterceptor - STEP DONE: I send POST HTTP request product
  &amp#27;[32mWhen &amp#27;[0m&amp#27;[32mI send POST HTTP request product&amp#27;[0m               &amp#27;[90m# starter.stepdefinitions.ProductSteps.sendPostHttpRequestProduct()&amp#27;[0m
14:58:42.692 [main] DEBUG net.thucydides.core.steps.StepInterceptor - STARTING STEP: ProductSteps.receiveValidHttp200Product - I receive valid HTTP response code 200 product
14:58:42.696 [main] DEBUG net.thucydides.core.steps.StepInterceptor - STEP DONE: I receive valid HTTP response code 200 product
  &amp#27;[32mThen &amp#27;[0m&amp#27;[32mI receive valid HTTP response code 200 product&amp#27;[0m &amp#27;[90m# starter.stepdefinitions.ProductSteps.receiveValidHttp200Product()&amp#27;[0m
14:58:42.702 [main] INFO  - 
  _____   ___   ___   _____     ___     _     ___   ___   ___   ___  
 |_   _| | __| / __| |_   _|   | _ \   /_\   / __| / __| | __| |   \ 
   | |   | _|  \__ \   | |     |  _/  / _ \  \__ \ \__ \ | _|  | |) |
   |_|   |___| |___/   |_|     |_|   /_/ \_\ |___/ |___/ |___| |___/ 

POST - Add new product product
----------------------------------------------------------------------
]]></system-out>
  </testcase>
  <testcase name="POST - Add new product without fill name" classname="Product" time="0.669">
    <system-out><![CDATA[
Scenario: POST - Add new product without fill name    &amp#27;[90m# src/test/resources/features/5. Product.feature:12&amp#27;[0m
14:58:42.763 [main] DEBUG io.cucumber.core.plugin.SerenityReporter - Running feature from file:///C:/Users/user/Documents/GitHub/QE_Loyalty-Point/API_CICD_Minpro/src/test/resources/features/5.%20Product.feature
14:58:42.782 [main] INFO  - 
  _____   ___   ___   _____     ___   _____     _     ___   _____   ___   ___  
 |_   _| | __| / __| |_   _|   / __| |_   _|   /_\   | _ \ |_   _| | __| |   \ 
   | |   | _|  \__ \   | |     \__ \   | |    / _ \  |   /   | |   | _|  | |) |
   |_|   |___| |___/   |_|     |___/   |_|   /_/ \_\ |_|_\   |_|   |___| |___/ 

POST - Add new product without fill name(product;post---add-new-product-without-fill-name)
--------------------------------------------------------------------------------
14:58:42.856 [main] DEBUG net.thucydides.core.steps.StepInterceptor - STARTING STEP: ProductSteps.setPostApiEndpointsProduct - I set POST api endpoints product
14:58:42.857 [main] DEBUG net.thucydides.core.steps.StepInterceptor - STEP DONE: I set POST api endpoints product
  &amp#27;[32mGiven &amp#27;[0m&amp#27;[32mI set POST api endpoints product&amp#27;[0m              &amp#27;[90m# starter.stepdefinitions.ProductSteps.setPostApiEndpointsProduct()&amp#27;[0m
14:58:42.933 [main] DEBUG net.thucydides.core.steps.StepInterceptor - STARTING STEP: ProductSteps.sendPostHttpRequestProduct2 - I send POST HTTP request product2
14:58:42.943 [main] DEBUG net.thucydides.core.steps.StepInterceptor - STARTING STEP: Product.sendPostHttpRequestProduct2 - I set POST api endpoints product
14:58:42.944 [main] DEBUG net.thucydides.core.steps.StepInterceptor - STEP DONE: I set POST api endpoints product
14:58:43.111 [main] DEBUG org.apache.http.impl.conn.BasicClientConnectionManager - Get connection for route {s}->https://altashop-api.fly.dev:443
14:58:43.112 [main] DEBUG org.apache.http.impl.conn.DefaultClientConnectionOperator - Connecting to altashop-api.fly.dev:443
14:58:43.252 [main] DEBUG org.apache.http.client.protocol.RequestAddCookies - CookieSpec selected: ignoreCookies
14:58:43.253 [main] DEBUG org.apache.http.client.protocol.RequestAuthCache - Auth cache not set in the context
14:58:43.253 [main] DEBUG org.apache.http.client.protocol.RequestTargetAuthentication - Target auth state: UNCHALLENGED
14:58:43.253 [main] DEBUG org.apache.http.client.protocol.RequestProxyAuthentication - Proxy auth state: UNCHALLENGED
14:58:43.253 [main] DEBUG org.apache.http.impl.client.DefaultHttpClient - Attempt 1 to execute request
14:58:43.253 [main] DEBUG org.apache.http.impl.conn.DefaultClientConnection - Sending request: POST /api/products HTTP/1.1
14:58:43.253 [main] DEBUG org.apache.http.wire -  >> "POST /api/products HTTP/1.1[\r][\n]"
14:58:43.253 [main] DEBUG org.apache.http.wire -  >> "Accept: */*[\r][\n]"
14:58:43.253 [main] DEBUG org.apache.http.wire -  >> "Content-Type: application/json[\r][\n]"
14:58:43.253 [main] DEBUG org.apache.http.wire -  >> "Content-Length: 71[\r][\n]"
14:58:43.253 [main] DEBUG org.apache.http.wire -  >> "Host: altashop-api.fly.dev[\r][\n]"
14:58:43.253 [main] DEBUG org.apache.http.wire -  >> "Connection: Keep-Alive[\r][\n]"
14:58:43.253 [main] DEBUG org.apache.http.wire -  >> "User-Agent: Apache-HttpClient/4.5.13 (Java/17.0.6)[\r][\n]"
14:58:43.254 [main] DEBUG org.apache.http.wire -  >> "Accept-Encoding: gzip,deflate[\r][\n]"
14:58:43.254 [main] DEBUG org.apache.http.wire -  >> "[\r][\n]"
14:58:43.254 [main] DEBUG org.apache.http.headers - >> POST /api/products HTTP/1.1
14:58:43.254 [main] DEBUG org.apache.http.headers - >> Accept: */*
14:58:43.254 [main] DEBUG org.apache.http.headers - >> Content-Type: application/json
14:58:43.254 [main] DEBUG org.apache.http.headers - >> Content-Length: 71
14:58:43.254 [main] DEBUG org.apache.http.headers - >> Host: altashop-api.fly.dev
14:58:43.254 [main] DEBUG org.apache.http.headers - >> Connection: Keep-Alive
14:58:43.254 [main] DEBUG org.apache.http.headers - >> User-Agent: Apache-HttpClient/4.5.13 (Java/17.0.6)
14:58:43.254 [main] DEBUG org.apache.http.headers - >> Accept-Encoding: gzip,deflate
14:58:43.254 [main] DEBUG org.apache.http.wire -  >> "{"price":499,"name":"","description":"For gaming","categories":[12541]}"
14:58:43.285 [main] DEBUG org.apache.http.wire -  << "HTTP/1.1 500 Internal Server Error[\r][\n]"
14:58:43.285 [main] DEBUG org.apache.http.wire -  << "content-type: application/json[\r][\n]"
14:58:43.285 [main] DEBUG org.apache.http.wire -  << "date: Mon, 29 May 2023 07:58:32 GMT[\r][\n]"
14:58:43.285 [main] DEBUG org.apache.http.wire -  << "content-encoding: gzip[\r][\n]"
14:58:43.285 [main] DEBUG org.apache.http.wire -  << "transfer-encoding: chunked[\r][\n]"
14:58:43.285 [main] DEBUG org.apache.http.wire -  << "server: Fly/fe06e9419 (2023-05-24)[\r][\n]"
14:58:43.285 [main] DEBUG org.apache.http.wire -  << "via: 1.1 fly.io[\r][\n]"
14:58:43.285 [main] DEBUG org.apache.http.wire -  << "fly-request-id: 01H1K885DRJD772M1KYQCYF7TX-sin[\r][\n]"
14:58:43.285 [main] DEBUG org.apache.http.wire -  << "[\r][\n]"
14:58:43.285 [main] DEBUG org.apache.http.impl.conn.DefaultClientConnection - Receiving response: HTTP/1.1 500 Internal Server Error
14:58:43.285 [main] DEBUG org.apache.http.headers - << HTTP/1.1 500 Internal Server Error
14:58:43.285 [main] DEBUG org.apache.http.headers - << content-type: application/json
14:58:43.285 [main] DEBUG org.apache.http.headers - << date: Mon, 29 May 2023 07:58:32 GMT
14:58:43.285 [main] DEBUG org.apache.http.headers - << content-encoding: gzip
14:58:43.285 [main] DEBUG org.apache.http.headers - << transfer-encoding: chunked
14:58:43.286 [main] DEBUG org.apache.http.headers - << server: Fly/fe06e9419 (2023-05-24)
14:58:43.286 [main] DEBUG org.apache.http.headers - << via: 1.1 fly.io
14:58:43.286 [main] DEBUG org.apache.http.headers - << fly-request-id: 01H1K885DRJD772M1KYQCYF7TX-sin
14:58:43.286 [main] DEBUG org.apache.http.impl.client.DefaultHttpClient - Connection can be kept alive indefinitely
14:58:43.302 [main] DEBUG io.restassured.internal.RestAssuredHttpBuilder - Parsing response as: application/json
14:58:43.303 [main] DEBUG org.apache.http.wire -  << "80[\r][\n]"
14:58:43.303 [main] DEBUG org.apache.http.wire -  << "[0x1f][0x8b][0x8][0x0][0x0][0x0][0x0][0x0][0x4][0xff][0xab]VJ-*[0xca]/R[0xb2]Rr[\r][\n]"
14:58:43.303 [main] DEBUG org.apache.http.wire -  << "[0xf2][0xf][0xb2]R[0xc8]K-W([0xca]/WH[0xcb]/R(J[0xcd]I,[0xc9][0xcc][0xcf]S[0x88]Q*([0xca]O)M.)[0x8e]QR([0xcb][0xcc][0xcf]I,I-VH[0xce]HM[0xce]VH[0xce][0xcf]+.)J[0xcc][0xcc]+AR[0x16][0x9f][0x97][0x98][0x9b][0x1a][0xf]V[0x10][0xa3][0xa4][0xa0][0x11][0x1c][0xe8][0x13][0x1c][0xe2][0x18][0xe2][0xaa]`dljh[0xa2][0xa9]T[0xcb][0x5][0x0]5m[0xa8][0xef]x[0x0][0x0][0x0]"
14:58:43.303 [main] DEBUG org.apache.http.wire -  << "[\r][\n]"
14:58:43.303 [main] DEBUG org.apache.http.wire -  << "0[\r][\n]"
14:58:43.303 [main] DEBUG org.apache.http.wire -  << "[\r][\n]"
14:58:43.303 [main] DEBUG io.restassured.internal.RestAssuredHttpBuilder - Parsed data to instance of: class org.apache.http.conn.EofSensorInputStream
14:58:43.309 [Finalizer] DEBUG org.apache.http.impl.conn.DefaultClientConnection - Connection 0.0.0.0:55458<->149.248.193.56:443 closed
14:58:43.311 [Finalizer] DEBUG org.apache.http.impl.conn.DefaultClientConnection - Connection 0.0.0.0:55460<->149.248.193.56:443 closed
14:58:43.313 [Finalizer] DEBUG org.apache.http.impl.conn.DefaultClientConnection - Connection 0.0.0.0:55459<->149.248.193.56:443 closed
14:58:43.317 [main] DEBUG org.apache.http.impl.conn.BasicClientConnectionManager - Releasing connection org.apache.http.impl.conn.ManagedClientConnectionImpl@2c7aba7c
14:58:43.321 [main] DEBUG org.apache.http.impl.conn.BasicClientConnectionManager - Connection can be kept alive indefinitely
14:58:43.326 [main] DEBUG net.thucydides.core.steps.StepInterceptor - STEP DONE: I send POST HTTP request product2
  &amp#27;[32mWhen &amp#27;[0m&amp#27;[32mI send POST HTTP request product2&amp#27;[0m              &amp#27;[90m# starter.stepdefinitions.ProductSteps.sendPostHttpRequestProduct2()&amp#27;[0m
14:58:43.352 [main] DEBUG net.thucydides.core.steps.StepInterceptor - STARTING STEP: ProductSteps.receiveValidHttp500Product - I receive valid HTTP response code 500 product
14:58:43.356 [main] DEBUG net.thucydides.core.steps.StepInterceptor - STEP DONE: I receive valid HTTP response code 500 product
  &amp#27;[32mThen &amp#27;[0m&amp#27;[32mI receive valid HTTP response code 500 product&amp#27;[0m &amp#27;[90m# starter.stepdefinitions.ProductSteps.receiveValidHttp500Product()&amp#27;[0m
14:58:43.374 [main] INFO  - 
  _____   ___   ___   _____     ___     _     ___   ___   ___   ___  
 |_   _| | __| / __| |_   _|   | _ \   /_\   / __| / __| | __| |   \ 
   | |   | _|  \__ \   | |     |  _/  / _ \  \__ \ \__ \ | _|  | |) |
   |_|   |___| |___/   |_|     |_|   /_/ \_\ |___/ |___/ |___| |___/ 

POST - Add new product without fill name
----------------------------------------------------------------------
]]></system-out>
  </testcase>
  <testcase name="POST - Add new product without fill description" classname="Product" time="0.543">
    <system-out><![CDATA[
Scenario: POST - Add new product without fill description &amp#27;[90m# src/test/resources/features/5. Product.feature:17&amp#27;[0m
14:58:43.492 [main] DEBUG io.cucumber.core.plugin.SerenityReporter - Running feature from file:///C:/Users/user/Documents/GitHub/QE_Loyalty-Point/API_CICD_Minpro/src/test/resources/features/5.%20Product.feature
14:58:43.499 [main] INFO  - 
  _____   ___   ___   _____     ___   _____     _     ___   _____   ___   ___  
 |_   _| | __| / __| |_   _|   / __| |_   _|   /_\   | _ \ |_   _| | __| |   \ 
   | |   | _|  \__ \   | |     \__ \   | |    / _ \  |   /   | |   | _|  | |) |
   |_|   |___| |___/   |_|     |___/   |_|   /_/ \_\ |_|_\   |_|   |___| |___/ 

POST - Add new product without fill description(product;post---add-new-product-without-fill-description)
--------------------------------------------------------------------------------
14:58:43.555 [main] DEBUG net.thucydides.core.steps.StepInterceptor - STARTING STEP: ProductSteps.setPostApiEndpointsProduct - I set POST api endpoints product
14:58:43.556 [main] DEBUG net.thucydides.core.steps.StepInterceptor - STEP DONE: I set POST api endpoints product
  &amp#27;[32mGiven &amp#27;[0m&amp#27;[32mI set POST api endpoints product&amp#27;[0m                  &amp#27;[90m# starter.stepdefinitions.ProductSteps.setPostApiEndpointsProduct()&amp#27;[0m
14:58:43.606 [main] DEBUG net.thucydides.core.steps.StepInterceptor - STARTING STEP: ProductSteps.sendPostHttpRequestProduct3 - I send POST HTTP request product3
14:58:43.648 [main] DEBUG net.thucydides.core.steps.StepInterceptor - STARTING STEP: Product.sendPostHttpRequestProduct3 - I set POST api endpoints product
14:58:43.649 [main] DEBUG net.thucydides.core.steps.StepInterceptor - STEP DONE: I set POST api endpoints product
14:58:43.764 [main] DEBUG org.apache.http.impl.conn.BasicClientConnectionManager - Get connection for route {s}->https://altashop-api.fly.dev:443
14:58:43.767 [main] DEBUG org.apache.http.impl.conn.DefaultClientConnectionOperator - Connecting to altashop-api.fly.dev:443
14:58:43.911 [main] DEBUG org.apache.http.client.protocol.RequestAddCookies - CookieSpec selected: ignoreCookies
14:58:43.911 [main] DEBUG org.apache.http.client.protocol.RequestAuthCache - Auth cache not set in the context
14:58:43.911 [main] DEBUG org.apache.http.client.protocol.RequestTargetAuthentication - Target auth state: UNCHALLENGED
14:58:43.911 [main] DEBUG org.apache.http.client.protocol.RequestProxyAuthentication - Proxy auth state: UNCHALLENGED
14:58:43.912 [main] DEBUG org.apache.http.impl.client.DefaultHttpClient - Attempt 1 to execute request
14:58:43.912 [main] DEBUG org.apache.http.impl.conn.DefaultClientConnection - Sending request: POST /api/products HTTP/1.1
14:58:43.912 [main] DEBUG org.apache.http.wire -  >> "POST /api/products HTTP/1.1[\r][\n]"
14:58:43.912 [main] DEBUG org.apache.http.wire -  >> "Accept: */*[\r][\n]"
14:58:43.912 [main] DEBUG org.apache.http.wire -  >> "Content-Type: application/json[\r][\n]"
14:58:43.912 [main] DEBUG org.apache.http.wire -  >> "Content-Length: 66[\r][\n]"
14:58:43.912 [main] DEBUG org.apache.http.wire -  >> "Host: altashop-api.fly.dev[\r][\n]"
14:58:43.912 [main] DEBUG org.apache.http.wire -  >> "Connection: Keep-Alive[\r][\n]"
14:58:43.912 [main] DEBUG org.apache.http.wire -  >> "User-Agent: Apache-HttpClient/4.5.13 (Java/17.0.6)[\r][\n]"
14:58:43.912 [main] DEBUG org.apache.http.wire -  >> "Accept-Encoding: gzip,deflate[\r][\n]"
14:58:43.912 [main] DEBUG org.apache.http.wire -  >> "[\r][\n]"
14:58:43.912 [main] DEBUG org.apache.http.headers - >> POST /api/products HTTP/1.1
14:58:43.912 [main] DEBUG org.apache.http.headers - >> Accept: */*
14:58:43.912 [main] DEBUG org.apache.http.headers - >> Content-Type: application/json
14:58:43.912 [main] DEBUG org.apache.http.headers - >> Content-Length: 66
14:58:43.913 [main] DEBUG org.apache.http.headers - >> Host: altashop-api.fly.dev
14:58:43.913 [main] DEBUG org.apache.http.headers - >> Connection: Keep-Alive
14:58:43.913 [main] DEBUG org.apache.http.headers - >> User-Agent: Apache-HttpClient/4.5.13 (Java/17.0.6)
14:58:43.913 [main] DEBUG org.apache.http.headers - >> Accept-Encoding: gzip,deflate
14:58:43.913 [main] DEBUG org.apache.http.wire -  >> "{"price":499,"name":"XBOX1","description":"","categories":[12541]}"
14:58:43.975 [main] DEBUG org.apache.http.wire -  << "HTTP/1.1 200 OK[\r][\n]"
14:58:43.976 [main] DEBUG org.apache.http.wire -  << "content-type: application/json[\r][\n]"
14:58:43.976 [main] DEBUG org.apache.http.wire -  << "date: Mon, 29 May 2023 07:58:33 GMT[\r][\n]"
14:58:43.976 [main] DEBUG org.apache.http.wire -  << "content-encoding: gzip[\r][\n]"
14:58:43.976 [main] DEBUG org.apache.http.wire -  << "transfer-encoding: chunked[\r][\n]"
14:58:43.976 [main] DEBUG org.apache.http.wire -  << "server: Fly/fe06e9419 (2023-05-24)[\r][\n]"
14:58:43.976 [main] DEBUG org.apache.http.wire -  << "via: 1.1 fly.io[\r][\n]"
14:58:43.976 [main] DEBUG org.apache.http.wire -  << "fly-request-id: 01H1K8862ACNE18HR44BVSE8J8-sin[\r][\n]"
14:58:43.976 [main] DEBUG org.apache.http.wire -  << "[\r][\n]"
14:58:43.976 [main] DEBUG org.apache.http.impl.conn.DefaultClientConnection - Receiving response: HTTP/1.1 200 OK
14:58:43.977 [main] DEBUG org.apache.http.headers - << HTTP/1.1 200 OK
14:58:43.977 [main] DEBUG org.apache.http.headers - << content-type: application/json
14:58:43.977 [main] DEBUG org.apache.http.headers - << date: Mon, 29 May 2023 07:58:33 GMT
14:58:43.977 [main] DEBUG org.apache.http.headers - << content-encoding: gzip
14:58:43.977 [main] DEBUG org.apache.http.headers - << transfer-encoding: chunked
14:58:43.977 [main] DEBUG org.apache.http.headers - << server: Fly/fe06e9419 (2023-05-24)
14:58:43.977 [main] DEBUG org.apache.http.headers - << via: 1.1 fly.io
14:58:43.977 [main] DEBUG org.apache.http.headers - << fly-request-id: 01H1K8862ACNE18HR44BVSE8J8-sin
14:58:43.977 [main] DEBUG org.apache.http.impl.client.DefaultHttpClient - Connection can be kept alive indefinitely
14:58:43.981 [main] DEBUG io.restassured.internal.RestAssuredHttpBuilder - Parsing response as: application/json
14:58:43.981 [main] DEBUG org.apache.http.wire -  << "72[\r][\n]"
14:58:43.981 [main] DEBUG org.apache.http.wire -  << "[0x1f][0x8b][0x8][0x0][0x0][0x0][0x0][0x0][0x4][0xff][0xab]VJI,IT[0xb2][0xaa]V[0xf2]tQ[0xb2][0xb2]0562[0xd0]Q[0xf2]K[0xcc]MU[0xb2]R[0x8a]p[0xf2][0x8f]0T[0xd2]QrI-N.[0xca],([0xc9][0xcc][0xcf]S[0xb2]RR[0xd2]Q[\n]"
14:58:43.981 [main] DEBUG org.apache.http.wire -  << "([0xca]LNU[0xb2]2[0xb1][0xb4][0xd4]Q[\n]"
14:58:43.981 [main] DEBUG org.apache.http.wire -  << "J,[0xc9][0xcc]K/V[0xb2]2[0xd0]QrN,IM[0xcf]/[0xca]L-V[0xb2][0x8a][0x8e][0xad][0xad][0xe5][0x2][0x0][0x8e][0x85]P[0xd0]^[0x0][0x0][0x0]"
14:58:43.981 [main] DEBUG org.apache.http.wire -  << "[\r][\n]"
14:58:43.982 [main] DEBUG org.apache.http.wire -  << "0[\r][\n]"
14:58:43.982 [main] DEBUG org.apache.http.wire -  << "[\r][\n]"
14:58:43.982 [main] DEBUG io.restassured.internal.RestAssuredHttpBuilder - Parsed data to instance of: class org.apache.http.conn.EofSensorInputStream
14:58:43.985 [main] DEBUG org.apache.http.impl.conn.BasicClientConnectionManager - Releasing connection org.apache.http.impl.conn.ManagedClientConnectionImpl@46c19350
14:58:43.985 [main] DEBUG org.apache.http.impl.conn.BasicClientConnectionManager - Connection can be kept alive indefinitely
14:58:43.987 [main] DEBUG net.thucydides.core.steps.StepInterceptor - STEP DONE: I send POST HTTP request product3
  &amp#27;[32mWhen &amp#27;[0m&amp#27;[32mI send POST HTTP request product3&amp#27;[0m                  &amp#27;[90m# starter.stepdefinitions.ProductSteps.sendPostHttpRequestProduct3()&amp#27;[0m
14:58:44.002 [main] DEBUG net.thucydides.core.steps.StepInterceptor - STARTING STEP: ProductSteps.receiveValidHttp200Product - I receive valid HTTP response code 200 product
14:58:44.004 [main] DEBUG net.thucydides.core.steps.StepInterceptor - STEP DONE: I receive valid HTTP response code 200 product
  &amp#27;[32mThen &amp#27;[0m&amp#27;[32mI receive valid HTTP response code 200 product&amp#27;[0m     &amp#27;[90m# starter.stepdefinitions.ProductSteps.receiveValidHttp200Product()&amp#27;[0m
14:58:44.014 [main] INFO  - 
  _____   ___   ___   _____     ___     _     ___   ___   ___   ___  
 |_   _| | __| / __| |_   _|   | _ \   /_\   / __| / __| | __| |   \ 
   | |   | _|  \__ \   | |     |  _/  / _ \  \__ \ \__ \ | _|  | |) |
   |_|   |___| |___/   |_|     |_|   /_/ \_\ |___/ |___/ |___| |___/ 

POST - Add new product without fill description
----------------------------------------------------------------------
]]></system-out>
  </testcase>
  <testcase name="POST - Add new product without fill price" classname="Product" time="0.586">
    <system-out><![CDATA[
Scenario: POST - Add new product without fill price   &amp#27;[90m# src/test/resources/features/5. Product.feature:22&amp#27;[0m
14:58:44.036 [main] DEBUG io.cucumber.core.plugin.SerenityReporter - Running feature from file:///C:/Users/user/Documents/GitHub/QE_Loyalty-Point/API_CICD_Minpro/src/test/resources/features/5.%20Product.feature
14:58:44.045 [main] INFO  - 
  _____   ___   ___   _____     ___   _____     _     ___   _____   ___   ___  
 |_   _| | __| / __| |_   _|   / __| |_   _|   /_\   | _ \ |_   _| | __| |   \ 
   | |   | _|  \__ \   | |     \__ \   | |    / _ \  |   /   | |   | _|  | |) |
   |_|   |___| |___/   |_|     |___/   |_|   /_/ \_\ |_|_\   |_|   |___| |___/ 

POST - Add new product without fill price(product;post---add-new-product-without-fill-price)
--------------------------------------------------------------------------------
14:58:44.125 [main] DEBUG net.thucydides.core.steps.StepInterceptor - STARTING STEP: ProductSteps.setPostApiEndpointsProduct - I set POST api endpoints product
14:58:44.126 [main] DEBUG net.thucydides.core.steps.StepInterceptor - STEP DONE: I set POST api endpoints product
  &amp#27;[32mGiven &amp#27;[0m&amp#27;[32mI set POST api endpoints product&amp#27;[0m              &amp#27;[90m# starter.stepdefinitions.ProductSteps.setPostApiEndpointsProduct()&amp#27;[0m
14:58:44.146 [main] DEBUG net.thucydides.core.steps.StepInterceptor - STARTING STEP: ProductSteps.sendPostHttpRequestProduct4 - I send POST HTTP request product4
14:58:44.156 [main] DEBUG net.thucydides.core.steps.StepInterceptor - STARTING STEP: Product.sendPostHttpRequestProduct4 - I set POST api endpoints product
14:58:44.157 [main] DEBUG net.thucydides.core.steps.StepInterceptor - STEP DONE: I set POST api endpoints product
14:58:44.339 [main] DEBUG org.apache.http.impl.conn.BasicClientConnectionManager - Get connection for route {s}->https://altashop-api.fly.dev:443
14:58:44.340 [main] DEBUG org.apache.http.impl.conn.DefaultClientConnectionOperator - Connecting to altashop-api.fly.dev:443
14:58:44.500 [main] DEBUG org.apache.http.client.protocol.RequestAddCookies - CookieSpec selected: ignoreCookies
14:58:44.500 [main] DEBUG org.apache.http.client.protocol.RequestAuthCache - Auth cache not set in the context
14:58:44.500 [main] DEBUG org.apache.http.client.protocol.RequestTargetAuthentication - Target auth state: UNCHALLENGED
14:58:44.500 [main] DEBUG org.apache.http.client.protocol.RequestProxyAuthentication - Proxy auth state: UNCHALLENGED
14:58:44.500 [main] DEBUG org.apache.http.impl.client.DefaultHttpClient - Attempt 1 to execute request
14:58:44.500 [main] DEBUG org.apache.http.impl.conn.DefaultClientConnection - Sending request: POST /api/products HTTP/1.1
14:58:44.501 [main] DEBUG org.apache.http.wire -  >> "POST /api/products HTTP/1.1[\r][\n]"
14:58:44.501 [main] DEBUG org.apache.http.wire -  >> "Accept: */*[\r][\n]"
14:58:44.501 [main] DEBUG org.apache.http.wire -  >> "Content-Type: application/json[\r][\n]"
14:58:44.501 [main] DEBUG org.apache.http.wire -  >> "Content-Length: 75[\r][\n]"
14:58:44.501 [main] DEBUG org.apache.http.wire -  >> "Host: altashop-api.fly.dev[\r][\n]"
14:58:44.501 [main] DEBUG org.apache.http.wire -  >> "Connection: Keep-Alive[\r][\n]"
14:58:44.501 [main] DEBUG org.apache.http.wire -  >> "User-Agent: Apache-HttpClient/4.5.13 (Java/17.0.6)[\r][\n]"
14:58:44.501 [main] DEBUG org.apache.http.wire -  >> "Accept-Encoding: gzip,deflate[\r][\n]"
14:58:44.501 [main] DEBUG org.apache.http.wire -  >> "[\r][\n]"
14:58:44.501 [main] DEBUG org.apache.http.headers - >> POST /api/products HTTP/1.1
14:58:44.501 [main] DEBUG org.apache.http.headers - >> Accept: */*
14:58:44.501 [main] DEBUG org.apache.http.headers - >> Content-Type: application/json
14:58:44.501 [main] DEBUG org.apache.http.headers - >> Content-Length: 75
14:58:44.501 [main] DEBUG org.apache.http.headers - >> Host: altashop-api.fly.dev
14:58:44.501 [main] DEBUG org.apache.http.headers - >> Connection: Keep-Alive
14:58:44.501 [main] DEBUG org.apache.http.headers - >> User-Agent: Apache-HttpClient/4.5.13 (Java/17.0.6)
14:58:44.501 [main] DEBUG org.apache.http.headers - >> Accept-Encoding: gzip,deflate
14:58:44.501 [main] DEBUG org.apache.http.wire -  >> "{"price":"","name":"XBOX1","description":"For gaming","categories":[12541]}"
14:58:44.531 [main] DEBUG org.apache.http.wire -  << "HTTP/1.1 400 Bad Request[\r][\n]"
14:58:44.532 [main] DEBUG org.apache.http.wire -  << "content-type: application/json[\r][\n]"
14:58:44.532 [main] DEBUG org.apache.http.wire -  << "date: Mon, 29 May 2023 07:58:33 GMT[\r][\n]"
14:58:44.532 [main] DEBUG org.apache.http.wire -  << "content-encoding: gzip[\r][\n]"
14:58:44.532 [main] DEBUG org.apache.http.wire -  << "transfer-encoding: chunked[\r][\n]"
14:58:44.532 [main] DEBUG org.apache.http.wire -  << "server: Fly/fe06e9419 (2023-05-24)[\r][\n]"
14:58:44.532 [main] DEBUG org.apache.http.wire -  << "via: 1.1 fly.io[\r][\n]"
14:58:44.532 [main] DEBUG org.apache.http.wire -  << "fly-request-id: 01H1K886MND199TMVVWZB1E9KS-sin[\r][\n]"
14:58:44.532 [main] DEBUG org.apache.http.wire -  << "[\r][\n]"
14:58:44.532 [main] DEBUG org.apache.http.impl.conn.DefaultClientConnection - Receiving response: HTTP/1.1 400 Bad Request
14:58:44.532 [main] DEBUG org.apache.http.headers - << HTTP/1.1 400 Bad Request
14:58:44.532 [main] DEBUG org.apache.http.headers - << content-type: application/json
14:58:44.532 [main] DEBUG org.apache.http.headers - << date: Mon, 29 May 2023 07:58:33 GMT
14:58:44.532 [main] DEBUG org.apache.http.headers - << content-encoding: gzip
14:58:44.532 [main] DEBUG org.apache.http.headers - << transfer-encoding: chunked
14:58:44.532 [main] DEBUG org.apache.http.headers - << server: Fly/fe06e9419 (2023-05-24)
14:58:44.532 [main] DEBUG org.apache.http.headers - << via: 1.1 fly.io
14:58:44.532 [main] DEBUG org.apache.http.headers - << fly-request-id: 01H1K886MND199TMVVWZB1E9KS-sin
14:58:44.533 [main] DEBUG org.apache.http.impl.client.DefaultHttpClient - Connection can be kept alive indefinitely
14:58:44.533 [main] DEBUG io.restassured.internal.RestAssuredHttpBuilder - Parsing response as: application/json
14:58:44.533 [main] DEBUG org.apache.http.wire -  << "71[\r][\n]"
14:58:44.533 [main] DEBUG org.apache.http.wire -  << "[0x1f][0x8b][0x8][0x0][0x0][0x0][0x0][0x0][0x4][0xff][0xab]VJ-*[0xca]/R[0xb2]R[0xca]*[0xce][0xcf][0xb3]RHN[0xcc][0xcb][0xcb]/Q([0xcd][0xcb]M,*[0xce]H[0xcc]Q(.)[0xca][0xcc]KW[0xc8][0xcc]+[0xc9]Wp[0xcf][0x7]qK[0x93]K[0x14][0xd2]2SsR[0x14][0x2][0x8a][0xf2]SJ[0x93]K[0x9c][0x8b]R[0x13]KR[0xf5][\n]"
14:58:44.533 [main] DEBUG org.apache.http.wire -  << "[0x8a]2[0x93]S[0x15][0xf2][0xd3][0x14]J*[0xb]R[0x15]J3[0xf3]J[0x94]j[0xb9][0x0][0xd2][0x2]#[0xd6]`[0x0][0x0][0x0]"
14:58:44.533 [main] DEBUG org.apache.http.wire -  << "[\r][\n]"
14:58:44.534 [main] DEBUG org.apache.http.wire -  << "0[\r][\n]"
14:58:44.534 [main] DEBUG org.apache.http.wire -  << "[\r][\n]"
14:58:44.534 [main] DEBUG io.restassured.internal.RestAssuredHttpBuilder - Parsed data to instance of: class org.apache.http.conn.EofSensorInputStream
14:58:44.542 [main] DEBUG org.apache.http.impl.conn.BasicClientConnectionManager - Releasing connection org.apache.http.impl.conn.ManagedClientConnectionImpl@2f98fe6f
14:58:44.542 [main] DEBUG org.apache.http.impl.conn.BasicClientConnectionManager - Connection can be kept alive indefinitely
14:58:44.543 [main] DEBUG net.thucydides.core.steps.StepInterceptor - STEP DONE: I send POST HTTP request product4
  &amp#27;[32mWhen &amp#27;[0m&amp#27;[32mI send POST HTTP request product4&amp#27;[0m              &amp#27;[90m# starter.stepdefinitions.ProductSteps.sendPostHttpRequestProduct4()&amp#27;[0m
14:58:44.570 [main] DEBUG net.thucydides.core.steps.StepInterceptor - STARTING STEP: ProductSteps.receiveValidHttp400Product - I receive valid HTTP response code 400 product
14:58:44.575 [main] DEBUG net.thucydides.core.steps.StepInterceptor - STEP DONE: I receive valid HTTP response code 400 product
  &amp#27;[32mThen &amp#27;[0m&amp#27;[32mI receive valid HTTP response code 400 product&amp#27;[0m &amp#27;[90m# starter.stepdefinitions.ProductSteps.receiveValidHttp400Product()&amp#27;[0m
14:58:44.602 [main] INFO  - 
  _____   ___   ___   _____     ___     _     ___   ___   ___   ___  
 |_   _| | __| / __| |_   _|   | _ \   /_\   / __| / __| | __| |   \ 
   | |   | _|  \__ \   | |     |  _/  / _ \  \__ \ \__ \ | _|  | |) |
   |_|   |___| |___/   |_|     |_|   /_/ \_\ |___/ |___/ |___| |___/ 

POST - Add new product without fill price
----------------------------------------------------------------------
]]></system-out>
  </testcase>
  <testcase name="GET - Get product by ID" classname="Product" time="0.832">
    <system-out><![CDATA[
Scenario: GET - Get product by ID                     &amp#27;[90m# src/test/resources/features/5. Product.feature:27&amp#27;[0m
14:58:44.707 [main] DEBUG io.cucumber.core.plugin.SerenityReporter - Running feature from file:///C:/Users/user/Documents/GitHub/QE_Loyalty-Point/API_CICD_Minpro/src/test/resources/features/5.%20Product.feature
14:58:44.718 [main] INFO  - 
  _____   ___   ___   _____     ___   _____     _     ___   _____   ___   ___  
 |_   _| | __| / __| |_   _|   / __| |_   _|   /_\   | _ \ |_   _| | __| |   \ 
   | |   | _|  \__ \   | |     \__ \   | |    / _ \  |   /   | |   | _|  | |) |
   |_|   |___| |___/   |_|     |___/   |_|   /_/ \_\ |_|_\   |_|   |___| |___/ 

GET - Get product by ID(product;get---get-product-by-id)
--------------------------------------------------------------------------------
14:58:44.772 [main] DEBUG net.thucydides.core.steps.StepInterceptor - STARTING STEP: ProductSteps.setGetApiEndpointsProduct - I set GET api endpoints product
14:58:44.773 [main] DEBUG net.thucydides.core.steps.StepInterceptor - STEP DONE: I set GET api endpoints product
  &amp#27;[32mGiven &amp#27;[0m&amp#27;[32mI set GET api endpoints product&amp#27;[0m               &amp#27;[90m# starter.stepdefinitions.ProductSteps.setGetApiEndpointsProduct()&amp#27;[0m
14:58:44.834 [main] DEBUG net.thucydides.core.steps.StepInterceptor - STARTING STEP: ProductSteps.sentGetHttpRequestProduct - I send GET HTTP request product
14:58:44.875 [main] DEBUG net.thucydides.core.steps.StepInterceptor - STARTING STEP: Product.sendGetHttpRequestProduct - I set GET api endpoints product
14:58:44.876 [main] DEBUG net.thucydides.core.steps.StepInterceptor - STEP DONE: I set GET api endpoints product
14:58:44.945 [main] DEBUG org.apache.http.impl.conn.BasicClientConnectionManager - Get connection for route {s}->https://altashop-api.fly.dev:443
14:58:44.946 [main] DEBUG org.apache.http.impl.conn.DefaultClientConnectionOperator - Connecting to altashop-api.fly.dev:443
14:58:45.063 [main] DEBUG org.apache.http.client.protocol.RequestAddCookies - CookieSpec selected: ignoreCookies
14:58:45.063 [main] DEBUG org.apache.http.client.protocol.RequestAuthCache - Auth cache not set in the context
14:58:45.063 [main] DEBUG org.apache.http.client.protocol.RequestTargetAuthentication - Target auth state: UNCHALLENGED
14:58:45.063 [main] DEBUG org.apache.http.client.protocol.RequestProxyAuthentication - Proxy auth state: UNCHALLENGED
14:58:45.063 [main] DEBUG org.apache.http.impl.client.DefaultHttpClient - Attempt 1 to execute request
14:58:45.063 [main] DEBUG org.apache.http.impl.conn.DefaultClientConnection - Sending request: GET /api/products HTTP/1.1
14:58:45.063 [main] DEBUG org.apache.http.wire -  >> "GET /api/products HTTP/1.1[\r][\n]"
14:58:45.063 [main] DEBUG org.apache.http.wire -  >> "Accept: */*[\r][\n]"
14:58:45.063 [main] DEBUG org.apache.http.wire -  >> "Host: altashop-api.fly.dev[\r][\n]"
14:58:45.063 [main] DEBUG org.apache.http.wire -  >> "Connection: Keep-Alive[\r][\n]"
14:58:45.063 [main] DEBUG org.apache.http.wire -  >> "User-Agent: Apache-HttpClient/4.5.13 (Java/17.0.6)[\r][\n]"
14:58:45.064 [main] DEBUG org.apache.http.wire -  >> "Accept-Encoding: gzip,deflate[\r][\n]"
14:58:45.064 [main] DEBUG org.apache.http.wire -  >> "[\r][\n]"
14:58:45.064 [main] DEBUG org.apache.http.headers - >> GET /api/products HTTP/1.1
14:58:45.064 [main] DEBUG org.apache.http.headers - >> Accept: */*
14:58:45.064 [main] DEBUG org.apache.http.headers - >> Host: altashop-api.fly.dev
14:58:45.064 [main] DEBUG org.apache.http.headers - >> Connection: Keep-Alive
14:58:45.064 [main] DEBUG org.apache.http.headers - >> User-Agent: Apache-HttpClient/4.5.13 (Java/17.0.6)
14:58:45.064 [main] DEBUG org.apache.http.headers - >> Accept-Encoding: gzip,deflate
14:58:45.230 [main] DEBUG org.apache.http.wire -  << "HTTP/1.1 200 OK[\r][\n]"
14:58:45.231 [main] DEBUG org.apache.http.wire -  << "content-type: application/json[\r][\n]"
14:58:45.231 [main] DEBUG org.apache.http.wire -  << "date: Mon, 29 May 2023 07:58:34 GMT[\r][\n]"
14:58:45.231 [main] DEBUG org.apache.http.wire -  << "transfer-encoding: chunked[\r][\n]"
14:58:45.231 [main] DEBUG org.apache.http.wire -  << "content-encoding: gzip[\r][\n]"
14:58:45.231 [main] DEBUG org.apache.http.wire -  << "server: Fly/fe06e9419 (2023-05-24)[\r][\n]"
14:58:45.231 [main] DEBUG org.apache.http.wire -  << "via: 1.1 fly.io[\r][\n]"
14:58:45.231 [main] DEBUG org.apache.http.wire -  << "fly-request-id: 01H1K8876BCR0A3ZHPN379Y2NP-sin[\r][\n]"
14:58:45.231 [main] DEBUG org.apache.http.wire -  << "[\r][\n]"
14:58:45.231 [main] DEBUG org.apache.http.impl.conn.DefaultClientConnection - Receiving response: HTTP/1.1 200 OK
14:58:45.231 [main] DEBUG org.apache.http.headers - << HTTP/1.1 200 OK
14:58:45.231 [main] DEBUG org.apache.http.headers - << content-type: application/json
14:58:45.231 [main] DEBUG org.apache.http.headers - << date: Mon, 29 May 2023 07:58:34 GMT
14:58:45.231 [main] DEBUG org.apache.http.headers - << transfer-encoding: chunked
14:58:45.231 [main] DEBUG org.apache.http.headers - << content-encoding: gzip
14:58:45.231 [main] DEBUG org.apache.http.headers - << server: Fly/fe06e9419 (2023-05-24)
14:58:45.231 [main] DEBUG org.apache.http.headers - << via: 1.1 fly.io
14:58:45.231 [main] DEBUG org.apache.http.headers - << fly-request-id: 01H1K8876BCR0A3ZHPN379Y2NP-sin
14:58:45.232 [main] DEBUG org.apache.http.impl.client.DefaultHttpClient - Connection can be kept alive indefinitely
14:58:45.232 [main] DEBUG io.restassured.internal.RestAssuredHttpBuilder - Parsing response as: application/json
14:58:45.233 [main] DEBUG org.apache.http.wire -  << "162[\r][\n]"
14:58:45.233 [main] DEBUG org.apache.http.wire -  << "[0x1f][0x8b][0x8][0x0][0x0][0x0][0x0][0x0][0x4][0xff][0xaa]VJI,IT[0xb2][0x8a][0xae]V[0xf2]tQ[0xb2][0xb2]054[0xb4][0xd0]Q[0xf2]K[0xcc]MU[0xb2]R[0x8a]p[0xf2][0x8f]0T[0xd2]QrI-N.[0xca],([0xc9][0xcc][0xcf]S[0xb2]Rr[0xcb]/RHO[0xcc][0xcd][0xcc]KW[0xd2]Q[\n]"
14:58:45.233 [main] DEBUG org.apache.http.wire -  << "([0xca]LNU[0xb2]2[0xb1][0xb4][0xd4]Q[\n]"
14:58:45.233 [main] DEBUG org.apache.http.wire -  << "J,[0xc9][0xcc]K/V[0xb2]2[0xd1]QrN,IM[0xcf]/[0xca]L-V[0xb2][0x8a][0x8e][0xad][0xd5][0x81][0x1b]od@[[0xe3][0x8d](6[0xde][0x0][0x9f][0xeb]Mhk[0xbc][0x19][0xc5][0xc6][0x1b][0xe1]q[0xbd]1[0xe5]a[0x8f]/p[0x8c]i[0x1b][0xf6][0xc6][0x88][0xb0][0xf][0xce][0xcf][0xab]T[0x8][0x8]6[0xc5]H[0x9b][0x5]9[0x89][0x95][\n]"
14:58:45.233 [main] DEBUG org.apache.http.wire -  << "[0x19][0x89][0xc5][\n]"
14:58:45.233 [main] DEBUG org.apache.http.wire -  << "y[0xf9][\n]"
14:58:45.233 [main] DEBUG org.apache.http.wire -  << "9[0x99][0xb9][0x99]%[0xc5][0x88]4jDt[0x1a]56[0xa7]8[0x1a][0xf0][0x86][0x93]%[0xdc]x*x[0x4][0x9f]M&[0x88][0x18][0xa1][0xb5]M[0xa6]p?[0x91][j[0xe0][0xf5][0x8]mc[0xc4][0x4][0x11]#[0xb4]p[0xbd][0xa9]!<pr[0xf2][0xd3]3KR[0x93]3[0x14][0xd2][0x8d][0xcc]0R/rZ[0xb5]@*O[0xf1][0x85][0x8c][0xa9]1[0xdc]l[0x9c]Q[0x8c]l.r9[0x8d][0xd7]\[0xca]#[0x14]_5`J(B[0xc9]r3m[0xa3][0xd1][0xc][0x11][0x8d][0xd8]S[0x9]9n6C[0xc4][0x1f]vC[0x9]W[0xb7][0xf8][0xa2][0xd1][0x8c][0xf2]h[0xc4]k<[0xa1]h[0xa4][0xd0][0xf5][0x88][0x8][0xc5][0x99][0xb8][0xe1]E>[0xfe][0xf2][0x1e][0x9f]/[0xcc]i[/[0x9a]#JaZD[0xb1]9U[0xeb]E[0xbc][0xe1][0x4]k[0x9e][0x0][0x0][0x0][0x0][0xff][0xff]"
14:58:45.233 [main] DEBUG org.apache.http.wire -  << "[\r][\n]"
14:58:45.234 [main] DEBUG org.apache.http.wire -  << "2D8[\r][\n]"
14:58:45.234 [main] DEBUG org.apache.http.wire -  << ""[0xbf]i[0x88][0xd7]x[0xca][[0x9e][0xf8][0x8c][0xb7][0xa0]m,[[0x10][0x8a]erJ[0x7][0xb]R[0xe2][0x96][0xfc][0xc]`[0x81](%h[0x99][0xcf],[0x10][0xe9][0x87][0xa6][0xd6][0x10]*[0x94][0x10]1[0x81][0xda]o[0xc1][0x9b]z[0x8]%Nr[0xc][0xb5]D[0xd4]([0x84][0x3][0x84]`[0x93][0x16][0x9f][0xf3]-[0x11][0x9][0x9]{[0x19]D[0x96][0xf3][0x11][0xc9][0x86][0x90][0xa1][0xa8][0x8d]o[0xbc].[0xa5]E[0xec]Y[0xd2]$[0xf6]H[0xa9][0x9d]([0x89]=#[0x3]BE[0x17][0x19][0xb1]gd[0x80]H|[0x84]b[0x8f][0xe8]lbd[0x80]([0x5]}3[0xf3]2[0x15][0x82][0xf3][0x93][0x93]S[0x8b][0x14][0x8c]1[0xda][0xba][0xc9][0xf9]I[0x89][\n]"
14:58:45.234 [main] DEBUG org.apache.http.wire -  << "[0xc9]E[0xa9][0x89]%[0xa9][\n]"
14:58:45.234 [main] DEBUG org.apache.http.wire -  << "[0x5]E[0xf9])[0xa5][0xc9]%`U[0xd0][0x1][0x5]s[0x90][0x97][0xe1][0x3][\n]"
14:58:45.234 [main] DEBUG org.apache.http.wire -  << "x[0xd2][0x8b][0x91][0x1][0xa2][0x1]EE[0x1b][0x8d]qw[0xa3][0x8d][0xc]h[0x90][0x97][0x8c][0xc][0x8][0xe5]%[0x8a]ZRF[0x6]4[0xc8]UF[0x6][0x88]\E[0xdb][0xe2][0xcb][0xc8][0x10][0x91][0x1]hm[0x13]"9a[0xcf][0x15][0x94][0xc5][0x83]!"[0x9a][0x9]{[0x84][0xec][\n]"
14:58:45.234 [main] DEBUG org.apache.http.wire -  << "[0xdd][0xc8][0x90].5[0xad][0x91]!"U[0x5]@[0xf3][0xb0]{j[0x9e]B[0x14]Fn[0xf7][0xcc][0xcb][0x84][0xe4][0xf2]l[0x85][0xa4][0xc4][0xa2]R[0xb0][\n]"
14:58:45.234 [main] DEBUG org.apache.http.wire -  << "[0xac]9[0x1d]_[0xbe]C[0x1a][0x99][0xa4]i[0xd8][0x91]R[0xac][0x93][0x1f]EH[0x3][0xa1]~[0xa9][0xe5][\n]"
14:58:45.234 [main] DEBUG org.apache.http.wire -  << "[0xd0][0xf0][0xc3][0x8][0xb9][0x9c][0xc4][0xd2][0xbc][0xe4][0x8c][0xcc][0xbc]t[0x85][0x92][0xfc][0xdc][0xfc][0xa2][0xa2][0xfc]r[0xa4][0xb2][0x9e][0xe8]B[0xd2][0x88][0xf8][0xb2][0x9e][0xe8][0x9a][0xda][0xc8][0x8][0x91]U[0xe8][0xe0][0x3]D[0xa1]K[0xcb][0xc8]7B[0xe4]O[0xec][0xd9][0x1f][0x11][0xfa]$[0x4][0x14]"[0x9b][0xd0][0xd4][0xed][0xa4][0x14][0xc7][0x14]$\[0xfa][0xe4][0xf][0xa4][0xc1][0xea][0xe0][0x9c][0xd4][0xd4]l[0x85][0xe0][0x92][0xd4][0xd4][0x1c][0x5][0xa7]D[0xd0][0xb4][0x3][0xea][0x8c]DXj[0x8e]B^fq[0xa6]BnbEfn[0xaa]Bj[0x89]BFbQi.[0x88]Q[0x92][0x9a][[0x90]_[0x94][0x99]TZ[0xac][0x87][0x88]:C[0xa2]3[0x8e]1[0xf1][0x19][0x87][0xf8]F[0x12][0xc1][0x81]r[0x84]KI0[0x14][0x91][0x1b]a[0x89]L!8'3[0x17][0xa3]D[0x81][0xf][0x98]P[0xd4]$[0xc5]2[0x1a]OS[0xeb][0x10][0xf9][0x92][0xf6]e[0x8d]1)[0xb5]'e[0xa1]HJ[0xc9]@[0x99]M[0xa4][0x14][0xe][0x94][0xd9][0x84]([0x1f][0x8][0x15][0xa1][0xc4][0xa7]n[0x13]D[0x3][0xb0]$[0xb5][0x18]4[0xcf][0x8]iO$[0x97]`[0xa4][0xef][0x92][0x8c][0xcc]b[0x85][0xcc]b[0x85][0x92][0xc]D[0xcf]"[0x5]i[0x6][0x13]>iih`[0x80][0xb7][0x1c][0x80][0xcc]Y[0x1a]Y[0x1a]#[0x8d][0xb0][0xb9][0xc3]&>QK D[0xa3]P[0xa1][0xa0][0xb4][0xa8] [0xbf]8[0xb5]X[0x9]6[0xe9][0x9]2[0x0][0x91]zI1[0x0]i[0xde][0xd4][0xc8][0x4]Q[0x10]Q-[0x0][0xc][0xf0][0xcc]1[0xc].[0xcf]#z[0x95][0x84]<[0x8f](:A[0xd1];d<[0x88]([0xbc][0x9]y[0x90]j[0xc9][0x1b]%u!ZWT[0xb5][0x9f][0x86][0xe1][0x8f][0xe2]|D[0x81]MU[0xe7][0xf][0x9d][0xc][0x82]([0xdd]i[0x16][0x0][0xa6]hC"[0x83][0xab][0x84]@T:4[0xb][0x0][0xf4]Q[0xa8]A[0x15][0x0][0xa6]#[0xbd][0x82]D[0x9a]d[0x1f][0xa1])[0x80][0xf8]J[0x92]ju[0xc8][0xe0][0xca][0x2][0x3]P[0x89][0xe][0xae][0x0][0xa0]Q->d[0xaa]ASD;{[0x84][0x96][0x1][0x88][0x86][0x10]l[0x10][0x0][0xa3][0x4][0xef][0xff][0x93]?[0x4][0x4][0x0][0x0][0x0][0xff][0xff]"
14:58:45.234 [main] DEBUG org.apache.http.wire -  << "[\r][\n]"
14:58:45.235 [main] DEBUG org.apache.http.wire -  << "87[\r][\n]"
14:58:45.235 [main] DEBUG org.apache.http.wire -  << "BZ[0xbd]C[0xd8][0x1a][0x8a]:[0x93]f[0x88]j[0x8d][0xd6]6!:X[0x84]m"?[0xe8][0xcc][0x10][0xa5]4ak([0xb]:Dq[0x88][0xbd][0x1f][0x8e][0xe8][0xb4]":M[0xc4][0xf7][0xc8][0x91]V[0x16][0xd1]~D[0xc6][0xc][0x91][0xae]Gf[0xc6]6C[0xc][0x14]Q-[0x0][0x86]L[0xb1]nF|[0xef][0x6][0x91][0x92][0x87]R[0xf7][0xdf]l[0x0]z/[0xc8][0xfd]g[0xa4][0x5]pTK]4[0xe][0x14][0xe7]#[0xca]T[0xaa]:[0xc8]d[0x10][0xa4][0x1]J[0x9a][0x5][0xc0][0xa0][0xee][0xfe][0x9b][0x8f][0xf4][0x86][0x9f][0xf9]H[0xaf] [0xcd][0x89][0xa9] [0x1][0x0][0x0][0x0][0xff][0xff]"
14:58:45.235 [main] DEBUG org.apache.http.wire -  << "[\r][\n]"
14:58:45.235 [main] DEBUG org.apache.http.wire -  << "428[\r][\n]"
14:58:45.236 [main] DEBUG org.apache.http.wire -  << "[0x82]l`[0x1a][0x9e][0xbd]_s[0xe2]+[0xc9]a[0x1a][0x0][0x3]P[0x89][0xe][0xaa][0xee]?[0xd2][0x2]g[0x9a][0xd5][0x2][0x83]z[0xc][0xd4][0x2][0xd1][0x85][0xa3]Y[0x0][0xc][0xea]j[0x90][0xe0][0x1a]t[0xca][0xba]|$[0xad]F[0xa7][0xa8][0xef]j[0x81]([0xcd][0xb1][0xf7]][0x11][0xed]|[0xe2]{[0xac][0x16][0x88][0x12][0xd2]-1[0xaf]$[0xb1][0xb8]$3Y[0xc1][0xa9](?[0xaf]*U!<1''[0x15]s.[0xd9]?--393Q!%?'[0xbf](U[0xa1](5[0xb9][0xb4]81/%1U!-19[0xb5]([0x95][0xac]5%[0x16][0x88][0x82][0xca][0xb5](=?/?73Y[0xc1]'3/5[0xf][0x97]3[0x2]K3[0x13][0x15][0x8a]SS[0x14]R[0xf3][0x8b][0x15]R[0xf3]2s[0x15][0x12]KKRs[0x15][0x8a][0x12]AU[0x1a]y[0xae][0xb0]D[0x8c][0xac][0x4][0x95][0x82][0x83][0xc2]'5[0xb1]$#[0xb5][0x8][0xeb][0x12][0x9b][0xa0][0xd4][0x82][0xa2][0xd4][0x8c][0xd4][0xbc][0x94][0xd4][0xa2][0xcc][0x12][0x90][0xed][\n]"
14:58:45.236 [main] DEBUG org.apache.http.wire -  << "[0x89]%[0x85][0xa5][0xa9][\n]"
14:58:45.236 [main] DEBUG org.apache.http.wire -  << "[0xa9][0xa5][0xb9][\n]"
14:58:45.236 [main] DEBUG org.apache.http.wire -  << "E[0xa9][0x5][0xa9]99[0x89]%[\n]"
14:58:45.236 [main] DEBUG org.apache.http.wire -  << "e[0x99]%[0x89][0xa9][\n]"
14:58:45.236 [main] DEBUG org.apache.http.wire -  << "[0xa5]y)d[0xba][0x8][0x91]}[0x11][0xf1][0xe3][0x9b]X[0x94][0x94][0x93][0xaa][0xe0][0x9d]Z[0x99][0x94][0x9f]X[0x94][0x82]1[0x9a][0xe5][0x92][0x9a][0x94]Y[0x92]Y[0xac][0x90]X\[0x90]Z[0x94][0x99]_[0x94]Z[0xc]Z[0xf5][0x93][0x9b][0x8]a[0x16][0xa7][0xa6][0x90][0x15]E[0x96][0x88][0x1e][0x85]k^~Qn~i[0xb1]BPiRRj[0x91]BxbIr[0x6][0x86]3|[0x13][0xd3][0xf3]2[0x15][0x12]s2[0xb]K3S[0xc0][0xe1][0x93][0x91][0x99][0x8c][0x9c]^[0x8a]R[0xb]JS2!i'[0xb5][0xa2] '391)_!?%[0xb3][0x84]<[0x7]"[0x6]w[0xf0][0xf]#[0x95]g[0x96]d(d[0xa5][0x16]#[0xb6][0xc4]"[0xb2][0x8e]1[0xca][0x8e]X[0xf4][0xa2][0x1d][0xb9][0x87][0x85][0xb4]}[0x0][0x9a]X[0xc2][0xf3][0xf3][0xb1]/[0xc6][\n]"
14:58:45.236 [main] DEBUG org.apache.http.wire -  << ",[0xcd][0x84][0xae][0xbe][0x2]%[0x4]([0xb3][0xb0]4_![0xb5][0x98]L[0xaf]"[0xda][0xf6][0xf8][0xbd]J[0xd4][0xbe]_[0xbc][0xbe]D[0x14][0x10][0xb4][0xb5][0xc9][0x18]i[0xed]}pnbN[0x8e]B@[0xe][0xb4]8[0xca]/)[0xc9]I[0xc5]H^a[0xf9]9[0xa5][0x5]%[0x89][0xa0]<_[0x9c]Y[0xa2][0x90][0x99][0x93][0x93][0xaf][0x0][\n]"
14:58:45.236 [main] DEBUG org.apache.http.wire -  << "SH[0xb9][0x94][0xab][0x90][0x93][0x99][0x94]Z[0x4][0x12][0xca],V(J[0xcd]%'I[0x19]#-[0xdd][0x87][0xb8][0x9]R$9g$f[0x16]a8[0xc8][0xb5]D[0xa1] [0xb5][0xa8][0xb8][0x0]T:[0x82][0xb2]_j[0x89]B>[0xb8][0xac][0x4]e[0xc5][0x12][0x98]{`B[0xe4][0xb9][0x7])[0x89]#-[0x0][0xc]IL[0xc2][0x12]@[0xce][0xa5][0xb9][\n]"
14:58:45.236 [main] DEBUG org.apache.http.wire -  << "[0x85][0xa5][0x99][0xc5][\n]"
14:58:45.236 [main] DEBUG org.apache.http.wire -  << ")[0xa9]9[0xa9]y[0x99]%[0x99][\n]"
14:58:45.236 [main] DEBUG org.apache.http.wire -  << "%[0xa9]y[0xa9]%[0xa5]E8[0xad][0xc6][0xb3];[0xd5][0x18]i[0x85][0xbf]g^rQjJ&[0xa8][0xc][\n]"
14:58:45.236 [main] DEBUG org.apache.http.wire -  << "H,H-Rp[0xce][0xcf]-(-I[0xc5][0x1a]$[0xc9][0xf9]y[0xc5][0xa9][0x85][0xa5][0xa5]y%[0xa5]E[\n]"
14:58:45.236 [main] DEBUG org.apache.http.wire -  << "[0xe0]%[0x88]8[0xad][0xc7][0x93][0xe][0x8d][0x91][0xf6][0x2]@c[0x2]Z2{[0xe7]e[0xa6]a&[0xe][0xd7][0x12][0x85][0xbc][0xfc]<[0x85][0xb2][0xd4][0x9c][0xcc][0x12][0x85]R[0xb2]2[0x99][0xb1][0x1][0xa2][0xff][0x8][0xb1][0x12][0x9c][0xbf][0xb1][0xc7]}[0x8]$dA[0x85]W[0xbe]B*x[0xa1]%[0xa8][0xd4]K[0xcd]U[0xc8]IL[0x2]U[0x93]y[0x99][0x19][0x99]9[0xe4][0xf9][0x1c]Q[0xef][0xfb][0xa6][0xa6]d[0xe6]'[0x17][0xa5]*8[0xe7][0x97][0x94][0xe4][0xe7])`w[0x8b]_~[0x9e]BJirfni[0xb1]B[0x19][0xa8]nJ[0x4][0xa5][0xc6][0xcc][0xbc][0xb2][0xd4][0xbc][0x92]|[0xf2][0xea]gc[0xa4]m[\r][0xee][0xf9]E[0xe9][0xa9][0xa0][0xc2]?83'[0x1b][0x94]IK0[0x83][0xdf][0x19][0x12][0xe9][0x89][0xa0]8[0x87]W[0x85][0xe0][0x8c][0x9]Zu[0xaa]P[0x6][0xcb][0xba]([0x19][0x86][0xbc][0xd0]A4[0x1c][0x82]+[0xf3]R[0x8b][0xd2]3[0xc1][0xf5][0xb6]s>([0x8d][0x96][0xe0]l[0xc4][0x4][0x14][0xe5][0x97]e[0xa6][0xa4][0xe6][0x95]([0x94][0xe6][0xe4]$[0xe6]*$[0xa5]&[0x96]$[0x92]UE[0x1b]#[0xed][0xc3][0x80][0xd7][0x8b][0x4][0xb2][0x85][0x1b][0xb8][0xa1][0xa4][0x90][0x97][0x9f][0x94]Y[0xc]*[0xb3][0xc8][0xf2][0xb9]![0xa2]i[0x80][0x94]![0xdd][0x8b][0x12][0xf3]2KR[0x15][0x9c][0xb0][0x17][0x9a]A[0xa9][0xa0]5[0xc0][0x85][0xa0][0xb6]SfI"[0xb8][0xb5][0x92]_[0x8c][0x12][0xb][\n]"
14:58:45.240 [main] DEBUG org.apache.http.wire -  << "[0x89][0xc9][0xe0][0x6]]Ifi.[0xb4][0x8d]G[0xd6]2acCD{[0xc1][0xa5][0xb4]([0x11]TZ[0x84][0xe7][0xe7][0xa7][0xa4][0xe6][0xe1]v[0x1b]xurri[0xae]B[0x1e](V[0xc8][0xb][0x15]D[0x9][0x19][0x10]l[0x82]QF[0x17][0x14][0x9b][0x80]w[ U[0xf8][0xf8][0x17]<"[0xd5][0xf8][0xc6][0x86][0x88][0xb9]d[0x1a][0xd7][0x85]$m[0x89][0xa1][0xa4]WaL[0x9f]]1[0xc6]H[0xbb]b`AG[0xc3][0xa5][0xd1][0xc6]H[0xdb]b[0xb0][0xf7][0x95]([0xea][0xf4][0x19]#[0xed]S[0xc1]n<"y[0x11][0xea][0x8a][0xc5][0xd6]r[0x1][0x0][0x0][0x0][0xff][0xff]"
14:58:45.240 [main] DEBUG org.apache.http.wire -  << "[\r][\n]"
14:58:45.241 [main] DEBUG org.apache.http.wire -  << "A[\r][\n]"
14:58:45.241 [main] DEBUG org.apache.http.wire -  << "[0x3][0x0][0x0][0x17][0xce]ipH[0x0][0x0]"
14:58:45.241 [main] DEBUG org.apache.http.wire -  << "[\r][\n]"
14:58:45.241 [main] DEBUG org.apache.http.wire -  << "0[\r][\n]"
14:58:45.241 [main] DEBUG org.apache.http.wire -  << "[\r][\n]"
14:58:45.241 [main] DEBUG io.restassured.internal.RestAssuredHttpBuilder - Parsed data to instance of: class org.apache.http.conn.EofSensorInputStream
14:58:45.244 [main] DEBUG org.apache.http.impl.conn.BasicClientConnectionManager - Releasing connection org.apache.http.impl.conn.ManagedClientConnectionImpl@3398ed12
14:58:45.245 [main] DEBUG org.apache.http.impl.conn.BasicClientConnectionManager - Connection can be kept alive indefinitely
14:58:45.325 [main] DEBUG net.thucydides.core.steps.StepInterceptor - STEP DONE: I send GET HTTP request product
  &amp#27;[32mWhen &amp#27;[0m&amp#27;[32mI send GET HTTP request product&amp#27;[0m                &amp#27;[90m# starter.stepdefinitions.ProductSteps.sentGetHttpRequestProduct()&amp#27;[0m
14:58:45.347 [main] DEBUG net.thucydides.core.steps.StepInterceptor - STARTING STEP: ProductSteps.receiveValidHttp200Product - I receive valid HTTP response code 200 product
14:58:45.364 [main] DEBUG net.thucydides.core.steps.StepInterceptor - STEP DONE: I receive valid HTTP response code 200 product
  &amp#27;[32mThen &amp#27;[0m&amp#27;[32mI receive valid HTTP response code 200 product&amp#27;[0m &amp#27;[90m# starter.stepdefinitions.ProductSteps.receiveValidHttp200Product()&amp#27;[0m
14:58:45.462 [main] INFO  - 
  _____   ___   ___   _____     ___     _     ___   ___   ___   ___  
 |_   _| | __| / __| |_   _|   | _ \   /_\   / __| / __| | __| |   \ 
   | |   | _|  \__ \   | |     |  _/  / _ \  \__ \ \__ \ | _|  | |) |
   |_|   |___| |___/   |_|     |_|   /_/ \_\ |___/ |___/ |___| |___/ 

GET - Get product by ID
----------------------------------------------------------------------
]]></system-out>
  </testcase>
  <testcase name="GET - Get all product" classname="Product" time="0.663">
    <failure type="java.lang.AssertionError"><![CDATA[java.lang.AssertionError: 
1 expectation failed.
Expected status code <200> but was <404>.

]]></failure>
    <system-out><![CDATA[
Scenario: GET - Get all product                       &amp#27;[90m# src/test/resources/features/5. Product.feature:32&amp#27;[0m
14:58:45.514 [main] DEBUG io.cucumber.core.plugin.SerenityReporter - Running feature from file:///C:/Users/user/Documents/GitHub/QE_Loyalty-Point/API_CICD_Minpro/src/test/resources/features/5.%20Product.feature
14:58:45.523 [main] INFO  - 
  _____   ___   ___   _____     ___   _____     _     ___   _____   ___   ___  
 |_   _| | __| / __| |_   _|   / __| |_   _|   /_\   | _ \ |_   _| | __| |   \ 
   | |   | _|  \__ \   | |     \__ \   | |    / _ \  |   /   | |   | _|  | |) |
   |_|   |___| |___/   |_|     |___/   |_|   /_/ \_\ |_|_\   |_|   |___| |___/ 

GET - Get all product(product;get---get-all-product)
--------------------------------------------------------------------------------
14:58:45.620 [main] DEBUG net.thucydides.core.steps.StepInterceptor - STARTING STEP: ProductSteps.setGetApiEndpointsProduct2 - I set GET api endpoints product2
14:58:45.624 [main] DEBUG net.thucydides.core.steps.StepInterceptor - STEP DONE: I set GET api endpoints product2
  &amp#27;[32mGiven &amp#27;[0m&amp#27;[32mI set GET api endpoints product2&amp#27;[0m              &amp#27;[90m# starter.stepdefinitions.ProductSteps.setGetApiEndpointsProduct2()&amp#27;[0m
14:58:45.663 [main] DEBUG net.thucydides.core.steps.StepInterceptor - STARTING STEP: ProductSteps.sendGetHttpRequestProduct2 - I send GET HTTP request product2
14:58:45.682 [main] DEBUG net.thucydides.core.steps.StepInterceptor - STARTING STEP: Product.sendGetHttpRequestProduct2 - I set GET api endpoints product2
14:58:45.683 [main] DEBUG net.thucydides.core.steps.StepInterceptor - STEP DONE: I set GET api endpoints product2
14:58:45.784 [main] DEBUG org.apache.http.impl.conn.BasicClientConnectionManager - Get connection for route {s}->https://altashop-api.fly.dev:443
14:58:45.785 [main] DEBUG org.apache.http.impl.conn.DefaultClientConnectionOperator - Connecting to altashop-api.fly.dev:443
14:58:45.926 [main] DEBUG org.apache.http.client.protocol.RequestAddCookies - CookieSpec selected: ignoreCookies
14:58:45.927 [main] DEBUG org.apache.http.client.protocol.RequestAuthCache - Auth cache not set in the context
14:58:45.927 [main] DEBUG org.apache.http.client.protocol.RequestTargetAuthentication - Target auth state: UNCHALLENGED
14:58:45.927 [main] DEBUG org.apache.http.client.protocol.RequestProxyAuthentication - Proxy auth state: UNCHALLENGED
14:58:45.927 [main] DEBUG org.apache.http.impl.client.DefaultHttpClient - Attempt 1 to execute request
14:58:45.927 [main] DEBUG org.apache.http.impl.conn.DefaultClientConnection - Sending request: GET /api/products/60724 HTTP/1.1
14:58:45.927 [main] DEBUG org.apache.http.wire -  >> "GET /api/products/60724 HTTP/1.1[\r][\n]"
14:58:45.927 [main] DEBUG org.apache.http.wire -  >> "Accept: */*[\r][\n]"
14:58:45.927 [main] DEBUG org.apache.http.wire -  >> "Host: altashop-api.fly.dev[\r][\n]"
14:58:45.927 [main] DEBUG org.apache.http.wire -  >> "Connection: Keep-Alive[\r][\n]"
14:58:45.927 [main] DEBUG org.apache.http.wire -  >> "User-Agent: Apache-HttpClient/4.5.13 (Java/17.0.6)[\r][\n]"
14:58:45.927 [main] DEBUG org.apache.http.wire -  >> "Accept-Encoding: gzip,deflate[\r][\n]"
14:58:45.927 [main] DEBUG org.apache.http.wire -  >> "[\r][\n]"
14:58:45.927 [main] DEBUG org.apache.http.headers - >> GET /api/products/60724 HTTP/1.1
14:58:45.927 [main] DEBUG org.apache.http.headers - >> Accept: */*
14:58:45.927 [main] DEBUG org.apache.http.headers - >> Host: altashop-api.fly.dev
14:58:45.928 [main] DEBUG org.apache.http.headers - >> Connection: Keep-Alive
14:58:45.928 [main] DEBUG org.apache.http.headers - >> User-Agent: Apache-HttpClient/4.5.13 (Java/17.0.6)
14:58:45.928 [main] DEBUG org.apache.http.headers - >> Accept-Encoding: gzip,deflate
14:58:45.961 [main] DEBUG org.apache.http.wire -  << "HTTP/1.1 404 Not Found[\r][\n]"
14:58:45.961 [main] DEBUG org.apache.http.wire -  << "content-type: application/json[\r][\n]"
14:58:45.961 [main] DEBUG org.apache.http.wire -  << "date: Mon, 29 May 2023 07:58:35 GMT[\r][\n]"
14:58:45.961 [main] DEBUG org.apache.http.wire -  << "content-encoding: gzip[\r][\n]"
14:58:45.961 [main] DEBUG org.apache.http.wire -  << "transfer-encoding: chunked[\r][\n]"
14:58:45.961 [main] DEBUG org.apache.http.wire -  << "server: Fly/fe06e9419 (2023-05-24)[\r][\n]"
14:58:45.961 [main] DEBUG org.apache.http.wire -  << "via: 1.1 fly.io[\r][\n]"
14:58:45.961 [main] DEBUG org.apache.http.wire -  << "fly-request-id: 01H1K8881BVDWDW745GE8Y3F0V-sin[\r][\n]"
14:58:45.962 [main] DEBUG org.apache.http.wire -  << "[\r][\n]"
14:58:45.962 [main] DEBUG org.apache.http.impl.conn.DefaultClientConnection - Receiving response: HTTP/1.1 404 Not Found
14:58:45.962 [main] DEBUG org.apache.http.headers - << HTTP/1.1 404 Not Found
14:58:45.962 [main] DEBUG org.apache.http.headers - << content-type: application/json
14:58:45.962 [main] DEBUG org.apache.http.headers - << date: Mon, 29 May 2023 07:58:35 GMT
14:58:45.962 [main] DEBUG org.apache.http.headers - << content-encoding: gzip
14:58:45.962 [main] DEBUG org.apache.http.headers - << transfer-encoding: chunked
14:58:45.962 [main] DEBUG org.apache.http.headers - << server: Fly/fe06e9419 (2023-05-24)
14:58:45.962 [main] DEBUG org.apache.http.headers - << via: 1.1 fly.io
14:58:45.962 [main] DEBUG org.apache.http.headers - << fly-request-id: 01H1K8881BVDWDW745GE8Y3F0V-sin
14:58:45.962 [main] DEBUG org.apache.http.impl.client.DefaultHttpClient - Connection can be kept alive indefinitely
14:58:45.963 [main] DEBUG io.restassured.internal.RestAssuredHttpBuilder - Parsing response as: application/json
14:58:45.963 [main] DEBUG org.apache.http.wire -  << "31[\r][\n]"
14:58:45.963 [main] DEBUG org.apache.http.wire -  << "[0x1f][0x8b][0x8][0x0][0x0][0x0][0x0][0x0][0x4][0xff][0xab]VJ-*[0xca]/R[0xb2]R*JM[0xce]/JQ[0xc8][0xcb]/QH[0xcb]/[0xcd]KQ[0xaa][0xe5][0x2][0x0]6`[0x14][0x2][0x1d][0x0][0x0][0x0]"
14:58:45.963 [main] DEBUG org.apache.http.wire -  << "[\r][\n]"
14:58:45.963 [main] DEBUG org.apache.http.wire -  << "0[\r][\n]"
14:58:45.964 [main] DEBUG org.apache.http.wire -  << "[\r][\n]"
14:58:45.964 [main] DEBUG io.restassured.internal.RestAssuredHttpBuilder - Parsed data to instance of: class org.apache.http.conn.EofSensorInputStream
14:58:45.966 [main] DEBUG org.apache.http.impl.conn.BasicClientConnectionManager - Releasing connection org.apache.http.impl.conn.ManagedClientConnectionImpl@58b30e3e
14:58:45.967 [main] DEBUG org.apache.http.impl.conn.BasicClientConnectionManager - Connection can be kept alive indefinitely
14:58:45.969 [main] DEBUG net.thucydides.core.steps.StepInterceptor - STEP DONE: I send GET HTTP request product2
  &amp#27;[32mWhen &amp#27;[0m&amp#27;[32mI send GET HTTP request product2&amp#27;[0m               &amp#27;[90m# starter.stepdefinitions.ProductSteps.sendGetHttpRequestProduct2()&amp#27;[0m
14:58:45.981 [main] DEBUG net.thucydides.core.steps.StepInterceptor - STARTING STEP: ProductSteps.receiveValidHttp200Product - I receive valid HTTP response code 200 product
  &amp#27;[31mThen &amp#27;[0m&amp#27;[31mI receive valid HTTP response code 200 product&amp#27;[0m &amp#27;[90m# starter.stepdefinitions.ProductSteps.receiveValidHttp200Product()&amp#27;[0m
      &amp#27;[31mjava.lang.AssertionError: 1 expectation failed.
Expected status code <200> but was <404>.

	at java.base/jdk.internal.reflect.NativeConstructorAccessorImpl.newInstance0(Native Method)
	at java.base/jdk.internal.reflect.NativeConstructorAccessorImpl.newInstance(NativeConstructorAccessorImpl.java:77)
	at java.base/jdk.internal.reflect.DelegatingConstructorAccessorImpl.newInstance(DelegatingConstructorAccessorImpl.java:45)
	at java.base/java.lang.reflect.Constructor.newInstanceWithCaller(Constructor.java:499)
	at java.base/java.lang.reflect.Constructor.newInstance(Constructor.java:480)
	at org.codehaus.groovy.reflection.CachedConstructor.invoke(CachedConstructor.java:73)
	at org.codehaus.groovy.runtime.callsite.ConstructorSite$ConstructorSiteNoUnwrapNoCoerce.callConstructor(ConstructorSite.java:108)
	at org.codehaus.groovy.runtime.callsite.AbstractCallSite.callConstructor(AbstractCallSite.java:277)
	at io.restassured.internal.ResponseSpecificationImpl$HamcrestAssertionClosure.validate(ResponseSpecificationImpl.groovy:512)
	at io.restassured.internal.ResponseSpecificationImpl$HamcrestAssertionClosure$validate$1.call(Unknown Source)
	at io.restassured.internal.ResponseSpecificationImpl.validateResponseIfRequired(ResponseSpecificationImpl.groovy:696)
	at io.restassured.internal.ResponseSpecificationImpl.this$2$validateResponseIfRequired(ResponseSpecificationImpl.groovy)
	at jdk.internal.reflect.GeneratedMethodAccessor142.invoke(Unknown Source)
	at java.base/jdk.internal.reflect.DelegatingMethodAccessorImpl.invoke(DelegatingMethodAccessorImpl.java:43)
	at java.base/java.lang.reflect.Method.invoke(Method.java:568)
	at org.codehaus.groovy.runtime.callsite.PlainObjectMetaMethodSite.doInvoke(PlainObjectMetaMethodSite.java:43)
	at org.codehaus.groovy.runtime.callsite.PogoMetaMethodSite$PogoCachedMethodSiteNoUnwrapNoCoerce.invoke(PogoMetaMethodSite.java:198)
	at org.codehaus.groovy.runtime.callsite.PogoMetaMethodSite.callCurrent(PogoMetaMethodSite.java:62)
	at org.codehaus.groovy.runtime.callsite.AbstractCallSite.callCurrent(AbstractCallSite.java:185)
	at io.restassured.internal.ResponseSpecificationImpl.statusCode(ResponseSpecificationImpl.groovy:135)
	at io.restassured.specification.ResponseSpecification$statusCode$0.callCurrent(Unknown Source)
	at io.restassured.internal.ResponseSpecificationImpl.statusCode(ResponseSpecificationImpl.groovy:143)
	at io.restassured.internal.ValidatableResponseOptionsImpl.statusCode(ValidatableResponseOptionsImpl.java:89)
	at minpro@1.0-SNAPSHOT/starter.java.Product.lambda$receiveValidHttp200Product$0(Product.java:106)
	at net.serenitybdd.rest.SerenityRest.restAssuredThat(SerenityRest.java:626)
	at minpro@1.0-SNAPSHOT/starter.java.Product.receiveValidHttp200Product(Product.java:106)
	at minpro@1.0-SNAPSHOT/starter.java.Product$ByteBuddy$QEM45eaH.receiveValidHttp200Product$accessor$T5NLDzbE(Unknown Source)
	at java.base/jdk.internal.reflect.NativeMethodAccessorImpl.invoke0(Native Method)
	at java.base/jdk.internal.reflect.NativeMethodAccessorImpl.invoke(NativeMethodAccessorImpl.java:77)
	at java.base/jdk.internal.reflect.DelegatingMethodAccessorImpl.invoke(DelegatingMethodAccessorImpl.java:43)
	at java.base/java.lang.reflect.Method.invoke(Method.java:568)
	at net.thucydides.core.steps.StepInterceptor.invokeMethod(StepInterceptor.java:518)
	at net.thucydides.core.steps.StepInterceptor.executeTestStepMethod(StepInterceptor.java:498)
	at net.thucydides.core.steps.StepInterceptor.runTestStep(StepInterceptor.java:472)
	at net.thucydides.core.steps.StepInterceptor.runOrSkipMethod(StepInterceptor.java:211)
	at net.thucydides.core.steps.StepInterceptor.testStepResult(StepInterceptor.java:198)
	at net.thucydides.core.steps.StepInterceptor.intercept(StepInterceptor.java:86)
	at net.thucydides.core.steps.ProxyConfiguration$InterceptorDispatcher.intercept(ProxyConfiguration.java:51)
	at minpro@1.0-SNAPSHOT/starter.java.Product$ByteBuddy$QEM45eaH.receiveValidHttp200Product(Unknown Source)
	at minpro@1.0-SNAPSHOT/starter.stepdefinitions.ProductSteps.receiveValidHttp200Product(ProductSteps.java:66)
	at âœ½.I receive valid HTTP response code 200 product(file:///C:/Users/user/Documents/GitHub/QE_Loyalty-Point/API_CICD_Minpro/src/test/resources/features/5.%20Product.feature:35)
&amp#27;[0m
14:58:46.100 [main] ERROR  - 
  _____   ___   ___   _____     ___     _     ___   _      ___   ___  
 |_   _| | __| / __| |_   _|   | __|   /_\   |_ _| | |    | __| |   \ 
   | |   | _|  \__ \   | |     | _|   / _ \   | |  | |__  | _|  | |) |
   |_|   |___| |___/   |_|     |_|   /_/ \_\ |___| |____| |___| |___/ 

GET - Get all product
-----------------------------------------------------------------------
14:58:46.100 [main] DEBUG  - RELATED ISSUES: 
14:58:46.101 [main] ERROR  -     Test failed at step: I receive valid HTTP response code 200 product
14:58:46.102 [main] ERROR  -     1 expectation failed.Expected status code <200> but was <404>.
]]></system-out>
  </testcase>
  <testcase name="GET - Get product by invalid ID" classname="Product" time="0.486">
    <system-out><![CDATA[
Scenario: GET - Get product by invalid ID             &amp#27;[90m# src/test/resources/features/5. Product.feature:37&amp#27;[0m
14:58:46.166 [main] DEBUG io.cucumber.core.plugin.SerenityReporter - Running feature from file:///C:/Users/user/Documents/GitHub/QE_Loyalty-Point/API_CICD_Minpro/src/test/resources/features/5.%20Product.feature
14:58:46.177 [main] INFO  - 
  _____   ___   ___   _____     ___   _____     _     ___   _____   ___   ___  
 |_   _| | __| / __| |_   _|   / __| |_   _|   /_\   | _ \ |_   _| | __| |   \ 
   | |   | _|  \__ \   | |     \__ \   | |    / _ \  |   /   | |   | _|  | |) |
   |_|   |___| |___/   |_|     |___/   |_|   /_/ \_\ |_|_\   |_|   |___| |___/ 

GET - Get product by invalid ID(product;get---get-product-by-invalid-id)
--------------------------------------------------------------------------------
14:58:46.232 [main] DEBUG net.thucydides.core.steps.StepInterceptor - STARTING STEP: ProductSteps.setGetApiEndpointsProduct3 - I set GET api endpoints product3
14:58:46.233 [main] DEBUG net.thucydides.core.steps.StepInterceptor - STEP DONE: I set GET api endpoints product3
  &amp#27;[32mGiven &amp#27;[0m&amp#27;[32mI set GET api endpoints product3&amp#27;[0m              &amp#27;[90m# starter.stepdefinitions.ProductSteps.setGetApiEndpointsProduct3()&amp#27;[0m
14:58:46.247 [main] DEBUG net.thucydides.core.steps.StepInterceptor - STARTING STEP: ProductSteps.sendGetHttpRequestProduct3 - I send GET HTTP request product3
14:58:46.264 [main] DEBUG net.thucydides.core.steps.StepInterceptor - STARTING STEP: Product.sendGetHttpRequestProduct3 - I set GET api endpoints product3
14:58:46.264 [main] DEBUG net.thucydides.core.steps.StepInterceptor - STEP DONE: I set GET api endpoints product3
14:58:46.320 [main] DEBUG org.apache.http.impl.conn.BasicClientConnectionManager - Get connection for route {s}->https://altashop-api.fly.dev:443
14:58:46.321 [main] DEBUG org.apache.http.impl.conn.DefaultClientConnectionOperator - Connecting to altashop-api.fly.dev:443
14:58:46.532 [main] DEBUG org.apache.http.client.protocol.RequestAddCookies - CookieSpec selected: ignoreCookies
14:58:46.532 [main] DEBUG org.apache.http.client.protocol.RequestAuthCache - Auth cache not set in the context
14:58:46.532 [main] DEBUG org.apache.http.client.protocol.RequestTargetAuthentication - Target auth state: UNCHALLENGED
14:58:46.532 [main] DEBUG org.apache.http.client.protocol.RequestProxyAuthentication - Proxy auth state: UNCHALLENGED
14:58:46.532 [main] DEBUG org.apache.http.impl.client.DefaultHttpClient - Attempt 1 to execute request
14:58:46.532 [main] DEBUG org.apache.http.impl.conn.DefaultClientConnection - Sending request: GET /api/products/-13000 HTTP/1.1
14:58:46.533 [main] DEBUG org.apache.http.wire -  >> "GET /api/products/-13000 HTTP/1.1[\r][\n]"
14:58:46.533 [main] DEBUG org.apache.http.wire -  >> "Accept: */*[\r][\n]"
14:58:46.533 [main] DEBUG org.apache.http.wire -  >> "Host: altashop-api.fly.dev[\r][\n]"
14:58:46.533 [main] DEBUG org.apache.http.wire -  >> "Connection: Keep-Alive[\r][\n]"
14:58:46.533 [main] DEBUG org.apache.http.wire -  >> "User-Agent: Apache-HttpClient/4.5.13 (Java/17.0.6)[\r][\n]"
14:58:46.533 [main] DEBUG org.apache.http.wire -  >> "Accept-Encoding: gzip,deflate[\r][\n]"
14:58:46.533 [main] DEBUG org.apache.http.wire -  >> "[\r][\n]"
14:58:46.533 [main] DEBUG org.apache.http.headers - >> GET /api/products/-13000 HTTP/1.1
14:58:46.533 [main] DEBUG org.apache.http.headers - >> Accept: */*
14:58:46.533 [main] DEBUG org.apache.http.headers - >> Host: altashop-api.fly.dev
14:58:46.533 [main] DEBUG org.apache.http.headers - >> Connection: Keep-Alive
14:58:46.533 [main] DEBUG org.apache.http.headers - >> User-Agent: Apache-HttpClient/4.5.13 (Java/17.0.6)
14:58:46.533 [main] DEBUG org.apache.http.headers - >> Accept-Encoding: gzip,deflate
14:58:46.572 [main] DEBUG org.apache.http.wire -  << "HTTP/1.1 500 Internal Server Error[\r][\n]"
14:58:46.572 [main] DEBUG org.apache.http.wire -  << "content-type: application/json[\r][\n]"
14:58:46.572 [main] DEBUG org.apache.http.wire -  << "date: Mon, 29 May 2023 07:58:35 GMT[\r][\n]"
14:58:46.572 [main] DEBUG org.apache.http.wire -  << "content-encoding: gzip[\r][\n]"
14:58:46.572 [main] DEBUG org.apache.http.wire -  << "transfer-encoding: chunked[\r][\n]"
14:58:46.572 [main] DEBUG org.apache.http.wire -  << "server: Fly/fe06e9419 (2023-05-24)[\r][\n]"
14:58:46.572 [main] DEBUG org.apache.http.wire -  << "via: 1.1 fly.io[\r][\n]"
14:58:46.572 [main] DEBUG org.apache.http.wire -  << "fly-request-id: 01H1K888M9EVBXB2ZNNP0QAV88-sin[\r][\n]"
14:58:46.572 [main] DEBUG org.apache.http.wire -  << "[\r][\n]"
14:58:46.572 [main] DEBUG org.apache.http.impl.conn.DefaultClientConnection - Receiving response: HTTP/1.1 500 Internal Server Error
14:58:46.572 [main] DEBUG org.apache.http.headers - << HTTP/1.1 500 Internal Server Error
14:58:46.572 [main] DEBUG org.apache.http.headers - << content-type: application/json
14:58:46.572 [main] DEBUG org.apache.http.headers - << date: Mon, 29 May 2023 07:58:35 GMT
14:58:46.573 [main] DEBUG org.apache.http.headers - << content-encoding: gzip
14:58:46.573 [main] DEBUG org.apache.http.headers - << transfer-encoding: chunked
14:58:46.573 [main] DEBUG org.apache.http.headers - << server: Fly/fe06e9419 (2023-05-24)
14:58:46.573 [main] DEBUG org.apache.http.headers - << via: 1.1 fly.io
14:58:46.573 [main] DEBUG org.apache.http.headers - << fly-request-id: 01H1K888M9EVBXB2ZNNP0QAV88-sin
14:58:46.573 [main] DEBUG org.apache.http.impl.client.DefaultHttpClient - Connection can be kept alive indefinitely
14:58:46.573 [main] DEBUG io.restassured.internal.RestAssuredHttpBuilder - Parsing response as: application/json
14:58:46.573 [main] DEBUG org.apache.http.wire -  << "5C[\r][\n]"
14:58:46.573 [main] DEBUG org.apache.http.wire -  << "[0x1f][0x8b][0x8][0x0][0x0][0x0][0x0][0x0][0x4][0xff][0xab]VJ-*[0xca]/R[0xb2]R2[0xb4]01137110767[0xb0]45[0xb6]034S[0xc8],VH/JM,I-R([0xc9]H[0xcc]S[0xc8]M[0xac][0xc8][0xcc]-[0xcd]U(K[0xcc])MUH[0xcb]/R[0xf0][0xcc]+1Q[0xaa][0xe5][0x2][0x0][0xf0][0xc5][0xea][0x99]H[0x0][0x0][0x0]"
14:58:46.573 [main] DEBUG org.apache.http.wire -  << "[\r][\n]"
14:58:46.575 [main] DEBUG org.apache.http.wire -  << "0[\r][\n]"
14:58:46.575 [main] DEBUG org.apache.http.wire -  << "[\r][\n]"
14:58:46.575 [main] DEBUG io.restassured.internal.RestAssuredHttpBuilder - Parsed data to instance of: class org.apache.http.conn.EofSensorInputStream
14:58:46.578 [main] DEBUG org.apache.http.impl.conn.BasicClientConnectionManager - Releasing connection org.apache.http.impl.conn.ManagedClientConnectionImpl@4e9d203e
14:58:46.578 [main] DEBUG org.apache.http.impl.conn.BasicClientConnectionManager - Connection can be kept alive indefinitely
14:58:46.581 [main] DEBUG net.thucydides.core.steps.StepInterceptor - STEP DONE: I send GET HTTP request product3
  &amp#27;[32mWhen &amp#27;[0m&amp#27;[32mI send GET HTTP request product3&amp#27;[0m               &amp#27;[90m# starter.stepdefinitions.ProductSteps.sendGetHttpRequestProduct3()&amp#27;[0m
14:58:46.608 [main] DEBUG net.thucydides.core.steps.StepInterceptor - STARTING STEP: ProductSteps.receiveValidHttp500Product - I receive valid HTTP response code 500 product
14:58:46.611 [main] DEBUG net.thucydides.core.steps.StepInterceptor - STEP DONE: I receive valid HTTP response code 500 product
  &amp#27;[32mThen &amp#27;[0m&amp#27;[32mI receive valid HTTP response code 500 product&amp#27;[0m &amp#27;[90m# starter.stepdefinitions.ProductSteps.receiveValidHttp500Product()&amp#27;[0m
14:58:46.622 [main] INFO  - 
  _____   ___   ___   _____     ___     _     ___   ___   ___   ___  
 |_   _| | __| / __| |_   _|   | _ \   /_\   / __| / __| | __| |   \ 
   | |   | _|  \__ \   | |     |  _/  / _ \  \__ \ \__ \ | _|  | |) |
   |_|   |___| |___/   |_|     |_|   /_/ \_\ |___/ |___/ |___| |___/ 

GET - Get product by invalid ID
----------------------------------------------------------------------
]]></system-out>
  </testcase>
  <testcase name="POST - Add new orders" classname="Order" time="0.55">
    <failure type="java.lang.AssertionError"><![CDATA[java.lang.AssertionError: 
1 expectation failed.
Expected status code <200> but was <401>.

]]></failure>
    <system-out><![CDATA[14:58:46.632 [main] DEBUG io.cucumber.core.plugin.SerenityReporter - Running feature from file:///C:/Users/user/Documents/GitHub/QE_Loyalty-Point/API_CICD_Minpro/src/test/resources/features/6.%20Order.feature
14:58:46.649 [main] DEBUG net.thucydides.core.steps.StepEventBus - Test suite started for story net.thucydides.core.model.Story@421cad1d
14:58:46.651 [main] INFO  - Test Suite Started: Order

Scenario: POST - Add new orders                     &amp#27;[90m# src/test/resources/features/6. Order.feature:7&amp#27;[0m
14:58:46.681 [main] DEBUG io.cucumber.core.plugin.SerenityReporter - Running feature from file:///C:/Users/user/Documents/GitHub/QE_Loyalty-Point/API_CICD_Minpro/src/test/resources/features/6.%20Order.feature
14:58:46.689 [main] INFO  - 
  _____   ___   ___   _____     ___   _____     _     ___   _____   ___   ___  
 |_   _| | __| / __| |_   _|   / __| |_   _|   /_\   | _ \ |_   _| | __| |   \ 
   | |   | _|  \__ \   | |     \__ \   | |    / _ \  |   /   | |   | _|  | |) |
   |_|   |___| |___/   |_|     |___/   |_|   /_/ \_\ |_|_\   |_|   |___| |___/ 

POST - Add new orders(order;post---add-new-orders)
--------------------------------------------------------------------------------
  &amp#27;[32mGiven &amp#27;[0m&amp#27;[32mI set POST api endpoints order&amp#27;[0m              &amp#27;[90m# starter.stepdefinitions.OrderSteps.setPostApiEndpointOrder()&amp#27;[0m
14:58:46.838 [main] DEBUG org.apache.http.impl.conn.BasicClientConnectionManager - Get connection for route {s}->https://altashop-api.fly.dev:443
14:58:46.841 [main] DEBUG org.apache.http.impl.conn.DefaultClientConnectionOperator - Connecting to altashop-api.fly.dev:443
14:58:47.017 [main] DEBUG org.apache.http.client.protocol.RequestAddCookies - CookieSpec selected: ignoreCookies
14:58:47.017 [main] DEBUG org.apache.http.client.protocol.RequestAuthCache - Auth cache not set in the context
14:58:47.018 [main] DEBUG org.apache.http.client.protocol.RequestProxyAuthentication - Proxy auth state: UNCHALLENGED
14:58:47.018 [main] DEBUG org.apache.http.impl.client.DefaultHttpClient - Attempt 1 to execute request
14:58:47.018 [main] DEBUG org.apache.http.impl.conn.DefaultClientConnection - Sending request: GET /api/orders HTTP/1.1
14:58:47.018 [main] DEBUG org.apache.http.wire -  >> "GET /api/orders HTTP/1.1[\r][\n]"
14:58:47.018 [main] DEBUG org.apache.http.wire -  >> "Authorization: Bearer eyJhbGciOiJIUzI1NiIsInR5cCI6IkpXVCJ9.eyJGdWxsbmFtZSI6IkFkaXR5YSBOdWdyYWhhIiwiRW1haWwiOiJhZGl0QGdtYWlsLmNvbSJ9.VM2lARkmmliu1pWtk1uhb8z5fGaElvH1jIoYM72Te3g[\r][\n]"
14:58:47.018 [main] DEBUG org.apache.http.wire -  >> "Accept: */*[\r][\n]"
14:58:47.018 [main] DEBUG org.apache.http.wire -  >> "Host: altashop-api.fly.dev[\r][\n]"
14:58:47.018 [main] DEBUG org.apache.http.wire -  >> "Connection: Keep-Alive[\r][\n]"
14:58:47.018 [main] DEBUG org.apache.http.wire -  >> "User-Agent: Apache-HttpClient/4.5.13 (Java/17.0.6)[\r][\n]"
14:58:47.018 [main] DEBUG org.apache.http.wire -  >> "Accept-Encoding: gzip,deflate[\r][\n]"
14:58:47.018 [main] DEBUG org.apache.http.wire -  >> "[\r][\n]"
14:58:47.019 [main] DEBUG org.apache.http.headers - >> GET /api/orders HTTP/1.1
14:58:47.019 [main] DEBUG org.apache.http.headers - >> Authorization: Bearer eyJhbGciOiJIUzI1NiIsInR5cCI6IkpXVCJ9.eyJGdWxsbmFtZSI6IkFkaXR5YSBOdWdyYWhhIiwiRW1haWwiOiJhZGl0QGdtYWlsLmNvbSJ9.VM2lARkmmliu1pWtk1uhb8z5fGaElvH1jIoYM72Te3g
14:58:47.019 [main] DEBUG org.apache.http.headers - >> Accept: */*
14:58:47.019 [main] DEBUG org.apache.http.headers - >> Host: altashop-api.fly.dev
14:58:47.019 [main] DEBUG org.apache.http.headers - >> Connection: Keep-Alive
14:58:47.019 [main] DEBUG org.apache.http.headers - >> User-Agent: Apache-HttpClient/4.5.13 (Java/17.0.6)
14:58:47.019 [main] DEBUG org.apache.http.headers - >> Accept-Encoding: gzip,deflate
14:58:47.049 [main] DEBUG org.apache.http.wire -  << "HTTP/1.1 401 Unauthorized[\r][\n]"
14:58:47.050 [main] DEBUG org.apache.http.wire -  << "content-type: application/json[\r][\n]"
14:58:47.050 [main] DEBUG org.apache.http.wire -  << "date: Mon, 29 May 2023 07:58:36 GMT[\r][\n]"
14:58:47.050 [main] DEBUG org.apache.http.wire -  << "content-encoding: gzip[\r][\n]"
14:58:47.050 [main] DEBUG org.apache.http.wire -  << "transfer-encoding: chunked[\r][\n]"
14:58:47.050 [main] DEBUG org.apache.http.wire -  << "server: Fly/fe06e9419 (2023-05-24)[\r][\n]"
14:58:47.050 [main] DEBUG org.apache.http.wire -  << "via: 1.1 fly.io[\r][\n]"
14:58:47.050 [main] DEBUG org.apache.http.wire -  << "fly-request-id: 01H1K8893CXWERN2JX357F02Q2-sin[\r][\n]"
14:58:47.050 [main] DEBUG org.apache.http.wire -  << "[\r][\n]"
14:58:47.050 [main] DEBUG org.apache.http.impl.conn.DefaultClientConnection - Receiving response: HTTP/1.1 401 Unauthorized
14:58:47.050 [main] DEBUG org.apache.http.headers - << HTTP/1.1 401 Unauthorized
14:58:47.050 [main] DEBUG org.apache.http.headers - << content-type: application/json
14:58:47.050 [main] DEBUG org.apache.http.headers - << date: Mon, 29 May 2023 07:58:36 GMT
14:58:47.050 [main] DEBUG org.apache.http.headers - << content-encoding: gzip
14:58:47.050 [main] DEBUG org.apache.http.headers - << transfer-encoding: chunked
14:58:47.050 [main] DEBUG org.apache.http.headers - << server: Fly/fe06e9419 (2023-05-24)
14:58:47.050 [main] DEBUG org.apache.http.headers - << via: 1.1 fly.io
14:58:47.050 [main] DEBUG org.apache.http.headers - << fly-request-id: 01H1K8893CXWERN2JX357F02Q2-sin
14:58:47.051 [main] DEBUG org.apache.http.impl.client.DefaultHttpClient - Connection can be kept alive indefinitely
14:58:47.051 [main] DEBUG org.apache.http.impl.client.DefaultHttpClient - Authentication required
14:58:47.051 [main] DEBUG org.apache.http.impl.client.DefaultHttpClient - altashop-api.fly.dev:443 requested authentication
14:58:47.051 [main] DEBUG org.apache.http.impl.client.DefaultHttpClient - Response contains no authentication challenges
14:58:47.051 [main] DEBUG io.restassured.internal.RestAssuredHttpBuilder - Parsing response as: application/json
14:58:47.051 [main] DEBUG org.apache.http.wire -  << "31[\r][\n]"
14:58:47.051 [main] DEBUG org.apache.http.wire -  << "[0x1f][0x8b][0x8][0x0][0x0][0x0][0x0][0x0][0x4][0xff][0xab]VJ-*[0xca]/R[0xb2]R*JM[0xce]/JQ[0xc8][0xcb]/QH[0xcb]/[0xcd]KQ[0xaa][0xe5][0x2][0x0]6`[0x14][0x2][0x1d][0x0][0x0][0x0]"
14:58:47.051 [main] DEBUG org.apache.http.wire -  << "[\r][\n]"
14:58:47.052 [main] DEBUG org.apache.http.wire -  << "0[\r][\n]"
14:58:47.052 [main] DEBUG org.apache.http.wire -  << "[\r][\n]"
14:58:47.052 [main] DEBUG io.restassured.internal.RestAssuredHttpBuilder - Parsed data to instance of: class org.apache.http.conn.EofSensorInputStream
14:58:47.061 [main] DEBUG org.apache.http.impl.conn.BasicClientConnectionManager - Releasing connection org.apache.http.impl.conn.ManagedClientConnectionImpl@1d7f0cd0
14:58:47.062 [main] DEBUG org.apache.http.impl.conn.BasicClientConnectionManager - Connection can be kept alive indefinitely
  &amp#27;[31mWhen &amp#27;[0m&amp#27;[31mI send POST HTTP request order&amp#27;[0m               &amp#27;[90m# starter.stepdefinitions.OrderSteps.sentPostHttpRequestOrder()&amp#27;[0m
      &amp#27;[31mjava.lang.AssertionError: 1 expectation failed.
Expected status code <200> but was <401>.

	at java.base/jdk.internal.reflect.NativeConstructorAccessorImpl.newInstance0(Native Method)
	at java.base/jdk.internal.reflect.NativeConstructorAccessorImpl.newInstance(NativeConstructorAccessorImpl.java:77)
	at java.base/jdk.internal.reflect.DelegatingConstructorAccessorImpl.newInstance(DelegatingConstructorAccessorImpl.java:45)
	at java.base/java.lang.reflect.Constructor.newInstanceWithCaller(Constructor.java:499)
	at java.base/java.lang.reflect.Constructor.newInstance(Constructor.java:480)
	at org.codehaus.groovy.reflection.CachedConstructor.invoke(CachedConstructor.java:73)
	at org.codehaus.groovy.runtime.callsite.ConstructorSite$ConstructorSiteNoUnwrapNoCoerce.callConstructor(ConstructorSite.java:108)
	at org.codehaus.groovy.runtime.callsite.AbstractCallSite.callConstructor(AbstractCallSite.java:277)
	at io.restassured.internal.ResponseSpecificationImpl$HamcrestAssertionClosure.validate(ResponseSpecificationImpl.groovy:512)
	at io.restassured.internal.ResponseSpecificationImpl$HamcrestAssertionClosure$validate$1.call(Unknown Source)
	at io.restassured.internal.ResponseSpecificationImpl.validateResponseIfRequired(ResponseSpecificationImpl.groovy:696)
	at io.restassured.internal.ResponseSpecificationImpl.this$2$validateResponseIfRequired(ResponseSpecificationImpl.groovy)
	at jdk.internal.reflect.GeneratedMethodAccessor142.invoke(Unknown Source)
	at java.base/jdk.internal.reflect.DelegatingMethodAccessorImpl.invoke(DelegatingMethodAccessorImpl.java:43)
	at java.base/java.lang.reflect.Method.invoke(Method.java:568)
	at org.codehaus.groovy.runtime.callsite.PlainObjectMetaMethodSite.doInvoke(PlainObjectMetaMethodSite.java:43)
	at org.codehaus.groovy.runtime.callsite.PogoMetaMethodSite$PogoCachedMethodSiteNoUnwrapNoCoerce.invoke(PogoMetaMethodSite.java:198)
	at org.codehaus.groovy.runtime.callsite.PogoMetaMethodSite.callCurrent(PogoMetaMethodSite.java:62)
	at org.codehaus.groovy.runtime.callsite.AbstractCallSite.callCurrent(AbstractCallSite.java:185)
	at io.restassured.internal.ResponseSpecificationImpl.statusCode(ResponseSpecificationImpl.groovy:135)
	at io.restassured.specification.ResponseSpecification$statusCode$0.callCurrent(Unknown Source)
	at io.restassured.internal.ResponseSpecificationImpl.statusCode(ResponseSpecificationImpl.groovy:143)
	at io.restassured.internal.ValidatableResponseOptionsImpl.statusCode(ValidatableResponseOptionsImpl.java:89)
	at minpro@1.0-SNAPSHOT/starter.java.Order.sendPostHTTPRequestOrder(Order.java:29)
	at minpro@1.0-SNAPSHOT/starter.stepdefinitions.OrderSteps.sentPostHttpRequestOrder(OrderSteps.java:25)
	at âœ½.I send POST HTTP request order(file:///C:/Users/user/Documents/GitHub/QE_Loyalty-Point/API_CICD_Minpro/src/test/resources/features/6.%20Order.feature:9)
&amp#27;[0m
14:58:47.112 [Finalizer] DEBUG org.apache.http.impl.conn.DefaultClientConnection - Connection 0.0.0.0:55470<->149.248.193.56:443 closed
14:58:47.114 [Finalizer] DEBUG org.apache.http.impl.conn.DefaultClientConnection - Connection 0.0.0.0:55463<->149.248.193.56:443 closed
14:58:47.115 [Finalizer] DEBUG org.apache.http.impl.conn.DefaultClientConnection - Connection 0.0.0.0:55462<->149.248.193.56:443 closed
14:58:47.117 [Finalizer] DEBUG org.apache.http.impl.conn.DefaultClientConnection - Connection 0.0.0.0:55461<->149.248.193.56:443 closed
14:58:47.120 [Finalizer] DEBUG org.apache.http.impl.conn.DefaultClientConnection - Connection 0.0.0.0:55466<->149.248.193.56:443 closed
14:58:47.123 [Finalizer] DEBUG org.apache.http.impl.conn.DefaultClientConnection - Connection 0.0.0.0:55464<->149.248.193.56:443 closed
  &amp#27;[36mThen &amp#27;[0m&amp#27;[36mI receive valid HTTP response code 200 order&amp#27;[0m &amp#27;[90m# starter.stepdefinitions.OrderSteps.receiveValidHttp200Order()&amp#27;[0m
14:58:47.184 [main] ERROR  - 
  _____   ___   ___   _____     ___     _     ___   _      ___   ___  
 |_   _| | __| / __| |_   _|   | __|   /_\   |_ _| | |    | __| |   \ 
   | |   | _|  \__ \   | |     | _|   / _ \   | |  | |__  | _|  | |) |
   |_|   |___| |___/   |_|     |_|   /_/ \_\ |___| |____| |___| |___/ 

POST - Add new orders
-----------------------------------------------------------------------
14:58:47.184 [main] DEBUG  - RELATED ISSUES: 
14:58:47.185 [main] ERROR  -     Test failed at step: When I send POST HTTP request order
14:58:47.185 [main] ERROR  -     1 expectation failed.Expected status code <200> but was <401>.
]]></system-out>
  </testcase>
  <testcase name="GET - Get all order" classname="Order" time="0.724">
    <failure type="java.lang.AssertionError"><![CDATA[java.lang.AssertionError: 
1 expectation failed.
Expected status code <200> but was <401>.

]]></failure>
    <system-out><![CDATA[
Scenario: GET - Get all order                       &amp#27;[90m# src/test/resources/features/6. Order.feature:12&amp#27;[0m
14:58:47.270 [main] DEBUG io.cucumber.core.plugin.SerenityReporter - Running feature from file:///C:/Users/user/Documents/GitHub/QE_Loyalty-Point/API_CICD_Minpro/src/test/resources/features/6.%20Order.feature
14:58:47.278 [main] INFO  - 
  _____   ___   ___   _____     ___   _____     _     ___   _____   ___   ___  
 |_   _| | __| / __| |_   _|   / __| |_   _|   /_\   | _ \ |_   _| | __| |   \ 
   | |   | _|  \__ \   | |     \__ \   | |    / _ \  |   /   | |   | _|  | |) |
   |_|   |___| |___/   |_|     |___/   |_|   /_/ \_\ |_|_\   |_|   |___| |___/ 

GET - Get all order(order;get---get-all-order)
--------------------------------------------------------------------------------
  &amp#27;[32mGiven &amp#27;[0m&amp#27;[32mI set GET api endpoints order&amp#27;[0m               &amp#27;[90m# starter.stepdefinitions.OrderSteps.setGetApiEndpointOrder()&amp#27;[0m
14:58:47.558 [main] DEBUG org.apache.http.impl.conn.BasicClientConnectionManager - Get connection for route {s}->https://altashop-api.fly.dev:443
14:58:47.558 [main] DEBUG org.apache.http.impl.conn.DefaultClientConnectionOperator - Connecting to altashop-api.fly.dev:443
14:58:47.714 [main] DEBUG org.apache.http.client.protocol.RequestAddCookies - CookieSpec selected: ignoreCookies
14:58:47.714 [main] DEBUG org.apache.http.client.protocol.RequestAuthCache - Auth cache not set in the context
14:58:47.714 [main] DEBUG org.apache.http.client.protocol.RequestProxyAuthentication - Proxy auth state: UNCHALLENGED
14:58:47.714 [main] DEBUG org.apache.http.impl.client.DefaultHttpClient - Attempt 1 to execute request
14:58:47.714 [main] DEBUG org.apache.http.impl.conn.DefaultClientConnection - Sending request: GET /api/orders HTTP/1.1
14:58:47.714 [main] DEBUG org.apache.http.wire -  >> "GET /api/orders HTTP/1.1[\r][\n]"
14:58:47.714 [main] DEBUG org.apache.http.wire -  >> "Authorization: Bearer eyJhbGciOiJIUzI1NiIsInR5cCI6IkpXVCJ9.eyJGdWxsbmFtZSI6IkFkaXR5YSBOdWdyYWhhIiwiRW1haWwiOiJhZGl0QGdtYWlsLmNvbSJ9.VM2lARkmmliu1pWtk1uhb8z5fGaElvH1jIoYM72Te3g[\r][\n]"
14:58:47.714 [main] DEBUG org.apache.http.wire -  >> "Accept: */*[\r][\n]"
14:58:47.714 [main] DEBUG org.apache.http.wire -  >> "Host: altashop-api.fly.dev[\r][\n]"
14:58:47.714 [main] DEBUG org.apache.http.wire -  >> "Connection: Keep-Alive[\r][\n]"
14:58:47.714 [main] DEBUG org.apache.http.wire -  >> "User-Agent: Apache-HttpClient/4.5.13 (Java/17.0.6)[\r][\n]"
14:58:47.714 [main] DEBUG org.apache.http.wire -  >> "Accept-Encoding: gzip,deflate[\r][\n]"
14:58:47.714 [main] DEBUG org.apache.http.wire -  >> "[\r][\n]"
14:58:47.714 [main] DEBUG org.apache.http.headers - >> GET /api/orders HTTP/1.1
14:58:47.715 [main] DEBUG org.apache.http.headers - >> Authorization: Bearer eyJhbGciOiJIUzI1NiIsInR5cCI6IkpXVCJ9.eyJGdWxsbmFtZSI6IkFkaXR5YSBOdWdyYWhhIiwiRW1haWwiOiJhZGl0QGdtYWlsLmNvbSJ9.VM2lARkmmliu1pWtk1uhb8z5fGaElvH1jIoYM72Te3g
14:58:47.715 [main] DEBUG org.apache.http.headers - >> Accept: */*
14:58:47.715 [main] DEBUG org.apache.http.headers - >> Host: altashop-api.fly.dev
14:58:47.715 [main] DEBUG org.apache.http.headers - >> Connection: Keep-Alive
14:58:47.715 [main] DEBUG org.apache.http.headers - >> User-Agent: Apache-HttpClient/4.5.13 (Java/17.0.6)
14:58:47.715 [main] DEBUG org.apache.http.headers - >> Accept-Encoding: gzip,deflate
14:58:47.801 [main] DEBUG org.apache.http.wire -  << "HTTP/1.1 401 Unauthorized[\r][\n]"
14:58:47.801 [main] DEBUG org.apache.http.wire -  << "content-type: application/json[\r][\n]"
14:58:47.801 [main] DEBUG org.apache.http.wire -  << "date: Mon, 29 May 2023 07:58:36 GMT[\r][\n]"
14:58:47.801 [main] DEBUG org.apache.http.wire -  << "content-encoding: gzip[\r][\n]"
14:58:47.801 [main] DEBUG org.apache.http.wire -  << "transfer-encoding: chunked[\r][\n]"
14:58:47.801 [main] DEBUG org.apache.http.wire -  << "server: Fly/fe06e9419 (2023-05-24)[\r][\n]"
14:58:47.801 [main] DEBUG org.apache.http.wire -  << "via: 1.1 fly.io[\r][\n]"
14:58:47.801 [main] DEBUG org.apache.http.wire -  << "fly-request-id: 01H1K889S59538T9DXY3HQ31TN-sin[\r][\n]"
14:58:47.801 [main] DEBUG org.apache.http.wire -  << "[\r][\n]"
14:58:47.801 [main] DEBUG org.apache.http.impl.conn.DefaultClientConnection - Receiving response: HTTP/1.1 401 Unauthorized
14:58:47.801 [main] DEBUG org.apache.http.headers - << HTTP/1.1 401 Unauthorized
14:58:47.801 [main] DEBUG org.apache.http.headers - << content-type: application/json
14:58:47.801 [main] DEBUG org.apache.http.headers - << date: Mon, 29 May 2023 07:58:36 GMT
14:58:47.801 [main] DEBUG org.apache.http.headers - << content-encoding: gzip
14:58:47.801 [main] DEBUG org.apache.http.headers - << transfer-encoding: chunked
14:58:47.801 [main] DEBUG org.apache.http.headers - << server: Fly/fe06e9419 (2023-05-24)
14:58:47.801 [main] DEBUG org.apache.http.headers - << via: 1.1 fly.io
14:58:47.801 [main] DEBUG org.apache.http.headers - << fly-request-id: 01H1K889S59538T9DXY3HQ31TN-sin
14:58:47.802 [main] DEBUG org.apache.http.impl.client.DefaultHttpClient - Connection can be kept alive indefinitely
14:58:47.802 [main] DEBUG org.apache.http.impl.client.DefaultHttpClient - Authentication required
14:58:47.802 [main] DEBUG org.apache.http.impl.client.DefaultHttpClient - altashop-api.fly.dev:443 requested authentication
14:58:47.802 [main] DEBUG org.apache.http.impl.client.DefaultHttpClient - Response contains no authentication challenges
14:58:47.803 [main] DEBUG io.restassured.internal.RestAssuredHttpBuilder - Parsing response as: application/json
14:58:47.803 [main] DEBUG org.apache.http.wire -  << "31[\r][\n]"
14:58:47.803 [main] DEBUG org.apache.http.wire -  << "[0x1f][0x8b][0x8][0x0][0x0][0x0][0x0][0x0][0x4][0xff][0xab]VJ-*[0xca]/R[0xb2]R*JM[0xce]/JQ[0xc8][0xcb]/QH[0xcb]/[0xcd]KQ[0xaa][0xe5][0x2][0x0]6`[0x14][0x2][0x1d][0x0][0x0][0x0]"
14:58:47.803 [main] DEBUG org.apache.http.wire -  << "[\r][\n]"
14:58:47.812 [main] DEBUG org.apache.http.wire -  << "0[\r][\n]"
14:58:47.812 [main] DEBUG org.apache.http.wire -  << "[\r][\n]"
14:58:47.813 [main] DEBUG io.restassured.internal.RestAssuredHttpBuilder - Parsed data to instance of: class org.apache.http.conn.EofSensorInputStream
14:58:47.817 [main] DEBUG org.apache.http.impl.conn.BasicClientConnectionManager - Releasing connection org.apache.http.impl.conn.ManagedClientConnectionImpl@c194c4e
14:58:47.817 [main] DEBUG org.apache.http.impl.conn.BasicClientConnectionManager - Connection can be kept alive indefinitely
  &amp#27;[31mWhen &amp#27;[0m&amp#27;[31mI send GET HTTP request order&amp#27;[0m                &amp#27;[90m# starter.stepdefinitions.OrderSteps.sendGetHttpRequestOrder()&amp#27;[0m
      &amp#27;[31mjava.lang.AssertionError: 1 expectation failed.
Expected status code <200> but was <401>.

	at java.base/jdk.internal.reflect.NativeConstructorAccessorImpl.newInstance0(Native Method)
	at java.base/jdk.internal.reflect.NativeConstructorAccessorImpl.newInstance(NativeConstructorAccessorImpl.java:77)
	at java.base/jdk.internal.reflect.DelegatingConstructorAccessorImpl.newInstance(DelegatingConstructorAccessorImpl.java:45)
	at java.base/java.lang.reflect.Constructor.newInstanceWithCaller(Constructor.java:499)
	at java.base/java.lang.reflect.Constructor.newInstance(Constructor.java:480)
	at org.codehaus.groovy.reflection.CachedConstructor.invoke(CachedConstructor.java:73)
	at org.codehaus.groovy.runtime.callsite.ConstructorSite$ConstructorSiteNoUnwrapNoCoerce.callConstructor(ConstructorSite.java:108)
	at org.codehaus.groovy.runtime.callsite.AbstractCallSite.callConstructor(AbstractCallSite.java:277)
	at io.restassured.internal.ResponseSpecificationImpl$HamcrestAssertionClosure.validate(ResponseSpecificationImpl.groovy:512)
	at io.restassured.internal.ResponseSpecificationImpl$HamcrestAssertionClosure$validate$1.call(Unknown Source)
	at io.restassured.internal.ResponseSpecificationImpl.validateResponseIfRequired(ResponseSpecificationImpl.groovy:696)
	at io.restassured.internal.ResponseSpecificationImpl.this$2$validateResponseIfRequired(ResponseSpecificationImpl.groovy)
	at jdk.internal.reflect.GeneratedMethodAccessor142.invoke(Unknown Source)
	at java.base/jdk.internal.reflect.DelegatingMethodAccessorImpl.invoke(DelegatingMethodAccessorImpl.java:43)
	at java.base/java.lang.reflect.Method.invoke(Method.java:568)
	at org.codehaus.groovy.runtime.callsite.PlainObjectMetaMethodSite.doInvoke(PlainObjectMetaMethodSite.java:43)
	at org.codehaus.groovy.runtime.callsite.PogoMetaMethodSite$PogoCachedMethodSiteNoUnwrapNoCoerce.invoke(PogoMetaMethodSite.java:198)
	at org.codehaus.groovy.runtime.callsite.PogoMetaMethodSite.callCurrent(PogoMetaMethodSite.java:62)
	at org.codehaus.groovy.runtime.callsite.AbstractCallSite.callCurrent(AbstractCallSite.java:185)
	at io.restassured.internal.ResponseSpecificationImpl.statusCode(ResponseSpecificationImpl.groovy:135)
	at io.restassured.specification.ResponseSpecification$statusCode$0.callCurrent(Unknown Source)
	at io.restassured.internal.ResponseSpecificationImpl.statusCode(ResponseSpecificationImpl.groovy:143)
	at io.restassured.internal.ValidatableResponseOptionsImpl.statusCode(ValidatableResponseOptionsImpl.java:89)
	at minpro@1.0-SNAPSHOT/starter.java.Order.sendGetHttpRequestOrder(Order.java:35)
	at minpro@1.0-SNAPSHOT/starter.stepdefinitions.OrderSteps.sendGetHttpRequestOrder(OrderSteps.java:29)
	at âœ½.I send GET HTTP request order(file:///C:/Users/user/Documents/GitHub/QE_Loyalty-Point/API_CICD_Minpro/src/test/resources/features/6.%20Order.feature:14)
&amp#27;[0m
  &amp#27;[36mThen &amp#27;[0m&amp#27;[36mI receive valid HTTP response code 200 order&amp#27;[0m &amp#27;[90m# starter.stepdefinitions.OrderSteps.receiveValidHttp200Order()&amp#27;[0m
14:58:47.948 [main] ERROR  - 
  _____   ___   ___   _____     ___     _     ___   _      ___   ___  
 |_   _| | __| / __| |_   _|   | __|   /_\   |_ _| | |    | __| |   \ 
   | |   | _|  \__ \   | |     | _|   / _ \   | |  | |__  | _|  | |) |
   |_|   |___| |___/   |_|     |_|   /_/ \_\ |___| |____| |___| |___/ 

GET - Get all order
-----------------------------------------------------------------------
14:58:47.948 [main] DEBUG  - RELATED ISSUES: 
14:58:47.949 [main] ERROR  -     Test failed at step: When I send GET HTTP request order
14:58:47.950 [main] ERROR  -     1 expectation failed.Expected status code <200> but was <401>.
]]></system-out>
  </testcase>
  <testcase name="GET - Get all order without login" classname="Order" time="0.426">
    <system-out><![CDATA[
Scenario: GET - Get all order without login         &amp#27;[90m# src/test/resources/features/6. Order.feature:17&amp#27;[0m
14:58:47.995 [main] DEBUG io.cucumber.core.plugin.SerenityReporter - Running feature from file:///C:/Users/user/Documents/GitHub/QE_Loyalty-Point/API_CICD_Minpro/src/test/resources/features/6.%20Order.feature
14:58:48.014 [main] INFO  - 
  _____   ___   ___   _____     ___   _____     _     ___   _____   ___   ___  
 |_   _| | __| / __| |_   _|   / __| |_   _|   /_\   | _ \ |_   _| | __| |   \ 
   | |   | _|  \__ \   | |     \__ \   | |    / _ \  |   /   | |   | _|  | |) |
   |_|   |___| |___/   |_|     |___/   |_|   /_/ \_\ |_|_\   |_|   |___| |___/ 

GET - Get all order without login(order;get---get-all-order-without-login)
--------------------------------------------------------------------------------
  &amp#27;[32mGiven &amp#27;[0m&amp#27;[32mI set GET api endpoints order&amp#27;[0m               &amp#27;[90m# starter.stepdefinitions.OrderSteps.setGetApiEndpointOrder()&amp#27;[0m
14:58:48.160 [main] DEBUG org.apache.http.impl.conn.BasicClientConnectionManager - Get connection for route {s}->https://altashop-api.fly.dev:443
14:58:48.160 [main] DEBUG org.apache.http.impl.conn.DefaultClientConnectionOperator - Connecting to altashop-api.fly.dev:443
14:58:48.303 [main] DEBUG org.apache.http.client.protocol.RequestAddCookies - CookieSpec selected: ignoreCookies
14:58:48.303 [main] DEBUG org.apache.http.client.protocol.RequestAuthCache - Auth cache not set in the context
14:58:48.303 [main] DEBUG org.apache.http.client.protocol.RequestTargetAuthentication - Target auth state: UNCHALLENGED
14:58:48.303 [main] DEBUG org.apache.http.client.protocol.RequestProxyAuthentication - Proxy auth state: UNCHALLENGED
14:58:48.304 [main] DEBUG org.apache.http.impl.client.DefaultHttpClient - Attempt 1 to execute request
14:58:48.304 [main] DEBUG org.apache.http.impl.conn.DefaultClientConnection - Sending request: GET /api/orders HTTP/1.1
14:58:48.304 [main] DEBUG org.apache.http.wire -  >> "GET /api/orders HTTP/1.1[\r][\n]"
14:58:48.304 [main] DEBUG org.apache.http.wire -  >> "Accept: */*[\r][\n]"
14:58:48.304 [main] DEBUG org.apache.http.wire -  >> "Host: altashop-api.fly.dev[\r][\n]"
14:58:48.304 [main] DEBUG org.apache.http.wire -  >> "Connection: Keep-Alive[\r][\n]"
14:58:48.304 [main] DEBUG org.apache.http.wire -  >> "User-Agent: Apache-HttpClient/4.5.13 (Java/17.0.6)[\r][\n]"
14:58:48.304 [main] DEBUG org.apache.http.wire -  >> "Accept-Encoding: gzip,deflate[\r][\n]"
14:58:48.310 [main] DEBUG org.apache.http.wire -  >> "[\r][\n]"
14:58:48.310 [main] DEBUG org.apache.http.headers - >> GET /api/orders HTTP/1.1
14:58:48.310 [main] DEBUG org.apache.http.headers - >> Accept: */*
14:58:48.310 [main] DEBUG org.apache.http.headers - >> Host: altashop-api.fly.dev
14:58:48.310 [main] DEBUG org.apache.http.headers - >> Connection: Keep-Alive
14:58:48.310 [main] DEBUG org.apache.http.headers - >> User-Agent: Apache-HttpClient/4.5.13 (Java/17.0.6)
14:58:48.310 [main] DEBUG org.apache.http.headers - >> Accept-Encoding: gzip,deflate
14:58:48.332 [main] DEBUG org.apache.http.wire -  << "HTTP/1.1 401 Unauthorized[\r][\n]"
14:58:48.332 [main] DEBUG org.apache.http.wire -  << "content-type: application/json[\r][\n]"
14:58:48.332 [main] DEBUG org.apache.http.wire -  << "date: Mon, 29 May 2023 07:58:37 GMT[\r][\n]"
14:58:48.333 [main] DEBUG org.apache.http.wire -  << "content-encoding: gzip[\r][\n]"
14:58:48.333 [main] DEBUG org.apache.http.wire -  << "transfer-encoding: chunked[\r][\n]"
14:58:48.333 [main] DEBUG org.apache.http.wire -  << "server: Fly/fe06e9419 (2023-05-24)[\r][\n]"
14:58:48.333 [main] DEBUG org.apache.http.wire -  << "via: 1.1 fly.io[\r][\n]"
14:58:48.333 [main] DEBUG org.apache.http.wire -  << "fly-request-id: 01H1K88ABKEQS1NSGQ1WT3MDVA-sin[\r][\n]"
14:58:48.333 [main] DEBUG org.apache.http.wire -  << "[\r][\n]"
14:58:48.333 [main] DEBUG org.apache.http.impl.conn.DefaultClientConnection - Receiving response: HTTP/1.1 401 Unauthorized
14:58:48.333 [main] DEBUG org.apache.http.headers - << HTTP/1.1 401 Unauthorized
14:58:48.333 [main] DEBUG org.apache.http.headers - << content-type: application/json
14:58:48.333 [main] DEBUG org.apache.http.headers - << date: Mon, 29 May 2023 07:58:37 GMT
14:58:48.333 [main] DEBUG org.apache.http.headers - << content-encoding: gzip
14:58:48.333 [main] DEBUG org.apache.http.headers - << transfer-encoding: chunked
14:58:48.333 [main] DEBUG org.apache.http.headers - << server: Fly/fe06e9419 (2023-05-24)
14:58:48.333 [main] DEBUG org.apache.http.headers - << via: 1.1 fly.io
14:58:48.333 [main] DEBUG org.apache.http.headers - << fly-request-id: 01H1K88ABKEQS1NSGQ1WT3MDVA-sin
14:58:48.333 [main] DEBUG org.apache.http.impl.client.DefaultHttpClient - Connection can be kept alive indefinitely
14:58:48.334 [main] DEBUG org.apache.http.impl.client.DefaultHttpClient - Authentication required
14:58:48.334 [main] DEBUG org.apache.http.impl.client.DefaultHttpClient - altashop-api.fly.dev:443 requested authentication
14:58:48.334 [main] DEBUG org.apache.http.impl.client.DefaultHttpClient - Response contains no authentication challenges
14:58:48.334 [main] DEBUG io.restassured.internal.RestAssuredHttpBuilder - Parsing response as: application/json
14:58:48.334 [main] DEBUG org.apache.http.wire -  << "2D[\r][\n]"
14:58:48.334 [main] DEBUG org.apache.http.wire -  << "[0x1f][0x8b][0x8][0x0][0x0][0x0][0x0][0x0][0x4][0xff][0xab]VJ-*[0xca]/R[0xb2]R*[0xcd]K,-[0xc9][0xc8]/[0xca][0xac]JMQ[0xaa][0xe5][0x2][0x0]@[0x17]da[0x19][0x0][0x0][0x0]"
14:58:48.334 [main] DEBUG org.apache.http.wire -  << "[\r][\n]"
14:58:48.343 [main] DEBUG org.apache.http.wire -  << "0[\r][\n]"
14:58:48.344 [main] DEBUG org.apache.http.wire -  << "[\r][\n]"
14:58:48.345 [main] DEBUG io.restassured.internal.RestAssuredHttpBuilder - Parsed data to instance of: class org.apache.http.conn.EofSensorInputStream
14:58:48.362 [main] DEBUG org.apache.http.impl.conn.BasicClientConnectionManager - Releasing connection org.apache.http.impl.conn.ManagedClientConnectionImpl@27c49f54
14:58:48.362 [main] DEBUG org.apache.http.impl.conn.BasicClientConnectionManager - Connection can be kept alive indefinitely
  &amp#27;[32mWhen &amp#27;[0m&amp#27;[32mI send GET HTTP request order2&amp#27;[0m               &amp#27;[90m# starter.stepdefinitions.OrderSteps.sendGetHttpRequestOrder2()&amp#27;[0m
  &amp#27;[32mThen &amp#27;[0m&amp#27;[32mI receive valid HTTP response code 401 order&amp#27;[0m &amp#27;[90m# starter.stepdefinitions.OrderSteps.receiveValidHttp401Order()&amp#27;[0m
14:58:48.391 [main] INFO  - 
  _____   ___   ___   _____     ___     _     ___   ___   ___   ___  
 |_   _| | __| / __| |_   _|   | _ \   /_\   / __| / __| | __| |   \ 
   | |   | _|  \__ \   | |     |  _/  / _ \  \__ \ \__ \ | _|  | |) |
   |_|   |___| |___/   |_|     |_|   /_/ \_\ |___/ |___/ |___| |___/ 

GET - Get all order without login
----------------------------------------------------------------------
]]></system-out>
  </testcase>
  <testcase name="POST - Give product rating" classname="Rating" time="0.935">
    <failure type="java.lang.AssertionError"><![CDATA[java.lang.AssertionError: 
1 expectation failed.
Expected status code <200> but was <401>.

]]></failure>
    <system-out><![CDATA[14:58:48.399 [main] DEBUG io.cucumber.core.plugin.SerenityReporter - Running feature from file:///C:/Users/user/Documents/GitHub/QE_Loyalty-Point/API_CICD_Minpro/src/test/resources/features/7.%20Rating.feature
14:58:48.483 [main] DEBUG net.thucydides.core.steps.StepEventBus - Test suite started for story net.thucydides.core.model.Story@a2cc97b4
14:58:48.485 [main] INFO  - Test Suite Started: Rating

Scenario: POST - Give product rating                 &amp#27;[90m# src/test/resources/features/7. Rating.feature:7&amp#27;[0m
14:58:48.518 [main] DEBUG io.cucumber.core.plugin.SerenityReporter - Running feature from file:///C:/Users/user/Documents/GitHub/QE_Loyalty-Point/API_CICD_Minpro/src/test/resources/features/7.%20Rating.feature
14:58:48.532 [main] INFO  - 
  _____   ___   ___   _____     ___   _____     _     ___   _____   ___   ___  
 |_   _| | __| / __| |_   _|   / __| |_   _|   /_\   | _ \ |_   _| | __| |   \ 
   | |   | _|  \__ \   | |     \__ \   | |    / _ \  |   /   | |   | _|  | |) |
   |_|   |___| |___/   |_|     |___/   |_|   /_/ \_\ |_|_\   |_|   |___| |___/ 

POST - Give product rating(rating;post---give-product-rating)
--------------------------------------------------------------------------------
14:58:48.717 [main] DEBUG net.thucydides.core.steps.StepInterceptor - STARTING STEP: RatingSteps.setPostApiEndpointRating - I set POST api endpoints rating
14:58:48.718 [main] DEBUG net.thucydides.core.steps.StepInterceptor - STEP DONE: I set POST api endpoints rating
  &amp#27;[32mGiven &amp#27;[0m&amp#27;[32mI set POST api endpoints rating&amp#27;[0m              &amp#27;[90m# starter.stepdefinitions.RatingSteps.setPostApiEndpointRating()&amp#27;[0m
14:58:48.744 [main] DEBUG net.thucydides.core.steps.StepInterceptor - STARTING STEP: RatingSteps.sentPostHttpRequestRating - I send POST HTTP request rating
14:58:48.753 [main] DEBUG net.thucydides.core.steps.StepInterceptor - STARTING STEP: Rating.sendPostHTTPRequestRating - I set POST api endpoints rating
14:58:48.754 [main] DEBUG net.thucydides.core.steps.StepInterceptor - STEP DONE: I set POST api endpoints rating
14:58:49.008 [main] DEBUG org.apache.http.impl.conn.BasicClientConnectionManager - Get connection for route {s}->https://altashop-api.fly.dev:443
14:58:49.009 [main] DEBUG org.apache.http.impl.conn.DefaultClientConnectionOperator - Connecting to altashop-api.fly.dev:443
14:58:49.210 [main] DEBUG org.apache.http.client.protocol.RequestAddCookies - CookieSpec selected: ignoreCookies
14:58:49.210 [main] DEBUG org.apache.http.client.protocol.RequestAuthCache - Auth cache not set in the context
14:58:49.210 [main] DEBUG org.apache.http.client.protocol.RequestProxyAuthentication - Proxy auth state: UNCHALLENGED
14:58:49.211 [main] DEBUG org.apache.http.impl.client.DefaultHttpClient - Attempt 1 to execute request
14:58:49.211 [main] DEBUG org.apache.http.impl.conn.DefaultClientConnection - Sending request: POST /api/products/60724/ratings HTTP/1.1
14:58:49.211 [main] DEBUG org.apache.http.wire -  >> "POST /api/products/60724/ratings HTTP/1.1[\r][\n]"
14:58:49.211 [main] DEBUG org.apache.http.wire -  >> "Authorization: Bearer eyJhbGciOiJIUzI1NiIsInR5cCI6IkpXVCJ9.eyJGdWxsbmFtZSI6IkFkaXR5YSBOdWdyYWhhIiwiRW1haWwiOiJhZGl0QGdtYWlsLmNvbSJ9.VM2lARkmmliu1pWtk1uhb8z5fGaElvH1jIoYM72Te3g[\r][\n]"
14:58:49.211 [main] DEBUG org.apache.http.wire -  >> "Accept: */*[\r][\n]"
14:58:49.211 [main] DEBUG org.apache.http.wire -  >> "Content-Type: text/plain; charset=ISO-8859-1[\r][\n]"
14:58:49.211 [main] DEBUG org.apache.http.wire -  >> "Content-Length: 11[\r][\n]"
14:58:49.211 [main] DEBUG org.apache.http.wire -  >> "Host: altashop-api.fly.dev[\r][\n]"
14:58:49.211 [main] DEBUG org.apache.http.wire -  >> "Connection: Keep-Alive[\r][\n]"
14:58:49.211 [main] DEBUG org.apache.http.wire -  >> "User-Agent: Apache-HttpClient/4.5.13 (Java/17.0.6)[\r][\n]"
14:58:49.211 [main] DEBUG org.apache.http.wire -  >> "Accept-Encoding: gzip,deflate[\r][\n]"
14:58:49.211 [main] DEBUG org.apache.http.wire -  >> "[\r][\n]"
14:58:49.211 [main] DEBUG org.apache.http.headers - >> POST /api/products/60724/ratings HTTP/1.1
14:58:49.211 [main] DEBUG org.apache.http.headers - >> Authorization: Bearer eyJhbGciOiJIUzI1NiIsInR5cCI6IkpXVCJ9.eyJGdWxsbmFtZSI6IkFkaXR5YSBOdWdyYWhhIiwiRW1haWwiOiJhZGl0QGdtYWlsLmNvbSJ9.VM2lARkmmliu1pWtk1uhb8z5fGaElvH1jIoYM72Te3g
14:58:49.211 [main] DEBUG org.apache.http.headers - >> Accept: */*
14:58:49.211 [main] DEBUG org.apache.http.headers - >> Content-Type: text/plain; charset=ISO-8859-1
14:58:49.212 [main] DEBUG org.apache.http.headers - >> Content-Length: 11
14:58:49.212 [main] DEBUG org.apache.http.headers - >> Host: altashop-api.fly.dev
14:58:49.212 [main] DEBUG org.apache.http.headers - >> Connection: Keep-Alive
14:58:49.212 [main] DEBUG org.apache.http.headers - >> User-Agent: Apache-HttpClient/4.5.13 (Java/17.0.6)
14:58:49.212 [main] DEBUG org.apache.http.headers - >> Accept-Encoding: gzip,deflate
14:58:49.212 [main] DEBUG org.apache.http.wire -  >> "{"count":5}"
14:58:49.246 [main] DEBUG org.apache.http.wire -  << "HTTP/1.1 401 Unauthorized[\r][\n]"
14:58:49.246 [main] DEBUG org.apache.http.wire -  << "content-type: application/json[\r][\n]"
14:58:49.247 [main] DEBUG org.apache.http.wire -  << "date: Mon, 29 May 2023 07:58:38 GMT[\r][\n]"
14:58:49.247 [main] DEBUG org.apache.http.wire -  << "content-encoding: gzip[\r][\n]"
14:58:49.247 [main] DEBUG org.apache.http.wire -  << "transfer-encoding: chunked[\r][\n]"
14:58:49.247 [main] DEBUG org.apache.http.wire -  << "server: Fly/fe06e9419 (2023-05-24)[\r][\n]"
14:58:49.247 [main] DEBUG org.apache.http.wire -  << "via: 1.1 fly.io[\r][\n]"
14:58:49.247 [main] DEBUG org.apache.http.wire -  << "fly-request-id: 01H1K88B7ZQPEPWZ2G0HHNFAMC-sin[\r][\n]"
14:58:49.247 [main] DEBUG org.apache.http.wire -  << "[\r][\n]"
14:58:49.247 [main] DEBUG org.apache.http.impl.conn.DefaultClientConnection - Receiving response: HTTP/1.1 401 Unauthorized
14:58:49.247 [main] DEBUG org.apache.http.headers - << HTTP/1.1 401 Unauthorized
14:58:49.247 [main] DEBUG org.apache.http.headers - << content-type: application/json
14:58:49.247 [main] DEBUG org.apache.http.headers - << date: Mon, 29 May 2023 07:58:38 GMT
14:58:49.247 [main] DEBUG org.apache.http.headers - << content-encoding: gzip
14:58:49.247 [main] DEBUG org.apache.http.headers - << transfer-encoding: chunked
14:58:49.247 [main] DEBUG org.apache.http.headers - << server: Fly/fe06e9419 (2023-05-24)
14:58:49.247 [main] DEBUG org.apache.http.headers - << via: 1.1 fly.io
14:58:49.247 [main] DEBUG org.apache.http.headers - << fly-request-id: 01H1K88B7ZQPEPWZ2G0HHNFAMC-sin
14:58:49.247 [main] DEBUG org.apache.http.impl.client.DefaultHttpClient - Connection can be kept alive indefinitely
14:58:49.247 [main] DEBUG org.apache.http.impl.client.DefaultHttpClient - Authentication required
14:58:49.247 [main] DEBUG org.apache.http.impl.client.DefaultHttpClient - altashop-api.fly.dev:443 requested authentication
14:58:49.248 [main] DEBUG org.apache.http.impl.client.DefaultHttpClient - Response contains no authentication challenges
14:58:49.248 [main] DEBUG io.restassured.internal.RestAssuredHttpBuilder - Parsing response as: application/json
14:58:49.248 [main] DEBUG org.apache.http.wire -  << "31[\r][\n]"
14:58:49.248 [main] DEBUG org.apache.http.wire -  << "[0x1f][0x8b][0x8][0x0][0x0][0x0][0x0][0x0][0x4][0xff][0xab]VJ-*[0xca]/R[0xb2]R*JM[0xce]/JQ[0xc8][0xcb]/QH[0xcb]/[0xcd]KQ[0xaa][0xe5][0x2][0x0]6`[0x14][0x2][0x1d][0x0][0x0][0x0]"
14:58:49.248 [main] DEBUG org.apache.http.wire -  << "[\r][\n]"
14:58:49.249 [main] DEBUG org.apache.http.wire -  << "0[\r][\n]"
14:58:49.249 [main] DEBUG org.apache.http.wire -  << "[\r][\n]"
14:58:49.249 [main] DEBUG io.restassured.internal.RestAssuredHttpBuilder - Parsed data to instance of: class org.apache.http.conn.EofSensorInputStream
14:58:49.253 [main] DEBUG org.apache.http.impl.conn.BasicClientConnectionManager - Releasing connection org.apache.http.impl.conn.ManagedClientConnectionImpl@53813f01
14:58:49.253 [main] DEBUG org.apache.http.impl.conn.BasicClientConnectionManager - Connection can be kept alive indefinitely
  &amp#27;[31mWhen &amp#27;[0m&amp#27;[31mI send POST HTTP request rating&amp#27;[0m               &amp#27;[90m# starter.stepdefinitions.RatingSteps.sentPostHttpRequestRating()&amp#27;[0m
      &amp#27;[31mjava.lang.AssertionError: 1 expectation failed.
Expected status code <200> but was <401>.

	at java.base/jdk.internal.reflect.NativeConstructorAccessorImpl.newInstance0(Native Method)
	at java.base/jdk.internal.reflect.NativeConstructorAccessorImpl.newInstance(NativeConstructorAccessorImpl.java:77)
	at java.base/jdk.internal.reflect.DelegatingConstructorAccessorImpl.newInstance(DelegatingConstructorAccessorImpl.java:45)
	at java.base/java.lang.reflect.Constructor.newInstanceWithCaller(Constructor.java:499)
	at java.base/java.lang.reflect.Constructor.newInstance(Constructor.java:480)
	at org.codehaus.groovy.reflection.CachedConstructor.invoke(CachedConstructor.java:73)
	at org.codehaus.groovy.runtime.callsite.ConstructorSite$ConstructorSiteNoUnwrapNoCoerce.callConstructor(ConstructorSite.java:108)
	at org.codehaus.groovy.runtime.callsite.AbstractCallSite.callConstructor(AbstractCallSite.java:277)
	at io.restassured.internal.ResponseSpecificationImpl$HamcrestAssertionClosure.validate(ResponseSpecificationImpl.groovy:512)
	at io.restassured.internal.ResponseSpecificationImpl$HamcrestAssertionClosure$validate$1.call(Unknown Source)
	at io.restassured.internal.ResponseSpecificationImpl.validateResponseIfRequired(ResponseSpecificationImpl.groovy:696)
	at io.restassured.internal.ResponseSpecificationImpl.this$2$validateResponseIfRequired(ResponseSpecificationImpl.groovy)
	at jdk.internal.reflect.GeneratedMethodAccessor142.invoke(Unknown Source)
	at java.base/jdk.internal.reflect.DelegatingMethodAccessorImpl.invoke(DelegatingMethodAccessorImpl.java:43)
	at java.base/java.lang.reflect.Method.invoke(Method.java:568)
	at org.codehaus.groovy.runtime.callsite.PlainObjectMetaMethodSite.doInvoke(PlainObjectMetaMethodSite.java:43)
	at org.codehaus.groovy.runtime.callsite.PogoMetaMethodSite$PogoCachedMethodSiteNoUnwrapNoCoerce.invoke(PogoMetaMethodSite.java:198)
	at org.codehaus.groovy.runtime.callsite.PogoMetaMethodSite.callCurrent(PogoMetaMethodSite.java:62)
	at org.codehaus.groovy.runtime.callsite.AbstractCallSite.callCurrent(AbstractCallSite.java:185)
	at io.restassured.internal.ResponseSpecificationImpl.statusCode(ResponseSpecificationImpl.groovy:135)
	at io.restassured.specification.ResponseSpecification$statusCode$0.callCurrent(Unknown Source)
	at io.restassured.internal.ResponseSpecificationImpl.statusCode(ResponseSpecificationImpl.groovy:143)
	at io.restassured.internal.ValidatableResponseOptionsImpl.statusCode(ValidatableResponseOptionsImpl.java:89)
	at minpro@1.0-SNAPSHOT/starter.java.Rating.sendPostHTTPRequestRating(Rating.java:38)
	at minpro@1.0-SNAPSHOT/starter.java.Rating$ByteBuddy$SEE19X7F.sendPostHTTPRequestRating$accessor$OIK1N2e7(Unknown Source)
	at java.base/jdk.internal.reflect.NativeMethodAccessorImpl.invoke0(Native Method)
	at java.base/jdk.internal.reflect.NativeMethodAccessorImpl.invoke(NativeMethodAccessorImpl.java:77)
	at java.base/jdk.internal.reflect.DelegatingMethodAccessorImpl.invoke(DelegatingMethodAccessorImpl.java:43)
	at java.base/java.lang.reflect.Method.invoke(Method.java:568)
	at net.thucydides.core.steps.StepInterceptor.invokeMethod(StepInterceptor.java:518)
	at net.thucydides.core.steps.StepInterceptor.executeTestStepMethod(StepInterceptor.java:498)
	at net.thucydides.core.steps.StepInterceptor.runTestStep(StepInterceptor.java:472)
	at net.thucydides.core.steps.StepInterceptor.runOrSkipMethod(StepInterceptor.java:211)
	at net.thucydides.core.steps.StepInterceptor.testStepResult(StepInterceptor.java:198)
	at net.thucydides.core.steps.StepInterceptor.intercept(StepInterceptor.java:86)
	at net.thucydides.core.steps.ProxyConfiguration$InterceptorDispatcher.intercept(ProxyConfiguration.java:51)
	at minpro@1.0-SNAPSHOT/starter.java.Rating$ByteBuddy$SEE19X7F.sendPostHTTPRequestRating(Unknown Source)
	at minpro@1.0-SNAPSHOT/starter.stepdefinitions.RatingSteps.sentPostHttpRequestRating(RatingSteps.java:35)
	at âœ½.I send POST HTTP request rating(file:///C:/Users/user/Documents/GitHub/QE_Loyalty-Point/API_CICD_Minpro/src/test/resources/features/7.%20Rating.feature:9)
&amp#27;[0m
  &amp#27;[36mThen &amp#27;[0m&amp#27;[36mI receive valid HTTP response code 200 rating&amp#27;[0m &amp#27;[90m# starter.stepdefinitions.RatingSteps.receiveValidHttp200Rating()&amp#27;[0m
14:58:49.350 [main] ERROR  - 
  _____   ___   ___   _____     ___     _     ___   _      ___   ___  
 |_   _| | __| / __| |_   _|   | __|   /_\   |_ _| | |    | __| |   \ 
   | |   | _|  \__ \   | |     | _|   / _ \   | |  | |__  | _|  | |) |
   |_|   |___| |___/   |_|     |_|   /_/ \_\ |___| |____| |___| |___/ 

POST - Give product rating
-----------------------------------------------------------------------
14:58:49.350 [main] DEBUG  - RELATED ISSUES: 
14:58:49.351 [main] ERROR  -     Test failed at step: I send POST HTTP request rating
14:58:49.352 [main] ERROR  -     1 expectation failed.Expected status code <200> but was <401>.
]]></system-out>
  </testcase>
  <testcase name="POST - Give product rating out of bond" classname="Rating" time="0.7">
    <failure type="java.lang.AssertionError"><![CDATA[java.lang.AssertionError: 
1 expectation failed.
Expected status code <500> but was <401>.

]]></failure>
    <system-out><![CDATA[
Scenario: POST - Give product rating out of bond     &amp#27;[90m# src/test/resources/features/7. Rating.feature:12&amp#27;[0m
14:58:49.452 [main] DEBUG io.cucumber.core.plugin.SerenityReporter - Running feature from file:///C:/Users/user/Documents/GitHub/QE_Loyalty-Point/API_CICD_Minpro/src/test/resources/features/7.%20Rating.feature
14:58:49.462 [main] INFO  - 
  _____   ___   ___   _____     ___   _____     _     ___   _____   ___   ___  
 |_   _| | __| / __| |_   _|   / __| |_   _|   /_\   | _ \ |_   _| | __| |   \ 
   | |   | _|  \__ \   | |     \__ \   | |    / _ \  |   /   | |   | _|  | |) |
   |_|   |___| |___/   |_|     |___/   |_|   /_/ \_\ |_|_\   |_|   |___| |___/ 

POST - Give product rating out of bond(rating;post---give-product-rating-out-of-bond)
--------------------------------------------------------------------------------
14:58:49.502 [main] DEBUG net.thucydides.core.steps.StepInterceptor - STARTING STEP: RatingSteps.setPostApiEndpointRating2 - I set POST api endpoints rating2
14:58:49.510 [main] DEBUG net.thucydides.core.steps.StepInterceptor - STEP DONE: I set POST api endpoints rating2
  &amp#27;[32mGiven &amp#27;[0m&amp#27;[32mI set POST api endpoints rating2&amp#27;[0m             &amp#27;[90m# starter.stepdefinitions.RatingSteps.setPostApiEndpointRating2()&amp#27;[0m
14:58:49.559 [main] DEBUG net.thucydides.core.steps.StepInterceptor - STARTING STEP: RatingSteps.sendPostHttpRequestRating2 - I send POST HTTP request rating
14:58:49.564 [main] DEBUG net.thucydides.core.steps.StepInterceptor - STARTING STEP: Rating.sendPostHttpRequestRating2 - I set POST api endpoints rating2
14:58:49.565 [main] DEBUG net.thucydides.core.steps.StepInterceptor - STEP DONE: I set POST api endpoints rating2
14:58:49.650 [main] DEBUG org.apache.http.impl.conn.BasicClientConnectionManager - Get connection for route {s}->https://altashop-api.fly.dev:443
14:58:49.651 [main] DEBUG org.apache.http.impl.conn.DefaultClientConnectionOperator - Connecting to altashop-api.fly.dev:443
14:58:49.863 [main] DEBUG org.apache.http.client.protocol.RequestAddCookies - CookieSpec selected: ignoreCookies
14:58:49.863 [main] DEBUG org.apache.http.client.protocol.RequestAuthCache - Auth cache not set in the context
14:58:49.864 [main] DEBUG org.apache.http.client.protocol.RequestProxyAuthentication - Proxy auth state: UNCHALLENGED
14:58:49.864 [main] DEBUG org.apache.http.impl.client.DefaultHttpClient - Attempt 1 to execute request
14:58:49.864 [main] DEBUG org.apache.http.impl.conn.DefaultClientConnection - Sending request: POST /api/products/60724/ratings HTTP/1.1
14:58:49.864 [main] DEBUG org.apache.http.wire -  >> "POST /api/products/60724/ratings HTTP/1.1[\r][\n]"
14:58:49.864 [main] DEBUG org.apache.http.wire -  >> "Authorization: Bearer eyJhbGciOiJIUzI1NiIsInR5cCI6IkpXVCJ9.eyJGdWxsbmFtZSI6IkFkaXR5YSBOdWdyYWhhIiwiRW1haWwiOiJhZGl0QGdtYWlsLmNvbSJ9.VM2lARkmmliu1pWtk1uhb8z5fGaElvH1jIoYM72Te3g[\r][\n]"
14:58:49.864 [main] DEBUG org.apache.http.wire -  >> "Accept: */*[\r][\n]"
14:58:49.864 [main] DEBUG org.apache.http.wire -  >> "Content-Type: text/plain; charset=ISO-8859-1[\r][\n]"
14:58:49.864 [main] DEBUG org.apache.http.wire -  >> "Content-Length: 12[\r][\n]"
14:58:49.864 [main] DEBUG org.apache.http.wire -  >> "Host: altashop-api.fly.dev[\r][\n]"
14:58:49.864 [main] DEBUG org.apache.http.wire -  >> "Connection: Keep-Alive[\r][\n]"
14:58:49.864 [main] DEBUG org.apache.http.wire -  >> "User-Agent: Apache-HttpClient/4.5.13 (Java/17.0.6)[\r][\n]"
14:58:49.864 [main] DEBUG org.apache.http.wire -  >> "Accept-Encoding: gzip,deflate[\r][\n]"
14:58:49.864 [main] DEBUG org.apache.http.wire -  >> "[\r][\n]"
14:58:49.864 [main] DEBUG org.apache.http.headers - >> POST /api/products/60724/ratings HTTP/1.1
14:58:49.865 [main] DEBUG org.apache.http.headers - >> Authorization: Bearer eyJhbGciOiJIUzI1NiIsInR5cCI6IkpXVCJ9.eyJGdWxsbmFtZSI6IkFkaXR5YSBOdWdyYWhhIiwiRW1haWwiOiJhZGl0QGdtYWlsLmNvbSJ9.VM2lARkmmliu1pWtk1uhb8z5fGaElvH1jIoYM72Te3g
14:58:49.865 [main] DEBUG org.apache.http.headers - >> Accept: */*
14:58:49.865 [main] DEBUG org.apache.http.headers - >> Content-Type: text/plain; charset=ISO-8859-1
14:58:49.865 [main] DEBUG org.apache.http.headers - >> Content-Length: 12
14:58:49.865 [main] DEBUG org.apache.http.headers - >> Host: altashop-api.fly.dev
14:58:49.865 [main] DEBUG org.apache.http.headers - >> Connection: Keep-Alive
14:58:49.865 [main] DEBUG org.apache.http.headers - >> User-Agent: Apache-HttpClient/4.5.13 (Java/17.0.6)
14:58:49.865 [main] DEBUG org.apache.http.headers - >> Accept-Encoding: gzip,deflate
14:58:49.865 [main] DEBUG org.apache.http.wire -  >> "{"count":10}"
14:58:49.900 [main] DEBUG org.apache.http.wire -  << "HTTP/1.1 401 Unauthorized[\r][\n]"
14:58:49.900 [main] DEBUG org.apache.http.wire -  << "content-type: application/json[\r][\n]"
14:58:49.900 [main] DEBUG org.apache.http.wire -  << "date: Mon, 29 May 2023 07:58:38 GMT[\r][\n]"
14:58:49.900 [main] DEBUG org.apache.http.wire -  << "content-encoding: gzip[\r][\n]"
14:58:49.900 [main] DEBUG org.apache.http.wire -  << "transfer-encoding: chunked[\r][\n]"
14:58:49.900 [main] DEBUG org.apache.http.wire -  << "server: Fly/fe06e9419 (2023-05-24)[\r][\n]"
14:58:49.900 [main] DEBUG org.apache.http.wire -  << "via: 1.1 fly.io[\r][\n]"
14:58:49.900 [main] DEBUG org.apache.http.wire -  << "fly-request-id: 01H1K88BWBS2MZPVW6K7JQKAM7-sin[\r][\n]"
14:58:49.900 [main] DEBUG org.apache.http.wire -  << "[\r][\n]"
14:58:49.900 [main] DEBUG org.apache.http.impl.conn.DefaultClientConnection - Receiving response: HTTP/1.1 401 Unauthorized
14:58:49.901 [main] DEBUG org.apache.http.headers - << HTTP/1.1 401 Unauthorized
14:58:49.901 [main] DEBUG org.apache.http.headers - << content-type: application/json
14:58:49.901 [main] DEBUG org.apache.http.headers - << date: Mon, 29 May 2023 07:58:38 GMT
14:58:49.901 [main] DEBUG org.apache.http.headers - << content-encoding: gzip
14:58:49.901 [main] DEBUG org.apache.http.headers - << transfer-encoding: chunked
14:58:49.901 [main] DEBUG org.apache.http.headers - << server: Fly/fe06e9419 (2023-05-24)
14:58:49.901 [main] DEBUG org.apache.http.headers - << via: 1.1 fly.io
14:58:49.901 [main] DEBUG org.apache.http.headers - << fly-request-id: 01H1K88BWBS2MZPVW6K7JQKAM7-sin
14:58:49.901 [main] DEBUG org.apache.http.impl.client.DefaultHttpClient - Connection can be kept alive indefinitely
14:58:49.901 [main] DEBUG org.apache.http.impl.client.DefaultHttpClient - Authentication required
14:58:49.901 [main] DEBUG org.apache.http.impl.client.DefaultHttpClient - altashop-api.fly.dev:443 requested authentication
14:58:49.901 [main] DEBUG org.apache.http.impl.client.DefaultHttpClient - Response contains no authentication challenges
14:58:49.902 [main] DEBUG io.restassured.internal.RestAssuredHttpBuilder - Parsing response as: application/json
14:58:49.902 [main] DEBUG org.apache.http.wire -  << "31[\r][\n]"
14:58:49.905 [main] DEBUG org.apache.http.wire -  << "[0x1f][0x8b][0x8][0x0][0x0][0x0][0x0][0x0][0x4][0xff][0xab]VJ-*[0xca]/R[0xb2]R*JM[0xce]/JQ[0xc8][0xcb]/QH[0xcb]/[0xcd]KQ[0xaa][0xe5][0x2][0x0]6`[0x14][0x2][0x1d][0x0][0x0][0x0]"
14:58:49.906 [main] DEBUG org.apache.http.wire -  << "[\r][\n]"
14:58:49.909 [main] DEBUG org.apache.http.wire -  << "0[\r][\n]"
14:58:49.909 [main] DEBUG org.apache.http.wire -  << "[\r][\n]"
14:58:49.910 [main] DEBUG io.restassured.internal.RestAssuredHttpBuilder - Parsed data to instance of: class org.apache.http.conn.EofSensorInputStream
14:58:49.914 [main] DEBUG org.apache.http.impl.conn.BasicClientConnectionManager - Releasing connection org.apache.http.impl.conn.ManagedClientConnectionImpl@5bb45afc
14:58:49.914 [main] DEBUG org.apache.http.impl.conn.BasicClientConnectionManager - Connection can be kept alive indefinitely
  &amp#27;[31mWhen &amp#27;[0m&amp#27;[31mI send POST HTTP request rating2&amp#27;[0m              &amp#27;[90m# starter.stepdefinitions.RatingSteps.sendPostHttpRequestRating2()&amp#27;[0m
      &amp#27;[31mjava.lang.AssertionError: 1 expectation failed.
Expected status code <500> but was <401>.

	at java.base/jdk.internal.reflect.NativeConstructorAccessorImpl.newInstance0(Native Method)
	at java.base/jdk.internal.reflect.NativeConstructorAccessorImpl.newInstance(NativeConstructorAccessorImpl.java:77)
	at java.base/jdk.internal.reflect.DelegatingConstructorAccessorImpl.newInstance(DelegatingConstructorAccessorImpl.java:45)
	at java.base/java.lang.reflect.Constructor.newInstanceWithCaller(Constructor.java:499)
	at java.base/java.lang.reflect.Constructor.newInstance(Constructor.java:480)
	at org.codehaus.groovy.reflection.CachedConstructor.invoke(CachedConstructor.java:73)
	at org.codehaus.groovy.runtime.callsite.ConstructorSite$ConstructorSiteNoUnwrapNoCoerce.callConstructor(ConstructorSite.java:108)
	at org.codehaus.groovy.runtime.callsite.AbstractCallSite.callConstructor(AbstractCallSite.java:277)
	at io.restassured.internal.ResponseSpecificationImpl$HamcrestAssertionClosure.validate(ResponseSpecificationImpl.groovy:512)
	at io.restassured.internal.ResponseSpecificationImpl$HamcrestAssertionClosure$validate$1.call(Unknown Source)
	at io.restassured.internal.ResponseSpecificationImpl.validateResponseIfRequired(ResponseSpecificationImpl.groovy:696)
	at io.restassured.internal.ResponseSpecificationImpl.this$2$validateResponseIfRequired(ResponseSpecificationImpl.groovy)
	at jdk.internal.reflect.GeneratedMethodAccessor142.invoke(Unknown Source)
	at java.base/jdk.internal.reflect.DelegatingMethodAccessorImpl.invoke(DelegatingMethodAccessorImpl.java:43)
	at java.base/java.lang.reflect.Method.invoke(Method.java:568)
	at org.codehaus.groovy.runtime.callsite.PlainObjectMetaMethodSite.doInvoke(PlainObjectMetaMethodSite.java:43)
	at org.codehaus.groovy.runtime.callsite.PogoMetaMethodSite$PogoCachedMethodSiteNoUnwrapNoCoerce.invoke(PogoMetaMethodSite.java:198)
	at org.codehaus.groovy.runtime.callsite.PogoMetaMethodSite.callCurrent(PogoMetaMethodSite.java:62)
	at org.codehaus.groovy.runtime.callsite.AbstractCallSite.callCurrent(AbstractCallSite.java:185)
	at io.restassured.internal.ResponseSpecificationImpl.statusCode(ResponseSpecificationImpl.groovy:135)
	at io.restassured.specification.ResponseSpecification$statusCode$0.callCurrent(Unknown Source)
	at io.restassured.internal.ResponseSpecificationImpl.statusCode(ResponseSpecificationImpl.groovy:143)
	at io.restassured.internal.ValidatableResponseOptionsImpl.statusCode(ValidatableResponseOptionsImpl.java:89)
	at minpro@1.0-SNAPSHOT/starter.java.Rating.sendPostHttpRequestRating2(Rating.java:47)
	at minpro@1.0-SNAPSHOT/starter.java.Rating$ByteBuddy$SEE19X7F.sendPostHttpRequestRating2$accessor$OIK1N2e7(Unknown Source)
	at java.base/jdk.internal.reflect.NativeMethodAccessorImpl.invoke0(Native Method)
	at java.base/jdk.internal.reflect.NativeMethodAccessorImpl.invoke(NativeMethodAccessorImpl.java:77)
	at java.base/jdk.internal.reflect.DelegatingMethodAccessorImpl.invoke(DelegatingMethodAccessorImpl.java:43)
	at java.base/java.lang.reflect.Method.invoke(Method.java:568)
	at net.thucydides.core.steps.StepInterceptor.invokeMethod(StepInterceptor.java:518)
	at net.thucydides.core.steps.StepInterceptor.executeTestStepMethod(StepInterceptor.java:498)
	at net.thucydides.core.steps.StepInterceptor.runTestStep(StepInterceptor.java:472)
	at net.thucydides.core.steps.StepInterceptor.runOrSkipMethod(StepInterceptor.java:211)
	at net.thucydides.core.steps.StepInterceptor.testStepResult(StepInterceptor.java:198)
	at net.thucydides.core.steps.StepInterceptor.intercept(StepInterceptor.java:86)
	at net.thucydides.core.steps.ProxyConfiguration$InterceptorDispatcher.intercept(ProxyConfiguration.java:51)
	at minpro@1.0-SNAPSHOT/starter.java.Rating$ByteBuddy$SEE19X7F.sendPostHttpRequestRating2(Unknown Source)
	at minpro@1.0-SNAPSHOT/starter.stepdefinitions.RatingSteps.sendPostHttpRequestRating2(RatingSteps.java:39)
	at âœ½.I send POST HTTP request rating2(file:///C:/Users/user/Documents/GitHub/QE_Loyalty-Point/API_CICD_Minpro/src/test/resources/features/7.%20Rating.feature:14)
&amp#27;[0m
  &amp#27;[36mThen &amp#27;[0m&amp#27;[36mI receive valid HTTP response code 500 rating&amp#27;[0m &amp#27;[90m# starter.stepdefinitions.RatingSteps.receiveValidHttp500Rating()&amp#27;[0m
14:58:50.018 [main] ERROR  - 
  _____   ___   ___   _____     ___     _     ___   _      ___   ___  
 |_   _| | __| / __| |_   _|   | __|   /_\   |_ _| | |    | __| |   \ 
   | |   | _|  \__ \   | |     | _|   / _ \   | |  | |__  | _|  | |) |
   |_|   |___| |___/   |_|     |_|   /_/ \_\ |___| |____| |___| |___/ 

POST - Give product rating out of bond
-----------------------------------------------------------------------
14:58:50.019 [main] DEBUG  - RELATED ISSUES: 
14:58:50.032 [main] ERROR  -     Test failed at step: I send POST HTTP request rating
14:58:50.033 [main] ERROR  -     1 expectation failed.Expected status code <500> but was <401>.
]]></system-out>
  </testcase>
  <testcase name="GET - Get product rating" classname="Rating" time="0.532">
    <system-out><![CDATA[
Scenario: GET - Get product rating                   &amp#27;[90m# src/test/resources/features/7. Rating.feature:17&amp#27;[0m
14:58:50.200 [main] DEBUG io.cucumber.core.plugin.SerenityReporter - Running feature from file:///C:/Users/user/Documents/GitHub/QE_Loyalty-Point/API_CICD_Minpro/src/test/resources/features/7.%20Rating.feature
14:58:50.214 [main] INFO  - 
  _____   ___   ___   _____     ___   _____     _     ___   _____   ___   ___  
 |_   _| | __| / __| |_   _|   / __| |_   _|   /_\   | _ \ |_   _| | __| |   \ 
   | |   | _|  \__ \   | |     \__ \   | |    / _ \  |   /   | |   | _|  | |) |
   |_|   |___| |___/   |_|     |___/   |_|   /_/ \_\ |_|_\   |_|   |___| |___/ 

GET - Get product rating(rating;get---get-product-rating)
--------------------------------------------------------------------------------
14:58:50.281 [main] DEBUG net.thucydides.core.steps.StepInterceptor - STARTING STEP: RatingSteps.setGetApiEndpointRating - I set GET api endpoints rating
14:58:50.283 [main] DEBUG net.thucydides.core.steps.StepInterceptor - STEP DONE: I set GET api endpoints rating
  &amp#27;[32mGiven &amp#27;[0m&amp#27;[32mI set GET api endpoints rating&amp#27;[0m               &amp#27;[90m# starter.stepdefinitions.RatingSteps.setGetApiEndpointRating()&amp#27;[0m
14:58:50.301 [main] DEBUG net.thucydides.core.steps.StepInterceptor - STARTING STEP: RatingSteps.sendGetHttpRequestRating - I send GET HTTP request rating
14:58:50.308 [main] DEBUG net.thucydides.core.steps.StepInterceptor - STARTING STEP: Rating.sendGetHttpRequestRating - I set GET api endpoints rating
14:58:50.310 [main] DEBUG net.thucydides.core.steps.StepInterceptor - STEP DONE: I set GET api endpoints rating
14:58:50.362 [main] DEBUG org.apache.http.impl.conn.BasicClientConnectionManager - Get connection for route {s}->https://altashop-api.fly.dev:443
14:58:50.363 [main] DEBUG org.apache.http.impl.conn.DefaultClientConnectionOperator - Connecting to altashop-api.fly.dev:443
14:58:50.529 [main] DEBUG org.apache.http.client.protocol.RequestAddCookies - CookieSpec selected: ignoreCookies
14:58:50.530 [main] DEBUG org.apache.http.client.protocol.RequestAuthCache - Auth cache not set in the context
14:58:50.530 [main] DEBUG org.apache.http.client.protocol.RequestTargetAuthentication - Target auth state: UNCHALLENGED
14:58:50.531 [main] DEBUG org.apache.http.client.protocol.RequestProxyAuthentication - Proxy auth state: UNCHALLENGED
14:58:50.531 [main] DEBUG org.apache.http.impl.client.DefaultHttpClient - Attempt 1 to execute request
14:58:50.531 [main] DEBUG org.apache.http.impl.conn.DefaultClientConnection - Sending request: GET /api/products/60724/ratings HTTP/1.1
14:58:50.531 [main] DEBUG org.apache.http.wire -  >> "GET /api/products/60724/ratings HTTP/1.1[\r][\n]"
14:58:50.531 [main] DEBUG org.apache.http.wire -  >> "Accept: */*[\r][\n]"
14:58:50.531 [main] DEBUG org.apache.http.wire -  >> "Host: altashop-api.fly.dev[\r][\n]"
14:58:50.531 [main] DEBUG org.apache.http.wire -  >> "Connection: Keep-Alive[\r][\n]"
14:58:50.531 [main] DEBUG org.apache.http.wire -  >> "User-Agent: Apache-HttpClient/4.5.13 (Java/17.0.6)[\r][\n]"
14:58:50.531 [main] DEBUG org.apache.http.wire -  >> "Accept-Encoding: gzip,deflate[\r][\n]"
14:58:50.531 [main] DEBUG org.apache.http.wire -  >> "[\r][\n]"
14:58:50.531 [main] DEBUG org.apache.http.headers - >> GET /api/products/60724/ratings HTTP/1.1
14:58:50.531 [main] DEBUG org.apache.http.headers - >> Accept: */*
14:58:50.531 [main] DEBUG org.apache.http.headers - >> Host: altashop-api.fly.dev
14:58:50.531 [main] DEBUG org.apache.http.headers - >> Connection: Keep-Alive
14:58:50.531 [main] DEBUG org.apache.http.headers - >> User-Agent: Apache-HttpClient/4.5.13 (Java/17.0.6)
14:58:50.531 [main] DEBUG org.apache.http.headers - >> Accept-Encoding: gzip,deflate
14:58:50.567 [main] DEBUG org.apache.http.wire -  << "HTTP/1.1 200 OK[\r][\n]"
14:58:50.567 [main] DEBUG org.apache.http.wire -  << "content-type: application/json[\r][\n]"
14:58:50.567 [main] DEBUG org.apache.http.wire -  << "date: Mon, 29 May 2023 07:58:39 GMT[\r][\n]"
14:58:50.567 [main] DEBUG org.apache.http.wire -  << "content-encoding: gzip[\r][\n]"
14:58:50.567 [main] DEBUG org.apache.http.wire -  << "transfer-encoding: chunked[\r][\n]"
14:58:50.567 [main] DEBUG org.apache.http.wire -  << "server: Fly/fe06e9419 (2023-05-24)[\r][\n]"
14:58:50.567 [main] DEBUG org.apache.http.wire -  << "via: 1.1 fly.io[\r][\n]"
14:58:50.567 [main] DEBUG org.apache.http.wire -  << "fly-request-id: 01H1K88CH10DW4G6FB6EJHMR9W-sin[\r][\n]"
14:58:50.567 [main] DEBUG org.apache.http.wire -  << "[\r][\n]"
14:58:50.568 [main] DEBUG org.apache.http.impl.conn.DefaultClientConnection - Receiving response: HTTP/1.1 200 OK
14:58:50.568 [main] DEBUG org.apache.http.headers - << HTTP/1.1 200 OK
14:58:50.568 [main] DEBUG org.apache.http.headers - << content-type: application/json
14:58:50.568 [main] DEBUG org.apache.http.headers - << date: Mon, 29 May 2023 07:58:39 GMT
14:58:50.568 [main] DEBUG org.apache.http.headers - << content-encoding: gzip
14:58:50.568 [main] DEBUG org.apache.http.headers - << transfer-encoding: chunked
14:58:50.568 [main] DEBUG org.apache.http.headers - << server: Fly/fe06e9419 (2023-05-24)
14:58:50.568 [main] DEBUG org.apache.http.headers - << via: 1.1 fly.io
14:58:50.568 [main] DEBUG org.apache.http.headers - << fly-request-id: 01H1K88CH10DW4G6FB6EJHMR9W-sin
14:58:50.568 [main] DEBUG org.apache.http.impl.client.DefaultHttpClient - Connection can be kept alive indefinitely
14:58:50.568 [main] DEBUG io.restassured.internal.RestAssuredHttpBuilder - Parsing response as: application/json
14:58:50.568 [main] DEBUG org.apache.http.wire -  << "1F[\r][\n]"
14:58:50.569 [main] DEBUG org.apache.http.wire -  << "[0x1f][0x8b][0x8][0x0][0x0][0x0][0x0][0x0][0x4][0xff][0xab]VJI,IT[0xb2]2[0xa8][0xe5][0x2][0x0]h[0x80][0xd5]A[0xb][0x0][0x0][0x0]"
14:58:50.569 [main] DEBUG org.apache.http.wire -  << "[\r][\n]"
14:58:50.569 [main] DEBUG org.apache.http.wire -  << "0[\r][\n]"
14:58:50.569 [main] DEBUG org.apache.http.wire -  << "[\r][\n]"
14:58:50.577 [main] DEBUG io.restassured.internal.RestAssuredHttpBuilder - Parsed data to instance of: class org.apache.http.conn.EofSensorInputStream
14:58:50.615 [main] DEBUG org.apache.http.impl.conn.BasicClientConnectionManager - Releasing connection org.apache.http.impl.conn.ManagedClientConnectionImpl@7e92e9a2
14:58:50.615 [main] DEBUG org.apache.http.impl.conn.BasicClientConnectionManager - Connection can be kept alive indefinitely
14:58:50.618 [main] DEBUG net.thucydides.core.steps.StepInterceptor - STEP DONE: I send GET HTTP request rating
  &amp#27;[32mWhen &amp#27;[0m&amp#27;[32mI send GET HTTP request rating&amp#27;[0m                &amp#27;[90m# starter.stepdefinitions.RatingSteps.sendGetHttpRequestRating()&amp#27;[0m
14:58:50.642 [main] DEBUG net.thucydides.core.steps.StepInterceptor - STARTING STEP: RatingSteps.receiveValidHttp200Rating - I receive valid HTTP response code 200 rating
14:58:50.653 [main] DEBUG net.thucydides.core.steps.StepInterceptor - STEP DONE: I receive valid HTTP response code 200 rating
  &amp#27;[32mThen &amp#27;[0m&amp#27;[32mI receive valid HTTP response code 200 rating&amp#27;[0m &amp#27;[90m# starter.stepdefinitions.RatingSteps.receiveValidHttp200Rating()&amp#27;[0m
14:58:50.679 [main] INFO  - 
  _____   ___   ___   _____     ___     _     ___   ___   ___   ___  
 |_   _| | __| / __| |_   _|   | _ \   /_\   / __| / __| | __| |   \ 
   | |   | _|  \__ \   | |     |  _/  / _ \  \__ \ \__ \ | _|  | |) |
   |_|   |___| |___/   |_|     |_|   /_/ \_\ |___/ |___/ |___| |___/ 

GET - Get product rating
----------------------------------------------------------------------
]]></system-out>
  </testcase>
  <testcase name="GET - Get product rating with invalid data" classname="Rating" time="0.656">
    <system-out><![CDATA[
Scenario: GET - Get product rating with invalid data &amp#27;[90m# src/test/resources/features/7. Rating.feature:22&amp#27;[0m
14:58:50.733 [main] DEBUG io.cucumber.core.plugin.SerenityReporter - Running feature from file:///C:/Users/user/Documents/GitHub/QE_Loyalty-Point/API_CICD_Minpro/src/test/resources/features/7.%20Rating.feature
14:58:50.751 [main] INFO  - 
  _____   ___   ___   _____     ___   _____     _     ___   _____   ___   ___  
 |_   _| | __| / __| |_   _|   / __| |_   _|   /_\   | _ \ |_   _| | __| |   \ 
   | |   | _|  \__ \   | |     \__ \   | |    / _ \  |   /   | |   | _|  | |) |
   |_|   |___| |___/   |_|     |___/   |_|   /_/ \_\ |_|_\   |_|   |___| |___/ 

GET - Get product rating with invalid data(rating;get---get-product-rating-with-invalid-data)
--------------------------------------------------------------------------------
14:58:50.821 [main] DEBUG net.thucydides.core.steps.StepInterceptor - STARTING STEP: RatingSteps.setGetApiEndpointRating2 - I set GET api endpoints rating2
14:58:50.823 [main] DEBUG net.thucydides.core.steps.StepInterceptor - STEP DONE: I set GET api endpoints rating2
  &amp#27;[32mGiven &amp#27;[0m&amp#27;[32mI set GET api endpoints rating2&amp#27;[0m              &amp#27;[90m# starter.stepdefinitions.RatingSteps.setGetApiEndpointRating2()&amp#27;[0m
14:58:50.841 [main] DEBUG net.thucydides.core.steps.StepInterceptor - STARTING STEP: RatingSteps.sendGetHttpRequestRating2 - I send GET HTTP request rating2
14:58:50.850 [main] DEBUG net.thucydides.core.steps.StepInterceptor - STARTING STEP: Rating.sendGetHttpRequestRating2 - I set GET api endpoints rating2
14:58:50.851 [main] DEBUG net.thucydides.core.steps.StepInterceptor - STEP DONE: I set GET api endpoints rating2
14:58:50.980 [main] DEBUG org.apache.http.impl.conn.BasicClientConnectionManager - Get connection for route {s}->https://altashop-api.fly.dev:443
14:58:50.980 [main] DEBUG org.apache.http.impl.conn.DefaultClientConnectionOperator - Connecting to altashop-api.fly.dev:443
14:58:51.201 [main] DEBUG org.apache.http.client.protocol.RequestAddCookies - CookieSpec selected: ignoreCookies
14:58:51.201 [main] DEBUG org.apache.http.client.protocol.RequestAuthCache - Auth cache not set in the context
14:58:51.201 [main] DEBUG org.apache.http.client.protocol.RequestTargetAuthentication - Target auth state: UNCHALLENGED
14:58:51.201 [main] DEBUG org.apache.http.client.protocol.RequestProxyAuthentication - Proxy auth state: UNCHALLENGED
14:58:51.201 [main] DEBUG org.apache.http.impl.client.DefaultHttpClient - Attempt 1 to execute request
14:58:51.201 [main] DEBUG org.apache.http.impl.conn.DefaultClientConnection - Sending request: GET /api/products/-13000/ratings HTTP/1.1
14:58:51.201 [main] DEBUG org.apache.http.wire -  >> "GET /api/products/-13000/ratings HTTP/1.1[\r][\n]"
14:58:51.201 [main] DEBUG org.apache.http.wire -  >> "Accept: */*[\r][\n]"
14:58:51.201 [main] DEBUG org.apache.http.wire -  >> "Host: altashop-api.fly.dev[\r][\n]"
14:58:51.201 [main] DEBUG org.apache.http.wire -  >> "Connection: Keep-Alive[\r][\n]"
14:58:51.201 [main] DEBUG org.apache.http.wire -  >> "User-Agent: Apache-HttpClient/4.5.13 (Java/17.0.6)[\r][\n]"
14:58:51.201 [main] DEBUG org.apache.http.wire -  >> "Accept-Encoding: gzip,deflate[\r][\n]"
14:58:51.201 [main] DEBUG org.apache.http.wire -  >> "[\r][\n]"
14:58:51.201 [main] DEBUG org.apache.http.headers - >> GET /api/products/-13000/ratings HTTP/1.1
14:58:51.202 [main] DEBUG org.apache.http.headers - >> Accept: */*
14:58:51.202 [main] DEBUG org.apache.http.headers - >> Host: altashop-api.fly.dev
14:58:51.202 [main] DEBUG org.apache.http.headers - >> Connection: Keep-Alive
14:58:51.202 [main] DEBUG org.apache.http.headers - >> User-Agent: Apache-HttpClient/4.5.13 (Java/17.0.6)
14:58:51.202 [main] DEBUG org.apache.http.headers - >> Accept-Encoding: gzip,deflate
14:58:51.240 [main] DEBUG org.apache.http.wire -  << "HTTP/1.1 500 Internal Server Error[\r][\n]"
14:58:51.241 [main] DEBUG org.apache.http.wire -  << "content-type: application/json[\r][\n]"
14:58:51.241 [main] DEBUG org.apache.http.wire -  << "date: Mon, 29 May 2023 07:58:40 GMT[\r][\n]"
14:58:51.241 [main] DEBUG org.apache.http.wire -  << "content-encoding: gzip[\r][\n]"
14:58:51.241 [main] DEBUG org.apache.http.wire -  << "transfer-encoding: chunked[\r][\n]"
14:58:51.241 [main] DEBUG org.apache.http.wire -  << "server: Fly/fe06e9419 (2023-05-24)[\r][\n]"
14:58:51.241 [main] DEBUG org.apache.http.wire -  << "via: 1.1 fly.io[\r][\n]"
14:58:51.241 [main] DEBUG org.apache.http.wire -  << "fly-request-id: 01H1K88D617GQVSRQ0P9ATA392-sin[\r][\n]"
14:58:51.241 [main] DEBUG org.apache.http.wire -  << "[\r][\n]"
14:58:51.241 [main] DEBUG org.apache.http.impl.conn.DefaultClientConnection - Receiving response: HTTP/1.1 500 Internal Server Error
14:58:51.241 [main] DEBUG org.apache.http.headers - << HTTP/1.1 500 Internal Server Error
14:58:51.242 [main] DEBUG org.apache.http.headers - << content-type: application/json
14:58:51.242 [main] DEBUG org.apache.http.headers - << date: Mon, 29 May 2023 07:58:40 GMT
14:58:51.242 [main] DEBUG org.apache.http.headers - << content-encoding: gzip
14:58:51.242 [main] DEBUG org.apache.http.headers - << transfer-encoding: chunked
14:58:51.242 [main] DEBUG org.apache.http.headers - << server: Fly/fe06e9419 (2023-05-24)
14:58:51.242 [main] DEBUG org.apache.http.headers - << via: 1.1 fly.io
14:58:51.242 [main] DEBUG org.apache.http.headers - << fly-request-id: 01H1K88D617GQVSRQ0P9ATA392-sin
14:58:51.243 [main] DEBUG org.apache.http.impl.client.DefaultHttpClient - Connection can be kept alive indefinitely
14:58:51.243 [main] DEBUG io.restassured.internal.RestAssuredHttpBuilder - Parsing response as: application/json
14:58:51.244 [main] DEBUG org.apache.http.wire -  << "5C[\r][\n]"
14:58:51.244 [main] DEBUG org.apache.http.wire -  << "[0x1f][0x8b][0x8][0x0][0x0][0x0][0x0][0x0][0x4][0xff][0xab]VJ-*[0xca]/R[0xb2]R2[0xb4]01137110767[0xb0]45[0xb6]034S[0xc8],VH/JM,I-R([0xc9]H[0xcc]S[0xc8]M[0xac][0xc8][0xcc]-[0xcd]U(K[0xcc])MUH[0xcb]/R[0xf0][0xcc]+1Q[0xaa][0xe5][0x2][0x0][0xf0][0xc5][0xea][0x99]H[0x0][0x0][0x0]"
14:58:51.244 [main] DEBUG org.apache.http.wire -  << "[\r][\n]"
14:58:51.245 [main] DEBUG org.apache.http.wire -  << "0[\r][\n]"
14:58:51.245 [main] DEBUG org.apache.http.wire -  << "[\r][\n]"
14:58:51.245 [main] DEBUG io.restassured.internal.RestAssuredHttpBuilder - Parsed data to instance of: class org.apache.http.conn.EofSensorInputStream
14:58:51.261 [main] DEBUG org.apache.http.impl.conn.BasicClientConnectionManager - Releasing connection org.apache.http.impl.conn.ManagedClientConnectionImpl@5b8ba1d2
14:58:51.263 [main] DEBUG org.apache.http.impl.conn.BasicClientConnectionManager - Connection can be kept alive indefinitely
14:58:51.274 [main] DEBUG net.thucydides.core.steps.StepInterceptor - STEP DONE: I send GET HTTP request rating2
  &amp#27;[32mWhen &amp#27;[0m&amp#27;[32mI send GET HTTP request rating2&amp#27;[0m               &amp#27;[90m# starter.stepdefinitions.RatingSteps.sendGetHttpRequestRating2()&amp#27;[0m
14:58:51.324 [main] DEBUG net.thucydides.core.steps.StepInterceptor - STARTING STEP: RatingSteps.receiveValidHttp500Rating - Then I receive valid HTTP response code 500 rating
14:58:51.330 [main] DEBUG net.thucydides.core.steps.StepInterceptor - STEP DONE: Then I receive valid HTTP response code 500 rating
  &amp#27;[32mThen &amp#27;[0m&amp#27;[32mI receive valid HTTP response code 500 rating&amp#27;[0m &amp#27;[90m# starter.stepdefinitions.RatingSteps.receiveValidHttp500Rating()&amp#27;[0m
14:58:51.340 [main] INFO  - 
  _____   ___   ___   _____     ___     _     ___   ___   ___   ___  
 |_   _| | __| / __| |_   _|   | _ \   /_\   / __| / __| | __| |   \ 
   | |   | _|  \__ \   | |     |  _/  / _ \  \__ \ \__ \ | _|  | |) |
   |_|   |___| |___/   |_|     |_|   /_/ \_\ |___/ |___/ |___| |___/ 

GET - Get product rating with invalid data
----------------------------------------------------------------------
]]></system-out>
  </testcase>
  <testcase name="POST - Post comment" classname="Comment" time="0.558">
    <failure type="java.lang.AssertionError"><![CDATA[java.lang.AssertionError: 
1 expectation failed.
Expected status code <200> but was <401>.

]]></failure>
    <system-out><![CDATA[14:58:51.344 [main] DEBUG io.cucumber.core.plugin.SerenityReporter - Running feature from file:///C:/Users/user/Documents/GitHub/QE_Loyalty-Point/API_CICD_Minpro/src/test/resources/features/8.%20Comment.feature
14:58:51.365 [main] DEBUG net.thucydides.core.steps.StepEventBus - Test suite started for story net.thucydides.core.model.Story@8ea159bb
14:58:51.367 [main] INFO  - Test Suite Started: Comment

Scenario: POST - Post comment                         &amp#27;[90m# src/test/resources/features/8. Comment.feature:7&amp#27;[0m
14:58:51.430 [main] DEBUG io.cucumber.core.plugin.SerenityReporter - Running feature from file:///C:/Users/user/Documents/GitHub/QE_Loyalty-Point/API_CICD_Minpro/src/test/resources/features/8.%20Comment.feature
14:58:51.441 [main] INFO  - 
  _____   ___   ___   _____     ___   _____     _     ___   _____   ___   ___  
 |_   _| | __| / __| |_   _|   / __| |_   _|   /_\   | _ \ |_   _| | __| |   \ 
   | |   | _|  \__ \   | |     \__ \   | |    / _ \  |   /   | |   | _|  | |) |
   |_|   |___| |___/   |_|     |___/   |_|   /_/ \_\ |_|_\   |_|   |___| |___/ 

POST - Post comment(comment;post---post-comment)
--------------------------------------------------------------------------------
14:58:51.498 [main] DEBUG net.thucydides.core.steps.StepInterceptor - STARTING STEP: CommentSteps.setPostApiEndpointComment - I set POST api endpoints 
14:58:51.498 [main] DEBUG net.thucydides.core.steps.StepInterceptor - STEP DONE: I set POST api endpoints 
  &amp#27;[32mGiven &amp#27;[0m&amp#27;[32mI set POST api endpoints comment&amp#27;[0m              &amp#27;[90m# starter.stepdefinitions.CommentSteps.setPostApiEndpointComment()&amp#27;[0m
14:58:51.515 [main] DEBUG net.thucydides.core.steps.StepInterceptor - STARTING STEP: CommentSteps.sentPostHttpRequestComment - I send POST HTTP request comment
14:58:51.530 [main] DEBUG net.thucydides.core.steps.StepInterceptor - STARTING STEP: Comment.sendPostHTTPRequestComment - I set POST api endpoints 
14:58:51.530 [main] DEBUG net.thucydides.core.steps.StepInterceptor - STEP DONE: I set POST api endpoints 
14:58:51.630 [main] DEBUG org.apache.http.impl.conn.BasicClientConnectionManager - Get connection for route {s}->https://altashop-api.fly.dev:443
14:58:51.632 [main] DEBUG org.apache.http.impl.conn.DefaultClientConnectionOperator - Connecting to altashop-api.fly.dev:443
14:58:51.732 [main] DEBUG org.apache.http.client.protocol.RequestAddCookies - CookieSpec selected: ignoreCookies
14:58:51.732 [main] DEBUG org.apache.http.client.protocol.RequestAuthCache - Auth cache not set in the context
14:58:51.733 [main] DEBUG org.apache.http.client.protocol.RequestProxyAuthentication - Proxy auth state: UNCHALLENGED
14:58:51.733 [main] DEBUG org.apache.http.impl.client.DefaultHttpClient - Attempt 1 to execute request
14:58:51.733 [main] DEBUG org.apache.http.impl.conn.DefaultClientConnection - Sending request: POST /api/products/2/comments HTTP/1.1
14:58:51.734 [main] DEBUG org.apache.http.wire -  >> "POST /api/products/2/comments HTTP/1.1[\r][\n]"
14:58:51.734 [main] DEBUG org.apache.http.wire -  >> "Authorization: Bearer eyJhbGciOiJIUzI1NiIsInR5cCI6IkpXVCJ9.eyJGdWxsbmFtZSI6IkFkaXR5YSBOdWdyYWhhIiwiRW1haWwiOiJhZGl0QGdtYWlsLmNvbSJ9.VM2lARkmmliu1pWtk1uhb8z5fGaElvH1jIoYM72Te3g[\r][\n]"
14:58:51.734 [main] DEBUG org.apache.http.wire -  >> "Accept: */*[\r][\n]"
14:58:51.734 [main] DEBUG org.apache.http.wire -  >> "Content-Type: text/plain; charset=ISO-8859-1[\r][\n]"
14:58:51.734 [main] DEBUG org.apache.http.wire -  >> "Content-Length: 87[\r][\n]"
14:58:51.734 [main] DEBUG org.apache.http.wire -  >> "Host: altashop-api.fly.dev[\r][\n]"
14:58:51.734 [main] DEBUG org.apache.http.wire -  >> "Connection: Keep-Alive[\r][\n]"
14:58:51.734 [main] DEBUG org.apache.http.wire -  >> "User-Agent: Apache-HttpClient/4.5.13 (Java/17.0.6)[\r][\n]"
14:58:51.734 [main] DEBUG org.apache.http.wire -  >> "Accept-Encoding: gzip,deflate[\r][\n]"
14:58:51.734 [main] DEBUG org.apache.http.wire -  >> "[\r][\n]"
14:58:51.734 [main] DEBUG org.apache.http.headers - >> POST /api/products/2/comments HTTP/1.1
14:58:51.735 [main] DEBUG org.apache.http.headers - >> Authorization: Bearer eyJhbGciOiJIUzI1NiIsInR5cCI6IkpXVCJ9.eyJGdWxsbmFtZSI6IkFkaXR5YSBOdWdyYWhhIiwiRW1haWwiOiJhZGl0QGdtYWlsLmNvbSJ9.VM2lARkmmliu1pWtk1uhb8z5fGaElvH1jIoYM72Te3g
14:58:51.735 [main] DEBUG org.apache.http.headers - >> Accept: */*
14:58:51.735 [main] DEBUG org.apache.http.headers - >> Content-Type: text/plain; charset=ISO-8859-1
14:58:51.735 [main] DEBUG org.apache.http.headers - >> Content-Length: 87
14:58:51.735 [main] DEBUG org.apache.http.headers - >> Host: altashop-api.fly.dev
14:58:51.735 [main] DEBUG org.apache.http.headers - >> Connection: Keep-Alive
14:58:51.735 [main] DEBUG org.apache.http.headers - >> User-Agent: Apache-HttpClient/4.5.13 (Java/17.0.6)
14:58:51.735 [main] DEBUG org.apache.http.headers - >> Accept-Encoding: gzip,deflate
14:58:51.735 [main] DEBUG org.apache.http.wire -  >> "{"content":"the games are great including Gran Turismo 7 but sadly GT4 is much better"}"
14:58:51.812 [main] DEBUG org.apache.http.wire -  << "HTTP/1.1 401 Unauthorized[\r][\n]"
14:58:51.813 [main] DEBUG org.apache.http.wire -  << "content-type: application/json[\r][\n]"
14:58:51.813 [main] DEBUG org.apache.http.wire -  << "date: Mon, 29 May 2023 07:58:40 GMT[\r][\n]"
14:58:51.813 [main] DEBUG org.apache.http.wire -  << "content-encoding: gzip[\r][\n]"
14:58:51.813 [main] DEBUG org.apache.http.wire -  << "transfer-encoding: chunked[\r][\n]"
14:58:51.813 [main] DEBUG org.apache.http.wire -  << "server: Fly/fe06e9419 (2023-05-24)[\r][\n]"
14:58:51.813 [main] DEBUG org.apache.http.wire -  << "via: 1.1 fly.io[\r][\n]"
14:58:51.813 [main] DEBUG org.apache.http.wire -  << "fly-request-id: 01H1K88DPS9YY5W7JMZMKXF2BV-sin[\r][\n]"
14:58:51.813 [main] DEBUG org.apache.http.wire -  << "[\r][\n]"
14:58:51.813 [main] DEBUG org.apache.http.impl.conn.DefaultClientConnection - Receiving response: HTTP/1.1 401 Unauthorized
14:58:51.814 [main] DEBUG org.apache.http.headers - << HTTP/1.1 401 Unauthorized
14:58:51.814 [main] DEBUG org.apache.http.headers - << content-type: application/json
14:58:51.814 [main] DEBUG org.apache.http.headers - << date: Mon, 29 May 2023 07:58:40 GMT
14:58:51.814 [main] DEBUG org.apache.http.headers - << content-encoding: gzip
14:58:51.814 [main] DEBUG org.apache.http.headers - << transfer-encoding: chunked
14:58:51.814 [main] DEBUG org.apache.http.headers - << server: Fly/fe06e9419 (2023-05-24)
14:58:51.814 [main] DEBUG org.apache.http.headers - << via: 1.1 fly.io
14:58:51.814 [main] DEBUG org.apache.http.headers - << fly-request-id: 01H1K88DPS9YY5W7JMZMKXF2BV-sin
14:58:51.814 [main] DEBUG org.apache.http.impl.client.DefaultHttpClient - Connection can be kept alive indefinitely
14:58:51.815 [main] DEBUG org.apache.http.impl.client.DefaultHttpClient - Authentication required
14:58:51.815 [main] DEBUG org.apache.http.impl.client.DefaultHttpClient - altashop-api.fly.dev:443 requested authentication
14:58:51.815 [main] DEBUG org.apache.http.impl.client.DefaultHttpClient - Response contains no authentication challenges
14:58:51.815 [main] DEBUG io.restassured.internal.RestAssuredHttpBuilder - Parsing response as: application/json
14:58:51.815 [main] DEBUG org.apache.http.wire -  << "31[\r][\n]"
14:58:51.815 [main] DEBUG org.apache.http.wire -  << "[0x1f][0x8b][0x8][0x0][0x0][0x0][0x0][0x0][0x4][0xff][0xab]VJ-*[0xca]/R[0xb2]R*JM[0xce]/JQ[0xc8][0xcb]/QH[0xcb]/[0xcd]KQ[0xaa][0xe5][0x2][0x0]6`[0x14][0x2][0x1d][0x0][0x0][0x0]"
14:58:51.816 [main] DEBUG org.apache.http.wire -  << "[\r][\n]"
14:58:51.816 [main] DEBUG org.apache.http.wire -  << "0[\r][\n]"
14:58:51.816 [main] DEBUG org.apache.http.wire -  << "[\r][\n]"
14:58:51.816 [main] DEBUG io.restassured.internal.RestAssuredHttpBuilder - Parsed data to instance of: class org.apache.http.conn.EofSensorInputStream
14:58:51.823 [main] DEBUG org.apache.http.impl.conn.BasicClientConnectionManager - Releasing connection org.apache.http.impl.conn.ManagedClientConnectionImpl@58ec3e8b
14:58:51.823 [main] DEBUG org.apache.http.impl.conn.BasicClientConnectionManager - Connection can be kept alive indefinitely
14:58:51.846 [Finalizer] DEBUG org.apache.http.impl.conn.DefaultClientConnection - Connection 0.0.0.0:55475<->149.248.193.56:443 closed
14:58:51.848 [Finalizer] DEBUG org.apache.http.impl.conn.DefaultClientConnection - Connection 0.0.0.0:55476<->149.248.193.56:443 closed
14:58:51.850 [Finalizer] DEBUG org.apache.http.impl.conn.DefaultClientConnection - Connection 0.0.0.0:55477<->149.248.193.56:443 closed
14:58:51.852 [Finalizer] DEBUG org.apache.http.impl.conn.DefaultClientConnection - Connection 0.0.0.0:55478<->149.248.193.56:443 closed
  &amp#27;[31mWhen &amp#27;[0m&amp#27;[31mI send POST HTTP request comment&amp#27;[0m               &amp#27;[90m# starter.stepdefinitions.CommentSteps.sentPostHttpRequestComment()&amp#27;[0m
      &amp#27;[31mjava.lang.AssertionError: 1 expectation failed.
Expected status code <200> but was <401>.

	at java.base/jdk.internal.reflect.NativeConstructorAccessorImpl.newInstance0(Native Method)
	at java.base/jdk.internal.reflect.NativeConstructorAccessorImpl.newInstance(NativeConstructorAccessorImpl.java:77)
	at java.base/jdk.internal.reflect.DelegatingConstructorAccessorImpl.newInstance(DelegatingConstructorAccessorImpl.java:45)
	at java.base/java.lang.reflect.Constructor.newInstanceWithCaller(Constructor.java:499)
	at java.base/java.lang.reflect.Constructor.newInstance(Constructor.java:480)
	at org.codehaus.groovy.reflection.CachedConstructor.invoke(CachedConstructor.java:73)
	at org.codehaus.groovy.runtime.callsite.ConstructorSite$ConstructorSiteNoUnwrapNoCoerce.callConstructor(ConstructorSite.java:108)
	at org.codehaus.groovy.runtime.callsite.AbstractCallSite.callConstructor(AbstractCallSite.java:277)
	at io.restassured.internal.ResponseSpecificationImpl$HamcrestAssertionClosure.validate(ResponseSpecificationImpl.groovy:512)
	at io.restassured.internal.ResponseSpecificationImpl$HamcrestAssertionClosure$validate$1.call(Unknown Source)
	at io.restassured.internal.ResponseSpecificationImpl.validateResponseIfRequired(ResponseSpecificationImpl.groovy:696)
	at io.restassured.internal.ResponseSpecificationImpl.this$2$validateResponseIfRequired(ResponseSpecificationImpl.groovy)
	at jdk.internal.reflect.GeneratedMethodAccessor142.invoke(Unknown Source)
	at java.base/jdk.internal.reflect.DelegatingMethodAccessorImpl.invoke(DelegatingMethodAccessorImpl.java:43)
	at java.base/java.lang.reflect.Method.invoke(Method.java:568)
	at org.codehaus.groovy.runtime.callsite.PlainObjectMetaMethodSite.doInvoke(PlainObjectMetaMethodSite.java:43)
	at org.codehaus.groovy.runtime.callsite.PogoMetaMethodSite$PogoCachedMethodSiteNoUnwrapNoCoerce.invoke(PogoMetaMethodSite.java:198)
	at org.codehaus.groovy.runtime.callsite.PogoMetaMethodSite.callCurrent(PogoMetaMethodSite.java:62)
	at org.codehaus.groovy.runtime.callsite.AbstractCallSite.callCurrent(AbstractCallSite.java:185)
	at io.restassured.internal.ResponseSpecificationImpl.statusCode(ResponseSpecificationImpl.groovy:135)
	at io.restassured.specification.ResponseSpecification$statusCode$0.callCurrent(Unknown Source)
	at io.restassured.internal.ResponseSpecificationImpl.statusCode(ResponseSpecificationImpl.groovy:143)
	at io.restassured.internal.ValidatableResponseOptionsImpl.statusCode(ValidatableResponseOptionsImpl.java:89)
	at minpro@1.0-SNAPSHOT/starter.java.Comment.sendPostHTTPRequestComment(Comment.java:34)
	at minpro@1.0-SNAPSHOT/starter.java.Comment$ByteBuddy$5yUGsBCf.sendPostHTTPRequestComment$accessor$MW9iiFm1(Unknown Source)
	at java.base/jdk.internal.reflect.NativeMethodAccessorImpl.invoke0(Native Method)
	at java.base/jdk.internal.reflect.NativeMethodAccessorImpl.invoke(NativeMethodAccessorImpl.java:77)
	at java.base/jdk.internal.reflect.DelegatingMethodAccessorImpl.invoke(DelegatingMethodAccessorImpl.java:43)
	at java.base/java.lang.reflect.Method.invoke(Method.java:568)
	at net.thucydides.core.steps.StepInterceptor.invokeMethod(StepInterceptor.java:518)
	at net.thucydides.core.steps.StepInterceptor.executeTestStepMethod(StepInterceptor.java:498)
	at net.thucydides.core.steps.StepInterceptor.runTestStep(StepInterceptor.java:472)
	at net.thucydides.core.steps.StepInterceptor.runOrSkipMethod(StepInterceptor.java:211)
	at net.thucydides.core.steps.StepInterceptor.testStepResult(StepInterceptor.java:198)
	at net.thucydides.core.steps.StepInterceptor.intercept(StepInterceptor.java:86)
	at net.thucydides.core.steps.ProxyConfiguration$InterceptorDispatcher.intercept(ProxyConfiguration.java:51)
	at minpro@1.0-SNAPSHOT/starter.java.Comment$ByteBuddy$5yUGsBCf.sendPostHTTPRequestComment(Unknown Source)
	at minpro@1.0-SNAPSHOT/starter.stepdefinitions.CommentSteps.sentPostHttpRequestComment(CommentSteps.java:30)
	at âœ½.I send POST HTTP request comment(file:///C:/Users/user/Documents/GitHub/QE_Loyalty-Point/API_CICD_Minpro/src/test/resources/features/8.%20Comment.feature:9)
&amp#27;[0m
14:58:51.857 [Finalizer] DEBUG org.apache.http.impl.conn.DefaultClientConnection - Connection 0.0.0.0:55479<->149.248.193.56:443 closed
14:58:51.862 [Finalizer] DEBUG org.apache.http.impl.conn.DefaultClientConnection - Connection 0.0.0.0:55480<->149.248.193.56:443 closed
  &amp#27;[36mThen &amp#27;[0m&amp#27;[36mI receive valid HTTP response code 200 comment&amp#27;[0m &amp#27;[90m# starter.stepdefinitions.CommentSteps.receiveValidHttp200Rating()&amp#27;[0m
14:58:51.907 [main] ERROR  - 
  _____   ___   ___   _____     ___     _     ___   _      ___   ___  
 |_   _| | __| / __| |_   _|   | __|   /_\   |_ _| | |    | __| |   \ 
   | |   | _|  \__ \   | |     | _|   / _ \   | |  | |__  | _|  | |) |
   |_|   |___| |___/   |_|     |_|   /_/ \_\ |___| |____| |___| |___/ 

POST - Post comment
-----------------------------------------------------------------------
14:58:51.908 [main] DEBUG  - RELATED ISSUES: 
14:58:51.909 [main] ERROR  -     Test failed at step: I send POST HTTP request comment
14:58:51.909 [main] ERROR  -     1 expectation failed.Expected status code <200> but was <401>.
]]></system-out>
  </testcase>
  <testcase name="GET - Get comment with correct endpoints" classname="Comment" time="0.581">
    <system-out><![CDATA[
Scenario: GET - Get comment with correct endpoints    &amp#27;[90m# src/test/resources/features/8. Comment.feature:12&amp#27;[0m
14:58:51.966 [main] DEBUG io.cucumber.core.plugin.SerenityReporter - Running feature from file:///C:/Users/user/Documents/GitHub/QE_Loyalty-Point/API_CICD_Minpro/src/test/resources/features/8.%20Comment.feature
14:58:51.980 [main] INFO  - 
  _____   ___   ___   _____     ___   _____     _     ___   _____   ___   ___  
 |_   _| | __| / __| |_   _|   / __| |_   _|   /_\   | _ \ |_   _| | __| |   \ 
   | |   | _|  \__ \   | |     \__ \   | |    / _ \  |   /   | |   | _|  | |) |
   |_|   |___| |___/   |_|     |___/   |_|   /_/ \_\ |_|_\   |_|   |___| |___/ 

GET - Get comment with correct endpoints(comment;get---get-comment-with-correct-endpoints)
--------------------------------------------------------------------------------
14:58:52.042 [main] DEBUG net.thucydides.core.steps.StepInterceptor - STARTING STEP: CommentSteps.setGetApiEndpointComment - I set GET api endpoints comment
14:58:52.044 [main] DEBUG net.thucydides.core.steps.StepInterceptor - STEP DONE: I set GET api endpoints comment
  &amp#27;[32mGiven &amp#27;[0m&amp#27;[32mI set GET api endpoints comment&amp#27;[0m               &amp#27;[90m# starter.stepdefinitions.CommentSteps.setGetApiEndpointComment()&amp#27;[0m
14:58:52.063 [main] DEBUG net.thucydides.core.steps.StepInterceptor - STARTING STEP: CommentSteps.sendGetHttpRequestComment - I send GET HTTP request comment
14:58:52.069 [main] DEBUG net.thucydides.core.steps.StepInterceptor - STARTING STEP: Comment.sendGetHttpRequestComment - I set GET api endpoints comment
14:58:52.073 [main] DEBUG net.thucydides.core.steps.StepInterceptor - STEP DONE: I set GET api endpoints comment
14:58:52.251 [main] DEBUG org.apache.http.impl.conn.BasicClientConnectionManager - Get connection for route {s}->https://altashop-api.fly.dev:443
14:58:52.251 [main] DEBUG org.apache.http.impl.conn.DefaultClientConnectionOperator - Connecting to altashop-api.fly.dev:443
14:58:52.385 [main] DEBUG org.apache.http.client.protocol.RequestAddCookies - CookieSpec selected: ignoreCookies
14:58:52.385 [main] DEBUG org.apache.http.client.protocol.RequestAuthCache - Auth cache not set in the context
14:58:52.385 [main] DEBUG org.apache.http.client.protocol.RequestTargetAuthentication - Target auth state: UNCHALLENGED
14:58:52.386 [main] DEBUG org.apache.http.client.protocol.RequestProxyAuthentication - Proxy auth state: UNCHALLENGED
14:58:52.386 [main] DEBUG org.apache.http.impl.client.DefaultHttpClient - Attempt 1 to execute request
14:58:52.386 [main] DEBUG org.apache.http.impl.conn.DefaultClientConnection - Sending request: GET /api/products/2/comments HTTP/1.1
14:58:52.386 [main] DEBUG org.apache.http.wire -  >> "GET /api/products/2/comments HTTP/1.1[\r][\n]"
14:58:52.386 [main] DEBUG org.apache.http.wire -  >> "Accept: */*[\r][\n]"
14:58:52.386 [main] DEBUG org.apache.http.wire -  >> "Host: altashop-api.fly.dev[\r][\n]"
14:58:52.386 [main] DEBUG org.apache.http.wire -  >> "Connection: Keep-Alive[\r][\n]"
14:58:52.386 [main] DEBUG org.apache.http.wire -  >> "User-Agent: Apache-HttpClient/4.5.13 (Java/17.0.6)[\r][\n]"
14:58:52.386 [main] DEBUG org.apache.http.wire -  >> "Accept-Encoding: gzip,deflate[\r][\n]"
14:58:52.386 [main] DEBUG org.apache.http.wire -  >> "[\r][\n]"
14:58:52.386 [main] DEBUG org.apache.http.headers - >> GET /api/products/2/comments HTTP/1.1
14:58:52.386 [main] DEBUG org.apache.http.headers - >> Accept: */*
14:58:52.386 [main] DEBUG org.apache.http.headers - >> Host: altashop-api.fly.dev
14:58:52.386 [main] DEBUG org.apache.http.headers - >> Connection: Keep-Alive
14:58:52.387 [main] DEBUG org.apache.http.headers - >> User-Agent: Apache-HttpClient/4.5.13 (Java/17.0.6)
14:58:52.387 [main] DEBUG org.apache.http.headers - >> Accept-Encoding: gzip,deflate
14:58:52.466 [main] DEBUG org.apache.http.wire -  << "HTTP/1.1 200 OK[\r][\n]"
14:58:52.466 [main] DEBUG org.apache.http.wire -  << "content-type: application/json[\r][\n]"
14:58:52.466 [main] DEBUG org.apache.http.wire -  << "date: Mon, 29 May 2023 07:58:41 GMT[\r][\n]"
14:58:52.466 [main] DEBUG org.apache.http.wire -  << "transfer-encoding: chunked[\r][\n]"
14:58:52.466 [main] DEBUG org.apache.http.wire -  << "content-encoding: gzip[\r][\n]"
14:58:52.466 [main] DEBUG org.apache.http.wire -  << "server: Fly/fe06e9419 (2023-05-24)[\r][\n]"
14:58:52.466 [main] DEBUG org.apache.http.wire -  << "via: 1.1 fly.io[\r][\n]"
14:58:52.466 [main] DEBUG org.apache.http.wire -  << "fly-request-id: 01H1K88EB5QFB2WR06Q5ZTGP42-sin[\r][\n]"
14:58:52.466 [main] DEBUG org.apache.http.wire -  << "[\r][\n]"
14:58:52.467 [main] DEBUG org.apache.http.impl.conn.DefaultClientConnection - Receiving response: HTTP/1.1 200 OK
14:58:52.467 [main] DEBUG org.apache.http.headers - << HTTP/1.1 200 OK
14:58:52.467 [main] DEBUG org.apache.http.headers - << content-type: application/json
14:58:52.467 [main] DEBUG org.apache.http.headers - << date: Mon, 29 May 2023 07:58:41 GMT
14:58:52.467 [main] DEBUG org.apache.http.headers - << transfer-encoding: chunked
14:58:52.467 [main] DEBUG org.apache.http.headers - << content-encoding: gzip
14:58:52.467 [main] DEBUG org.apache.http.headers - << server: Fly/fe06e9419 (2023-05-24)
14:58:52.467 [main] DEBUG org.apache.http.headers - << via: 1.1 fly.io
14:58:52.467 [main] DEBUG org.apache.http.headers - << fly-request-id: 01H1K88EB5QFB2WR06Q5ZTGP42-sin
14:58:52.469 [main] DEBUG org.apache.http.impl.client.DefaultHttpClient - Connection can be kept alive indefinitely
14:58:52.469 [main] DEBUG io.restassured.internal.RestAssuredHttpBuilder - Parsing response as: application/json
14:58:52.470 [main] DEBUG org.apache.http.wire -  << "CD[\r][\n]"
14:58:52.470 [main] DEBUG org.apache.http.wire -  << "[0x1f][0x8b][0x8][0x0][0x0][0x0][0x0][0x0][0x4][0xff][0xaa]VJI,IT[0xb2][0x8a][0xae]V[0xf2]tQ[0xb2]2443[0xb4][0xd4]Qr[0xce][0xcf]+I[0xcd]+Q[0xb2]R*[0xc9]HUHO[0xcc]M-VH,JUH/JM,Q[0xc8][0xcc]K[0xce])M[0xc9][0xcc]KWp/J[0xcc]S[0x8])-[0xca],[0xce][0xcd]W0WH*-Q(NL[0xc9][0xa9]Tp[0xf]1Q[0xc8],V[0xc8]-M[0xce]PHJ-)I-R[0xd2]Q[\n]"
14:58:52.470 [main] DEBUG org.apache.http.wire -  << "-N-R[0xb2][0xca]+[0xcd][0xc9][0xd1]Q[\n]"
14:58:52.470 [main] DEBUG org.apache.http.wire -  << "([0xca]O)M.[0x81]q[0x9d][0xf3]ss[0xc1][0x16][0x82]dku[0xe0][0x8e]12[0x18]L[0x8e]1[0x1c]L[0x8e]1[0x19]L[0x8e]1[0x1d]L[0x8e]1[0x1b]L[0x8e]1[0x1f]L[0x8e][0xb1][0x18]D[0x8e]1FqLpNeIFjQf[0x1e]y[0xe5][0x84]1[0x8e]B[0xb][0x0][0x0][0x0][0xff][0xff]"
14:58:52.470 [main] DEBUG org.apache.http.wire -  << "[\r][\n]"
14:58:52.474 [main] DEBUG org.apache.http.wire -  << "C3[\r][\n]"
14:58:52.475 [main] DEBUG org.apache.http.wire -  << "[0x1a][0x90]B[0xcb]d0[0x15]Z&[0x83][0xa9][0xd0]2[0x19]L[0xe5][0x84][0xc9]`J3[0xa6][0x83])[0xcd][0x98][0xa2][0xa4][0x19][0x8f][0xfc][0xa2][0xbc][0xd4][0x14][0x85][0xe0][0xd4][0xa2][0x2]P[0x15]MV=nj[0x84]\[0xf2][0x84]d[0x94][0xe6][0xa5][0xa4][0x16]%e[0x16][0xa5][0x90][0x97][0xdd]M[0x8d][0x91][0x8d][0xb]([0xcd]./MI[0xcf]L%[0xd3]0[0x94][0x9a]4([0xb1],5/9'[0xb1][0x9c]L[0xc3]PR8[0x85][0xa5][0x9a])J[0xe5][0xe1]Q[0x9a][0x96][0x96][0x93]ZP[0x9a][0x96]F[0xa6][0xd3]P[\n]"
14:58:52.475 [main] DEBUG org.apache.http.wire -  << "[0xdc][0x1]n[0xd8][0x99][0xe][0xa6][0xcc]g[0x86][0x92][0xf9](N[0x9d]f([0xd9][0x87][0xc2][0xd4]i[0x86][0x92]s(M[0x3]f([0x19][0x87]r[0x9f][0xa2]d[0x9d][0xf0][0xc4][0xdc][0x82][0xd2]b[0xf2][0x12][0xa7][0x19]J[0xbe]q/[0xaa]LK[0xcb][0xcc]K[0xc9]'[0xb3][0xdb]`[0x86][0xd2][0x4]$+[0x6]bk[0xb9][0x0][0x0][0x0][0x0][0xff][0xff]"
14:58:52.476 [main] DEBUG org.apache.http.wire -  << "[\r][\n]"
14:58:52.477 [main] DEBUG org.apache.http.wire -  << "A[\r][\n]"
14:58:52.477 [main] DEBUG org.apache.http.wire -  << "[0x3][0x0][0xb6][0xb6]U[0x9e][0x1c][\r][0x0][0x0]"
14:58:52.477 [main] DEBUG org.apache.http.wire -  << "[\r][\n]"
14:58:52.477 [main] DEBUG org.apache.http.wire -  << "0[\r][\n]"
14:58:52.477 [main] DEBUG org.apache.http.wire -  << "[\r][\n]"
14:58:52.477 [main] DEBUG io.restassured.internal.RestAssuredHttpBuilder - Parsed data to instance of: class org.apache.http.conn.EofSensorInputStream
14:58:52.480 [main] DEBUG org.apache.http.impl.conn.BasicClientConnectionManager - Releasing connection org.apache.http.impl.conn.ManagedClientConnectionImpl@2a22e7e2
14:58:52.480 [main] DEBUG org.apache.http.impl.conn.BasicClientConnectionManager - Connection can be kept alive indefinitely
14:58:52.486 [main] DEBUG net.thucydides.core.steps.StepInterceptor - STEP DONE: I send GET HTTP request comment
  &amp#27;[32mWhen &amp#27;[0m&amp#27;[32mI send GET HTTP request comment&amp#27;[0m                &amp#27;[90m# starter.stepdefinitions.CommentSteps.sendGetHttpRequestComment()&amp#27;[0m
14:58:52.497 [main] DEBUG net.thucydides.core.steps.StepInterceptor - STARTING STEP: CommentSteps.receiveValidHttp200Rating - I receive valid HTTP response code 200 comment
14:58:52.498 [main] DEBUG net.thucydides.core.steps.StepInterceptor - STEP DONE: I receive valid HTTP response code 200 comment
  &amp#27;[32mThen &amp#27;[0m&amp#27;[32mI receive valid HTTP response code 200 comment&amp#27;[0m &amp#27;[90m# starter.stepdefinitions.CommentSteps.receiveValidHttp200Rating()&amp#27;[0m
14:58:52.507 [main] INFO  - 
  _____   ___   ___   _____     ___     _     ___   ___   ___   ___  
 |_   _| | __| / __| |_   _|   | _ \   /_\   / __| / __| | __| |   \ 
   | |   | _|  \__ \   | |     |  _/  / _ \  \__ \ \__ \ | _|  | |) |
   |_|   |___| |___/   |_|     |_|   /_/ \_\ |___/ |___/ |___| |___/ 

GET - Get comment with correct endpoints
----------------------------------------------------------------------
]]></system-out>
  </testcase>
  <testcase name="Get comment with incorrect endpoints" classname="Comment" time="0.407">
    <system-out><![CDATA[
Scenario: Get comment with incorrect endpoints        &amp#27;[90m# src/test/resources/features/8. Comment.feature:17&amp#27;[0m
14:58:52.529 [main] DEBUG io.cucumber.core.plugin.SerenityReporter - Running feature from file:///C:/Users/user/Documents/GitHub/QE_Loyalty-Point/API_CICD_Minpro/src/test/resources/features/8.%20Comment.feature
14:58:52.534 [main] INFO  - 
  _____   ___   ___   _____     ___   _____     _     ___   _____   ___   ___  
 |_   _| | __| / __| |_   _|   / __| |_   _|   /_\   | _ \ |_   _| | __| |   \ 
   | |   | _|  \__ \   | |     \__ \   | |    / _ \  |   /   | |   | _|  | |) |
   |_|   |___| |___/   |_|     |___/   |_|   /_/ \_\ |_|_\   |_|   |___| |___/ 

Get comment with incorrect endpoints(comment;get-comment-with-incorrect-endpoints)
--------------------------------------------------------------------------------
14:58:52.580 [main] DEBUG net.thucydides.core.steps.StepInterceptor - STARTING STEP: CommentSteps.setGetApiEndpointComment2 - I set GET api endpoints comment2
14:58:52.581 [main] DEBUG net.thucydides.core.steps.StepInterceptor - STEP DONE: I set GET api endpoints comment2
  &amp#27;[32mGiven &amp#27;[0m&amp#27;[32mI set GET api endpoints comment2&amp#27;[0m              &amp#27;[90m# starter.stepdefinitions.CommentSteps.setGetApiEndpointComment2()&amp#27;[0m
14:58:52.593 [main] DEBUG net.thucydides.core.steps.StepInterceptor - STARTING STEP: CommentSteps.sendGetHttpRequestComment2 - I send GET HTTP request comment2
14:58:52.629 [main] DEBUG net.thucydides.core.steps.StepInterceptor - STARTING STEP: Comment.sendGetHttpRequestComment2 - I set GET api endpoints comment2
14:58:52.630 [main] DEBUG net.thucydides.core.steps.StepInterceptor - STEP DONE: I set GET api endpoints comment2
14:58:52.694 [main] DEBUG org.apache.http.impl.conn.BasicClientConnectionManager - Get connection for route {s}->https://altashop-api.fly.dev:443
14:58:52.694 [main] DEBUG org.apache.http.impl.conn.DefaultClientConnectionOperator - Connecting to altashop-api.fly.dev:443
14:58:52.812 [main] DEBUG org.apache.http.client.protocol.RequestAddCookies - CookieSpec selected: ignoreCookies
14:58:52.812 [main] DEBUG org.apache.http.client.protocol.RequestAuthCache - Auth cache not set in the context
14:58:52.812 [main] DEBUG org.apache.http.client.protocol.RequestTargetAuthentication - Target auth state: UNCHALLENGED
14:58:52.812 [main] DEBUG org.apache.http.client.protocol.RequestProxyAuthentication - Proxy auth state: UNCHALLENGED
14:58:52.812 [main] DEBUG org.apache.http.impl.client.DefaultHttpClient - Attempt 1 to execute request
14:58:52.812 [main] DEBUG org.apache.http.impl.conn.DefaultClientConnection - Sending request: GET /api/products/2/comment HTTP/1.1
14:58:52.812 [main] DEBUG org.apache.http.wire -  >> "GET /api/products/2/comment HTTP/1.1[\r][\n]"
14:58:52.813 [main] DEBUG org.apache.http.wire -  >> "Accept: */*[\r][\n]"
14:58:52.813 [main] DEBUG org.apache.http.wire -  >> "Host: altashop-api.fly.dev[\r][\n]"
14:58:52.813 [main] DEBUG org.apache.http.wire -  >> "Connection: Keep-Alive[\r][\n]"
14:58:52.813 [main] DEBUG org.apache.http.wire -  >> "User-Agent: Apache-HttpClient/4.5.13 (Java/17.0.6)[\r][\n]"
14:58:52.813 [main] DEBUG org.apache.http.wire -  >> "Accept-Encoding: gzip,deflate[\r][\n]"
14:58:52.813 [main] DEBUG org.apache.http.wire -  >> "[\r][\n]"
14:58:52.813 [main] DEBUG org.apache.http.headers - >> GET /api/products/2/comment HTTP/1.1
14:58:52.813 [main] DEBUG org.apache.http.headers - >> Accept: */*
14:58:52.813 [main] DEBUG org.apache.http.headers - >> Host: altashop-api.fly.dev
14:58:52.813 [main] DEBUG org.apache.http.headers - >> Connection: Keep-Alive
14:58:52.813 [main] DEBUG org.apache.http.headers - >> User-Agent: Apache-HttpClient/4.5.13 (Java/17.0.6)
14:58:52.813 [main] DEBUG org.apache.http.headers - >> Accept-Encoding: gzip,deflate
14:58:52.850 [main] DEBUG org.apache.http.wire -  << "HTTP/1.1 404 Not Found[\r][\n]"
14:58:52.850 [main] DEBUG org.apache.http.wire -  << "date: Mon, 29 May 2023 07:58:41 GMT[\r][\n]"
14:58:52.850 [main] DEBUG org.apache.http.wire -  << "content-encoding: gzip[\r][\n]"
14:58:52.850 [main] DEBUG org.apache.http.wire -  << "content-type: text/plain; charset=utf-8[\r][\n]"
14:58:52.850 [main] DEBUG org.apache.http.wire -  << "transfer-encoding: chunked[\r][\n]"
14:58:52.850 [main] DEBUG org.apache.http.wire -  << "server: Fly/fe06e9419 (2023-05-24)[\r][\n]"
14:58:52.850 [main] DEBUG org.apache.http.wire -  << "via: 1.1 fly.io[\r][\n]"
14:58:52.850 [main] DEBUG org.apache.http.wire -  << "fly-request-id: 01H1K88ERJRY7AP8BZ6KJPZJGH-sin[\r][\n]"
14:58:52.850 [main] DEBUG org.apache.http.wire -  << "[\r][\n]"
14:58:52.850 [main] DEBUG org.apache.http.impl.conn.DefaultClientConnection - Receiving response: HTTP/1.1 404 Not Found
14:58:52.850 [main] DEBUG org.apache.http.headers - << HTTP/1.1 404 Not Found
14:58:52.851 [main] DEBUG org.apache.http.headers - << date: Mon, 29 May 2023 07:58:41 GMT
14:58:52.851 [main] DEBUG org.apache.http.headers - << content-encoding: gzip
14:58:52.851 [main] DEBUG org.apache.http.headers - << content-type: text/plain; charset=utf-8
14:58:52.851 [main] DEBUG org.apache.http.headers - << transfer-encoding: chunked
14:58:52.851 [main] DEBUG org.apache.http.headers - << server: Fly/fe06e9419 (2023-05-24)
14:58:52.851 [main] DEBUG org.apache.http.headers - << via: 1.1 fly.io
14:58:52.851 [main] DEBUG org.apache.http.headers - << fly-request-id: 01H1K88ERJRY7AP8BZ6KJPZJGH-sin
14:58:52.851 [main] DEBUG org.apache.http.impl.client.DefaultHttpClient - Connection can be kept alive indefinitely
14:58:52.851 [main] DEBUG io.restassured.internal.RestAssuredHttpBuilder - Parsing response as: text/plain; charset=utf-8
14:58:52.851 [main] DEBUG org.apache.http.wire -  << "1E[\r][\n]"
14:58:52.851 [main] DEBUG org.apache.http.wire -  << "[0x1f][0x8b][0x8][0x0][0x0][0x0][0x0][0x0][0x4][0xff][0xcb][0xcb]/QH[0xcb]/[0xcd]K[0xe1][0x2][0x0][0xd4]I[0xfa]r[\n]"
14:58:52.851 [main] DEBUG org.apache.http.wire -  << "[0x0][0x0][0x0]"
14:58:52.851 [main] DEBUG org.apache.http.wire -  << "[\r][\n]"
14:58:52.856 [main] DEBUG org.apache.http.wire -  << "0[\r][\n]"
14:58:52.861 [main] DEBUG org.apache.http.wire -  << "[\r][\n]"
14:58:52.861 [main] DEBUG io.restassured.internal.RestAssuredHttpBuilder - Parsed data to instance of: class org.apache.http.conn.EofSensorInputStream
14:58:52.870 [main] DEBUG org.apache.http.impl.conn.BasicClientConnectionManager - Releasing connection org.apache.http.impl.conn.ManagedClientConnectionImpl@13563e64
14:58:52.870 [main] DEBUG org.apache.http.impl.conn.BasicClientConnectionManager - Connection can be kept alive indefinitely
14:58:52.871 [main] DEBUG net.thucydides.core.steps.StepInterceptor - STEP DONE: I send GET HTTP request comment2
  &amp#27;[32mWhen &amp#27;[0m&amp#27;[32mI send GET HTTP request comment2&amp#27;[0m               &amp#27;[90m# starter.stepdefinitions.CommentSteps.sendGetHttpRequestComment2()&amp#27;[0m
14:58:52.896 [main] DEBUG net.thucydides.core.steps.StepInterceptor - STARTING STEP: CommentSteps.receiveValidHttp404Rating - Then I receive valid HTTP response code 404 comment
14:58:52.909 [main] DEBUG net.thucydides.core.steps.StepInterceptor - STEP DONE: Then I receive valid HTTP response code 404 comment
  &amp#27;[32mThen &amp#27;[0m&amp#27;[32mI receive valid HTTP response code 404 comment&amp#27;[0m &amp#27;[90m# starter.stepdefinitions.CommentSteps.receiveValidHttp404Rating()&amp#27;[0m
14:58:52.916 [main] INFO  - 
  _____   ___   ___   _____     ___     _     ___   ___   ___   ___  
 |_   _| | __| / __| |_   _|   | _ \   /_\   / __| / __| | __| |   \ 
   | |   | _|  \__ \   | |     |  _/  / _ \  \__ \ \__ \ | _|  | |) |
   |_|   |___| |___/   |_|     |_|   /_/ \_\ |___/ |___/ |___| |___/ 

Get comment with incorrect endpoints
----------------------------------------------------------------------
]]></system-out>
  </testcase>
</testsuite>